[2026-05-13T09:28:28.344+0000] {processor.py:161} INFO - Started process (PID=97) to work on /home/airflow/.local/lib/python3.12/site-packages/airflow/example_dags/example_bash_operator.py
[2026-05-13T09:28:28.344+0000] {processor.py:830} INFO - Processing file /home/airflow/.local/lib/python3.12/site-packages/airflow/example_dags/example_bash_operator.py for tasks to queue
[2026-05-13T09:28:28.346+0000] {logging_mixin.py:188} INFO - [2026-05-13T09:28:28.345+0000] {dagbag.py:545} INFO - Filling up the DagBag from /home/airflow/.local/lib/python3.12/site-packages/airflow/example_dags/example_bash_operator.py
[2026-05-13T09:28:28.354+0000] {processor.py:840} INFO - DAG(s) 'example_bash_operator' retrieved from /home/airflow/.local/lib/python3.12/site-packages/airflow/example_dags/example_bash_operator.py
[2026-05-13T09:28:28.376+0000] {logging_mixin.py:188} INFO - [2026-05-13T09:28:28.376+0000] {dag.py:3089} INFO - Sync 1 DAGs
[2026-05-13T09:28:28.397+0000] {logging_mixin.py:188} INFO - [2026-05-13T09:28:28.397+0000] {dag.py:3947} INFO - Setting next_dagrun for example_bash_operator to 2026-05-12 00:00:00+00:00, run_after=2026-05-13 00:00:00+00:00
[2026-05-13T09:28:28.412+0000] {processor.py:183} INFO - Processing /home/airflow/.local/lib/python3.12/site-packages/airflow/example_dags/example_bash_operator.py took 0.073 seconds
[2026-05-13T09:28:58.563+0000] {processor.py:161} INFO - Started process (PID=155) to work on /home/airflow/.local/lib/python3.12/site-packages/airflow/example_dags/example_bash_operator.py
[2026-05-13T09:28:58.564+0000] {processor.py:830} INFO - Processing file /home/airflow/.local/lib/python3.12/site-packages/airflow/example_dags/example_bash_operator.py for tasks to queue
[2026-05-13T09:28:58.565+0000] {logging_mixin.py:188} INFO - [2026-05-13T09:28:58.565+0000] {dagbag.py:545} INFO - Filling up the DagBag from /home/airflow/.local/lib/python3.12/site-packages/airflow/example_dags/example_bash_operator.py
[2026-05-13T09:28:58.575+0000] {processor.py:840} INFO - DAG(s) 'example_bash_operator' retrieved from /home/airflow/.local/lib/python3.12/site-packages/airflow/example_dags/example_bash_operator.py
[2026-05-13T09:28:58.599+0000] {logging_mixin.py:188} INFO - [2026-05-13T09:28:58.599+0000] {dag.py:3089} INFO - Sync 1 DAGs
[2026-05-13T09:28:58.622+0000] {logging_mixin.py:188} INFO - [2026-05-13T09:28:58.622+0000] {dag.py:3947} INFO - Setting next_dagrun for example_bash_operator to 2026-05-12 00:00:00+00:00, run_after=2026-05-13 00:00:00+00:00
[2026-05-13T09:28:58.641+0000] {processor.py:183} INFO - Processing /home/airflow/.local/lib/python3.12/site-packages/airflow/example_dags/example_bash_operator.py took 0.084 seconds
[2026-05-13T09:29:29.171+0000] {processor.py:161} INFO - Started process (PID=214) to work on /home/airflow/.local/lib/python3.12/site-packages/airflow/example_dags/example_bash_operator.py
[2026-05-13T09:29:29.172+0000] {processor.py:830} INFO - Processing file /home/airflow/.local/lib/python3.12/site-packages/airflow/example_dags/example_bash_operator.py for tasks to queue
[2026-05-13T09:29:29.174+0000] {logging_mixin.py:188} INFO - [2026-05-13T09:29:29.174+0000] {dagbag.py:545} INFO - Filling up the DagBag from /home/airflow/.local/lib/python3.12/site-packages/airflow/example_dags/example_bash_operator.py
[2026-05-13T09:29:29.186+0000] {processor.py:840} INFO - DAG(s) 'example_bash_operator' retrieved from /home/airflow/.local/lib/python3.12/site-packages/airflow/example_dags/example_bash_operator.py
[2026-05-13T09:29:29.214+0000] {logging_mixin.py:188} INFO - [2026-05-13T09:29:29.213+0000] {dag.py:3089} INFO - Sync 1 DAGs
[2026-05-13T09:29:29.234+0000] {logging_mixin.py:188} INFO - [2026-05-13T09:29:29.234+0000] {dag.py:3947} INFO - Setting next_dagrun for example_bash_operator to 2026-05-12 00:00:00+00:00, run_after=2026-05-13 00:00:00+00:00
[2026-05-13T09:29:29.251+0000] {processor.py:183} INFO - Processing /home/airflow/.local/lib/python3.12/site-packages/airflow/example_dags/example_bash_operator.py took 0.086 seconds
[2026-05-13T09:29:59.410+0000] {processor.py:161} INFO - Started process (PID=272) to work on /home/airflow/.local/lib/python3.12/site-packages/airflow/example_dags/example_bash_operator.py
[2026-05-13T09:29:59.411+0000] {processor.py:830} INFO - Processing file /home/airflow/.local/lib/python3.12/site-packages/airflow/example_dags/example_bash_operator.py for tasks to queue
[2026-05-13T09:29:59.413+0000] {logging_mixin.py:188} INFO - [2026-05-13T09:29:59.412+0000] {dagbag.py:545} INFO - Filling up the DagBag from /home/airflow/.local/lib/python3.12/site-packages/airflow/example_dags/example_bash_operator.py
[2026-05-13T09:29:59.422+0000] {processor.py:840} INFO - DAG(s) 'example_bash_operator' retrieved from /home/airflow/.local/lib/python3.12/site-packages/airflow/example_dags/example_bash_operator.py
[2026-05-13T09:29:59.446+0000] {logging_mixin.py:188} INFO - [2026-05-13T09:29:59.446+0000] {dag.py:3089} INFO - Sync 1 DAGs
[2026-05-13T09:29:59.466+0000] {logging_mixin.py:188} INFO - [2026-05-13T09:29:59.466+0000] {dag.py:3947} INFO - Setting next_dagrun for example_bash_operator to 2026-05-12 00:00:00+00:00, run_after=2026-05-13 00:00:00+00:00
[2026-05-13T09:29:59.481+0000] {processor.py:183} INFO - Processing /home/airflow/.local/lib/python3.12/site-packages/airflow/example_dags/example_bash_operator.py took 0.077 seconds
[2026-05-13T09:30:29.737+0000] {processor.py:161} INFO - Started process (PID=330) to work on /home/airflow/.local/lib/python3.12/site-packages/airflow/example_dags/example_bash_operator.py
[2026-05-13T09:30:29.738+0000] {processor.py:830} INFO - Processing file /home/airflow/.local/lib/python3.12/site-packages/airflow/example_dags/example_bash_operator.py for tasks to queue
[2026-05-13T09:30:29.739+0000] {logging_mixin.py:188} INFO - [2026-05-13T09:30:29.739+0000] {dagbag.py:545} INFO - Filling up the DagBag from /home/airflow/.local/lib/python3.12/site-packages/airflow/example_dags/example_bash_operator.py
[2026-05-13T09:30:29.748+0000] {processor.py:840} INFO - DAG(s) 'example_bash_operator' retrieved from /home/airflow/.local/lib/python3.12/site-packages/airflow/example_dags/example_bash_operator.py
[2026-05-13T09:30:29.770+0000] {logging_mixin.py:188} INFO - [2026-05-13T09:30:29.770+0000] {dag.py:3089} INFO - Sync 1 DAGs
[2026-05-13T09:30:29.789+0000] {logging_mixin.py:188} INFO - [2026-05-13T09:30:29.788+0000] {dag.py:3947} INFO - Setting next_dagrun for example_bash_operator to 2026-05-12 00:00:00+00:00, run_after=2026-05-13 00:00:00+00:00
[2026-05-13T09:30:29.803+0000] {processor.py:183} INFO - Processing /home/airflow/.local/lib/python3.12/site-packages/airflow/example_dags/example_bash_operator.py took 0.071 seconds
[2026-05-13T09:31:00.152+0000] {processor.py:161} INFO - Started process (PID=388) to work on /home/airflow/.local/lib/python3.12/site-packages/airflow/example_dags/example_bash_operator.py
[2026-05-13T09:31:00.153+0000] {processor.py:830} INFO - Processing file /home/airflow/.local/lib/python3.12/site-packages/airflow/example_dags/example_bash_operator.py for tasks to queue
[2026-05-13T09:31:00.154+0000] {logging_mixin.py:188} INFO - [2026-05-13T09:31:00.154+0000] {dagbag.py:545} INFO - Filling up the DagBag from /home/airflow/.local/lib/python3.12/site-packages/airflow/example_dags/example_bash_operator.py
[2026-05-13T09:31:00.163+0000] {processor.py:840} INFO - DAG(s) 'example_bash_operator' retrieved from /home/airflow/.local/lib/python3.12/site-packages/airflow/example_dags/example_bash_operator.py
[2026-05-13T09:31:00.185+0000] {logging_mixin.py:188} INFO - [2026-05-13T09:31:00.185+0000] {dag.py:3089} INFO - Sync 1 DAGs
[2026-05-13T09:31:00.204+0000] {logging_mixin.py:188} INFO - [2026-05-13T09:31:00.204+0000] {dag.py:3947} INFO - Setting next_dagrun for example_bash_operator to 2026-05-12 00:00:00+00:00, run_after=2026-05-13 00:00:00+00:00
[2026-05-13T09:31:00.219+0000] {processor.py:183} INFO - Processing /home/airflow/.local/lib/python3.12/site-packages/airflow/example_dags/example_bash_operator.py took 0.072 seconds
[2026-05-13T09:31:30.864+0000] {processor.py:161} INFO - Started process (PID=445) to work on /home/airflow/.local/lib/python3.12/site-packages/airflow/example_dags/example_bash_operator.py
[2026-05-13T09:31:30.870+0000] {processor.py:830} INFO - Processing file /home/airflow/.local/lib/python3.12/site-packages/airflow/example_dags/example_bash_operator.py for tasks to queue
[2026-05-13T09:31:30.871+0000] {logging_mixin.py:188} INFO - [2026-05-13T09:31:30.871+0000] {dagbag.py:545} INFO - Filling up the DagBag from /home/airflow/.local/lib/python3.12/site-packages/airflow/example_dags/example_bash_operator.py
[2026-05-13T09:31:30.881+0000] {processor.py:840} INFO - DAG(s) 'example_bash_operator' retrieved from /home/airflow/.local/lib/python3.12/site-packages/airflow/example_dags/example_bash_operator.py
[2026-05-13T09:31:30.905+0000] {logging_mixin.py:188} INFO - [2026-05-13T09:31:30.904+0000] {dag.py:3089} INFO - Sync 1 DAGs
[2026-05-13T09:31:30.925+0000] {logging_mixin.py:188} INFO - [2026-05-13T09:31:30.925+0000] {dag.py:3947} INFO - Setting next_dagrun for example_bash_operator to 2026-05-12 00:00:00+00:00, run_after=2026-05-13 00:00:00+00:00
[2026-05-13T09:31:30.943+0000] {processor.py:183} INFO - Processing /home/airflow/.local/lib/python3.12/site-packages/airflow/example_dags/example_bash_operator.py took 0.084 seconds
[2026-05-13T09:32:01.695+0000] {processor.py:161} INFO - Started process (PID=503) to work on /home/airflow/.local/lib/python3.12/site-packages/airflow/example_dags/example_bash_operator.py
[2026-05-13T09:32:01.695+0000] {processor.py:830} INFO - Processing file /home/airflow/.local/lib/python3.12/site-packages/airflow/example_dags/example_bash_operator.py for tasks to queue
[2026-05-13T09:32:01.697+0000] {logging_mixin.py:188} INFO - [2026-05-13T09:32:01.696+0000] {dagbag.py:545} INFO - Filling up the DagBag from /home/airflow/.local/lib/python3.12/site-packages/airflow/example_dags/example_bash_operator.py
[2026-05-13T09:32:01.706+0000] {processor.py:840} INFO - DAG(s) 'example_bash_operator' retrieved from /home/airflow/.local/lib/python3.12/site-packages/airflow/example_dags/example_bash_operator.py
[2026-05-13T09:32:01.728+0000] {logging_mixin.py:188} INFO - [2026-05-13T09:32:01.728+0000] {dag.py:3089} INFO - Sync 1 DAGs
[2026-05-13T09:32:01.747+0000] {logging_mixin.py:188} INFO - [2026-05-13T09:32:01.747+0000] {dag.py:3947} INFO - Setting next_dagrun for example_bash_operator to 2026-05-12 00:00:00+00:00, run_after=2026-05-13 00:00:00+00:00
[2026-05-13T09:32:01.763+0000] {processor.py:183} INFO - Processing /home/airflow/.local/lib/python3.12/site-packages/airflow/example_dags/example_bash_operator.py took 0.073 seconds
[2026-05-13T09:32:32.093+0000] {processor.py:161} INFO - Started process (PID=561) to work on /home/airflow/.local/lib/python3.12/site-packages/airflow/example_dags/example_bash_operator.py
[2026-05-13T09:32:32.094+0000] {processor.py:830} INFO - Processing file /home/airflow/.local/lib/python3.12/site-packages/airflow/example_dags/example_bash_operator.py for tasks to queue
[2026-05-13T09:32:32.095+0000] {logging_mixin.py:188} INFO - [2026-05-13T09:32:32.095+0000] {dagbag.py:545} INFO - Filling up the DagBag from /home/airflow/.local/lib/python3.12/site-packages/airflow/example_dags/example_bash_operator.py
[2026-05-13T09:32:32.104+0000] {processor.py:840} INFO - DAG(s) 'example_bash_operator' retrieved from /home/airflow/.local/lib/python3.12/site-packages/airflow/example_dags/example_bash_operator.py
[2026-05-13T09:32:32.126+0000] {logging_mixin.py:188} INFO - [2026-05-13T09:32:32.126+0000] {dag.py:3089} INFO - Sync 1 DAGs
[2026-05-13T09:32:32.145+0000] {logging_mixin.py:188} INFO - [2026-05-13T09:32:32.144+0000] {dag.py:3947} INFO - Setting next_dagrun for example_bash_operator to 2026-05-12 00:00:00+00:00, run_after=2026-05-13 00:00:00+00:00
[2026-05-13T09:32:32.160+0000] {processor.py:183} INFO - Processing /home/airflow/.local/lib/python3.12/site-packages/airflow/example_dags/example_bash_operator.py took 0.071 seconds
[2026-05-13T09:33:02.532+0000] {processor.py:161} INFO - Started process (PID=619) to work on /home/airflow/.local/lib/python3.12/site-packages/airflow/example_dags/example_bash_operator.py
[2026-05-13T09:33:02.533+0000] {processor.py:830} INFO - Processing file /home/airflow/.local/lib/python3.12/site-packages/airflow/example_dags/example_bash_operator.py for tasks to queue
[2026-05-13T09:33:02.534+0000] {logging_mixin.py:188} INFO - [2026-05-13T09:33:02.534+0000] {dagbag.py:545} INFO - Filling up the DagBag from /home/airflow/.local/lib/python3.12/site-packages/airflow/example_dags/example_bash_operator.py
[2026-05-13T09:33:02.542+0000] {processor.py:840} INFO - DAG(s) 'example_bash_operator' retrieved from /home/airflow/.local/lib/python3.12/site-packages/airflow/example_dags/example_bash_operator.py
[2026-05-13T09:33:02.564+0000] {logging_mixin.py:188} INFO - [2026-05-13T09:33:02.564+0000] {dag.py:3089} INFO - Sync 1 DAGs
[2026-05-13T09:33:02.582+0000] {logging_mixin.py:188} INFO - [2026-05-13T09:33:02.582+0000] {dag.py:3947} INFO - Setting next_dagrun for example_bash_operator to 2026-05-12 00:00:00+00:00, run_after=2026-05-13 00:00:00+00:00
[2026-05-13T09:33:02.596+0000] {processor.py:183} INFO - Processing /home/airflow/.local/lib/python3.12/site-packages/airflow/example_dags/example_bash_operator.py took 0.069 seconds
[2026-05-13T09:33:33.389+0000] {processor.py:161} INFO - Started process (PID=677) to work on /home/airflow/.local/lib/python3.12/site-packages/airflow/example_dags/example_bash_operator.py
[2026-05-13T09:33:33.390+0000] {processor.py:830} INFO - Processing file /home/airflow/.local/lib/python3.12/site-packages/airflow/example_dags/example_bash_operator.py for tasks to queue
[2026-05-13T09:33:33.391+0000] {logging_mixin.py:188} INFO - [2026-05-13T09:33:33.391+0000] {dagbag.py:545} INFO - Filling up the DagBag from /home/airflow/.local/lib/python3.12/site-packages/airflow/example_dags/example_bash_operator.py
[2026-05-13T09:33:33.400+0000] {processor.py:840} INFO - DAG(s) 'example_bash_operator' retrieved from /home/airflow/.local/lib/python3.12/site-packages/airflow/example_dags/example_bash_operator.py
[2026-05-13T09:33:33.422+0000] {logging_mixin.py:188} INFO - [2026-05-13T09:33:33.422+0000] {dag.py:3089} INFO - Sync 1 DAGs
[2026-05-13T09:33:33.440+0000] {logging_mixin.py:188} INFO - [2026-05-13T09:33:33.440+0000] {dag.py:3947} INFO - Setting next_dagrun for example_bash_operator to 2026-05-12 00:00:00+00:00, run_after=2026-05-13 00:00:00+00:00
[2026-05-13T09:33:33.454+0000] {processor.py:183} INFO - Processing /home/airflow/.local/lib/python3.12/site-packages/airflow/example_dags/example_bash_operator.py took 0.069 seconds
[2026-05-13T09:34:03.679+0000] {processor.py:161} INFO - Started process (PID=735) to work on /home/airflow/.local/lib/python3.12/site-packages/airflow/example_dags/example_bash_operator.py
[2026-05-13T09:34:03.679+0000] {processor.py:830} INFO - Processing file /home/airflow/.local/lib/python3.12/site-packages/airflow/example_dags/example_bash_operator.py for tasks to queue
[2026-05-13T09:34:03.680+0000] {logging_mixin.py:188} INFO - [2026-05-13T09:34:03.680+0000] {dagbag.py:545} INFO - Filling up the DagBag from /home/airflow/.local/lib/python3.12/site-packages/airflow/example_dags/example_bash_operator.py
[2026-05-13T09:34:03.690+0000] {processor.py:840} INFO - DAG(s) 'example_bash_operator' retrieved from /home/airflow/.local/lib/python3.12/site-packages/airflow/example_dags/example_bash_operator.py
[2026-05-13T09:34:03.713+0000] {logging_mixin.py:188} INFO - [2026-05-13T09:34:03.713+0000] {dag.py:3089} INFO - Sync 1 DAGs
[2026-05-13T09:34:03.734+0000] {logging_mixin.py:188} INFO - [2026-05-13T09:34:03.734+0000] {dag.py:3947} INFO - Setting next_dagrun for example_bash_operator to 2026-05-12 00:00:00+00:00, run_after=2026-05-13 00:00:00+00:00
[2026-05-13T09:34:03.749+0000] {processor.py:183} INFO - Processing /home/airflow/.local/lib/python3.12/site-packages/airflow/example_dags/example_bash_operator.py took 0.075 seconds
[2026-05-13T09:34:33.923+0000] {processor.py:161} INFO - Started process (PID=792) to work on /home/airflow/.local/lib/python3.12/site-packages/airflow/example_dags/example_bash_operator.py
[2026-05-13T09:34:33.924+0000] {processor.py:830} INFO - Processing file /home/airflow/.local/lib/python3.12/site-packages/airflow/example_dags/example_bash_operator.py for tasks to queue
[2026-05-13T09:34:33.925+0000] {logging_mixin.py:188} INFO - [2026-05-13T09:34:33.925+0000] {dagbag.py:545} INFO - Filling up the DagBag from /home/airflow/.local/lib/python3.12/site-packages/airflow/example_dags/example_bash_operator.py
[2026-05-13T09:34:33.934+0000] {processor.py:840} INFO - DAG(s) 'example_bash_operator' retrieved from /home/airflow/.local/lib/python3.12/site-packages/airflow/example_dags/example_bash_operator.py
[2026-05-13T09:34:33.957+0000] {logging_mixin.py:188} INFO - [2026-05-13T09:34:33.956+0000] {dag.py:3089} INFO - Sync 1 DAGs
[2026-05-13T09:34:33.976+0000] {logging_mixin.py:188} INFO - [2026-05-13T09:34:33.976+0000] {dag.py:3947} INFO - Setting next_dagrun for example_bash_operator to 2026-05-12 00:00:00+00:00, run_after=2026-05-13 00:00:00+00:00
[2026-05-13T09:34:33.991+0000] {processor.py:183} INFO - Processing /home/airflow/.local/lib/python3.12/site-packages/airflow/example_dags/example_bash_operator.py took 0.072 seconds
[2026-05-13T09:35:04.378+0000] {processor.py:161} INFO - Started process (PID=849) to work on /home/airflow/.local/lib/python3.12/site-packages/airflow/example_dags/example_bash_operator.py
[2026-05-13T09:35:04.378+0000] {processor.py:830} INFO - Processing file /home/airflow/.local/lib/python3.12/site-packages/airflow/example_dags/example_bash_operator.py for tasks to queue
[2026-05-13T09:35:04.379+0000] {logging_mixin.py:188} INFO - [2026-05-13T09:35:04.379+0000] {dagbag.py:545} INFO - Filling up the DagBag from /home/airflow/.local/lib/python3.12/site-packages/airflow/example_dags/example_bash_operator.py
[2026-05-13T09:35:04.388+0000] {processor.py:840} INFO - DAG(s) 'example_bash_operator' retrieved from /home/airflow/.local/lib/python3.12/site-packages/airflow/example_dags/example_bash_operator.py
[2026-05-13T09:35:04.411+0000] {logging_mixin.py:188} INFO - [2026-05-13T09:35:04.411+0000] {dag.py:3089} INFO - Sync 1 DAGs
[2026-05-13T09:35:04.432+0000] {logging_mixin.py:188} INFO - [2026-05-13T09:35:04.432+0000] {dag.py:3947} INFO - Setting next_dagrun for example_bash_operator to 2026-05-12 00:00:00+00:00, run_after=2026-05-13 00:00:00+00:00
[2026-05-13T09:35:04.448+0000] {processor.py:183} INFO - Processing /home/airflow/.local/lib/python3.12/site-packages/airflow/example_dags/example_bash_operator.py took 0.075 seconds
[2026-05-13T09:35:34.668+0000] {processor.py:161} INFO - Started process (PID=907) to work on /home/airflow/.local/lib/python3.12/site-packages/airflow/example_dags/example_bash_operator.py
[2026-05-13T09:35:34.669+0000] {processor.py:830} INFO - Processing file /home/airflow/.local/lib/python3.12/site-packages/airflow/example_dags/example_bash_operator.py for tasks to queue
[2026-05-13T09:35:34.670+0000] {logging_mixin.py:188} INFO - [2026-05-13T09:35:34.670+0000] {dagbag.py:545} INFO - Filling up the DagBag from /home/airflow/.local/lib/python3.12/site-packages/airflow/example_dags/example_bash_operator.py
[2026-05-13T09:35:34.679+0000] {processor.py:840} INFO - DAG(s) 'example_bash_operator' retrieved from /home/airflow/.local/lib/python3.12/site-packages/airflow/example_dags/example_bash_operator.py
[2026-05-13T09:35:34.701+0000] {logging_mixin.py:188} INFO - [2026-05-13T09:35:34.701+0000] {dag.py:3089} INFO - Sync 1 DAGs
[2026-05-13T09:35:34.719+0000] {logging_mixin.py:188} INFO - [2026-05-13T09:35:34.719+0000] {dag.py:3947} INFO - Setting next_dagrun for example_bash_operator to 2026-05-12 00:00:00+00:00, run_after=2026-05-13 00:00:00+00:00
[2026-05-13T09:35:34.735+0000] {processor.py:183} INFO - Processing /home/airflow/.local/lib/python3.12/site-packages/airflow/example_dags/example_bash_operator.py took 0.072 seconds
[2026-05-13T09:36:05.130+0000] {processor.py:161} INFO - Started process (PID=965) to work on /home/airflow/.local/lib/python3.12/site-packages/airflow/example_dags/example_bash_operator.py
[2026-05-13T09:36:05.131+0000] {processor.py:830} INFO - Processing file /home/airflow/.local/lib/python3.12/site-packages/airflow/example_dags/example_bash_operator.py for tasks to queue
[2026-05-13T09:36:05.132+0000] {logging_mixin.py:188} INFO - [2026-05-13T09:36:05.132+0000] {dagbag.py:545} INFO - Filling up the DagBag from /home/airflow/.local/lib/python3.12/site-packages/airflow/example_dags/example_bash_operator.py
[2026-05-13T09:36:05.143+0000] {processor.py:840} INFO - DAG(s) 'example_bash_operator' retrieved from /home/airflow/.local/lib/python3.12/site-packages/airflow/example_dags/example_bash_operator.py
[2026-05-13T09:36:05.169+0000] {logging_mixin.py:188} INFO - [2026-05-13T09:36:05.168+0000] {dag.py:3089} INFO - Sync 1 DAGs
[2026-05-13T09:36:05.190+0000] {logging_mixin.py:188} INFO - [2026-05-13T09:36:05.189+0000] {dag.py:3947} INFO - Setting next_dagrun for example_bash_operator to 2026-05-12 00:00:00+00:00, run_after=2026-05-13 00:00:00+00:00
[2026-05-13T09:36:05.209+0000] {processor.py:183} INFO - Processing /home/airflow/.local/lib/python3.12/site-packages/airflow/example_dags/example_bash_operator.py took 0.085 seconds
[2026-05-13T09:36:35.657+0000] {processor.py:161} INFO - Started process (PID=1023) to work on /home/airflow/.local/lib/python3.12/site-packages/airflow/example_dags/example_bash_operator.py
[2026-05-13T09:36:35.658+0000] {processor.py:830} INFO - Processing file /home/airflow/.local/lib/python3.12/site-packages/airflow/example_dags/example_bash_operator.py for tasks to queue
[2026-05-13T09:36:35.659+0000] {logging_mixin.py:188} INFO - [2026-05-13T09:36:35.659+0000] {dagbag.py:545} INFO - Filling up the DagBag from /home/airflow/.local/lib/python3.12/site-packages/airflow/example_dags/example_bash_operator.py
[2026-05-13T09:36:35.668+0000] {processor.py:840} INFO - DAG(s) 'example_bash_operator' retrieved from /home/airflow/.local/lib/python3.12/site-packages/airflow/example_dags/example_bash_operator.py
[2026-05-13T09:36:35.692+0000] {logging_mixin.py:188} INFO - [2026-05-13T09:36:35.692+0000] {dag.py:3089} INFO - Sync 1 DAGs
[2026-05-13T09:36:35.712+0000] {logging_mixin.py:188} INFO - [2026-05-13T09:36:35.712+0000] {dag.py:3947} INFO - Setting next_dagrun for example_bash_operator to 2026-05-12 00:00:00+00:00, run_after=2026-05-13 00:00:00+00:00
[2026-05-13T09:36:35.728+0000] {processor.py:183} INFO - Processing /home/airflow/.local/lib/python3.12/site-packages/airflow/example_dags/example_bash_operator.py took 0.076 seconds
[2026-05-13T09:37:06.130+0000] {processor.py:161} INFO - Started process (PID=1082) to work on /home/airflow/.local/lib/python3.12/site-packages/airflow/example_dags/example_bash_operator.py
[2026-05-13T09:37:06.130+0000] {processor.py:830} INFO - Processing file /home/airflow/.local/lib/python3.12/site-packages/airflow/example_dags/example_bash_operator.py for tasks to queue
[2026-05-13T09:37:06.131+0000] {logging_mixin.py:188} INFO - [2026-05-13T09:37:06.131+0000] {dagbag.py:545} INFO - Filling up the DagBag from /home/airflow/.local/lib/python3.12/site-packages/airflow/example_dags/example_bash_operator.py
[2026-05-13T09:37:06.140+0000] {processor.py:840} INFO - DAG(s) 'example_bash_operator' retrieved from /home/airflow/.local/lib/python3.12/site-packages/airflow/example_dags/example_bash_operator.py
[2026-05-13T09:37:06.162+0000] {logging_mixin.py:188} INFO - [2026-05-13T09:37:06.162+0000] {dag.py:3089} INFO - Sync 1 DAGs
[2026-05-13T09:37:06.181+0000] {logging_mixin.py:188} INFO - [2026-05-13T09:37:06.181+0000] {dag.py:3947} INFO - Setting next_dagrun for example_bash_operator to 2026-05-12 00:00:00+00:00, run_after=2026-05-13 00:00:00+00:00
[2026-05-13T09:37:06.196+0000] {processor.py:183} INFO - Processing /home/airflow/.local/lib/python3.12/site-packages/airflow/example_dags/example_bash_operator.py took 0.071 seconds
[2026-05-13T09:37:36.679+0000] {processor.py:161} INFO - Started process (PID=1142) to work on /home/airflow/.local/lib/python3.12/site-packages/airflow/example_dags/example_bash_operator.py
[2026-05-13T09:37:36.680+0000] {processor.py:830} INFO - Processing file /home/airflow/.local/lib/python3.12/site-packages/airflow/example_dags/example_bash_operator.py for tasks to queue
[2026-05-13T09:37:36.681+0000] {logging_mixin.py:188} INFO - [2026-05-13T09:37:36.681+0000] {dagbag.py:545} INFO - Filling up the DagBag from /home/airflow/.local/lib/python3.12/site-packages/airflow/example_dags/example_bash_operator.py
[2026-05-13T09:37:36.690+0000] {processor.py:840} INFO - DAG(s) 'example_bash_operator' retrieved from /home/airflow/.local/lib/python3.12/site-packages/airflow/example_dags/example_bash_operator.py
[2026-05-13T09:37:36.713+0000] {logging_mixin.py:188} INFO - [2026-05-13T09:37:36.713+0000] {dag.py:3089} INFO - Sync 1 DAGs
[2026-05-13T09:37:36.731+0000] {logging_mixin.py:188} INFO - [2026-05-13T09:37:36.731+0000] {dag.py:3947} INFO - Setting next_dagrun for example_bash_operator to 2026-05-12 00:00:00+00:00, run_after=2026-05-13 00:00:00+00:00
[2026-05-13T09:37:36.745+0000] {processor.py:183} INFO - Processing /home/airflow/.local/lib/python3.12/site-packages/airflow/example_dags/example_bash_operator.py took 0.070 seconds
[2026-05-13T09:38:07.130+0000] {processor.py:161} INFO - Started process (PID=1199) to work on /home/airflow/.local/lib/python3.12/site-packages/airflow/example_dags/example_bash_operator.py
[2026-05-13T09:38:07.131+0000] {processor.py:830} INFO - Processing file /home/airflow/.local/lib/python3.12/site-packages/airflow/example_dags/example_bash_operator.py for tasks to queue
[2026-05-13T09:38:07.132+0000] {logging_mixin.py:188} INFO - [2026-05-13T09:38:07.132+0000] {dagbag.py:545} INFO - Filling up the DagBag from /home/airflow/.local/lib/python3.12/site-packages/airflow/example_dags/example_bash_operator.py
[2026-05-13T09:38:07.141+0000] {processor.py:840} INFO - DAG(s) 'example_bash_operator' retrieved from /home/airflow/.local/lib/python3.12/site-packages/airflow/example_dags/example_bash_operator.py
[2026-05-13T09:38:07.164+0000] {logging_mixin.py:188} INFO - [2026-05-13T09:38:07.164+0000] {dag.py:3089} INFO - Sync 1 DAGs
[2026-05-13T09:38:07.183+0000] {logging_mixin.py:188} INFO - [2026-05-13T09:38:07.183+0000] {dag.py:3947} INFO - Setting next_dagrun for example_bash_operator to 2026-05-12 00:00:00+00:00, run_after=2026-05-13 00:00:00+00:00
[2026-05-13T09:38:07.201+0000] {processor.py:183} INFO - Processing /home/airflow/.local/lib/python3.12/site-packages/airflow/example_dags/example_bash_operator.py took 0.076 seconds
