[2026-05-13T09:28:24.547+0000] {processor.py:161} INFO - Started process (PID=55) to work on /home/airflow/.local/lib/python3.12/site-packages/airflow/example_dags/example_latest_only_with_trigger.py
[2026-05-13T09:28:24.547+0000] {processor.py:830} INFO - Processing file /home/airflow/.local/lib/python3.12/site-packages/airflow/example_dags/example_latest_only_with_trigger.py for tasks to queue
[2026-05-13T09:28:24.549+0000] {logging_mixin.py:188} INFO - [2026-05-13T09:28:24.548+0000] {dagbag.py:545} INFO - Filling up the DagBag from /home/airflow/.local/lib/python3.12/site-packages/airflow/example_dags/example_latest_only_with_trigger.py
[2026-05-13T09:28:24.556+0000] {processor.py:840} INFO - DAG(s) 'latest_only_with_trigger' retrieved from /home/airflow/.local/lib/python3.12/site-packages/airflow/example_dags/example_latest_only_with_trigger.py
[2026-05-13T09:28:24.581+0000] {logging_mixin.py:188} INFO - [2026-05-13T09:28:24.580+0000] {dag.py:3089} INFO - Sync 1 DAGs
[2026-05-13T09:28:24.601+0000] {logging_mixin.py:188} INFO - [2026-05-13T09:28:24.601+0000] {dag.py:3947} INFO - Setting next_dagrun for latest_only_with_trigger to 2026-05-13 04:00:00+00:00, run_after=2026-05-13 08:00:00+00:00
[2026-05-13T09:28:24.620+0000] {processor.py:183} INFO - Processing /home/airflow/.local/lib/python3.12/site-packages/airflow/example_dags/example_latest_only_with_trigger.py took 0.078 seconds
[2026-05-13T09:28:54.682+0000] {processor.py:161} INFO - Started process (PID=113) to work on /home/airflow/.local/lib/python3.12/site-packages/airflow/example_dags/example_latest_only_with_trigger.py
[2026-05-13T09:28:54.683+0000] {processor.py:830} INFO - Processing file /home/airflow/.local/lib/python3.12/site-packages/airflow/example_dags/example_latest_only_with_trigger.py for tasks to queue
[2026-05-13T09:28:54.684+0000] {logging_mixin.py:188} INFO - [2026-05-13T09:28:54.684+0000] {dagbag.py:545} INFO - Filling up the DagBag from /home/airflow/.local/lib/python3.12/site-packages/airflow/example_dags/example_latest_only_with_trigger.py
[2026-05-13T09:28:54.689+0000] {processor.py:840} INFO - DAG(s) 'latest_only_with_trigger' retrieved from /home/airflow/.local/lib/python3.12/site-packages/airflow/example_dags/example_latest_only_with_trigger.py
[2026-05-13T09:28:54.705+0000] {logging_mixin.py:188} INFO - [2026-05-13T09:28:54.705+0000] {dag.py:3089} INFO - Sync 1 DAGs
[2026-05-13T09:28:54.723+0000] {logging_mixin.py:188} INFO - [2026-05-13T09:28:54.722+0000] {dag.py:3947} INFO - Setting next_dagrun for latest_only_with_trigger to 2026-05-13 04:00:00+00:00, run_after=2026-05-13 08:00:00+00:00
[2026-05-13T09:28:54.737+0000] {processor.py:183} INFO - Processing /home/airflow/.local/lib/python3.12/site-packages/airflow/example_dags/example_latest_only_with_trigger.py took 0.059 seconds
[2026-05-13T09:29:25.321+0000] {processor.py:161} INFO - Started process (PID=171) to work on /home/airflow/.local/lib/python3.12/site-packages/airflow/example_dags/example_latest_only_with_trigger.py
[2026-05-13T09:29:25.321+0000] {processor.py:830} INFO - Processing file /home/airflow/.local/lib/python3.12/site-packages/airflow/example_dags/example_latest_only_with_trigger.py for tasks to queue
[2026-05-13T09:29:25.323+0000] {logging_mixin.py:188} INFO - [2026-05-13T09:29:25.322+0000] {dagbag.py:545} INFO - Filling up the DagBag from /home/airflow/.local/lib/python3.12/site-packages/airflow/example_dags/example_latest_only_with_trigger.py
[2026-05-13T09:29:25.328+0000] {processor.py:840} INFO - DAG(s) 'latest_only_with_trigger' retrieved from /home/airflow/.local/lib/python3.12/site-packages/airflow/example_dags/example_latest_only_with_trigger.py
[2026-05-13T09:29:25.344+0000] {logging_mixin.py:188} INFO - [2026-05-13T09:29:25.344+0000] {dag.py:3089} INFO - Sync 1 DAGs
[2026-05-13T09:29:25.362+0000] {logging_mixin.py:188} INFO - [2026-05-13T09:29:25.362+0000] {dag.py:3947} INFO - Setting next_dagrun for latest_only_with_trigger to 2026-05-13 04:00:00+00:00, run_after=2026-05-13 08:00:00+00:00
[2026-05-13T09:29:25.379+0000] {processor.py:183} INFO - Processing /home/airflow/.local/lib/python3.12/site-packages/airflow/example_dags/example_latest_only_with_trigger.py took 0.063 seconds
[2026-05-13T09:29:55.582+0000] {processor.py:161} INFO - Started process (PID=230) to work on /home/airflow/.local/lib/python3.12/site-packages/airflow/example_dags/example_latest_only_with_trigger.py
[2026-05-13T09:29:55.582+0000] {processor.py:830} INFO - Processing file /home/airflow/.local/lib/python3.12/site-packages/airflow/example_dags/example_latest_only_with_trigger.py for tasks to queue
[2026-05-13T09:29:55.584+0000] {logging_mixin.py:188} INFO - [2026-05-13T09:29:55.583+0000] {dagbag.py:545} INFO - Filling up the DagBag from /home/airflow/.local/lib/python3.12/site-packages/airflow/example_dags/example_latest_only_with_trigger.py
[2026-05-13T09:29:55.588+0000] {processor.py:840} INFO - DAG(s) 'latest_only_with_trigger' retrieved from /home/airflow/.local/lib/python3.12/site-packages/airflow/example_dags/example_latest_only_with_trigger.py
[2026-05-13T09:29:55.605+0000] {logging_mixin.py:188} INFO - [2026-05-13T09:29:55.605+0000] {dag.py:3089} INFO - Sync 1 DAGs
[2026-05-13T09:29:55.623+0000] {logging_mixin.py:188} INFO - [2026-05-13T09:29:55.623+0000] {dag.py:3947} INFO - Setting next_dagrun for latest_only_with_trigger to 2026-05-13 04:00:00+00:00, run_after=2026-05-13 08:00:00+00:00
[2026-05-13T09:29:55.639+0000] {processor.py:183} INFO - Processing /home/airflow/.local/lib/python3.12/site-packages/airflow/example_dags/example_latest_only_with_trigger.py took 0.062 seconds
[2026-05-13T09:30:26.071+0000] {processor.py:161} INFO - Started process (PID=288) to work on /home/airflow/.local/lib/python3.12/site-packages/airflow/example_dags/example_latest_only_with_trigger.py
[2026-05-13T09:30:26.073+0000] {processor.py:830} INFO - Processing file /home/airflow/.local/lib/python3.12/site-packages/airflow/example_dags/example_latest_only_with_trigger.py for tasks to queue
[2026-05-13T09:30:26.074+0000] {logging_mixin.py:188} INFO - [2026-05-13T09:30:26.074+0000] {dagbag.py:545} INFO - Filling up the DagBag from /home/airflow/.local/lib/python3.12/site-packages/airflow/example_dags/example_latest_only_with_trigger.py
[2026-05-13T09:30:26.079+0000] {processor.py:840} INFO - DAG(s) 'latest_only_with_trigger' retrieved from /home/airflow/.local/lib/python3.12/site-packages/airflow/example_dags/example_latest_only_with_trigger.py
[2026-05-13T09:30:26.095+0000] {logging_mixin.py:188} INFO - [2026-05-13T09:30:26.095+0000] {dag.py:3089} INFO - Sync 1 DAGs
[2026-05-13T09:30:26.113+0000] {logging_mixin.py:188} INFO - [2026-05-13T09:30:26.113+0000] {dag.py:3947} INFO - Setting next_dagrun for latest_only_with_trigger to 2026-05-13 04:00:00+00:00, run_after=2026-05-13 08:00:00+00:00
[2026-05-13T09:30:26.128+0000] {processor.py:183} INFO - Processing /home/airflow/.local/lib/python3.12/site-packages/airflow/example_dags/example_latest_only_with_trigger.py took 0.061 seconds
[2026-05-13T09:30:56.427+0000] {processor.py:161} INFO - Started process (PID=346) to work on /home/airflow/.local/lib/python3.12/site-packages/airflow/example_dags/example_latest_only_with_trigger.py
[2026-05-13T09:30:56.427+0000] {processor.py:830} INFO - Processing file /home/airflow/.local/lib/python3.12/site-packages/airflow/example_dags/example_latest_only_with_trigger.py for tasks to queue
[2026-05-13T09:30:56.429+0000] {logging_mixin.py:188} INFO - [2026-05-13T09:30:56.428+0000] {dagbag.py:545} INFO - Filling up the DagBag from /home/airflow/.local/lib/python3.12/site-packages/airflow/example_dags/example_latest_only_with_trigger.py
[2026-05-13T09:30:56.433+0000] {processor.py:840} INFO - DAG(s) 'latest_only_with_trigger' retrieved from /home/airflow/.local/lib/python3.12/site-packages/airflow/example_dags/example_latest_only_with_trigger.py
[2026-05-13T09:30:56.450+0000] {logging_mixin.py:188} INFO - [2026-05-13T09:30:56.450+0000] {dag.py:3089} INFO - Sync 1 DAGs
[2026-05-13T09:30:56.468+0000] {logging_mixin.py:188} INFO - [2026-05-13T09:30:56.468+0000] {dag.py:3947} INFO - Setting next_dagrun for latest_only_with_trigger to 2026-05-13 04:00:00+00:00, run_after=2026-05-13 08:00:00+00:00
[2026-05-13T09:30:56.482+0000] {processor.py:183} INFO - Processing /home/airflow/.local/lib/python3.12/site-packages/airflow/example_dags/example_latest_only_with_trigger.py took 0.061 seconds
[2026-05-13T09:31:26.858+0000] {processor.py:161} INFO - Started process (PID=404) to work on /home/airflow/.local/lib/python3.12/site-packages/airflow/example_dags/example_latest_only_with_trigger.py
[2026-05-13T09:31:26.859+0000] {processor.py:830} INFO - Processing file /home/airflow/.local/lib/python3.12/site-packages/airflow/example_dags/example_latest_only_with_trigger.py for tasks to queue
[2026-05-13T09:31:26.861+0000] {logging_mixin.py:188} INFO - [2026-05-13T09:31:26.860+0000] {dagbag.py:545} INFO - Filling up the DagBag from /home/airflow/.local/lib/python3.12/site-packages/airflow/example_dags/example_latest_only_with_trigger.py
[2026-05-13T09:31:26.865+0000] {processor.py:840} INFO - DAG(s) 'latest_only_with_trigger' retrieved from /home/airflow/.local/lib/python3.12/site-packages/airflow/example_dags/example_latest_only_with_trigger.py
[2026-05-13T09:31:26.882+0000] {logging_mixin.py:188} INFO - [2026-05-13T09:31:26.881+0000] {dag.py:3089} INFO - Sync 1 DAGs
[2026-05-13T09:31:26.900+0000] {logging_mixin.py:188} INFO - [2026-05-13T09:31:26.900+0000] {dag.py:3947} INFO - Setting next_dagrun for latest_only_with_trigger to 2026-05-13 04:00:00+00:00, run_after=2026-05-13 08:00:00+00:00
[2026-05-13T09:31:27.038+0000] {processor.py:183} INFO - Processing /home/airflow/.local/lib/python3.12/site-packages/airflow/example_dags/example_latest_only_with_trigger.py took 0.184 seconds
[2026-05-13T09:31:57.936+0000] {processor.py:161} INFO - Started process (PID=461) to work on /home/airflow/.local/lib/python3.12/site-packages/airflow/example_dags/example_latest_only_with_trigger.py
[2026-05-13T09:31:57.936+0000] {processor.py:830} INFO - Processing file /home/airflow/.local/lib/python3.12/site-packages/airflow/example_dags/example_latest_only_with_trigger.py for tasks to queue
[2026-05-13T09:31:57.937+0000] {logging_mixin.py:188} INFO - [2026-05-13T09:31:57.937+0000] {dagbag.py:545} INFO - Filling up the DagBag from /home/airflow/.local/lib/python3.12/site-packages/airflow/example_dags/example_latest_only_with_trigger.py
[2026-05-13T09:31:57.942+0000] {processor.py:840} INFO - DAG(s) 'latest_only_with_trigger' retrieved from /home/airflow/.local/lib/python3.12/site-packages/airflow/example_dags/example_latest_only_with_trigger.py
[2026-05-13T09:31:57.958+0000] {logging_mixin.py:188} INFO - [2026-05-13T09:31:57.957+0000] {dag.py:3089} INFO - Sync 1 DAGs
[2026-05-13T09:31:57.975+0000] {logging_mixin.py:188} INFO - [2026-05-13T09:31:57.975+0000] {dag.py:3947} INFO - Setting next_dagrun for latest_only_with_trigger to 2026-05-13 04:00:00+00:00, run_after=2026-05-13 08:00:00+00:00
[2026-05-13T09:31:57.989+0000] {processor.py:183} INFO - Processing /home/airflow/.local/lib/python3.12/site-packages/airflow/example_dags/example_latest_only_with_trigger.py took 0.058 seconds
[2026-05-13T09:32:28.394+0000] {processor.py:161} INFO - Started process (PID=525) to work on /home/airflow/.local/lib/python3.12/site-packages/airflow/example_dags/example_latest_only_with_trigger.py
[2026-05-13T09:32:28.395+0000] {processor.py:830} INFO - Processing file /home/airflow/.local/lib/python3.12/site-packages/airflow/example_dags/example_latest_only_with_trigger.py for tasks to queue
[2026-05-13T09:32:28.396+0000] {logging_mixin.py:188} INFO - [2026-05-13T09:32:28.396+0000] {dagbag.py:545} INFO - Filling up the DagBag from /home/airflow/.local/lib/python3.12/site-packages/airflow/example_dags/example_latest_only_with_trigger.py
[2026-05-13T09:32:28.401+0000] {processor.py:840} INFO - DAG(s) 'latest_only_with_trigger' retrieved from /home/airflow/.local/lib/python3.12/site-packages/airflow/example_dags/example_latest_only_with_trigger.py
[2026-05-13T09:32:28.416+0000] {logging_mixin.py:188} INFO - [2026-05-13T09:32:28.416+0000] {dag.py:3089} INFO - Sync 1 DAGs
[2026-05-13T09:32:28.434+0000] {logging_mixin.py:188} INFO - [2026-05-13T09:32:28.434+0000] {dag.py:3947} INFO - Setting next_dagrun for latest_only_with_trigger to 2026-05-13 04:00:00+00:00, run_after=2026-05-13 08:00:00+00:00
[2026-05-13T09:32:28.449+0000] {processor.py:183} INFO - Processing /home/airflow/.local/lib/python3.12/site-packages/airflow/example_dags/example_latest_only_with_trigger.py took 0.059 seconds
[2026-05-13T09:32:58.888+0000] {processor.py:161} INFO - Started process (PID=583) to work on /home/airflow/.local/lib/python3.12/site-packages/airflow/example_dags/example_latest_only_with_trigger.py
[2026-05-13T09:32:58.889+0000] {processor.py:830} INFO - Processing file /home/airflow/.local/lib/python3.12/site-packages/airflow/example_dags/example_latest_only_with_trigger.py for tasks to queue
[2026-05-13T09:32:58.890+0000] {logging_mixin.py:188} INFO - [2026-05-13T09:32:58.890+0000] {dagbag.py:545} INFO - Filling up the DagBag from /home/airflow/.local/lib/python3.12/site-packages/airflow/example_dags/example_latest_only_with_trigger.py
[2026-05-13T09:32:58.894+0000] {processor.py:840} INFO - DAG(s) 'latest_only_with_trigger' retrieved from /home/airflow/.local/lib/python3.12/site-packages/airflow/example_dags/example_latest_only_with_trigger.py
[2026-05-13T09:32:58.911+0000] {logging_mixin.py:188} INFO - [2026-05-13T09:32:58.910+0000] {dag.py:3089} INFO - Sync 1 DAGs
[2026-05-13T09:32:58.928+0000] {logging_mixin.py:188} INFO - [2026-05-13T09:32:58.927+0000] {dag.py:3947} INFO - Setting next_dagrun for latest_only_with_trigger to 2026-05-13 04:00:00+00:00, run_after=2026-05-13 08:00:00+00:00
[2026-05-13T09:32:58.941+0000] {processor.py:183} INFO - Processing /home/airflow/.local/lib/python3.12/site-packages/airflow/example_dags/example_latest_only_with_trigger.py took 0.057 seconds
[2026-05-13T09:33:29.593+0000] {processor.py:161} INFO - Started process (PID=641) to work on /home/airflow/.local/lib/python3.12/site-packages/airflow/example_dags/example_latest_only_with_trigger.py
[2026-05-13T09:33:29.594+0000] {processor.py:830} INFO - Processing file /home/airflow/.local/lib/python3.12/site-packages/airflow/example_dags/example_latest_only_with_trigger.py for tasks to queue
[2026-05-13T09:33:29.595+0000] {logging_mixin.py:188} INFO - [2026-05-13T09:33:29.595+0000] {dagbag.py:545} INFO - Filling up the DagBag from /home/airflow/.local/lib/python3.12/site-packages/airflow/example_dags/example_latest_only_with_trigger.py
[2026-05-13T09:33:29.599+0000] {processor.py:840} INFO - DAG(s) 'latest_only_with_trigger' retrieved from /home/airflow/.local/lib/python3.12/site-packages/airflow/example_dags/example_latest_only_with_trigger.py
[2026-05-13T09:33:29.614+0000] {logging_mixin.py:188} INFO - [2026-05-13T09:33:29.614+0000] {dag.py:3089} INFO - Sync 1 DAGs
[2026-05-13T09:33:29.632+0000] {logging_mixin.py:188} INFO - [2026-05-13T09:33:29.632+0000] {dag.py:3947} INFO - Setting next_dagrun for latest_only_with_trigger to 2026-05-13 04:00:00+00:00, run_after=2026-05-13 08:00:00+00:00
[2026-05-13T09:33:29.646+0000] {processor.py:183} INFO - Processing /home/airflow/.local/lib/python3.12/site-packages/airflow/example_dags/example_latest_only_with_trigger.py took 0.058 seconds
[2026-05-13T09:34:00.060+0000] {processor.py:161} INFO - Started process (PID=699) to work on /home/airflow/.local/lib/python3.12/site-packages/airflow/example_dags/example_latest_only_with_trigger.py
[2026-05-13T09:34:00.061+0000] {processor.py:830} INFO - Processing file /home/airflow/.local/lib/python3.12/site-packages/airflow/example_dags/example_latest_only_with_trigger.py for tasks to queue
[2026-05-13T09:34:00.062+0000] {logging_mixin.py:188} INFO - [2026-05-13T09:34:00.062+0000] {dagbag.py:545} INFO - Filling up the DagBag from /home/airflow/.local/lib/python3.12/site-packages/airflow/example_dags/example_latest_only_with_trigger.py
[2026-05-13T09:34:00.067+0000] {processor.py:840} INFO - DAG(s) 'latest_only_with_trigger' retrieved from /home/airflow/.local/lib/python3.12/site-packages/airflow/example_dags/example_latest_only_with_trigger.py
[2026-05-13T09:34:00.082+0000] {logging_mixin.py:188} INFO - [2026-05-13T09:34:00.082+0000] {dag.py:3089} INFO - Sync 1 DAGs
[2026-05-13T09:34:00.100+0000] {logging_mixin.py:188} INFO - [2026-05-13T09:34:00.100+0000] {dag.py:3947} INFO - Setting next_dagrun for latest_only_with_trigger to 2026-05-13 04:00:00+00:00, run_after=2026-05-13 08:00:00+00:00
[2026-05-13T09:34:00.114+0000] {processor.py:183} INFO - Processing /home/airflow/.local/lib/python3.12/site-packages/airflow/example_dags/example_latest_only_with_trigger.py took 0.058 seconds
[2026-05-13T09:34:30.311+0000] {processor.py:161} INFO - Started process (PID=756) to work on /home/airflow/.local/lib/python3.12/site-packages/airflow/example_dags/example_latest_only_with_trigger.py
[2026-05-13T09:34:30.311+0000] {processor.py:830} INFO - Processing file /home/airflow/.local/lib/python3.12/site-packages/airflow/example_dags/example_latest_only_with_trigger.py for tasks to queue
[2026-05-13T09:34:30.313+0000] {logging_mixin.py:188} INFO - [2026-05-13T09:34:30.312+0000] {dagbag.py:545} INFO - Filling up the DagBag from /home/airflow/.local/lib/python3.12/site-packages/airflow/example_dags/example_latest_only_with_trigger.py
[2026-05-13T09:34:30.317+0000] {processor.py:840} INFO - DAG(s) 'latest_only_with_trigger' retrieved from /home/airflow/.local/lib/python3.12/site-packages/airflow/example_dags/example_latest_only_with_trigger.py
[2026-05-13T09:34:30.332+0000] {logging_mixin.py:188} INFO - [2026-05-13T09:34:30.332+0000] {dag.py:3089} INFO - Sync 1 DAGs
[2026-05-13T09:34:30.349+0000] {logging_mixin.py:188} INFO - [2026-05-13T09:34:30.349+0000] {dag.py:3947} INFO - Setting next_dagrun for latest_only_with_trigger to 2026-05-13 04:00:00+00:00, run_after=2026-05-13 08:00:00+00:00
[2026-05-13T09:34:30.364+0000] {processor.py:183} INFO - Processing /home/airflow/.local/lib/python3.12/site-packages/airflow/example_dags/example_latest_only_with_trigger.py took 0.058 seconds
[2026-05-13T09:35:00.562+0000] {processor.py:161} INFO - Started process (PID=813) to work on /home/airflow/.local/lib/python3.12/site-packages/airflow/example_dags/example_latest_only_with_trigger.py
[2026-05-13T09:35:00.562+0000] {processor.py:830} INFO - Processing file /home/airflow/.local/lib/python3.12/site-packages/airflow/example_dags/example_latest_only_with_trigger.py for tasks to queue
[2026-05-13T09:35:00.564+0000] {logging_mixin.py:188} INFO - [2026-05-13T09:35:00.563+0000] {dagbag.py:545} INFO - Filling up the DagBag from /home/airflow/.local/lib/python3.12/site-packages/airflow/example_dags/example_latest_only_with_trigger.py
[2026-05-13T09:35:00.568+0000] {processor.py:840} INFO - DAG(s) 'latest_only_with_trigger' retrieved from /home/airflow/.local/lib/python3.12/site-packages/airflow/example_dags/example_latest_only_with_trigger.py
[2026-05-13T09:35:00.585+0000] {logging_mixin.py:188} INFO - [2026-05-13T09:35:00.585+0000] {dag.py:3089} INFO - Sync 1 DAGs
[2026-05-13T09:35:00.603+0000] {logging_mixin.py:188} INFO - [2026-05-13T09:35:00.603+0000] {dag.py:3947} INFO - Setting next_dagrun for latest_only_with_trigger to 2026-05-13 04:00:00+00:00, run_after=2026-05-13 08:00:00+00:00
[2026-05-13T09:35:00.618+0000] {processor.py:183} INFO - Processing /home/airflow/.local/lib/python3.12/site-packages/airflow/example_dags/example_latest_only_with_trigger.py took 0.061 seconds
[2026-05-13T09:35:31.049+0000] {processor.py:161} INFO - Started process (PID=871) to work on /home/airflow/.local/lib/python3.12/site-packages/airflow/example_dags/example_latest_only_with_trigger.py
[2026-05-13T09:35:31.049+0000] {processor.py:830} INFO - Processing file /home/airflow/.local/lib/python3.12/site-packages/airflow/example_dags/example_latest_only_with_trigger.py for tasks to queue
[2026-05-13T09:35:31.051+0000] {logging_mixin.py:188} INFO - [2026-05-13T09:35:31.051+0000] {dagbag.py:545} INFO - Filling up the DagBag from /home/airflow/.local/lib/python3.12/site-packages/airflow/example_dags/example_latest_only_with_trigger.py
[2026-05-13T09:35:31.055+0000] {processor.py:840} INFO - DAG(s) 'latest_only_with_trigger' retrieved from /home/airflow/.local/lib/python3.12/site-packages/airflow/example_dags/example_latest_only_with_trigger.py
[2026-05-13T09:35:31.072+0000] {logging_mixin.py:188} INFO - [2026-05-13T09:35:31.072+0000] {dag.py:3089} INFO - Sync 1 DAGs
[2026-05-13T09:35:31.090+0000] {logging_mixin.py:188} INFO - [2026-05-13T09:35:31.090+0000] {dag.py:3947} INFO - Setting next_dagrun for latest_only_with_trigger to 2026-05-13 04:00:00+00:00, run_after=2026-05-13 08:00:00+00:00
[2026-05-13T09:35:31.105+0000] {processor.py:183} INFO - Processing /home/airflow/.local/lib/python3.12/site-packages/airflow/example_dags/example_latest_only_with_trigger.py took 0.062 seconds
[2026-05-13T09:36:01.376+0000] {processor.py:161} INFO - Started process (PID=929) to work on /home/airflow/.local/lib/python3.12/site-packages/airflow/example_dags/example_latest_only_with_trigger.py
[2026-05-13T09:36:01.377+0000] {processor.py:830} INFO - Processing file /home/airflow/.local/lib/python3.12/site-packages/airflow/example_dags/example_latest_only_with_trigger.py for tasks to queue
[2026-05-13T09:36:01.379+0000] {logging_mixin.py:188} INFO - [2026-05-13T09:36:01.378+0000] {dagbag.py:545} INFO - Filling up the DagBag from /home/airflow/.local/lib/python3.12/site-packages/airflow/example_dags/example_latest_only_with_trigger.py
[2026-05-13T09:36:01.384+0000] {processor.py:840} INFO - DAG(s) 'latest_only_with_trigger' retrieved from /home/airflow/.local/lib/python3.12/site-packages/airflow/example_dags/example_latest_only_with_trigger.py
[2026-05-13T09:36:01.401+0000] {logging_mixin.py:188} INFO - [2026-05-13T09:36:01.401+0000] {dag.py:3089} INFO - Sync 1 DAGs
[2026-05-13T09:36:01.419+0000] {logging_mixin.py:188} INFO - [2026-05-13T09:36:01.419+0000] {dag.py:3947} INFO - Setting next_dagrun for latest_only_with_trigger to 2026-05-13 04:00:00+00:00, run_after=2026-05-13 08:00:00+00:00
[2026-05-13T09:36:01.434+0000] {processor.py:183} INFO - Processing /home/airflow/.local/lib/python3.12/site-packages/airflow/example_dags/example_latest_only_with_trigger.py took 0.065 seconds
[2026-05-13T09:36:31.833+0000] {processor.py:161} INFO - Started process (PID=987) to work on /home/airflow/.local/lib/python3.12/site-packages/airflow/example_dags/example_latest_only_with_trigger.py
[2026-05-13T09:36:31.834+0000] {processor.py:830} INFO - Processing file /home/airflow/.local/lib/python3.12/site-packages/airflow/example_dags/example_latest_only_with_trigger.py for tasks to queue
[2026-05-13T09:36:31.835+0000] {logging_mixin.py:188} INFO - [2026-05-13T09:36:31.835+0000] {dagbag.py:545} INFO - Filling up the DagBag from /home/airflow/.local/lib/python3.12/site-packages/airflow/example_dags/example_latest_only_with_trigger.py
[2026-05-13T09:36:31.839+0000] {processor.py:840} INFO - DAG(s) 'latest_only_with_trigger' retrieved from /home/airflow/.local/lib/python3.12/site-packages/airflow/example_dags/example_latest_only_with_trigger.py
[2026-05-13T09:36:31.855+0000] {logging_mixin.py:188} INFO - [2026-05-13T09:36:31.855+0000] {dag.py:3089} INFO - Sync 1 DAGs
[2026-05-13T09:36:31.873+0000] {logging_mixin.py:188} INFO - [2026-05-13T09:36:31.873+0000] {dag.py:3947} INFO - Setting next_dagrun for latest_only_with_trigger to 2026-05-13 04:00:00+00:00, run_after=2026-05-13 08:00:00+00:00
[2026-05-13T09:36:31.887+0000] {processor.py:183} INFO - Processing /home/airflow/.local/lib/python3.12/site-packages/airflow/example_dags/example_latest_only_with_trigger.py took 0.059 seconds
[2026-05-13T09:37:02.298+0000] {processor.py:161} INFO - Started process (PID=1045) to work on /home/airflow/.local/lib/python3.12/site-packages/airflow/example_dags/example_latest_only_with_trigger.py
[2026-05-13T09:37:02.299+0000] {processor.py:830} INFO - Processing file /home/airflow/.local/lib/python3.12/site-packages/airflow/example_dags/example_latest_only_with_trigger.py for tasks to queue
[2026-05-13T09:37:02.300+0000] {logging_mixin.py:188} INFO - [2026-05-13T09:37:02.300+0000] {dagbag.py:545} INFO - Filling up the DagBag from /home/airflow/.local/lib/python3.12/site-packages/airflow/example_dags/example_latest_only_with_trigger.py
[2026-05-13T09:37:02.305+0000] {processor.py:840} INFO - DAG(s) 'latest_only_with_trigger' retrieved from /home/airflow/.local/lib/python3.12/site-packages/airflow/example_dags/example_latest_only_with_trigger.py
[2026-05-13T09:37:02.322+0000] {logging_mixin.py:188} INFO - [2026-05-13T09:37:02.321+0000] {dag.py:3089} INFO - Sync 1 DAGs
[2026-05-13T09:37:02.341+0000] {logging_mixin.py:188} INFO - [2026-05-13T09:37:02.341+0000] {dag.py:3947} INFO - Setting next_dagrun for latest_only_with_trigger to 2026-05-13 04:00:00+00:00, run_after=2026-05-13 08:00:00+00:00
[2026-05-13T09:37:02.357+0000] {processor.py:183} INFO - Processing /home/airflow/.local/lib/python3.12/site-packages/airflow/example_dags/example_latest_only_with_trigger.py took 0.064 seconds
[2026-05-13T09:37:32.746+0000] {processor.py:161} INFO - Started process (PID=1103) to work on /home/airflow/.local/lib/python3.12/site-packages/airflow/example_dags/example_latest_only_with_trigger.py
[2026-05-13T09:37:32.746+0000] {processor.py:830} INFO - Processing file /home/airflow/.local/lib/python3.12/site-packages/airflow/example_dags/example_latest_only_with_trigger.py for tasks to queue
[2026-05-13T09:37:32.748+0000] {logging_mixin.py:188} INFO - [2026-05-13T09:37:32.747+0000] {dagbag.py:545} INFO - Filling up the DagBag from /home/airflow/.local/lib/python3.12/site-packages/airflow/example_dags/example_latest_only_with_trigger.py
[2026-05-13T09:37:32.752+0000] {processor.py:840} INFO - DAG(s) 'latest_only_with_trigger' retrieved from /home/airflow/.local/lib/python3.12/site-packages/airflow/example_dags/example_latest_only_with_trigger.py
[2026-05-13T09:37:32.768+0000] {logging_mixin.py:188} INFO - [2026-05-13T09:37:32.768+0000] {dag.py:3089} INFO - Sync 1 DAGs
[2026-05-13T09:37:32.786+0000] {logging_mixin.py:188} INFO - [2026-05-13T09:37:32.785+0000] {dag.py:3947} INFO - Setting next_dagrun for latest_only_with_trigger to 2026-05-13 04:00:00+00:00, run_after=2026-05-13 08:00:00+00:00
[2026-05-13T09:37:32.801+0000] {processor.py:183} INFO - Processing /home/airflow/.local/lib/python3.12/site-packages/airflow/example_dags/example_latest_only_with_trigger.py took 0.060 seconds
[2026-05-13T09:38:03.273+0000] {processor.py:161} INFO - Started process (PID=1161) to work on /home/airflow/.local/lib/python3.12/site-packages/airflow/example_dags/example_latest_only_with_trigger.py
[2026-05-13T09:38:03.273+0000] {processor.py:830} INFO - Processing file /home/airflow/.local/lib/python3.12/site-packages/airflow/example_dags/example_latest_only_with_trigger.py for tasks to queue
[2026-05-13T09:38:03.274+0000] {logging_mixin.py:188} INFO - [2026-05-13T09:38:03.274+0000] {dagbag.py:545} INFO - Filling up the DagBag from /home/airflow/.local/lib/python3.12/site-packages/airflow/example_dags/example_latest_only_with_trigger.py
[2026-05-13T09:38:03.279+0000] {processor.py:840} INFO - DAG(s) 'latest_only_with_trigger' retrieved from /home/airflow/.local/lib/python3.12/site-packages/airflow/example_dags/example_latest_only_with_trigger.py
[2026-05-13T09:38:03.296+0000] {logging_mixin.py:188} INFO - [2026-05-13T09:38:03.296+0000] {dag.py:3089} INFO - Sync 1 DAGs
[2026-05-13T09:38:03.313+0000] {logging_mixin.py:188} INFO - [2026-05-13T09:38:03.313+0000] {dag.py:3947} INFO - Setting next_dagrun for latest_only_with_trigger to 2026-05-13 04:00:00+00:00, run_after=2026-05-13 08:00:00+00:00
[2026-05-13T09:38:03.328+0000] {processor.py:183} INFO - Processing /home/airflow/.local/lib/python3.12/site-packages/airflow/example_dags/example_latest_only_with_trigger.py took 0.060 seconds
