[2026-05-13T09:28:27.171+0000] {processor.py:161} INFO - Started process (PID=73) to work on /home/airflow/.local/lib/python3.12/site-packages/airflow/example_dags/example_complex.py
[2026-05-13T09:28:27.172+0000] {processor.py:830} INFO - Processing file /home/airflow/.local/lib/python3.12/site-packages/airflow/example_dags/example_complex.py for tasks to queue
[2026-05-13T09:28:27.173+0000] {logging_mixin.py:188} INFO - [2026-05-13T09:28:27.173+0000] {dagbag.py:545} INFO - Filling up the DagBag from /home/airflow/.local/lib/python3.12/site-packages/airflow/example_dags/example_complex.py
[2026-05-13T09:28:27.184+0000] {processor.py:840} INFO - DAG(s) 'example_complex' retrieved from /home/airflow/.local/lib/python3.12/site-packages/airflow/example_dags/example_complex.py
[2026-05-13T09:28:27.216+0000] {logging_mixin.py:188} INFO - [2026-05-13T09:28:27.216+0000] {dag.py:3089} INFO - Sync 1 DAGs
[2026-05-13T09:28:27.227+0000] {logging_mixin.py:188} INFO - [2026-05-13T09:28:27.227+0000] {dag.py:3947} INFO - Setting next_dagrun for example_complex to None, run_after=None
[2026-05-13T09:28:27.246+0000] {processor.py:183} INFO - Processing /home/airflow/.local/lib/python3.12/site-packages/airflow/example_dags/example_complex.py took 0.080 seconds
[2026-05-13T09:28:57.663+0000] {processor.py:161} INFO - Started process (PID=131) to work on /home/airflow/.local/lib/python3.12/site-packages/airflow/example_dags/example_complex.py
[2026-05-13T09:28:57.664+0000] {processor.py:830} INFO - Processing file /home/airflow/.local/lib/python3.12/site-packages/airflow/example_dags/example_complex.py for tasks to queue
[2026-05-13T09:28:57.665+0000] {logging_mixin.py:188} INFO - [2026-05-13T09:28:57.665+0000] {dagbag.py:545} INFO - Filling up the DagBag from /home/airflow/.local/lib/python3.12/site-packages/airflow/example_dags/example_complex.py
[2026-05-13T09:28:57.674+0000] {processor.py:840} INFO - DAG(s) 'example_complex' retrieved from /home/airflow/.local/lib/python3.12/site-packages/airflow/example_dags/example_complex.py
[2026-05-13T09:28:57.701+0000] {logging_mixin.py:188} INFO - [2026-05-13T09:28:57.701+0000] {dag.py:3089} INFO - Sync 1 DAGs
[2026-05-13T09:28:57.711+0000] {logging_mixin.py:188} INFO - [2026-05-13T09:28:57.711+0000] {dag.py:3947} INFO - Setting next_dagrun for example_complex to None, run_after=None
[2026-05-13T09:28:57.727+0000] {processor.py:183} INFO - Processing /home/airflow/.local/lib/python3.12/site-packages/airflow/example_dags/example_complex.py took 0.068 seconds
[2026-05-13T09:29:28.127+0000] {processor.py:161} INFO - Started process (PID=196) to work on /home/airflow/.local/lib/python3.12/site-packages/airflow/example_dags/example_complex.py
[2026-05-13T09:29:28.130+0000] {processor.py:830} INFO - Processing file /home/airflow/.local/lib/python3.12/site-packages/airflow/example_dags/example_complex.py for tasks to queue
[2026-05-13T09:29:28.132+0000] {logging_mixin.py:188} INFO - [2026-05-13T09:29:28.131+0000] {dagbag.py:545} INFO - Filling up the DagBag from /home/airflow/.local/lib/python3.12/site-packages/airflow/example_dags/example_complex.py
[2026-05-13T09:29:28.147+0000] {processor.py:840} INFO - DAG(s) 'example_complex' retrieved from /home/airflow/.local/lib/python3.12/site-packages/airflow/example_dags/example_complex.py
[2026-05-13T09:29:28.178+0000] {logging_mixin.py:188} INFO - [2026-05-13T09:29:28.177+0000] {dag.py:3089} INFO - Sync 1 DAGs
[2026-05-13T09:29:28.188+0000] {logging_mixin.py:188} INFO - [2026-05-13T09:29:28.188+0000] {dag.py:3947} INFO - Setting next_dagrun for example_complex to None, run_after=None
[2026-05-13T09:29:28.204+0000] {processor.py:183} INFO - Processing /home/airflow/.local/lib/python3.12/site-packages/airflow/example_dags/example_complex.py took 0.083 seconds
[2026-05-13T09:29:58.343+0000] {processor.py:161} INFO - Started process (PID=254) to work on /home/airflow/.local/lib/python3.12/site-packages/airflow/example_dags/example_complex.py
[2026-05-13T09:29:58.344+0000] {processor.py:830} INFO - Processing file /home/airflow/.local/lib/python3.12/site-packages/airflow/example_dags/example_complex.py for tasks to queue
[2026-05-13T09:29:58.346+0000] {logging_mixin.py:188} INFO - [2026-05-13T09:29:58.345+0000] {dagbag.py:545} INFO - Filling up the DagBag from /home/airflow/.local/lib/python3.12/site-packages/airflow/example_dags/example_complex.py
[2026-05-13T09:29:58.356+0000] {processor.py:840} INFO - DAG(s) 'example_complex' retrieved from /home/airflow/.local/lib/python3.12/site-packages/airflow/example_dags/example_complex.py
[2026-05-13T09:29:58.384+0000] {logging_mixin.py:188} INFO - [2026-05-13T09:29:58.384+0000] {dag.py:3089} INFO - Sync 1 DAGs
[2026-05-13T09:29:58.395+0000] {logging_mixin.py:188} INFO - [2026-05-13T09:29:58.395+0000] {dag.py:3947} INFO - Setting next_dagrun for example_complex to None, run_after=None
[2026-05-13T09:29:58.410+0000] {processor.py:183} INFO - Processing /home/airflow/.local/lib/python3.12/site-packages/airflow/example_dags/example_complex.py took 0.073 seconds
[2026-05-13T09:30:28.826+0000] {processor.py:161} INFO - Started process (PID=312) to work on /home/airflow/.local/lib/python3.12/site-packages/airflow/example_dags/example_complex.py
[2026-05-13T09:30:28.827+0000] {processor.py:830} INFO - Processing file /home/airflow/.local/lib/python3.12/site-packages/airflow/example_dags/example_complex.py for tasks to queue
[2026-05-13T09:30:28.828+0000] {logging_mixin.py:188} INFO - [2026-05-13T09:30:28.828+0000] {dagbag.py:545} INFO - Filling up the DagBag from /home/airflow/.local/lib/python3.12/site-packages/airflow/example_dags/example_complex.py
[2026-05-13T09:30:28.837+0000] {processor.py:840} INFO - DAG(s) 'example_complex' retrieved from /home/airflow/.local/lib/python3.12/site-packages/airflow/example_dags/example_complex.py
[2026-05-13T09:30:28.863+0000] {logging_mixin.py:188} INFO - [2026-05-13T09:30:28.863+0000] {dag.py:3089} INFO - Sync 1 DAGs
[2026-05-13T09:30:28.874+0000] {logging_mixin.py:188} INFO - [2026-05-13T09:30:28.873+0000] {dag.py:3947} INFO - Setting next_dagrun for example_complex to None, run_after=None
[2026-05-13T09:30:28.889+0000] {processor.py:183} INFO - Processing /home/airflow/.local/lib/python3.12/site-packages/airflow/example_dags/example_complex.py took 0.067 seconds
[2026-05-13T09:30:59.169+0000] {processor.py:161} INFO - Started process (PID=370) to work on /home/airflow/.local/lib/python3.12/site-packages/airflow/example_dags/example_complex.py
[2026-05-13T09:30:59.169+0000] {processor.py:830} INFO - Processing file /home/airflow/.local/lib/python3.12/site-packages/airflow/example_dags/example_complex.py for tasks to queue
[2026-05-13T09:30:59.170+0000] {logging_mixin.py:188} INFO - [2026-05-13T09:30:59.170+0000] {dagbag.py:545} INFO - Filling up the DagBag from /home/airflow/.local/lib/python3.12/site-packages/airflow/example_dags/example_complex.py
[2026-05-13T09:30:59.179+0000] {processor.py:840} INFO - DAG(s) 'example_complex' retrieved from /home/airflow/.local/lib/python3.12/site-packages/airflow/example_dags/example_complex.py
[2026-05-13T09:30:59.205+0000] {logging_mixin.py:188} INFO - [2026-05-13T09:30:59.205+0000] {dag.py:3089} INFO - Sync 1 DAGs
[2026-05-13T09:30:59.215+0000] {logging_mixin.py:188} INFO - [2026-05-13T09:30:59.215+0000] {dag.py:3947} INFO - Setting next_dagrun for example_complex to None, run_after=None
[2026-05-13T09:30:59.230+0000] {processor.py:183} INFO - Processing /home/airflow/.local/lib/python3.12/site-packages/airflow/example_dags/example_complex.py took 0.065 seconds
[2026-05-13T09:31:29.890+0000] {processor.py:161} INFO - Started process (PID=427) to work on /home/airflow/.local/lib/python3.12/site-packages/airflow/example_dags/example_complex.py
[2026-05-13T09:31:29.891+0000] {processor.py:830} INFO - Processing file /home/airflow/.local/lib/python3.12/site-packages/airflow/example_dags/example_complex.py for tasks to queue
[2026-05-13T09:31:29.892+0000] {logging_mixin.py:188} INFO - [2026-05-13T09:31:29.892+0000] {dagbag.py:545} INFO - Filling up the DagBag from /home/airflow/.local/lib/python3.12/site-packages/airflow/example_dags/example_complex.py
[2026-05-13T09:31:29.901+0000] {processor.py:840} INFO - DAG(s) 'example_complex' retrieved from /home/airflow/.local/lib/python3.12/site-packages/airflow/example_dags/example_complex.py
[2026-05-13T09:31:29.927+0000] {logging_mixin.py:188} INFO - [2026-05-13T09:31:29.927+0000] {dag.py:3089} INFO - Sync 1 DAGs
[2026-05-13T09:31:29.937+0000] {logging_mixin.py:188} INFO - [2026-05-13T09:31:29.937+0000] {dag.py:3947} INFO - Setting next_dagrun for example_complex to None, run_after=None
[2026-05-13T09:31:29.952+0000] {processor.py:183} INFO - Processing /home/airflow/.local/lib/python3.12/site-packages/airflow/example_dags/example_complex.py took 0.067 seconds
[2026-05-13T09:32:00.670+0000] {processor.py:161} INFO - Started process (PID=485) to work on /home/airflow/.local/lib/python3.12/site-packages/airflow/example_dags/example_complex.py
[2026-05-13T09:32:00.670+0000] {processor.py:830} INFO - Processing file /home/airflow/.local/lib/python3.12/site-packages/airflow/example_dags/example_complex.py for tasks to queue
[2026-05-13T09:32:00.671+0000] {logging_mixin.py:188} INFO - [2026-05-13T09:32:00.671+0000] {dagbag.py:545} INFO - Filling up the DagBag from /home/airflow/.local/lib/python3.12/site-packages/airflow/example_dags/example_complex.py
[2026-05-13T09:32:00.680+0000] {processor.py:840} INFO - DAG(s) 'example_complex' retrieved from /home/airflow/.local/lib/python3.12/site-packages/airflow/example_dags/example_complex.py
[2026-05-13T09:32:00.707+0000] {logging_mixin.py:188} INFO - [2026-05-13T09:32:00.707+0000] {dag.py:3089} INFO - Sync 1 DAGs
[2026-05-13T09:32:00.717+0000] {logging_mixin.py:188} INFO - [2026-05-13T09:32:00.717+0000] {dag.py:3947} INFO - Setting next_dagrun for example_complex to None, run_after=None
[2026-05-13T09:32:00.732+0000] {processor.py:183} INFO - Processing /home/airflow/.local/lib/python3.12/site-packages/airflow/example_dags/example_complex.py took 0.067 seconds
[2026-05-13T09:32:31.121+0000] {processor.py:161} INFO - Started process (PID=543) to work on /home/airflow/.local/lib/python3.12/site-packages/airflow/example_dags/example_complex.py
[2026-05-13T09:32:31.122+0000] {processor.py:830} INFO - Processing file /home/airflow/.local/lib/python3.12/site-packages/airflow/example_dags/example_complex.py for tasks to queue
[2026-05-13T09:32:31.124+0000] {logging_mixin.py:188} INFO - [2026-05-13T09:32:31.123+0000] {dagbag.py:545} INFO - Filling up the DagBag from /home/airflow/.local/lib/python3.12/site-packages/airflow/example_dags/example_complex.py
[2026-05-13T09:32:31.132+0000] {processor.py:840} INFO - DAG(s) 'example_complex' retrieved from /home/airflow/.local/lib/python3.12/site-packages/airflow/example_dags/example_complex.py
[2026-05-13T09:32:31.158+0000] {logging_mixin.py:188} INFO - [2026-05-13T09:32:31.158+0000] {dag.py:3089} INFO - Sync 1 DAGs
[2026-05-13T09:32:31.168+0000] {logging_mixin.py:188} INFO - [2026-05-13T09:32:31.168+0000] {dag.py:3947} INFO - Setting next_dagrun for example_complex to None, run_after=None
[2026-05-13T09:32:31.182+0000] {processor.py:183} INFO - Processing /home/airflow/.local/lib/python3.12/site-packages/airflow/example_dags/example_complex.py took 0.066 seconds
[2026-05-13T09:33:01.604+0000] {processor.py:161} INFO - Started process (PID=601) to work on /home/airflow/.local/lib/python3.12/site-packages/airflow/example_dags/example_complex.py
[2026-05-13T09:33:01.604+0000] {processor.py:830} INFO - Processing file /home/airflow/.local/lib/python3.12/site-packages/airflow/example_dags/example_complex.py for tasks to queue
[2026-05-13T09:33:01.605+0000] {logging_mixin.py:188} INFO - [2026-05-13T09:33:01.605+0000] {dagbag.py:545} INFO - Filling up the DagBag from /home/airflow/.local/lib/python3.12/site-packages/airflow/example_dags/example_complex.py
[2026-05-13T09:33:01.614+0000] {processor.py:840} INFO - DAG(s) 'example_complex' retrieved from /home/airflow/.local/lib/python3.12/site-packages/airflow/example_dags/example_complex.py
[2026-05-13T09:33:01.640+0000] {logging_mixin.py:188} INFO - [2026-05-13T09:33:01.640+0000] {dag.py:3089} INFO - Sync 1 DAGs
[2026-05-13T09:33:01.650+0000] {logging_mixin.py:188} INFO - [2026-05-13T09:33:01.650+0000] {dag.py:3947} INFO - Setting next_dagrun for example_complex to None, run_after=None
[2026-05-13T09:33:01.684+0000] {processor.py:183} INFO - Processing /home/airflow/.local/lib/python3.12/site-packages/airflow/example_dags/example_complex.py took 0.085 seconds
[2026-05-13T09:33:32.371+0000] {processor.py:161} INFO - Started process (PID=659) to work on /home/airflow/.local/lib/python3.12/site-packages/airflow/example_dags/example_complex.py
[2026-05-13T09:33:32.372+0000] {processor.py:830} INFO - Processing file /home/airflow/.local/lib/python3.12/site-packages/airflow/example_dags/example_complex.py for tasks to queue
[2026-05-13T09:33:32.373+0000] {logging_mixin.py:188} INFO - [2026-05-13T09:33:32.373+0000] {dagbag.py:545} INFO - Filling up the DagBag from /home/airflow/.local/lib/python3.12/site-packages/airflow/example_dags/example_complex.py
[2026-05-13T09:33:32.382+0000] {processor.py:840} INFO - DAG(s) 'example_complex' retrieved from /home/airflow/.local/lib/python3.12/site-packages/airflow/example_dags/example_complex.py
[2026-05-13T09:33:32.410+0000] {logging_mixin.py:188} INFO - [2026-05-13T09:33:32.409+0000] {dag.py:3089} INFO - Sync 1 DAGs
[2026-05-13T09:33:32.420+0000] {logging_mixin.py:188} INFO - [2026-05-13T09:33:32.420+0000] {dag.py:3947} INFO - Setting next_dagrun for example_complex to None, run_after=None
[2026-05-13T09:33:32.435+0000] {processor.py:183} INFO - Processing /home/airflow/.local/lib/python3.12/site-packages/airflow/example_dags/example_complex.py took 0.069 seconds
[2026-05-13T09:34:02.798+0000] {processor.py:161} INFO - Started process (PID=717) to work on /home/airflow/.local/lib/python3.12/site-packages/airflow/example_dags/example_complex.py
[2026-05-13T09:34:02.798+0000] {processor.py:830} INFO - Processing file /home/airflow/.local/lib/python3.12/site-packages/airflow/example_dags/example_complex.py for tasks to queue
[2026-05-13T09:34:02.800+0000] {logging_mixin.py:188} INFO - [2026-05-13T09:34:02.799+0000] {dagbag.py:545} INFO - Filling up the DagBag from /home/airflow/.local/lib/python3.12/site-packages/airflow/example_dags/example_complex.py
[2026-05-13T09:34:02.808+0000] {processor.py:840} INFO - DAG(s) 'example_complex' retrieved from /home/airflow/.local/lib/python3.12/site-packages/airflow/example_dags/example_complex.py
[2026-05-13T09:34:02.835+0000] {logging_mixin.py:188} INFO - [2026-05-13T09:34:02.835+0000] {dag.py:3089} INFO - Sync 1 DAGs
[2026-05-13T09:34:02.846+0000] {logging_mixin.py:188} INFO - [2026-05-13T09:34:02.845+0000] {dag.py:3947} INFO - Setting next_dagrun for example_complex to None, run_after=None
[2026-05-13T09:34:02.861+0000] {processor.py:183} INFO - Processing /home/airflow/.local/lib/python3.12/site-packages/airflow/example_dags/example_complex.py took 0.067 seconds
[2026-05-13T09:34:33.055+0000] {processor.py:161} INFO - Started process (PID=774) to work on /home/airflow/.local/lib/python3.12/site-packages/airflow/example_dags/example_complex.py
[2026-05-13T09:34:33.056+0000] {processor.py:830} INFO - Processing file /home/airflow/.local/lib/python3.12/site-packages/airflow/example_dags/example_complex.py for tasks to queue
[2026-05-13T09:34:33.058+0000] {logging_mixin.py:188} INFO - [2026-05-13T09:34:33.057+0000] {dagbag.py:545} INFO - Filling up the DagBag from /home/airflow/.local/lib/python3.12/site-packages/airflow/example_dags/example_complex.py
[2026-05-13T09:34:33.066+0000] {processor.py:840} INFO - DAG(s) 'example_complex' retrieved from /home/airflow/.local/lib/python3.12/site-packages/airflow/example_dags/example_complex.py
[2026-05-13T09:34:33.092+0000] {logging_mixin.py:188} INFO - [2026-05-13T09:34:33.092+0000] {dag.py:3089} INFO - Sync 1 DAGs
[2026-05-13T09:34:33.102+0000] {logging_mixin.py:188} INFO - [2026-05-13T09:34:33.102+0000] {dag.py:3947} INFO - Setting next_dagrun for example_complex to None, run_after=None
[2026-05-13T09:34:33.116+0000] {processor.py:183} INFO - Processing /home/airflow/.local/lib/python3.12/site-packages/airflow/example_dags/example_complex.py took 0.066 seconds
[2026-05-13T09:35:03.340+0000] {processor.py:161} INFO - Started process (PID=831) to work on /home/airflow/.local/lib/python3.12/site-packages/airflow/example_dags/example_complex.py
[2026-05-13T09:35:03.341+0000] {processor.py:830} INFO - Processing file /home/airflow/.local/lib/python3.12/site-packages/airflow/example_dags/example_complex.py for tasks to queue
[2026-05-13T09:35:03.342+0000] {logging_mixin.py:188} INFO - [2026-05-13T09:35:03.342+0000] {dagbag.py:545} INFO - Filling up the DagBag from /home/airflow/.local/lib/python3.12/site-packages/airflow/example_dags/example_complex.py
[2026-05-13T09:35:03.351+0000] {processor.py:840} INFO - DAG(s) 'example_complex' retrieved from /home/airflow/.local/lib/python3.12/site-packages/airflow/example_dags/example_complex.py
[2026-05-13T09:35:03.378+0000] {logging_mixin.py:188} INFO - [2026-05-13T09:35:03.378+0000] {dag.py:3089} INFO - Sync 1 DAGs
[2026-05-13T09:35:03.389+0000] {logging_mixin.py:188} INFO - [2026-05-13T09:35:03.388+0000] {dag.py:3947} INFO - Setting next_dagrun for example_complex to None, run_after=None
[2026-05-13T09:35:03.404+0000] {processor.py:183} INFO - Processing /home/airflow/.local/lib/python3.12/site-packages/airflow/example_dags/example_complex.py took 0.069 seconds
[2026-05-13T09:35:33.786+0000] {processor.py:161} INFO - Started process (PID=889) to work on /home/airflow/.local/lib/python3.12/site-packages/airflow/example_dags/example_complex.py
[2026-05-13T09:35:33.787+0000] {processor.py:830} INFO - Processing file /home/airflow/.local/lib/python3.12/site-packages/airflow/example_dags/example_complex.py for tasks to queue
[2026-05-13T09:35:33.789+0000] {logging_mixin.py:188} INFO - [2026-05-13T09:35:33.788+0000] {dagbag.py:545} INFO - Filling up the DagBag from /home/airflow/.local/lib/python3.12/site-packages/airflow/example_dags/example_complex.py
[2026-05-13T09:35:33.797+0000] {processor.py:840} INFO - DAG(s) 'example_complex' retrieved from /home/airflow/.local/lib/python3.12/site-packages/airflow/example_dags/example_complex.py
[2026-05-13T09:35:33.823+0000] {logging_mixin.py:188} INFO - [2026-05-13T09:35:33.823+0000] {dag.py:3089} INFO - Sync 1 DAGs
[2026-05-13T09:35:33.833+0000] {logging_mixin.py:188} INFO - [2026-05-13T09:35:33.833+0000] {dag.py:3947} INFO - Setting next_dagrun for example_complex to None, run_after=None
[2026-05-13T09:35:33.848+0000] {processor.py:183} INFO - Processing /home/airflow/.local/lib/python3.12/site-packages/airflow/example_dags/example_complex.py took 0.066 seconds
[2026-05-13T09:36:04.137+0000] {processor.py:161} INFO - Started process (PID=947) to work on /home/airflow/.local/lib/python3.12/site-packages/airflow/example_dags/example_complex.py
[2026-05-13T09:36:04.138+0000] {processor.py:830} INFO - Processing file /home/airflow/.local/lib/python3.12/site-packages/airflow/example_dags/example_complex.py for tasks to queue
[2026-05-13T09:36:04.139+0000] {logging_mixin.py:188} INFO - [2026-05-13T09:36:04.139+0000] {dagbag.py:545} INFO - Filling up the DagBag from /home/airflow/.local/lib/python3.12/site-packages/airflow/example_dags/example_complex.py
[2026-05-13T09:36:04.148+0000] {processor.py:840} INFO - DAG(s) 'example_complex' retrieved from /home/airflow/.local/lib/python3.12/site-packages/airflow/example_dags/example_complex.py
[2026-05-13T09:36:04.175+0000] {logging_mixin.py:188} INFO - [2026-05-13T09:36:04.174+0000] {dag.py:3089} INFO - Sync 1 DAGs
[2026-05-13T09:36:04.185+0000] {logging_mixin.py:188} INFO - [2026-05-13T09:36:04.185+0000] {dag.py:3947} INFO - Setting next_dagrun for example_complex to None, run_after=None
[2026-05-13T09:36:04.201+0000] {processor.py:183} INFO - Processing /home/airflow/.local/lib/python3.12/site-packages/airflow/example_dags/example_complex.py took 0.069 seconds
[2026-05-13T09:36:34.571+0000] {processor.py:161} INFO - Started process (PID=1005) to work on /home/airflow/.local/lib/python3.12/site-packages/airflow/example_dags/example_complex.py
[2026-05-13T09:36:34.571+0000] {processor.py:830} INFO - Processing file /home/airflow/.local/lib/python3.12/site-packages/airflow/example_dags/example_complex.py for tasks to queue
[2026-05-13T09:36:34.572+0000] {logging_mixin.py:188} INFO - [2026-05-13T09:36:34.572+0000] {dagbag.py:545} INFO - Filling up the DagBag from /home/airflow/.local/lib/python3.12/site-packages/airflow/example_dags/example_complex.py
[2026-05-13T09:36:34.581+0000] {processor.py:840} INFO - DAG(s) 'example_complex' retrieved from /home/airflow/.local/lib/python3.12/site-packages/airflow/example_dags/example_complex.py
[2026-05-13T09:36:34.607+0000] {logging_mixin.py:188} INFO - [2026-05-13T09:36:34.607+0000] {dag.py:3089} INFO - Sync 1 DAGs
[2026-05-13T09:36:34.617+0000] {logging_mixin.py:188} INFO - [2026-05-13T09:36:34.617+0000] {dag.py:3947} INFO - Setting next_dagrun for example_complex to None, run_after=None
[2026-05-13T09:36:34.631+0000] {processor.py:183} INFO - Processing /home/airflow/.local/lib/python3.12/site-packages/airflow/example_dags/example_complex.py took 0.065 seconds
[2026-05-13T09:37:05.049+0000] {processor.py:161} INFO - Started process (PID=1063) to work on /home/airflow/.local/lib/python3.12/site-packages/airflow/example_dags/example_complex.py
[2026-05-13T09:37:05.050+0000] {processor.py:830} INFO - Processing file /home/airflow/.local/lib/python3.12/site-packages/airflow/example_dags/example_complex.py for tasks to queue
[2026-05-13T09:37:05.051+0000] {logging_mixin.py:188} INFO - [2026-05-13T09:37:05.051+0000] {dagbag.py:545} INFO - Filling up the DagBag from /home/airflow/.local/lib/python3.12/site-packages/airflow/example_dags/example_complex.py
[2026-05-13T09:37:05.059+0000] {processor.py:840} INFO - DAG(s) 'example_complex' retrieved from /home/airflow/.local/lib/python3.12/site-packages/airflow/example_dags/example_complex.py
[2026-05-13T09:37:05.086+0000] {logging_mixin.py:188} INFO - [2026-05-13T09:37:05.086+0000] {dag.py:3089} INFO - Sync 1 DAGs
[2026-05-13T09:37:05.096+0000] {logging_mixin.py:188} INFO - [2026-05-13T09:37:05.096+0000] {dag.py:3947} INFO - Setting next_dagrun for example_complex to None, run_after=None
[2026-05-13T09:37:05.110+0000] {processor.py:183} INFO - Processing /home/airflow/.local/lib/python3.12/site-packages/airflow/example_dags/example_complex.py took 0.066 seconds
[2026-05-13T09:37:35.497+0000] {processor.py:161} INFO - Started process (PID=1121) to work on /home/airflow/.local/lib/python3.12/site-packages/airflow/example_dags/example_complex.py
[2026-05-13T09:37:35.498+0000] {processor.py:830} INFO - Processing file /home/airflow/.local/lib/python3.12/site-packages/airflow/example_dags/example_complex.py for tasks to queue
[2026-05-13T09:37:35.499+0000] {logging_mixin.py:188} INFO - [2026-05-13T09:37:35.499+0000] {dagbag.py:545} INFO - Filling up the DagBag from /home/airflow/.local/lib/python3.12/site-packages/airflow/example_dags/example_complex.py
[2026-05-13T09:37:35.508+0000] {processor.py:840} INFO - DAG(s) 'example_complex' retrieved from /home/airflow/.local/lib/python3.12/site-packages/airflow/example_dags/example_complex.py
[2026-05-13T09:37:35.534+0000] {logging_mixin.py:188} INFO - [2026-05-13T09:37:35.534+0000] {dag.py:3089} INFO - Sync 1 DAGs
[2026-05-13T09:37:35.544+0000] {logging_mixin.py:188} INFO - [2026-05-13T09:37:35.544+0000] {dag.py:3947} INFO - Setting next_dagrun for example_complex to None, run_after=None
[2026-05-13T09:37:35.559+0000] {processor.py:183} INFO - Processing /home/airflow/.local/lib/python3.12/site-packages/airflow/example_dags/example_complex.py took 0.066 seconds
[2026-05-13T09:38:05.996+0000] {processor.py:161} INFO - Started process (PID=1179) to work on /home/airflow/.local/lib/python3.12/site-packages/airflow/example_dags/example_complex.py
[2026-05-13T09:38:05.997+0000] {processor.py:830} INFO - Processing file /home/airflow/.local/lib/python3.12/site-packages/airflow/example_dags/example_complex.py for tasks to queue
[2026-05-13T09:38:05.998+0000] {logging_mixin.py:188} INFO - [2026-05-13T09:38:05.998+0000] {dagbag.py:545} INFO - Filling up the DagBag from /home/airflow/.local/lib/python3.12/site-packages/airflow/example_dags/example_complex.py
[2026-05-13T09:38:06.006+0000] {processor.py:840} INFO - DAG(s) 'example_complex' retrieved from /home/airflow/.local/lib/python3.12/site-packages/airflow/example_dags/example_complex.py
[2026-05-13T09:38:06.032+0000] {logging_mixin.py:188} INFO - [2026-05-13T09:38:06.032+0000] {dag.py:3089} INFO - Sync 1 DAGs
[2026-05-13T09:38:06.042+0000] {logging_mixin.py:188} INFO - [2026-05-13T09:38:06.042+0000] {dag.py:3947} INFO - Setting next_dagrun for example_complex to None, run_after=None
[2026-05-13T09:38:06.056+0000] {processor.py:183} INFO - Processing /home/airflow/.local/lib/python3.12/site-packages/airflow/example_dags/example_complex.py took 0.065 seconds
