[2026-05-13T09:28:25.265+0000] {processor.py:161} INFO - Started process (PID=67) to work on /home/airflow/.local/lib/python3.12/site-packages/airflow/example_dags/example_short_circuit_operator.py
[2026-05-13T09:28:25.266+0000] {processor.py:830} INFO - Processing file /home/airflow/.local/lib/python3.12/site-packages/airflow/example_dags/example_short_circuit_operator.py for tasks to queue
[2026-05-13T09:28:25.268+0000] {logging_mixin.py:188} INFO - [2026-05-13T09:28:25.268+0000] {dagbag.py:545} INFO - Filling up the DagBag from /home/airflow/.local/lib/python3.12/site-packages/airflow/example_dags/example_short_circuit_operator.py
[2026-05-13T09:28:25.278+0000] {processor.py:840} INFO - DAG(s) 'example_short_circuit_operator' retrieved from /home/airflow/.local/lib/python3.12/site-packages/airflow/example_dags/example_short_circuit_operator.py
[2026-05-13T09:28:25.300+0000] {logging_mixin.py:188} INFO - [2026-05-13T09:28:25.300+0000] {dag.py:3089} INFO - Sync 1 DAGs
[2026-05-13T09:28:25.322+0000] {logging_mixin.py:188} INFO - [2026-05-13T09:28:25.322+0000] {dag.py:3947} INFO - Setting next_dagrun for example_short_circuit_operator to 2026-05-12 00:00:00+00:00, run_after=2026-05-13 00:00:00+00:00
[2026-05-13T09:28:25.341+0000] {processor.py:183} INFO - Processing /home/airflow/.local/lib/python3.12/site-packages/airflow/example_dags/example_short_circuit_operator.py took 0.082 seconds
[2026-05-13T09:28:56.396+0000] {processor.py:161} INFO - Started process (PID=125) to work on /home/airflow/.local/lib/python3.12/site-packages/airflow/example_dags/example_short_circuit_operator.py
[2026-05-13T09:28:56.397+0000] {processor.py:830} INFO - Processing file /home/airflow/.local/lib/python3.12/site-packages/airflow/example_dags/example_short_circuit_operator.py for tasks to queue
[2026-05-13T09:28:56.399+0000] {logging_mixin.py:188} INFO - [2026-05-13T09:28:56.398+0000] {dagbag.py:545} INFO - Filling up the DagBag from /home/airflow/.local/lib/python3.12/site-packages/airflow/example_dags/example_short_circuit_operator.py
[2026-05-13T09:28:56.405+0000] {processor.py:840} INFO - DAG(s) 'example_short_circuit_operator' retrieved from /home/airflow/.local/lib/python3.12/site-packages/airflow/example_dags/example_short_circuit_operator.py
[2026-05-13T09:28:56.426+0000] {logging_mixin.py:188} INFO - [2026-05-13T09:28:56.425+0000] {dag.py:3089} INFO - Sync 1 DAGs
[2026-05-13T09:28:56.446+0000] {logging_mixin.py:188} INFO - [2026-05-13T09:28:56.446+0000] {dag.py:3947} INFO - Setting next_dagrun for example_short_circuit_operator to 2026-05-12 00:00:00+00:00, run_after=2026-05-13 00:00:00+00:00
[2026-05-13T09:28:56.470+0000] {processor.py:183} INFO - Processing /home/airflow/.local/lib/python3.12/site-packages/airflow/example_dags/example_short_circuit_operator.py took 0.080 seconds
[2026-05-13T09:29:26.847+0000] {processor.py:161} INFO - Started process (PID=183) to work on /home/airflow/.local/lib/python3.12/site-packages/airflow/example_dags/example_short_circuit_operator.py
[2026-05-13T09:29:26.848+0000] {processor.py:830} INFO - Processing file /home/airflow/.local/lib/python3.12/site-packages/airflow/example_dags/example_short_circuit_operator.py for tasks to queue
[2026-05-13T09:29:26.849+0000] {logging_mixin.py:188} INFO - [2026-05-13T09:29:26.849+0000] {dagbag.py:545} INFO - Filling up the DagBag from /home/airflow/.local/lib/python3.12/site-packages/airflow/example_dags/example_short_circuit_operator.py
[2026-05-13T09:29:26.855+0000] {processor.py:840} INFO - DAG(s) 'example_short_circuit_operator' retrieved from /home/airflow/.local/lib/python3.12/site-packages/airflow/example_dags/example_short_circuit_operator.py
[2026-05-13T09:29:26.875+0000] {logging_mixin.py:188} INFO - [2026-05-13T09:29:26.875+0000] {dag.py:3089} INFO - Sync 1 DAGs
[2026-05-13T09:29:26.894+0000] {logging_mixin.py:188} INFO - [2026-05-13T09:29:26.894+0000] {dag.py:3947} INFO - Setting next_dagrun for example_short_circuit_operator to 2026-05-12 00:00:00+00:00, run_after=2026-05-13 00:00:00+00:00
[2026-05-13T09:29:26.909+0000] {processor.py:183} INFO - Processing /home/airflow/.local/lib/python3.12/site-packages/airflow/example_dags/example_short_circuit_operator.py took 0.067 seconds
[2026-05-13T09:29:57.065+0000] {processor.py:161} INFO - Started process (PID=242) to work on /home/airflow/.local/lib/python3.12/site-packages/airflow/example_dags/example_short_circuit_operator.py
[2026-05-13T09:29:57.065+0000] {processor.py:830} INFO - Processing file /home/airflow/.local/lib/python3.12/site-packages/airflow/example_dags/example_short_circuit_operator.py for tasks to queue
[2026-05-13T09:29:57.067+0000] {logging_mixin.py:188} INFO - [2026-05-13T09:29:57.066+0000] {dagbag.py:545} INFO - Filling up the DagBag from /home/airflow/.local/lib/python3.12/site-packages/airflow/example_dags/example_short_circuit_operator.py
[2026-05-13T09:29:57.073+0000] {processor.py:840} INFO - DAG(s) 'example_short_circuit_operator' retrieved from /home/airflow/.local/lib/python3.12/site-packages/airflow/example_dags/example_short_circuit_operator.py
[2026-05-13T09:29:57.092+0000] {logging_mixin.py:188} INFO - [2026-05-13T09:29:57.092+0000] {dag.py:3089} INFO - Sync 1 DAGs
[2026-05-13T09:29:57.110+0000] {logging_mixin.py:188} INFO - [2026-05-13T09:29:57.110+0000] {dag.py:3947} INFO - Setting next_dagrun for example_short_circuit_operator to 2026-05-12 00:00:00+00:00, run_after=2026-05-13 00:00:00+00:00
[2026-05-13T09:29:57.125+0000] {processor.py:183} INFO - Processing /home/airflow/.local/lib/python3.12/site-packages/airflow/example_dags/example_short_circuit_operator.py took 0.065 seconds
[2026-05-13T09:30:27.558+0000] {processor.py:161} INFO - Started process (PID=300) to work on /home/airflow/.local/lib/python3.12/site-packages/airflow/example_dags/example_short_circuit_operator.py
[2026-05-13T09:30:27.559+0000] {processor.py:830} INFO - Processing file /home/airflow/.local/lib/python3.12/site-packages/airflow/example_dags/example_short_circuit_operator.py for tasks to queue
[2026-05-13T09:30:27.560+0000] {logging_mixin.py:188} INFO - [2026-05-13T09:30:27.560+0000] {dagbag.py:545} INFO - Filling up the DagBag from /home/airflow/.local/lib/python3.12/site-packages/airflow/example_dags/example_short_circuit_operator.py
[2026-05-13T09:30:27.566+0000] {processor.py:840} INFO - DAG(s) 'example_short_circuit_operator' retrieved from /home/airflow/.local/lib/python3.12/site-packages/airflow/example_dags/example_short_circuit_operator.py
[2026-05-13T09:30:27.585+0000] {logging_mixin.py:188} INFO - [2026-05-13T09:30:27.585+0000] {dag.py:3089} INFO - Sync 1 DAGs
[2026-05-13T09:30:27.603+0000] {logging_mixin.py:188} INFO - [2026-05-13T09:30:27.603+0000] {dag.py:3947} INFO - Setting next_dagrun for example_short_circuit_operator to 2026-05-12 00:00:00+00:00, run_after=2026-05-13 00:00:00+00:00
[2026-05-13T09:30:27.618+0000] {processor.py:183} INFO - Processing /home/airflow/.local/lib/python3.12/site-packages/airflow/example_dags/example_short_circuit_operator.py took 0.065 seconds
[2026-05-13T09:30:57.907+0000] {processor.py:161} INFO - Started process (PID=358) to work on /home/airflow/.local/lib/python3.12/site-packages/airflow/example_dags/example_short_circuit_operator.py
[2026-05-13T09:30:57.907+0000] {processor.py:830} INFO - Processing file /home/airflow/.local/lib/python3.12/site-packages/airflow/example_dags/example_short_circuit_operator.py for tasks to queue
[2026-05-13T09:30:57.909+0000] {logging_mixin.py:188} INFO - [2026-05-13T09:30:57.908+0000] {dagbag.py:545} INFO - Filling up the DagBag from /home/airflow/.local/lib/python3.12/site-packages/airflow/example_dags/example_short_circuit_operator.py
[2026-05-13T09:30:57.914+0000] {processor.py:840} INFO - DAG(s) 'example_short_circuit_operator' retrieved from /home/airflow/.local/lib/python3.12/site-packages/airflow/example_dags/example_short_circuit_operator.py
[2026-05-13T09:30:57.933+0000] {logging_mixin.py:188} INFO - [2026-05-13T09:30:57.932+0000] {dag.py:3089} INFO - Sync 1 DAGs
[2026-05-13T09:30:57.951+0000] {logging_mixin.py:188} INFO - [2026-05-13T09:30:57.951+0000] {dag.py:3947} INFO - Setting next_dagrun for example_short_circuit_operator to 2026-05-12 00:00:00+00:00, run_after=2026-05-13 00:00:00+00:00
[2026-05-13T09:30:57.965+0000] {processor.py:183} INFO - Processing /home/airflow/.local/lib/python3.12/site-packages/airflow/example_dags/example_short_circuit_operator.py took 0.063 seconds
[2026-05-13T09:31:28.561+0000] {processor.py:161} INFO - Started process (PID=421) to work on /home/airflow/.local/lib/python3.12/site-packages/airflow/example_dags/example_short_circuit_operator.py
[2026-05-13T09:31:28.585+0000] {processor.py:830} INFO - Processing file /home/airflow/.local/lib/python3.12/site-packages/airflow/example_dags/example_short_circuit_operator.py for tasks to queue
[2026-05-13T09:31:28.586+0000] {logging_mixin.py:188} INFO - [2026-05-13T09:31:28.586+0000] {dagbag.py:545} INFO - Filling up the DagBag from /home/airflow/.local/lib/python3.12/site-packages/airflow/example_dags/example_short_circuit_operator.py
[2026-05-13T09:31:28.592+0000] {processor.py:840} INFO - DAG(s) 'example_short_circuit_operator' retrieved from /home/airflow/.local/lib/python3.12/site-packages/airflow/example_dags/example_short_circuit_operator.py
[2026-05-13T09:31:28.610+0000] {logging_mixin.py:188} INFO - [2026-05-13T09:31:28.610+0000] {dag.py:3089} INFO - Sync 1 DAGs
[2026-05-13T09:31:28.628+0000] {logging_mixin.py:188} INFO - [2026-05-13T09:31:28.628+0000] {dag.py:3947} INFO - Setting next_dagrun for example_short_circuit_operator to 2026-05-12 00:00:00+00:00, run_after=2026-05-13 00:00:00+00:00
[2026-05-13T09:31:28.651+0000] {processor.py:183} INFO - Processing /home/airflow/.local/lib/python3.12/site-packages/airflow/example_dags/example_short_circuit_operator.py took 0.095 seconds
[2026-05-13T09:31:59.423+0000] {processor.py:161} INFO - Started process (PID=479) to work on /home/airflow/.local/lib/python3.12/site-packages/airflow/example_dags/example_short_circuit_operator.py
[2026-05-13T09:31:59.424+0000] {processor.py:830} INFO - Processing file /home/airflow/.local/lib/python3.12/site-packages/airflow/example_dags/example_short_circuit_operator.py for tasks to queue
[2026-05-13T09:31:59.425+0000] {logging_mixin.py:188} INFO - [2026-05-13T09:31:59.425+0000] {dagbag.py:545} INFO - Filling up the DagBag from /home/airflow/.local/lib/python3.12/site-packages/airflow/example_dags/example_short_circuit_operator.py
[2026-05-13T09:31:59.430+0000] {processor.py:840} INFO - DAG(s) 'example_short_circuit_operator' retrieved from /home/airflow/.local/lib/python3.12/site-packages/airflow/example_dags/example_short_circuit_operator.py
[2026-05-13T09:31:59.449+0000] {logging_mixin.py:188} INFO - [2026-05-13T09:31:59.449+0000] {dag.py:3089} INFO - Sync 1 DAGs
[2026-05-13T09:31:59.467+0000] {logging_mixin.py:188} INFO - [2026-05-13T09:31:59.466+0000] {dag.py:3947} INFO - Setting next_dagrun for example_short_circuit_operator to 2026-05-12 00:00:00+00:00, run_after=2026-05-13 00:00:00+00:00
[2026-05-13T09:31:59.481+0000] {processor.py:183} INFO - Processing /home/airflow/.local/lib/python3.12/site-packages/airflow/example_dags/example_short_circuit_operator.py took 0.063 seconds
[2026-05-13T09:32:29.873+0000] {processor.py:161} INFO - Started process (PID=537) to work on /home/airflow/.local/lib/python3.12/site-packages/airflow/example_dags/example_short_circuit_operator.py
[2026-05-13T09:32:29.875+0000] {processor.py:830} INFO - Processing file /home/airflow/.local/lib/python3.12/site-packages/airflow/example_dags/example_short_circuit_operator.py for tasks to queue
[2026-05-13T09:32:29.876+0000] {logging_mixin.py:188} INFO - [2026-05-13T09:32:29.876+0000] {dagbag.py:545} INFO - Filling up the DagBag from /home/airflow/.local/lib/python3.12/site-packages/airflow/example_dags/example_short_circuit_operator.py
[2026-05-13T09:32:29.881+0000] {processor.py:840} INFO - DAG(s) 'example_short_circuit_operator' retrieved from /home/airflow/.local/lib/python3.12/site-packages/airflow/example_dags/example_short_circuit_operator.py
[2026-05-13T09:32:29.900+0000] {logging_mixin.py:188} INFO - [2026-05-13T09:32:29.900+0000] {dag.py:3089} INFO - Sync 1 DAGs
[2026-05-13T09:32:29.917+0000] {logging_mixin.py:188} INFO - [2026-05-13T09:32:29.917+0000] {dag.py:3947} INFO - Setting next_dagrun for example_short_circuit_operator to 2026-05-12 00:00:00+00:00, run_after=2026-05-13 00:00:00+00:00
[2026-05-13T09:32:29.932+0000] {processor.py:183} INFO - Processing /home/airflow/.local/lib/python3.12/site-packages/airflow/example_dags/example_short_circuit_operator.py took 0.063 seconds
[2026-05-13T09:33:00.370+0000] {processor.py:161} INFO - Started process (PID=595) to work on /home/airflow/.local/lib/python3.12/site-packages/airflow/example_dags/example_short_circuit_operator.py
[2026-05-13T09:33:00.371+0000] {processor.py:830} INFO - Processing file /home/airflow/.local/lib/python3.12/site-packages/airflow/example_dags/example_short_circuit_operator.py for tasks to queue
[2026-05-13T09:33:00.372+0000] {logging_mixin.py:188} INFO - [2026-05-13T09:33:00.372+0000] {dagbag.py:545} INFO - Filling up the DagBag from /home/airflow/.local/lib/python3.12/site-packages/airflow/example_dags/example_short_circuit_operator.py
[2026-05-13T09:33:00.378+0000] {processor.py:840} INFO - DAG(s) 'example_short_circuit_operator' retrieved from /home/airflow/.local/lib/python3.12/site-packages/airflow/example_dags/example_short_circuit_operator.py
[2026-05-13T09:33:00.396+0000] {logging_mixin.py:188} INFO - [2026-05-13T09:33:00.396+0000] {dag.py:3089} INFO - Sync 1 DAGs
[2026-05-13T09:33:00.413+0000] {logging_mixin.py:188} INFO - [2026-05-13T09:33:00.413+0000] {dag.py:3947} INFO - Setting next_dagrun for example_short_circuit_operator to 2026-05-12 00:00:00+00:00, run_after=2026-05-13 00:00:00+00:00
[2026-05-13T09:33:00.428+0000] {processor.py:183} INFO - Processing /home/airflow/.local/lib/python3.12/site-packages/airflow/example_dags/example_short_circuit_operator.py took 0.062 seconds
[2026-05-13T09:33:31.098+0000] {processor.py:161} INFO - Started process (PID=653) to work on /home/airflow/.local/lib/python3.12/site-packages/airflow/example_dags/example_short_circuit_operator.py
[2026-05-13T09:33:31.098+0000] {processor.py:830} INFO - Processing file /home/airflow/.local/lib/python3.12/site-packages/airflow/example_dags/example_short_circuit_operator.py for tasks to queue
[2026-05-13T09:33:31.100+0000] {logging_mixin.py:188} INFO - [2026-05-13T09:33:31.100+0000] {dagbag.py:545} INFO - Filling up the DagBag from /home/airflow/.local/lib/python3.12/site-packages/airflow/example_dags/example_short_circuit_operator.py
[2026-05-13T09:33:31.106+0000] {processor.py:840} INFO - DAG(s) 'example_short_circuit_operator' retrieved from /home/airflow/.local/lib/python3.12/site-packages/airflow/example_dags/example_short_circuit_operator.py
[2026-05-13T09:33:31.124+0000] {logging_mixin.py:188} INFO - [2026-05-13T09:33:31.124+0000] {dag.py:3089} INFO - Sync 1 DAGs
[2026-05-13T09:33:31.143+0000] {logging_mixin.py:188} INFO - [2026-05-13T09:33:31.143+0000] {dag.py:3947} INFO - Setting next_dagrun for example_short_circuit_operator to 2026-05-12 00:00:00+00:00, run_after=2026-05-13 00:00:00+00:00
[2026-05-13T09:33:31.158+0000] {processor.py:183} INFO - Processing /home/airflow/.local/lib/python3.12/site-packages/airflow/example_dags/example_short_circuit_operator.py took 0.066 seconds
[2026-05-13T09:34:01.539+0000] {processor.py:161} INFO - Started process (PID=711) to work on /home/airflow/.local/lib/python3.12/site-packages/airflow/example_dags/example_short_circuit_operator.py
[2026-05-13T09:34:01.539+0000] {processor.py:830} INFO - Processing file /home/airflow/.local/lib/python3.12/site-packages/airflow/example_dags/example_short_circuit_operator.py for tasks to queue
[2026-05-13T09:34:01.540+0000] {logging_mixin.py:188} INFO - [2026-05-13T09:34:01.540+0000] {dagbag.py:545} INFO - Filling up the DagBag from /home/airflow/.local/lib/python3.12/site-packages/airflow/example_dags/example_short_circuit_operator.py
[2026-05-13T09:34:01.546+0000] {processor.py:840} INFO - DAG(s) 'example_short_circuit_operator' retrieved from /home/airflow/.local/lib/python3.12/site-packages/airflow/example_dags/example_short_circuit_operator.py
[2026-05-13T09:34:01.564+0000] {logging_mixin.py:188} INFO - [2026-05-13T09:34:01.564+0000] {dag.py:3089} INFO - Sync 1 DAGs
[2026-05-13T09:34:01.582+0000] {logging_mixin.py:188} INFO - [2026-05-13T09:34:01.582+0000] {dag.py:3947} INFO - Setting next_dagrun for example_short_circuit_operator to 2026-05-12 00:00:00+00:00, run_after=2026-05-13 00:00:00+00:00
[2026-05-13T09:34:01.597+0000] {processor.py:183} INFO - Processing /home/airflow/.local/lib/python3.12/site-packages/airflow/example_dags/example_short_circuit_operator.py took 0.063 seconds
[2026-05-13T09:34:31.809+0000] {processor.py:161} INFO - Started process (PID=768) to work on /home/airflow/.local/lib/python3.12/site-packages/airflow/example_dags/example_short_circuit_operator.py
[2026-05-13T09:34:31.810+0000] {processor.py:830} INFO - Processing file /home/airflow/.local/lib/python3.12/site-packages/airflow/example_dags/example_short_circuit_operator.py for tasks to queue
[2026-05-13T09:34:31.811+0000] {logging_mixin.py:188} INFO - [2026-05-13T09:34:31.811+0000] {dagbag.py:545} INFO - Filling up the DagBag from /home/airflow/.local/lib/python3.12/site-packages/airflow/example_dags/example_short_circuit_operator.py
[2026-05-13T09:34:31.816+0000] {processor.py:840} INFO - DAG(s) 'example_short_circuit_operator' retrieved from /home/airflow/.local/lib/python3.12/site-packages/airflow/example_dags/example_short_circuit_operator.py
[2026-05-13T09:34:31.835+0000] {logging_mixin.py:188} INFO - [2026-05-13T09:34:31.835+0000] {dag.py:3089} INFO - Sync 1 DAGs
[2026-05-13T09:34:31.853+0000] {logging_mixin.py:188} INFO - [2026-05-13T09:34:31.852+0000] {dag.py:3947} INFO - Setting next_dagrun for example_short_circuit_operator to 2026-05-12 00:00:00+00:00, run_after=2026-05-13 00:00:00+00:00
[2026-05-13T09:34:31.867+0000] {processor.py:183} INFO - Processing /home/airflow/.local/lib/python3.12/site-packages/airflow/example_dags/example_short_circuit_operator.py took 0.063 seconds
[2026-05-13T09:35:02.075+0000] {processor.py:161} INFO - Started process (PID=825) to work on /home/airflow/.local/lib/python3.12/site-packages/airflow/example_dags/example_short_circuit_operator.py
[2026-05-13T09:35:02.076+0000] {processor.py:830} INFO - Processing file /home/airflow/.local/lib/python3.12/site-packages/airflow/example_dags/example_short_circuit_operator.py for tasks to queue
[2026-05-13T09:35:02.077+0000] {logging_mixin.py:188} INFO - [2026-05-13T09:35:02.077+0000] {dagbag.py:545} INFO - Filling up the DagBag from /home/airflow/.local/lib/python3.12/site-packages/airflow/example_dags/example_short_circuit_operator.py
[2026-05-13T09:35:02.083+0000] {processor.py:840} INFO - DAG(s) 'example_short_circuit_operator' retrieved from /home/airflow/.local/lib/python3.12/site-packages/airflow/example_dags/example_short_circuit_operator.py
[2026-05-13T09:35:02.101+0000] {logging_mixin.py:188} INFO - [2026-05-13T09:35:02.101+0000] {dag.py:3089} INFO - Sync 1 DAGs
[2026-05-13T09:35:02.119+0000] {logging_mixin.py:188} INFO - [2026-05-13T09:35:02.119+0000] {dag.py:3947} INFO - Setting next_dagrun for example_short_circuit_operator to 2026-05-12 00:00:00+00:00, run_after=2026-05-13 00:00:00+00:00
[2026-05-13T09:35:02.134+0000] {processor.py:183} INFO - Processing /home/airflow/.local/lib/python3.12/site-packages/airflow/example_dags/example_short_circuit_operator.py took 0.063 seconds
[2026-05-13T09:35:32.534+0000] {processor.py:161} INFO - Started process (PID=883) to work on /home/airflow/.local/lib/python3.12/site-packages/airflow/example_dags/example_short_circuit_operator.py
[2026-05-13T09:35:32.534+0000] {processor.py:830} INFO - Processing file /home/airflow/.local/lib/python3.12/site-packages/airflow/example_dags/example_short_circuit_operator.py for tasks to queue
[2026-05-13T09:35:32.536+0000] {logging_mixin.py:188} INFO - [2026-05-13T09:35:32.535+0000] {dagbag.py:545} INFO - Filling up the DagBag from /home/airflow/.local/lib/python3.12/site-packages/airflow/example_dags/example_short_circuit_operator.py
[2026-05-13T09:35:32.541+0000] {processor.py:840} INFO - DAG(s) 'example_short_circuit_operator' retrieved from /home/airflow/.local/lib/python3.12/site-packages/airflow/example_dags/example_short_circuit_operator.py
[2026-05-13T09:35:32.560+0000] {logging_mixin.py:188} INFO - [2026-05-13T09:35:32.560+0000] {dag.py:3089} INFO - Sync 1 DAGs
[2026-05-13T09:35:32.578+0000] {logging_mixin.py:188} INFO - [2026-05-13T09:35:32.578+0000] {dag.py:3947} INFO - Setting next_dagrun for example_short_circuit_operator to 2026-05-12 00:00:00+00:00, run_after=2026-05-13 00:00:00+00:00
[2026-05-13T09:35:32.593+0000] {processor.py:183} INFO - Processing /home/airflow/.local/lib/python3.12/site-packages/airflow/example_dags/example_short_circuit_operator.py took 0.064 seconds
[2026-05-13T09:36:02.896+0000] {processor.py:161} INFO - Started process (PID=941) to work on /home/airflow/.local/lib/python3.12/site-packages/airflow/example_dags/example_short_circuit_operator.py
[2026-05-13T09:36:02.897+0000] {processor.py:830} INFO - Processing file /home/airflow/.local/lib/python3.12/site-packages/airflow/example_dags/example_short_circuit_operator.py for tasks to queue
[2026-05-13T09:36:02.898+0000] {logging_mixin.py:188} INFO - [2026-05-13T09:36:02.898+0000] {dagbag.py:545} INFO - Filling up the DagBag from /home/airflow/.local/lib/python3.12/site-packages/airflow/example_dags/example_short_circuit_operator.py
[2026-05-13T09:36:02.904+0000] {processor.py:840} INFO - DAG(s) 'example_short_circuit_operator' retrieved from /home/airflow/.local/lib/python3.12/site-packages/airflow/example_dags/example_short_circuit_operator.py
[2026-05-13T09:36:02.924+0000] {logging_mixin.py:188} INFO - [2026-05-13T09:36:02.923+0000] {dag.py:3089} INFO - Sync 1 DAGs
[2026-05-13T09:36:02.942+0000] {logging_mixin.py:188} INFO - [2026-05-13T09:36:02.942+0000] {dag.py:3947} INFO - Setting next_dagrun for example_short_circuit_operator to 2026-05-12 00:00:00+00:00, run_after=2026-05-13 00:00:00+00:00
[2026-05-13T09:36:02.958+0000] {processor.py:183} INFO - Processing /home/airflow/.local/lib/python3.12/site-packages/airflow/example_dags/example_short_circuit_operator.py took 0.067 seconds
[2026-05-13T09:36:33.324+0000] {processor.py:161} INFO - Started process (PID=999) to work on /home/airflow/.local/lib/python3.12/site-packages/airflow/example_dags/example_short_circuit_operator.py
[2026-05-13T09:36:33.325+0000] {processor.py:830} INFO - Processing file /home/airflow/.local/lib/python3.12/site-packages/airflow/example_dags/example_short_circuit_operator.py for tasks to queue
[2026-05-13T09:36:33.326+0000] {logging_mixin.py:188} INFO - [2026-05-13T09:36:33.326+0000] {dagbag.py:545} INFO - Filling up the DagBag from /home/airflow/.local/lib/python3.12/site-packages/airflow/example_dags/example_short_circuit_operator.py
[2026-05-13T09:36:33.331+0000] {processor.py:840} INFO - DAG(s) 'example_short_circuit_operator' retrieved from /home/airflow/.local/lib/python3.12/site-packages/airflow/example_dags/example_short_circuit_operator.py
[2026-05-13T09:36:33.350+0000] {logging_mixin.py:188} INFO - [2026-05-13T09:36:33.350+0000] {dag.py:3089} INFO - Sync 1 DAGs
[2026-05-13T09:36:33.368+0000] {logging_mixin.py:188} INFO - [2026-05-13T09:36:33.368+0000] {dag.py:3947} INFO - Setting next_dagrun for example_short_circuit_operator to 2026-05-12 00:00:00+00:00, run_after=2026-05-13 00:00:00+00:00
[2026-05-13T09:36:33.383+0000] {processor.py:183} INFO - Processing /home/airflow/.local/lib/python3.12/site-packages/airflow/example_dags/example_short_circuit_operator.py took 0.063 seconds
[2026-05-13T09:37:03.812+0000] {processor.py:161} INFO - Started process (PID=1057) to work on /home/airflow/.local/lib/python3.12/site-packages/airflow/example_dags/example_short_circuit_operator.py
[2026-05-13T09:37:03.812+0000] {processor.py:830} INFO - Processing file /home/airflow/.local/lib/python3.12/site-packages/airflow/example_dags/example_short_circuit_operator.py for tasks to queue
[2026-05-13T09:37:03.814+0000] {logging_mixin.py:188} INFO - [2026-05-13T09:37:03.813+0000] {dagbag.py:545} INFO - Filling up the DagBag from /home/airflow/.local/lib/python3.12/site-packages/airflow/example_dags/example_short_circuit_operator.py
[2026-05-13T09:37:03.819+0000] {processor.py:840} INFO - DAG(s) 'example_short_circuit_operator' retrieved from /home/airflow/.local/lib/python3.12/site-packages/airflow/example_dags/example_short_circuit_operator.py
[2026-05-13T09:37:03.839+0000] {logging_mixin.py:188} INFO - [2026-05-13T09:37:03.839+0000] {dag.py:3089} INFO - Sync 1 DAGs
[2026-05-13T09:37:03.859+0000] {logging_mixin.py:188} INFO - [2026-05-13T09:37:03.859+0000] {dag.py:3947} INFO - Setting next_dagrun for example_short_circuit_operator to 2026-05-12 00:00:00+00:00, run_after=2026-05-13 00:00:00+00:00
[2026-05-13T09:37:03.875+0000] {processor.py:183} INFO - Processing /home/airflow/.local/lib/python3.12/site-packages/airflow/example_dags/example_short_circuit_operator.py took 0.068 seconds
[2026-05-13T09:37:34.263+0000] {processor.py:161} INFO - Started process (PID=1115) to work on /home/airflow/.local/lib/python3.12/site-packages/airflow/example_dags/example_short_circuit_operator.py
[2026-05-13T09:37:34.264+0000] {processor.py:830} INFO - Processing file /home/airflow/.local/lib/python3.12/site-packages/airflow/example_dags/example_short_circuit_operator.py for tasks to queue
[2026-05-13T09:37:34.265+0000] {logging_mixin.py:188} INFO - [2026-05-13T09:37:34.265+0000] {dagbag.py:545} INFO - Filling up the DagBag from /home/airflow/.local/lib/python3.12/site-packages/airflow/example_dags/example_short_circuit_operator.py
[2026-05-13T09:37:34.270+0000] {processor.py:840} INFO - DAG(s) 'example_short_circuit_operator' retrieved from /home/airflow/.local/lib/python3.12/site-packages/airflow/example_dags/example_short_circuit_operator.py
[2026-05-13T09:37:34.289+0000] {logging_mixin.py:188} INFO - [2026-05-13T09:37:34.289+0000] {dag.py:3089} INFO - Sync 1 DAGs
[2026-05-13T09:37:34.308+0000] {logging_mixin.py:188} INFO - [2026-05-13T09:37:34.307+0000] {dag.py:3947} INFO - Setting next_dagrun for example_short_circuit_operator to 2026-05-12 00:00:00+00:00, run_after=2026-05-13 00:00:00+00:00
[2026-05-13T09:37:34.323+0000] {processor.py:183} INFO - Processing /home/airflow/.local/lib/python3.12/site-packages/airflow/example_dags/example_short_circuit_operator.py took 0.065 seconds
[2026-05-13T09:38:04.769+0000] {processor.py:161} INFO - Started process (PID=1173) to work on /home/airflow/.local/lib/python3.12/site-packages/airflow/example_dags/example_short_circuit_operator.py
[2026-05-13T09:38:04.769+0000] {processor.py:830} INFO - Processing file /home/airflow/.local/lib/python3.12/site-packages/airflow/example_dags/example_short_circuit_operator.py for tasks to queue
[2026-05-13T09:38:04.771+0000] {logging_mixin.py:188} INFO - [2026-05-13T09:38:04.770+0000] {dagbag.py:545} INFO - Filling up the DagBag from /home/airflow/.local/lib/python3.12/site-packages/airflow/example_dags/example_short_circuit_operator.py
[2026-05-13T09:38:04.776+0000] {processor.py:840} INFO - DAG(s) 'example_short_circuit_operator' retrieved from /home/airflow/.local/lib/python3.12/site-packages/airflow/example_dags/example_short_circuit_operator.py
[2026-05-13T09:38:04.795+0000] {logging_mixin.py:188} INFO - [2026-05-13T09:38:04.794+0000] {dag.py:3089} INFO - Sync 1 DAGs
[2026-05-13T09:38:04.812+0000] {logging_mixin.py:188} INFO - [2026-05-13T09:38:04.812+0000] {dag.py:3947} INFO - Setting next_dagrun for example_short_circuit_operator to 2026-05-12 00:00:00+00:00, run_after=2026-05-13 00:00:00+00:00
[2026-05-13T09:38:04.828+0000] {processor.py:183} INFO - Processing /home/airflow/.local/lib/python3.12/site-packages/airflow/example_dags/example_short_circuit_operator.py took 0.064 seconds
