[2026-05-13T09:28:27.846+0000] {processor.py:161} INFO - Started process (PID=89) to work on /home/airflow/.local/lib/python3.12/site-packages/airflow/example_dags/example_python_operator.py
[2026-05-13T09:28:27.846+0000] {processor.py:830} INFO - Processing file /home/airflow/.local/lib/python3.12/site-packages/airflow/example_dags/example_python_operator.py for tasks to queue
[2026-05-13T09:28:27.848+0000] {logging_mixin.py:188} INFO - [2026-05-13T09:28:27.848+0000] {dagbag.py:545} INFO - Filling up the DagBag from /home/airflow/.local/lib/python3.12/site-packages/airflow/example_dags/example_python_operator.py
[2026-05-13T09:28:27.858+0000] {processor.py:840} INFO - DAG(s) 'example_python_operator' retrieved from /home/airflow/.local/lib/python3.12/site-packages/airflow/example_dags/example_python_operator.py
[2026-05-13T09:28:27.950+0000] {logging_mixin.py:188} INFO - [2026-05-13T09:28:27.950+0000] {dag.py:3089} INFO - Sync 1 DAGs
[2026-05-13T09:28:27.960+0000] {logging_mixin.py:188} INFO - [2026-05-13T09:28:27.960+0000] {dag.py:3947} INFO - Setting next_dagrun for example_python_operator to None, run_after=None
[2026-05-13T09:28:27.976+0000] {processor.py:183} INFO - Processing /home/airflow/.local/lib/python3.12/site-packages/airflow/example_dags/example_python_operator.py took 0.136 seconds
[2026-05-13T09:28:58.213+0000] {processor.py:161} INFO - Started process (PID=147) to work on /home/airflow/.local/lib/python3.12/site-packages/airflow/example_dags/example_python_operator.py
[2026-05-13T09:28:58.213+0000] {processor.py:830} INFO - Processing file /home/airflow/.local/lib/python3.12/site-packages/airflow/example_dags/example_python_operator.py for tasks to queue
[2026-05-13T09:28:58.215+0000] {logging_mixin.py:188} INFO - [2026-05-13T09:28:58.215+0000] {dagbag.py:545} INFO - Filling up the DagBag from /home/airflow/.local/lib/python3.12/site-packages/airflow/example_dags/example_python_operator.py
[2026-05-13T09:28:58.223+0000] {processor.py:840} INFO - DAG(s) 'example_python_operator' retrieved from /home/airflow/.local/lib/python3.12/site-packages/airflow/example_dags/example_python_operator.py
[2026-05-13T09:28:58.243+0000] {logging_mixin.py:188} INFO - [2026-05-13T09:28:58.242+0000] {dag.py:3089} INFO - Sync 1 DAGs
[2026-05-13T09:28:58.254+0000] {logging_mixin.py:188} INFO - [2026-05-13T09:28:58.254+0000] {dag.py:3947} INFO - Setting next_dagrun for example_python_operator to None, run_after=None
[2026-05-13T09:28:58.270+0000] {processor.py:183} INFO - Processing /home/airflow/.local/lib/python3.12/site-packages/airflow/example_dags/example_python_operator.py took 0.063 seconds
[2026-05-13T09:29:28.787+0000] {processor.py:161} INFO - Started process (PID=206) to work on /home/airflow/.local/lib/python3.12/site-packages/airflow/example_dags/example_python_operator.py
[2026-05-13T09:29:28.789+0000] {processor.py:830} INFO - Processing file /home/airflow/.local/lib/python3.12/site-packages/airflow/example_dags/example_python_operator.py for tasks to queue
[2026-05-13T09:29:28.790+0000] {logging_mixin.py:188} INFO - [2026-05-13T09:29:28.790+0000] {dagbag.py:545} INFO - Filling up the DagBag from /home/airflow/.local/lib/python3.12/site-packages/airflow/example_dags/example_python_operator.py
[2026-05-13T09:29:28.800+0000] {processor.py:840} INFO - DAG(s) 'example_python_operator' retrieved from /home/airflow/.local/lib/python3.12/site-packages/airflow/example_dags/example_python_operator.py
[2026-05-13T09:29:28.819+0000] {logging_mixin.py:188} INFO - [2026-05-13T09:29:28.818+0000] {dag.py:3089} INFO - Sync 1 DAGs
[2026-05-13T09:29:28.830+0000] {logging_mixin.py:188} INFO - [2026-05-13T09:29:28.830+0000] {dag.py:3947} INFO - Setting next_dagrun for example_python_operator to None, run_after=None
[2026-05-13T09:29:28.847+0000] {processor.py:183} INFO - Processing /home/airflow/.local/lib/python3.12/site-packages/airflow/example_dags/example_python_operator.py took 0.064 seconds
[2026-05-13T09:29:58.935+0000] {processor.py:161} INFO - Started process (PID=264) to work on /home/airflow/.local/lib/python3.12/site-packages/airflow/example_dags/example_python_operator.py
[2026-05-13T09:29:58.936+0000] {processor.py:830} INFO - Processing file /home/airflow/.local/lib/python3.12/site-packages/airflow/example_dags/example_python_operator.py for tasks to queue
[2026-05-13T09:29:58.937+0000] {logging_mixin.py:188} INFO - [2026-05-13T09:29:58.937+0000] {dagbag.py:545} INFO - Filling up the DagBag from /home/airflow/.local/lib/python3.12/site-packages/airflow/example_dags/example_python_operator.py
[2026-05-13T09:29:58.945+0000] {processor.py:840} INFO - DAG(s) 'example_python_operator' retrieved from /home/airflow/.local/lib/python3.12/site-packages/airflow/example_dags/example_python_operator.py
[2026-05-13T09:29:58.963+0000] {logging_mixin.py:188} INFO - [2026-05-13T09:29:58.963+0000] {dag.py:3089} INFO - Sync 1 DAGs
[2026-05-13T09:29:58.973+0000] {logging_mixin.py:188} INFO - [2026-05-13T09:29:58.973+0000] {dag.py:3947} INFO - Setting next_dagrun for example_python_operator to None, run_after=None
[2026-05-13T09:29:58.988+0000] {processor.py:183} INFO - Processing /home/airflow/.local/lib/python3.12/site-packages/airflow/example_dags/example_python_operator.py took 0.058 seconds
[2026-05-13T09:30:29.415+0000] {processor.py:161} INFO - Started process (PID=322) to work on /home/airflow/.local/lib/python3.12/site-packages/airflow/example_dags/example_python_operator.py
[2026-05-13T09:30:29.417+0000] {processor.py:830} INFO - Processing file /home/airflow/.local/lib/python3.12/site-packages/airflow/example_dags/example_python_operator.py for tasks to queue
[2026-05-13T09:30:29.418+0000] {logging_mixin.py:188} INFO - [2026-05-13T09:30:29.418+0000] {dagbag.py:545} INFO - Filling up the DagBag from /home/airflow/.local/lib/python3.12/site-packages/airflow/example_dags/example_python_operator.py
[2026-05-13T09:30:29.426+0000] {processor.py:840} INFO - DAG(s) 'example_python_operator' retrieved from /home/airflow/.local/lib/python3.12/site-packages/airflow/example_dags/example_python_operator.py
[2026-05-13T09:30:29.443+0000] {logging_mixin.py:188} INFO - [2026-05-13T09:30:29.443+0000] {dag.py:3089} INFO - Sync 1 DAGs
[2026-05-13T09:30:29.453+0000] {logging_mixin.py:188} INFO - [2026-05-13T09:30:29.453+0000] {dag.py:3947} INFO - Setting next_dagrun for example_python_operator to None, run_after=None
[2026-05-13T09:30:29.468+0000] {processor.py:183} INFO - Processing /home/airflow/.local/lib/python3.12/site-packages/airflow/example_dags/example_python_operator.py took 0.058 seconds
[2026-05-13T09:30:59.754+0000] {processor.py:161} INFO - Started process (PID=380) to work on /home/airflow/.local/lib/python3.12/site-packages/airflow/example_dags/example_python_operator.py
[2026-05-13T09:30:59.754+0000] {processor.py:830} INFO - Processing file /home/airflow/.local/lib/python3.12/site-packages/airflow/example_dags/example_python_operator.py for tasks to queue
[2026-05-13T09:30:59.755+0000] {logging_mixin.py:188} INFO - [2026-05-13T09:30:59.755+0000] {dagbag.py:545} INFO - Filling up the DagBag from /home/airflow/.local/lib/python3.12/site-packages/airflow/example_dags/example_python_operator.py
[2026-05-13T09:30:59.764+0000] {processor.py:840} INFO - DAG(s) 'example_python_operator' retrieved from /home/airflow/.local/lib/python3.12/site-packages/airflow/example_dags/example_python_operator.py
[2026-05-13T09:30:59.782+0000] {logging_mixin.py:188} INFO - [2026-05-13T09:30:59.782+0000] {dag.py:3089} INFO - Sync 1 DAGs
[2026-05-13T09:30:59.792+0000] {logging_mixin.py:188} INFO - [2026-05-13T09:30:59.792+0000] {dag.py:3947} INFO - Setting next_dagrun for example_python_operator to None, run_after=None
[2026-05-13T09:30:59.807+0000] {processor.py:183} INFO - Processing /home/airflow/.local/lib/python3.12/site-packages/airflow/example_dags/example_python_operator.py took 0.058 seconds
[2026-05-13T09:31:30.431+0000] {processor.py:161} INFO - Started process (PID=437) to work on /home/airflow/.local/lib/python3.12/site-packages/airflow/example_dags/example_python_operator.py
[2026-05-13T09:31:30.432+0000] {processor.py:830} INFO - Processing file /home/airflow/.local/lib/python3.12/site-packages/airflow/example_dags/example_python_operator.py for tasks to queue
[2026-05-13T09:31:30.434+0000] {logging_mixin.py:188} INFO - [2026-05-13T09:31:30.434+0000] {dagbag.py:545} INFO - Filling up the DagBag from /home/airflow/.local/lib/python3.12/site-packages/airflow/example_dags/example_python_operator.py
[2026-05-13T09:31:30.443+0000] {processor.py:840} INFO - DAG(s) 'example_python_operator' retrieved from /home/airflow/.local/lib/python3.12/site-packages/airflow/example_dags/example_python_operator.py
[2026-05-13T09:31:30.461+0000] {logging_mixin.py:188} INFO - [2026-05-13T09:31:30.461+0000] {dag.py:3089} INFO - Sync 1 DAGs
[2026-05-13T09:31:30.472+0000] {logging_mixin.py:188} INFO - [2026-05-13T09:31:30.472+0000] {dag.py:3947} INFO - Setting next_dagrun for example_python_operator to None, run_after=None
[2026-05-13T09:31:30.488+0000] {processor.py:183} INFO - Processing /home/airflow/.local/lib/python3.12/site-packages/airflow/example_dags/example_python_operator.py took 0.063 seconds
[2026-05-13T09:32:01.225+0000] {processor.py:161} INFO - Started process (PID=494) to work on /home/airflow/.local/lib/python3.12/site-packages/airflow/example_dags/example_python_operator.py
[2026-05-13T09:32:01.225+0000] {processor.py:830} INFO - Processing file /home/airflow/.local/lib/python3.12/site-packages/airflow/example_dags/example_python_operator.py for tasks to queue
[2026-05-13T09:32:01.226+0000] {logging_mixin.py:188} INFO - [2026-05-13T09:32:01.226+0000] {dagbag.py:545} INFO - Filling up the DagBag from /home/airflow/.local/lib/python3.12/site-packages/airflow/example_dags/example_python_operator.py
[2026-05-13T09:32:01.234+0000] {processor.py:840} INFO - DAG(s) 'example_python_operator' retrieved from /home/airflow/.local/lib/python3.12/site-packages/airflow/example_dags/example_python_operator.py
[2026-05-13T09:32:01.252+0000] {logging_mixin.py:188} INFO - [2026-05-13T09:32:01.252+0000] {dag.py:3089} INFO - Sync 1 DAGs
[2026-05-13T09:32:01.262+0000] {logging_mixin.py:188} INFO - [2026-05-13T09:32:01.262+0000] {dag.py:3947} INFO - Setting next_dagrun for example_python_operator to None, run_after=None
[2026-05-13T09:32:01.278+0000] {processor.py:183} INFO - Processing /home/airflow/.local/lib/python3.12/site-packages/airflow/example_dags/example_python_operator.py took 0.058 seconds
[2026-05-13T09:32:31.633+0000] {processor.py:161} INFO - Started process (PID=552) to work on /home/airflow/.local/lib/python3.12/site-packages/airflow/example_dags/example_python_operator.py
[2026-05-13T09:32:31.634+0000] {processor.py:830} INFO - Processing file /home/airflow/.local/lib/python3.12/site-packages/airflow/example_dags/example_python_operator.py for tasks to queue
[2026-05-13T09:32:31.635+0000] {logging_mixin.py:188} INFO - [2026-05-13T09:32:31.635+0000] {dagbag.py:545} INFO - Filling up the DagBag from /home/airflow/.local/lib/python3.12/site-packages/airflow/example_dags/example_python_operator.py
[2026-05-13T09:32:31.643+0000] {processor.py:840} INFO - DAG(s) 'example_python_operator' retrieved from /home/airflow/.local/lib/python3.12/site-packages/airflow/example_dags/example_python_operator.py
[2026-05-13T09:32:31.660+0000] {logging_mixin.py:188} INFO - [2026-05-13T09:32:31.660+0000] {dag.py:3089} INFO - Sync 1 DAGs
[2026-05-13T09:32:31.670+0000] {logging_mixin.py:188} INFO - [2026-05-13T09:32:31.670+0000] {dag.py:3947} INFO - Setting next_dagrun for example_python_operator to None, run_after=None
[2026-05-13T09:32:31.685+0000] {processor.py:183} INFO - Processing /home/airflow/.local/lib/python3.12/site-packages/airflow/example_dags/example_python_operator.py took 0.056 seconds
[2026-05-13T09:33:02.212+0000] {processor.py:161} INFO - Started process (PID=611) to work on /home/airflow/.local/lib/python3.12/site-packages/airflow/example_dags/example_python_operator.py
[2026-05-13T09:33:02.212+0000] {processor.py:830} INFO - Processing file /home/airflow/.local/lib/python3.12/site-packages/airflow/example_dags/example_python_operator.py for tasks to queue
[2026-05-13T09:33:02.213+0000] {logging_mixin.py:188} INFO - [2026-05-13T09:33:02.213+0000] {dagbag.py:545} INFO - Filling up the DagBag from /home/airflow/.local/lib/python3.12/site-packages/airflow/example_dags/example_python_operator.py
[2026-05-13T09:33:02.221+0000] {processor.py:840} INFO - DAG(s) 'example_python_operator' retrieved from /home/airflow/.local/lib/python3.12/site-packages/airflow/example_dags/example_python_operator.py
[2026-05-13T09:33:02.239+0000] {logging_mixin.py:188} INFO - [2026-05-13T09:33:02.239+0000] {dag.py:3089} INFO - Sync 1 DAGs
[2026-05-13T09:33:02.249+0000] {logging_mixin.py:188} INFO - [2026-05-13T09:33:02.249+0000] {dag.py:3947} INFO - Setting next_dagrun for example_python_operator to None, run_after=None
[2026-05-13T09:33:02.264+0000] {processor.py:183} INFO - Processing /home/airflow/.local/lib/python3.12/site-packages/airflow/example_dags/example_python_operator.py took 0.057 seconds
[2026-05-13T09:33:33.065+0000] {processor.py:161} INFO - Started process (PID=669) to work on /home/airflow/.local/lib/python3.12/site-packages/airflow/example_dags/example_python_operator.py
[2026-05-13T09:33:33.066+0000] {processor.py:830} INFO - Processing file /home/airflow/.local/lib/python3.12/site-packages/airflow/example_dags/example_python_operator.py for tasks to queue
[2026-05-13T09:33:33.067+0000] {logging_mixin.py:188} INFO - [2026-05-13T09:33:33.067+0000] {dagbag.py:545} INFO - Filling up the DagBag from /home/airflow/.local/lib/python3.12/site-packages/airflow/example_dags/example_python_operator.py
[2026-05-13T09:33:33.076+0000] {processor.py:840} INFO - DAG(s) 'example_python_operator' retrieved from /home/airflow/.local/lib/python3.12/site-packages/airflow/example_dags/example_python_operator.py
[2026-05-13T09:33:33.093+0000] {logging_mixin.py:188} INFO - [2026-05-13T09:33:33.093+0000] {dag.py:3089} INFO - Sync 1 DAGs
[2026-05-13T09:33:33.103+0000] {logging_mixin.py:188} INFO - [2026-05-13T09:33:33.103+0000] {dag.py:3947} INFO - Setting next_dagrun for example_python_operator to None, run_after=None
[2026-05-13T09:33:33.118+0000] {processor.py:183} INFO - Processing /home/airflow/.local/lib/python3.12/site-packages/airflow/example_dags/example_python_operator.py took 0.058 seconds
[2026-05-13T09:34:03.340+0000] {processor.py:161} INFO - Started process (PID=727) to work on /home/airflow/.local/lib/python3.12/site-packages/airflow/example_dags/example_python_operator.py
[2026-05-13T09:34:03.340+0000] {processor.py:830} INFO - Processing file /home/airflow/.local/lib/python3.12/site-packages/airflow/example_dags/example_python_operator.py for tasks to queue
[2026-05-13T09:34:03.342+0000] {logging_mixin.py:188} INFO - [2026-05-13T09:34:03.341+0000] {dagbag.py:545} INFO - Filling up the DagBag from /home/airflow/.local/lib/python3.12/site-packages/airflow/example_dags/example_python_operator.py
[2026-05-13T09:34:03.351+0000] {processor.py:840} INFO - DAG(s) 'example_python_operator' retrieved from /home/airflow/.local/lib/python3.12/site-packages/airflow/example_dags/example_python_operator.py
[2026-05-13T09:34:03.371+0000] {logging_mixin.py:188} INFO - [2026-05-13T09:34:03.371+0000] {dag.py:3089} INFO - Sync 1 DAGs
[2026-05-13T09:34:03.381+0000] {logging_mixin.py:188} INFO - [2026-05-13T09:34:03.381+0000] {dag.py:3947} INFO - Setting next_dagrun for example_python_operator to None, run_after=None
[2026-05-13T09:34:03.397+0000] {processor.py:183} INFO - Processing /home/airflow/.local/lib/python3.12/site-packages/airflow/example_dags/example_python_operator.py took 0.062 seconds
[2026-05-13T09:34:33.600+0000] {processor.py:161} INFO - Started process (PID=784) to work on /home/airflow/.local/lib/python3.12/site-packages/airflow/example_dags/example_python_operator.py
[2026-05-13T09:34:33.601+0000] {processor.py:830} INFO - Processing file /home/airflow/.local/lib/python3.12/site-packages/airflow/example_dags/example_python_operator.py for tasks to queue
[2026-05-13T09:34:33.603+0000] {logging_mixin.py:188} INFO - [2026-05-13T09:34:33.602+0000] {dagbag.py:545} INFO - Filling up the DagBag from /home/airflow/.local/lib/python3.12/site-packages/airflow/example_dags/example_python_operator.py
[2026-05-13T09:34:33.611+0000] {processor.py:840} INFO - DAG(s) 'example_python_operator' retrieved from /home/airflow/.local/lib/python3.12/site-packages/airflow/example_dags/example_python_operator.py
[2026-05-13T09:34:33.628+0000] {logging_mixin.py:188} INFO - [2026-05-13T09:34:33.628+0000] {dag.py:3089} INFO - Sync 1 DAGs
[2026-05-13T09:34:33.639+0000] {logging_mixin.py:188} INFO - [2026-05-13T09:34:33.639+0000] {dag.py:3947} INFO - Setting next_dagrun for example_python_operator to None, run_after=None
[2026-05-13T09:34:33.653+0000] {processor.py:183} INFO - Processing /home/airflow/.local/lib/python3.12/site-packages/airflow/example_dags/example_python_operator.py took 0.057 seconds
[2026-05-13T09:35:03.966+0000] {processor.py:161} INFO - Started process (PID=841) to work on /home/airflow/.local/lib/python3.12/site-packages/airflow/example_dags/example_python_operator.py
[2026-05-13T09:35:03.967+0000] {processor.py:830} INFO - Processing file /home/airflow/.local/lib/python3.12/site-packages/airflow/example_dags/example_python_operator.py for tasks to queue
[2026-05-13T09:35:03.968+0000] {logging_mixin.py:188} INFO - [2026-05-13T09:35:03.968+0000] {dagbag.py:545} INFO - Filling up the DagBag from /home/airflow/.local/lib/python3.12/site-packages/airflow/example_dags/example_python_operator.py
[2026-05-13T09:35:03.976+0000] {processor.py:840} INFO - DAG(s) 'example_python_operator' retrieved from /home/airflow/.local/lib/python3.12/site-packages/airflow/example_dags/example_python_operator.py
[2026-05-13T09:35:03.994+0000] {logging_mixin.py:188} INFO - [2026-05-13T09:35:03.994+0000] {dag.py:3089} INFO - Sync 1 DAGs
[2026-05-13T09:35:04.004+0000] {logging_mixin.py:188} INFO - [2026-05-13T09:35:04.004+0000] {dag.py:3947} INFO - Setting next_dagrun for example_python_operator to None, run_after=None
[2026-05-13T09:35:04.019+0000] {processor.py:183} INFO - Processing /home/airflow/.local/lib/python3.12/site-packages/airflow/example_dags/example_python_operator.py took 0.057 seconds
[2026-05-13T09:35:34.347+0000] {processor.py:161} INFO - Started process (PID=899) to work on /home/airflow/.local/lib/python3.12/site-packages/airflow/example_dags/example_python_operator.py
[2026-05-13T09:35:34.348+0000] {processor.py:830} INFO - Processing file /home/airflow/.local/lib/python3.12/site-packages/airflow/example_dags/example_python_operator.py for tasks to queue
[2026-05-13T09:35:34.349+0000] {logging_mixin.py:188} INFO - [2026-05-13T09:35:34.349+0000] {dagbag.py:545} INFO - Filling up the DagBag from /home/airflow/.local/lib/python3.12/site-packages/airflow/example_dags/example_python_operator.py
[2026-05-13T09:35:34.357+0000] {processor.py:840} INFO - DAG(s) 'example_python_operator' retrieved from /home/airflow/.local/lib/python3.12/site-packages/airflow/example_dags/example_python_operator.py
[2026-05-13T09:35:34.375+0000] {logging_mixin.py:188} INFO - [2026-05-13T09:35:34.375+0000] {dag.py:3089} INFO - Sync 1 DAGs
[2026-05-13T09:35:34.386+0000] {logging_mixin.py:188} INFO - [2026-05-13T09:35:34.385+0000] {dag.py:3947} INFO - Setting next_dagrun for example_python_operator to None, run_after=None
[2026-05-13T09:35:34.401+0000] {processor.py:183} INFO - Processing /home/airflow/.local/lib/python3.12/site-packages/airflow/example_dags/example_python_operator.py took 0.058 seconds
[2026-05-13T09:36:04.734+0000] {processor.py:161} INFO - Started process (PID=957) to work on /home/airflow/.local/lib/python3.12/site-packages/airflow/example_dags/example_python_operator.py
[2026-05-13T09:36:04.734+0000] {processor.py:830} INFO - Processing file /home/airflow/.local/lib/python3.12/site-packages/airflow/example_dags/example_python_operator.py for tasks to queue
[2026-05-13T09:36:04.736+0000] {logging_mixin.py:188} INFO - [2026-05-13T09:36:04.735+0000] {dagbag.py:545} INFO - Filling up the DagBag from /home/airflow/.local/lib/python3.12/site-packages/airflow/example_dags/example_python_operator.py
[2026-05-13T09:36:04.744+0000] {processor.py:840} INFO - DAG(s) 'example_python_operator' retrieved from /home/airflow/.local/lib/python3.12/site-packages/airflow/example_dags/example_python_operator.py
[2026-05-13T09:36:04.763+0000] {logging_mixin.py:188} INFO - [2026-05-13T09:36:04.763+0000] {dag.py:3089} INFO - Sync 1 DAGs
[2026-05-13T09:36:04.774+0000] {logging_mixin.py:188} INFO - [2026-05-13T09:36:04.774+0000] {dag.py:3947} INFO - Setting next_dagrun for example_python_operator to None, run_after=None
[2026-05-13T09:36:04.790+0000] {processor.py:183} INFO - Processing /home/airflow/.local/lib/python3.12/site-packages/airflow/example_dags/example_python_operator.py took 0.061 seconds
[2026-05-13T09:36:35.270+0000] {processor.py:161} INFO - Started process (PID=1015) to work on /home/airflow/.local/lib/python3.12/site-packages/airflow/example_dags/example_python_operator.py
[2026-05-13T09:36:35.271+0000] {processor.py:830} INFO - Processing file /home/airflow/.local/lib/python3.12/site-packages/airflow/example_dags/example_python_operator.py for tasks to queue
[2026-05-13T09:36:35.273+0000] {logging_mixin.py:188} INFO - [2026-05-13T09:36:35.272+0000] {dagbag.py:545} INFO - Filling up the DagBag from /home/airflow/.local/lib/python3.12/site-packages/airflow/example_dags/example_python_operator.py
[2026-05-13T09:36:35.281+0000] {processor.py:840} INFO - DAG(s) 'example_python_operator' retrieved from /home/airflow/.local/lib/python3.12/site-packages/airflow/example_dags/example_python_operator.py
[2026-05-13T09:36:35.298+0000] {logging_mixin.py:188} INFO - [2026-05-13T09:36:35.298+0000] {dag.py:3089} INFO - Sync 1 DAGs
[2026-05-13T09:36:35.309+0000] {logging_mixin.py:188} INFO - [2026-05-13T09:36:35.308+0000] {dag.py:3947} INFO - Setting next_dagrun for example_python_operator to None, run_after=None
[2026-05-13T09:36:35.324+0000] {processor.py:183} INFO - Processing /home/airflow/.local/lib/python3.12/site-packages/airflow/example_dags/example_python_operator.py took 0.058 seconds
[2026-05-13T09:37:05.742+0000] {processor.py:161} INFO - Started process (PID=1073) to work on /home/airflow/.local/lib/python3.12/site-packages/airflow/example_dags/example_python_operator.py
[2026-05-13T09:37:05.743+0000] {processor.py:830} INFO - Processing file /home/airflow/.local/lib/python3.12/site-packages/airflow/example_dags/example_python_operator.py for tasks to queue
[2026-05-13T09:37:05.744+0000] {logging_mixin.py:188} INFO - [2026-05-13T09:37:05.744+0000] {dagbag.py:545} INFO - Filling up the DagBag from /home/airflow/.local/lib/python3.12/site-packages/airflow/example_dags/example_python_operator.py
[2026-05-13T09:37:05.752+0000] {processor.py:840} INFO - DAG(s) 'example_python_operator' retrieved from /home/airflow/.local/lib/python3.12/site-packages/airflow/example_dags/example_python_operator.py
[2026-05-13T09:37:05.770+0000] {logging_mixin.py:188} INFO - [2026-05-13T09:37:05.770+0000] {dag.py:3089} INFO - Sync 1 DAGs
[2026-05-13T09:37:05.780+0000] {logging_mixin.py:188} INFO - [2026-05-13T09:37:05.780+0000] {dag.py:3947} INFO - Setting next_dagrun for example_python_operator to None, run_after=None
[2026-05-13T09:37:05.795+0000] {processor.py:183} INFO - Processing /home/airflow/.local/lib/python3.12/site-packages/airflow/example_dags/example_python_operator.py took 0.058 seconds
[2026-05-13T09:37:36.228+0000] {processor.py:161} INFO - Started process (PID=1131) to work on /home/airflow/.local/lib/python3.12/site-packages/airflow/example_dags/example_python_operator.py
[2026-05-13T09:37:36.229+0000] {processor.py:830} INFO - Processing file /home/airflow/.local/lib/python3.12/site-packages/airflow/example_dags/example_python_operator.py for tasks to queue
[2026-05-13T09:37:36.230+0000] {logging_mixin.py:188} INFO - [2026-05-13T09:37:36.230+0000] {dagbag.py:545} INFO - Filling up the DagBag from /home/airflow/.local/lib/python3.12/site-packages/airflow/example_dags/example_python_operator.py
[2026-05-13T09:37:36.239+0000] {processor.py:840} INFO - DAG(s) 'example_python_operator' retrieved from /home/airflow/.local/lib/python3.12/site-packages/airflow/example_dags/example_python_operator.py
[2026-05-13T09:37:36.259+0000] {logging_mixin.py:188} INFO - [2026-05-13T09:37:36.258+0000] {dag.py:3089} INFO - Sync 1 DAGs
[2026-05-13T09:37:36.271+0000] {logging_mixin.py:188} INFO - [2026-05-13T09:37:36.270+0000] {dag.py:3947} INFO - Setting next_dagrun for example_python_operator to None, run_after=None
[2026-05-13T09:37:36.288+0000] {processor.py:183} INFO - Processing /home/airflow/.local/lib/python3.12/site-packages/airflow/example_dags/example_python_operator.py took 0.066 seconds
[2026-05-13T09:38:06.706+0000] {processor.py:161} INFO - Started process (PID=1189) to work on /home/airflow/.local/lib/python3.12/site-packages/airflow/example_dags/example_python_operator.py
[2026-05-13T09:38:06.707+0000] {processor.py:830} INFO - Processing file /home/airflow/.local/lib/python3.12/site-packages/airflow/example_dags/example_python_operator.py for tasks to queue
[2026-05-13T09:38:06.708+0000] {logging_mixin.py:188} INFO - [2026-05-13T09:38:06.708+0000] {dagbag.py:545} INFO - Filling up the DagBag from /home/airflow/.local/lib/python3.12/site-packages/airflow/example_dags/example_python_operator.py
[2026-05-13T09:38:06.716+0000] {processor.py:840} INFO - DAG(s) 'example_python_operator' retrieved from /home/airflow/.local/lib/python3.12/site-packages/airflow/example_dags/example_python_operator.py
[2026-05-13T09:38:06.734+0000] {logging_mixin.py:188} INFO - [2026-05-13T09:38:06.734+0000] {dag.py:3089} INFO - Sync 1 DAGs
[2026-05-13T09:38:06.745+0000] {logging_mixin.py:188} INFO - [2026-05-13T09:38:06.745+0000] {dag.py:3947} INFO - Setting next_dagrun for example_python_operator to None, run_after=None
[2026-05-13T09:38:06.760+0000] {processor.py:183} INFO - Processing /home/airflow/.local/lib/python3.12/site-packages/airflow/example_dags/example_python_operator.py took 0.059 seconds
