[2026-05-13T09:28:23.884+0000] {processor.py:161} INFO - Started process (PID=46) to work on /home/airflow/.local/lib/python3.12/site-packages/airflow/example_dags/example_branch_labels.py
[2026-05-13T09:28:23.885+0000] {processor.py:830} INFO - Processing file /home/airflow/.local/lib/python3.12/site-packages/airflow/example_dags/example_branch_labels.py for tasks to queue
[2026-05-13T09:28:23.886+0000] {logging_mixin.py:188} INFO - [2026-05-13T09:28:23.886+0000] {dagbag.py:545} INFO - Filling up the DagBag from /home/airflow/.local/lib/python3.12/site-packages/airflow/example_dags/example_branch_labels.py
[2026-05-13T09:28:23.904+0000] {processor.py:840} INFO - DAG(s) 'example_branch_labels' retrieved from /home/airflow/.local/lib/python3.12/site-packages/airflow/example_dags/example_branch_labels.py
[2026-05-13T09:28:23.957+0000] {logging_mixin.py:188} INFO - [2026-05-13T09:28:23.957+0000] {dag.py:3089} INFO - Sync 1 DAGs
[2026-05-13T09:28:23.982+0000] {logging_mixin.py:188} INFO - [2026-05-13T09:28:23.982+0000] {dag.py:3947} INFO - Setting next_dagrun for example_branch_labels to 2026-05-12 00:00:00+00:00, run_after=2026-05-13 00:00:00+00:00
[2026-05-13T09:28:24.000+0000] {processor.py:183} INFO - Processing /home/airflow/.local/lib/python3.12/site-packages/airflow/example_dags/example_branch_labels.py took 0.121 seconds
[2026-05-13T09:28:54.207+0000] {processor.py:161} INFO - Started process (PID=104) to work on /home/airflow/.local/lib/python3.12/site-packages/airflow/example_dags/example_branch_labels.py
[2026-05-13T09:28:54.207+0000] {processor.py:830} INFO - Processing file /home/airflow/.local/lib/python3.12/site-packages/airflow/example_dags/example_branch_labels.py for tasks to queue
[2026-05-13T09:28:54.209+0000] {logging_mixin.py:188} INFO - [2026-05-13T09:28:54.208+0000] {dagbag.py:545} INFO - Filling up the DagBag from /home/airflow/.local/lib/python3.12/site-packages/airflow/example_dags/example_branch_labels.py
[2026-05-13T09:28:54.215+0000] {processor.py:840} INFO - DAG(s) 'example_branch_labels' retrieved from /home/airflow/.local/lib/python3.12/site-packages/airflow/example_dags/example_branch_labels.py
[2026-05-13T09:28:54.239+0000] {logging_mixin.py:188} INFO - [2026-05-13T09:28:54.238+0000] {dag.py:3089} INFO - Sync 1 DAGs
[2026-05-13T09:28:54.258+0000] {logging_mixin.py:188} INFO - [2026-05-13T09:28:54.257+0000] {dag.py:3947} INFO - Setting next_dagrun for example_branch_labels to 2026-05-12 00:00:00+00:00, run_after=2026-05-13 00:00:00+00:00
[2026-05-13T09:28:54.273+0000] {processor.py:183} INFO - Processing /home/airflow/.local/lib/python3.12/site-packages/airflow/example_dags/example_branch_labels.py took 0.072 seconds
[2026-05-13T09:29:24.906+0000] {processor.py:161} INFO - Started process (PID=162) to work on /home/airflow/.local/lib/python3.12/site-packages/airflow/example_dags/example_branch_labels.py
[2026-05-13T09:29:24.908+0000] {processor.py:830} INFO - Processing file /home/airflow/.local/lib/python3.12/site-packages/airflow/example_dags/example_branch_labels.py for tasks to queue
[2026-05-13T09:29:24.910+0000] {logging_mixin.py:188} INFO - [2026-05-13T09:29:24.910+0000] {dagbag.py:545} INFO - Filling up the DagBag from /home/airflow/.local/lib/python3.12/site-packages/airflow/example_dags/example_branch_labels.py
[2026-05-13T09:29:24.919+0000] {processor.py:840} INFO - DAG(s) 'example_branch_labels' retrieved from /home/airflow/.local/lib/python3.12/site-packages/airflow/example_dags/example_branch_labels.py
[2026-05-13T09:29:24.937+0000] {logging_mixin.py:188} INFO - [2026-05-13T09:29:24.937+0000] {dag.py:3089} INFO - Sync 1 DAGs
[2026-05-13T09:29:24.957+0000] {logging_mixin.py:188} INFO - [2026-05-13T09:29:24.957+0000] {dag.py:3947} INFO - Setting next_dagrun for example_branch_labels to 2026-05-12 00:00:00+00:00, run_after=2026-05-13 00:00:00+00:00
[2026-05-13T09:29:24.978+0000] {processor.py:183} INFO - Processing /home/airflow/.local/lib/python3.12/site-packages/airflow/example_dags/example_branch_labels.py took 0.081 seconds
[2026-05-13T09:29:55.164+0000] {processor.py:161} INFO - Started process (PID=221) to work on /home/airflow/.local/lib/python3.12/site-packages/airflow/example_dags/example_branch_labels.py
[2026-05-13T09:29:55.165+0000] {processor.py:830} INFO - Processing file /home/airflow/.local/lib/python3.12/site-packages/airflow/example_dags/example_branch_labels.py for tasks to queue
[2026-05-13T09:29:55.168+0000] {logging_mixin.py:188} INFO - [2026-05-13T09:29:55.167+0000] {dagbag.py:545} INFO - Filling up the DagBag from /home/airflow/.local/lib/python3.12/site-packages/airflow/example_dags/example_branch_labels.py
[2026-05-13T09:29:55.178+0000] {processor.py:840} INFO - DAG(s) 'example_branch_labels' retrieved from /home/airflow/.local/lib/python3.12/site-packages/airflow/example_dags/example_branch_labels.py
[2026-05-13T09:29:55.198+0000] {logging_mixin.py:188} INFO - [2026-05-13T09:29:55.198+0000] {dag.py:3089} INFO - Sync 1 DAGs
[2026-05-13T09:29:55.218+0000] {logging_mixin.py:188} INFO - [2026-05-13T09:29:55.217+0000] {dag.py:3947} INFO - Setting next_dagrun for example_branch_labels to 2026-05-12 00:00:00+00:00, run_after=2026-05-13 00:00:00+00:00
[2026-05-13T09:29:55.233+0000] {processor.py:183} INFO - Processing /home/airflow/.local/lib/python3.12/site-packages/airflow/example_dags/example_branch_labels.py took 0.081 seconds
[2026-05-13T09:30:25.704+0000] {processor.py:161} INFO - Started process (PID=279) to work on /home/airflow/.local/lib/python3.12/site-packages/airflow/example_dags/example_branch_labels.py
[2026-05-13T09:30:25.706+0000] {processor.py:830} INFO - Processing file /home/airflow/.local/lib/python3.12/site-packages/airflow/example_dags/example_branch_labels.py for tasks to queue
[2026-05-13T09:30:25.707+0000] {logging_mixin.py:188} INFO - [2026-05-13T09:30:25.707+0000] {dagbag.py:545} INFO - Filling up the DagBag from /home/airflow/.local/lib/python3.12/site-packages/airflow/example_dags/example_branch_labels.py
[2026-05-13T09:30:25.713+0000] {processor.py:840} INFO - DAG(s) 'example_branch_labels' retrieved from /home/airflow/.local/lib/python3.12/site-packages/airflow/example_dags/example_branch_labels.py
[2026-05-13T09:30:25.731+0000] {logging_mixin.py:188} INFO - [2026-05-13T09:30:25.731+0000] {dag.py:3089} INFO - Sync 1 DAGs
[2026-05-13T09:30:25.750+0000] {logging_mixin.py:188} INFO - [2026-05-13T09:30:25.750+0000] {dag.py:3947} INFO - Setting next_dagrun for example_branch_labels to 2026-05-12 00:00:00+00:00, run_after=2026-05-13 00:00:00+00:00
[2026-05-13T09:30:25.766+0000] {processor.py:183} INFO - Processing /home/airflow/.local/lib/python3.12/site-packages/airflow/example_dags/example_branch_labels.py took 0.067 seconds
[2026-05-13T09:30:56.057+0000] {processor.py:161} INFO - Started process (PID=337) to work on /home/airflow/.local/lib/python3.12/site-packages/airflow/example_dags/example_branch_labels.py
[2026-05-13T09:30:56.058+0000] {processor.py:830} INFO - Processing file /home/airflow/.local/lib/python3.12/site-packages/airflow/example_dags/example_branch_labels.py for tasks to queue
[2026-05-13T09:30:56.059+0000] {logging_mixin.py:188} INFO - [2026-05-13T09:30:56.059+0000] {dagbag.py:545} INFO - Filling up the DagBag from /home/airflow/.local/lib/python3.12/site-packages/airflow/example_dags/example_branch_labels.py
[2026-05-13T09:30:56.066+0000] {processor.py:840} INFO - DAG(s) 'example_branch_labels' retrieved from /home/airflow/.local/lib/python3.12/site-packages/airflow/example_dags/example_branch_labels.py
[2026-05-13T09:30:56.083+0000] {logging_mixin.py:188} INFO - [2026-05-13T09:30:56.083+0000] {dag.py:3089} INFO - Sync 1 DAGs
[2026-05-13T09:30:56.102+0000] {logging_mixin.py:188} INFO - [2026-05-13T09:30:56.102+0000] {dag.py:3947} INFO - Setting next_dagrun for example_branch_labels to 2026-05-12 00:00:00+00:00, run_after=2026-05-13 00:00:00+00:00
[2026-05-13T09:30:56.117+0000] {processor.py:183} INFO - Processing /home/airflow/.local/lib/python3.12/site-packages/airflow/example_dags/example_branch_labels.py took 0.065 seconds
[2026-05-13T09:31:26.426+0000] {processor.py:161} INFO - Started process (PID=395) to work on /home/airflow/.local/lib/python3.12/site-packages/airflow/example_dags/example_branch_labels.py
[2026-05-13T09:31:26.430+0000] {processor.py:830} INFO - Processing file /home/airflow/.local/lib/python3.12/site-packages/airflow/example_dags/example_branch_labels.py for tasks to queue
[2026-05-13T09:31:26.431+0000] {logging_mixin.py:188} INFO - [2026-05-13T09:31:26.431+0000] {dagbag.py:545} INFO - Filling up the DagBag from /home/airflow/.local/lib/python3.12/site-packages/airflow/example_dags/example_branch_labels.py
[2026-05-13T09:31:26.438+0000] {processor.py:840} INFO - DAG(s) 'example_branch_labels' retrieved from /home/airflow/.local/lib/python3.12/site-packages/airflow/example_dags/example_branch_labels.py
[2026-05-13T09:31:26.455+0000] {logging_mixin.py:188} INFO - [2026-05-13T09:31:26.455+0000] {dag.py:3089} INFO - Sync 1 DAGs
[2026-05-13T09:31:26.473+0000] {logging_mixin.py:188} INFO - [2026-05-13T09:31:26.473+0000] {dag.py:3947} INFO - Setting next_dagrun for example_branch_labels to 2026-05-12 00:00:00+00:00, run_after=2026-05-13 00:00:00+00:00
[2026-05-13T09:31:26.490+0000] {processor.py:183} INFO - Processing /home/airflow/.local/lib/python3.12/site-packages/airflow/example_dags/example_branch_labels.py took 0.068 seconds
[2026-05-13T09:31:56.540+0000] {processor.py:161} INFO - Started process (PID=452) to work on /home/airflow/.local/lib/python3.12/site-packages/airflow/example_dags/example_branch_labels.py
[2026-05-13T09:31:56.541+0000] {processor.py:830} INFO - Processing file /home/airflow/.local/lib/python3.12/site-packages/airflow/example_dags/example_branch_labels.py for tasks to queue
[2026-05-13T09:31:56.542+0000] {logging_mixin.py:188} INFO - [2026-05-13T09:31:56.542+0000] {dagbag.py:545} INFO - Filling up the DagBag from /home/airflow/.local/lib/python3.12/site-packages/airflow/example_dags/example_branch_labels.py
[2026-05-13T09:31:56.548+0000] {processor.py:840} INFO - DAG(s) 'example_branch_labels' retrieved from /home/airflow/.local/lib/python3.12/site-packages/airflow/example_dags/example_branch_labels.py
[2026-05-13T09:31:56.565+0000] {logging_mixin.py:188} INFO - [2026-05-13T09:31:56.565+0000] {dag.py:3089} INFO - Sync 1 DAGs
[2026-05-13T09:31:56.584+0000] {logging_mixin.py:188} INFO - [2026-05-13T09:31:56.583+0000] {dag.py:3947} INFO - Setting next_dagrun for example_branch_labels to 2026-05-12 00:00:00+00:00, run_after=2026-05-13 00:00:00+00:00
[2026-05-13T09:31:56.598+0000] {processor.py:183} INFO - Processing /home/airflow/.local/lib/python3.12/site-packages/airflow/example_dags/example_branch_labels.py took 0.062 seconds
[2026-05-13T09:32:27.037+0000] {processor.py:161} INFO - Started process (PID=510) to work on /home/airflow/.local/lib/python3.12/site-packages/airflow/example_dags/example_branch_labels.py
[2026-05-13T09:32:27.039+0000] {processor.py:830} INFO - Processing file /home/airflow/.local/lib/python3.12/site-packages/airflow/example_dags/example_branch_labels.py for tasks to queue
[2026-05-13T09:32:27.041+0000] {logging_mixin.py:188} INFO - [2026-05-13T09:32:27.041+0000] {dagbag.py:545} INFO - Filling up the DagBag from /home/airflow/.local/lib/python3.12/site-packages/airflow/example_dags/example_branch_labels.py
[2026-05-13T09:32:27.049+0000] {processor.py:840} INFO - DAG(s) 'example_branch_labels' retrieved from /home/airflow/.local/lib/python3.12/site-packages/airflow/example_dags/example_branch_labels.py
[2026-05-13T09:32:27.070+0000] {logging_mixin.py:188} INFO - [2026-05-13T09:32:27.069+0000] {dag.py:3089} INFO - Sync 1 DAGs
[2026-05-13T09:32:27.094+0000] {logging_mixin.py:188} INFO - [2026-05-13T09:32:27.094+0000] {dag.py:3947} INFO - Setting next_dagrun for example_branch_labels to 2026-05-12 00:00:00+00:00, run_after=2026-05-13 00:00:00+00:00
[2026-05-13T09:32:27.112+0000] {processor.py:183} INFO - Processing /home/airflow/.local/lib/python3.12/site-packages/airflow/example_dags/example_branch_labels.py took 0.085 seconds
[2026-05-13T09:32:57.410+0000] {processor.py:161} INFO - Started process (PID=568) to work on /home/airflow/.local/lib/python3.12/site-packages/airflow/example_dags/example_branch_labels.py
[2026-05-13T09:32:57.411+0000] {processor.py:830} INFO - Processing file /home/airflow/.local/lib/python3.12/site-packages/airflow/example_dags/example_branch_labels.py for tasks to queue
[2026-05-13T09:32:57.412+0000] {logging_mixin.py:188} INFO - [2026-05-13T09:32:57.412+0000] {dagbag.py:545} INFO - Filling up the DagBag from /home/airflow/.local/lib/python3.12/site-packages/airflow/example_dags/example_branch_labels.py
[2026-05-13T09:32:57.418+0000] {processor.py:840} INFO - DAG(s) 'example_branch_labels' retrieved from /home/airflow/.local/lib/python3.12/site-packages/airflow/example_dags/example_branch_labels.py
[2026-05-13T09:32:57.436+0000] {logging_mixin.py:188} INFO - [2026-05-13T09:32:57.436+0000] {dag.py:3089} INFO - Sync 1 DAGs
[2026-05-13T09:32:57.456+0000] {logging_mixin.py:188} INFO - [2026-05-13T09:32:57.456+0000] {dag.py:3947} INFO - Setting next_dagrun for example_branch_labels to 2026-05-12 00:00:00+00:00, run_after=2026-05-13 00:00:00+00:00
[2026-05-13T09:32:57.471+0000] {processor.py:183} INFO - Processing /home/airflow/.local/lib/python3.12/site-packages/airflow/example_dags/example_branch_labels.py took 0.065 seconds
[2026-05-13T09:33:28.268+0000] {processor.py:161} INFO - Started process (PID=626) to work on /home/airflow/.local/lib/python3.12/site-packages/airflow/example_dags/example_branch_labels.py
[2026-05-13T09:33:28.270+0000] {processor.py:830} INFO - Processing file /home/airflow/.local/lib/python3.12/site-packages/airflow/example_dags/example_branch_labels.py for tasks to queue
[2026-05-13T09:33:28.271+0000] {logging_mixin.py:188} INFO - [2026-05-13T09:33:28.271+0000] {dagbag.py:545} INFO - Filling up the DagBag from /home/airflow/.local/lib/python3.12/site-packages/airflow/example_dags/example_branch_labels.py
[2026-05-13T09:33:28.278+0000] {processor.py:840} INFO - DAG(s) 'example_branch_labels' retrieved from /home/airflow/.local/lib/python3.12/site-packages/airflow/example_dags/example_branch_labels.py
[2026-05-13T09:33:28.294+0000] {logging_mixin.py:188} INFO - [2026-05-13T09:33:28.294+0000] {dag.py:3089} INFO - Sync 1 DAGs
[2026-05-13T09:33:28.314+0000] {logging_mixin.py:188} INFO - [2026-05-13T09:33:28.313+0000] {dag.py:3947} INFO - Setting next_dagrun for example_branch_labels to 2026-05-12 00:00:00+00:00, run_after=2026-05-13 00:00:00+00:00
[2026-05-13T09:33:28.328+0000] {processor.py:183} INFO - Processing /home/airflow/.local/lib/python3.12/site-packages/airflow/example_dags/example_branch_labels.py took 0.065 seconds
[2026-05-13T09:33:58.732+0000] {processor.py:161} INFO - Started process (PID=690) to work on /home/airflow/.local/lib/python3.12/site-packages/airflow/example_dags/example_branch_labels.py
[2026-05-13T09:33:58.733+0000] {processor.py:830} INFO - Processing file /home/airflow/.local/lib/python3.12/site-packages/airflow/example_dags/example_branch_labels.py for tasks to queue
[2026-05-13T09:33:58.734+0000] {logging_mixin.py:188} INFO - [2026-05-13T09:33:58.734+0000] {dagbag.py:545} INFO - Filling up the DagBag from /home/airflow/.local/lib/python3.12/site-packages/airflow/example_dags/example_branch_labels.py
[2026-05-13T09:33:58.740+0000] {processor.py:840} INFO - DAG(s) 'example_branch_labels' retrieved from /home/airflow/.local/lib/python3.12/site-packages/airflow/example_dags/example_branch_labels.py
[2026-05-13T09:33:58.757+0000] {logging_mixin.py:188} INFO - [2026-05-13T09:33:58.756+0000] {dag.py:3089} INFO - Sync 1 DAGs
[2026-05-13T09:33:58.775+0000] {logging_mixin.py:188} INFO - [2026-05-13T09:33:58.775+0000] {dag.py:3947} INFO - Setting next_dagrun for example_branch_labels to 2026-05-12 00:00:00+00:00, run_after=2026-05-13 00:00:00+00:00
[2026-05-13T09:33:58.789+0000] {processor.py:183} INFO - Processing /home/airflow/.local/lib/python3.12/site-packages/airflow/example_dags/example_branch_labels.py took 0.061 seconds
[2026-05-13T09:34:28.982+0000] {processor.py:161} INFO - Started process (PID=747) to work on /home/airflow/.local/lib/python3.12/site-packages/airflow/example_dags/example_branch_labels.py
[2026-05-13T09:34:28.984+0000] {processor.py:830} INFO - Processing file /home/airflow/.local/lib/python3.12/site-packages/airflow/example_dags/example_branch_labels.py for tasks to queue
[2026-05-13T09:34:28.985+0000] {logging_mixin.py:188} INFO - [2026-05-13T09:34:28.985+0000] {dagbag.py:545} INFO - Filling up the DagBag from /home/airflow/.local/lib/python3.12/site-packages/airflow/example_dags/example_branch_labels.py
[2026-05-13T09:34:28.992+0000] {processor.py:840} INFO - DAG(s) 'example_branch_labels' retrieved from /home/airflow/.local/lib/python3.12/site-packages/airflow/example_dags/example_branch_labels.py
[2026-05-13T09:34:29.008+0000] {logging_mixin.py:188} INFO - [2026-05-13T09:34:29.008+0000] {dag.py:3089} INFO - Sync 1 DAGs
[2026-05-13T09:34:29.026+0000] {logging_mixin.py:188} INFO - [2026-05-13T09:34:29.026+0000] {dag.py:3947} INFO - Setting next_dagrun for example_branch_labels to 2026-05-12 00:00:00+00:00, run_after=2026-05-13 00:00:00+00:00
[2026-05-13T09:34:29.040+0000] {processor.py:183} INFO - Processing /home/airflow/.local/lib/python3.12/site-packages/airflow/example_dags/example_branch_labels.py took 0.062 seconds
[2026-05-13T09:34:59.232+0000] {processor.py:161} INFO - Started process (PID=804) to work on /home/airflow/.local/lib/python3.12/site-packages/airflow/example_dags/example_branch_labels.py
[2026-05-13T09:34:59.233+0000] {processor.py:830} INFO - Processing file /home/airflow/.local/lib/python3.12/site-packages/airflow/example_dags/example_branch_labels.py for tasks to queue
[2026-05-13T09:34:59.234+0000] {logging_mixin.py:188} INFO - [2026-05-13T09:34:59.234+0000] {dagbag.py:545} INFO - Filling up the DagBag from /home/airflow/.local/lib/python3.12/site-packages/airflow/example_dags/example_branch_labels.py
[2026-05-13T09:34:59.240+0000] {processor.py:840} INFO - DAG(s) 'example_branch_labels' retrieved from /home/airflow/.local/lib/python3.12/site-packages/airflow/example_dags/example_branch_labels.py
[2026-05-13T09:34:59.258+0000] {logging_mixin.py:188} INFO - [2026-05-13T09:34:59.258+0000] {dag.py:3089} INFO - Sync 1 DAGs
[2026-05-13T09:34:59.277+0000] {logging_mixin.py:188} INFO - [2026-05-13T09:34:59.277+0000] {dag.py:3947} INFO - Setting next_dagrun for example_branch_labels to 2026-05-12 00:00:00+00:00, run_after=2026-05-13 00:00:00+00:00
[2026-05-13T09:34:59.291+0000] {processor.py:183} INFO - Processing /home/airflow/.local/lib/python3.12/site-packages/airflow/example_dags/example_branch_labels.py took 0.064 seconds
[2026-05-13T09:35:29.727+0000] {processor.py:161} INFO - Started process (PID=862) to work on /home/airflow/.local/lib/python3.12/site-packages/airflow/example_dags/example_branch_labels.py
[2026-05-13T09:35:29.729+0000] {processor.py:830} INFO - Processing file /home/airflow/.local/lib/python3.12/site-packages/airflow/example_dags/example_branch_labels.py for tasks to queue
[2026-05-13T09:35:29.730+0000] {logging_mixin.py:188} INFO - [2026-05-13T09:35:29.730+0000] {dagbag.py:545} INFO - Filling up the DagBag from /home/airflow/.local/lib/python3.12/site-packages/airflow/example_dags/example_branch_labels.py
[2026-05-13T09:35:29.736+0000] {processor.py:840} INFO - DAG(s) 'example_branch_labels' retrieved from /home/airflow/.local/lib/python3.12/site-packages/airflow/example_dags/example_branch_labels.py
[2026-05-13T09:35:29.753+0000] {logging_mixin.py:188} INFO - [2026-05-13T09:35:29.753+0000] {dag.py:3089} INFO - Sync 1 DAGs
[2026-05-13T09:35:29.772+0000] {logging_mixin.py:188} INFO - [2026-05-13T09:35:29.771+0000] {dag.py:3947} INFO - Setting next_dagrun for example_branch_labels to 2026-05-12 00:00:00+00:00, run_after=2026-05-13 00:00:00+00:00
[2026-05-13T09:35:29.786+0000] {processor.py:183} INFO - Processing /home/airflow/.local/lib/python3.12/site-packages/airflow/example_dags/example_branch_labels.py took 0.064 seconds
[2026-05-13T09:35:59.967+0000] {processor.py:161} INFO - Started process (PID=920) to work on /home/airflow/.local/lib/python3.12/site-packages/airflow/example_dags/example_branch_labels.py
[2026-05-13T09:35:59.968+0000] {processor.py:830} INFO - Processing file /home/airflow/.local/lib/python3.12/site-packages/airflow/example_dags/example_branch_labels.py for tasks to queue
[2026-05-13T09:35:59.969+0000] {logging_mixin.py:188} INFO - [2026-05-13T09:35:59.969+0000] {dagbag.py:545} INFO - Filling up the DagBag from /home/airflow/.local/lib/python3.12/site-packages/airflow/example_dags/example_branch_labels.py
[2026-05-13T09:35:59.976+0000] {processor.py:840} INFO - DAG(s) 'example_branch_labels' retrieved from /home/airflow/.local/lib/python3.12/site-packages/airflow/example_dags/example_branch_labels.py
[2026-05-13T09:35:59.993+0000] {logging_mixin.py:188} INFO - [2026-05-13T09:35:59.992+0000] {dag.py:3089} INFO - Sync 1 DAGs
[2026-05-13T09:36:00.012+0000] {logging_mixin.py:188} INFO - [2026-05-13T09:36:00.012+0000] {dag.py:3947} INFO - Setting next_dagrun for example_branch_labels to 2026-05-12 00:00:00+00:00, run_after=2026-05-13 00:00:00+00:00
[2026-05-13T09:36:00.027+0000] {processor.py:183} INFO - Processing /home/airflow/.local/lib/python3.12/site-packages/airflow/example_dags/example_branch_labels.py took 0.067 seconds
[2026-05-13T09:36:30.480+0000] {processor.py:161} INFO - Started process (PID=978) to work on /home/airflow/.local/lib/python3.12/site-packages/airflow/example_dags/example_branch_labels.py
[2026-05-13T09:36:30.481+0000] {processor.py:830} INFO - Processing file /home/airflow/.local/lib/python3.12/site-packages/airflow/example_dags/example_branch_labels.py for tasks to queue
[2026-05-13T09:36:30.483+0000] {logging_mixin.py:188} INFO - [2026-05-13T09:36:30.482+0000] {dagbag.py:545} INFO - Filling up the DagBag from /home/airflow/.local/lib/python3.12/site-packages/airflow/example_dags/example_branch_labels.py
[2026-05-13T09:36:30.489+0000] {processor.py:840} INFO - DAG(s) 'example_branch_labels' retrieved from /home/airflow/.local/lib/python3.12/site-packages/airflow/example_dags/example_branch_labels.py
[2026-05-13T09:36:30.507+0000] {logging_mixin.py:188} INFO - [2026-05-13T09:36:30.507+0000] {dag.py:3089} INFO - Sync 1 DAGs
[2026-05-13T09:36:30.527+0000] {logging_mixin.py:188} INFO - [2026-05-13T09:36:30.527+0000] {dag.py:3947} INFO - Setting next_dagrun for example_branch_labels to 2026-05-12 00:00:00+00:00, run_after=2026-05-13 00:00:00+00:00
[2026-05-13T09:36:30.543+0000] {processor.py:183} INFO - Processing /home/airflow/.local/lib/python3.12/site-packages/airflow/example_dags/example_branch_labels.py took 0.068 seconds
[2026-05-13T09:37:00.975+0000] {processor.py:161} INFO - Started process (PID=1036) to work on /home/airflow/.local/lib/python3.12/site-packages/airflow/example_dags/example_branch_labels.py
[2026-05-13T09:37:00.976+0000] {processor.py:830} INFO - Processing file /home/airflow/.local/lib/python3.12/site-packages/airflow/example_dags/example_branch_labels.py for tasks to queue
[2026-05-13T09:37:00.977+0000] {logging_mixin.py:188} INFO - [2026-05-13T09:37:00.977+0000] {dagbag.py:545} INFO - Filling up the DagBag from /home/airflow/.local/lib/python3.12/site-packages/airflow/example_dags/example_branch_labels.py
[2026-05-13T09:37:00.983+0000] {processor.py:840} INFO - DAG(s) 'example_branch_labels' retrieved from /home/airflow/.local/lib/python3.12/site-packages/airflow/example_dags/example_branch_labels.py
[2026-05-13T09:37:01.000+0000] {logging_mixin.py:188} INFO - [2026-05-13T09:37:01.000+0000] {dag.py:3089} INFO - Sync 1 DAGs
[2026-05-13T09:37:01.018+0000] {logging_mixin.py:188} INFO - [2026-05-13T09:37:01.018+0000] {dag.py:3947} INFO - Setting next_dagrun for example_branch_labels to 2026-05-12 00:00:00+00:00, run_after=2026-05-13 00:00:00+00:00
[2026-05-13T09:37:01.032+0000] {processor.py:183} INFO - Processing /home/airflow/.local/lib/python3.12/site-packages/airflow/example_dags/example_branch_labels.py took 0.061 seconds
[2026-05-13T09:37:31.420+0000] {processor.py:161} INFO - Started process (PID=1094) to work on /home/airflow/.local/lib/python3.12/site-packages/airflow/example_dags/example_branch_labels.py
[2026-05-13T09:37:31.422+0000] {processor.py:830} INFO - Processing file /home/airflow/.local/lib/python3.12/site-packages/airflow/example_dags/example_branch_labels.py for tasks to queue
[2026-05-13T09:37:31.423+0000] {logging_mixin.py:188} INFO - [2026-05-13T09:37:31.423+0000] {dagbag.py:545} INFO - Filling up the DagBag from /home/airflow/.local/lib/python3.12/site-packages/airflow/example_dags/example_branch_labels.py
[2026-05-13T09:37:31.429+0000] {processor.py:840} INFO - DAG(s) 'example_branch_labels' retrieved from /home/airflow/.local/lib/python3.12/site-packages/airflow/example_dags/example_branch_labels.py
[2026-05-13T09:37:31.446+0000] {logging_mixin.py:188} INFO - [2026-05-13T09:37:31.445+0000] {dag.py:3089} INFO - Sync 1 DAGs
[2026-05-13T09:37:31.464+0000] {logging_mixin.py:188} INFO - [2026-05-13T09:37:31.464+0000] {dag.py:3947} INFO - Setting next_dagrun for example_branch_labels to 2026-05-12 00:00:00+00:00, run_after=2026-05-13 00:00:00+00:00
[2026-05-13T09:37:31.478+0000] {processor.py:183} INFO - Processing /home/airflow/.local/lib/python3.12/site-packages/airflow/example_dags/example_branch_labels.py took 0.062 seconds
[2026-05-13T09:38:01.944+0000] {processor.py:161} INFO - Started process (PID=1152) to work on /home/airflow/.local/lib/python3.12/site-packages/airflow/example_dags/example_branch_labels.py
[2026-05-13T09:38:01.945+0000] {processor.py:830} INFO - Processing file /home/airflow/.local/lib/python3.12/site-packages/airflow/example_dags/example_branch_labels.py for tasks to queue
[2026-05-13T09:38:01.946+0000] {logging_mixin.py:188} INFO - [2026-05-13T09:38:01.946+0000] {dagbag.py:545} INFO - Filling up the DagBag from /home/airflow/.local/lib/python3.12/site-packages/airflow/example_dags/example_branch_labels.py
[2026-05-13T09:38:01.952+0000] {processor.py:840} INFO - DAG(s) 'example_branch_labels' retrieved from /home/airflow/.local/lib/python3.12/site-packages/airflow/example_dags/example_branch_labels.py
[2026-05-13T09:38:01.969+0000] {logging_mixin.py:188} INFO - [2026-05-13T09:38:01.969+0000] {dag.py:3089} INFO - Sync 1 DAGs
[2026-05-13T09:38:01.987+0000] {logging_mixin.py:188} INFO - [2026-05-13T09:38:01.987+0000] {dag.py:3947} INFO - Setting next_dagrun for example_branch_labels to 2026-05-12 00:00:00+00:00, run_after=2026-05-13 00:00:00+00:00
[2026-05-13T09:38:02.002+0000] {processor.py:183} INFO - Processing /home/airflow/.local/lib/python3.12/site-packages/airflow/example_dags/example_branch_labels.py took 0.063 seconds
