[2026-05-13T09:28:27.675+0000] {processor.py:161} INFO - Started process (PID=79) to work on /home/airflow/.local/lib/python3.12/site-packages/airflow/example_dags/example_datasets.py
[2026-05-13T09:28:27.676+0000] {processor.py:830} INFO - Processing file /home/airflow/.local/lib/python3.12/site-packages/airflow/example_dags/example_datasets.py for tasks to queue
[2026-05-13T09:28:27.677+0000] {logging_mixin.py:188} INFO - [2026-05-13T09:28:27.677+0000] {dagbag.py:545} INFO - Filling up the DagBag from /home/airflow/.local/lib/python3.12/site-packages/airflow/example_dags/example_datasets.py
[2026-05-13T09:28:27.693+0000] {processor.py:840} INFO - DAG(s) 'dataset_consumes_1', 'conditional_dataset_and_time_based_timetable', 'dataset_consumes_1_never_scheduled', 'dataset_consumes_1_and_2', 'consume_1_or_both_2_and_3_with_dataset_expressions', 'dataset_produces_2', 'dataset_produces_1', 'consume_1_or_2_with_dataset_expressions', 'consume_1_and_2_with_dataset_expressions', 'dataset_consumes_unknown_never_scheduled' retrieved from /home/airflow/.local/lib/python3.12/site-packages/airflow/example_dags/example_datasets.py
[2026-05-13T09:28:27.736+0000] {logging_mixin.py:188} INFO - [2026-05-13T09:28:27.736+0000] {dag.py:3089} INFO - Sync 10 DAGs
[2026-05-13T09:28:27.761+0000] {logging_mixin.py:188} INFO - [2026-05-13T09:28:27.761+0000] {dag.py:3947} INFO - Setting next_dagrun for conditional_dataset_and_time_based_timetable to 2026-05-13 01:00:00+00:00, run_after=2026-05-13 01:00:00+00:00
[2026-05-13T09:28:27.765+0000] {logging_mixin.py:188} INFO - [2026-05-13T09:28:27.764+0000] {dag.py:3947} INFO - Setting next_dagrun for consume_1_and_2_with_dataset_expressions to None, run_after=None
[2026-05-13T09:28:27.766+0000] {logging_mixin.py:188} INFO - [2026-05-13T09:28:27.766+0000] {dag.py:3947} INFO - Setting next_dagrun for consume_1_or_2_with_dataset_expressions to None, run_after=None
[2026-05-13T09:28:27.767+0000] {logging_mixin.py:188} INFO - [2026-05-13T09:28:27.767+0000] {dag.py:3947} INFO - Setting next_dagrun for consume_1_or_both_2_and_3_with_dataset_expressions to None, run_after=None
[2026-05-13T09:28:27.768+0000] {logging_mixin.py:188} INFO - [2026-05-13T09:28:27.768+0000] {dag.py:3947} INFO - Setting next_dagrun for dataset_consumes_1 to None, run_after=None
[2026-05-13T09:28:27.769+0000] {logging_mixin.py:188} INFO - [2026-05-13T09:28:27.769+0000] {dag.py:3947} INFO - Setting next_dagrun for dataset_consumes_1_and_2 to None, run_after=None
[2026-05-13T09:28:27.770+0000] {logging_mixin.py:188} INFO - [2026-05-13T09:28:27.770+0000] {dag.py:3947} INFO - Setting next_dagrun for dataset_consumes_1_never_scheduled to None, run_after=None
[2026-05-13T09:28:27.771+0000] {logging_mixin.py:188} INFO - [2026-05-13T09:28:27.771+0000] {dag.py:3947} INFO - Setting next_dagrun for dataset_consumes_unknown_never_scheduled to None, run_after=None
[2026-05-13T09:28:27.773+0000] {logging_mixin.py:188} INFO - [2026-05-13T09:28:27.773+0000] {dag.py:3947} INFO - Setting next_dagrun for dataset_produces_1 to 2026-05-12 00:00:00+00:00, run_after=2026-05-13 00:00:00+00:00
[2026-05-13T09:28:27.774+0000] {logging_mixin.py:188} INFO - [2026-05-13T09:28:27.774+0000] {dag.py:3947} INFO - Setting next_dagrun for dataset_produces_2 to None, run_after=None
[2026-05-13T09:28:27.807+0000] {processor.py:183} INFO - Processing /home/airflow/.local/lib/python3.12/site-packages/airflow/example_dags/example_datasets.py took 0.136 seconds
[2026-05-13T09:28:58.021+0000] {processor.py:161} INFO - Started process (PID=143) to work on /home/airflow/.local/lib/python3.12/site-packages/airflow/example_dags/example_datasets.py
[2026-05-13T09:28:58.021+0000] {processor.py:830} INFO - Processing file /home/airflow/.local/lib/python3.12/site-packages/airflow/example_dags/example_datasets.py for tasks to queue
[2026-05-13T09:28:58.023+0000] {logging_mixin.py:188} INFO - [2026-05-13T09:28:58.022+0000] {dagbag.py:545} INFO - Filling up the DagBag from /home/airflow/.local/lib/python3.12/site-packages/airflow/example_dags/example_datasets.py
[2026-05-13T09:28:58.035+0000] {processor.py:840} INFO - DAG(s) 'dataset_consumes_unknown_never_scheduled', 'conditional_dataset_and_time_based_timetable', 'dataset_consumes_1_never_scheduled', 'dataset_produces_1', 'dataset_consumes_1', 'dataset_produces_2', 'dataset_consumes_1_and_2', 'consume_1_or_2_with_dataset_expressions', 'consume_1_or_both_2_and_3_with_dataset_expressions', 'consume_1_and_2_with_dataset_expressions' retrieved from /home/airflow/.local/lib/python3.12/site-packages/airflow/example_dags/example_datasets.py
[2026-05-13T09:28:58.075+0000] {logging_mixin.py:188} INFO - [2026-05-13T09:28:58.075+0000] {dag.py:3089} INFO - Sync 10 DAGs
[2026-05-13T09:28:58.099+0000] {logging_mixin.py:188} INFO - [2026-05-13T09:28:58.098+0000] {dag.py:3947} INFO - Setting next_dagrun for conditional_dataset_and_time_based_timetable to 2026-05-13 01:00:00+00:00, run_after=2026-05-13 01:00:00+00:00
[2026-05-13T09:28:58.102+0000] {logging_mixin.py:188} INFO - [2026-05-13T09:28:58.102+0000] {dag.py:3947} INFO - Setting next_dagrun for consume_1_and_2_with_dataset_expressions to None, run_after=None
[2026-05-13T09:28:58.103+0000] {logging_mixin.py:188} INFO - [2026-05-13T09:28:58.103+0000] {dag.py:3947} INFO - Setting next_dagrun for consume_1_or_2_with_dataset_expressions to None, run_after=None
[2026-05-13T09:28:58.104+0000] {logging_mixin.py:188} INFO - [2026-05-13T09:28:58.104+0000] {dag.py:3947} INFO - Setting next_dagrun for consume_1_or_both_2_and_3_with_dataset_expressions to None, run_after=None
[2026-05-13T09:28:58.105+0000] {logging_mixin.py:188} INFO - [2026-05-13T09:28:58.105+0000] {dag.py:3947} INFO - Setting next_dagrun for dataset_consumes_1 to None, run_after=None
[2026-05-13T09:28:58.107+0000] {logging_mixin.py:188} INFO - [2026-05-13T09:28:58.107+0000] {dag.py:3947} INFO - Setting next_dagrun for dataset_consumes_1_and_2 to None, run_after=None
[2026-05-13T09:28:58.108+0000] {logging_mixin.py:188} INFO - [2026-05-13T09:28:58.108+0000] {dag.py:3947} INFO - Setting next_dagrun for dataset_consumes_1_never_scheduled to None, run_after=None
[2026-05-13T09:28:58.110+0000] {logging_mixin.py:188} INFO - [2026-05-13T09:28:58.110+0000] {dag.py:3947} INFO - Setting next_dagrun for dataset_consumes_unknown_never_scheduled to None, run_after=None
[2026-05-13T09:28:58.112+0000] {logging_mixin.py:188} INFO - [2026-05-13T09:28:58.112+0000] {dag.py:3947} INFO - Setting next_dagrun for dataset_produces_1 to 2026-05-12 00:00:00+00:00, run_after=2026-05-13 00:00:00+00:00
[2026-05-13T09:28:58.114+0000] {logging_mixin.py:188} INFO - [2026-05-13T09:28:58.113+0000] {dag.py:3947} INFO - Setting next_dagrun for dataset_produces_2 to None, run_after=None
[2026-05-13T09:28:58.145+0000] {processor.py:183} INFO - Processing /home/airflow/.local/lib/python3.12/site-packages/airflow/example_dags/example_datasets.py took 0.129 seconds
[2026-05-13T09:29:28.423+0000] {processor.py:161} INFO - Started process (PID=202) to work on /home/airflow/.local/lib/python3.12/site-packages/airflow/example_dags/example_datasets.py
[2026-05-13T09:29:28.425+0000] {processor.py:830} INFO - Processing file /home/airflow/.local/lib/python3.12/site-packages/airflow/example_dags/example_datasets.py for tasks to queue
[2026-05-13T09:29:28.426+0000] {logging_mixin.py:188} INFO - [2026-05-13T09:29:28.426+0000] {dagbag.py:545} INFO - Filling up the DagBag from /home/airflow/.local/lib/python3.12/site-packages/airflow/example_dags/example_datasets.py
[2026-05-13T09:29:28.448+0000] {processor.py:840} INFO - DAG(s) 'consume_1_and_2_with_dataset_expressions', 'dataset_produces_1', 'dataset_consumes_1_and_2', 'dataset_consumes_1', 'conditional_dataset_and_time_based_timetable', 'consume_1_or_both_2_and_3_with_dataset_expressions', 'dataset_produces_2', 'consume_1_or_2_with_dataset_expressions', 'dataset_consumes_unknown_never_scheduled', 'dataset_consumes_1_never_scheduled' retrieved from /home/airflow/.local/lib/python3.12/site-packages/airflow/example_dags/example_datasets.py
[2026-05-13T09:29:28.487+0000] {logging_mixin.py:188} INFO - [2026-05-13T09:29:28.487+0000] {dag.py:3089} INFO - Sync 10 DAGs
[2026-05-13T09:29:28.508+0000] {logging_mixin.py:188} INFO - [2026-05-13T09:29:28.508+0000] {dag.py:3947} INFO - Setting next_dagrun for conditional_dataset_and_time_based_timetable to 2026-05-13 01:00:00+00:00, run_after=2026-05-13 01:00:00+00:00
[2026-05-13T09:29:28.512+0000] {logging_mixin.py:188} INFO - [2026-05-13T09:29:28.511+0000] {dag.py:3947} INFO - Setting next_dagrun for consume_1_and_2_with_dataset_expressions to None, run_after=None
[2026-05-13T09:29:28.513+0000] {logging_mixin.py:188} INFO - [2026-05-13T09:29:28.513+0000] {dag.py:3947} INFO - Setting next_dagrun for consume_1_or_2_with_dataset_expressions to None, run_after=None
[2026-05-13T09:29:28.514+0000] {logging_mixin.py:188} INFO - [2026-05-13T09:29:28.514+0000] {dag.py:3947} INFO - Setting next_dagrun for consume_1_or_both_2_and_3_with_dataset_expressions to None, run_after=None
[2026-05-13T09:29:28.515+0000] {logging_mixin.py:188} INFO - [2026-05-13T09:29:28.515+0000] {dag.py:3947} INFO - Setting next_dagrun for dataset_consumes_1 to None, run_after=None
[2026-05-13T09:29:28.516+0000] {logging_mixin.py:188} INFO - [2026-05-13T09:29:28.516+0000] {dag.py:3947} INFO - Setting next_dagrun for dataset_consumes_1_and_2 to None, run_after=None
[2026-05-13T09:29:28.517+0000] {logging_mixin.py:188} INFO - [2026-05-13T09:29:28.517+0000] {dag.py:3947} INFO - Setting next_dagrun for dataset_consumes_1_never_scheduled to None, run_after=None
[2026-05-13T09:29:28.518+0000] {logging_mixin.py:188} INFO - [2026-05-13T09:29:28.518+0000] {dag.py:3947} INFO - Setting next_dagrun for dataset_consumes_unknown_never_scheduled to None, run_after=None
[2026-05-13T09:29:28.521+0000] {logging_mixin.py:188} INFO - [2026-05-13T09:29:28.520+0000] {dag.py:3947} INFO - Setting next_dagrun for dataset_produces_1 to 2026-05-12 00:00:00+00:00, run_after=2026-05-13 00:00:00+00:00
[2026-05-13T09:29:28.523+0000] {logging_mixin.py:188} INFO - [2026-05-13T09:29:28.522+0000] {dag.py:3947} INFO - Setting next_dagrun for dataset_produces_2 to None, run_after=None
[2026-05-13T09:29:28.550+0000] {processor.py:183} INFO - Processing /home/airflow/.local/lib/python3.12/site-packages/airflow/example_dags/example_datasets.py took 0.132 seconds
[2026-05-13T09:29:58.581+0000] {processor.py:161} INFO - Started process (PID=259) to work on /home/airflow/.local/lib/python3.12/site-packages/airflow/example_dags/example_datasets.py
[2026-05-13T09:29:58.582+0000] {processor.py:830} INFO - Processing file /home/airflow/.local/lib/python3.12/site-packages/airflow/example_dags/example_datasets.py for tasks to queue
[2026-05-13T09:29:58.583+0000] {logging_mixin.py:188} INFO - [2026-05-13T09:29:58.583+0000] {dagbag.py:545} INFO - Filling up the DagBag from /home/airflow/.local/lib/python3.12/site-packages/airflow/example_dags/example_datasets.py
[2026-05-13T09:29:58.595+0000] {processor.py:840} INFO - DAG(s) 'consume_1_or_both_2_and_3_with_dataset_expressions', 'dataset_consumes_1_and_2', 'dataset_consumes_unknown_never_scheduled', 'dataset_consumes_1', 'consume_1_or_2_with_dataset_expressions', 'consume_1_and_2_with_dataset_expressions', 'dataset_consumes_1_never_scheduled', 'dataset_produces_2', 'conditional_dataset_and_time_based_timetable', 'dataset_produces_1' retrieved from /home/airflow/.local/lib/python3.12/site-packages/airflow/example_dags/example_datasets.py
[2026-05-13T09:29:58.632+0000] {logging_mixin.py:188} INFO - [2026-05-13T09:29:58.632+0000] {dag.py:3089} INFO - Sync 10 DAGs
[2026-05-13T09:29:58.652+0000] {logging_mixin.py:188} INFO - [2026-05-13T09:29:58.652+0000] {dag.py:3947} INFO - Setting next_dagrun for conditional_dataset_and_time_based_timetable to 2026-05-13 01:00:00+00:00, run_after=2026-05-13 01:00:00+00:00
[2026-05-13T09:29:58.655+0000] {logging_mixin.py:188} INFO - [2026-05-13T09:29:58.655+0000] {dag.py:3947} INFO - Setting next_dagrun for consume_1_and_2_with_dataset_expressions to None, run_after=None
[2026-05-13T09:29:58.656+0000] {logging_mixin.py:188} INFO - [2026-05-13T09:29:58.656+0000] {dag.py:3947} INFO - Setting next_dagrun for consume_1_or_2_with_dataset_expressions to None, run_after=None
[2026-05-13T09:29:58.657+0000] {logging_mixin.py:188} INFO - [2026-05-13T09:29:58.657+0000] {dag.py:3947} INFO - Setting next_dagrun for consume_1_or_both_2_and_3_with_dataset_expressions to None, run_after=None
[2026-05-13T09:29:58.658+0000] {logging_mixin.py:188} INFO - [2026-05-13T09:29:58.658+0000] {dag.py:3947} INFO - Setting next_dagrun for dataset_consumes_1 to None, run_after=None
[2026-05-13T09:29:58.659+0000] {logging_mixin.py:188} INFO - [2026-05-13T09:29:58.659+0000] {dag.py:3947} INFO - Setting next_dagrun for dataset_consumes_1_and_2 to None, run_after=None
[2026-05-13T09:29:58.660+0000] {logging_mixin.py:188} INFO - [2026-05-13T09:29:58.660+0000] {dag.py:3947} INFO - Setting next_dagrun for dataset_consumes_1_never_scheduled to None, run_after=None
[2026-05-13T09:29:58.661+0000] {logging_mixin.py:188} INFO - [2026-05-13T09:29:58.660+0000] {dag.py:3947} INFO - Setting next_dagrun for dataset_consumes_unknown_never_scheduled to None, run_after=None
[2026-05-13T09:29:58.663+0000] {logging_mixin.py:188} INFO - [2026-05-13T09:29:58.663+0000] {dag.py:3947} INFO - Setting next_dagrun for dataset_produces_1 to 2026-05-12 00:00:00+00:00, run_after=2026-05-13 00:00:00+00:00
[2026-05-13T09:29:58.664+0000] {logging_mixin.py:188} INFO - [2026-05-13T09:29:58.663+0000] {dag.py:3947} INFO - Setting next_dagrun for dataset_produces_2 to None, run_after=None
[2026-05-13T09:29:58.691+0000] {processor.py:183} INFO - Processing /home/airflow/.local/lib/python3.12/site-packages/airflow/example_dags/example_datasets.py took 0.115 seconds
[2026-05-13T09:30:29.070+0000] {processor.py:161} INFO - Started process (PID=317) to work on /home/airflow/.local/lib/python3.12/site-packages/airflow/example_dags/example_datasets.py
[2026-05-13T09:30:29.072+0000] {processor.py:830} INFO - Processing file /home/airflow/.local/lib/python3.12/site-packages/airflow/example_dags/example_datasets.py for tasks to queue
[2026-05-13T09:30:29.073+0000] {logging_mixin.py:188} INFO - [2026-05-13T09:30:29.073+0000] {dagbag.py:545} INFO - Filling up the DagBag from /home/airflow/.local/lib/python3.12/site-packages/airflow/example_dags/example_datasets.py
[2026-05-13T09:30:29.084+0000] {processor.py:840} INFO - DAG(s) 'dataset_consumes_1_never_scheduled', 'dataset_consumes_1_and_2', 'consume_1_and_2_with_dataset_expressions', 'dataset_produces_1', 'dataset_produces_2', 'dataset_consumes_1', 'conditional_dataset_and_time_based_timetable', 'consume_1_or_2_with_dataset_expressions', 'dataset_consumes_unknown_never_scheduled', 'consume_1_or_both_2_and_3_with_dataset_expressions' retrieved from /home/airflow/.local/lib/python3.12/site-packages/airflow/example_dags/example_datasets.py
[2026-05-13T09:30:29.119+0000] {logging_mixin.py:188} INFO - [2026-05-13T09:30:29.119+0000] {dag.py:3089} INFO - Sync 10 DAGs
[2026-05-13T09:30:29.139+0000] {logging_mixin.py:188} INFO - [2026-05-13T09:30:29.139+0000] {dag.py:3947} INFO - Setting next_dagrun for conditional_dataset_and_time_based_timetable to 2026-05-13 01:00:00+00:00, run_after=2026-05-13 01:00:00+00:00
[2026-05-13T09:30:29.142+0000] {logging_mixin.py:188} INFO - [2026-05-13T09:30:29.142+0000] {dag.py:3947} INFO - Setting next_dagrun for consume_1_and_2_with_dataset_expressions to None, run_after=None
[2026-05-13T09:30:29.143+0000] {logging_mixin.py:188} INFO - [2026-05-13T09:30:29.143+0000] {dag.py:3947} INFO - Setting next_dagrun for consume_1_or_2_with_dataset_expressions to None, run_after=None
[2026-05-13T09:30:29.144+0000] {logging_mixin.py:188} INFO - [2026-05-13T09:30:29.144+0000] {dag.py:3947} INFO - Setting next_dagrun for consume_1_or_both_2_and_3_with_dataset_expressions to None, run_after=None
[2026-05-13T09:30:29.145+0000] {logging_mixin.py:188} INFO - [2026-05-13T09:30:29.145+0000] {dag.py:3947} INFO - Setting next_dagrun for dataset_consumes_1 to None, run_after=None
[2026-05-13T09:30:29.146+0000] {logging_mixin.py:188} INFO - [2026-05-13T09:30:29.146+0000] {dag.py:3947} INFO - Setting next_dagrun for dataset_consumes_1_and_2 to None, run_after=None
[2026-05-13T09:30:29.147+0000] {logging_mixin.py:188} INFO - [2026-05-13T09:30:29.147+0000] {dag.py:3947} INFO - Setting next_dagrun for dataset_consumes_1_never_scheduled to None, run_after=None
[2026-05-13T09:30:29.148+0000] {logging_mixin.py:188} INFO - [2026-05-13T09:30:29.148+0000] {dag.py:3947} INFO - Setting next_dagrun for dataset_consumes_unknown_never_scheduled to None, run_after=None
[2026-05-13T09:30:29.150+0000] {logging_mixin.py:188} INFO - [2026-05-13T09:30:29.150+0000] {dag.py:3947} INFO - Setting next_dagrun for dataset_produces_1 to 2026-05-12 00:00:00+00:00, run_after=2026-05-13 00:00:00+00:00
[2026-05-13T09:30:29.150+0000] {logging_mixin.py:188} INFO - [2026-05-13T09:30:29.150+0000] {dag.py:3947} INFO - Setting next_dagrun for dataset_produces_2 to None, run_after=None
[2026-05-13T09:30:29.176+0000] {processor.py:183} INFO - Processing /home/airflow/.local/lib/python3.12/site-packages/airflow/example_dags/example_datasets.py took 0.110 seconds
[2026-05-13T09:30:59.411+0000] {processor.py:161} INFO - Started process (PID=375) to work on /home/airflow/.local/lib/python3.12/site-packages/airflow/example_dags/example_datasets.py
[2026-05-13T09:30:59.411+0000] {processor.py:830} INFO - Processing file /home/airflow/.local/lib/python3.12/site-packages/airflow/example_dags/example_datasets.py for tasks to queue
[2026-05-13T09:30:59.412+0000] {logging_mixin.py:188} INFO - [2026-05-13T09:30:59.412+0000] {dagbag.py:545} INFO - Filling up the DagBag from /home/airflow/.local/lib/python3.12/site-packages/airflow/example_dags/example_datasets.py
[2026-05-13T09:30:59.423+0000] {processor.py:840} INFO - DAG(s) 'dataset_produces_2', 'dataset_consumes_unknown_never_scheduled', 'conditional_dataset_and_time_based_timetable', 'consume_1_or_both_2_and_3_with_dataset_expressions', 'dataset_produces_1', 'consume_1_or_2_with_dataset_expressions', 'dataset_consumes_1_never_scheduled', 'dataset_consumes_1', 'consume_1_and_2_with_dataset_expressions', 'dataset_consumes_1_and_2' retrieved from /home/airflow/.local/lib/python3.12/site-packages/airflow/example_dags/example_datasets.py
[2026-05-13T09:30:59.460+0000] {logging_mixin.py:188} INFO - [2026-05-13T09:30:59.459+0000] {dag.py:3089} INFO - Sync 10 DAGs
[2026-05-13T09:30:59.479+0000] {logging_mixin.py:188} INFO - [2026-05-13T09:30:59.479+0000] {dag.py:3947} INFO - Setting next_dagrun for conditional_dataset_and_time_based_timetable to 2026-05-13 01:00:00+00:00, run_after=2026-05-13 01:00:00+00:00
[2026-05-13T09:30:59.482+0000] {logging_mixin.py:188} INFO - [2026-05-13T09:30:59.482+0000] {dag.py:3947} INFO - Setting next_dagrun for consume_1_and_2_with_dataset_expressions to None, run_after=None
[2026-05-13T09:30:59.483+0000] {logging_mixin.py:188} INFO - [2026-05-13T09:30:59.483+0000] {dag.py:3947} INFO - Setting next_dagrun for consume_1_or_2_with_dataset_expressions to None, run_after=None
[2026-05-13T09:30:59.484+0000] {logging_mixin.py:188} INFO - [2026-05-13T09:30:59.484+0000] {dag.py:3947} INFO - Setting next_dagrun for consume_1_or_both_2_and_3_with_dataset_expressions to None, run_after=None
[2026-05-13T09:30:59.485+0000] {logging_mixin.py:188} INFO - [2026-05-13T09:30:59.485+0000] {dag.py:3947} INFO - Setting next_dagrun for dataset_consumes_1 to None, run_after=None
[2026-05-13T09:30:59.486+0000] {logging_mixin.py:188} INFO - [2026-05-13T09:30:59.486+0000] {dag.py:3947} INFO - Setting next_dagrun for dataset_consumes_1_and_2 to None, run_after=None
[2026-05-13T09:30:59.487+0000] {logging_mixin.py:188} INFO - [2026-05-13T09:30:59.487+0000] {dag.py:3947} INFO - Setting next_dagrun for dataset_consumes_1_never_scheduled to None, run_after=None
[2026-05-13T09:30:59.488+0000] {logging_mixin.py:188} INFO - [2026-05-13T09:30:59.488+0000] {dag.py:3947} INFO - Setting next_dagrun for dataset_consumes_unknown_never_scheduled to None, run_after=None
[2026-05-13T09:30:59.490+0000] {logging_mixin.py:188} INFO - [2026-05-13T09:30:59.489+0000] {dag.py:3947} INFO - Setting next_dagrun for dataset_produces_1 to 2026-05-12 00:00:00+00:00, run_after=2026-05-13 00:00:00+00:00
[2026-05-13T09:30:59.490+0000] {logging_mixin.py:188} INFO - [2026-05-13T09:30:59.490+0000] {dag.py:3947} INFO - Setting next_dagrun for dataset_produces_2 to None, run_after=None
[2026-05-13T09:30:59.516+0000] {processor.py:183} INFO - Processing /home/airflow/.local/lib/python3.12/site-packages/airflow/example_dags/example_datasets.py took 0.110 seconds
[2026-05-13T09:31:30.137+0000] {processor.py:161} INFO - Started process (PID=432) to work on /home/airflow/.local/lib/python3.12/site-packages/airflow/example_dags/example_datasets.py
[2026-05-13T09:31:30.139+0000] {processor.py:830} INFO - Processing file /home/airflow/.local/lib/python3.12/site-packages/airflow/example_dags/example_datasets.py for tasks to queue
[2026-05-13T09:31:30.140+0000] {logging_mixin.py:188} INFO - [2026-05-13T09:31:30.140+0000] {dagbag.py:545} INFO - Filling up the DagBag from /home/airflow/.local/lib/python3.12/site-packages/airflow/example_dags/example_datasets.py
[2026-05-13T09:31:30.151+0000] {processor.py:840} INFO - DAG(s) 'dataset_consumes_1_and_2', 'dataset_consumes_1_never_scheduled', 'dataset_produces_2', 'dataset_consumes_unknown_never_scheduled', 'dataset_consumes_1', 'conditional_dataset_and_time_based_timetable', 'consume_1_or_both_2_and_3_with_dataset_expressions', 'dataset_produces_1', 'consume_1_and_2_with_dataset_expressions', 'consume_1_or_2_with_dataset_expressions' retrieved from /home/airflow/.local/lib/python3.12/site-packages/airflow/example_dags/example_datasets.py
[2026-05-13T09:31:30.188+0000] {logging_mixin.py:188} INFO - [2026-05-13T09:31:30.188+0000] {dag.py:3089} INFO - Sync 10 DAGs
[2026-05-13T09:31:30.208+0000] {logging_mixin.py:188} INFO - [2026-05-13T09:31:30.208+0000] {dag.py:3947} INFO - Setting next_dagrun for conditional_dataset_and_time_based_timetable to 2026-05-13 01:00:00+00:00, run_after=2026-05-13 01:00:00+00:00
[2026-05-13T09:31:30.211+0000] {logging_mixin.py:188} INFO - [2026-05-13T09:31:30.211+0000] {dag.py:3947} INFO - Setting next_dagrun for consume_1_and_2_with_dataset_expressions to None, run_after=None
[2026-05-13T09:31:30.212+0000] {logging_mixin.py:188} INFO - [2026-05-13T09:31:30.212+0000] {dag.py:3947} INFO - Setting next_dagrun for consume_1_or_2_with_dataset_expressions to None, run_after=None
[2026-05-13T09:31:30.213+0000] {logging_mixin.py:188} INFO - [2026-05-13T09:31:30.213+0000] {dag.py:3947} INFO - Setting next_dagrun for consume_1_or_both_2_and_3_with_dataset_expressions to None, run_after=None
[2026-05-13T09:31:30.214+0000] {logging_mixin.py:188} INFO - [2026-05-13T09:31:30.213+0000] {dag.py:3947} INFO - Setting next_dagrun for dataset_consumes_1 to None, run_after=None
[2026-05-13T09:31:30.215+0000] {logging_mixin.py:188} INFO - [2026-05-13T09:31:30.214+0000] {dag.py:3947} INFO - Setting next_dagrun for dataset_consumes_1_and_2 to None, run_after=None
[2026-05-13T09:31:30.215+0000] {logging_mixin.py:188} INFO - [2026-05-13T09:31:30.215+0000] {dag.py:3947} INFO - Setting next_dagrun for dataset_consumes_1_never_scheduled to None, run_after=None
[2026-05-13T09:31:30.216+0000] {logging_mixin.py:188} INFO - [2026-05-13T09:31:30.216+0000] {dag.py:3947} INFO - Setting next_dagrun for dataset_consumes_unknown_never_scheduled to None, run_after=None
[2026-05-13T09:31:30.218+0000] {logging_mixin.py:188} INFO - [2026-05-13T09:31:30.218+0000] {dag.py:3947} INFO - Setting next_dagrun for dataset_produces_1 to 2026-05-12 00:00:00+00:00, run_after=2026-05-13 00:00:00+00:00
[2026-05-13T09:31:30.219+0000] {logging_mixin.py:188} INFO - [2026-05-13T09:31:30.219+0000] {dag.py:3947} INFO - Setting next_dagrun for dataset_produces_2 to None, run_after=None
[2026-05-13T09:31:30.245+0000] {processor.py:183} INFO - Processing /home/airflow/.local/lib/python3.12/site-packages/airflow/example_dags/example_datasets.py took 0.112 seconds
[2026-05-13T09:32:00.918+0000] {processor.py:161} INFO - Started process (PID=490) to work on /home/airflow/.local/lib/python3.12/site-packages/airflow/example_dags/example_datasets.py
[2026-05-13T09:32:00.919+0000] {processor.py:830} INFO - Processing file /home/airflow/.local/lib/python3.12/site-packages/airflow/example_dags/example_datasets.py for tasks to queue
[2026-05-13T09:32:00.920+0000] {logging_mixin.py:188} INFO - [2026-05-13T09:32:00.920+0000] {dagbag.py:545} INFO - Filling up the DagBag from /home/airflow/.local/lib/python3.12/site-packages/airflow/example_dags/example_datasets.py
[2026-05-13T09:32:00.931+0000] {processor.py:840} INFO - DAG(s) 'dataset_consumes_1', 'consume_1_or_both_2_and_3_with_dataset_expressions', 'dataset_produces_1', 'dataset_consumes_1_and_2', 'conditional_dataset_and_time_based_timetable', 'dataset_consumes_unknown_never_scheduled', 'consume_1_or_2_with_dataset_expressions', 'dataset_consumes_1_never_scheduled', 'dataset_produces_2', 'consume_1_and_2_with_dataset_expressions' retrieved from /home/airflow/.local/lib/python3.12/site-packages/airflow/example_dags/example_datasets.py
[2026-05-13T09:32:00.967+0000] {logging_mixin.py:188} INFO - [2026-05-13T09:32:00.967+0000] {dag.py:3089} INFO - Sync 10 DAGs
[2026-05-13T09:32:00.987+0000] {logging_mixin.py:188} INFO - [2026-05-13T09:32:00.987+0000] {dag.py:3947} INFO - Setting next_dagrun for conditional_dataset_and_time_based_timetable to 2026-05-13 01:00:00+00:00, run_after=2026-05-13 01:00:00+00:00
[2026-05-13T09:32:00.990+0000] {logging_mixin.py:188} INFO - [2026-05-13T09:32:00.990+0000] {dag.py:3947} INFO - Setting next_dagrun for consume_1_and_2_with_dataset_expressions to None, run_after=None
[2026-05-13T09:32:00.991+0000] {logging_mixin.py:188} INFO - [2026-05-13T09:32:00.991+0000] {dag.py:3947} INFO - Setting next_dagrun for consume_1_or_2_with_dataset_expressions to None, run_after=None
[2026-05-13T09:32:00.992+0000] {logging_mixin.py:188} INFO - [2026-05-13T09:32:00.992+0000] {dag.py:3947} INFO - Setting next_dagrun for consume_1_or_both_2_and_3_with_dataset_expressions to None, run_after=None
[2026-05-13T09:32:00.993+0000] {logging_mixin.py:188} INFO - [2026-05-13T09:32:00.993+0000] {dag.py:3947} INFO - Setting next_dagrun for dataset_consumes_1 to None, run_after=None
[2026-05-13T09:32:00.994+0000] {logging_mixin.py:188} INFO - [2026-05-13T09:32:00.994+0000] {dag.py:3947} INFO - Setting next_dagrun for dataset_consumes_1_and_2 to None, run_after=None
[2026-05-13T09:32:00.995+0000] {logging_mixin.py:188} INFO - [2026-05-13T09:32:00.995+0000] {dag.py:3947} INFO - Setting next_dagrun for dataset_consumes_1_never_scheduled to None, run_after=None
[2026-05-13T09:32:00.996+0000] {logging_mixin.py:188} INFO - [2026-05-13T09:32:00.996+0000] {dag.py:3947} INFO - Setting next_dagrun for dataset_consumes_unknown_never_scheduled to None, run_after=None
[2026-05-13T09:32:00.998+0000] {logging_mixin.py:188} INFO - [2026-05-13T09:32:00.997+0000] {dag.py:3947} INFO - Setting next_dagrun for dataset_produces_1 to 2026-05-12 00:00:00+00:00, run_after=2026-05-13 00:00:00+00:00
[2026-05-13T09:32:00.998+0000] {logging_mixin.py:188} INFO - [2026-05-13T09:32:00.998+0000] {dag.py:3947} INFO - Setting next_dagrun for dataset_produces_2 to None, run_after=None
[2026-05-13T09:32:01.045+0000] {processor.py:183} INFO - Processing /home/airflow/.local/lib/python3.12/site-packages/airflow/example_dags/example_datasets.py took 0.131 seconds
[2026-05-13T09:32:31.363+0000] {processor.py:161} INFO - Started process (PID=548) to work on /home/airflow/.local/lib/python3.12/site-packages/airflow/example_dags/example_datasets.py
[2026-05-13T09:32:31.364+0000] {processor.py:830} INFO - Processing file /home/airflow/.local/lib/python3.12/site-packages/airflow/example_dags/example_datasets.py for tasks to queue
[2026-05-13T09:32:31.365+0000] {logging_mixin.py:188} INFO - [2026-05-13T09:32:31.365+0000] {dagbag.py:545} INFO - Filling up the DagBag from /home/airflow/.local/lib/python3.12/site-packages/airflow/example_dags/example_datasets.py
[2026-05-13T09:32:31.376+0000] {processor.py:840} INFO - DAG(s) 'dataset_produces_1', 'conditional_dataset_and_time_based_timetable', 'dataset_consumes_1_and_2', 'dataset_produces_2', 'dataset_consumes_1_never_scheduled', 'consume_1_and_2_with_dataset_expressions', 'consume_1_or_both_2_and_3_with_dataset_expressions', 'dataset_consumes_unknown_never_scheduled', 'dataset_consumes_1', 'consume_1_or_2_with_dataset_expressions' retrieved from /home/airflow/.local/lib/python3.12/site-packages/airflow/example_dags/example_datasets.py
[2026-05-13T09:32:31.412+0000] {logging_mixin.py:188} INFO - [2026-05-13T09:32:31.412+0000] {dag.py:3089} INFO - Sync 10 DAGs
[2026-05-13T09:32:31.433+0000] {logging_mixin.py:188} INFO - [2026-05-13T09:32:31.432+0000] {dag.py:3947} INFO - Setting next_dagrun for conditional_dataset_and_time_based_timetable to 2026-05-13 01:00:00+00:00, run_after=2026-05-13 01:00:00+00:00
[2026-05-13T09:32:31.435+0000] {logging_mixin.py:188} INFO - [2026-05-13T09:32:31.435+0000] {dag.py:3947} INFO - Setting next_dagrun for consume_1_and_2_with_dataset_expressions to None, run_after=None
[2026-05-13T09:32:31.436+0000] {logging_mixin.py:188} INFO - [2026-05-13T09:32:31.436+0000] {dag.py:3947} INFO - Setting next_dagrun for consume_1_or_2_with_dataset_expressions to None, run_after=None
[2026-05-13T09:32:31.437+0000] {logging_mixin.py:188} INFO - [2026-05-13T09:32:31.437+0000] {dag.py:3947} INFO - Setting next_dagrun for consume_1_or_both_2_and_3_with_dataset_expressions to None, run_after=None
[2026-05-13T09:32:31.438+0000] {logging_mixin.py:188} INFO - [2026-05-13T09:32:31.438+0000] {dag.py:3947} INFO - Setting next_dagrun for dataset_consumes_1 to None, run_after=None
[2026-05-13T09:32:31.439+0000] {logging_mixin.py:188} INFO - [2026-05-13T09:32:31.439+0000] {dag.py:3947} INFO - Setting next_dagrun for dataset_consumes_1_and_2 to None, run_after=None
[2026-05-13T09:32:31.440+0000] {logging_mixin.py:188} INFO - [2026-05-13T09:32:31.440+0000] {dag.py:3947} INFO - Setting next_dagrun for dataset_consumes_1_never_scheduled to None, run_after=None
[2026-05-13T09:32:31.441+0000] {logging_mixin.py:188} INFO - [2026-05-13T09:32:31.441+0000] {dag.py:3947} INFO - Setting next_dagrun for dataset_consumes_unknown_never_scheduled to None, run_after=None
[2026-05-13T09:32:31.443+0000] {logging_mixin.py:188} INFO - [2026-05-13T09:32:31.443+0000] {dag.py:3947} INFO - Setting next_dagrun for dataset_produces_1 to 2026-05-12 00:00:00+00:00, run_after=2026-05-13 00:00:00+00:00
[2026-05-13T09:32:31.444+0000] {logging_mixin.py:188} INFO - [2026-05-13T09:32:31.443+0000] {dag.py:3947} INFO - Setting next_dagrun for dataset_produces_2 to None, run_after=None
[2026-05-13T09:32:31.469+0000] {processor.py:183} INFO - Processing /home/airflow/.local/lib/python3.12/site-packages/airflow/example_dags/example_datasets.py took 0.110 seconds
[2026-05-13T09:33:01.865+0000] {processor.py:161} INFO - Started process (PID=606) to work on /home/airflow/.local/lib/python3.12/site-packages/airflow/example_dags/example_datasets.py
[2026-05-13T09:33:01.866+0000] {processor.py:830} INFO - Processing file /home/airflow/.local/lib/python3.12/site-packages/airflow/example_dags/example_datasets.py for tasks to queue
[2026-05-13T09:33:01.867+0000] {logging_mixin.py:188} INFO - [2026-05-13T09:33:01.867+0000] {dagbag.py:545} INFO - Filling up the DagBag from /home/airflow/.local/lib/python3.12/site-packages/airflow/example_dags/example_datasets.py
[2026-05-13T09:33:01.878+0000] {processor.py:840} INFO - DAG(s) 'dataset_produces_2', 'dataset_consumes_unknown_never_scheduled', 'conditional_dataset_and_time_based_timetable', 'consume_1_and_2_with_dataset_expressions', 'consume_1_or_2_with_dataset_expressions', 'dataset_consumes_1_and_2', 'dataset_consumes_1_never_scheduled', 'dataset_produces_1', 'consume_1_or_both_2_and_3_with_dataset_expressions', 'dataset_consumes_1' retrieved from /home/airflow/.local/lib/python3.12/site-packages/airflow/example_dags/example_datasets.py
[2026-05-13T09:33:01.913+0000] {logging_mixin.py:188} INFO - [2026-05-13T09:33:01.913+0000] {dag.py:3089} INFO - Sync 10 DAGs
[2026-05-13T09:33:01.933+0000] {logging_mixin.py:188} INFO - [2026-05-13T09:33:01.933+0000] {dag.py:3947} INFO - Setting next_dagrun for conditional_dataset_and_time_based_timetable to 2026-05-13 01:00:00+00:00, run_after=2026-05-13 01:00:00+00:00
[2026-05-13T09:33:01.936+0000] {logging_mixin.py:188} INFO - [2026-05-13T09:33:01.936+0000] {dag.py:3947} INFO - Setting next_dagrun for consume_1_and_2_with_dataset_expressions to None, run_after=None
[2026-05-13T09:33:01.937+0000] {logging_mixin.py:188} INFO - [2026-05-13T09:33:01.937+0000] {dag.py:3947} INFO - Setting next_dagrun for consume_1_or_2_with_dataset_expressions to None, run_after=None
[2026-05-13T09:33:01.938+0000] {logging_mixin.py:188} INFO - [2026-05-13T09:33:01.938+0000] {dag.py:3947} INFO - Setting next_dagrun for consume_1_or_both_2_and_3_with_dataset_expressions to None, run_after=None
[2026-05-13T09:33:01.939+0000] {logging_mixin.py:188} INFO - [2026-05-13T09:33:01.939+0000] {dag.py:3947} INFO - Setting next_dagrun for dataset_consumes_1 to None, run_after=None
[2026-05-13T09:33:01.940+0000] {logging_mixin.py:188} INFO - [2026-05-13T09:33:01.940+0000] {dag.py:3947} INFO - Setting next_dagrun for dataset_consumes_1_and_2 to None, run_after=None
[2026-05-13T09:33:01.941+0000] {logging_mixin.py:188} INFO - [2026-05-13T09:33:01.941+0000] {dag.py:3947} INFO - Setting next_dagrun for dataset_consumes_1_never_scheduled to None, run_after=None
[2026-05-13T09:33:01.942+0000] {logging_mixin.py:188} INFO - [2026-05-13T09:33:01.942+0000] {dag.py:3947} INFO - Setting next_dagrun for dataset_consumes_unknown_never_scheduled to None, run_after=None
[2026-05-13T09:33:01.944+0000] {logging_mixin.py:188} INFO - [2026-05-13T09:33:01.943+0000] {dag.py:3947} INFO - Setting next_dagrun for dataset_produces_1 to 2026-05-12 00:00:00+00:00, run_after=2026-05-13 00:00:00+00:00
[2026-05-13T09:33:01.944+0000] {logging_mixin.py:188} INFO - [2026-05-13T09:33:01.944+0000] {dag.py:3947} INFO - Setting next_dagrun for dataset_produces_2 to None, run_after=None
[2026-05-13T09:33:01.971+0000] {processor.py:183} INFO - Processing /home/airflow/.local/lib/python3.12/site-packages/airflow/example_dags/example_datasets.py took 0.110 seconds
[2026-05-13T09:33:32.788+0000] {processor.py:161} INFO - Started process (PID=665) to work on /home/airflow/.local/lib/python3.12/site-packages/airflow/example_dags/example_datasets.py
[2026-05-13T09:33:32.789+0000] {processor.py:830} INFO - Processing file /home/airflow/.local/lib/python3.12/site-packages/airflow/example_dags/example_datasets.py for tasks to queue
[2026-05-13T09:33:32.790+0000] {logging_mixin.py:188} INFO - [2026-05-13T09:33:32.790+0000] {dagbag.py:545} INFO - Filling up the DagBag from /home/airflow/.local/lib/python3.12/site-packages/airflow/example_dags/example_datasets.py
[2026-05-13T09:33:32.801+0000] {processor.py:840} INFO - DAG(s) 'dataset_consumes_unknown_never_scheduled', 'conditional_dataset_and_time_based_timetable', 'dataset_consumes_1_never_scheduled', 'consume_1_or_both_2_and_3_with_dataset_expressions', 'dataset_produces_1', 'dataset_consumes_1_and_2', 'consume_1_and_2_with_dataset_expressions', 'dataset_produces_2', 'dataset_consumes_1', 'consume_1_or_2_with_dataset_expressions' retrieved from /home/airflow/.local/lib/python3.12/site-packages/airflow/example_dags/example_datasets.py
[2026-05-13T09:33:32.837+0000] {logging_mixin.py:188} INFO - [2026-05-13T09:33:32.837+0000] {dag.py:3089} INFO - Sync 10 DAGs
[2026-05-13T09:33:32.856+0000] {logging_mixin.py:188} INFO - [2026-05-13T09:33:32.856+0000] {dag.py:3947} INFO - Setting next_dagrun for conditional_dataset_and_time_based_timetable to 2026-05-13 01:00:00+00:00, run_after=2026-05-13 01:00:00+00:00
[2026-05-13T09:33:32.859+0000] {logging_mixin.py:188} INFO - [2026-05-13T09:33:32.859+0000] {dag.py:3947} INFO - Setting next_dagrun for consume_1_and_2_with_dataset_expressions to None, run_after=None
[2026-05-13T09:33:32.860+0000] {logging_mixin.py:188} INFO - [2026-05-13T09:33:32.860+0000] {dag.py:3947} INFO - Setting next_dagrun for consume_1_or_2_with_dataset_expressions to None, run_after=None
[2026-05-13T09:33:32.861+0000] {logging_mixin.py:188} INFO - [2026-05-13T09:33:32.861+0000] {dag.py:3947} INFO - Setting next_dagrun for consume_1_or_both_2_and_3_with_dataset_expressions to None, run_after=None
[2026-05-13T09:33:32.862+0000] {logging_mixin.py:188} INFO - [2026-05-13T09:33:32.862+0000] {dag.py:3947} INFO - Setting next_dagrun for dataset_consumes_1 to None, run_after=None
[2026-05-13T09:33:32.863+0000] {logging_mixin.py:188} INFO - [2026-05-13T09:33:32.863+0000] {dag.py:3947} INFO - Setting next_dagrun for dataset_consumes_1_and_2 to None, run_after=None
[2026-05-13T09:33:32.864+0000] {logging_mixin.py:188} INFO - [2026-05-13T09:33:32.864+0000] {dag.py:3947} INFO - Setting next_dagrun for dataset_consumes_1_never_scheduled to None, run_after=None
[2026-05-13T09:33:32.865+0000] {logging_mixin.py:188} INFO - [2026-05-13T09:33:32.865+0000] {dag.py:3947} INFO - Setting next_dagrun for dataset_consumes_unknown_never_scheduled to None, run_after=None
[2026-05-13T09:33:32.867+0000] {logging_mixin.py:188} INFO - [2026-05-13T09:33:32.866+0000] {dag.py:3947} INFO - Setting next_dagrun for dataset_produces_1 to 2026-05-12 00:00:00+00:00, run_after=2026-05-13 00:00:00+00:00
[2026-05-13T09:33:32.867+0000] {logging_mixin.py:188} INFO - [2026-05-13T09:33:32.867+0000] {dag.py:3947} INFO - Setting next_dagrun for dataset_produces_2 to None, run_after=None
[2026-05-13T09:33:32.901+0000] {processor.py:183} INFO - Processing /home/airflow/.local/lib/python3.12/site-packages/airflow/example_dags/example_datasets.py took 0.117 seconds
[2026-05-13T09:34:03.145+0000] {processor.py:161} INFO - Started process (PID=723) to work on /home/airflow/.local/lib/python3.12/site-packages/airflow/example_dags/example_datasets.py
[2026-05-13T09:34:03.146+0000] {processor.py:830} INFO - Processing file /home/airflow/.local/lib/python3.12/site-packages/airflow/example_dags/example_datasets.py for tasks to queue
[2026-05-13T09:34:03.147+0000] {logging_mixin.py:188} INFO - [2026-05-13T09:34:03.147+0000] {dagbag.py:545} INFO - Filling up the DagBag from /home/airflow/.local/lib/python3.12/site-packages/airflow/example_dags/example_datasets.py
[2026-05-13T09:34:03.159+0000] {processor.py:840} INFO - DAG(s) 'consume_1_or_both_2_and_3_with_dataset_expressions', 'conditional_dataset_and_time_based_timetable', 'dataset_consumes_1', 'dataset_produces_2', 'dataset_produces_1', 'consume_1_or_2_with_dataset_expressions', 'dataset_consumes_1_never_scheduled', 'dataset_consumes_unknown_never_scheduled', 'dataset_consumes_1_and_2', 'consume_1_and_2_with_dataset_expressions' retrieved from /home/airflow/.local/lib/python3.12/site-packages/airflow/example_dags/example_datasets.py
[2026-05-13T09:34:03.203+0000] {logging_mixin.py:188} INFO - [2026-05-13T09:34:03.203+0000] {dag.py:3089} INFO - Sync 10 DAGs
[2026-05-13T09:34:03.225+0000] {logging_mixin.py:188} INFO - [2026-05-13T09:34:03.224+0000] {dag.py:3947} INFO - Setting next_dagrun for conditional_dataset_and_time_based_timetable to 2026-05-13 01:00:00+00:00, run_after=2026-05-13 01:00:00+00:00
[2026-05-13T09:34:03.228+0000] {logging_mixin.py:188} INFO - [2026-05-13T09:34:03.228+0000] {dag.py:3947} INFO - Setting next_dagrun for consume_1_and_2_with_dataset_expressions to None, run_after=None
[2026-05-13T09:34:03.229+0000] {logging_mixin.py:188} INFO - [2026-05-13T09:34:03.229+0000] {dag.py:3947} INFO - Setting next_dagrun for consume_1_or_2_with_dataset_expressions to None, run_after=None
[2026-05-13T09:34:03.230+0000] {logging_mixin.py:188} INFO - [2026-05-13T09:34:03.230+0000] {dag.py:3947} INFO - Setting next_dagrun for consume_1_or_both_2_and_3_with_dataset_expressions to None, run_after=None
[2026-05-13T09:34:03.231+0000] {logging_mixin.py:188} INFO - [2026-05-13T09:34:03.231+0000] {dag.py:3947} INFO - Setting next_dagrun for dataset_consumes_1 to None, run_after=None
[2026-05-13T09:34:03.232+0000] {logging_mixin.py:188} INFO - [2026-05-13T09:34:03.232+0000] {dag.py:3947} INFO - Setting next_dagrun for dataset_consumes_1_and_2 to None, run_after=None
[2026-05-13T09:34:03.234+0000] {logging_mixin.py:188} INFO - [2026-05-13T09:34:03.233+0000] {dag.py:3947} INFO - Setting next_dagrun for dataset_consumes_1_never_scheduled to None, run_after=None
[2026-05-13T09:34:03.235+0000] {logging_mixin.py:188} INFO - [2026-05-13T09:34:03.235+0000] {dag.py:3947} INFO - Setting next_dagrun for dataset_consumes_unknown_never_scheduled to None, run_after=None
[2026-05-13T09:34:03.237+0000] {logging_mixin.py:188} INFO - [2026-05-13T09:34:03.237+0000] {dag.py:3947} INFO - Setting next_dagrun for dataset_produces_1 to 2026-05-12 00:00:00+00:00, run_after=2026-05-13 00:00:00+00:00
[2026-05-13T09:34:03.238+0000] {logging_mixin.py:188} INFO - [2026-05-13T09:34:03.238+0000] {dag.py:3947} INFO - Setting next_dagrun for dataset_produces_2 to None, run_after=None
[2026-05-13T09:34:03.268+0000] {processor.py:183} INFO - Processing /home/airflow/.local/lib/python3.12/site-packages/airflow/example_dags/example_datasets.py took 0.128 seconds
[2026-05-13T09:34:33.419+0000] {processor.py:161} INFO - Started process (PID=780) to work on /home/airflow/.local/lib/python3.12/site-packages/airflow/example_dags/example_datasets.py
[2026-05-13T09:34:33.420+0000] {processor.py:830} INFO - Processing file /home/airflow/.local/lib/python3.12/site-packages/airflow/example_dags/example_datasets.py for tasks to queue
[2026-05-13T09:34:33.421+0000] {logging_mixin.py:188} INFO - [2026-05-13T09:34:33.421+0000] {dagbag.py:545} INFO - Filling up the DagBag from /home/airflow/.local/lib/python3.12/site-packages/airflow/example_dags/example_datasets.py
[2026-05-13T09:34:33.432+0000] {processor.py:840} INFO - DAG(s) 'dataset_consumes_1_never_scheduled', 'dataset_consumes_1', 'dataset_consumes_unknown_never_scheduled', 'conditional_dataset_and_time_based_timetable', 'dataset_produces_1', 'dataset_produces_2', 'consume_1_or_2_with_dataset_expressions', 'consume_1_and_2_with_dataset_expressions', 'consume_1_or_both_2_and_3_with_dataset_expressions', 'dataset_consumes_1_and_2' retrieved from /home/airflow/.local/lib/python3.12/site-packages/airflow/example_dags/example_datasets.py
[2026-05-13T09:34:33.470+0000] {logging_mixin.py:188} INFO - [2026-05-13T09:34:33.470+0000] {dag.py:3089} INFO - Sync 10 DAGs
[2026-05-13T09:34:33.491+0000] {logging_mixin.py:188} INFO - [2026-05-13T09:34:33.491+0000] {dag.py:3947} INFO - Setting next_dagrun for conditional_dataset_and_time_based_timetable to 2026-05-13 01:00:00+00:00, run_after=2026-05-13 01:00:00+00:00
[2026-05-13T09:34:33.494+0000] {logging_mixin.py:188} INFO - [2026-05-13T09:34:33.494+0000] {dag.py:3947} INFO - Setting next_dagrun for consume_1_and_2_with_dataset_expressions to None, run_after=None
[2026-05-13T09:34:33.495+0000] {logging_mixin.py:188} INFO - [2026-05-13T09:34:33.495+0000] {dag.py:3947} INFO - Setting next_dagrun for consume_1_or_2_with_dataset_expressions to None, run_after=None
[2026-05-13T09:34:33.496+0000] {logging_mixin.py:188} INFO - [2026-05-13T09:34:33.496+0000] {dag.py:3947} INFO - Setting next_dagrun for consume_1_or_both_2_and_3_with_dataset_expressions to None, run_after=None
[2026-05-13T09:34:33.497+0000] {logging_mixin.py:188} INFO - [2026-05-13T09:34:33.496+0000] {dag.py:3947} INFO - Setting next_dagrun for dataset_consumes_1 to None, run_after=None
[2026-05-13T09:34:33.498+0000] {logging_mixin.py:188} INFO - [2026-05-13T09:34:33.497+0000] {dag.py:3947} INFO - Setting next_dagrun for dataset_consumes_1_and_2 to None, run_after=None
[2026-05-13T09:34:33.498+0000] {logging_mixin.py:188} INFO - [2026-05-13T09:34:33.498+0000] {dag.py:3947} INFO - Setting next_dagrun for dataset_consumes_1_never_scheduled to None, run_after=None
[2026-05-13T09:34:33.499+0000] {logging_mixin.py:188} INFO - [2026-05-13T09:34:33.499+0000] {dag.py:3947} INFO - Setting next_dagrun for dataset_consumes_unknown_never_scheduled to None, run_after=None
[2026-05-13T09:34:33.501+0000] {logging_mixin.py:188} INFO - [2026-05-13T09:34:33.501+0000] {dag.py:3947} INFO - Setting next_dagrun for dataset_produces_1 to 2026-05-12 00:00:00+00:00, run_after=2026-05-13 00:00:00+00:00
[2026-05-13T09:34:33.502+0000] {logging_mixin.py:188} INFO - [2026-05-13T09:34:33.502+0000] {dag.py:3947} INFO - Setting next_dagrun for dataset_produces_2 to None, run_after=None
[2026-05-13T09:34:33.529+0000] {processor.py:183} INFO - Processing /home/airflow/.local/lib/python3.12/site-packages/airflow/example_dags/example_datasets.py took 0.114 seconds
[2026-05-13T09:35:03.766+0000] {processor.py:161} INFO - Started process (PID=837) to work on /home/airflow/.local/lib/python3.12/site-packages/airflow/example_dags/example_datasets.py
[2026-05-13T09:35:03.767+0000] {processor.py:830} INFO - Processing file /home/airflow/.local/lib/python3.12/site-packages/airflow/example_dags/example_datasets.py for tasks to queue
[2026-05-13T09:35:03.768+0000] {logging_mixin.py:188} INFO - [2026-05-13T09:35:03.768+0000] {dagbag.py:545} INFO - Filling up the DagBag from /home/airflow/.local/lib/python3.12/site-packages/airflow/example_dags/example_datasets.py
[2026-05-13T09:35:03.780+0000] {processor.py:840} INFO - DAG(s) 'dataset_consumes_unknown_never_scheduled', 'dataset_produces_1', 'conditional_dataset_and_time_based_timetable', 'consume_1_or_2_with_dataset_expressions', 'dataset_consumes_1_and_2', 'consume_1_and_2_with_dataset_expressions', 'dataset_produces_2', 'consume_1_or_both_2_and_3_with_dataset_expressions', 'dataset_consumes_1_never_scheduled', 'dataset_consumes_1' retrieved from /home/airflow/.local/lib/python3.12/site-packages/airflow/example_dags/example_datasets.py
[2026-05-13T09:35:03.820+0000] {logging_mixin.py:188} INFO - [2026-05-13T09:35:03.819+0000] {dag.py:3089} INFO - Sync 10 DAGs
[2026-05-13T09:35:03.842+0000] {logging_mixin.py:188} INFO - [2026-05-13T09:35:03.842+0000] {dag.py:3947} INFO - Setting next_dagrun for conditional_dataset_and_time_based_timetable to 2026-05-13 01:00:00+00:00, run_after=2026-05-13 01:00:00+00:00
[2026-05-13T09:35:03.845+0000] {logging_mixin.py:188} INFO - [2026-05-13T09:35:03.845+0000] {dag.py:3947} INFO - Setting next_dagrun for consume_1_and_2_with_dataset_expressions to None, run_after=None
[2026-05-13T09:35:03.846+0000] {logging_mixin.py:188} INFO - [2026-05-13T09:35:03.846+0000] {dag.py:3947} INFO - Setting next_dagrun for consume_1_or_2_with_dataset_expressions to None, run_after=None
[2026-05-13T09:35:03.847+0000] {logging_mixin.py:188} INFO - [2026-05-13T09:35:03.847+0000] {dag.py:3947} INFO - Setting next_dagrun for consume_1_or_both_2_and_3_with_dataset_expressions to None, run_after=None
[2026-05-13T09:35:03.848+0000] {logging_mixin.py:188} INFO - [2026-05-13T09:35:03.848+0000] {dag.py:3947} INFO - Setting next_dagrun for dataset_consumes_1 to None, run_after=None
[2026-05-13T09:35:03.849+0000] {logging_mixin.py:188} INFO - [2026-05-13T09:35:03.849+0000] {dag.py:3947} INFO - Setting next_dagrun for dataset_consumes_1_and_2 to None, run_after=None
[2026-05-13T09:35:03.850+0000] {logging_mixin.py:188} INFO - [2026-05-13T09:35:03.849+0000] {dag.py:3947} INFO - Setting next_dagrun for dataset_consumes_1_never_scheduled to None, run_after=None
[2026-05-13T09:35:03.851+0000] {logging_mixin.py:188} INFO - [2026-05-13T09:35:03.850+0000] {dag.py:3947} INFO - Setting next_dagrun for dataset_consumes_unknown_never_scheduled to None, run_after=None
[2026-05-13T09:35:03.853+0000] {logging_mixin.py:188} INFO - [2026-05-13T09:35:03.852+0000] {dag.py:3947} INFO - Setting next_dagrun for dataset_produces_1 to 2026-05-12 00:00:00+00:00, run_after=2026-05-13 00:00:00+00:00
[2026-05-13T09:35:03.853+0000] {logging_mixin.py:188} INFO - [2026-05-13T09:35:03.853+0000] {dag.py:3947} INFO - Setting next_dagrun for dataset_produces_2 to None, run_after=None
[2026-05-13T09:35:03.881+0000] {processor.py:183} INFO - Processing /home/airflow/.local/lib/python3.12/site-packages/airflow/example_dags/example_datasets.py took 0.119 seconds
[2026-05-13T09:35:34.107+0000] {processor.py:161} INFO - Started process (PID=895) to work on /home/airflow/.local/lib/python3.12/site-packages/airflow/example_dags/example_datasets.py
[2026-05-13T09:35:34.107+0000] {processor.py:830} INFO - Processing file /home/airflow/.local/lib/python3.12/site-packages/airflow/example_dags/example_datasets.py for tasks to queue
[2026-05-13T09:35:34.109+0000] {logging_mixin.py:188} INFO - [2026-05-13T09:35:34.108+0000] {dagbag.py:545} INFO - Filling up the DagBag from /home/airflow/.local/lib/python3.12/site-packages/airflow/example_dags/example_datasets.py
[2026-05-13T09:35:34.120+0000] {processor.py:840} INFO - DAG(s) 'consume_1_or_both_2_and_3_with_dataset_expressions', 'consume_1_and_2_with_dataset_expressions', 'dataset_consumes_1', 'dataset_produces_1', 'conditional_dataset_and_time_based_timetable', 'dataset_consumes_unknown_never_scheduled', 'consume_1_or_2_with_dataset_expressions', 'dataset_consumes_1_never_scheduled', 'dataset_consumes_1_and_2', 'dataset_produces_2' retrieved from /home/airflow/.local/lib/python3.12/site-packages/airflow/example_dags/example_datasets.py
[2026-05-13T09:35:34.159+0000] {logging_mixin.py:188} INFO - [2026-05-13T09:35:34.158+0000] {dag.py:3089} INFO - Sync 10 DAGs
[2026-05-13T09:35:34.180+0000] {logging_mixin.py:188} INFO - [2026-05-13T09:35:34.180+0000] {dag.py:3947} INFO - Setting next_dagrun for conditional_dataset_and_time_based_timetable to 2026-05-13 01:00:00+00:00, run_after=2026-05-13 01:00:00+00:00
[2026-05-13T09:35:34.184+0000] {logging_mixin.py:188} INFO - [2026-05-13T09:35:34.184+0000] {dag.py:3947} INFO - Setting next_dagrun for consume_1_and_2_with_dataset_expressions to None, run_after=None
[2026-05-13T09:35:34.185+0000] {logging_mixin.py:188} INFO - [2026-05-13T09:35:34.185+0000] {dag.py:3947} INFO - Setting next_dagrun for consume_1_or_2_with_dataset_expressions to None, run_after=None
[2026-05-13T09:35:34.186+0000] {logging_mixin.py:188} INFO - [2026-05-13T09:35:34.186+0000] {dag.py:3947} INFO - Setting next_dagrun for consume_1_or_both_2_and_3_with_dataset_expressions to None, run_after=None
[2026-05-13T09:35:34.187+0000] {logging_mixin.py:188} INFO - [2026-05-13T09:35:34.187+0000] {dag.py:3947} INFO - Setting next_dagrun for dataset_consumes_1 to None, run_after=None
[2026-05-13T09:35:34.188+0000] {logging_mixin.py:188} INFO - [2026-05-13T09:35:34.188+0000] {dag.py:3947} INFO - Setting next_dagrun for dataset_consumes_1_and_2 to None, run_after=None
[2026-05-13T09:35:34.189+0000] {logging_mixin.py:188} INFO - [2026-05-13T09:35:34.189+0000] {dag.py:3947} INFO - Setting next_dagrun for dataset_consumes_1_never_scheduled to None, run_after=None
[2026-05-13T09:35:34.191+0000] {logging_mixin.py:188} INFO - [2026-05-13T09:35:34.191+0000] {dag.py:3947} INFO - Setting next_dagrun for dataset_consumes_unknown_never_scheduled to None, run_after=None
[2026-05-13T09:35:34.193+0000] {logging_mixin.py:188} INFO - [2026-05-13T09:35:34.193+0000] {dag.py:3947} INFO - Setting next_dagrun for dataset_produces_1 to 2026-05-12 00:00:00+00:00, run_after=2026-05-13 00:00:00+00:00
[2026-05-13T09:35:34.194+0000] {logging_mixin.py:188} INFO - [2026-05-13T09:35:34.194+0000] {dag.py:3947} INFO - Setting next_dagrun for dataset_produces_2 to None, run_after=None
[2026-05-13T09:35:34.220+0000] {processor.py:183} INFO - Processing /home/airflow/.local/lib/python3.12/site-packages/airflow/example_dags/example_datasets.py took 0.118 seconds
[2026-05-13T09:36:04.481+0000] {processor.py:161} INFO - Started process (PID=953) to work on /home/airflow/.local/lib/python3.12/site-packages/airflow/example_dags/example_datasets.py
[2026-05-13T09:36:04.482+0000] {processor.py:830} INFO - Processing file /home/airflow/.local/lib/python3.12/site-packages/airflow/example_dags/example_datasets.py for tasks to queue
[2026-05-13T09:36:04.483+0000] {logging_mixin.py:188} INFO - [2026-05-13T09:36:04.483+0000] {dagbag.py:545} INFO - Filling up the DagBag from /home/airflow/.local/lib/python3.12/site-packages/airflow/example_dags/example_datasets.py
[2026-05-13T09:36:04.495+0000] {processor.py:840} INFO - DAG(s) 'dataset_consumes_1_and_2', 'conditional_dataset_and_time_based_timetable', 'dataset_consumes_unknown_never_scheduled', 'dataset_produces_1', 'dataset_consumes_1_never_scheduled', 'consume_1_and_2_with_dataset_expressions', 'dataset_produces_2', 'consume_1_or_2_with_dataset_expressions', 'consume_1_or_both_2_and_3_with_dataset_expressions', 'dataset_consumes_1' retrieved from /home/airflow/.local/lib/python3.12/site-packages/airflow/example_dags/example_datasets.py
[2026-05-13T09:36:04.538+0000] {logging_mixin.py:188} INFO - [2026-05-13T09:36:04.538+0000] {dag.py:3089} INFO - Sync 10 DAGs
[2026-05-13T09:36:04.562+0000] {logging_mixin.py:188} INFO - [2026-05-13T09:36:04.562+0000] {dag.py:3947} INFO - Setting next_dagrun for conditional_dataset_and_time_based_timetable to 2026-05-13 01:00:00+00:00, run_after=2026-05-13 01:00:00+00:00
[2026-05-13T09:36:04.566+0000] {logging_mixin.py:188} INFO - [2026-05-13T09:36:04.566+0000] {dag.py:3947} INFO - Setting next_dagrun for consume_1_and_2_with_dataset_expressions to None, run_after=None
[2026-05-13T09:36:04.568+0000] {logging_mixin.py:188} INFO - [2026-05-13T09:36:04.568+0000] {dag.py:3947} INFO - Setting next_dagrun for consume_1_or_2_with_dataset_expressions to None, run_after=None
[2026-05-13T09:36:04.569+0000] {logging_mixin.py:188} INFO - [2026-05-13T09:36:04.569+0000] {dag.py:3947} INFO - Setting next_dagrun for consume_1_or_both_2_and_3_with_dataset_expressions to None, run_after=None
[2026-05-13T09:36:04.570+0000] {logging_mixin.py:188} INFO - [2026-05-13T09:36:04.570+0000] {dag.py:3947} INFO - Setting next_dagrun for dataset_consumes_1 to None, run_after=None
[2026-05-13T09:36:04.571+0000] {logging_mixin.py:188} INFO - [2026-05-13T09:36:04.571+0000] {dag.py:3947} INFO - Setting next_dagrun for dataset_consumes_1_and_2 to None, run_after=None
[2026-05-13T09:36:04.572+0000] {logging_mixin.py:188} INFO - [2026-05-13T09:36:04.572+0000] {dag.py:3947} INFO - Setting next_dagrun for dataset_consumes_1_never_scheduled to None, run_after=None
[2026-05-13T09:36:04.574+0000] {logging_mixin.py:188} INFO - [2026-05-13T09:36:04.573+0000] {dag.py:3947} INFO - Setting next_dagrun for dataset_consumes_unknown_never_scheduled to None, run_after=None
[2026-05-13T09:36:04.576+0000] {logging_mixin.py:188} INFO - [2026-05-13T09:36:04.576+0000] {dag.py:3947} INFO - Setting next_dagrun for dataset_produces_1 to 2026-05-12 00:00:00+00:00, run_after=2026-05-13 00:00:00+00:00
[2026-05-13T09:36:04.577+0000] {logging_mixin.py:188} INFO - [2026-05-13T09:36:04.577+0000] {dag.py:3947} INFO - Setting next_dagrun for dataset_produces_2 to None, run_after=None
[2026-05-13T09:36:04.608+0000] {processor.py:183} INFO - Processing /home/airflow/.local/lib/python3.12/site-packages/airflow/example_dags/example_datasets.py took 0.132 seconds
[2026-05-13T09:36:35.125+0000] {processor.py:161} INFO - Started process (PID=1011) to work on /home/airflow/.local/lib/python3.12/site-packages/airflow/example_dags/example_datasets.py
[2026-05-13T09:36:35.126+0000] {processor.py:830} INFO - Processing file /home/airflow/.local/lib/python3.12/site-packages/airflow/example_dags/example_datasets.py for tasks to queue
[2026-05-13T09:36:35.128+0000] {logging_mixin.py:188} INFO - [2026-05-13T09:36:35.127+0000] {dagbag.py:545} INFO - Filling up the DagBag from /home/airflow/.local/lib/python3.12/site-packages/airflow/example_dags/example_datasets.py
[2026-05-13T09:36:35.139+0000] {processor.py:840} INFO - DAG(s) 'consume_1_or_both_2_and_3_with_dataset_expressions', 'consume_1_or_2_with_dataset_expressions', 'dataset_consumes_1', 'consume_1_and_2_with_dataset_expressions', 'dataset_consumes_unknown_never_scheduled', 'dataset_consumes_1_and_2', 'dataset_produces_2', 'dataset_produces_1', 'dataset_consumes_1_never_scheduled', 'conditional_dataset_and_time_based_timetable' retrieved from /home/airflow/.local/lib/python3.12/site-packages/airflow/example_dags/example_datasets.py
[2026-05-13T09:36:35.176+0000] {logging_mixin.py:188} INFO - [2026-05-13T09:36:35.176+0000] {dag.py:3089} INFO - Sync 10 DAGs
[2026-05-13T09:36:35.197+0000] {logging_mixin.py:188} INFO - [2026-05-13T09:36:35.197+0000] {dag.py:3947} INFO - Setting next_dagrun for conditional_dataset_and_time_based_timetable to 2026-05-13 01:00:00+00:00, run_after=2026-05-13 01:00:00+00:00
[2026-05-13T09:36:35.200+0000] {logging_mixin.py:188} INFO - [2026-05-13T09:36:35.200+0000] {dag.py:3947} INFO - Setting next_dagrun for consume_1_and_2_with_dataset_expressions to None, run_after=None
[2026-05-13T09:36:35.201+0000] {logging_mixin.py:188} INFO - [2026-05-13T09:36:35.201+0000] {dag.py:3947} INFO - Setting next_dagrun for consume_1_or_2_with_dataset_expressions to None, run_after=None
[2026-05-13T09:36:35.202+0000] {logging_mixin.py:188} INFO - [2026-05-13T09:36:35.202+0000] {dag.py:3947} INFO - Setting next_dagrun for consume_1_or_both_2_and_3_with_dataset_expressions to None, run_after=None
[2026-05-13T09:36:35.203+0000] {logging_mixin.py:188} INFO - [2026-05-13T09:36:35.203+0000] {dag.py:3947} INFO - Setting next_dagrun for dataset_consumes_1 to None, run_after=None
[2026-05-13T09:36:35.204+0000] {logging_mixin.py:188} INFO - [2026-05-13T09:36:35.204+0000] {dag.py:3947} INFO - Setting next_dagrun for dataset_consumes_1_and_2 to None, run_after=None
[2026-05-13T09:36:35.205+0000] {logging_mixin.py:188} INFO - [2026-05-13T09:36:35.205+0000] {dag.py:3947} INFO - Setting next_dagrun for dataset_consumes_1_never_scheduled to None, run_after=None
[2026-05-13T09:36:35.206+0000] {logging_mixin.py:188} INFO - [2026-05-13T09:36:35.206+0000] {dag.py:3947} INFO - Setting next_dagrun for dataset_consumes_unknown_never_scheduled to None, run_after=None
[2026-05-13T09:36:35.208+0000] {logging_mixin.py:188} INFO - [2026-05-13T09:36:35.208+0000] {dag.py:3947} INFO - Setting next_dagrun for dataset_produces_1 to 2026-05-12 00:00:00+00:00, run_after=2026-05-13 00:00:00+00:00
[2026-05-13T09:36:35.209+0000] {logging_mixin.py:188} INFO - [2026-05-13T09:36:35.208+0000] {dag.py:3947} INFO - Setting next_dagrun for dataset_produces_2 to None, run_after=None
[2026-05-13T09:36:35.235+0000] {processor.py:183} INFO - Processing /home/airflow/.local/lib/python3.12/site-packages/airflow/example_dags/example_datasets.py took 0.114 seconds
[2026-05-13T09:37:05.595+0000] {processor.py:161} INFO - Started process (PID=1069) to work on /home/airflow/.local/lib/python3.12/site-packages/airflow/example_dags/example_datasets.py
[2026-05-13T09:37:05.596+0000] {processor.py:830} INFO - Processing file /home/airflow/.local/lib/python3.12/site-packages/airflow/example_dags/example_datasets.py for tasks to queue
[2026-05-13T09:37:05.597+0000] {logging_mixin.py:188} INFO - [2026-05-13T09:37:05.597+0000] {dagbag.py:545} INFO - Filling up the DagBag from /home/airflow/.local/lib/python3.12/site-packages/airflow/example_dags/example_datasets.py
[2026-05-13T09:37:05.608+0000] {processor.py:840} INFO - DAG(s) 'dataset_produces_2', 'consume_1_or_2_with_dataset_expressions', 'dataset_consumes_unknown_never_scheduled', 'consume_1_and_2_with_dataset_expressions', 'consume_1_or_both_2_and_3_with_dataset_expressions', 'dataset_consumes_1_and_2', 'dataset_consumes_1_never_scheduled', 'dataset_produces_1', 'conditional_dataset_and_time_based_timetable', 'dataset_consumes_1' retrieved from /home/airflow/.local/lib/python3.12/site-packages/airflow/example_dags/example_datasets.py
[2026-05-13T09:37:05.646+0000] {logging_mixin.py:188} INFO - [2026-05-13T09:37:05.646+0000] {dag.py:3089} INFO - Sync 10 DAGs
[2026-05-13T09:37:05.667+0000] {logging_mixin.py:188} INFO - [2026-05-13T09:37:05.667+0000] {dag.py:3947} INFO - Setting next_dagrun for conditional_dataset_and_time_based_timetable to 2026-05-13 01:00:00+00:00, run_after=2026-05-13 01:00:00+00:00
[2026-05-13T09:37:05.670+0000] {logging_mixin.py:188} INFO - [2026-05-13T09:37:05.670+0000] {dag.py:3947} INFO - Setting next_dagrun for consume_1_and_2_with_dataset_expressions to None, run_after=None
[2026-05-13T09:37:05.671+0000] {logging_mixin.py:188} INFO - [2026-05-13T09:37:05.671+0000] {dag.py:3947} INFO - Setting next_dagrun for consume_1_or_2_with_dataset_expressions to None, run_after=None
[2026-05-13T09:37:05.672+0000] {logging_mixin.py:188} INFO - [2026-05-13T09:37:05.672+0000] {dag.py:3947} INFO - Setting next_dagrun for consume_1_or_both_2_and_3_with_dataset_expressions to None, run_after=None
[2026-05-13T09:37:05.673+0000] {logging_mixin.py:188} INFO - [2026-05-13T09:37:05.673+0000] {dag.py:3947} INFO - Setting next_dagrun for dataset_consumes_1 to None, run_after=None
[2026-05-13T09:37:05.674+0000] {logging_mixin.py:188} INFO - [2026-05-13T09:37:05.674+0000] {dag.py:3947} INFO - Setting next_dagrun for dataset_consumes_1_and_2 to None, run_after=None
[2026-05-13T09:37:05.675+0000] {logging_mixin.py:188} INFO - [2026-05-13T09:37:05.675+0000] {dag.py:3947} INFO - Setting next_dagrun for dataset_consumes_1_never_scheduled to None, run_after=None
[2026-05-13T09:37:05.676+0000] {logging_mixin.py:188} INFO - [2026-05-13T09:37:05.676+0000] {dag.py:3947} INFO - Setting next_dagrun for dataset_consumes_unknown_never_scheduled to None, run_after=None
[2026-05-13T09:37:05.678+0000] {logging_mixin.py:188} INFO - [2026-05-13T09:37:05.678+0000] {dag.py:3947} INFO - Setting next_dagrun for dataset_produces_1 to 2026-05-12 00:00:00+00:00, run_after=2026-05-13 00:00:00+00:00
[2026-05-13T09:37:05.679+0000] {logging_mixin.py:188} INFO - [2026-05-13T09:37:05.679+0000] {dag.py:3947} INFO - Setting next_dagrun for dataset_produces_2 to None, run_after=None
[2026-05-13T09:37:05.704+0000] {processor.py:183} INFO - Processing /home/airflow/.local/lib/python3.12/site-packages/airflow/example_dags/example_datasets.py took 0.114 seconds
[2026-05-13T09:37:36.066+0000] {processor.py:161} INFO - Started process (PID=1127) to work on /home/airflow/.local/lib/python3.12/site-packages/airflow/example_dags/example_datasets.py
[2026-05-13T09:37:36.067+0000] {processor.py:830} INFO - Processing file /home/airflow/.local/lib/python3.12/site-packages/airflow/example_dags/example_datasets.py for tasks to queue
[2026-05-13T09:37:36.068+0000] {logging_mixin.py:188} INFO - [2026-05-13T09:37:36.068+0000] {dagbag.py:545} INFO - Filling up the DagBag from /home/airflow/.local/lib/python3.12/site-packages/airflow/example_dags/example_datasets.py
[2026-05-13T09:37:36.080+0000] {processor.py:840} INFO - DAG(s) 'consume_1_or_2_with_dataset_expressions', 'dataset_consumes_1_never_scheduled', 'dataset_consumes_1', 'dataset_consumes_unknown_never_scheduled', 'dataset_produces_2', 'conditional_dataset_and_time_based_timetable', 'dataset_produces_1', 'consume_1_or_both_2_and_3_with_dataset_expressions', 'dataset_consumes_1_and_2', 'consume_1_and_2_with_dataset_expressions' retrieved from /home/airflow/.local/lib/python3.12/site-packages/airflow/example_dags/example_datasets.py
[2026-05-13T09:37:36.124+0000] {logging_mixin.py:188} INFO - [2026-05-13T09:37:36.124+0000] {dag.py:3089} INFO - Sync 10 DAGs
[2026-05-13T09:37:36.146+0000] {logging_mixin.py:188} INFO - [2026-05-13T09:37:36.146+0000] {dag.py:3947} INFO - Setting next_dagrun for conditional_dataset_and_time_based_timetable to 2026-05-13 01:00:00+00:00, run_after=2026-05-13 01:00:00+00:00
[2026-05-13T09:37:36.150+0000] {logging_mixin.py:188} INFO - [2026-05-13T09:37:36.150+0000] {dag.py:3947} INFO - Setting next_dagrun for consume_1_and_2_with_dataset_expressions to None, run_after=None
[2026-05-13T09:37:36.151+0000] {logging_mixin.py:188} INFO - [2026-05-13T09:37:36.151+0000] {dag.py:3947} INFO - Setting next_dagrun for consume_1_or_2_with_dataset_expressions to None, run_after=None
[2026-05-13T09:37:36.152+0000] {logging_mixin.py:188} INFO - [2026-05-13T09:37:36.152+0000] {dag.py:3947} INFO - Setting next_dagrun for consume_1_or_both_2_and_3_with_dataset_expressions to None, run_after=None
[2026-05-13T09:37:36.153+0000] {logging_mixin.py:188} INFO - [2026-05-13T09:37:36.153+0000] {dag.py:3947} INFO - Setting next_dagrun for dataset_consumes_1 to None, run_after=None
[2026-05-13T09:37:36.154+0000] {logging_mixin.py:188} INFO - [2026-05-13T09:37:36.154+0000] {dag.py:3947} INFO - Setting next_dagrun for dataset_consumes_1_and_2 to None, run_after=None
[2026-05-13T09:37:36.155+0000] {logging_mixin.py:188} INFO - [2026-05-13T09:37:36.155+0000] {dag.py:3947} INFO - Setting next_dagrun for dataset_consumes_1_never_scheduled to None, run_after=None
[2026-05-13T09:37:36.157+0000] {logging_mixin.py:188} INFO - [2026-05-13T09:37:36.157+0000] {dag.py:3947} INFO - Setting next_dagrun for dataset_consumes_unknown_never_scheduled to None, run_after=None
[2026-05-13T09:37:36.159+0000] {logging_mixin.py:188} INFO - [2026-05-13T09:37:36.159+0000] {dag.py:3947} INFO - Setting next_dagrun for dataset_produces_1 to 2026-05-12 00:00:00+00:00, run_after=2026-05-13 00:00:00+00:00
[2026-05-13T09:37:36.160+0000] {logging_mixin.py:188} INFO - [2026-05-13T09:37:36.160+0000] {dag.py:3947} INFO - Setting next_dagrun for dataset_produces_2 to None, run_after=None
[2026-05-13T09:37:36.191+0000] {processor.py:183} INFO - Processing /home/airflow/.local/lib/python3.12/site-packages/airflow/example_dags/example_datasets.py took 0.130 seconds
[2026-05-13T09:38:06.554+0000] {processor.py:161} INFO - Started process (PID=1185) to work on /home/airflow/.local/lib/python3.12/site-packages/airflow/example_dags/example_datasets.py
[2026-05-13T09:38:06.555+0000] {processor.py:830} INFO - Processing file /home/airflow/.local/lib/python3.12/site-packages/airflow/example_dags/example_datasets.py for tasks to queue
[2026-05-13T09:38:06.556+0000] {logging_mixin.py:188} INFO - [2026-05-13T09:38:06.556+0000] {dagbag.py:545} INFO - Filling up the DagBag from /home/airflow/.local/lib/python3.12/site-packages/airflow/example_dags/example_datasets.py
[2026-05-13T09:38:06.567+0000] {processor.py:840} INFO - DAG(s) 'dataset_produces_2', 'consume_1_or_2_with_dataset_expressions', 'dataset_produces_1', 'dataset_consumes_unknown_never_scheduled', 'consume_1_and_2_with_dataset_expressions', 'dataset_consumes_1_and_2', 'conditional_dataset_and_time_based_timetable', 'dataset_consumes_1_never_scheduled', 'dataset_consumes_1', 'consume_1_or_both_2_and_3_with_dataset_expressions' retrieved from /home/airflow/.local/lib/python3.12/site-packages/airflow/example_dags/example_datasets.py
[2026-05-13T09:38:06.607+0000] {logging_mixin.py:188} INFO - [2026-05-13T09:38:06.607+0000] {dag.py:3089} INFO - Sync 10 DAGs
[2026-05-13T09:38:06.629+0000] {logging_mixin.py:188} INFO - [2026-05-13T09:38:06.629+0000] {dag.py:3947} INFO - Setting next_dagrun for conditional_dataset_and_time_based_timetable to 2026-05-13 01:00:00+00:00, run_after=2026-05-13 01:00:00+00:00
[2026-05-13T09:38:06.633+0000] {logging_mixin.py:188} INFO - [2026-05-13T09:38:06.633+0000] {dag.py:3947} INFO - Setting next_dagrun for consume_1_and_2_with_dataset_expressions to None, run_after=None
[2026-05-13T09:38:06.634+0000] {logging_mixin.py:188} INFO - [2026-05-13T09:38:06.634+0000] {dag.py:3947} INFO - Setting next_dagrun for consume_1_or_2_with_dataset_expressions to None, run_after=None
[2026-05-13T09:38:06.635+0000] {logging_mixin.py:188} INFO - [2026-05-13T09:38:06.635+0000] {dag.py:3947} INFO - Setting next_dagrun for consume_1_or_both_2_and_3_with_dataset_expressions to None, run_after=None
[2026-05-13T09:38:06.636+0000] {logging_mixin.py:188} INFO - [2026-05-13T09:38:06.636+0000] {dag.py:3947} INFO - Setting next_dagrun for dataset_consumes_1 to None, run_after=None
[2026-05-13T09:38:06.637+0000] {logging_mixin.py:188} INFO - [2026-05-13T09:38:06.637+0000] {dag.py:3947} INFO - Setting next_dagrun for dataset_consumes_1_and_2 to None, run_after=None
[2026-05-13T09:38:06.638+0000] {logging_mixin.py:188} INFO - [2026-05-13T09:38:06.638+0000] {dag.py:3947} INFO - Setting next_dagrun for dataset_consumes_1_never_scheduled to None, run_after=None
[2026-05-13T09:38:06.639+0000] {logging_mixin.py:188} INFO - [2026-05-13T09:38:06.639+0000] {dag.py:3947} INFO - Setting next_dagrun for dataset_consumes_unknown_never_scheduled to None, run_after=None
[2026-05-13T09:38:06.641+0000] {logging_mixin.py:188} INFO - [2026-05-13T09:38:06.641+0000] {dag.py:3947} INFO - Setting next_dagrun for dataset_produces_1 to 2026-05-12 00:00:00+00:00, run_after=2026-05-13 00:00:00+00:00
[2026-05-13T09:38:06.642+0000] {logging_mixin.py:188} INFO - [2026-05-13T09:38:06.642+0000] {dag.py:3947} INFO - Setting next_dagrun for dataset_produces_2 to None, run_after=None
[2026-05-13T09:38:06.670+0000] {processor.py:183} INFO - Processing /home/airflow/.local/lib/python3.12/site-packages/airflow/example_dags/example_datasets.py took 0.120 seconds
