[2026-05-13T09:28:25.365+0000] {processor.py:161} INFO - Started process (PID=68) to work on /home/airflow/.local/lib/python3.12/site-packages/airflow/example_dags/example_display_name.py
[2026-05-13T09:28:25.365+0000] {processor.py:830} INFO - Processing file /home/airflow/.local/lib/python3.12/site-packages/airflow/example_dags/example_display_name.py for tasks to queue
[2026-05-13T09:28:25.367+0000] {logging_mixin.py:188} INFO - [2026-05-13T09:28:25.366+0000] {dagbag.py:545} INFO - Filling up the DagBag from /home/airflow/.local/lib/python3.12/site-packages/airflow/example_dags/example_display_name.py
[2026-05-13T09:28:25.373+0000] {processor.py:840} INFO - DAG(s) 'example_display_name' retrieved from /home/airflow/.local/lib/python3.12/site-packages/airflow/example_dags/example_display_name.py
[2026-05-13T09:28:25.389+0000] {logging_mixin.py:188} INFO - [2026-05-13T09:28:25.388+0000] {dag.py:3089} INFO - Sync 1 DAGs
[2026-05-13T09:28:25.400+0000] {logging_mixin.py:188} INFO - [2026-05-13T09:28:25.400+0000] {dag.py:3947} INFO - Setting next_dagrun for example_display_name to None, run_after=None
[2026-05-13T09:28:25.418+0000] {processor.py:183} INFO - Processing /home/airflow/.local/lib/python3.12/site-packages/airflow/example_dags/example_display_name.py took 0.058 seconds
[2026-05-13T09:28:56.440+0000] {processor.py:161} INFO - Started process (PID=126) to work on /home/airflow/.local/lib/python3.12/site-packages/airflow/example_dags/example_display_name.py
[2026-05-13T09:28:56.440+0000] {processor.py:830} INFO - Processing file /home/airflow/.local/lib/python3.12/site-packages/airflow/example_dags/example_display_name.py for tasks to queue
[2026-05-13T09:28:56.442+0000] {logging_mixin.py:188} INFO - [2026-05-13T09:28:56.441+0000] {dagbag.py:545} INFO - Filling up the DagBag from /home/airflow/.local/lib/python3.12/site-packages/airflow/example_dags/example_display_name.py
[2026-05-13T09:28:56.448+0000] {processor.py:840} INFO - DAG(s) 'example_display_name' retrieved from /home/airflow/.local/lib/python3.12/site-packages/airflow/example_dags/example_display_name.py
[2026-05-13T09:28:56.465+0000] {logging_mixin.py:188} INFO - [2026-05-13T09:28:56.465+0000] {dag.py:3089} INFO - Sync 1 DAGs
[2026-05-13T09:28:56.477+0000] {logging_mixin.py:188} INFO - [2026-05-13T09:28:56.476+0000] {dag.py:3947} INFO - Setting next_dagrun for example_display_name to None, run_after=None
[2026-05-13T09:28:56.495+0000] {processor.py:183} INFO - Processing /home/airflow/.local/lib/python3.12/site-packages/airflow/example_dags/example_display_name.py took 0.060 seconds
[2026-05-13T09:29:26.863+0000] {processor.py:161} INFO - Started process (PID=184) to work on /home/airflow/.local/lib/python3.12/site-packages/airflow/example_dags/example_display_name.py
[2026-05-13T09:29:26.864+0000] {processor.py:830} INFO - Processing file /home/airflow/.local/lib/python3.12/site-packages/airflow/example_dags/example_display_name.py for tasks to queue
[2026-05-13T09:29:26.865+0000] {logging_mixin.py:188} INFO - [2026-05-13T09:29:26.865+0000] {dagbag.py:545} INFO - Filling up the DagBag from /home/airflow/.local/lib/python3.12/site-packages/airflow/example_dags/example_display_name.py
[2026-05-13T09:29:26.870+0000] {processor.py:840} INFO - DAG(s) 'example_display_name' retrieved from /home/airflow/.local/lib/python3.12/site-packages/airflow/example_dags/example_display_name.py
[2026-05-13T09:29:26.886+0000] {logging_mixin.py:188} INFO - [2026-05-13T09:29:26.885+0000] {dag.py:3089} INFO - Sync 1 DAGs
[2026-05-13T09:29:26.897+0000] {logging_mixin.py:188} INFO - [2026-05-13T09:29:26.897+0000] {dag.py:3947} INFO - Setting next_dagrun for example_display_name to None, run_after=None
[2026-05-13T09:29:26.913+0000] {processor.py:183} INFO - Processing /home/airflow/.local/lib/python3.12/site-packages/airflow/example_dags/example_display_name.py took 0.055 seconds
[2026-05-13T09:29:57.144+0000] {processor.py:161} INFO - Started process (PID=243) to work on /home/airflow/.local/lib/python3.12/site-packages/airflow/example_dags/example_display_name.py
[2026-05-13T09:29:57.144+0000] {processor.py:830} INFO - Processing file /home/airflow/.local/lib/python3.12/site-packages/airflow/example_dags/example_display_name.py for tasks to queue
[2026-05-13T09:29:57.146+0000] {logging_mixin.py:188} INFO - [2026-05-13T09:29:57.146+0000] {dagbag.py:545} INFO - Filling up the DagBag from /home/airflow/.local/lib/python3.12/site-packages/airflow/example_dags/example_display_name.py
[2026-05-13T09:29:57.150+0000] {processor.py:840} INFO - DAG(s) 'example_display_name' retrieved from /home/airflow/.local/lib/python3.12/site-packages/airflow/example_dags/example_display_name.py
[2026-05-13T09:29:57.165+0000] {logging_mixin.py:188} INFO - [2026-05-13T09:29:57.165+0000] {dag.py:3089} INFO - Sync 1 DAGs
[2026-05-13T09:29:57.175+0000] {logging_mixin.py:188} INFO - [2026-05-13T09:29:57.174+0000] {dag.py:3947} INFO - Setting next_dagrun for example_display_name to None, run_after=None
[2026-05-13T09:29:57.190+0000] {processor.py:183} INFO - Processing /home/airflow/.local/lib/python3.12/site-packages/airflow/example_dags/example_display_name.py took 0.050 seconds
[2026-05-13T09:30:27.637+0000] {processor.py:161} INFO - Started process (PID=301) to work on /home/airflow/.local/lib/python3.12/site-packages/airflow/example_dags/example_display_name.py
[2026-05-13T09:30:27.639+0000] {processor.py:830} INFO - Processing file /home/airflow/.local/lib/python3.12/site-packages/airflow/example_dags/example_display_name.py for tasks to queue
[2026-05-13T09:30:27.640+0000] {logging_mixin.py:188} INFO - [2026-05-13T09:30:27.640+0000] {dagbag.py:545} INFO - Filling up the DagBag from /home/airflow/.local/lib/python3.12/site-packages/airflow/example_dags/example_display_name.py
[2026-05-13T09:30:27.644+0000] {processor.py:840} INFO - DAG(s) 'example_display_name' retrieved from /home/airflow/.local/lib/python3.12/site-packages/airflow/example_dags/example_display_name.py
[2026-05-13T09:30:27.659+0000] {logging_mixin.py:188} INFO - [2026-05-13T09:30:27.659+0000] {dag.py:3089} INFO - Sync 1 DAGs
[2026-05-13T09:30:27.669+0000] {logging_mixin.py:188} INFO - [2026-05-13T09:30:27.669+0000] {dag.py:3947} INFO - Setting next_dagrun for example_display_name to None, run_after=None
[2026-05-13T09:30:27.684+0000] {processor.py:183} INFO - Processing /home/airflow/.local/lib/python3.12/site-packages/airflow/example_dags/example_display_name.py took 0.051 seconds
[2026-05-13T09:30:57.984+0000] {processor.py:161} INFO - Started process (PID=359) to work on /home/airflow/.local/lib/python3.12/site-packages/airflow/example_dags/example_display_name.py
[2026-05-13T09:30:57.985+0000] {processor.py:830} INFO - Processing file /home/airflow/.local/lib/python3.12/site-packages/airflow/example_dags/example_display_name.py for tasks to queue
[2026-05-13T09:30:57.986+0000] {logging_mixin.py:188} INFO - [2026-05-13T09:30:57.986+0000] {dagbag.py:545} INFO - Filling up the DagBag from /home/airflow/.local/lib/python3.12/site-packages/airflow/example_dags/example_display_name.py
[2026-05-13T09:30:57.990+0000] {processor.py:840} INFO - DAG(s) 'example_display_name' retrieved from /home/airflow/.local/lib/python3.12/site-packages/airflow/example_dags/example_display_name.py
[2026-05-13T09:30:58.005+0000] {logging_mixin.py:188} INFO - [2026-05-13T09:30:58.005+0000] {dag.py:3089} INFO - Sync 1 DAGs
[2026-05-13T09:30:58.015+0000] {logging_mixin.py:188} INFO - [2026-05-13T09:30:58.015+0000] {dag.py:3947} INFO - Setting next_dagrun for example_display_name to None, run_after=None
[2026-05-13T09:30:58.030+0000] {processor.py:183} INFO - Processing /home/airflow/.local/lib/python3.12/site-packages/airflow/example_dags/example_display_name.py took 0.050 seconds
[2026-05-13T09:31:28.620+0000] {processor.py:161} INFO - Started process (PID=422) to work on /home/airflow/.local/lib/python3.12/site-packages/airflow/example_dags/example_display_name.py
[2026-05-13T09:31:28.645+0000] {processor.py:830} INFO - Processing file /home/airflow/.local/lib/python3.12/site-packages/airflow/example_dags/example_display_name.py for tasks to queue
[2026-05-13T09:31:28.646+0000] {logging_mixin.py:188} INFO - [2026-05-13T09:31:28.646+0000] {dagbag.py:545} INFO - Filling up the DagBag from /home/airflow/.local/lib/python3.12/site-packages/airflow/example_dags/example_display_name.py
[2026-05-13T09:31:28.650+0000] {processor.py:840} INFO - DAG(s) 'example_display_name' retrieved from /home/airflow/.local/lib/python3.12/site-packages/airflow/example_dags/example_display_name.py
[2026-05-13T09:31:28.665+0000] {logging_mixin.py:188} INFO - [2026-05-13T09:31:28.665+0000] {dag.py:3089} INFO - Sync 1 DAGs
[2026-05-13T09:31:28.675+0000] {logging_mixin.py:188} INFO - [2026-05-13T09:31:28.675+0000] {dag.py:3947} INFO - Setting next_dagrun for example_display_name to None, run_after=None
[2026-05-13T09:31:28.702+0000] {processor.py:183} INFO - Processing /home/airflow/.local/lib/python3.12/site-packages/airflow/example_dags/example_display_name.py took 0.087 seconds
[2026-05-13T09:31:59.499+0000] {processor.py:161} INFO - Started process (PID=480) to work on /home/airflow/.local/lib/python3.12/site-packages/airflow/example_dags/example_display_name.py
[2026-05-13T09:31:59.500+0000] {processor.py:830} INFO - Processing file /home/airflow/.local/lib/python3.12/site-packages/airflow/example_dags/example_display_name.py for tasks to queue
[2026-05-13T09:31:59.501+0000] {logging_mixin.py:188} INFO - [2026-05-13T09:31:59.501+0000] {dagbag.py:545} INFO - Filling up the DagBag from /home/airflow/.local/lib/python3.12/site-packages/airflow/example_dags/example_display_name.py
[2026-05-13T09:31:59.505+0000] {processor.py:840} INFO - DAG(s) 'example_display_name' retrieved from /home/airflow/.local/lib/python3.12/site-packages/airflow/example_dags/example_display_name.py
[2026-05-13T09:31:59.520+0000] {logging_mixin.py:188} INFO - [2026-05-13T09:31:59.520+0000] {dag.py:3089} INFO - Sync 1 DAGs
[2026-05-13T09:31:59.529+0000] {logging_mixin.py:188} INFO - [2026-05-13T09:31:59.529+0000] {dag.py:3947} INFO - Setting next_dagrun for example_display_name to None, run_after=None
[2026-05-13T09:31:59.544+0000] {processor.py:183} INFO - Processing /home/airflow/.local/lib/python3.12/site-packages/airflow/example_dags/example_display_name.py took 0.049 seconds
[2026-05-13T09:32:29.950+0000] {processor.py:161} INFO - Started process (PID=538) to work on /home/airflow/.local/lib/python3.12/site-packages/airflow/example_dags/example_display_name.py
[2026-05-13T09:32:29.952+0000] {processor.py:830} INFO - Processing file /home/airflow/.local/lib/python3.12/site-packages/airflow/example_dags/example_display_name.py for tasks to queue
[2026-05-13T09:32:29.953+0000] {logging_mixin.py:188} INFO - [2026-05-13T09:32:29.953+0000] {dagbag.py:545} INFO - Filling up the DagBag from /home/airflow/.local/lib/python3.12/site-packages/airflow/example_dags/example_display_name.py
[2026-05-13T09:32:29.957+0000] {processor.py:840} INFO - DAG(s) 'example_display_name' retrieved from /home/airflow/.local/lib/python3.12/site-packages/airflow/example_dags/example_display_name.py
[2026-05-13T09:32:29.971+0000] {logging_mixin.py:188} INFO - [2026-05-13T09:32:29.971+0000] {dag.py:3089} INFO - Sync 1 DAGs
[2026-05-13T09:32:29.981+0000] {logging_mixin.py:188} INFO - [2026-05-13T09:32:29.981+0000] {dag.py:3947} INFO - Setting next_dagrun for example_display_name to None, run_after=None
[2026-05-13T09:32:29.996+0000] {processor.py:183} INFO - Processing /home/airflow/.local/lib/python3.12/site-packages/airflow/example_dags/example_display_name.py took 0.050 seconds
[2026-05-13T09:33:00.447+0000] {processor.py:161} INFO - Started process (PID=596) to work on /home/airflow/.local/lib/python3.12/site-packages/airflow/example_dags/example_display_name.py
[2026-05-13T09:33:00.448+0000] {processor.py:830} INFO - Processing file /home/airflow/.local/lib/python3.12/site-packages/airflow/example_dags/example_display_name.py for tasks to queue
[2026-05-13T09:33:00.449+0000] {logging_mixin.py:188} INFO - [2026-05-13T09:33:00.449+0000] {dagbag.py:545} INFO - Filling up the DagBag from /home/airflow/.local/lib/python3.12/site-packages/airflow/example_dags/example_display_name.py
[2026-05-13T09:33:00.453+0000] {processor.py:840} INFO - DAG(s) 'example_display_name' retrieved from /home/airflow/.local/lib/python3.12/site-packages/airflow/example_dags/example_display_name.py
[2026-05-13T09:33:00.467+0000] {logging_mixin.py:188} INFO - [2026-05-13T09:33:00.467+0000] {dag.py:3089} INFO - Sync 1 DAGs
[2026-05-13T09:33:00.477+0000] {logging_mixin.py:188} INFO - [2026-05-13T09:33:00.477+0000] {dag.py:3947} INFO - Setting next_dagrun for example_display_name to None, run_after=None
[2026-05-13T09:33:00.492+0000] {processor.py:183} INFO - Processing /home/airflow/.local/lib/python3.12/site-packages/airflow/example_dags/example_display_name.py took 0.049 seconds
[2026-05-13T09:33:31.177+0000] {processor.py:161} INFO - Started process (PID=654) to work on /home/airflow/.local/lib/python3.12/site-packages/airflow/example_dags/example_display_name.py
[2026-05-13T09:33:31.178+0000] {processor.py:830} INFO - Processing file /home/airflow/.local/lib/python3.12/site-packages/airflow/example_dags/example_display_name.py for tasks to queue
[2026-05-13T09:33:31.179+0000] {logging_mixin.py:188} INFO - [2026-05-13T09:33:31.179+0000] {dagbag.py:545} INFO - Filling up the DagBag from /home/airflow/.local/lib/python3.12/site-packages/airflow/example_dags/example_display_name.py
[2026-05-13T09:33:31.183+0000] {processor.py:840} INFO - DAG(s) 'example_display_name' retrieved from /home/airflow/.local/lib/python3.12/site-packages/airflow/example_dags/example_display_name.py
[2026-05-13T09:33:31.198+0000] {logging_mixin.py:188} INFO - [2026-05-13T09:33:31.198+0000] {dag.py:3089} INFO - Sync 1 DAGs
[2026-05-13T09:33:31.208+0000] {logging_mixin.py:188} INFO - [2026-05-13T09:33:31.208+0000] {dag.py:3947} INFO - Setting next_dagrun for example_display_name to None, run_after=None
[2026-05-13T09:33:31.222+0000] {processor.py:183} INFO - Processing /home/airflow/.local/lib/python3.12/site-packages/airflow/example_dags/example_display_name.py took 0.050 seconds
[2026-05-13T09:34:01.616+0000] {processor.py:161} INFO - Started process (PID=712) to work on /home/airflow/.local/lib/python3.12/site-packages/airflow/example_dags/example_display_name.py
[2026-05-13T09:34:01.616+0000] {processor.py:830} INFO - Processing file /home/airflow/.local/lib/python3.12/site-packages/airflow/example_dags/example_display_name.py for tasks to queue
[2026-05-13T09:34:01.617+0000] {logging_mixin.py:188} INFO - [2026-05-13T09:34:01.617+0000] {dagbag.py:545} INFO - Filling up the DagBag from /home/airflow/.local/lib/python3.12/site-packages/airflow/example_dags/example_display_name.py
[2026-05-13T09:34:01.621+0000] {processor.py:840} INFO - DAG(s) 'example_display_name' retrieved from /home/airflow/.local/lib/python3.12/site-packages/airflow/example_dags/example_display_name.py
[2026-05-13T09:34:01.636+0000] {logging_mixin.py:188} INFO - [2026-05-13T09:34:01.636+0000] {dag.py:3089} INFO - Sync 1 DAGs
[2026-05-13T09:34:01.646+0000] {logging_mixin.py:188} INFO - [2026-05-13T09:34:01.645+0000] {dag.py:3947} INFO - Setting next_dagrun for example_display_name to None, run_after=None
[2026-05-13T09:34:01.660+0000] {processor.py:183} INFO - Processing /home/airflow/.local/lib/python3.12/site-packages/airflow/example_dags/example_display_name.py took 0.049 seconds
[2026-05-13T09:34:31.886+0000] {processor.py:161} INFO - Started process (PID=769) to work on /home/airflow/.local/lib/python3.12/site-packages/airflow/example_dags/example_display_name.py
[2026-05-13T09:34:31.887+0000] {processor.py:830} INFO - Processing file /home/airflow/.local/lib/python3.12/site-packages/airflow/example_dags/example_display_name.py for tasks to queue
[2026-05-13T09:34:31.888+0000] {logging_mixin.py:188} INFO - [2026-05-13T09:34:31.888+0000] {dagbag.py:545} INFO - Filling up the DagBag from /home/airflow/.local/lib/python3.12/site-packages/airflow/example_dags/example_display_name.py
[2026-05-13T09:34:31.893+0000] {processor.py:840} INFO - DAG(s) 'example_display_name' retrieved from /home/airflow/.local/lib/python3.12/site-packages/airflow/example_dags/example_display_name.py
[2026-05-13T09:34:31.907+0000] {logging_mixin.py:188} INFO - [2026-05-13T09:34:31.907+0000] {dag.py:3089} INFO - Sync 1 DAGs
[2026-05-13T09:34:31.917+0000] {logging_mixin.py:188} INFO - [2026-05-13T09:34:31.916+0000] {dag.py:3947} INFO - Setting next_dagrun for example_display_name to None, run_after=None
[2026-05-13T09:34:31.931+0000] {processor.py:183} INFO - Processing /home/airflow/.local/lib/python3.12/site-packages/airflow/example_dags/example_display_name.py took 0.050 seconds
[2026-05-13T09:35:02.152+0000] {processor.py:161} INFO - Started process (PID=826) to work on /home/airflow/.local/lib/python3.12/site-packages/airflow/example_dags/example_display_name.py
[2026-05-13T09:35:02.153+0000] {processor.py:830} INFO - Processing file /home/airflow/.local/lib/python3.12/site-packages/airflow/example_dags/example_display_name.py for tasks to queue
[2026-05-13T09:35:02.154+0000] {logging_mixin.py:188} INFO - [2026-05-13T09:35:02.154+0000] {dagbag.py:545} INFO - Filling up the DagBag from /home/airflow/.local/lib/python3.12/site-packages/airflow/example_dags/example_display_name.py
[2026-05-13T09:35:02.158+0000] {processor.py:840} INFO - DAG(s) 'example_display_name' retrieved from /home/airflow/.local/lib/python3.12/site-packages/airflow/example_dags/example_display_name.py
[2026-05-13T09:35:02.173+0000] {logging_mixin.py:188} INFO - [2026-05-13T09:35:02.173+0000] {dag.py:3089} INFO - Sync 1 DAGs
[2026-05-13T09:35:02.183+0000] {logging_mixin.py:188} INFO - [2026-05-13T09:35:02.183+0000] {dag.py:3947} INFO - Setting next_dagrun for example_display_name to None, run_after=None
[2026-05-13T09:35:02.197+0000] {processor.py:183} INFO - Processing /home/airflow/.local/lib/python3.12/site-packages/airflow/example_dags/example_display_name.py took 0.050 seconds
[2026-05-13T09:35:32.612+0000] {processor.py:161} INFO - Started process (PID=884) to work on /home/airflow/.local/lib/python3.12/site-packages/airflow/example_dags/example_display_name.py
[2026-05-13T09:35:32.613+0000] {processor.py:830} INFO - Processing file /home/airflow/.local/lib/python3.12/site-packages/airflow/example_dags/example_display_name.py for tasks to queue
[2026-05-13T09:35:32.614+0000] {logging_mixin.py:188} INFO - [2026-05-13T09:35:32.614+0000] {dagbag.py:545} INFO - Filling up the DagBag from /home/airflow/.local/lib/python3.12/site-packages/airflow/example_dags/example_display_name.py
[2026-05-13T09:35:32.618+0000] {processor.py:840} INFO - DAG(s) 'example_display_name' retrieved from /home/airflow/.local/lib/python3.12/site-packages/airflow/example_dags/example_display_name.py
[2026-05-13T09:35:32.633+0000] {logging_mixin.py:188} INFO - [2026-05-13T09:35:32.632+0000] {dag.py:3089} INFO - Sync 1 DAGs
[2026-05-13T09:35:32.642+0000] {logging_mixin.py:188} INFO - [2026-05-13T09:35:32.642+0000] {dag.py:3947} INFO - Setting next_dagrun for example_display_name to None, run_after=None
[2026-05-13T09:35:32.657+0000] {processor.py:183} INFO - Processing /home/airflow/.local/lib/python3.12/site-packages/airflow/example_dags/example_display_name.py took 0.050 seconds
[2026-05-13T09:36:02.978+0000] {processor.py:161} INFO - Started process (PID=942) to work on /home/airflow/.local/lib/python3.12/site-packages/airflow/example_dags/example_display_name.py
[2026-05-13T09:36:02.978+0000] {processor.py:830} INFO - Processing file /home/airflow/.local/lib/python3.12/site-packages/airflow/example_dags/example_display_name.py for tasks to queue
[2026-05-13T09:36:02.980+0000] {logging_mixin.py:188} INFO - [2026-05-13T09:36:02.980+0000] {dagbag.py:545} INFO - Filling up the DagBag from /home/airflow/.local/lib/python3.12/site-packages/airflow/example_dags/example_display_name.py
[2026-05-13T09:36:02.984+0000] {processor.py:840} INFO - DAG(s) 'example_display_name' retrieved from /home/airflow/.local/lib/python3.12/site-packages/airflow/example_dags/example_display_name.py
[2026-05-13T09:36:03.000+0000] {logging_mixin.py:188} INFO - [2026-05-13T09:36:03.000+0000] {dag.py:3089} INFO - Sync 1 DAGs
[2026-05-13T09:36:03.010+0000] {logging_mixin.py:188} INFO - [2026-05-13T09:36:03.010+0000] {dag.py:3947} INFO - Setting next_dagrun for example_display_name to None, run_after=None
[2026-05-13T09:36:03.026+0000] {processor.py:183} INFO - Processing /home/airflow/.local/lib/python3.12/site-packages/airflow/example_dags/example_display_name.py took 0.052 seconds
[2026-05-13T09:36:33.401+0000] {processor.py:161} INFO - Started process (PID=1000) to work on /home/airflow/.local/lib/python3.12/site-packages/airflow/example_dags/example_display_name.py
[2026-05-13T09:36:33.402+0000] {processor.py:830} INFO - Processing file /home/airflow/.local/lib/python3.12/site-packages/airflow/example_dags/example_display_name.py for tasks to queue
[2026-05-13T09:36:33.403+0000] {logging_mixin.py:188} INFO - [2026-05-13T09:36:33.403+0000] {dagbag.py:545} INFO - Filling up the DagBag from /home/airflow/.local/lib/python3.12/site-packages/airflow/example_dags/example_display_name.py
[2026-05-13T09:36:33.407+0000] {processor.py:840} INFO - DAG(s) 'example_display_name' retrieved from /home/airflow/.local/lib/python3.12/site-packages/airflow/example_dags/example_display_name.py
[2026-05-13T09:36:33.422+0000] {logging_mixin.py:188} INFO - [2026-05-13T09:36:33.421+0000] {dag.py:3089} INFO - Sync 1 DAGs
[2026-05-13T09:36:33.432+0000] {logging_mixin.py:188} INFO - [2026-05-13T09:36:33.432+0000] {dag.py:3947} INFO - Setting next_dagrun for example_display_name to None, run_after=None
[2026-05-13T09:36:33.446+0000] {processor.py:183} INFO - Processing /home/airflow/.local/lib/python3.12/site-packages/airflow/example_dags/example_display_name.py took 0.050 seconds
[2026-05-13T09:37:03.893+0000] {processor.py:161} INFO - Started process (PID=1058) to work on /home/airflow/.local/lib/python3.12/site-packages/airflow/example_dags/example_display_name.py
[2026-05-13T09:37:03.893+0000] {processor.py:830} INFO - Processing file /home/airflow/.local/lib/python3.12/site-packages/airflow/example_dags/example_display_name.py for tasks to queue
[2026-05-13T09:37:03.895+0000] {logging_mixin.py:188} INFO - [2026-05-13T09:37:03.894+0000] {dagbag.py:545} INFO - Filling up the DagBag from /home/airflow/.local/lib/python3.12/site-packages/airflow/example_dags/example_display_name.py
[2026-05-13T09:37:03.899+0000] {processor.py:840} INFO - DAG(s) 'example_display_name' retrieved from /home/airflow/.local/lib/python3.12/site-packages/airflow/example_dags/example_display_name.py
[2026-05-13T09:37:03.913+0000] {logging_mixin.py:188} INFO - [2026-05-13T09:37:03.913+0000] {dag.py:3089} INFO - Sync 1 DAGs
[2026-05-13T09:37:03.923+0000] {logging_mixin.py:188} INFO - [2026-05-13T09:37:03.923+0000] {dag.py:3947} INFO - Setting next_dagrun for example_display_name to None, run_after=None
[2026-05-13T09:37:03.938+0000] {processor.py:183} INFO - Processing /home/airflow/.local/lib/python3.12/site-packages/airflow/example_dags/example_display_name.py took 0.049 seconds
[2026-05-13T09:37:34.342+0000] {processor.py:161} INFO - Started process (PID=1116) to work on /home/airflow/.local/lib/python3.12/site-packages/airflow/example_dags/example_display_name.py
[2026-05-13T09:37:34.343+0000] {processor.py:830} INFO - Processing file /home/airflow/.local/lib/python3.12/site-packages/airflow/example_dags/example_display_name.py for tasks to queue
[2026-05-13T09:37:34.345+0000] {logging_mixin.py:188} INFO - [2026-05-13T09:37:34.344+0000] {dagbag.py:545} INFO - Filling up the DagBag from /home/airflow/.local/lib/python3.12/site-packages/airflow/example_dags/example_display_name.py
[2026-05-13T09:37:34.349+0000] {processor.py:840} INFO - DAG(s) 'example_display_name' retrieved from /home/airflow/.local/lib/python3.12/site-packages/airflow/example_dags/example_display_name.py
[2026-05-13T09:37:34.364+0000] {logging_mixin.py:188} INFO - [2026-05-13T09:37:34.364+0000] {dag.py:3089} INFO - Sync 1 DAGs
[2026-05-13T09:37:34.374+0000] {logging_mixin.py:188} INFO - [2026-05-13T09:37:34.374+0000] {dag.py:3947} INFO - Setting next_dagrun for example_display_name to None, run_after=None
[2026-05-13T09:37:34.389+0000] {processor.py:183} INFO - Processing /home/airflow/.local/lib/python3.12/site-packages/airflow/example_dags/example_display_name.py took 0.051 seconds
[2026-05-13T09:38:04.847+0000] {processor.py:161} INFO - Started process (PID=1174) to work on /home/airflow/.local/lib/python3.12/site-packages/airflow/example_dags/example_display_name.py
[2026-05-13T09:38:04.847+0000] {processor.py:830} INFO - Processing file /home/airflow/.local/lib/python3.12/site-packages/airflow/example_dags/example_display_name.py for tasks to queue
[2026-05-13T09:38:04.849+0000] {logging_mixin.py:188} INFO - [2026-05-13T09:38:04.848+0000] {dagbag.py:545} INFO - Filling up the DagBag from /home/airflow/.local/lib/python3.12/site-packages/airflow/example_dags/example_display_name.py
[2026-05-13T09:38:04.853+0000] {processor.py:840} INFO - DAG(s) 'example_display_name' retrieved from /home/airflow/.local/lib/python3.12/site-packages/airflow/example_dags/example_display_name.py
[2026-05-13T09:38:04.867+0000] {logging_mixin.py:188} INFO - [2026-05-13T09:38:04.867+0000] {dag.py:3089} INFO - Sync 1 DAGs
[2026-05-13T09:38:04.877+0000] {logging_mixin.py:188} INFO - [2026-05-13T09:38:04.876+0000] {dag.py:3947} INFO - Setting next_dagrun for example_display_name to None, run_after=None
[2026-05-13T09:38:04.891+0000] {processor.py:183} INFO - Processing /home/airflow/.local/lib/python3.12/site-packages/airflow/example_dags/example_display_name.py took 0.048 seconds
