[2026-05-13T09:28:25.251+0000] {processor.py:161} INFO - Started process (PID=66) to work on /home/airflow/.local/lib/python3.12/site-packages/airflow/example_dags/example_task_group_decorator.py
[2026-05-13T09:28:25.252+0000] {processor.py:830} INFO - Processing file /home/airflow/.local/lib/python3.12/site-packages/airflow/example_dags/example_task_group_decorator.py for tasks to queue
[2026-05-13T09:28:25.253+0000] {logging_mixin.py:188} INFO - [2026-05-13T09:28:25.253+0000] {dagbag.py:545} INFO - Filling up the DagBag from /home/airflow/.local/lib/python3.12/site-packages/airflow/example_dags/example_task_group_decorator.py
[2026-05-13T09:28:25.272+0000] {processor.py:840} INFO - DAG(s) 'example_task_group_decorator' retrieved from /home/airflow/.local/lib/python3.12/site-packages/airflow/example_dags/example_task_group_decorator.py
[2026-05-13T09:28:25.298+0000] {logging_mixin.py:188} INFO - [2026-05-13T09:28:25.298+0000] {dag.py:3089} INFO - Sync 1 DAGs
[2026-05-13T09:28:25.321+0000] {logging_mixin.py:188} INFO - [2026-05-13T09:28:25.320+0000] {dag.py:3947} INFO - Setting next_dagrun for example_task_group_decorator to 2026-05-12 00:00:00+00:00, run_after=2026-05-13 00:00:00+00:00
[2026-05-13T09:28:25.341+0000] {processor.py:183} INFO - Processing /home/airflow/.local/lib/python3.12/site-packages/airflow/example_dags/example_task_group_decorator.py took 0.096 seconds
[2026-05-13T09:28:56.327+0000] {processor.py:161} INFO - Started process (PID=124) to work on /home/airflow/.local/lib/python3.12/site-packages/airflow/example_dags/example_task_group_decorator.py
[2026-05-13T09:28:56.328+0000] {processor.py:830} INFO - Processing file /home/airflow/.local/lib/python3.12/site-packages/airflow/example_dags/example_task_group_decorator.py for tasks to queue
[2026-05-13T09:28:56.329+0000] {logging_mixin.py:188} INFO - [2026-05-13T09:28:56.329+0000] {dagbag.py:545} INFO - Filling up the DagBag from /home/airflow/.local/lib/python3.12/site-packages/airflow/example_dags/example_task_group_decorator.py
[2026-05-13T09:28:56.344+0000] {processor.py:840} INFO - DAG(s) 'example_task_group_decorator' retrieved from /home/airflow/.local/lib/python3.12/site-packages/airflow/example_dags/example_task_group_decorator.py
[2026-05-13T09:28:56.374+0000] {logging_mixin.py:188} INFO - [2026-05-13T09:28:56.371+0000] {dag.py:3089} INFO - Sync 1 DAGs
[2026-05-13T09:28:56.399+0000] {logging_mixin.py:188} INFO - [2026-05-13T09:28:56.398+0000] {dag.py:3947} INFO - Setting next_dagrun for example_task_group_decorator to 2026-05-12 00:00:00+00:00, run_after=2026-05-13 00:00:00+00:00
[2026-05-13T09:28:56.417+0000] {processor.py:183} INFO - Processing /home/airflow/.local/lib/python3.12/site-packages/airflow/example_dags/example_task_group_decorator.py took 0.095 seconds
[2026-05-13T09:29:26.772+0000] {processor.py:161} INFO - Started process (PID=182) to work on /home/airflow/.local/lib/python3.12/site-packages/airflow/example_dags/example_task_group_decorator.py
[2026-05-13T09:29:26.773+0000] {processor.py:830} INFO - Processing file /home/airflow/.local/lib/python3.12/site-packages/airflow/example_dags/example_task_group_decorator.py for tasks to queue
[2026-05-13T09:29:26.774+0000] {logging_mixin.py:188} INFO - [2026-05-13T09:29:26.774+0000] {dagbag.py:545} INFO - Filling up the DagBag from /home/airflow/.local/lib/python3.12/site-packages/airflow/example_dags/example_task_group_decorator.py
[2026-05-13T09:29:26.787+0000] {processor.py:840} INFO - DAG(s) 'example_task_group_decorator' retrieved from /home/airflow/.local/lib/python3.12/site-packages/airflow/example_dags/example_task_group_decorator.py
[2026-05-13T09:29:26.808+0000] {logging_mixin.py:188} INFO - [2026-05-13T09:29:26.808+0000] {dag.py:3089} INFO - Sync 1 DAGs
[2026-05-13T09:29:26.826+0000] {logging_mixin.py:188} INFO - [2026-05-13T09:29:26.826+0000] {dag.py:3947} INFO - Setting next_dagrun for example_task_group_decorator to 2026-05-12 00:00:00+00:00, run_after=2026-05-13 00:00:00+00:00
[2026-05-13T09:29:26.842+0000] {processor.py:183} INFO - Processing /home/airflow/.local/lib/python3.12/site-packages/airflow/example_dags/example_task_group_decorator.py took 0.074 seconds
[2026-05-13T09:29:57.059+0000] {processor.py:161} INFO - Started process (PID=241) to work on /home/airflow/.local/lib/python3.12/site-packages/airflow/example_dags/example_task_group_decorator.py
[2026-05-13T09:29:57.060+0000] {processor.py:830} INFO - Processing file /home/airflow/.local/lib/python3.12/site-packages/airflow/example_dags/example_task_group_decorator.py for tasks to queue
[2026-05-13T09:29:57.061+0000] {logging_mixin.py:188} INFO - [2026-05-13T09:29:57.061+0000] {dagbag.py:545} INFO - Filling up the DagBag from /home/airflow/.local/lib/python3.12/site-packages/airflow/example_dags/example_task_group_decorator.py
[2026-05-13T09:29:57.074+0000] {processor.py:840} INFO - DAG(s) 'example_task_group_decorator' retrieved from /home/airflow/.local/lib/python3.12/site-packages/airflow/example_dags/example_task_group_decorator.py
[2026-05-13T09:29:57.094+0000] {logging_mixin.py:188} INFO - [2026-05-13T09:29:57.094+0000] {dag.py:3089} INFO - Sync 1 DAGs
[2026-05-13T09:29:57.112+0000] {logging_mixin.py:188} INFO - [2026-05-13T09:29:57.112+0000] {dag.py:3947} INFO - Setting next_dagrun for example_task_group_decorator to 2026-05-12 00:00:00+00:00, run_after=2026-05-13 00:00:00+00:00
[2026-05-13T09:29:57.126+0000] {processor.py:183} INFO - Processing /home/airflow/.local/lib/python3.12/site-packages/airflow/example_dags/example_task_group_decorator.py took 0.072 seconds
[2026-05-13T09:30:27.553+0000] {processor.py:161} INFO - Started process (PID=299) to work on /home/airflow/.local/lib/python3.12/site-packages/airflow/example_dags/example_task_group_decorator.py
[2026-05-13T09:30:27.554+0000] {processor.py:830} INFO - Processing file /home/airflow/.local/lib/python3.12/site-packages/airflow/example_dags/example_task_group_decorator.py for tasks to queue
[2026-05-13T09:30:27.555+0000] {logging_mixin.py:188} INFO - [2026-05-13T09:30:27.555+0000] {dagbag.py:545} INFO - Filling up the DagBag from /home/airflow/.local/lib/python3.12/site-packages/airflow/example_dags/example_task_group_decorator.py
[2026-05-13T09:30:27.567+0000] {processor.py:840} INFO - DAG(s) 'example_task_group_decorator' retrieved from /home/airflow/.local/lib/python3.12/site-packages/airflow/example_dags/example_task_group_decorator.py
[2026-05-13T09:30:27.588+0000] {logging_mixin.py:188} INFO - [2026-05-13T09:30:27.587+0000] {dag.py:3089} INFO - Sync 1 DAGs
[2026-05-13T09:30:27.606+0000] {logging_mixin.py:188} INFO - [2026-05-13T09:30:27.606+0000] {dag.py:3947} INFO - Setting next_dagrun for example_task_group_decorator to 2026-05-12 00:00:00+00:00, run_after=2026-05-13 00:00:00+00:00
[2026-05-13T09:30:27.621+0000] {processor.py:183} INFO - Processing /home/airflow/.local/lib/python3.12/site-packages/airflow/example_dags/example_task_group_decorator.py took 0.073 seconds
[2026-05-13T09:30:57.902+0000] {processor.py:161} INFO - Started process (PID=357) to work on /home/airflow/.local/lib/python3.12/site-packages/airflow/example_dags/example_task_group_decorator.py
[2026-05-13T09:30:57.902+0000] {processor.py:830} INFO - Processing file /home/airflow/.local/lib/python3.12/site-packages/airflow/example_dags/example_task_group_decorator.py for tasks to queue
[2026-05-13T09:30:57.903+0000] {logging_mixin.py:188} INFO - [2026-05-13T09:30:57.903+0000] {dagbag.py:545} INFO - Filling up the DagBag from /home/airflow/.local/lib/python3.12/site-packages/airflow/example_dags/example_task_group_decorator.py
[2026-05-13T09:30:57.915+0000] {processor.py:840} INFO - DAG(s) 'example_task_group_decorator' retrieved from /home/airflow/.local/lib/python3.12/site-packages/airflow/example_dags/example_task_group_decorator.py
[2026-05-13T09:30:57.935+0000] {logging_mixin.py:188} INFO - [2026-05-13T09:30:57.935+0000] {dag.py:3089} INFO - Sync 1 DAGs
[2026-05-13T09:30:57.952+0000] {logging_mixin.py:188} INFO - [2026-05-13T09:30:57.952+0000] {dag.py:3947} INFO - Setting next_dagrun for example_task_group_decorator to 2026-05-12 00:00:00+00:00, run_after=2026-05-13 00:00:00+00:00
[2026-05-13T09:30:57.967+0000] {processor.py:183} INFO - Processing /home/airflow/.local/lib/python3.12/site-packages/airflow/example_dags/example_task_group_decorator.py took 0.070 seconds
[2026-05-13T09:31:28.512+0000] {processor.py:161} INFO - Started process (PID=420) to work on /home/airflow/.local/lib/python3.12/site-packages/airflow/example_dags/example_task_group_decorator.py
[2026-05-13T09:31:28.535+0000] {processor.py:830} INFO - Processing file /home/airflow/.local/lib/python3.12/site-packages/airflow/example_dags/example_task_group_decorator.py for tasks to queue
[2026-05-13T09:31:28.536+0000] {logging_mixin.py:188} INFO - [2026-05-13T09:31:28.536+0000] {dagbag.py:545} INFO - Filling up the DagBag from /home/airflow/.local/lib/python3.12/site-packages/airflow/example_dags/example_task_group_decorator.py
[2026-05-13T09:31:28.548+0000] {processor.py:840} INFO - DAG(s) 'example_task_group_decorator' retrieved from /home/airflow/.local/lib/python3.12/site-packages/airflow/example_dags/example_task_group_decorator.py
[2026-05-13T09:31:28.568+0000] {logging_mixin.py:188} INFO - [2026-05-13T09:31:28.568+0000] {dag.py:3089} INFO - Sync 1 DAGs
[2026-05-13T09:31:28.585+0000] {logging_mixin.py:188} INFO - [2026-05-13T09:31:28.585+0000] {dag.py:3947} INFO - Setting next_dagrun for example_task_group_decorator to 2026-05-12 00:00:00+00:00, run_after=2026-05-13 00:00:00+00:00
[2026-05-13T09:31:28.601+0000] {processor.py:183} INFO - Processing /home/airflow/.local/lib/python3.12/site-packages/airflow/example_dags/example_task_group_decorator.py took 0.094 seconds
[2026-05-13T09:31:59.418+0000] {processor.py:161} INFO - Started process (PID=478) to work on /home/airflow/.local/lib/python3.12/site-packages/airflow/example_dags/example_task_group_decorator.py
[2026-05-13T09:31:59.418+0000] {processor.py:830} INFO - Processing file /home/airflow/.local/lib/python3.12/site-packages/airflow/example_dags/example_task_group_decorator.py for tasks to queue
[2026-05-13T09:31:59.420+0000] {logging_mixin.py:188} INFO - [2026-05-13T09:31:59.419+0000] {dagbag.py:545} INFO - Filling up the DagBag from /home/airflow/.local/lib/python3.12/site-packages/airflow/example_dags/example_task_group_decorator.py
[2026-05-13T09:31:59.431+0000] {processor.py:840} INFO - DAG(s) 'example_task_group_decorator' retrieved from /home/airflow/.local/lib/python3.12/site-packages/airflow/example_dags/example_task_group_decorator.py
[2026-05-13T09:31:59.451+0000] {logging_mixin.py:188} INFO - [2026-05-13T09:31:59.451+0000] {dag.py:3089} INFO - Sync 1 DAGs
[2026-05-13T09:31:59.468+0000] {logging_mixin.py:188} INFO - [2026-05-13T09:31:59.468+0000] {dag.py:3947} INFO - Setting next_dagrun for example_task_group_decorator to 2026-05-12 00:00:00+00:00, run_after=2026-05-13 00:00:00+00:00
[2026-05-13T09:31:59.482+0000] {processor.py:183} INFO - Processing /home/airflow/.local/lib/python3.12/site-packages/airflow/example_dags/example_task_group_decorator.py took 0.069 seconds
[2026-05-13T09:32:29.868+0000] {processor.py:161} INFO - Started process (PID=536) to work on /home/airflow/.local/lib/python3.12/site-packages/airflow/example_dags/example_task_group_decorator.py
[2026-05-13T09:32:29.869+0000] {processor.py:830} INFO - Processing file /home/airflow/.local/lib/python3.12/site-packages/airflow/example_dags/example_task_group_decorator.py for tasks to queue
[2026-05-13T09:32:29.871+0000] {logging_mixin.py:188} INFO - [2026-05-13T09:32:29.871+0000] {dagbag.py:545} INFO - Filling up the DagBag from /home/airflow/.local/lib/python3.12/site-packages/airflow/example_dags/example_task_group_decorator.py
[2026-05-13T09:32:29.882+0000] {processor.py:840} INFO - DAG(s) 'example_task_group_decorator' retrieved from /home/airflow/.local/lib/python3.12/site-packages/airflow/example_dags/example_task_group_decorator.py
[2026-05-13T09:32:29.902+0000] {logging_mixin.py:188} INFO - [2026-05-13T09:32:29.902+0000] {dag.py:3089} INFO - Sync 1 DAGs
[2026-05-13T09:32:29.920+0000] {logging_mixin.py:188} INFO - [2026-05-13T09:32:29.919+0000] {dag.py:3947} INFO - Setting next_dagrun for example_task_group_decorator to 2026-05-12 00:00:00+00:00, run_after=2026-05-13 00:00:00+00:00
[2026-05-13T09:32:29.934+0000] {processor.py:183} INFO - Processing /home/airflow/.local/lib/python3.12/site-packages/airflow/example_dags/example_task_group_decorator.py took 0.070 seconds
[2026-05-13T09:33:00.365+0000] {processor.py:161} INFO - Started process (PID=594) to work on /home/airflow/.local/lib/python3.12/site-packages/airflow/example_dags/example_task_group_decorator.py
[2026-05-13T09:33:00.366+0000] {processor.py:830} INFO - Processing file /home/airflow/.local/lib/python3.12/site-packages/airflow/example_dags/example_task_group_decorator.py for tasks to queue
[2026-05-13T09:33:00.367+0000] {logging_mixin.py:188} INFO - [2026-05-13T09:33:00.367+0000] {dagbag.py:545} INFO - Filling up the DagBag from /home/airflow/.local/lib/python3.12/site-packages/airflow/example_dags/example_task_group_decorator.py
[2026-05-13T09:33:00.379+0000] {processor.py:840} INFO - DAG(s) 'example_task_group_decorator' retrieved from /home/airflow/.local/lib/python3.12/site-packages/airflow/example_dags/example_task_group_decorator.py
[2026-05-13T09:33:00.399+0000] {logging_mixin.py:188} INFO - [2026-05-13T09:33:00.399+0000] {dag.py:3089} INFO - Sync 1 DAGs
[2026-05-13T09:33:00.416+0000] {logging_mixin.py:188} INFO - [2026-05-13T09:33:00.416+0000] {dag.py:3947} INFO - Setting next_dagrun for example_task_group_decorator to 2026-05-12 00:00:00+00:00, run_after=2026-05-13 00:00:00+00:00
[2026-05-13T09:33:00.431+0000] {processor.py:183} INFO - Processing /home/airflow/.local/lib/python3.12/site-packages/airflow/example_dags/example_task_group_decorator.py took 0.070 seconds
[2026-05-13T09:33:31.092+0000] {processor.py:161} INFO - Started process (PID=652) to work on /home/airflow/.local/lib/python3.12/site-packages/airflow/example_dags/example_task_group_decorator.py
[2026-05-13T09:33:31.093+0000] {processor.py:830} INFO - Processing file /home/airflow/.local/lib/python3.12/site-packages/airflow/example_dags/example_task_group_decorator.py for tasks to queue
[2026-05-13T09:33:31.095+0000] {logging_mixin.py:188} INFO - [2026-05-13T09:33:31.094+0000] {dagbag.py:545} INFO - Filling up the DagBag from /home/airflow/.local/lib/python3.12/site-packages/airflow/example_dags/example_task_group_decorator.py
[2026-05-13T09:33:31.106+0000] {processor.py:840} INFO - DAG(s) 'example_task_group_decorator' retrieved from /home/airflow/.local/lib/python3.12/site-packages/airflow/example_dags/example_task_group_decorator.py
[2026-05-13T09:33:31.126+0000] {logging_mixin.py:188} INFO - [2026-05-13T09:33:31.126+0000] {dag.py:3089} INFO - Sync 1 DAGs
[2026-05-13T09:33:31.144+0000] {logging_mixin.py:188} INFO - [2026-05-13T09:33:31.144+0000] {dag.py:3947} INFO - Setting next_dagrun for example_task_group_decorator to 2026-05-12 00:00:00+00:00, run_after=2026-05-13 00:00:00+00:00
[2026-05-13T09:33:31.159+0000] {processor.py:183} INFO - Processing /home/airflow/.local/lib/python3.12/site-packages/airflow/example_dags/example_task_group_decorator.py took 0.072 seconds
[2026-05-13T09:34:01.534+0000] {processor.py:161} INFO - Started process (PID=710) to work on /home/airflow/.local/lib/python3.12/site-packages/airflow/example_dags/example_task_group_decorator.py
[2026-05-13T09:34:01.534+0000] {processor.py:830} INFO - Processing file /home/airflow/.local/lib/python3.12/site-packages/airflow/example_dags/example_task_group_decorator.py for tasks to queue
[2026-05-13T09:34:01.535+0000] {logging_mixin.py:188} INFO - [2026-05-13T09:34:01.535+0000] {dagbag.py:545} INFO - Filling up the DagBag from /home/airflow/.local/lib/python3.12/site-packages/airflow/example_dags/example_task_group_decorator.py
[2026-05-13T09:34:01.547+0000] {processor.py:840} INFO - DAG(s) 'example_task_group_decorator' retrieved from /home/airflow/.local/lib/python3.12/site-packages/airflow/example_dags/example_task_group_decorator.py
[2026-05-13T09:34:01.567+0000] {logging_mixin.py:188} INFO - [2026-05-13T09:34:01.567+0000] {dag.py:3089} INFO - Sync 1 DAGs
[2026-05-13T09:34:01.585+0000] {logging_mixin.py:188} INFO - [2026-05-13T09:34:01.584+0000] {dag.py:3947} INFO - Setting next_dagrun for example_task_group_decorator to 2026-05-12 00:00:00+00:00, run_after=2026-05-13 00:00:00+00:00
[2026-05-13T09:34:01.599+0000] {processor.py:183} INFO - Processing /home/airflow/.local/lib/python3.12/site-packages/airflow/example_dags/example_task_group_decorator.py took 0.070 seconds
[2026-05-13T09:34:31.803+0000] {processor.py:161} INFO - Started process (PID=767) to work on /home/airflow/.local/lib/python3.12/site-packages/airflow/example_dags/example_task_group_decorator.py
[2026-05-13T09:34:31.805+0000] {processor.py:830} INFO - Processing file /home/airflow/.local/lib/python3.12/site-packages/airflow/example_dags/example_task_group_decorator.py for tasks to queue
[2026-05-13T09:34:31.806+0000] {logging_mixin.py:188} INFO - [2026-05-13T09:34:31.806+0000] {dagbag.py:545} INFO - Filling up the DagBag from /home/airflow/.local/lib/python3.12/site-packages/airflow/example_dags/example_task_group_decorator.py
[2026-05-13T09:34:31.818+0000] {processor.py:840} INFO - DAG(s) 'example_task_group_decorator' retrieved from /home/airflow/.local/lib/python3.12/site-packages/airflow/example_dags/example_task_group_decorator.py
[2026-05-13T09:34:31.838+0000] {logging_mixin.py:188} INFO - [2026-05-13T09:34:31.837+0000] {dag.py:3089} INFO - Sync 1 DAGs
[2026-05-13T09:34:31.855+0000] {logging_mixin.py:188} INFO - [2026-05-13T09:34:31.855+0000] {dag.py:3947} INFO - Setting next_dagrun for example_task_group_decorator to 2026-05-12 00:00:00+00:00, run_after=2026-05-13 00:00:00+00:00
[2026-05-13T09:34:31.870+0000] {processor.py:183} INFO - Processing /home/airflow/.local/lib/python3.12/site-packages/airflow/example_dags/example_task_group_decorator.py took 0.071 seconds
[2026-05-13T09:35:02.070+0000] {processor.py:161} INFO - Started process (PID=824) to work on /home/airflow/.local/lib/python3.12/site-packages/airflow/example_dags/example_task_group_decorator.py
[2026-05-13T09:35:02.071+0000] {processor.py:830} INFO - Processing file /home/airflow/.local/lib/python3.12/site-packages/airflow/example_dags/example_task_group_decorator.py for tasks to queue
[2026-05-13T09:35:02.072+0000] {logging_mixin.py:188} INFO - [2026-05-13T09:35:02.072+0000] {dagbag.py:545} INFO - Filling up the DagBag from /home/airflow/.local/lib/python3.12/site-packages/airflow/example_dags/example_task_group_decorator.py
[2026-05-13T09:35:02.083+0000] {processor.py:840} INFO - DAG(s) 'example_task_group_decorator' retrieved from /home/airflow/.local/lib/python3.12/site-packages/airflow/example_dags/example_task_group_decorator.py
[2026-05-13T09:35:02.103+0000] {logging_mixin.py:188} INFO - [2026-05-13T09:35:02.103+0000] {dag.py:3089} INFO - Sync 1 DAGs
[2026-05-13T09:35:02.121+0000] {logging_mixin.py:188} INFO - [2026-05-13T09:35:02.120+0000] {dag.py:3947} INFO - Setting next_dagrun for example_task_group_decorator to 2026-05-12 00:00:00+00:00, run_after=2026-05-13 00:00:00+00:00
[2026-05-13T09:35:02.135+0000] {processor.py:183} INFO - Processing /home/airflow/.local/lib/python3.12/site-packages/airflow/example_dags/example_task_group_decorator.py took 0.070 seconds
[2026-05-13T09:35:32.528+0000] {processor.py:161} INFO - Started process (PID=882) to work on /home/airflow/.local/lib/python3.12/site-packages/airflow/example_dags/example_task_group_decorator.py
[2026-05-13T09:35:32.529+0000] {processor.py:830} INFO - Processing file /home/airflow/.local/lib/python3.12/site-packages/airflow/example_dags/example_task_group_decorator.py for tasks to queue
[2026-05-13T09:35:32.531+0000] {logging_mixin.py:188} INFO - [2026-05-13T09:35:32.530+0000] {dagbag.py:545} INFO - Filling up the DagBag from /home/airflow/.local/lib/python3.12/site-packages/airflow/example_dags/example_task_group_decorator.py
[2026-05-13T09:35:32.543+0000] {processor.py:840} INFO - DAG(s) 'example_task_group_decorator' retrieved from /home/airflow/.local/lib/python3.12/site-packages/airflow/example_dags/example_task_group_decorator.py
[2026-05-13T09:35:32.563+0000] {logging_mixin.py:188} INFO - [2026-05-13T09:35:32.562+0000] {dag.py:3089} INFO - Sync 1 DAGs
[2026-05-13T09:35:32.580+0000] {logging_mixin.py:188} INFO - [2026-05-13T09:35:32.580+0000] {dag.py:3947} INFO - Setting next_dagrun for example_task_group_decorator to 2026-05-12 00:00:00+00:00, run_after=2026-05-13 00:00:00+00:00
[2026-05-13T09:35:32.595+0000] {processor.py:183} INFO - Processing /home/airflow/.local/lib/python3.12/site-packages/airflow/example_dags/example_task_group_decorator.py took 0.071 seconds
[2026-05-13T09:36:02.890+0000] {processor.py:161} INFO - Started process (PID=940) to work on /home/airflow/.local/lib/python3.12/site-packages/airflow/example_dags/example_task_group_decorator.py
[2026-05-13T09:36:02.891+0000] {processor.py:830} INFO - Processing file /home/airflow/.local/lib/python3.12/site-packages/airflow/example_dags/example_task_group_decorator.py for tasks to queue
[2026-05-13T09:36:02.892+0000] {logging_mixin.py:188} INFO - [2026-05-13T09:36:02.892+0000] {dagbag.py:545} INFO - Filling up the DagBag from /home/airflow/.local/lib/python3.12/site-packages/airflow/example_dags/example_task_group_decorator.py
[2026-05-13T09:36:02.905+0000] {processor.py:840} INFO - DAG(s) 'example_task_group_decorator' retrieved from /home/airflow/.local/lib/python3.12/site-packages/airflow/example_dags/example_task_group_decorator.py
[2026-05-13T09:36:02.925+0000] {logging_mixin.py:188} INFO - [2026-05-13T09:36:02.925+0000] {dag.py:3089} INFO - Sync 1 DAGs
[2026-05-13T09:36:02.943+0000] {logging_mixin.py:188} INFO - [2026-05-13T09:36:02.943+0000] {dag.py:3947} INFO - Setting next_dagrun for example_task_group_decorator to 2026-05-12 00:00:00+00:00, run_after=2026-05-13 00:00:00+00:00
[2026-05-13T09:36:02.959+0000] {processor.py:183} INFO - Processing /home/airflow/.local/lib/python3.12/site-packages/airflow/example_dags/example_task_group_decorator.py took 0.074 seconds
[2026-05-13T09:36:33.318+0000] {processor.py:161} INFO - Started process (PID=998) to work on /home/airflow/.local/lib/python3.12/site-packages/airflow/example_dags/example_task_group_decorator.py
[2026-05-13T09:36:33.320+0000] {processor.py:830} INFO - Processing file /home/airflow/.local/lib/python3.12/site-packages/airflow/example_dags/example_task_group_decorator.py for tasks to queue
[2026-05-13T09:36:33.321+0000] {logging_mixin.py:188} INFO - [2026-05-13T09:36:33.321+0000] {dagbag.py:545} INFO - Filling up the DagBag from /home/airflow/.local/lib/python3.12/site-packages/airflow/example_dags/example_task_group_decorator.py
[2026-05-13T09:36:33.333+0000] {processor.py:840} INFO - DAG(s) 'example_task_group_decorator' retrieved from /home/airflow/.local/lib/python3.12/site-packages/airflow/example_dags/example_task_group_decorator.py
[2026-05-13T09:36:33.353+0000] {logging_mixin.py:188} INFO - [2026-05-13T09:36:33.352+0000] {dag.py:3089} INFO - Sync 1 DAGs
[2026-05-13T09:36:33.370+0000] {logging_mixin.py:188} INFO - [2026-05-13T09:36:33.370+0000] {dag.py:3947} INFO - Setting next_dagrun for example_task_group_decorator to 2026-05-12 00:00:00+00:00, run_after=2026-05-13 00:00:00+00:00
[2026-05-13T09:36:33.384+0000] {processor.py:183} INFO - Processing /home/airflow/.local/lib/python3.12/site-packages/airflow/example_dags/example_task_group_decorator.py took 0.070 seconds
[2026-05-13T09:37:03.806+0000] {processor.py:161} INFO - Started process (PID=1056) to work on /home/airflow/.local/lib/python3.12/site-packages/airflow/example_dags/example_task_group_decorator.py
[2026-05-13T09:37:03.807+0000] {processor.py:830} INFO - Processing file /home/airflow/.local/lib/python3.12/site-packages/airflow/example_dags/example_task_group_decorator.py for tasks to queue
[2026-05-13T09:37:03.808+0000] {logging_mixin.py:188} INFO - [2026-05-13T09:37:03.808+0000] {dagbag.py:545} INFO - Filling up the DagBag from /home/airflow/.local/lib/python3.12/site-packages/airflow/example_dags/example_task_group_decorator.py
[2026-05-13T09:37:03.820+0000] {processor.py:840} INFO - DAG(s) 'example_task_group_decorator' retrieved from /home/airflow/.local/lib/python3.12/site-packages/airflow/example_dags/example_task_group_decorator.py
[2026-05-13T09:37:03.841+0000] {logging_mixin.py:188} INFO - [2026-05-13T09:37:03.841+0000] {dag.py:3089} INFO - Sync 1 DAGs
[2026-05-13T09:37:03.861+0000] {logging_mixin.py:188} INFO - [2026-05-13T09:37:03.861+0000] {dag.py:3947} INFO - Setting next_dagrun for example_task_group_decorator to 2026-05-12 00:00:00+00:00, run_after=2026-05-13 00:00:00+00:00
[2026-05-13T09:37:03.876+0000] {processor.py:183} INFO - Processing /home/airflow/.local/lib/python3.12/site-packages/airflow/example_dags/example_task_group_decorator.py took 0.075 seconds
[2026-05-13T09:37:34.257+0000] {processor.py:161} INFO - Started process (PID=1114) to work on /home/airflow/.local/lib/python3.12/site-packages/airflow/example_dags/example_task_group_decorator.py
[2026-05-13T09:37:34.259+0000] {processor.py:830} INFO - Processing file /home/airflow/.local/lib/python3.12/site-packages/airflow/example_dags/example_task_group_decorator.py for tasks to queue
[2026-05-13T09:37:34.260+0000] {logging_mixin.py:188} INFO - [2026-05-13T09:37:34.260+0000] {dagbag.py:545} INFO - Filling up the DagBag from /home/airflow/.local/lib/python3.12/site-packages/airflow/example_dags/example_task_group_decorator.py
[2026-05-13T09:37:34.272+0000] {processor.py:840} INFO - DAG(s) 'example_task_group_decorator' retrieved from /home/airflow/.local/lib/python3.12/site-packages/airflow/example_dags/example_task_group_decorator.py
[2026-05-13T09:37:34.293+0000] {logging_mixin.py:188} INFO - [2026-05-13T09:37:34.292+0000] {dag.py:3089} INFO - Sync 1 DAGs
[2026-05-13T09:37:34.310+0000] {logging_mixin.py:188} INFO - [2026-05-13T09:37:34.310+0000] {dag.py:3947} INFO - Setting next_dagrun for example_task_group_decorator to 2026-05-12 00:00:00+00:00, run_after=2026-05-13 00:00:00+00:00
[2026-05-13T09:37:34.326+0000] {processor.py:183} INFO - Processing /home/airflow/.local/lib/python3.12/site-packages/airflow/example_dags/example_task_group_decorator.py took 0.074 seconds
[2026-05-13T09:38:04.764+0000] {processor.py:161} INFO - Started process (PID=1172) to work on /home/airflow/.local/lib/python3.12/site-packages/airflow/example_dags/example_task_group_decorator.py
[2026-05-13T09:38:04.764+0000] {processor.py:830} INFO - Processing file /home/airflow/.local/lib/python3.12/site-packages/airflow/example_dags/example_task_group_decorator.py for tasks to queue
[2026-05-13T09:38:04.765+0000] {logging_mixin.py:188} INFO - [2026-05-13T09:38:04.765+0000] {dagbag.py:545} INFO - Filling up the DagBag from /home/airflow/.local/lib/python3.12/site-packages/airflow/example_dags/example_task_group_decorator.py
[2026-05-13T09:38:04.777+0000] {processor.py:840} INFO - DAG(s) 'example_task_group_decorator' retrieved from /home/airflow/.local/lib/python3.12/site-packages/airflow/example_dags/example_task_group_decorator.py
[2026-05-13T09:38:04.797+0000] {logging_mixin.py:188} INFO - [2026-05-13T09:38:04.797+0000] {dag.py:3089} INFO - Sync 1 DAGs
[2026-05-13T09:38:04.815+0000] {logging_mixin.py:188} INFO - [2026-05-13T09:38:04.814+0000] {dag.py:3947} INFO - Setting next_dagrun for example_task_group_decorator to 2026-05-12 00:00:00+00:00, run_after=2026-05-13 00:00:00+00:00
[2026-05-13T09:38:04.829+0000] {processor.py:183} INFO - Processing /home/airflow/.local/lib/python3.12/site-packages/airflow/example_dags/example_task_group_decorator.py took 0.070 seconds
