[2026-05-13T09:28:24.352+0000] {processor.py:161} INFO - Started process (PID=52) to work on /home/airflow/.local/lib/python3.12/site-packages/airflow/example_dags/tutorial_objectstorage.py
[2026-05-13T09:28:24.354+0000] {processor.py:830} INFO - Processing file /home/airflow/.local/lib/python3.12/site-packages/airflow/example_dags/tutorial_objectstorage.py for tasks to queue
[2026-05-13T09:28:24.356+0000] {logging_mixin.py:188} INFO - [2026-05-13T09:28:24.355+0000] {dagbag.py:545} INFO - Filling up the DagBag from /home/airflow/.local/lib/python3.12/site-packages/airflow/example_dags/tutorial_objectstorage.py
[2026-05-13T09:28:24.364+0000] {processor.py:840} INFO - DAG(s) 'tutorial_objectstorage' retrieved from /home/airflow/.local/lib/python3.12/site-packages/airflow/example_dags/tutorial_objectstorage.py
[2026-05-13T09:28:24.391+0000] {logging_mixin.py:188} INFO - [2026-05-13T09:28:24.391+0000] {dag.py:3089} INFO - Sync 1 DAGs
[2026-05-13T09:28:24.403+0000] {logging_mixin.py:188} INFO - [2026-05-13T09:28:24.403+0000] {dag.py:3947} INFO - Setting next_dagrun for tutorial_objectstorage to None, run_after=None
[2026-05-13T09:28:24.422+0000] {processor.py:183} INFO - Processing /home/airflow/.local/lib/python3.12/site-packages/airflow/example_dags/tutorial_objectstorage.py took 0.075 seconds
[2026-05-13T09:28:54.536+0000] {processor.py:161} INFO - Started process (PID=110) to work on /home/airflow/.local/lib/python3.12/site-packages/airflow/example_dags/tutorial_objectstorage.py
[2026-05-13T09:28:54.536+0000] {processor.py:830} INFO - Processing file /home/airflow/.local/lib/python3.12/site-packages/airflow/example_dags/tutorial_objectstorage.py for tasks to queue
[2026-05-13T09:28:54.537+0000] {logging_mixin.py:188} INFO - [2026-05-13T09:28:54.537+0000] {dagbag.py:545} INFO - Filling up the DagBag from /home/airflow/.local/lib/python3.12/site-packages/airflow/example_dags/tutorial_objectstorage.py
[2026-05-13T09:28:54.544+0000] {processor.py:840} INFO - DAG(s) 'tutorial_objectstorage' retrieved from /home/airflow/.local/lib/python3.12/site-packages/airflow/example_dags/tutorial_objectstorage.py
[2026-05-13T09:28:54.559+0000] {logging_mixin.py:188} INFO - [2026-05-13T09:28:54.559+0000] {dag.py:3089} INFO - Sync 1 DAGs
[2026-05-13T09:28:54.570+0000] {logging_mixin.py:188} INFO - [2026-05-13T09:28:54.570+0000] {dag.py:3947} INFO - Setting next_dagrun for tutorial_objectstorage to None, run_after=None
[2026-05-13T09:28:54.586+0000] {processor.py:183} INFO - Processing /home/airflow/.local/lib/python3.12/site-packages/airflow/example_dags/tutorial_objectstorage.py took 0.056 seconds
[2026-05-13T09:29:25.172+0000] {processor.py:161} INFO - Started process (PID=168) to work on /home/airflow/.local/lib/python3.12/site-packages/airflow/example_dags/tutorial_objectstorage.py
[2026-05-13T09:29:25.173+0000] {processor.py:830} INFO - Processing file /home/airflow/.local/lib/python3.12/site-packages/airflow/example_dags/tutorial_objectstorage.py for tasks to queue
[2026-05-13T09:29:25.174+0000] {logging_mixin.py:188} INFO - [2026-05-13T09:29:25.174+0000] {dagbag.py:545} INFO - Filling up the DagBag from /home/airflow/.local/lib/python3.12/site-packages/airflow/example_dags/tutorial_objectstorage.py
[2026-05-13T09:29:25.181+0000] {processor.py:840} INFO - DAG(s) 'tutorial_objectstorage' retrieved from /home/airflow/.local/lib/python3.12/site-packages/airflow/example_dags/tutorial_objectstorage.py
[2026-05-13T09:29:25.197+0000] {logging_mixin.py:188} INFO - [2026-05-13T09:29:25.196+0000] {dag.py:3089} INFO - Sync 1 DAGs
[2026-05-13T09:29:25.207+0000] {logging_mixin.py:188} INFO - [2026-05-13T09:29:25.207+0000] {dag.py:3947} INFO - Setting next_dagrun for tutorial_objectstorage to None, run_after=None
[2026-05-13T09:29:25.223+0000] {processor.py:183} INFO - Processing /home/airflow/.local/lib/python3.12/site-packages/airflow/example_dags/tutorial_objectstorage.py took 0.056 seconds
[2026-05-13T09:29:55.423+0000] {processor.py:161} INFO - Started process (PID=227) to work on /home/airflow/.local/lib/python3.12/site-packages/airflow/example_dags/tutorial_objectstorage.py
[2026-05-13T09:29:55.424+0000] {processor.py:830} INFO - Processing file /home/airflow/.local/lib/python3.12/site-packages/airflow/example_dags/tutorial_objectstorage.py for tasks to queue
[2026-05-13T09:29:55.425+0000] {logging_mixin.py:188} INFO - [2026-05-13T09:29:55.425+0000] {dagbag.py:545} INFO - Filling up the DagBag from /home/airflow/.local/lib/python3.12/site-packages/airflow/example_dags/tutorial_objectstorage.py
[2026-05-13T09:29:55.431+0000] {processor.py:840} INFO - DAG(s) 'tutorial_objectstorage' retrieved from /home/airflow/.local/lib/python3.12/site-packages/airflow/example_dags/tutorial_objectstorage.py
[2026-05-13T09:29:55.448+0000] {logging_mixin.py:188} INFO - [2026-05-13T09:29:55.448+0000] {dag.py:3089} INFO - Sync 1 DAGs
[2026-05-13T09:29:55.461+0000] {logging_mixin.py:188} INFO - [2026-05-13T09:29:55.461+0000] {dag.py:3947} INFO - Setting next_dagrun for tutorial_objectstorage to None, run_after=None
[2026-05-13T09:29:55.479+0000] {processor.py:183} INFO - Processing /home/airflow/.local/lib/python3.12/site-packages/airflow/example_dags/tutorial_objectstorage.py took 0.061 seconds
[2026-05-13T09:30:25.958+0000] {processor.py:161} INFO - Started process (PID=285) to work on /home/airflow/.local/lib/python3.12/site-packages/airflow/example_dags/tutorial_objectstorage.py
[2026-05-13T09:30:25.958+0000] {processor.py:830} INFO - Processing file /home/airflow/.local/lib/python3.12/site-packages/airflow/example_dags/tutorial_objectstorage.py for tasks to queue
[2026-05-13T09:30:25.960+0000] {logging_mixin.py:188} INFO - [2026-05-13T09:30:25.959+0000] {dagbag.py:545} INFO - Filling up the DagBag from /home/airflow/.local/lib/python3.12/site-packages/airflow/example_dags/tutorial_objectstorage.py
[2026-05-13T09:30:25.965+0000] {processor.py:840} INFO - DAG(s) 'tutorial_objectstorage' retrieved from /home/airflow/.local/lib/python3.12/site-packages/airflow/example_dags/tutorial_objectstorage.py
[2026-05-13T09:30:25.980+0000] {logging_mixin.py:188} INFO - [2026-05-13T09:30:25.980+0000] {dag.py:3089} INFO - Sync 1 DAGs
[2026-05-13T09:30:25.992+0000] {logging_mixin.py:188} INFO - [2026-05-13T09:30:25.992+0000] {dag.py:3947} INFO - Setting next_dagrun for tutorial_objectstorage to None, run_after=None
[2026-05-13T09:30:26.008+0000] {processor.py:183} INFO - Processing /home/airflow/.local/lib/python3.12/site-packages/airflow/example_dags/tutorial_objectstorage.py took 0.055 seconds
[2026-05-13T09:30:56.309+0000] {processor.py:161} INFO - Started process (PID=343) to work on /home/airflow/.local/lib/python3.12/site-packages/airflow/example_dags/tutorial_objectstorage.py
[2026-05-13T09:30:56.310+0000] {processor.py:830} INFO - Processing file /home/airflow/.local/lib/python3.12/site-packages/airflow/example_dags/tutorial_objectstorage.py for tasks to queue
[2026-05-13T09:30:56.311+0000] {logging_mixin.py:188} INFO - [2026-05-13T09:30:56.311+0000] {dagbag.py:545} INFO - Filling up the DagBag from /home/airflow/.local/lib/python3.12/site-packages/airflow/example_dags/tutorial_objectstorage.py
[2026-05-13T09:30:56.317+0000] {processor.py:840} INFO - DAG(s) 'tutorial_objectstorage' retrieved from /home/airflow/.local/lib/python3.12/site-packages/airflow/example_dags/tutorial_objectstorage.py
[2026-05-13T09:30:56.331+0000] {logging_mixin.py:188} INFO - [2026-05-13T09:30:56.331+0000] {dag.py:3089} INFO - Sync 1 DAGs
[2026-05-13T09:30:56.342+0000] {logging_mixin.py:188} INFO - [2026-05-13T09:30:56.342+0000] {dag.py:3947} INFO - Setting next_dagrun for tutorial_objectstorage to None, run_after=None
[2026-05-13T09:30:56.357+0000] {processor.py:183} INFO - Processing /home/airflow/.local/lib/python3.12/site-packages/airflow/example_dags/tutorial_objectstorage.py took 0.053 seconds
[2026-05-13T09:31:26.699+0000] {processor.py:161} INFO - Started process (PID=401) to work on /home/airflow/.local/lib/python3.12/site-packages/airflow/example_dags/tutorial_objectstorage.py
[2026-05-13T09:31:26.699+0000] {processor.py:830} INFO - Processing file /home/airflow/.local/lib/python3.12/site-packages/airflow/example_dags/tutorial_objectstorage.py for tasks to queue
[2026-05-13T09:31:26.701+0000] {logging_mixin.py:188} INFO - [2026-05-13T09:31:26.700+0000] {dagbag.py:545} INFO - Filling up the DagBag from /home/airflow/.local/lib/python3.12/site-packages/airflow/example_dags/tutorial_objectstorage.py
[2026-05-13T09:31:26.706+0000] {processor.py:840} INFO - DAG(s) 'tutorial_objectstorage' retrieved from /home/airflow/.local/lib/python3.12/site-packages/airflow/example_dags/tutorial_objectstorage.py
[2026-05-13T09:31:26.721+0000] {logging_mixin.py:188} INFO - [2026-05-13T09:31:26.721+0000] {dag.py:3089} INFO - Sync 1 DAGs
[2026-05-13T09:31:26.731+0000] {logging_mixin.py:188} INFO - [2026-05-13T09:31:26.731+0000] {dag.py:3947} INFO - Setting next_dagrun for tutorial_objectstorage to None, run_after=None
[2026-05-13T09:31:26.754+0000] {processor.py:183} INFO - Processing /home/airflow/.local/lib/python3.12/site-packages/airflow/example_dags/tutorial_objectstorage.py took 0.060 seconds
[2026-05-13T09:31:56.847+0000] {processor.py:161} INFO - Started process (PID=458) to work on /home/airflow/.local/lib/python3.12/site-packages/airflow/example_dags/tutorial_objectstorage.py
[2026-05-13T09:31:56.848+0000] {processor.py:830} INFO - Processing file /home/airflow/.local/lib/python3.12/site-packages/airflow/example_dags/tutorial_objectstorage.py for tasks to queue
[2026-05-13T09:31:56.849+0000] {logging_mixin.py:188} INFO - [2026-05-13T09:31:56.849+0000] {dagbag.py:545} INFO - Filling up the DagBag from /home/airflow/.local/lib/python3.12/site-packages/airflow/example_dags/tutorial_objectstorage.py
[2026-05-13T09:31:56.855+0000] {processor.py:840} INFO - DAG(s) 'tutorial_objectstorage' retrieved from /home/airflow/.local/lib/python3.12/site-packages/airflow/example_dags/tutorial_objectstorage.py
[2026-05-13T09:31:56.870+0000] {logging_mixin.py:188} INFO - [2026-05-13T09:31:56.870+0000] {dag.py:3089} INFO - Sync 1 DAGs
[2026-05-13T09:31:56.880+0000] {logging_mixin.py:188} INFO - [2026-05-13T09:31:56.880+0000] {dag.py:3947} INFO - Setting next_dagrun for tutorial_objectstorage to None, run_after=None
[2026-05-13T09:31:56.896+0000] {processor.py:183} INFO - Processing /home/airflow/.local/lib/python3.12/site-packages/airflow/example_dags/tutorial_objectstorage.py took 0.054 seconds
[2026-05-13T09:32:27.309+0000] {processor.py:161} INFO - Started process (PID=516) to work on /home/airflow/.local/lib/python3.12/site-packages/airflow/example_dags/tutorial_objectstorage.py
[2026-05-13T09:32:27.309+0000] {processor.py:830} INFO - Processing file /home/airflow/.local/lib/python3.12/site-packages/airflow/example_dags/tutorial_objectstorage.py for tasks to queue
[2026-05-13T09:32:27.311+0000] {logging_mixin.py:188} INFO - [2026-05-13T09:32:27.310+0000] {dagbag.py:545} INFO - Filling up the DagBag from /home/airflow/.local/lib/python3.12/site-packages/airflow/example_dags/tutorial_objectstorage.py
[2026-05-13T09:32:27.317+0000] {processor.py:840} INFO - DAG(s) 'tutorial_objectstorage' retrieved from /home/airflow/.local/lib/python3.12/site-packages/airflow/example_dags/tutorial_objectstorage.py
[2026-05-13T09:32:27.333+0000] {logging_mixin.py:188} INFO - [2026-05-13T09:32:27.333+0000] {dag.py:3089} INFO - Sync 1 DAGs
[2026-05-13T09:32:27.344+0000] {logging_mixin.py:188} INFO - [2026-05-13T09:32:27.344+0000] {dag.py:3947} INFO - Setting next_dagrun for tutorial_objectstorage to None, run_after=None
[2026-05-13T09:32:27.360+0000] {processor.py:183} INFO - Processing /home/airflow/.local/lib/python3.12/site-packages/airflow/example_dags/tutorial_objectstorage.py took 0.057 seconds
[2026-05-13T09:32:57.796+0000] {processor.py:161} INFO - Started process (PID=574) to work on /home/airflow/.local/lib/python3.12/site-packages/airflow/example_dags/tutorial_objectstorage.py
[2026-05-13T09:32:57.799+0000] {processor.py:830} INFO - Processing file /home/airflow/.local/lib/python3.12/site-packages/airflow/example_dags/tutorial_objectstorage.py for tasks to queue
[2026-05-13T09:32:57.800+0000] {logging_mixin.py:188} INFO - [2026-05-13T09:32:57.800+0000] {dagbag.py:545} INFO - Filling up the DagBag from /home/airflow/.local/lib/python3.12/site-packages/airflow/example_dags/tutorial_objectstorage.py
[2026-05-13T09:32:57.806+0000] {processor.py:840} INFO - DAG(s) 'tutorial_objectstorage' retrieved from /home/airflow/.local/lib/python3.12/site-packages/airflow/example_dags/tutorial_objectstorage.py
[2026-05-13T09:32:57.821+0000] {logging_mixin.py:188} INFO - [2026-05-13T09:32:57.821+0000] {dag.py:3089} INFO - Sync 1 DAGs
[2026-05-13T09:32:57.832+0000] {logging_mixin.py:188} INFO - [2026-05-13T09:32:57.831+0000] {dag.py:3947} INFO - Setting next_dagrun for tutorial_objectstorage to None, run_after=None
[2026-05-13T09:32:57.853+0000] {processor.py:183} INFO - Processing /home/airflow/.local/lib/python3.12/site-packages/airflow/example_dags/tutorial_objectstorage.py took 0.062 seconds
[2026-05-13T09:33:28.498+0000] {processor.py:161} INFO - Started process (PID=638) to work on /home/airflow/.local/lib/python3.12/site-packages/airflow/example_dags/tutorial_objectstorage.py
[2026-05-13T09:33:28.499+0000] {processor.py:830} INFO - Processing file /home/airflow/.local/lib/python3.12/site-packages/airflow/example_dags/tutorial_objectstorage.py for tasks to queue
[2026-05-13T09:33:28.500+0000] {logging_mixin.py:188} INFO - [2026-05-13T09:33:28.500+0000] {dagbag.py:545} INFO - Filling up the DagBag from /home/airflow/.local/lib/python3.12/site-packages/airflow/example_dags/tutorial_objectstorage.py
[2026-05-13T09:33:28.505+0000] {processor.py:840} INFO - DAG(s) 'tutorial_objectstorage' retrieved from /home/airflow/.local/lib/python3.12/site-packages/airflow/example_dags/tutorial_objectstorage.py
[2026-05-13T09:33:28.520+0000] {logging_mixin.py:188} INFO - [2026-05-13T09:33:28.520+0000] {dag.py:3089} INFO - Sync 1 DAGs
[2026-05-13T09:33:28.531+0000] {logging_mixin.py:188} INFO - [2026-05-13T09:33:28.531+0000] {dag.py:3947} INFO - Setting next_dagrun for tutorial_objectstorage to None, run_after=None
[2026-05-13T09:33:28.546+0000] {processor.py:183} INFO - Processing /home/airflow/.local/lib/python3.12/site-packages/airflow/example_dags/tutorial_objectstorage.py took 0.052 seconds
[2026-05-13T09:33:58.977+0000] {processor.py:161} INFO - Started process (PID=696) to work on /home/airflow/.local/lib/python3.12/site-packages/airflow/example_dags/tutorial_objectstorage.py
[2026-05-13T09:33:58.978+0000] {processor.py:830} INFO - Processing file /home/airflow/.local/lib/python3.12/site-packages/airflow/example_dags/tutorial_objectstorage.py for tasks to queue
[2026-05-13T09:33:58.979+0000] {logging_mixin.py:188} INFO - [2026-05-13T09:33:58.979+0000] {dagbag.py:545} INFO - Filling up the DagBag from /home/airflow/.local/lib/python3.12/site-packages/airflow/example_dags/tutorial_objectstorage.py
[2026-05-13T09:33:58.985+0000] {processor.py:840} INFO - DAG(s) 'tutorial_objectstorage' retrieved from /home/airflow/.local/lib/python3.12/site-packages/airflow/example_dags/tutorial_objectstorage.py
[2026-05-13T09:33:59.000+0000] {logging_mixin.py:188} INFO - [2026-05-13T09:33:59.000+0000] {dag.py:3089} INFO - Sync 1 DAGs
[2026-05-13T09:33:59.010+0000] {logging_mixin.py:188} INFO - [2026-05-13T09:33:59.010+0000] {dag.py:3947} INFO - Setting next_dagrun for tutorial_objectstorage to None, run_after=None
[2026-05-13T09:33:59.026+0000] {processor.py:183} INFO - Processing /home/airflow/.local/lib/python3.12/site-packages/airflow/example_dags/tutorial_objectstorage.py took 0.054 seconds
[2026-05-13T09:34:29.224+0000] {processor.py:161} INFO - Started process (PID=753) to work on /home/airflow/.local/lib/python3.12/site-packages/airflow/example_dags/tutorial_objectstorage.py
[2026-05-13T09:34:29.224+0000] {processor.py:830} INFO - Processing file /home/airflow/.local/lib/python3.12/site-packages/airflow/example_dags/tutorial_objectstorage.py for tasks to queue
[2026-05-13T09:34:29.226+0000] {logging_mixin.py:188} INFO - [2026-05-13T09:34:29.225+0000] {dagbag.py:545} INFO - Filling up the DagBag from /home/airflow/.local/lib/python3.12/site-packages/airflow/example_dags/tutorial_objectstorage.py
[2026-05-13T09:34:29.231+0000] {processor.py:840} INFO - DAG(s) 'tutorial_objectstorage' retrieved from /home/airflow/.local/lib/python3.12/site-packages/airflow/example_dags/tutorial_objectstorage.py
[2026-05-13T09:34:29.246+0000] {logging_mixin.py:188} INFO - [2026-05-13T09:34:29.246+0000] {dag.py:3089} INFO - Sync 1 DAGs
[2026-05-13T09:34:29.256+0000] {logging_mixin.py:188} INFO - [2026-05-13T09:34:29.256+0000] {dag.py:3947} INFO - Setting next_dagrun for tutorial_objectstorage to None, run_after=None
[2026-05-13T09:34:29.271+0000] {processor.py:183} INFO - Processing /home/airflow/.local/lib/python3.12/site-packages/airflow/example_dags/tutorial_objectstorage.py took 0.052 seconds
[2026-05-13T09:34:59.484+0000] {processor.py:161} INFO - Started process (PID=810) to work on /home/airflow/.local/lib/python3.12/site-packages/airflow/example_dags/tutorial_objectstorage.py
[2026-05-13T09:34:59.485+0000] {processor.py:830} INFO - Processing file /home/airflow/.local/lib/python3.12/site-packages/airflow/example_dags/tutorial_objectstorage.py for tasks to queue
[2026-05-13T09:34:59.487+0000] {logging_mixin.py:188} INFO - [2026-05-13T09:34:59.486+0000] {dagbag.py:545} INFO - Filling up the DagBag from /home/airflow/.local/lib/python3.12/site-packages/airflow/example_dags/tutorial_objectstorage.py
[2026-05-13T09:34:59.492+0000] {processor.py:840} INFO - DAG(s) 'tutorial_objectstorage' retrieved from /home/airflow/.local/lib/python3.12/site-packages/airflow/example_dags/tutorial_objectstorage.py
[2026-05-13T09:34:59.507+0000] {logging_mixin.py:188} INFO - [2026-05-13T09:34:59.507+0000] {dag.py:3089} INFO - Sync 1 DAGs
[2026-05-13T09:34:59.518+0000] {logging_mixin.py:188} INFO - [2026-05-13T09:34:59.518+0000] {dag.py:3947} INFO - Setting next_dagrun for tutorial_objectstorage to None, run_after=None
[2026-05-13T09:34:59.534+0000] {processor.py:183} INFO - Processing /home/airflow/.local/lib/python3.12/site-packages/airflow/example_dags/tutorial_objectstorage.py took 0.055 seconds
[2026-05-13T09:35:29.970+0000] {processor.py:161} INFO - Started process (PID=868) to work on /home/airflow/.local/lib/python3.12/site-packages/airflow/example_dags/tutorial_objectstorage.py
[2026-05-13T09:35:29.970+0000] {processor.py:830} INFO - Processing file /home/airflow/.local/lib/python3.12/site-packages/airflow/example_dags/tutorial_objectstorage.py for tasks to queue
[2026-05-13T09:35:29.972+0000] {logging_mixin.py:188} INFO - [2026-05-13T09:35:29.971+0000] {dagbag.py:545} INFO - Filling up the DagBag from /home/airflow/.local/lib/python3.12/site-packages/airflow/example_dags/tutorial_objectstorage.py
[2026-05-13T09:35:29.977+0000] {processor.py:840} INFO - DAG(s) 'tutorial_objectstorage' retrieved from /home/airflow/.local/lib/python3.12/site-packages/airflow/example_dags/tutorial_objectstorage.py
[2026-05-13T09:35:29.992+0000] {logging_mixin.py:188} INFO - [2026-05-13T09:35:29.992+0000] {dag.py:3089} INFO - Sync 1 DAGs
[2026-05-13T09:35:30.002+0000] {logging_mixin.py:188} INFO - [2026-05-13T09:35:30.002+0000] {dag.py:3947} INFO - Setting next_dagrun for tutorial_objectstorage to None, run_after=None
[2026-05-13T09:35:30.016+0000] {processor.py:183} INFO - Processing /home/airflow/.local/lib/python3.12/site-packages/airflow/example_dags/tutorial_objectstorage.py took 0.051 seconds
[2026-05-13T09:36:00.269+0000] {processor.py:161} INFO - Started process (PID=926) to work on /home/airflow/.local/lib/python3.12/site-packages/airflow/example_dags/tutorial_objectstorage.py
[2026-05-13T09:36:00.270+0000] {processor.py:830} INFO - Processing file /home/airflow/.local/lib/python3.12/site-packages/airflow/example_dags/tutorial_objectstorage.py for tasks to queue
[2026-05-13T09:36:00.271+0000] {logging_mixin.py:188} INFO - [2026-05-13T09:36:00.271+0000] {dagbag.py:545} INFO - Filling up the DagBag from /home/airflow/.local/lib/python3.12/site-packages/airflow/example_dags/tutorial_objectstorage.py
[2026-05-13T09:36:00.276+0000] {processor.py:840} INFO - DAG(s) 'tutorial_objectstorage' retrieved from /home/airflow/.local/lib/python3.12/site-packages/airflow/example_dags/tutorial_objectstorage.py
[2026-05-13T09:36:00.291+0000] {logging_mixin.py:188} INFO - [2026-05-13T09:36:00.291+0000] {dag.py:3089} INFO - Sync 1 DAGs
[2026-05-13T09:36:00.302+0000] {logging_mixin.py:188} INFO - [2026-05-13T09:36:00.302+0000] {dag.py:3947} INFO - Setting next_dagrun for tutorial_objectstorage to None, run_after=None
[2026-05-13T09:36:00.318+0000] {processor.py:183} INFO - Processing /home/airflow/.local/lib/python3.12/site-packages/airflow/example_dags/tutorial_objectstorage.py took 0.054 seconds
[2026-05-13T09:36:30.736+0000] {processor.py:161} INFO - Started process (PID=984) to work on /home/airflow/.local/lib/python3.12/site-packages/airflow/example_dags/tutorial_objectstorage.py
[2026-05-13T09:36:30.737+0000] {processor.py:830} INFO - Processing file /home/airflow/.local/lib/python3.12/site-packages/airflow/example_dags/tutorial_objectstorage.py for tasks to queue
[2026-05-13T09:36:30.738+0000] {logging_mixin.py:188} INFO - [2026-05-13T09:36:30.738+0000] {dagbag.py:545} INFO - Filling up the DagBag from /home/airflow/.local/lib/python3.12/site-packages/airflow/example_dags/tutorial_objectstorage.py
[2026-05-13T09:36:30.744+0000] {processor.py:840} INFO - DAG(s) 'tutorial_objectstorage' retrieved from /home/airflow/.local/lib/python3.12/site-packages/airflow/example_dags/tutorial_objectstorage.py
[2026-05-13T09:36:30.759+0000] {logging_mixin.py:188} INFO - [2026-05-13T09:36:30.759+0000] {dag.py:3089} INFO - Sync 1 DAGs
[2026-05-13T09:36:30.770+0000] {logging_mixin.py:188} INFO - [2026-05-13T09:36:30.769+0000] {dag.py:3947} INFO - Setting next_dagrun for tutorial_objectstorage to None, run_after=None
[2026-05-13T09:36:30.786+0000] {processor.py:183} INFO - Processing /home/airflow/.local/lib/python3.12/site-packages/airflow/example_dags/tutorial_objectstorage.py took 0.055 seconds
[2026-05-13T09:37:01.222+0000] {processor.py:161} INFO - Started process (PID=1042) to work on /home/airflow/.local/lib/python3.12/site-packages/airflow/example_dags/tutorial_objectstorage.py
[2026-05-13T09:37:01.223+0000] {processor.py:830} INFO - Processing file /home/airflow/.local/lib/python3.12/site-packages/airflow/example_dags/tutorial_objectstorage.py for tasks to queue
[2026-05-13T09:37:01.224+0000] {logging_mixin.py:188} INFO - [2026-05-13T09:37:01.224+0000] {dagbag.py:545} INFO - Filling up the DagBag from /home/airflow/.local/lib/python3.12/site-packages/airflow/example_dags/tutorial_objectstorage.py
[2026-05-13T09:37:01.230+0000] {processor.py:840} INFO - DAG(s) 'tutorial_objectstorage' retrieved from /home/airflow/.local/lib/python3.12/site-packages/airflow/example_dags/tutorial_objectstorage.py
[2026-05-13T09:37:01.244+0000] {logging_mixin.py:188} INFO - [2026-05-13T09:37:01.244+0000] {dag.py:3089} INFO - Sync 1 DAGs
[2026-05-13T09:37:01.254+0000] {logging_mixin.py:188} INFO - [2026-05-13T09:37:01.254+0000] {dag.py:3947} INFO - Setting next_dagrun for tutorial_objectstorage to None, run_after=None
[2026-05-13T09:37:01.270+0000] {processor.py:183} INFO - Processing /home/airflow/.local/lib/python3.12/site-packages/airflow/example_dags/tutorial_objectstorage.py took 0.052 seconds
[2026-05-13T09:37:31.660+0000] {processor.py:161} INFO - Started process (PID=1100) to work on /home/airflow/.local/lib/python3.12/site-packages/airflow/example_dags/tutorial_objectstorage.py
[2026-05-13T09:37:31.661+0000] {processor.py:830} INFO - Processing file /home/airflow/.local/lib/python3.12/site-packages/airflow/example_dags/tutorial_objectstorage.py for tasks to queue
[2026-05-13T09:37:31.662+0000] {logging_mixin.py:188} INFO - [2026-05-13T09:37:31.662+0000] {dagbag.py:545} INFO - Filling up the DagBag from /home/airflow/.local/lib/python3.12/site-packages/airflow/example_dags/tutorial_objectstorage.py
[2026-05-13T09:37:31.668+0000] {processor.py:840} INFO - DAG(s) 'tutorial_objectstorage' retrieved from /home/airflow/.local/lib/python3.12/site-packages/airflow/example_dags/tutorial_objectstorage.py
[2026-05-13T09:37:31.682+0000] {logging_mixin.py:188} INFO - [2026-05-13T09:37:31.682+0000] {dag.py:3089} INFO - Sync 1 DAGs
[2026-05-13T09:37:31.692+0000] {logging_mixin.py:188} INFO - [2026-05-13T09:37:31.692+0000] {dag.py:3947} INFO - Setting next_dagrun for tutorial_objectstorage to None, run_after=None
[2026-05-13T09:37:31.707+0000] {processor.py:183} INFO - Processing /home/airflow/.local/lib/python3.12/site-packages/airflow/example_dags/tutorial_objectstorage.py took 0.051 seconds
[2026-05-13T09:38:02.191+0000] {processor.py:161} INFO - Started process (PID=1158) to work on /home/airflow/.local/lib/python3.12/site-packages/airflow/example_dags/tutorial_objectstorage.py
[2026-05-13T09:38:02.192+0000] {processor.py:830} INFO - Processing file /home/airflow/.local/lib/python3.12/site-packages/airflow/example_dags/tutorial_objectstorage.py for tasks to queue
[2026-05-13T09:38:02.193+0000] {logging_mixin.py:188} INFO - [2026-05-13T09:38:02.193+0000] {dagbag.py:545} INFO - Filling up the DagBag from /home/airflow/.local/lib/python3.12/site-packages/airflow/example_dags/tutorial_objectstorage.py
[2026-05-13T09:38:02.199+0000] {processor.py:840} INFO - DAG(s) 'tutorial_objectstorage' retrieved from /home/airflow/.local/lib/python3.12/site-packages/airflow/example_dags/tutorial_objectstorage.py
[2026-05-13T09:38:02.213+0000] {logging_mixin.py:188} INFO - [2026-05-13T09:38:02.213+0000] {dag.py:3089} INFO - Sync 1 DAGs
[2026-05-13T09:38:02.224+0000] {logging_mixin.py:188} INFO - [2026-05-13T09:38:02.223+0000] {dag.py:3947} INFO - Setting next_dagrun for tutorial_objectstorage to None, run_after=None
[2026-05-13T09:38:02.238+0000] {processor.py:183} INFO - Processing /home/airflow/.local/lib/python3.12/site-packages/airflow/example_dags/tutorial_objectstorage.py took 0.052 seconds
