[2026-06-07T18:02:34.097+0000] {local_task_job_runner.py:120} INFO - ::group::Pre task execution logs
[2026-06-07T18:02:34.125+0000] {taskinstance.py:2076} INFO - Dependencies all met for dep_context=non-requeueable deps ti=<TaskInstance: spark_cluster_run_sales_etl.run_spark manual__2026-06-07T18:02:17.884106+00:00 [queued]>
[2026-06-07T18:02:34.131+0000] {taskinstance.py:2076} INFO - Dependencies all met for dep_context=requeueable deps ti=<TaskInstance: spark_cluster_run_sales_etl.run_spark manual__2026-06-07T18:02:17.884106+00:00 [queued]>
[2026-06-07T18:02:34.131+0000] {taskinstance.py:2306} INFO - Starting attempt 1 of 1
[2026-06-07T18:02:34.142+0000] {taskinstance.py:2330} INFO - Executing <Task(BashOperator): run_spark> on 2026-06-07 18:02:17.884106+00:00
[2026-06-07T18:02:34.151+0000] {warnings.py:112} WARNING - /home/***/.local/lib/python3.12/site-packages/***/task/task_runner/standard_task_runner.py:62: DeprecationWarning: This process (pid=2495) is multi-threaded, use of fork() may lead to deadlocks in the child.
  pid = os.fork()

[2026-06-07T18:02:34.152+0000] {standard_task_runner.py:64} INFO - Started process 2504 to run task
[2026-06-07T18:02:34.152+0000] {standard_task_runner.py:90} INFO - Running: ['***', 'tasks', 'run', 'spark_cluster_run_sales_etl', 'run_spark', 'manual__2026-06-07T18:02:17.884106+00:00', '--job-id', '13', '--raw', '--subdir', 'DAGS_FOLDER/spark_cluster_run_sales_etl.py', '--cfg-path', '/tmp/tmpvorzgvec']
[2026-06-07T18:02:34.154+0000] {standard_task_runner.py:91} INFO - Job 13: Subtask run_spark
[2026-06-07T18:02:34.195+0000] {task_command.py:426} INFO - Running <TaskInstance: spark_cluster_run_sales_etl.run_spark manual__2026-06-07T18:02:17.884106+00:00 [running]> on host 626747883bb5
[2026-06-07T18:02:34.269+0000] {taskinstance.py:2648} INFO - Exporting env vars: AIRFLOW_CTX_DAG_OWNER='***' AIRFLOW_CTX_DAG_ID='spark_cluster_run_sales_etl' AIRFLOW_CTX_TASK_ID='run_spark' AIRFLOW_CTX_EXECUTION_DATE='2026-06-07T18:02:17.884106+00:00' AIRFLOW_CTX_TRY_NUMBER='1' AIRFLOW_CTX_DAG_RUN_ID='manual__2026-06-07T18:02:17.884106+00:00'
[2026-06-07T18:02:34.270+0000] {taskinstance.py:430} INFO - ::endgroup::
[2026-06-07T18:02:34.299+0000] {subprocess.py:63} INFO - Tmp dir root location: /tmp
[2026-06-07T18:02:34.300+0000] {subprocess.py:75} INFO - Running command: ['/usr/bin/bash', '-c', '\n                        docker exec -i spark-master                         /opt/spark/bin/spark-submit                         --master spark://spark-master:7077                         --total-executor-cores 1                         --executor-memory 512m                         /jobs/scripts/sales_etl.py\n                    ']
[2026-06-07T18:02:34.327+0000] {subprocess.py:86} INFO - Output:
[2026-06-07T18:02:35.323+0000] {subprocess.py:93} INFO - WARNING: Using incubator modules: jdk.incubator.vector
[2026-06-07T18:02:39.357+0000] {subprocess.py:93} INFO - Traceback (most recent call last):
[2026-06-07T18:02:39.359+0000] {subprocess.py:93} INFO -   File "/jobs/scripts/sales_etl.py", line 4, in <module>
[2026-06-07T18:02:39.359+0000] {subprocess.py:93} INFO -     from delta import configure_spark_with_delta_pip
[2026-06-07T18:02:39.360+0000] {subprocess.py:93} INFO - ModuleNotFoundError: No module named 'delta'
[2026-06-07T18:02:39.613+0000] {subprocess.py:97} INFO - Command exited with return code 1
[2026-06-07T18:02:39.614+0000] {taskinstance.py:441} INFO - ::group::Post task execution logs
[2026-06-07T18:02:39.622+0000] {taskinstance.py:2905} ERROR - Task failed with exception
Traceback (most recent call last):
  File "/home/airflow/.local/lib/python3.12/site-packages/airflow/models/taskinstance.py", line 465, in _execute_task
    result = _execute_callable(context=context, **execute_callable_kwargs)
             ^^^^^^^^^^^^^^^^^^^^^^^^^^^^^^^^^^^^^^^^^^^^^^^^^^^^^^^^^^^^^
  File "/home/airflow/.local/lib/python3.12/site-packages/airflow/models/taskinstance.py", line 432, in _execute_callable
    return execute_callable(context=context, **execute_callable_kwargs)
           ^^^^^^^^^^^^^^^^^^^^^^^^^^^^^^^^^^^^^^^^^^^^^^^^^^^^^^^^^^^^
  File "/home/airflow/.local/lib/python3.12/site-packages/airflow/models/baseoperator.py", line 401, in wrapper
    return func(self, *args, **kwargs)
           ^^^^^^^^^^^^^^^^^^^^^^^^^^^
  File "/home/airflow/.local/lib/python3.12/site-packages/airflow/operators/bash.py", line 243, in execute
    raise AirflowException(
airflow.exceptions.AirflowException: Bash command failed. The command returned a non-zero exit code 1.
[2026-06-07T18:02:39.637+0000] {taskinstance.py:1206} INFO - Marking task as FAILED. dag_id=spark_cluster_run_sales_etl, task_id=run_spark, run_id=manual__2026-06-07T18:02:17.884106+00:00, execution_date=20260607T180217, start_date=20260607T180234, end_date=20260607T180239
[2026-06-07T18:02:39.648+0000] {standard_task_runner.py:110} ERROR - Failed to execute job 13 for task run_spark (Bash command failed. The command returned a non-zero exit code 1.; 2504)
[2026-06-07T18:02:39.677+0000] {local_task_job_runner.py:243} INFO - Task exited with return code 1
[2026-06-07T18:02:39.689+0000] {taskinstance.py:3503} INFO - 0 downstream tasks scheduled from follow-on schedule check
[2026-06-07T18:02:39.692+0000] {local_task_job_runner.py:222} INFO - ::endgroup::
