[2026-05-08T15:39:24.104+0000] {processor.py:161} INFO - Started process (PID=54) to work on /home/airflow/.local/lib/python3.12/site-packages/airflow/example_dags/example_latest_only_with_trigger.py
[2026-05-08T15:39:24.105+0000] {processor.py:830} INFO - Processing file /home/airflow/.local/lib/python3.12/site-packages/airflow/example_dags/example_latest_only_with_trigger.py for tasks to queue
[2026-05-08T15:39:24.107+0000] {logging_mixin.py:188} INFO - [2026-05-08T15:39:24.106+0000] {dagbag.py:545} INFO - Filling up the DagBag from /home/airflow/.local/lib/python3.12/site-packages/airflow/example_dags/example_latest_only_with_trigger.py
[2026-05-08T15:39:24.115+0000] {processor.py:840} INFO - DAG(s) 'latest_only_with_trigger' retrieved from /home/airflow/.local/lib/python3.12/site-packages/airflow/example_dags/example_latest_only_with_trigger.py
[2026-05-08T15:39:24.160+0000] {logging_mixin.py:188} INFO - [2026-05-08T15:39:24.160+0000] {dag.py:3089} INFO - Sync 1 DAGs
[2026-05-08T15:39:24.183+0000] {logging_mixin.py:188} INFO - [2026-05-08T15:39:24.182+0000] {dag.py:3947} INFO - Setting next_dagrun for latest_only_with_trigger to 2026-05-08 08:00:00+00:00, run_after=2026-05-08 12:00:00+00:00
[2026-05-08T15:39:24.216+0000] {processor.py:183} INFO - Processing /home/airflow/.local/lib/python3.12/site-packages/airflow/example_dags/example_latest_only_with_trigger.py took 0.117 seconds
[2026-05-08T15:39:54.773+0000] {processor.py:161} INFO - Started process (PID=112) to work on /home/airflow/.local/lib/python3.12/site-packages/airflow/example_dags/example_latest_only_with_trigger.py
[2026-05-08T15:39:54.773+0000] {processor.py:830} INFO - Processing file /home/airflow/.local/lib/python3.12/site-packages/airflow/example_dags/example_latest_only_with_trigger.py for tasks to queue
[2026-05-08T15:39:54.774+0000] {logging_mixin.py:188} INFO - [2026-05-08T15:39:54.774+0000] {dagbag.py:545} INFO - Filling up the DagBag from /home/airflow/.local/lib/python3.12/site-packages/airflow/example_dags/example_latest_only_with_trigger.py
[2026-05-08T15:39:54.779+0000] {processor.py:840} INFO - DAG(s) 'latest_only_with_trigger' retrieved from /home/airflow/.local/lib/python3.12/site-packages/airflow/example_dags/example_latest_only_with_trigger.py
[2026-05-08T15:39:54.798+0000] {logging_mixin.py:188} INFO - [2026-05-08T15:39:54.798+0000] {dag.py:3089} INFO - Sync 1 DAGs
[2026-05-08T15:39:54.818+0000] {logging_mixin.py:188} INFO - [2026-05-08T15:39:54.818+0000] {dag.py:3947} INFO - Setting next_dagrun for latest_only_with_trigger to 2026-05-08 08:00:00+00:00, run_after=2026-05-08 12:00:00+00:00
[2026-05-08T15:39:54.835+0000] {processor.py:183} INFO - Processing /home/airflow/.local/lib/python3.12/site-packages/airflow/example_dags/example_latest_only_with_trigger.py took 0.068 seconds
[2026-05-08T15:40:25.284+0000] {processor.py:161} INFO - Started process (PID=170) to work on /home/airflow/.local/lib/python3.12/site-packages/airflow/example_dags/example_latest_only_with_trigger.py
[2026-05-08T15:40:25.285+0000] {processor.py:830} INFO - Processing file /home/airflow/.local/lib/python3.12/site-packages/airflow/example_dags/example_latest_only_with_trigger.py for tasks to queue
[2026-05-08T15:40:25.286+0000] {logging_mixin.py:188} INFO - [2026-05-08T15:40:25.286+0000] {dagbag.py:545} INFO - Filling up the DagBag from /home/airflow/.local/lib/python3.12/site-packages/airflow/example_dags/example_latest_only_with_trigger.py
[2026-05-08T15:40:25.290+0000] {processor.py:840} INFO - DAG(s) 'latest_only_with_trigger' retrieved from /home/airflow/.local/lib/python3.12/site-packages/airflow/example_dags/example_latest_only_with_trigger.py
[2026-05-08T15:40:25.308+0000] {logging_mixin.py:188} INFO - [2026-05-08T15:40:25.307+0000] {dag.py:3089} INFO - Sync 1 DAGs
[2026-05-08T15:40:25.326+0000] {logging_mixin.py:188} INFO - [2026-05-08T15:40:25.326+0000] {dag.py:3947} INFO - Setting next_dagrun for latest_only_with_trigger to 2026-05-08 08:00:00+00:00, run_after=2026-05-08 12:00:00+00:00
[2026-05-08T15:40:25.342+0000] {processor.py:183} INFO - Processing /home/airflow/.local/lib/python3.12/site-packages/airflow/example_dags/example_latest_only_with_trigger.py took 0.064 seconds
[2026-05-08T15:40:55.410+0000] {processor.py:161} INFO - Started process (PID=228) to work on /home/airflow/.local/lib/python3.12/site-packages/airflow/example_dags/example_latest_only_with_trigger.py
[2026-05-08T15:40:55.410+0000] {processor.py:830} INFO - Processing file /home/airflow/.local/lib/python3.12/site-packages/airflow/example_dags/example_latest_only_with_trigger.py for tasks to queue
[2026-05-08T15:40:55.412+0000] {logging_mixin.py:188} INFO - [2026-05-08T15:40:55.412+0000] {dagbag.py:545} INFO - Filling up the DagBag from /home/airflow/.local/lib/python3.12/site-packages/airflow/example_dags/example_latest_only_with_trigger.py
[2026-05-08T15:40:55.417+0000] {processor.py:840} INFO - DAG(s) 'latest_only_with_trigger' retrieved from /home/airflow/.local/lib/python3.12/site-packages/airflow/example_dags/example_latest_only_with_trigger.py
[2026-05-08T15:40:55.433+0000] {logging_mixin.py:188} INFO - [2026-05-08T15:40:55.433+0000] {dag.py:3089} INFO - Sync 1 DAGs
[2026-05-08T15:40:55.453+0000] {logging_mixin.py:188} INFO - [2026-05-08T15:40:55.453+0000] {dag.py:3947} INFO - Setting next_dagrun for latest_only_with_trigger to 2026-05-08 08:00:00+00:00, run_after=2026-05-08 12:00:00+00:00
[2026-05-08T15:40:55.468+0000] {processor.py:183} INFO - Processing /home/airflow/.local/lib/python3.12/site-packages/airflow/example_dags/example_latest_only_with_trigger.py took 0.063 seconds
[2026-05-08T15:41:25.787+0000] {processor.py:161} INFO - Started process (PID=286) to work on /home/airflow/.local/lib/python3.12/site-packages/airflow/example_dags/example_latest_only_with_trigger.py
[2026-05-08T15:41:25.788+0000] {processor.py:830} INFO - Processing file /home/airflow/.local/lib/python3.12/site-packages/airflow/example_dags/example_latest_only_with_trigger.py for tasks to queue
[2026-05-08T15:41:25.789+0000] {logging_mixin.py:188} INFO - [2026-05-08T15:41:25.789+0000] {dagbag.py:545} INFO - Filling up the DagBag from /home/airflow/.local/lib/python3.12/site-packages/airflow/example_dags/example_latest_only_with_trigger.py
[2026-05-08T15:41:25.794+0000] {processor.py:840} INFO - DAG(s) 'latest_only_with_trigger' retrieved from /home/airflow/.local/lib/python3.12/site-packages/airflow/example_dags/example_latest_only_with_trigger.py
[2026-05-08T15:41:25.812+0000] {logging_mixin.py:188} INFO - [2026-05-08T15:41:25.812+0000] {dag.py:3089} INFO - Sync 1 DAGs
[2026-05-08T15:41:25.833+0000] {logging_mixin.py:188} INFO - [2026-05-08T15:41:25.833+0000] {dag.py:3947} INFO - Setting next_dagrun for latest_only_with_trigger to 2026-05-08 08:00:00+00:00, run_after=2026-05-08 12:00:00+00:00
[2026-05-08T15:41:25.849+0000] {processor.py:183} INFO - Processing /home/airflow/.local/lib/python3.12/site-packages/airflow/example_dags/example_latest_only_with_trigger.py took 0.066 seconds
[2026-05-08T15:41:56.076+0000] {processor.py:161} INFO - Started process (PID=344) to work on /home/airflow/.local/lib/python3.12/site-packages/airflow/example_dags/example_latest_only_with_trigger.py
[2026-05-08T15:41:56.077+0000] {processor.py:830} INFO - Processing file /home/airflow/.local/lib/python3.12/site-packages/airflow/example_dags/example_latest_only_with_trigger.py for tasks to queue
[2026-05-08T15:41:56.078+0000] {logging_mixin.py:188} INFO - [2026-05-08T15:41:56.078+0000] {dagbag.py:545} INFO - Filling up the DagBag from /home/airflow/.local/lib/python3.12/site-packages/airflow/example_dags/example_latest_only_with_trigger.py
[2026-05-08T15:41:56.083+0000] {processor.py:840} INFO - DAG(s) 'latest_only_with_trigger' retrieved from /home/airflow/.local/lib/python3.12/site-packages/airflow/example_dags/example_latest_only_with_trigger.py
[2026-05-08T15:41:56.100+0000] {logging_mixin.py:188} INFO - [2026-05-08T15:41:56.100+0000] {dag.py:3089} INFO - Sync 1 DAGs
[2026-05-08T15:41:56.120+0000] {logging_mixin.py:188} INFO - [2026-05-08T15:41:56.119+0000] {dag.py:3947} INFO - Setting next_dagrun for latest_only_with_trigger to 2026-05-08 08:00:00+00:00, run_after=2026-05-08 12:00:00+00:00
[2026-05-08T15:41:56.135+0000] {processor.py:183} INFO - Processing /home/airflow/.local/lib/python3.12/site-packages/airflow/example_dags/example_latest_only_with_trigger.py took 0.064 seconds
[2026-05-08T15:42:26.693+0000] {processor.py:161} INFO - Started process (PID=407) to work on /home/airflow/.local/lib/python3.12/site-packages/airflow/example_dags/example_latest_only_with_trigger.py
[2026-05-08T15:42:26.698+0000] {processor.py:830} INFO - Processing file /home/airflow/.local/lib/python3.12/site-packages/airflow/example_dags/example_latest_only_with_trigger.py for tasks to queue
[2026-05-08T15:42:26.700+0000] {logging_mixin.py:188} INFO - [2026-05-08T15:42:26.699+0000] {dagbag.py:545} INFO - Filling up the DagBag from /home/airflow/.local/lib/python3.12/site-packages/airflow/example_dags/example_latest_only_with_trigger.py
[2026-05-08T15:42:26.704+0000] {processor.py:840} INFO - DAG(s) 'latest_only_with_trigger' retrieved from /home/airflow/.local/lib/python3.12/site-packages/airflow/example_dags/example_latest_only_with_trigger.py
[2026-05-08T15:42:26.722+0000] {logging_mixin.py:188} INFO - [2026-05-08T15:42:26.722+0000] {dag.py:3089} INFO - Sync 1 DAGs
[2026-05-08T15:42:26.742+0000] {logging_mixin.py:188} INFO - [2026-05-08T15:42:26.741+0000] {dag.py:3947} INFO - Setting next_dagrun for latest_only_with_trigger to 2026-05-08 08:00:00+00:00, run_after=2026-05-08 12:00:00+00:00
[2026-05-08T15:42:26.758+0000] {processor.py:183} INFO - Processing /home/airflow/.local/lib/python3.12/site-packages/airflow/example_dags/example_latest_only_with_trigger.py took 0.070 seconds
[2026-05-08T15:42:57.253+0000] {processor.py:161} INFO - Started process (PID=465) to work on /home/airflow/.local/lib/python3.12/site-packages/airflow/example_dags/example_latest_only_with_trigger.py
[2026-05-08T15:42:57.254+0000] {processor.py:830} INFO - Processing file /home/airflow/.local/lib/python3.12/site-packages/airflow/example_dags/example_latest_only_with_trigger.py for tasks to queue
[2026-05-08T15:42:57.255+0000] {logging_mixin.py:188} INFO - [2026-05-08T15:42:57.255+0000] {dagbag.py:545} INFO - Filling up the DagBag from /home/airflow/.local/lib/python3.12/site-packages/airflow/example_dags/example_latest_only_with_trigger.py
[2026-05-08T15:42:57.260+0000] {processor.py:840} INFO - DAG(s) 'latest_only_with_trigger' retrieved from /home/airflow/.local/lib/python3.12/site-packages/airflow/example_dags/example_latest_only_with_trigger.py
[2026-05-08T15:42:57.277+0000] {logging_mixin.py:188} INFO - [2026-05-08T15:42:57.277+0000] {dag.py:3089} INFO - Sync 1 DAGs
[2026-05-08T15:42:57.297+0000] {logging_mixin.py:188} INFO - [2026-05-08T15:42:57.297+0000] {dag.py:3947} INFO - Setting next_dagrun for latest_only_with_trigger to 2026-05-08 08:00:00+00:00, run_after=2026-05-08 12:00:00+00:00
[2026-05-08T15:42:57.313+0000] {processor.py:183} INFO - Processing /home/airflow/.local/lib/python3.12/site-packages/airflow/example_dags/example_latest_only_with_trigger.py took 0.065 seconds
[2026-05-08T15:43:27.687+0000] {processor.py:161} INFO - Started process (PID=523) to work on /home/airflow/.local/lib/python3.12/site-packages/airflow/example_dags/example_latest_only_with_trigger.py
[2026-05-08T15:43:27.688+0000] {processor.py:830} INFO - Processing file /home/airflow/.local/lib/python3.12/site-packages/airflow/example_dags/example_latest_only_with_trigger.py for tasks to queue
[2026-05-08T15:43:27.690+0000] {logging_mixin.py:188} INFO - [2026-05-08T15:43:27.689+0000] {dagbag.py:545} INFO - Filling up the DagBag from /home/airflow/.local/lib/python3.12/site-packages/airflow/example_dags/example_latest_only_with_trigger.py
[2026-05-08T15:43:27.694+0000] {processor.py:840} INFO - DAG(s) 'latest_only_with_trigger' retrieved from /home/airflow/.local/lib/python3.12/site-packages/airflow/example_dags/example_latest_only_with_trigger.py
[2026-05-08T15:43:27.712+0000] {logging_mixin.py:188} INFO - [2026-05-08T15:43:27.711+0000] {dag.py:3089} INFO - Sync 1 DAGs
[2026-05-08T15:43:27.731+0000] {logging_mixin.py:188} INFO - [2026-05-08T15:43:27.731+0000] {dag.py:3947} INFO - Setting next_dagrun for latest_only_with_trigger to 2026-05-08 08:00:00+00:00, run_after=2026-05-08 12:00:00+00:00
[2026-05-08T15:43:27.747+0000] {processor.py:183} INFO - Processing /home/airflow/.local/lib/python3.12/site-packages/airflow/example_dags/example_latest_only_with_trigger.py took 0.065 seconds
[2026-05-08T15:43:58.111+0000] {processor.py:161} INFO - Started process (PID=581) to work on /home/airflow/.local/lib/python3.12/site-packages/airflow/example_dags/example_latest_only_with_trigger.py
[2026-05-08T15:43:58.112+0000] {processor.py:830} INFO - Processing file /home/airflow/.local/lib/python3.12/site-packages/airflow/example_dags/example_latest_only_with_trigger.py for tasks to queue
[2026-05-08T15:43:58.113+0000] {logging_mixin.py:188} INFO - [2026-05-08T15:43:58.113+0000] {dagbag.py:545} INFO - Filling up the DagBag from /home/airflow/.local/lib/python3.12/site-packages/airflow/example_dags/example_latest_only_with_trigger.py
[2026-05-08T15:43:58.118+0000] {processor.py:840} INFO - DAG(s) 'latest_only_with_trigger' retrieved from /home/airflow/.local/lib/python3.12/site-packages/airflow/example_dags/example_latest_only_with_trigger.py
[2026-05-08T15:43:58.135+0000] {logging_mixin.py:188} INFO - [2026-05-08T15:43:58.135+0000] {dag.py:3089} INFO - Sync 1 DAGs
[2026-05-08T15:43:58.156+0000] {logging_mixin.py:188} INFO - [2026-05-08T15:43:58.156+0000] {dag.py:3947} INFO - Setting next_dagrun for latest_only_with_trigger to 2026-05-08 08:00:00+00:00, run_after=2026-05-08 12:00:00+00:00
[2026-05-08T15:43:58.171+0000] {processor.py:183} INFO - Processing /home/airflow/.local/lib/python3.12/site-packages/airflow/example_dags/example_latest_only_with_trigger.py took 0.065 seconds
[2026-05-08T15:44:28.713+0000] {processor.py:161} INFO - Started process (PID=639) to work on /home/airflow/.local/lib/python3.12/site-packages/airflow/example_dags/example_latest_only_with_trigger.py
[2026-05-08T15:44:28.715+0000] {processor.py:830} INFO - Processing file /home/airflow/.local/lib/python3.12/site-packages/airflow/example_dags/example_latest_only_with_trigger.py for tasks to queue
[2026-05-08T15:44:28.717+0000] {logging_mixin.py:188} INFO - [2026-05-08T15:44:28.716+0000] {dagbag.py:545} INFO - Filling up the DagBag from /home/airflow/.local/lib/python3.12/site-packages/airflow/example_dags/example_latest_only_with_trigger.py
[2026-05-08T15:44:28.721+0000] {processor.py:840} INFO - DAG(s) 'latest_only_with_trigger' retrieved from /home/airflow/.local/lib/python3.12/site-packages/airflow/example_dags/example_latest_only_with_trigger.py
[2026-05-08T15:44:28.738+0000] {logging_mixin.py:188} INFO - [2026-05-08T15:44:28.738+0000] {dag.py:3089} INFO - Sync 1 DAGs
[2026-05-08T15:44:28.758+0000] {logging_mixin.py:188} INFO - [2026-05-08T15:44:28.758+0000] {dag.py:3947} INFO - Setting next_dagrun for latest_only_with_trigger to 2026-05-08 08:00:00+00:00, run_after=2026-05-08 12:00:00+00:00
[2026-05-08T15:44:28.782+0000] {processor.py:183} INFO - Processing /home/airflow/.local/lib/python3.12/site-packages/airflow/example_dags/example_latest_only_with_trigger.py took 0.073 seconds
[2026-05-08T15:44:59.161+0000] {processor.py:161} INFO - Started process (PID=697) to work on /home/airflow/.local/lib/python3.12/site-packages/airflow/example_dags/example_latest_only_with_trigger.py
[2026-05-08T15:44:59.162+0000] {processor.py:830} INFO - Processing file /home/airflow/.local/lib/python3.12/site-packages/airflow/example_dags/example_latest_only_with_trigger.py for tasks to queue
[2026-05-08T15:44:59.163+0000] {logging_mixin.py:188} INFO - [2026-05-08T15:44:59.163+0000] {dagbag.py:545} INFO - Filling up the DagBag from /home/airflow/.local/lib/python3.12/site-packages/airflow/example_dags/example_latest_only_with_trigger.py
[2026-05-08T15:44:59.167+0000] {processor.py:840} INFO - DAG(s) 'latest_only_with_trigger' retrieved from /home/airflow/.local/lib/python3.12/site-packages/airflow/example_dags/example_latest_only_with_trigger.py
[2026-05-08T15:44:59.185+0000] {logging_mixin.py:188} INFO - [2026-05-08T15:44:59.185+0000] {dag.py:3089} INFO - Sync 1 DAGs
[2026-05-08T15:44:59.205+0000] {logging_mixin.py:188} INFO - [2026-05-08T15:44:59.205+0000] {dag.py:3947} INFO - Setting next_dagrun for latest_only_with_trigger to 2026-05-08 08:00:00+00:00, run_after=2026-05-08 12:00:00+00:00
[2026-05-08T15:44:59.221+0000] {processor.py:183} INFO - Processing /home/airflow/.local/lib/python3.12/site-packages/airflow/example_dags/example_latest_only_with_trigger.py took 0.064 seconds
[2026-05-08T15:45:29.905+0000] {processor.py:161} INFO - Started process (PID=755) to work on /home/airflow/.local/lib/python3.12/site-packages/airflow/example_dags/example_latest_only_with_trigger.py
[2026-05-08T15:45:29.906+0000] {processor.py:830} INFO - Processing file /home/airflow/.local/lib/python3.12/site-packages/airflow/example_dags/example_latest_only_with_trigger.py for tasks to queue
[2026-05-08T15:45:29.907+0000] {logging_mixin.py:188} INFO - [2026-05-08T15:45:29.907+0000] {dagbag.py:545} INFO - Filling up the DagBag from /home/airflow/.local/lib/python3.12/site-packages/airflow/example_dags/example_latest_only_with_trigger.py
[2026-05-08T15:45:29.912+0000] {processor.py:840} INFO - DAG(s) 'latest_only_with_trigger' retrieved from /home/airflow/.local/lib/python3.12/site-packages/airflow/example_dags/example_latest_only_with_trigger.py
[2026-05-08T15:45:29.930+0000] {logging_mixin.py:188} INFO - [2026-05-08T15:45:29.930+0000] {dag.py:3089} INFO - Sync 1 DAGs
[2026-05-08T15:45:29.949+0000] {logging_mixin.py:188} INFO - [2026-05-08T15:45:29.949+0000] {dag.py:3947} INFO - Setting next_dagrun for latest_only_with_trigger to 2026-05-08 08:00:00+00:00, run_after=2026-05-08 12:00:00+00:00
[2026-05-08T15:45:29.965+0000] {processor.py:183} INFO - Processing /home/airflow/.local/lib/python3.12/site-packages/airflow/example_dags/example_latest_only_with_trigger.py took 0.065 seconds
[2026-05-08T15:46:00.533+0000] {processor.py:161} INFO - Started process (PID=813) to work on /home/airflow/.local/lib/python3.12/site-packages/airflow/example_dags/example_latest_only_with_trigger.py
[2026-05-08T15:46:00.534+0000] {processor.py:830} INFO - Processing file /home/airflow/.local/lib/python3.12/site-packages/airflow/example_dags/example_latest_only_with_trigger.py for tasks to queue
[2026-05-08T15:46:00.535+0000] {logging_mixin.py:188} INFO - [2026-05-08T15:46:00.535+0000] {dagbag.py:545} INFO - Filling up the DagBag from /home/airflow/.local/lib/python3.12/site-packages/airflow/example_dags/example_latest_only_with_trigger.py
[2026-05-08T15:46:00.540+0000] {processor.py:840} INFO - DAG(s) 'latest_only_with_trigger' retrieved from /home/airflow/.local/lib/python3.12/site-packages/airflow/example_dags/example_latest_only_with_trigger.py
[2026-05-08T15:46:00.558+0000] {logging_mixin.py:188} INFO - [2026-05-08T15:46:00.558+0000] {dag.py:3089} INFO - Sync 1 DAGs
[2026-05-08T15:46:00.578+0000] {logging_mixin.py:188} INFO - [2026-05-08T15:46:00.578+0000] {dag.py:3947} INFO - Setting next_dagrun for latest_only_with_trigger to 2026-05-08 08:00:00+00:00, run_after=2026-05-08 12:00:00+00:00
[2026-05-08T15:46:00.595+0000] {processor.py:183} INFO - Processing /home/airflow/.local/lib/python3.12/site-packages/airflow/example_dags/example_latest_only_with_trigger.py took 0.068 seconds
[2026-05-08T15:46:31.223+0000] {processor.py:161} INFO - Started process (PID=871) to work on /home/airflow/.local/lib/python3.12/site-packages/airflow/example_dags/example_latest_only_with_trigger.py
[2026-05-08T15:46:31.224+0000] {processor.py:830} INFO - Processing file /home/airflow/.local/lib/python3.12/site-packages/airflow/example_dags/example_latest_only_with_trigger.py for tasks to queue
[2026-05-08T15:46:31.225+0000] {logging_mixin.py:188} INFO - [2026-05-08T15:46:31.225+0000] {dagbag.py:545} INFO - Filling up the DagBag from /home/airflow/.local/lib/python3.12/site-packages/airflow/example_dags/example_latest_only_with_trigger.py
[2026-05-08T15:46:31.230+0000] {processor.py:840} INFO - DAG(s) 'latest_only_with_trigger' retrieved from /home/airflow/.local/lib/python3.12/site-packages/airflow/example_dags/example_latest_only_with_trigger.py
[2026-05-08T15:46:31.250+0000] {logging_mixin.py:188} INFO - [2026-05-08T15:46:31.249+0000] {dag.py:3089} INFO - Sync 1 DAGs
[2026-05-08T15:46:31.271+0000] {logging_mixin.py:188} INFO - [2026-05-08T15:46:31.270+0000] {dag.py:3947} INFO - Setting next_dagrun for latest_only_with_trigger to 2026-05-08 08:00:00+00:00, run_after=2026-05-08 12:00:00+00:00
[2026-05-08T15:46:31.288+0000] {processor.py:183} INFO - Processing /home/airflow/.local/lib/python3.12/site-packages/airflow/example_dags/example_latest_only_with_trigger.py took 0.070 seconds
[2026-05-08T15:47:01.855+0000] {processor.py:161} INFO - Started process (PID=929) to work on /home/airflow/.local/lib/python3.12/site-packages/airflow/example_dags/example_latest_only_with_trigger.py
[2026-05-08T15:47:01.856+0000] {processor.py:830} INFO - Processing file /home/airflow/.local/lib/python3.12/site-packages/airflow/example_dags/example_latest_only_with_trigger.py for tasks to queue
[2026-05-08T15:47:01.859+0000] {logging_mixin.py:188} INFO - [2026-05-08T15:47:01.858+0000] {dagbag.py:545} INFO - Filling up the DagBag from /home/airflow/.local/lib/python3.12/site-packages/airflow/example_dags/example_latest_only_with_trigger.py
[2026-05-08T15:47:01.863+0000] {processor.py:840} INFO - DAG(s) 'latest_only_with_trigger' retrieved from /home/airflow/.local/lib/python3.12/site-packages/airflow/example_dags/example_latest_only_with_trigger.py
[2026-05-08T15:47:01.881+0000] {logging_mixin.py:188} INFO - [2026-05-08T15:47:01.881+0000] {dag.py:3089} INFO - Sync 1 DAGs
[2026-05-08T15:47:01.901+0000] {logging_mixin.py:188} INFO - [2026-05-08T15:47:01.901+0000] {dag.py:3947} INFO - Setting next_dagrun for latest_only_with_trigger to 2026-05-08 08:00:00+00:00, run_after=2026-05-08 12:00:00+00:00
[2026-05-08T15:47:01.917+0000] {processor.py:183} INFO - Processing /home/airflow/.local/lib/python3.12/site-packages/airflow/example_dags/example_latest_only_with_trigger.py took 0.067 seconds
[2026-05-08T15:47:32.029+0000] {processor.py:161} INFO - Started process (PID=987) to work on /home/airflow/.local/lib/python3.12/site-packages/airflow/example_dags/example_latest_only_with_trigger.py
[2026-05-08T15:47:32.030+0000] {processor.py:830} INFO - Processing file /home/airflow/.local/lib/python3.12/site-packages/airflow/example_dags/example_latest_only_with_trigger.py for tasks to queue
[2026-05-08T15:47:32.032+0000] {logging_mixin.py:188} INFO - [2026-05-08T15:47:32.031+0000] {dagbag.py:545} INFO - Filling up the DagBag from /home/airflow/.local/lib/python3.12/site-packages/airflow/example_dags/example_latest_only_with_trigger.py
[2026-05-08T15:47:32.036+0000] {processor.py:840} INFO - DAG(s) 'latest_only_with_trigger' retrieved from /home/airflow/.local/lib/python3.12/site-packages/airflow/example_dags/example_latest_only_with_trigger.py
[2026-05-08T15:47:32.053+0000] {logging_mixin.py:188} INFO - [2026-05-08T15:47:32.053+0000] {dag.py:3089} INFO - Sync 1 DAGs
[2026-05-08T15:47:32.072+0000] {logging_mixin.py:188} INFO - [2026-05-08T15:47:32.072+0000] {dag.py:3947} INFO - Setting next_dagrun for latest_only_with_trigger to 2026-05-08 08:00:00+00:00, run_after=2026-05-08 12:00:00+00:00
[2026-05-08T15:47:32.088+0000] {processor.py:183} INFO - Processing /home/airflow/.local/lib/python3.12/site-packages/airflow/example_dags/example_latest_only_with_trigger.py took 0.064 seconds
[2026-05-08T15:48:03.649+0000] {processor.py:161} INFO - Started process (PID=1046) to work on /home/airflow/.local/lib/python3.12/site-packages/airflow/example_dags/example_latest_only_with_trigger.py
[2026-05-08T15:48:03.650+0000] {processor.py:830} INFO - Processing file /home/airflow/.local/lib/python3.12/site-packages/airflow/example_dags/example_latest_only_with_trigger.py for tasks to queue
[2026-05-08T15:48:03.846+0000] {logging_mixin.py:188} INFO - [2026-05-08T15:48:03.651+0000] {dagbag.py:545} INFO - Filling up the DagBag from /home/airflow/.local/lib/python3.12/site-packages/airflow/example_dags/example_latest_only_with_trigger.py
[2026-05-08T15:48:03.903+0000] {processor.py:840} INFO - DAG(s) 'latest_only_with_trigger' retrieved from /home/airflow/.local/lib/python3.12/site-packages/airflow/example_dags/example_latest_only_with_trigger.py
[2026-05-08T15:48:03.959+0000] {logging_mixin.py:188} INFO - [2026-05-08T15:48:03.959+0000] {dag.py:3089} INFO - Sync 1 DAGs
[2026-05-08T15:48:03.998+0000] {logging_mixin.py:188} INFO - [2026-05-08T15:48:03.998+0000] {dag.py:3947} INFO - Setting next_dagrun for latest_only_with_trigger to 2026-05-08 08:00:00+00:00, run_after=2026-05-08 12:00:00+00:00
[2026-05-08T15:48:04.093+0000] {processor.py:183} INFO - Processing /home/airflow/.local/lib/python3.12/site-packages/airflow/example_dags/example_latest_only_with_trigger.py took 0.448 seconds
[2026-05-08T15:48:34.533+0000] {processor.py:161} INFO - Started process (PID=1104) to work on /home/airflow/.local/lib/python3.12/site-packages/airflow/example_dags/example_latest_only_with_trigger.py
[2026-05-08T15:48:34.534+0000] {processor.py:830} INFO - Processing file /home/airflow/.local/lib/python3.12/site-packages/airflow/example_dags/example_latest_only_with_trigger.py for tasks to queue
[2026-05-08T15:48:34.536+0000] {logging_mixin.py:188} INFO - [2026-05-08T15:48:34.536+0000] {dagbag.py:545} INFO - Filling up the DagBag from /home/airflow/.local/lib/python3.12/site-packages/airflow/example_dags/example_latest_only_with_trigger.py
[2026-05-08T15:48:34.550+0000] {processor.py:840} INFO - DAG(s) 'latest_only_with_trigger' retrieved from /home/airflow/.local/lib/python3.12/site-packages/airflow/example_dags/example_latest_only_with_trigger.py
[2026-05-08T15:48:34.569+0000] {logging_mixin.py:188} INFO - [2026-05-08T15:48:34.569+0000] {dag.py:3089} INFO - Sync 1 DAGs
[2026-05-08T15:48:34.591+0000] {logging_mixin.py:188} INFO - [2026-05-08T15:48:34.591+0000] {dag.py:3947} INFO - Setting next_dagrun for latest_only_with_trigger to 2026-05-08 08:00:00+00:00, run_after=2026-05-08 12:00:00+00:00
[2026-05-08T15:48:34.695+0000] {processor.py:183} INFO - Processing /home/airflow/.local/lib/python3.12/site-packages/airflow/example_dags/example_latest_only_with_trigger.py took 0.167 seconds
[2026-05-08T15:49:26.371+0000] {processor.py:161} INFO - Started process (PID=54) to work on /home/airflow/.local/lib/python3.12/site-packages/airflow/example_dags/example_latest_only_with_trigger.py
[2026-05-08T15:49:26.372+0000] {processor.py:830} INFO - Processing file /home/airflow/.local/lib/python3.12/site-packages/airflow/example_dags/example_latest_only_with_trigger.py for tasks to queue
[2026-05-08T15:49:26.374+0000] {logging_mixin.py:188} INFO - [2026-05-08T15:49:26.373+0000] {dagbag.py:545} INFO - Filling up the DagBag from /home/airflow/.local/lib/python3.12/site-packages/airflow/example_dags/example_latest_only_with_trigger.py
[2026-05-08T15:49:26.380+0000] {processor.py:840} INFO - DAG(s) 'latest_only_with_trigger' retrieved from /home/airflow/.local/lib/python3.12/site-packages/airflow/example_dags/example_latest_only_with_trigger.py
[2026-05-08T15:49:26.404+0000] {logging_mixin.py:188} INFO - [2026-05-08T15:49:26.403+0000] {dag.py:3089} INFO - Sync 1 DAGs
[2026-05-08T15:49:26.423+0000] {logging_mixin.py:188} INFO - [2026-05-08T15:49:26.423+0000] {dag.py:3947} INFO - Setting next_dagrun for latest_only_with_trigger to 2026-05-08 08:00:00+00:00, run_after=2026-05-08 12:00:00+00:00
[2026-05-08T15:49:26.441+0000] {processor.py:183} INFO - Processing /home/airflow/.local/lib/python3.12/site-packages/airflow/example_dags/example_latest_only_with_trigger.py took 0.074 seconds
[2026-05-08T15:49:56.552+0000] {processor.py:161} INFO - Started process (PID=112) to work on /home/airflow/.local/lib/python3.12/site-packages/airflow/example_dags/example_latest_only_with_trigger.py
[2026-05-08T15:49:56.552+0000] {processor.py:830} INFO - Processing file /home/airflow/.local/lib/python3.12/site-packages/airflow/example_dags/example_latest_only_with_trigger.py for tasks to queue
[2026-05-08T15:49:56.553+0000] {logging_mixin.py:188} INFO - [2026-05-08T15:49:56.553+0000] {dagbag.py:545} INFO - Filling up the DagBag from /home/airflow/.local/lib/python3.12/site-packages/airflow/example_dags/example_latest_only_with_trigger.py
[2026-05-08T15:49:56.562+0000] {processor.py:840} INFO - DAG(s) 'latest_only_with_trigger' retrieved from /home/airflow/.local/lib/python3.12/site-packages/airflow/example_dags/example_latest_only_with_trigger.py
[2026-05-08T15:49:56.577+0000] {logging_mixin.py:188} INFO - [2026-05-08T15:49:56.577+0000] {dag.py:3089} INFO - Sync 1 DAGs
[2026-05-08T15:49:56.595+0000] {logging_mixin.py:188} INFO - [2026-05-08T15:49:56.594+0000] {dag.py:3947} INFO - Setting next_dagrun for latest_only_with_trigger to 2026-05-08 08:00:00+00:00, run_after=2026-05-08 12:00:00+00:00
[2026-05-08T15:49:56.611+0000] {processor.py:183} INFO - Processing /home/airflow/.local/lib/python3.12/site-packages/airflow/example_dags/example_latest_only_with_trigger.py took 0.064 seconds
[2026-05-08T15:50:26.659+0000] {processor.py:161} INFO - Started process (PID=170) to work on /home/airflow/.local/lib/python3.12/site-packages/airflow/example_dags/example_latest_only_with_trigger.py
[2026-05-08T15:50:26.660+0000] {processor.py:830} INFO - Processing file /home/airflow/.local/lib/python3.12/site-packages/airflow/example_dags/example_latest_only_with_trigger.py for tasks to queue
[2026-05-08T15:50:26.661+0000] {logging_mixin.py:188} INFO - [2026-05-08T15:50:26.661+0000] {dagbag.py:545} INFO - Filling up the DagBag from /home/airflow/.local/lib/python3.12/site-packages/airflow/example_dags/example_latest_only_with_trigger.py
[2026-05-08T15:50:26.665+0000] {processor.py:840} INFO - DAG(s) 'latest_only_with_trigger' retrieved from /home/airflow/.local/lib/python3.12/site-packages/airflow/example_dags/example_latest_only_with_trigger.py
[2026-05-08T15:50:26.681+0000] {logging_mixin.py:188} INFO - [2026-05-08T15:50:26.681+0000] {dag.py:3089} INFO - Sync 1 DAGs
[2026-05-08T15:50:26.700+0000] {logging_mixin.py:188} INFO - [2026-05-08T15:50:26.700+0000] {dag.py:3947} INFO - Setting next_dagrun for latest_only_with_trigger to 2026-05-08 08:00:00+00:00, run_after=2026-05-08 12:00:00+00:00
[2026-05-08T15:50:26.718+0000] {processor.py:183} INFO - Processing /home/airflow/.local/lib/python3.12/site-packages/airflow/example_dags/example_latest_only_with_trigger.py took 0.064 seconds
[2026-05-08T15:50:56.991+0000] {processor.py:161} INFO - Started process (PID=228) to work on /home/airflow/.local/lib/python3.12/site-packages/airflow/example_dags/example_latest_only_with_trigger.py
[2026-05-08T15:50:56.992+0000] {processor.py:830} INFO - Processing file /home/airflow/.local/lib/python3.12/site-packages/airflow/example_dags/example_latest_only_with_trigger.py for tasks to queue
[2026-05-08T15:50:56.993+0000] {logging_mixin.py:188} INFO - [2026-05-08T15:50:56.993+0000] {dagbag.py:545} INFO - Filling up the DagBag from /home/airflow/.local/lib/python3.12/site-packages/airflow/example_dags/example_latest_only_with_trigger.py
[2026-05-08T15:50:56.997+0000] {processor.py:840} INFO - DAG(s) 'latest_only_with_trigger' retrieved from /home/airflow/.local/lib/python3.12/site-packages/airflow/example_dags/example_latest_only_with_trigger.py
[2026-05-08T15:50:57.013+0000] {logging_mixin.py:188} INFO - [2026-05-08T15:50:57.013+0000] {dag.py:3089} INFO - Sync 1 DAGs
[2026-05-08T15:50:57.032+0000] {logging_mixin.py:188} INFO - [2026-05-08T15:50:57.031+0000] {dag.py:3947} INFO - Setting next_dagrun for latest_only_with_trigger to 2026-05-08 08:00:00+00:00, run_after=2026-05-08 12:00:00+00:00
[2026-05-08T15:50:57.046+0000] {processor.py:183} INFO - Processing /home/airflow/.local/lib/python3.12/site-packages/airflow/example_dags/example_latest_only_with_trigger.py took 0.060 seconds
[2026-05-08T15:51:27.270+0000] {processor.py:161} INFO - Started process (PID=286) to work on /home/airflow/.local/lib/python3.12/site-packages/airflow/example_dags/example_latest_only_with_trigger.py
[2026-05-08T15:51:27.271+0000] {processor.py:830} INFO - Processing file /home/airflow/.local/lib/python3.12/site-packages/airflow/example_dags/example_latest_only_with_trigger.py for tasks to queue
[2026-05-08T15:51:27.273+0000] {logging_mixin.py:188} INFO - [2026-05-08T15:51:27.272+0000] {dagbag.py:545} INFO - Filling up the DagBag from /home/airflow/.local/lib/python3.12/site-packages/airflow/example_dags/example_latest_only_with_trigger.py
[2026-05-08T15:51:27.277+0000] {processor.py:840} INFO - DAG(s) 'latest_only_with_trigger' retrieved from /home/airflow/.local/lib/python3.12/site-packages/airflow/example_dags/example_latest_only_with_trigger.py
[2026-05-08T15:51:27.294+0000] {logging_mixin.py:188} INFO - [2026-05-08T15:51:27.294+0000] {dag.py:3089} INFO - Sync 1 DAGs
[2026-05-08T15:51:27.313+0000] {logging_mixin.py:188} INFO - [2026-05-08T15:51:27.313+0000] {dag.py:3947} INFO - Setting next_dagrun for latest_only_with_trigger to 2026-05-08 08:00:00+00:00, run_after=2026-05-08 12:00:00+00:00
[2026-05-08T15:51:27.328+0000] {processor.py:183} INFO - Processing /home/airflow/.local/lib/python3.12/site-packages/airflow/example_dags/example_latest_only_with_trigger.py took 0.064 seconds
[2026-05-08T15:51:57.554+0000] {processor.py:161} INFO - Started process (PID=344) to work on /home/airflow/.local/lib/python3.12/site-packages/airflow/example_dags/example_latest_only_with_trigger.py
[2026-05-08T15:51:57.555+0000] {processor.py:830} INFO - Processing file /home/airflow/.local/lib/python3.12/site-packages/airflow/example_dags/example_latest_only_with_trigger.py for tasks to queue
[2026-05-08T15:51:57.556+0000] {logging_mixin.py:188} INFO - [2026-05-08T15:51:57.556+0000] {dagbag.py:545} INFO - Filling up the DagBag from /home/airflow/.local/lib/python3.12/site-packages/airflow/example_dags/example_latest_only_with_trigger.py
[2026-05-08T15:51:57.561+0000] {processor.py:840} INFO - DAG(s) 'latest_only_with_trigger' retrieved from /home/airflow/.local/lib/python3.12/site-packages/airflow/example_dags/example_latest_only_with_trigger.py
[2026-05-08T15:51:57.578+0000] {logging_mixin.py:188} INFO - [2026-05-08T15:51:57.577+0000] {dag.py:3089} INFO - Sync 1 DAGs
[2026-05-08T15:51:57.596+0000] {logging_mixin.py:188} INFO - [2026-05-08T15:51:57.596+0000] {dag.py:3947} INFO - Setting next_dagrun for latest_only_with_trigger to 2026-05-08 08:00:00+00:00, run_after=2026-05-08 12:00:00+00:00
[2026-05-08T15:51:57.611+0000] {processor.py:183} INFO - Processing /home/airflow/.local/lib/python3.12/site-packages/airflow/example_dags/example_latest_only_with_trigger.py took 0.062 seconds
[2026-05-08T15:52:28.040+0000] {processor.py:161} INFO - Started process (PID=402) to work on /home/airflow/.local/lib/python3.12/site-packages/airflow/example_dags/example_latest_only_with_trigger.py
[2026-05-08T15:52:28.042+0000] {processor.py:830} INFO - Processing file /home/airflow/.local/lib/python3.12/site-packages/airflow/example_dags/example_latest_only_with_trigger.py for tasks to queue
[2026-05-08T15:52:28.043+0000] {logging_mixin.py:188} INFO - [2026-05-08T15:52:28.043+0000] {dagbag.py:545} INFO - Filling up the DagBag from /home/airflow/.local/lib/python3.12/site-packages/airflow/example_dags/example_latest_only_with_trigger.py
[2026-05-08T15:52:28.047+0000] {processor.py:840} INFO - DAG(s) 'latest_only_with_trigger' retrieved from /home/airflow/.local/lib/python3.12/site-packages/airflow/example_dags/example_latest_only_with_trigger.py
[2026-05-08T15:52:28.064+0000] {logging_mixin.py:188} INFO - [2026-05-08T15:52:28.064+0000] {dag.py:3089} INFO - Sync 1 DAGs
[2026-05-08T15:52:28.083+0000] {logging_mixin.py:188} INFO - [2026-05-08T15:52:28.082+0000] {dag.py:3947} INFO - Setting next_dagrun for latest_only_with_trigger to 2026-05-08 08:00:00+00:00, run_after=2026-05-08 12:00:00+00:00
[2026-05-08T15:52:28.097+0000] {processor.py:183} INFO - Processing /home/airflow/.local/lib/python3.12/site-packages/airflow/example_dags/example_latest_only_with_trigger.py took 0.062 seconds
[2026-05-08T15:52:58.402+0000] {processor.py:161} INFO - Started process (PID=460) to work on /home/airflow/.local/lib/python3.12/site-packages/airflow/example_dags/example_latest_only_with_trigger.py
[2026-05-08T15:52:58.403+0000] {processor.py:830} INFO - Processing file /home/airflow/.local/lib/python3.12/site-packages/airflow/example_dags/example_latest_only_with_trigger.py for tasks to queue
[2026-05-08T15:52:58.404+0000] {logging_mixin.py:188} INFO - [2026-05-08T15:52:58.404+0000] {dagbag.py:545} INFO - Filling up the DagBag from /home/airflow/.local/lib/python3.12/site-packages/airflow/example_dags/example_latest_only_with_trigger.py
[2026-05-08T15:52:58.408+0000] {processor.py:840} INFO - DAG(s) 'latest_only_with_trigger' retrieved from /home/airflow/.local/lib/python3.12/site-packages/airflow/example_dags/example_latest_only_with_trigger.py
[2026-05-08T15:52:58.424+0000] {logging_mixin.py:188} INFO - [2026-05-08T15:52:58.424+0000] {dag.py:3089} INFO - Sync 1 DAGs
[2026-05-08T15:52:58.443+0000] {logging_mixin.py:188} INFO - [2026-05-08T15:52:58.443+0000] {dag.py:3947} INFO - Setting next_dagrun for latest_only_with_trigger to 2026-05-08 08:00:00+00:00, run_after=2026-05-08 12:00:00+00:00
[2026-05-08T15:52:58.458+0000] {processor.py:183} INFO - Processing /home/airflow/.local/lib/python3.12/site-packages/airflow/example_dags/example_latest_only_with_trigger.py took 0.060 seconds
[2026-05-08T15:53:28.799+0000] {processor.py:161} INFO - Started process (PID=518) to work on /home/airflow/.local/lib/python3.12/site-packages/airflow/example_dags/example_latest_only_with_trigger.py
[2026-05-08T15:53:28.800+0000] {processor.py:830} INFO - Processing file /home/airflow/.local/lib/python3.12/site-packages/airflow/example_dags/example_latest_only_with_trigger.py for tasks to queue
[2026-05-08T15:53:28.802+0000] {logging_mixin.py:188} INFO - [2026-05-08T15:53:28.801+0000] {dagbag.py:545} INFO - Filling up the DagBag from /home/airflow/.local/lib/python3.12/site-packages/airflow/example_dags/example_latest_only_with_trigger.py
[2026-05-08T15:53:28.806+0000] {processor.py:840} INFO - DAG(s) 'latest_only_with_trigger' retrieved from /home/airflow/.local/lib/python3.12/site-packages/airflow/example_dags/example_latest_only_with_trigger.py
[2026-05-08T15:53:28.822+0000] {logging_mixin.py:188} INFO - [2026-05-08T15:53:28.822+0000] {dag.py:3089} INFO - Sync 1 DAGs
[2026-05-08T15:53:28.840+0000] {logging_mixin.py:188} INFO - [2026-05-08T15:53:28.840+0000] {dag.py:3947} INFO - Setting next_dagrun for latest_only_with_trigger to 2026-05-08 08:00:00+00:00, run_after=2026-05-08 12:00:00+00:00
[2026-05-08T15:53:28.856+0000] {processor.py:183} INFO - Processing /home/airflow/.local/lib/python3.12/site-packages/airflow/example_dags/example_latest_only_with_trigger.py took 0.061 seconds
[2026-05-08T15:53:59.190+0000] {processor.py:161} INFO - Started process (PID=576) to work on /home/airflow/.local/lib/python3.12/site-packages/airflow/example_dags/example_latest_only_with_trigger.py
[2026-05-08T15:53:59.191+0000] {processor.py:830} INFO - Processing file /home/airflow/.local/lib/python3.12/site-packages/airflow/example_dags/example_latest_only_with_trigger.py for tasks to queue
[2026-05-08T15:53:59.192+0000] {logging_mixin.py:188} INFO - [2026-05-08T15:53:59.192+0000] {dagbag.py:545} INFO - Filling up the DagBag from /home/airflow/.local/lib/python3.12/site-packages/airflow/example_dags/example_latest_only_with_trigger.py
[2026-05-08T15:53:59.196+0000] {processor.py:840} INFO - DAG(s) 'latest_only_with_trigger' retrieved from /home/airflow/.local/lib/python3.12/site-packages/airflow/example_dags/example_latest_only_with_trigger.py
[2026-05-08T15:53:59.212+0000] {logging_mixin.py:188} INFO - [2026-05-08T15:53:59.212+0000] {dag.py:3089} INFO - Sync 1 DAGs
[2026-05-08T15:53:59.230+0000] {logging_mixin.py:188} INFO - [2026-05-08T15:53:59.230+0000] {dag.py:3947} INFO - Setting next_dagrun for latest_only_with_trigger to 2026-05-08 08:00:00+00:00, run_after=2026-05-08 12:00:00+00:00
[2026-05-08T15:53:59.245+0000] {processor.py:183} INFO - Processing /home/airflow/.local/lib/python3.12/site-packages/airflow/example_dags/example_latest_only_with_trigger.py took 0.059 seconds
[2026-05-08T15:54:29.572+0000] {processor.py:161} INFO - Started process (PID=634) to work on /home/airflow/.local/lib/python3.12/site-packages/airflow/example_dags/example_latest_only_with_trigger.py
[2026-05-08T15:54:29.572+0000] {processor.py:830} INFO - Processing file /home/airflow/.local/lib/python3.12/site-packages/airflow/example_dags/example_latest_only_with_trigger.py for tasks to queue
[2026-05-08T15:54:29.574+0000] {logging_mixin.py:188} INFO - [2026-05-08T15:54:29.573+0000] {dagbag.py:545} INFO - Filling up the DagBag from /home/airflow/.local/lib/python3.12/site-packages/airflow/example_dags/example_latest_only_with_trigger.py
[2026-05-08T15:54:29.578+0000] {processor.py:840} INFO - DAG(s) 'latest_only_with_trigger' retrieved from /home/airflow/.local/lib/python3.12/site-packages/airflow/example_dags/example_latest_only_with_trigger.py
[2026-05-08T15:54:29.594+0000] {logging_mixin.py:188} INFO - [2026-05-08T15:54:29.594+0000] {dag.py:3089} INFO - Sync 1 DAGs
[2026-05-08T15:54:29.612+0000] {logging_mixin.py:188} INFO - [2026-05-08T15:54:29.612+0000] {dag.py:3947} INFO - Setting next_dagrun for latest_only_with_trigger to 2026-05-08 08:00:00+00:00, run_after=2026-05-08 12:00:00+00:00
[2026-05-08T15:54:29.627+0000] {processor.py:183} INFO - Processing /home/airflow/.local/lib/python3.12/site-packages/airflow/example_dags/example_latest_only_with_trigger.py took 0.060 seconds
[2026-05-08T15:54:59.886+0000] {processor.py:161} INFO - Started process (PID=692) to work on /home/airflow/.local/lib/python3.12/site-packages/airflow/example_dags/example_latest_only_with_trigger.py
[2026-05-08T15:54:59.888+0000] {processor.py:830} INFO - Processing file /home/airflow/.local/lib/python3.12/site-packages/airflow/example_dags/example_latest_only_with_trigger.py for tasks to queue
[2026-05-08T15:54:59.889+0000] {logging_mixin.py:188} INFO - [2026-05-08T15:54:59.889+0000] {dagbag.py:545} INFO - Filling up the DagBag from /home/airflow/.local/lib/python3.12/site-packages/airflow/example_dags/example_latest_only_with_trigger.py
[2026-05-08T15:54:59.893+0000] {processor.py:840} INFO - DAG(s) 'latest_only_with_trigger' retrieved from /home/airflow/.local/lib/python3.12/site-packages/airflow/example_dags/example_latest_only_with_trigger.py
[2026-05-08T15:54:59.910+0000] {logging_mixin.py:188} INFO - [2026-05-08T15:54:59.910+0000] {dag.py:3089} INFO - Sync 1 DAGs
[2026-05-08T15:54:59.928+0000] {logging_mixin.py:188} INFO - [2026-05-08T15:54:59.928+0000] {dag.py:3947} INFO - Setting next_dagrun for latest_only_with_trigger to 2026-05-08 08:00:00+00:00, run_after=2026-05-08 12:00:00+00:00
[2026-05-08T15:54:59.942+0000] {processor.py:183} INFO - Processing /home/airflow/.local/lib/python3.12/site-packages/airflow/example_dags/example_latest_only_with_trigger.py took 0.061 seconds
[2026-05-08T15:55:30.257+0000] {processor.py:161} INFO - Started process (PID=750) to work on /home/airflow/.local/lib/python3.12/site-packages/airflow/example_dags/example_latest_only_with_trigger.py
[2026-05-08T15:55:30.259+0000] {processor.py:830} INFO - Processing file /home/airflow/.local/lib/python3.12/site-packages/airflow/example_dags/example_latest_only_with_trigger.py for tasks to queue
[2026-05-08T15:55:30.260+0000] {logging_mixin.py:188} INFO - [2026-05-08T15:55:30.260+0000] {dagbag.py:545} INFO - Filling up the DagBag from /home/airflow/.local/lib/python3.12/site-packages/airflow/example_dags/example_latest_only_with_trigger.py
[2026-05-08T15:55:30.265+0000] {processor.py:840} INFO - DAG(s) 'latest_only_with_trigger' retrieved from /home/airflow/.local/lib/python3.12/site-packages/airflow/example_dags/example_latest_only_with_trigger.py
[2026-05-08T15:55:30.281+0000] {logging_mixin.py:188} INFO - [2026-05-08T15:55:30.281+0000] {dag.py:3089} INFO - Sync 1 DAGs
[2026-05-08T15:55:30.301+0000] {logging_mixin.py:188} INFO - [2026-05-08T15:55:30.300+0000] {dag.py:3947} INFO - Setting next_dagrun for latest_only_with_trigger to 2026-05-08 08:00:00+00:00, run_after=2026-05-08 12:00:00+00:00
[2026-05-08T15:55:30.316+0000] {processor.py:183} INFO - Processing /home/airflow/.local/lib/python3.12/site-packages/airflow/example_dags/example_latest_only_with_trigger.py took 0.064 seconds
[2026-05-08T15:56:00.751+0000] {processor.py:161} INFO - Started process (PID=808) to work on /home/airflow/.local/lib/python3.12/site-packages/airflow/example_dags/example_latest_only_with_trigger.py
[2026-05-08T15:56:00.751+0000] {processor.py:830} INFO - Processing file /home/airflow/.local/lib/python3.12/site-packages/airflow/example_dags/example_latest_only_with_trigger.py for tasks to queue
[2026-05-08T15:56:00.754+0000] {logging_mixin.py:188} INFO - [2026-05-08T15:56:00.753+0000] {dagbag.py:545} INFO - Filling up the DagBag from /home/airflow/.local/lib/python3.12/site-packages/airflow/example_dags/example_latest_only_with_trigger.py
[2026-05-08T15:56:00.758+0000] {processor.py:840} INFO - DAG(s) 'latest_only_with_trigger' retrieved from /home/airflow/.local/lib/python3.12/site-packages/airflow/example_dags/example_latest_only_with_trigger.py
[2026-05-08T15:56:00.775+0000] {logging_mixin.py:188} INFO - [2026-05-08T15:56:00.774+0000] {dag.py:3089} INFO - Sync 1 DAGs
[2026-05-08T15:56:00.795+0000] {logging_mixin.py:188} INFO - [2026-05-08T15:56:00.795+0000] {dag.py:3947} INFO - Setting next_dagrun for latest_only_with_trigger to 2026-05-08 08:00:00+00:00, run_after=2026-05-08 12:00:00+00:00
[2026-05-08T15:56:00.810+0000] {processor.py:183} INFO - Processing /home/airflow/.local/lib/python3.12/site-packages/airflow/example_dags/example_latest_only_with_trigger.py took 0.064 seconds
[2026-05-08T15:56:31.360+0000] {processor.py:161} INFO - Started process (PID=866) to work on /home/airflow/.local/lib/python3.12/site-packages/airflow/example_dags/example_latest_only_with_trigger.py
[2026-05-08T15:56:31.360+0000] {processor.py:830} INFO - Processing file /home/airflow/.local/lib/python3.12/site-packages/airflow/example_dags/example_latest_only_with_trigger.py for tasks to queue
[2026-05-08T15:56:31.362+0000] {logging_mixin.py:188} INFO - [2026-05-08T15:56:31.362+0000] {dagbag.py:545} INFO - Filling up the DagBag from /home/airflow/.local/lib/python3.12/site-packages/airflow/example_dags/example_latest_only_with_trigger.py
[2026-05-08T15:56:31.366+0000] {processor.py:840} INFO - DAG(s) 'latest_only_with_trigger' retrieved from /home/airflow/.local/lib/python3.12/site-packages/airflow/example_dags/example_latest_only_with_trigger.py
[2026-05-08T15:56:31.386+0000] {logging_mixin.py:188} INFO - [2026-05-08T15:56:31.386+0000] {dag.py:3089} INFO - Sync 1 DAGs
[2026-05-08T15:56:31.405+0000] {logging_mixin.py:188} INFO - [2026-05-08T15:56:31.404+0000] {dag.py:3947} INFO - Setting next_dagrun for latest_only_with_trigger to 2026-05-08 08:00:00+00:00, run_after=2026-05-08 12:00:00+00:00
[2026-05-08T15:56:31.422+0000] {processor.py:183} INFO - Processing /home/airflow/.local/lib/python3.12/site-packages/airflow/example_dags/example_latest_only_with_trigger.py took 0.068 seconds
[2026-05-08T15:57:01.464+0000] {processor.py:161} INFO - Started process (PID=924) to work on /home/airflow/.local/lib/python3.12/site-packages/airflow/example_dags/example_latest_only_with_trigger.py
[2026-05-08T15:57:01.464+0000] {processor.py:830} INFO - Processing file /home/airflow/.local/lib/python3.12/site-packages/airflow/example_dags/example_latest_only_with_trigger.py for tasks to queue
[2026-05-08T15:57:01.466+0000] {logging_mixin.py:188} INFO - [2026-05-08T15:57:01.465+0000] {dagbag.py:545} INFO - Filling up the DagBag from /home/airflow/.local/lib/python3.12/site-packages/airflow/example_dags/example_latest_only_with_trigger.py
[2026-05-08T15:57:01.470+0000] {processor.py:840} INFO - DAG(s) 'latest_only_with_trigger' retrieved from /home/airflow/.local/lib/python3.12/site-packages/airflow/example_dags/example_latest_only_with_trigger.py
[2026-05-08T15:57:01.488+0000] {logging_mixin.py:188} INFO - [2026-05-08T15:57:01.488+0000] {dag.py:3089} INFO - Sync 1 DAGs
[2026-05-08T15:57:01.506+0000] {logging_mixin.py:188} INFO - [2026-05-08T15:57:01.506+0000] {dag.py:3947} INFO - Setting next_dagrun for latest_only_with_trigger to 2026-05-08 08:00:00+00:00, run_after=2026-05-08 12:00:00+00:00
[2026-05-08T15:57:01.524+0000] {processor.py:183} INFO - Processing /home/airflow/.local/lib/python3.12/site-packages/airflow/example_dags/example_latest_only_with_trigger.py took 0.065 seconds
[2026-05-08T15:57:31.666+0000] {processor.py:161} INFO - Started process (PID=982) to work on /home/airflow/.local/lib/python3.12/site-packages/airflow/example_dags/example_latest_only_with_trigger.py
[2026-05-08T15:57:31.666+0000] {processor.py:830} INFO - Processing file /home/airflow/.local/lib/python3.12/site-packages/airflow/example_dags/example_latest_only_with_trigger.py for tasks to queue
[2026-05-08T15:57:31.668+0000] {logging_mixin.py:188} INFO - [2026-05-08T15:57:31.668+0000] {dagbag.py:545} INFO - Filling up the DagBag from /home/airflow/.local/lib/python3.12/site-packages/airflow/example_dags/example_latest_only_with_trigger.py
[2026-05-08T15:57:31.672+0000] {processor.py:840} INFO - DAG(s) 'latest_only_with_trigger' retrieved from /home/airflow/.local/lib/python3.12/site-packages/airflow/example_dags/example_latest_only_with_trigger.py
[2026-05-08T15:57:31.691+0000] {logging_mixin.py:188} INFO - [2026-05-08T15:57:31.690+0000] {dag.py:3089} INFO - Sync 1 DAGs
[2026-05-08T15:57:31.711+0000] {logging_mixin.py:188} INFO - [2026-05-08T15:57:31.711+0000] {dag.py:3947} INFO - Setting next_dagrun for latest_only_with_trigger to 2026-05-08 08:00:00+00:00, run_after=2026-05-08 12:00:00+00:00
[2026-05-08T15:57:31.726+0000] {processor.py:183} INFO - Processing /home/airflow/.local/lib/python3.12/site-packages/airflow/example_dags/example_latest_only_with_trigger.py took 0.065 seconds
[2026-05-08T15:58:01.809+0000] {processor.py:161} INFO - Started process (PID=1040) to work on /home/airflow/.local/lib/python3.12/site-packages/airflow/example_dags/example_latest_only_with_trigger.py
[2026-05-08T15:58:01.810+0000] {processor.py:830} INFO - Processing file /home/airflow/.local/lib/python3.12/site-packages/airflow/example_dags/example_latest_only_with_trigger.py for tasks to queue
[2026-05-08T15:58:01.811+0000] {logging_mixin.py:188} INFO - [2026-05-08T15:58:01.811+0000] {dagbag.py:545} INFO - Filling up the DagBag from /home/airflow/.local/lib/python3.12/site-packages/airflow/example_dags/example_latest_only_with_trigger.py
[2026-05-08T15:58:01.816+0000] {processor.py:840} INFO - DAG(s) 'latest_only_with_trigger' retrieved from /home/airflow/.local/lib/python3.12/site-packages/airflow/example_dags/example_latest_only_with_trigger.py
[2026-05-08T15:58:01.832+0000] {logging_mixin.py:188} INFO - [2026-05-08T15:58:01.831+0000] {dag.py:3089} INFO - Sync 1 DAGs
[2026-05-08T15:58:01.852+0000] {logging_mixin.py:188} INFO - [2026-05-08T15:58:01.852+0000] {dag.py:3947} INFO - Setting next_dagrun for latest_only_with_trigger to 2026-05-08 08:00:00+00:00, run_after=2026-05-08 12:00:00+00:00
[2026-05-08T15:58:01.867+0000] {processor.py:183} INFO - Processing /home/airflow/.local/lib/python3.12/site-packages/airflow/example_dags/example_latest_only_with_trigger.py took 0.064 seconds
[2026-05-08T15:58:32.090+0000] {processor.py:161} INFO - Started process (PID=1098) to work on /home/airflow/.local/lib/python3.12/site-packages/airflow/example_dags/example_latest_only_with_trigger.py
[2026-05-08T15:58:32.091+0000] {processor.py:830} INFO - Processing file /home/airflow/.local/lib/python3.12/site-packages/airflow/example_dags/example_latest_only_with_trigger.py for tasks to queue
[2026-05-08T15:58:32.092+0000] {logging_mixin.py:188} INFO - [2026-05-08T15:58:32.092+0000] {dagbag.py:545} INFO - Filling up the DagBag from /home/airflow/.local/lib/python3.12/site-packages/airflow/example_dags/example_latest_only_with_trigger.py
[2026-05-08T15:58:32.096+0000] {processor.py:840} INFO - DAG(s) 'latest_only_with_trigger' retrieved from /home/airflow/.local/lib/python3.12/site-packages/airflow/example_dags/example_latest_only_with_trigger.py
[2026-05-08T15:58:32.115+0000] {logging_mixin.py:188} INFO - [2026-05-08T15:58:32.115+0000] {dag.py:3089} INFO - Sync 1 DAGs
[2026-05-08T15:58:32.133+0000] {logging_mixin.py:188} INFO - [2026-05-08T15:58:32.133+0000] {dag.py:3947} INFO - Setting next_dagrun for latest_only_with_trigger to 2026-05-08 08:00:00+00:00, run_after=2026-05-08 12:00:00+00:00
[2026-05-08T15:58:32.150+0000] {processor.py:183} INFO - Processing /home/airflow/.local/lib/python3.12/site-packages/airflow/example_dags/example_latest_only_with_trigger.py took 0.065 seconds
[2026-05-08T15:59:02.282+0000] {processor.py:161} INFO - Started process (PID=1156) to work on /home/airflow/.local/lib/python3.12/site-packages/airflow/example_dags/example_latest_only_with_trigger.py
[2026-05-08T15:59:02.283+0000] {processor.py:830} INFO - Processing file /home/airflow/.local/lib/python3.12/site-packages/airflow/example_dags/example_latest_only_with_trigger.py for tasks to queue
[2026-05-08T15:59:02.284+0000] {logging_mixin.py:188} INFO - [2026-05-08T15:59:02.284+0000] {dagbag.py:545} INFO - Filling up the DagBag from /home/airflow/.local/lib/python3.12/site-packages/airflow/example_dags/example_latest_only_with_trigger.py
[2026-05-08T15:59:02.288+0000] {processor.py:840} INFO - DAG(s) 'latest_only_with_trigger' retrieved from /home/airflow/.local/lib/python3.12/site-packages/airflow/example_dags/example_latest_only_with_trigger.py
[2026-05-08T15:59:02.307+0000] {logging_mixin.py:188} INFO - [2026-05-08T15:59:02.307+0000] {dag.py:3089} INFO - Sync 1 DAGs
[2026-05-08T15:59:02.326+0000] {logging_mixin.py:188} INFO - [2026-05-08T15:59:02.325+0000] {dag.py:3947} INFO - Setting next_dagrun for latest_only_with_trigger to 2026-05-08 08:00:00+00:00, run_after=2026-05-08 12:00:00+00:00
[2026-05-08T15:59:02.344+0000] {processor.py:183} INFO - Processing /home/airflow/.local/lib/python3.12/site-packages/airflow/example_dags/example_latest_only_with_trigger.py took 0.066 seconds
