[2026-05-08T15:39:23.293+0000] {processor.py:161} INFO - Started process (PID=48) to work on /home/airflow/.local/lib/python3.12/site-packages/airflow/example_dags/example_trigger_target_dag.py
[2026-05-08T15:39:23.294+0000] {processor.py:830} INFO - Processing file /home/airflow/.local/lib/python3.12/site-packages/airflow/example_dags/example_trigger_target_dag.py for tasks to queue
[2026-05-08T15:39:23.296+0000] {logging_mixin.py:188} INFO - [2026-05-08T15:39:23.296+0000] {dagbag.py:545} INFO - Filling up the DagBag from /home/airflow/.local/lib/python3.12/site-packages/airflow/example_dags/example_trigger_target_dag.py
[2026-05-08T15:39:23.304+0000] {processor.py:840} INFO - DAG(s) 'example_trigger_target_dag' retrieved from /home/airflow/.local/lib/python3.12/site-packages/airflow/example_dags/example_trigger_target_dag.py
[2026-05-08T15:39:23.335+0000] {logging_mixin.py:188} INFO - [2026-05-08T15:39:23.335+0000] {dag.py:3089} INFO - Sync 1 DAGs
[2026-05-08T15:39:23.349+0000] {logging_mixin.py:188} INFO - [2026-05-08T15:39:23.349+0000] {dag.py:3947} INFO - Setting next_dagrun for example_trigger_target_dag to None, run_after=None
[2026-05-08T15:39:23.370+0000] {processor.py:183} INFO - Processing /home/airflow/.local/lib/python3.12/site-packages/airflow/example_dags/example_trigger_target_dag.py took 0.082 seconds
[2026-05-08T15:39:53.533+0000] {processor.py:161} INFO - Started process (PID=106) to work on /home/airflow/.local/lib/python3.12/site-packages/airflow/example_dags/example_trigger_target_dag.py
[2026-05-08T15:39:53.533+0000] {processor.py:830} INFO - Processing file /home/airflow/.local/lib/python3.12/site-packages/airflow/example_dags/example_trigger_target_dag.py for tasks to queue
[2026-05-08T15:39:53.534+0000] {logging_mixin.py:188} INFO - [2026-05-08T15:39:53.534+0000] {dagbag.py:545} INFO - Filling up the DagBag from /home/airflow/.local/lib/python3.12/site-packages/airflow/example_dags/example_trigger_target_dag.py
[2026-05-08T15:39:53.540+0000] {processor.py:840} INFO - DAG(s) 'example_trigger_target_dag' retrieved from /home/airflow/.local/lib/python3.12/site-packages/airflow/example_dags/example_trigger_target_dag.py
[2026-05-08T15:39:53.556+0000] {logging_mixin.py:188} INFO - [2026-05-08T15:39:53.556+0000] {dag.py:3089} INFO - Sync 1 DAGs
[2026-05-08T15:39:53.566+0000] {logging_mixin.py:188} INFO - [2026-05-08T15:39:53.566+0000] {dag.py:3947} INFO - Setting next_dagrun for example_trigger_target_dag to None, run_after=None
[2026-05-08T15:39:53.583+0000] {processor.py:183} INFO - Processing /home/airflow/.local/lib/python3.12/site-packages/airflow/example_dags/example_trigger_target_dag.py took 0.055 seconds
[2026-05-08T15:40:24.051+0000] {processor.py:161} INFO - Started process (PID=164) to work on /home/airflow/.local/lib/python3.12/site-packages/airflow/example_dags/example_trigger_target_dag.py
[2026-05-08T15:40:24.053+0000] {processor.py:830} INFO - Processing file /home/airflow/.local/lib/python3.12/site-packages/airflow/example_dags/example_trigger_target_dag.py for tasks to queue
[2026-05-08T15:40:24.054+0000] {logging_mixin.py:188} INFO - [2026-05-08T15:40:24.054+0000] {dagbag.py:545} INFO - Filling up the DagBag from /home/airflow/.local/lib/python3.12/site-packages/airflow/example_dags/example_trigger_target_dag.py
[2026-05-08T15:40:24.058+0000] {processor.py:840} INFO - DAG(s) 'example_trigger_target_dag' retrieved from /home/airflow/.local/lib/python3.12/site-packages/airflow/example_dags/example_trigger_target_dag.py
[2026-05-08T15:40:24.074+0000] {logging_mixin.py:188} INFO - [2026-05-08T15:40:24.074+0000] {dag.py:3089} INFO - Sync 1 DAGs
[2026-05-08T15:40:24.087+0000] {logging_mixin.py:188} INFO - [2026-05-08T15:40:24.086+0000] {dag.py:3947} INFO - Setting next_dagrun for example_trigger_target_dag to None, run_after=None
[2026-05-08T15:40:24.104+0000] {processor.py:183} INFO - Processing /home/airflow/.local/lib/python3.12/site-packages/airflow/example_dags/example_trigger_target_dag.py took 0.058 seconds
[2026-05-08T15:40:54.173+0000] {processor.py:161} INFO - Started process (PID=222) to work on /home/airflow/.local/lib/python3.12/site-packages/airflow/example_dags/example_trigger_target_dag.py
[2026-05-08T15:40:54.173+0000] {processor.py:830} INFO - Processing file /home/airflow/.local/lib/python3.12/site-packages/airflow/example_dags/example_trigger_target_dag.py for tasks to queue
[2026-05-08T15:40:54.175+0000] {logging_mixin.py:188} INFO - [2026-05-08T15:40:54.175+0000] {dagbag.py:545} INFO - Filling up the DagBag from /home/airflow/.local/lib/python3.12/site-packages/airflow/example_dags/example_trigger_target_dag.py
[2026-05-08T15:40:54.179+0000] {processor.py:840} INFO - DAG(s) 'example_trigger_target_dag' retrieved from /home/airflow/.local/lib/python3.12/site-packages/airflow/example_dags/example_trigger_target_dag.py
[2026-05-08T15:40:54.194+0000] {logging_mixin.py:188} INFO - [2026-05-08T15:40:54.194+0000] {dag.py:3089} INFO - Sync 1 DAGs
[2026-05-08T15:40:54.205+0000] {logging_mixin.py:188} INFO - [2026-05-08T15:40:54.205+0000] {dag.py:3947} INFO - Setting next_dagrun for example_trigger_target_dag to None, run_after=None
[2026-05-08T15:40:54.220+0000] {processor.py:183} INFO - Processing /home/airflow/.local/lib/python3.12/site-packages/airflow/example_dags/example_trigger_target_dag.py took 0.052 seconds
[2026-05-08T15:41:24.553+0000] {processor.py:161} INFO - Started process (PID=280) to work on /home/airflow/.local/lib/python3.12/site-packages/airflow/example_dags/example_trigger_target_dag.py
[2026-05-08T15:41:24.554+0000] {processor.py:830} INFO - Processing file /home/airflow/.local/lib/python3.12/site-packages/airflow/example_dags/example_trigger_target_dag.py for tasks to queue
[2026-05-08T15:41:24.555+0000] {logging_mixin.py:188} INFO - [2026-05-08T15:41:24.555+0000] {dagbag.py:545} INFO - Filling up the DagBag from /home/airflow/.local/lib/python3.12/site-packages/airflow/example_dags/example_trigger_target_dag.py
[2026-05-08T15:41:24.560+0000] {processor.py:840} INFO - DAG(s) 'example_trigger_target_dag' retrieved from /home/airflow/.local/lib/python3.12/site-packages/airflow/example_dags/example_trigger_target_dag.py
[2026-05-08T15:41:24.577+0000] {logging_mixin.py:188} INFO - [2026-05-08T15:41:24.577+0000] {dag.py:3089} INFO - Sync 1 DAGs
[2026-05-08T15:41:24.589+0000] {logging_mixin.py:188} INFO - [2026-05-08T15:41:24.588+0000] {dag.py:3947} INFO - Setting next_dagrun for example_trigger_target_dag to None, run_after=None
[2026-05-08T15:41:24.605+0000] {processor.py:183} INFO - Processing /home/airflow/.local/lib/python3.12/site-packages/airflow/example_dags/example_trigger_target_dag.py took 0.057 seconds
[2026-05-08T15:41:54.842+0000] {processor.py:161} INFO - Started process (PID=338) to work on /home/airflow/.local/lib/python3.12/site-packages/airflow/example_dags/example_trigger_target_dag.py
[2026-05-08T15:41:54.843+0000] {processor.py:830} INFO - Processing file /home/airflow/.local/lib/python3.12/site-packages/airflow/example_dags/example_trigger_target_dag.py for tasks to queue
[2026-05-08T15:41:54.844+0000] {logging_mixin.py:188} INFO - [2026-05-08T15:41:54.844+0000] {dagbag.py:545} INFO - Filling up the DagBag from /home/airflow/.local/lib/python3.12/site-packages/airflow/example_dags/example_trigger_target_dag.py
[2026-05-08T15:41:54.850+0000] {processor.py:840} INFO - DAG(s) 'example_trigger_target_dag' retrieved from /home/airflow/.local/lib/python3.12/site-packages/airflow/example_dags/example_trigger_target_dag.py
[2026-05-08T15:41:54.865+0000] {logging_mixin.py:188} INFO - [2026-05-08T15:41:54.865+0000] {dag.py:3089} INFO - Sync 1 DAGs
[2026-05-08T15:41:54.876+0000] {logging_mixin.py:188} INFO - [2026-05-08T15:41:54.876+0000] {dag.py:3947} INFO - Setting next_dagrun for example_trigger_target_dag to None, run_after=None
[2026-05-08T15:41:54.893+0000] {processor.py:183} INFO - Processing /home/airflow/.local/lib/python3.12/site-packages/airflow/example_dags/example_trigger_target_dag.py took 0.055 seconds
[2026-05-08T15:42:25.452+0000] {processor.py:161} INFO - Started process (PID=395) to work on /home/airflow/.local/lib/python3.12/site-packages/airflow/example_dags/example_trigger_target_dag.py
[2026-05-08T15:42:25.455+0000] {processor.py:830} INFO - Processing file /home/airflow/.local/lib/python3.12/site-packages/airflow/example_dags/example_trigger_target_dag.py for tasks to queue
[2026-05-08T15:42:25.457+0000] {logging_mixin.py:188} INFO - [2026-05-08T15:42:25.456+0000] {dagbag.py:545} INFO - Filling up the DagBag from /home/airflow/.local/lib/python3.12/site-packages/airflow/example_dags/example_trigger_target_dag.py
[2026-05-08T15:42:25.462+0000] {processor.py:840} INFO - DAG(s) 'example_trigger_target_dag' retrieved from /home/airflow/.local/lib/python3.12/site-packages/airflow/example_dags/example_trigger_target_dag.py
[2026-05-08T15:42:25.478+0000] {logging_mixin.py:188} INFO - [2026-05-08T15:42:25.478+0000] {dag.py:3089} INFO - Sync 1 DAGs
[2026-05-08T15:42:25.490+0000] {logging_mixin.py:188} INFO - [2026-05-08T15:42:25.490+0000] {dag.py:3947} INFO - Setting next_dagrun for example_trigger_target_dag to None, run_after=None
[2026-05-08T15:42:25.506+0000] {processor.py:183} INFO - Processing /home/airflow/.local/lib/python3.12/site-packages/airflow/example_dags/example_trigger_target_dag.py took 0.058 seconds
[2026-05-08T15:42:56.016+0000] {processor.py:161} INFO - Started process (PID=453) to work on /home/airflow/.local/lib/python3.12/site-packages/airflow/example_dags/example_trigger_target_dag.py
[2026-05-08T15:42:56.017+0000] {processor.py:830} INFO - Processing file /home/airflow/.local/lib/python3.12/site-packages/airflow/example_dags/example_trigger_target_dag.py for tasks to queue
[2026-05-08T15:42:56.018+0000] {logging_mixin.py:188} INFO - [2026-05-08T15:42:56.018+0000] {dagbag.py:545} INFO - Filling up the DagBag from /home/airflow/.local/lib/python3.12/site-packages/airflow/example_dags/example_trigger_target_dag.py
[2026-05-08T15:42:56.023+0000] {processor.py:840} INFO - DAG(s) 'example_trigger_target_dag' retrieved from /home/airflow/.local/lib/python3.12/site-packages/airflow/example_dags/example_trigger_target_dag.py
[2026-05-08T15:42:56.039+0000] {logging_mixin.py:188} INFO - [2026-05-08T15:42:56.039+0000] {dag.py:3089} INFO - Sync 1 DAGs
[2026-05-08T15:42:56.050+0000] {logging_mixin.py:188} INFO - [2026-05-08T15:42:56.050+0000] {dag.py:3947} INFO - Setting next_dagrun for example_trigger_target_dag to None, run_after=None
[2026-05-08T15:42:56.067+0000] {processor.py:183} INFO - Processing /home/airflow/.local/lib/python3.12/site-packages/airflow/example_dags/example_trigger_target_dag.py took 0.057 seconds
[2026-05-08T15:43:26.456+0000] {processor.py:161} INFO - Started process (PID=511) to work on /home/airflow/.local/lib/python3.12/site-packages/airflow/example_dags/example_trigger_target_dag.py
[2026-05-08T15:43:26.457+0000] {processor.py:830} INFO - Processing file /home/airflow/.local/lib/python3.12/site-packages/airflow/example_dags/example_trigger_target_dag.py for tasks to queue
[2026-05-08T15:43:26.459+0000] {logging_mixin.py:188} INFO - [2026-05-08T15:43:26.459+0000] {dagbag.py:545} INFO - Filling up the DagBag from /home/airflow/.local/lib/python3.12/site-packages/airflow/example_dags/example_trigger_target_dag.py
[2026-05-08T15:43:26.464+0000] {processor.py:840} INFO - DAG(s) 'example_trigger_target_dag' retrieved from /home/airflow/.local/lib/python3.12/site-packages/airflow/example_dags/example_trigger_target_dag.py
[2026-05-08T15:43:26.480+0000] {logging_mixin.py:188} INFO - [2026-05-08T15:43:26.479+0000] {dag.py:3089} INFO - Sync 1 DAGs
[2026-05-08T15:43:26.491+0000] {logging_mixin.py:188} INFO - [2026-05-08T15:43:26.491+0000] {dag.py:3947} INFO - Setting next_dagrun for example_trigger_target_dag to None, run_after=None
[2026-05-08T15:43:26.506+0000] {processor.py:183} INFO - Processing /home/airflow/.local/lib/python3.12/site-packages/airflow/example_dags/example_trigger_target_dag.py took 0.055 seconds
[2026-05-08T15:43:56.850+0000] {processor.py:161} INFO - Started process (PID=575) to work on /home/airflow/.local/lib/python3.12/site-packages/airflow/example_dags/example_trigger_target_dag.py
[2026-05-08T15:43:56.851+0000] {processor.py:830} INFO - Processing file /home/airflow/.local/lib/python3.12/site-packages/airflow/example_dags/example_trigger_target_dag.py for tasks to queue
[2026-05-08T15:43:56.852+0000] {logging_mixin.py:188} INFO - [2026-05-08T15:43:56.852+0000] {dagbag.py:545} INFO - Filling up the DagBag from /home/airflow/.local/lib/python3.12/site-packages/airflow/example_dags/example_trigger_target_dag.py
[2026-05-08T15:43:56.858+0000] {processor.py:840} INFO - DAG(s) 'example_trigger_target_dag' retrieved from /home/airflow/.local/lib/python3.12/site-packages/airflow/example_dags/example_trigger_target_dag.py
[2026-05-08T15:43:56.873+0000] {logging_mixin.py:188} INFO - [2026-05-08T15:43:56.873+0000] {dag.py:3089} INFO - Sync 1 DAGs
[2026-05-08T15:43:56.884+0000] {logging_mixin.py:188} INFO - [2026-05-08T15:43:56.883+0000] {dag.py:3947} INFO - Setting next_dagrun for example_trigger_target_dag to None, run_after=None
[2026-05-08T15:43:56.900+0000] {processor.py:183} INFO - Processing /home/airflow/.local/lib/python3.12/site-packages/airflow/example_dags/example_trigger_target_dag.py took 0.054 seconds
[2026-05-08T15:44:27.440+0000] {processor.py:161} INFO - Started process (PID=633) to work on /home/airflow/.local/lib/python3.12/site-packages/airflow/example_dags/example_trigger_target_dag.py
[2026-05-08T15:44:27.441+0000] {processor.py:830} INFO - Processing file /home/airflow/.local/lib/python3.12/site-packages/airflow/example_dags/example_trigger_target_dag.py for tasks to queue
[2026-05-08T15:44:27.442+0000] {logging_mixin.py:188} INFO - [2026-05-08T15:44:27.442+0000] {dagbag.py:545} INFO - Filling up the DagBag from /home/airflow/.local/lib/python3.12/site-packages/airflow/example_dags/example_trigger_target_dag.py
[2026-05-08T15:44:27.447+0000] {processor.py:840} INFO - DAG(s) 'example_trigger_target_dag' retrieved from /home/airflow/.local/lib/python3.12/site-packages/airflow/example_dags/example_trigger_target_dag.py
[2026-05-08T15:44:27.463+0000] {logging_mixin.py:188} INFO - [2026-05-08T15:44:27.463+0000] {dag.py:3089} INFO - Sync 1 DAGs
[2026-05-08T15:44:27.474+0000] {logging_mixin.py:188} INFO - [2026-05-08T15:44:27.474+0000] {dag.py:3947} INFO - Setting next_dagrun for example_trigger_target_dag to None, run_after=None
[2026-05-08T15:44:27.492+0000] {processor.py:183} INFO - Processing /home/airflow/.local/lib/python3.12/site-packages/airflow/example_dags/example_trigger_target_dag.py took 0.057 seconds
[2026-05-08T15:44:57.891+0000] {processor.py:161} INFO - Started process (PID=691) to work on /home/airflow/.local/lib/python3.12/site-packages/airflow/example_dags/example_trigger_target_dag.py
[2026-05-08T15:44:57.892+0000] {processor.py:830} INFO - Processing file /home/airflow/.local/lib/python3.12/site-packages/airflow/example_dags/example_trigger_target_dag.py for tasks to queue
[2026-05-08T15:44:57.894+0000] {logging_mixin.py:188} INFO - [2026-05-08T15:44:57.893+0000] {dagbag.py:545} INFO - Filling up the DagBag from /home/airflow/.local/lib/python3.12/site-packages/airflow/example_dags/example_trigger_target_dag.py
[2026-05-08T15:44:57.899+0000] {processor.py:840} INFO - DAG(s) 'example_trigger_target_dag' retrieved from /home/airflow/.local/lib/python3.12/site-packages/airflow/example_dags/example_trigger_target_dag.py
[2026-05-08T15:44:57.915+0000] {logging_mixin.py:188} INFO - [2026-05-08T15:44:57.915+0000] {dag.py:3089} INFO - Sync 1 DAGs
[2026-05-08T15:44:57.926+0000] {logging_mixin.py:188} INFO - [2026-05-08T15:44:57.926+0000] {dag.py:3947} INFO - Setting next_dagrun for example_trigger_target_dag to None, run_after=None
[2026-05-08T15:44:57.942+0000] {processor.py:183} INFO - Processing /home/airflow/.local/lib/python3.12/site-packages/airflow/example_dags/example_trigger_target_dag.py took 0.056 seconds
[2026-05-08T15:45:28.639+0000] {processor.py:161} INFO - Started process (PID=749) to work on /home/airflow/.local/lib/python3.12/site-packages/airflow/example_dags/example_trigger_target_dag.py
[2026-05-08T15:45:28.640+0000] {processor.py:830} INFO - Processing file /home/airflow/.local/lib/python3.12/site-packages/airflow/example_dags/example_trigger_target_dag.py for tasks to queue
[2026-05-08T15:45:28.642+0000] {logging_mixin.py:188} INFO - [2026-05-08T15:45:28.642+0000] {dagbag.py:545} INFO - Filling up the DagBag from /home/airflow/.local/lib/python3.12/site-packages/airflow/example_dags/example_trigger_target_dag.py
[2026-05-08T15:45:28.647+0000] {processor.py:840} INFO - DAG(s) 'example_trigger_target_dag' retrieved from /home/airflow/.local/lib/python3.12/site-packages/airflow/example_dags/example_trigger_target_dag.py
[2026-05-08T15:45:28.667+0000] {logging_mixin.py:188} INFO - [2026-05-08T15:45:28.667+0000] {dag.py:3089} INFO - Sync 1 DAGs
[2026-05-08T15:45:28.680+0000] {logging_mixin.py:188} INFO - [2026-05-08T15:45:28.679+0000] {dag.py:3947} INFO - Setting next_dagrun for example_trigger_target_dag to None, run_after=None
[2026-05-08T15:45:28.697+0000] {processor.py:183} INFO - Processing /home/airflow/.local/lib/python3.12/site-packages/airflow/example_dags/example_trigger_target_dag.py took 0.063 seconds
[2026-05-08T15:45:59.286+0000] {processor.py:161} INFO - Started process (PID=807) to work on /home/airflow/.local/lib/python3.12/site-packages/airflow/example_dags/example_trigger_target_dag.py
[2026-05-08T15:45:59.287+0000] {processor.py:830} INFO - Processing file /home/airflow/.local/lib/python3.12/site-packages/airflow/example_dags/example_trigger_target_dag.py for tasks to queue
[2026-05-08T15:45:59.289+0000] {logging_mixin.py:188} INFO - [2026-05-08T15:45:59.288+0000] {dagbag.py:545} INFO - Filling up the DagBag from /home/airflow/.local/lib/python3.12/site-packages/airflow/example_dags/example_trigger_target_dag.py
[2026-05-08T15:45:59.294+0000] {processor.py:840} INFO - DAG(s) 'example_trigger_target_dag' retrieved from /home/airflow/.local/lib/python3.12/site-packages/airflow/example_dags/example_trigger_target_dag.py
[2026-05-08T15:45:59.310+0000] {logging_mixin.py:188} INFO - [2026-05-08T15:45:59.310+0000] {dag.py:3089} INFO - Sync 1 DAGs
[2026-05-08T15:45:59.322+0000] {logging_mixin.py:188} INFO - [2026-05-08T15:45:59.322+0000] {dag.py:3947} INFO - Setting next_dagrun for example_trigger_target_dag to None, run_after=None
[2026-05-08T15:45:59.339+0000] {processor.py:183} INFO - Processing /home/airflow/.local/lib/python3.12/site-packages/airflow/example_dags/example_trigger_target_dag.py took 0.058 seconds
[2026-05-08T15:46:29.958+0000] {processor.py:161} INFO - Started process (PID=865) to work on /home/airflow/.local/lib/python3.12/site-packages/airflow/example_dags/example_trigger_target_dag.py
[2026-05-08T15:46:29.959+0000] {processor.py:830} INFO - Processing file /home/airflow/.local/lib/python3.12/site-packages/airflow/example_dags/example_trigger_target_dag.py for tasks to queue
[2026-05-08T15:46:29.960+0000] {logging_mixin.py:188} INFO - [2026-05-08T15:46:29.960+0000] {dagbag.py:545} INFO - Filling up the DagBag from /home/airflow/.local/lib/python3.12/site-packages/airflow/example_dags/example_trigger_target_dag.py
[2026-05-08T15:46:29.965+0000] {processor.py:840} INFO - DAG(s) 'example_trigger_target_dag' retrieved from /home/airflow/.local/lib/python3.12/site-packages/airflow/example_dags/example_trigger_target_dag.py
[2026-05-08T15:46:29.981+0000] {logging_mixin.py:188} INFO - [2026-05-08T15:46:29.981+0000] {dag.py:3089} INFO - Sync 1 DAGs
[2026-05-08T15:46:29.992+0000] {logging_mixin.py:188} INFO - [2026-05-08T15:46:29.992+0000] {dag.py:3947} INFO - Setting next_dagrun for example_trigger_target_dag to None, run_after=None
[2026-05-08T15:46:30.009+0000] {processor.py:183} INFO - Processing /home/airflow/.local/lib/python3.12/site-packages/airflow/example_dags/example_trigger_target_dag.py took 0.055 seconds
[2026-05-08T15:47:00.596+0000] {processor.py:161} INFO - Started process (PID=923) to work on /home/airflow/.local/lib/python3.12/site-packages/airflow/example_dags/example_trigger_target_dag.py
[2026-05-08T15:47:00.597+0000] {processor.py:830} INFO - Processing file /home/airflow/.local/lib/python3.12/site-packages/airflow/example_dags/example_trigger_target_dag.py for tasks to queue
[2026-05-08T15:47:00.599+0000] {logging_mixin.py:188} INFO - [2026-05-08T15:47:00.599+0000] {dagbag.py:545} INFO - Filling up the DagBag from /home/airflow/.local/lib/python3.12/site-packages/airflow/example_dags/example_trigger_target_dag.py
[2026-05-08T15:47:00.604+0000] {processor.py:840} INFO - DAG(s) 'example_trigger_target_dag' retrieved from /home/airflow/.local/lib/python3.12/site-packages/airflow/example_dags/example_trigger_target_dag.py
[2026-05-08T15:47:00.620+0000] {logging_mixin.py:188} INFO - [2026-05-08T15:47:00.620+0000] {dag.py:3089} INFO - Sync 1 DAGs
[2026-05-08T15:47:00.631+0000] {logging_mixin.py:188} INFO - [2026-05-08T15:47:00.631+0000] {dag.py:3947} INFO - Setting next_dagrun for example_trigger_target_dag to None, run_after=None
[2026-05-08T15:47:00.647+0000] {processor.py:183} INFO - Processing /home/airflow/.local/lib/python3.12/site-packages/airflow/example_dags/example_trigger_target_dag.py took 0.056 seconds
[2026-05-08T15:47:30.750+0000] {processor.py:161} INFO - Started process (PID=981) to work on /home/airflow/.local/lib/python3.12/site-packages/airflow/example_dags/example_trigger_target_dag.py
[2026-05-08T15:47:30.751+0000] {processor.py:830} INFO - Processing file /home/airflow/.local/lib/python3.12/site-packages/airflow/example_dags/example_trigger_target_dag.py for tasks to queue
[2026-05-08T15:47:30.752+0000] {logging_mixin.py:188} INFO - [2026-05-08T15:47:30.752+0000] {dagbag.py:545} INFO - Filling up the DagBag from /home/airflow/.local/lib/python3.12/site-packages/airflow/example_dags/example_trigger_target_dag.py
[2026-05-08T15:47:30.757+0000] {processor.py:840} INFO - DAG(s) 'example_trigger_target_dag' retrieved from /home/airflow/.local/lib/python3.12/site-packages/airflow/example_dags/example_trigger_target_dag.py
[2026-05-08T15:47:30.772+0000] {logging_mixin.py:188} INFO - [2026-05-08T15:47:30.772+0000] {dag.py:3089} INFO - Sync 1 DAGs
[2026-05-08T15:47:30.783+0000] {logging_mixin.py:188} INFO - [2026-05-08T15:47:30.783+0000] {dag.py:3947} INFO - Setting next_dagrun for example_trigger_target_dag to None, run_after=None
[2026-05-08T15:47:30.811+0000] {processor.py:183} INFO - Processing /home/airflow/.local/lib/python3.12/site-packages/airflow/example_dags/example_trigger_target_dag.py took 0.065 seconds
[2026-05-08T15:48:00.995+0000] {processor.py:161} INFO - Started process (PID=1040) to work on /home/airflow/.local/lib/python3.12/site-packages/airflow/example_dags/example_trigger_target_dag.py
[2026-05-08T15:48:00.998+0000] {processor.py:830} INFO - Processing file /home/airflow/.local/lib/python3.12/site-packages/airflow/example_dags/example_trigger_target_dag.py for tasks to queue
[2026-05-08T15:48:01.000+0000] {logging_mixin.py:188} INFO - [2026-05-08T15:48:00.999+0000] {dagbag.py:545} INFO - Filling up the DagBag from /home/airflow/.local/lib/python3.12/site-packages/airflow/example_dags/example_trigger_target_dag.py
[2026-05-08T15:48:01.005+0000] {processor.py:840} INFO - DAG(s) 'example_trigger_target_dag' retrieved from /home/airflow/.local/lib/python3.12/site-packages/airflow/example_dags/example_trigger_target_dag.py
[2026-05-08T15:48:01.021+0000] {logging_mixin.py:188} INFO - [2026-05-08T15:48:01.021+0000] {dag.py:3089} INFO - Sync 1 DAGs
[2026-05-08T15:48:01.032+0000] {logging_mixin.py:188} INFO - [2026-05-08T15:48:01.032+0000] {dag.py:3947} INFO - Setting next_dagrun for example_trigger_target_dag to None, run_after=None
[2026-05-08T15:48:01.048+0000] {processor.py:183} INFO - Processing /home/airflow/.local/lib/python3.12/site-packages/airflow/example_dags/example_trigger_target_dag.py took 0.058 seconds
[2026-05-08T15:48:31.224+0000] {processor.py:161} INFO - Started process (PID=1098) to work on /home/airflow/.local/lib/python3.12/site-packages/airflow/example_dags/example_trigger_target_dag.py
[2026-05-08T15:48:31.224+0000] {processor.py:830} INFO - Processing file /home/airflow/.local/lib/python3.12/site-packages/airflow/example_dags/example_trigger_target_dag.py for tasks to queue
[2026-05-08T15:48:31.226+0000] {logging_mixin.py:188} INFO - [2026-05-08T15:48:31.225+0000] {dagbag.py:545} INFO - Filling up the DagBag from /home/airflow/.local/lib/python3.12/site-packages/airflow/example_dags/example_trigger_target_dag.py
[2026-05-08T15:48:31.243+0000] {processor.py:840} INFO - DAG(s) 'example_trigger_target_dag' retrieved from /home/airflow/.local/lib/python3.12/site-packages/airflow/example_dags/example_trigger_target_dag.py
[2026-05-08T15:48:31.258+0000] {logging_mixin.py:188} INFO - [2026-05-08T15:48:31.258+0000] {dag.py:3089} INFO - Sync 1 DAGs
[2026-05-08T15:48:31.269+0000] {logging_mixin.py:188} INFO - [2026-05-08T15:48:31.269+0000] {dag.py:3947} INFO - Setting next_dagrun for example_trigger_target_dag to None, run_after=None
[2026-05-08T15:48:31.296+0000] {processor.py:183} INFO - Processing /home/airflow/.local/lib/python3.12/site-packages/airflow/example_dags/example_trigger_target_dag.py took 0.077 seconds
[2026-05-08T15:49:25.869+0000] {processor.py:161} INFO - Started process (PID=48) to work on /home/airflow/.local/lib/python3.12/site-packages/airflow/example_dags/example_trigger_target_dag.py
[2026-05-08T15:49:25.870+0000] {processor.py:830} INFO - Processing file /home/airflow/.local/lib/python3.12/site-packages/airflow/example_dags/example_trigger_target_dag.py for tasks to queue
[2026-05-08T15:49:25.871+0000] {logging_mixin.py:188} INFO - [2026-05-08T15:49:25.871+0000] {dagbag.py:545} INFO - Filling up the DagBag from /home/airflow/.local/lib/python3.12/site-packages/airflow/example_dags/example_trigger_target_dag.py
[2026-05-08T15:49:25.878+0000] {processor.py:840} INFO - DAG(s) 'example_trigger_target_dag' retrieved from /home/airflow/.local/lib/python3.12/site-packages/airflow/example_dags/example_trigger_target_dag.py
[2026-05-08T15:49:25.901+0000] {logging_mixin.py:188} INFO - [2026-05-08T15:49:25.901+0000] {dag.py:3089} INFO - Sync 1 DAGs
[2026-05-08T15:49:25.912+0000] {logging_mixin.py:188} INFO - [2026-05-08T15:49:25.912+0000] {dag.py:3947} INFO - Setting next_dagrun for example_trigger_target_dag to None, run_after=None
[2026-05-08T15:49:25.928+0000] {processor.py:183} INFO - Processing /home/airflow/.local/lib/python3.12/site-packages/airflow/example_dags/example_trigger_target_dag.py took 0.064 seconds
[2026-05-08T15:49:56.212+0000] {processor.py:161} INFO - Started process (PID=106) to work on /home/airflow/.local/lib/python3.12/site-packages/airflow/example_dags/example_trigger_target_dag.py
[2026-05-08T15:49:56.212+0000] {processor.py:830} INFO - Processing file /home/airflow/.local/lib/python3.12/site-packages/airflow/example_dags/example_trigger_target_dag.py for tasks to queue
[2026-05-08T15:49:56.214+0000] {logging_mixin.py:188} INFO - [2026-05-08T15:49:56.213+0000] {dagbag.py:545} INFO - Filling up the DagBag from /home/airflow/.local/lib/python3.12/site-packages/airflow/example_dags/example_trigger_target_dag.py
[2026-05-08T15:49:56.219+0000] {processor.py:840} INFO - DAG(s) 'example_trigger_target_dag' retrieved from /home/airflow/.local/lib/python3.12/site-packages/airflow/example_dags/example_trigger_target_dag.py
[2026-05-08T15:49:56.234+0000] {logging_mixin.py:188} INFO - [2026-05-08T15:49:56.234+0000] {dag.py:3089} INFO - Sync 1 DAGs
[2026-05-08T15:49:56.244+0000] {logging_mixin.py:188} INFO - [2026-05-08T15:49:56.244+0000] {dag.py:3947} INFO - Setting next_dagrun for example_trigger_target_dag to None, run_after=None
[2026-05-08T15:49:56.263+0000] {processor.py:183} INFO - Processing /home/airflow/.local/lib/python3.12/site-packages/airflow/example_dags/example_trigger_target_dag.py took 0.056 seconds
[2026-05-08T15:50:26.416+0000] {processor.py:161} INFO - Started process (PID=164) to work on /home/airflow/.local/lib/python3.12/site-packages/airflow/example_dags/example_trigger_target_dag.py
[2026-05-08T15:50:26.416+0000] {processor.py:830} INFO - Processing file /home/airflow/.local/lib/python3.12/site-packages/airflow/example_dags/example_trigger_target_dag.py for tasks to queue
[2026-05-08T15:50:26.418+0000] {logging_mixin.py:188} INFO - [2026-05-08T15:50:26.417+0000] {dagbag.py:545} INFO - Filling up the DagBag from /home/airflow/.local/lib/python3.12/site-packages/airflow/example_dags/example_trigger_target_dag.py
[2026-05-08T15:50:26.422+0000] {processor.py:840} INFO - DAG(s) 'example_trigger_target_dag' retrieved from /home/airflow/.local/lib/python3.12/site-packages/airflow/example_dags/example_trigger_target_dag.py
[2026-05-08T15:50:26.438+0000] {logging_mixin.py:188} INFO - [2026-05-08T15:50:26.438+0000] {dag.py:3089} INFO - Sync 1 DAGs
[2026-05-08T15:50:26.448+0000] {logging_mixin.py:188} INFO - [2026-05-08T15:50:26.448+0000] {dag.py:3947} INFO - Setting next_dagrun for example_trigger_target_dag to None, run_after=None
[2026-05-08T15:50:26.463+0000] {processor.py:183} INFO - Processing /home/airflow/.local/lib/python3.12/site-packages/airflow/example_dags/example_trigger_target_dag.py took 0.052 seconds
[2026-05-08T15:50:56.767+0000] {processor.py:161} INFO - Started process (PID=222) to work on /home/airflow/.local/lib/python3.12/site-packages/airflow/example_dags/example_trigger_target_dag.py
[2026-05-08T15:50:56.768+0000] {processor.py:830} INFO - Processing file /home/airflow/.local/lib/python3.12/site-packages/airflow/example_dags/example_trigger_target_dag.py for tasks to queue
[2026-05-08T15:50:56.769+0000] {logging_mixin.py:188} INFO - [2026-05-08T15:50:56.769+0000] {dagbag.py:545} INFO - Filling up the DagBag from /home/airflow/.local/lib/python3.12/site-packages/airflow/example_dags/example_trigger_target_dag.py
[2026-05-08T15:50:56.773+0000] {processor.py:840} INFO - DAG(s) 'example_trigger_target_dag' retrieved from /home/airflow/.local/lib/python3.12/site-packages/airflow/example_dags/example_trigger_target_dag.py
[2026-05-08T15:50:56.789+0000] {logging_mixin.py:188} INFO - [2026-05-08T15:50:56.789+0000] {dag.py:3089} INFO - Sync 1 DAGs
[2026-05-08T15:50:56.799+0000] {logging_mixin.py:188} INFO - [2026-05-08T15:50:56.799+0000] {dag.py:3947} INFO - Setting next_dagrun for example_trigger_target_dag to None, run_after=None
[2026-05-08T15:50:56.814+0000] {processor.py:183} INFO - Processing /home/airflow/.local/lib/python3.12/site-packages/airflow/example_dags/example_trigger_target_dag.py took 0.052 seconds
[2026-05-08T15:51:27.040+0000] {processor.py:161} INFO - Started process (PID=280) to work on /home/airflow/.local/lib/python3.12/site-packages/airflow/example_dags/example_trigger_target_dag.py
[2026-05-08T15:51:27.041+0000] {processor.py:830} INFO - Processing file /home/airflow/.local/lib/python3.12/site-packages/airflow/example_dags/example_trigger_target_dag.py for tasks to queue
[2026-05-08T15:51:27.042+0000] {logging_mixin.py:188} INFO - [2026-05-08T15:51:27.042+0000] {dagbag.py:545} INFO - Filling up the DagBag from /home/airflow/.local/lib/python3.12/site-packages/airflow/example_dags/example_trigger_target_dag.py
[2026-05-08T15:51:27.047+0000] {processor.py:840} INFO - DAG(s) 'example_trigger_target_dag' retrieved from /home/airflow/.local/lib/python3.12/site-packages/airflow/example_dags/example_trigger_target_dag.py
[2026-05-08T15:51:27.062+0000] {logging_mixin.py:188} INFO - [2026-05-08T15:51:27.062+0000] {dag.py:3089} INFO - Sync 1 DAGs
[2026-05-08T15:51:27.073+0000] {logging_mixin.py:188} INFO - [2026-05-08T15:51:27.073+0000] {dag.py:3947} INFO - Setting next_dagrun for example_trigger_target_dag to None, run_after=None
[2026-05-08T15:51:27.089+0000] {processor.py:183} INFO - Processing /home/airflow/.local/lib/python3.12/site-packages/airflow/example_dags/example_trigger_target_dag.py took 0.054 seconds
[2026-05-08T15:51:57.333+0000] {processor.py:161} INFO - Started process (PID=338) to work on /home/airflow/.local/lib/python3.12/site-packages/airflow/example_dags/example_trigger_target_dag.py
[2026-05-08T15:51:57.335+0000] {processor.py:830} INFO - Processing file /home/airflow/.local/lib/python3.12/site-packages/airflow/example_dags/example_trigger_target_dag.py for tasks to queue
[2026-05-08T15:51:57.336+0000] {logging_mixin.py:188} INFO - [2026-05-08T15:51:57.336+0000] {dagbag.py:545} INFO - Filling up the DagBag from /home/airflow/.local/lib/python3.12/site-packages/airflow/example_dags/example_trigger_target_dag.py
[2026-05-08T15:51:57.340+0000] {processor.py:840} INFO - DAG(s) 'example_trigger_target_dag' retrieved from /home/airflow/.local/lib/python3.12/site-packages/airflow/example_dags/example_trigger_target_dag.py
[2026-05-08T15:51:57.356+0000] {logging_mixin.py:188} INFO - [2026-05-08T15:51:57.355+0000] {dag.py:3089} INFO - Sync 1 DAGs
[2026-05-08T15:51:57.366+0000] {logging_mixin.py:188} INFO - [2026-05-08T15:51:57.366+0000] {dag.py:3947} INFO - Setting next_dagrun for example_trigger_target_dag to None, run_after=None
[2026-05-08T15:51:57.381+0000] {processor.py:183} INFO - Processing /home/airflow/.local/lib/python3.12/site-packages/airflow/example_dags/example_trigger_target_dag.py took 0.052 seconds
[2026-05-08T15:52:27.819+0000] {processor.py:161} INFO - Started process (PID=396) to work on /home/airflow/.local/lib/python3.12/site-packages/airflow/example_dags/example_trigger_target_dag.py
[2026-05-08T15:52:27.819+0000] {processor.py:830} INFO - Processing file /home/airflow/.local/lib/python3.12/site-packages/airflow/example_dags/example_trigger_target_dag.py for tasks to queue
[2026-05-08T15:52:27.821+0000] {logging_mixin.py:188} INFO - [2026-05-08T15:52:27.821+0000] {dagbag.py:545} INFO - Filling up the DagBag from /home/airflow/.local/lib/python3.12/site-packages/airflow/example_dags/example_trigger_target_dag.py
[2026-05-08T15:52:27.825+0000] {processor.py:840} INFO - DAG(s) 'example_trigger_target_dag' retrieved from /home/airflow/.local/lib/python3.12/site-packages/airflow/example_dags/example_trigger_target_dag.py
[2026-05-08T15:52:27.840+0000] {logging_mixin.py:188} INFO - [2026-05-08T15:52:27.840+0000] {dag.py:3089} INFO - Sync 1 DAGs
[2026-05-08T15:52:27.851+0000] {logging_mixin.py:188} INFO - [2026-05-08T15:52:27.851+0000] {dag.py:3947} INFO - Setting next_dagrun for example_trigger_target_dag to None, run_after=None
[2026-05-08T15:52:27.866+0000] {processor.py:183} INFO - Processing /home/airflow/.local/lib/python3.12/site-packages/airflow/example_dags/example_trigger_target_dag.py took 0.052 seconds
[2026-05-08T15:52:58.180+0000] {processor.py:161} INFO - Started process (PID=454) to work on /home/airflow/.local/lib/python3.12/site-packages/airflow/example_dags/example_trigger_target_dag.py
[2026-05-08T15:52:58.182+0000] {processor.py:830} INFO - Processing file /home/airflow/.local/lib/python3.12/site-packages/airflow/example_dags/example_trigger_target_dag.py for tasks to queue
[2026-05-08T15:52:58.183+0000] {logging_mixin.py:188} INFO - [2026-05-08T15:52:58.183+0000] {dagbag.py:545} INFO - Filling up the DagBag from /home/airflow/.local/lib/python3.12/site-packages/airflow/example_dags/example_trigger_target_dag.py
[2026-05-08T15:52:58.188+0000] {processor.py:840} INFO - DAG(s) 'example_trigger_target_dag' retrieved from /home/airflow/.local/lib/python3.12/site-packages/airflow/example_dags/example_trigger_target_dag.py
[2026-05-08T15:52:58.203+0000] {logging_mixin.py:188} INFO - [2026-05-08T15:52:58.203+0000] {dag.py:3089} INFO - Sync 1 DAGs
[2026-05-08T15:52:58.213+0000] {logging_mixin.py:188} INFO - [2026-05-08T15:52:58.213+0000] {dag.py:3947} INFO - Setting next_dagrun for example_trigger_target_dag to None, run_after=None
[2026-05-08T15:52:58.228+0000] {processor.py:183} INFO - Processing /home/airflow/.local/lib/python3.12/site-packages/airflow/example_dags/example_trigger_target_dag.py took 0.052 seconds
[2026-05-08T15:53:28.432+0000] {processor.py:161} INFO - Started process (PID=512) to work on /home/airflow/.local/lib/python3.12/site-packages/airflow/example_dags/example_trigger_target_dag.py
[2026-05-08T15:53:28.433+0000] {processor.py:830} INFO - Processing file /home/airflow/.local/lib/python3.12/site-packages/airflow/example_dags/example_trigger_target_dag.py for tasks to queue
[2026-05-08T15:53:28.434+0000] {logging_mixin.py:188} INFO - [2026-05-08T15:53:28.434+0000] {dagbag.py:545} INFO - Filling up the DagBag from /home/airflow/.local/lib/python3.12/site-packages/airflow/example_dags/example_trigger_target_dag.py
[2026-05-08T15:53:28.439+0000] {processor.py:840} INFO - DAG(s) 'example_trigger_target_dag' retrieved from /home/airflow/.local/lib/python3.12/site-packages/airflow/example_dags/example_trigger_target_dag.py
[2026-05-08T15:53:28.454+0000] {logging_mixin.py:188} INFO - [2026-05-08T15:53:28.453+0000] {dag.py:3089} INFO - Sync 1 DAGs
[2026-05-08T15:53:28.464+0000] {logging_mixin.py:188} INFO - [2026-05-08T15:53:28.464+0000] {dag.py:3947} INFO - Setting next_dagrun for example_trigger_target_dag to None, run_after=None
[2026-05-08T15:53:28.480+0000] {processor.py:183} INFO - Processing /home/airflow/.local/lib/python3.12/site-packages/airflow/example_dags/example_trigger_target_dag.py took 0.052 seconds
[2026-05-08T15:53:58.952+0000] {processor.py:161} INFO - Started process (PID=570) to work on /home/airflow/.local/lib/python3.12/site-packages/airflow/example_dags/example_trigger_target_dag.py
[2026-05-08T15:53:58.953+0000] {processor.py:830} INFO - Processing file /home/airflow/.local/lib/python3.12/site-packages/airflow/example_dags/example_trigger_target_dag.py for tasks to queue
[2026-05-08T15:53:58.955+0000] {logging_mixin.py:188} INFO - [2026-05-08T15:53:58.954+0000] {dagbag.py:545} INFO - Filling up the DagBag from /home/airflow/.local/lib/python3.12/site-packages/airflow/example_dags/example_trigger_target_dag.py
[2026-05-08T15:53:58.959+0000] {processor.py:840} INFO - DAG(s) 'example_trigger_target_dag' retrieved from /home/airflow/.local/lib/python3.12/site-packages/airflow/example_dags/example_trigger_target_dag.py
[2026-05-08T15:53:58.974+0000] {logging_mixin.py:188} INFO - [2026-05-08T15:53:58.974+0000] {dag.py:3089} INFO - Sync 1 DAGs
[2026-05-08T15:53:58.984+0000] {logging_mixin.py:188} INFO - [2026-05-08T15:53:58.984+0000] {dag.py:3947} INFO - Setting next_dagrun for example_trigger_target_dag to None, run_after=None
[2026-05-08T15:53:58.998+0000] {processor.py:183} INFO - Processing /home/airflow/.local/lib/python3.12/site-packages/airflow/example_dags/example_trigger_target_dag.py took 0.052 seconds
[2026-05-08T15:54:29.349+0000] {processor.py:161} INFO - Started process (PID=628) to work on /home/airflow/.local/lib/python3.12/site-packages/airflow/example_dags/example_trigger_target_dag.py
[2026-05-08T15:54:29.350+0000] {processor.py:830} INFO - Processing file /home/airflow/.local/lib/python3.12/site-packages/airflow/example_dags/example_trigger_target_dag.py for tasks to queue
[2026-05-08T15:54:29.351+0000] {logging_mixin.py:188} INFO - [2026-05-08T15:54:29.351+0000] {dagbag.py:545} INFO - Filling up the DagBag from /home/airflow/.local/lib/python3.12/site-packages/airflow/example_dags/example_trigger_target_dag.py
[2026-05-08T15:54:29.356+0000] {processor.py:840} INFO - DAG(s) 'example_trigger_target_dag' retrieved from /home/airflow/.local/lib/python3.12/site-packages/airflow/example_dags/example_trigger_target_dag.py
[2026-05-08T15:54:29.371+0000] {logging_mixin.py:188} INFO - [2026-05-08T15:54:29.371+0000] {dag.py:3089} INFO - Sync 1 DAGs
[2026-05-08T15:54:29.382+0000] {logging_mixin.py:188} INFO - [2026-05-08T15:54:29.381+0000] {dag.py:3947} INFO - Setting next_dagrun for example_trigger_target_dag to None, run_after=None
[2026-05-08T15:54:29.397+0000] {processor.py:183} INFO - Processing /home/airflow/.local/lib/python3.12/site-packages/airflow/example_dags/example_trigger_target_dag.py took 0.052 seconds
[2026-05-08T15:54:59.668+0000] {processor.py:161} INFO - Started process (PID=686) to work on /home/airflow/.local/lib/python3.12/site-packages/airflow/example_dags/example_trigger_target_dag.py
[2026-05-08T15:54:59.669+0000] {processor.py:830} INFO - Processing file /home/airflow/.local/lib/python3.12/site-packages/airflow/example_dags/example_trigger_target_dag.py for tasks to queue
[2026-05-08T15:54:59.670+0000] {logging_mixin.py:188} INFO - [2026-05-08T15:54:59.670+0000] {dagbag.py:545} INFO - Filling up the DagBag from /home/airflow/.local/lib/python3.12/site-packages/airflow/example_dags/example_trigger_target_dag.py
[2026-05-08T15:54:59.675+0000] {processor.py:840} INFO - DAG(s) 'example_trigger_target_dag' retrieved from /home/airflow/.local/lib/python3.12/site-packages/airflow/example_dags/example_trigger_target_dag.py
[2026-05-08T15:54:59.690+0000] {logging_mixin.py:188} INFO - [2026-05-08T15:54:59.689+0000] {dag.py:3089} INFO - Sync 1 DAGs
[2026-05-08T15:54:59.700+0000] {logging_mixin.py:188} INFO - [2026-05-08T15:54:59.700+0000] {dag.py:3947} INFO - Setting next_dagrun for example_trigger_target_dag to None, run_after=None
[2026-05-08T15:54:59.714+0000] {processor.py:183} INFO - Processing /home/airflow/.local/lib/python3.12/site-packages/airflow/example_dags/example_trigger_target_dag.py took 0.051 seconds
[2026-05-08T15:55:30.026+0000] {processor.py:161} INFO - Started process (PID=744) to work on /home/airflow/.local/lib/python3.12/site-packages/airflow/example_dags/example_trigger_target_dag.py
[2026-05-08T15:55:30.027+0000] {processor.py:830} INFO - Processing file /home/airflow/.local/lib/python3.12/site-packages/airflow/example_dags/example_trigger_target_dag.py for tasks to queue
[2026-05-08T15:55:30.028+0000] {logging_mixin.py:188} INFO - [2026-05-08T15:55:30.028+0000] {dagbag.py:545} INFO - Filling up the DagBag from /home/airflow/.local/lib/python3.12/site-packages/airflow/example_dags/example_trigger_target_dag.py
[2026-05-08T15:55:30.033+0000] {processor.py:840} INFO - DAG(s) 'example_trigger_target_dag' retrieved from /home/airflow/.local/lib/python3.12/site-packages/airflow/example_dags/example_trigger_target_dag.py
[2026-05-08T15:55:30.048+0000] {logging_mixin.py:188} INFO - [2026-05-08T15:55:30.048+0000] {dag.py:3089} INFO - Sync 1 DAGs
[2026-05-08T15:55:30.059+0000] {logging_mixin.py:188} INFO - [2026-05-08T15:55:30.059+0000] {dag.py:3947} INFO - Setting next_dagrun for example_trigger_target_dag to None, run_after=None
[2026-05-08T15:55:30.074+0000] {processor.py:183} INFO - Processing /home/airflow/.local/lib/python3.12/site-packages/airflow/example_dags/example_trigger_target_dag.py took 0.053 seconds
[2026-05-08T15:56:00.515+0000] {processor.py:161} INFO - Started process (PID=802) to work on /home/airflow/.local/lib/python3.12/site-packages/airflow/example_dags/example_trigger_target_dag.py
[2026-05-08T15:56:00.516+0000] {processor.py:830} INFO - Processing file /home/airflow/.local/lib/python3.12/site-packages/airflow/example_dags/example_trigger_target_dag.py for tasks to queue
[2026-05-08T15:56:00.518+0000] {logging_mixin.py:188} INFO - [2026-05-08T15:56:00.518+0000] {dagbag.py:545} INFO - Filling up the DagBag from /home/airflow/.local/lib/python3.12/site-packages/airflow/example_dags/example_trigger_target_dag.py
[2026-05-08T15:56:00.524+0000] {processor.py:840} INFO - DAG(s) 'example_trigger_target_dag' retrieved from /home/airflow/.local/lib/python3.12/site-packages/airflow/example_dags/example_trigger_target_dag.py
[2026-05-08T15:56:00.540+0000] {logging_mixin.py:188} INFO - [2026-05-08T15:56:00.539+0000] {dag.py:3089} INFO - Sync 1 DAGs
[2026-05-08T15:56:00.550+0000] {logging_mixin.py:188} INFO - [2026-05-08T15:56:00.550+0000] {dag.py:3947} INFO - Setting next_dagrun for example_trigger_target_dag to None, run_after=None
[2026-05-08T15:56:00.567+0000] {processor.py:183} INFO - Processing /home/airflow/.local/lib/python3.12/site-packages/airflow/example_dags/example_trigger_target_dag.py took 0.056 seconds
[2026-05-08T15:56:31.108+0000] {processor.py:161} INFO - Started process (PID=860) to work on /home/airflow/.local/lib/python3.12/site-packages/airflow/example_dags/example_trigger_target_dag.py
[2026-05-08T15:56:31.108+0000] {processor.py:830} INFO - Processing file /home/airflow/.local/lib/python3.12/site-packages/airflow/example_dags/example_trigger_target_dag.py for tasks to queue
[2026-05-08T15:56:31.110+0000] {logging_mixin.py:188} INFO - [2026-05-08T15:56:31.109+0000] {dagbag.py:545} INFO - Filling up the DagBag from /home/airflow/.local/lib/python3.12/site-packages/airflow/example_dags/example_trigger_target_dag.py
[2026-05-08T15:56:31.115+0000] {processor.py:840} INFO - DAG(s) 'example_trigger_target_dag' retrieved from /home/airflow/.local/lib/python3.12/site-packages/airflow/example_dags/example_trigger_target_dag.py
[2026-05-08T15:56:31.133+0000] {logging_mixin.py:188} INFO - [2026-05-08T15:56:31.132+0000] {dag.py:3089} INFO - Sync 1 DAGs
[2026-05-08T15:56:31.146+0000] {logging_mixin.py:188} INFO - [2026-05-08T15:56:31.145+0000] {dag.py:3947} INFO - Setting next_dagrun for example_trigger_target_dag to None, run_after=None
[2026-05-08T15:56:31.163+0000] {processor.py:183} INFO - Processing /home/airflow/.local/lib/python3.12/site-packages/airflow/example_dags/example_trigger_target_dag.py took 0.060 seconds
[2026-05-08T15:57:01.212+0000] {processor.py:161} INFO - Started process (PID=918) to work on /home/airflow/.local/lib/python3.12/site-packages/airflow/example_dags/example_trigger_target_dag.py
[2026-05-08T15:57:01.213+0000] {processor.py:830} INFO - Processing file /home/airflow/.local/lib/python3.12/site-packages/airflow/example_dags/example_trigger_target_dag.py for tasks to queue
[2026-05-08T15:57:01.215+0000] {logging_mixin.py:188} INFO - [2026-05-08T15:57:01.215+0000] {dagbag.py:545} INFO - Filling up the DagBag from /home/airflow/.local/lib/python3.12/site-packages/airflow/example_dags/example_trigger_target_dag.py
[2026-05-08T15:57:01.219+0000] {processor.py:840} INFO - DAG(s) 'example_trigger_target_dag' retrieved from /home/airflow/.local/lib/python3.12/site-packages/airflow/example_dags/example_trigger_target_dag.py
[2026-05-08T15:57:01.234+0000] {logging_mixin.py:188} INFO - [2026-05-08T15:57:01.234+0000] {dag.py:3089} INFO - Sync 1 DAGs
[2026-05-08T15:57:01.245+0000] {logging_mixin.py:188} INFO - [2026-05-08T15:57:01.245+0000] {dag.py:3947} INFO - Setting next_dagrun for example_trigger_target_dag to None, run_after=None
[2026-05-08T15:57:01.260+0000] {processor.py:183} INFO - Processing /home/airflow/.local/lib/python3.12/site-packages/airflow/example_dags/example_trigger_target_dag.py took 0.054 seconds
[2026-05-08T15:57:31.429+0000] {processor.py:161} INFO - Started process (PID=976) to work on /home/airflow/.local/lib/python3.12/site-packages/airflow/example_dags/example_trigger_target_dag.py
[2026-05-08T15:57:31.430+0000] {processor.py:830} INFO - Processing file /home/airflow/.local/lib/python3.12/site-packages/airflow/example_dags/example_trigger_target_dag.py for tasks to queue
[2026-05-08T15:57:31.431+0000] {logging_mixin.py:188} INFO - [2026-05-08T15:57:31.431+0000] {dagbag.py:545} INFO - Filling up the DagBag from /home/airflow/.local/lib/python3.12/site-packages/airflow/example_dags/example_trigger_target_dag.py
[2026-05-08T15:57:31.435+0000] {processor.py:840} INFO - DAG(s) 'example_trigger_target_dag' retrieved from /home/airflow/.local/lib/python3.12/site-packages/airflow/example_dags/example_trigger_target_dag.py
[2026-05-08T15:57:31.452+0000] {logging_mixin.py:188} INFO - [2026-05-08T15:57:31.452+0000] {dag.py:3089} INFO - Sync 1 DAGs
[2026-05-08T15:57:31.463+0000] {logging_mixin.py:188} INFO - [2026-05-08T15:57:31.463+0000] {dag.py:3947} INFO - Setting next_dagrun for example_trigger_target_dag to None, run_after=None
[2026-05-08T15:57:31.481+0000] {processor.py:183} INFO - Processing /home/airflow/.local/lib/python3.12/site-packages/airflow/example_dags/example_trigger_target_dag.py took 0.056 seconds
[2026-05-08T15:58:01.569+0000] {processor.py:161} INFO - Started process (PID=1034) to work on /home/airflow/.local/lib/python3.12/site-packages/airflow/example_dags/example_trigger_target_dag.py
[2026-05-08T15:58:01.570+0000] {processor.py:830} INFO - Processing file /home/airflow/.local/lib/python3.12/site-packages/airflow/example_dags/example_trigger_target_dag.py for tasks to queue
[2026-05-08T15:58:01.572+0000] {logging_mixin.py:188} INFO - [2026-05-08T15:58:01.571+0000] {dagbag.py:545} INFO - Filling up the DagBag from /home/airflow/.local/lib/python3.12/site-packages/airflow/example_dags/example_trigger_target_dag.py
[2026-05-08T15:58:01.578+0000] {processor.py:840} INFO - DAG(s) 'example_trigger_target_dag' retrieved from /home/airflow/.local/lib/python3.12/site-packages/airflow/example_dags/example_trigger_target_dag.py
[2026-05-08T15:58:01.593+0000] {logging_mixin.py:188} INFO - [2026-05-08T15:58:01.593+0000] {dag.py:3089} INFO - Sync 1 DAGs
[2026-05-08T15:58:01.604+0000] {logging_mixin.py:188} INFO - [2026-05-08T15:58:01.603+0000] {dag.py:3947} INFO - Setting next_dagrun for example_trigger_target_dag to None, run_after=None
[2026-05-08T15:58:01.621+0000] {processor.py:183} INFO - Processing /home/airflow/.local/lib/python3.12/site-packages/airflow/example_dags/example_trigger_target_dag.py took 0.057 seconds
[2026-05-08T15:58:31.686+0000] {processor.py:161} INFO - Started process (PID=1092) to work on /home/airflow/.local/lib/python3.12/site-packages/airflow/example_dags/example_trigger_target_dag.py
[2026-05-08T15:58:31.687+0000] {processor.py:830} INFO - Processing file /home/airflow/.local/lib/python3.12/site-packages/airflow/example_dags/example_trigger_target_dag.py for tasks to queue
[2026-05-08T15:58:31.688+0000] {logging_mixin.py:188} INFO - [2026-05-08T15:58:31.688+0000] {dagbag.py:545} INFO - Filling up the DagBag from /home/airflow/.local/lib/python3.12/site-packages/airflow/example_dags/example_trigger_target_dag.py
[2026-05-08T15:58:31.693+0000] {processor.py:840} INFO - DAG(s) 'example_trigger_target_dag' retrieved from /home/airflow/.local/lib/python3.12/site-packages/airflow/example_dags/example_trigger_target_dag.py
[2026-05-08T15:58:31.710+0000] {logging_mixin.py:188} INFO - [2026-05-08T15:58:31.710+0000] {dag.py:3089} INFO - Sync 1 DAGs
[2026-05-08T15:58:31.721+0000] {logging_mixin.py:188} INFO - [2026-05-08T15:58:31.721+0000] {dag.py:3947} INFO - Setting next_dagrun for example_trigger_target_dag to None, run_after=None
[2026-05-08T15:58:31.736+0000] {processor.py:183} INFO - Processing /home/airflow/.local/lib/python3.12/site-packages/airflow/example_dags/example_trigger_target_dag.py took 0.054 seconds
[2026-05-08T15:59:02.016+0000] {processor.py:161} INFO - Started process (PID=1150) to work on /home/airflow/.local/lib/python3.12/site-packages/airflow/example_dags/example_trigger_target_dag.py
[2026-05-08T15:59:02.018+0000] {processor.py:830} INFO - Processing file /home/airflow/.local/lib/python3.12/site-packages/airflow/example_dags/example_trigger_target_dag.py for tasks to queue
[2026-05-08T15:59:02.019+0000] {logging_mixin.py:188} INFO - [2026-05-08T15:59:02.019+0000] {dagbag.py:545} INFO - Filling up the DagBag from /home/airflow/.local/lib/python3.12/site-packages/airflow/example_dags/example_trigger_target_dag.py
[2026-05-08T15:59:02.024+0000] {processor.py:840} INFO - DAG(s) 'example_trigger_target_dag' retrieved from /home/airflow/.local/lib/python3.12/site-packages/airflow/example_dags/example_trigger_target_dag.py
[2026-05-08T15:59:02.041+0000] {logging_mixin.py:188} INFO - [2026-05-08T15:59:02.041+0000] {dag.py:3089} INFO - Sync 1 DAGs
[2026-05-08T15:59:02.052+0000] {logging_mixin.py:188} INFO - [2026-05-08T15:59:02.052+0000] {dag.py:3947} INFO - Setting next_dagrun for example_trigger_target_dag to None, run_after=None
[2026-05-08T15:59:02.067+0000] {processor.py:183} INFO - Processing /home/airflow/.local/lib/python3.12/site-packages/airflow/example_dags/example_trigger_target_dag.py took 0.056 seconds
