[2026-05-08T15:39:26.389+0000] {processor.py:161} INFO - Started process (PID=68) to work on /home/airflow/.local/lib/python3.12/site-packages/airflow/example_dags/example_branch_operator.py
[2026-05-08T15:39:26.391+0000] {processor.py:830} INFO - Processing file /home/airflow/.local/lib/python3.12/site-packages/airflow/example_dags/example_branch_operator.py for tasks to queue
[2026-05-08T15:39:26.392+0000] {logging_mixin.py:188} INFO - [2026-05-08T15:39:26.392+0000] {dagbag.py:545} INFO - Filling up the DagBag from /home/airflow/.local/lib/python3.12/site-packages/airflow/example_dags/example_branch_operator.py
[2026-05-08T15:39:26.426+0000] {processor.py:840} INFO - DAG(s) 'example_branch_operator' retrieved from /home/airflow/.local/lib/python3.12/site-packages/airflow/example_dags/example_branch_operator.py
[2026-05-08T15:39:26.601+0000] {logging_mixin.py:188} INFO - [2026-05-08T15:39:26.600+0000] {dag.py:3089} INFO - Sync 1 DAGs
[2026-05-08T15:39:26.623+0000] {logging_mixin.py:188} INFO - [2026-05-08T15:39:26.623+0000] {dag.py:3947} INFO - Setting next_dagrun for example_branch_operator to 2026-05-07 00:00:00+00:00, run_after=2026-05-08 00:00:00+00:00
[2026-05-08T15:39:26.661+0000] {processor.py:183} INFO - Processing /home/airflow/.local/lib/python3.12/site-packages/airflow/example_dags/example_branch_operator.py took 0.282 seconds
[2026-05-08T15:39:57.143+0000] {processor.py:161} INFO - Started process (PID=126) to work on /home/airflow/.local/lib/python3.12/site-packages/airflow/example_dags/example_branch_operator.py
[2026-05-08T15:39:57.143+0000] {processor.py:830} INFO - Processing file /home/airflow/.local/lib/python3.12/site-packages/airflow/example_dags/example_branch_operator.py for tasks to queue
[2026-05-08T15:39:57.144+0000] {logging_mixin.py:188} INFO - [2026-05-08T15:39:57.144+0000] {dagbag.py:545} INFO - Filling up the DagBag from /home/airflow/.local/lib/python3.12/site-packages/airflow/example_dags/example_branch_operator.py
[2026-05-08T15:39:57.160+0000] {processor.py:840} INFO - DAG(s) 'example_branch_operator' retrieved from /home/airflow/.local/lib/python3.12/site-packages/airflow/example_dags/example_branch_operator.py
[2026-05-08T15:39:57.184+0000] {logging_mixin.py:188} INFO - [2026-05-08T15:39:57.184+0000] {dag.py:3089} INFO - Sync 1 DAGs
[2026-05-08T15:39:57.205+0000] {logging_mixin.py:188} INFO - [2026-05-08T15:39:57.205+0000] {dag.py:3947} INFO - Setting next_dagrun for example_branch_operator to 2026-05-07 00:00:00+00:00, run_after=2026-05-08 00:00:00+00:00
[2026-05-08T15:39:57.221+0000] {processor.py:183} INFO - Processing /home/airflow/.local/lib/python3.12/site-packages/airflow/example_dags/example_branch_operator.py took 0.083 seconds
[2026-05-08T15:40:27.647+0000] {processor.py:161} INFO - Started process (PID=184) to work on /home/airflow/.local/lib/python3.12/site-packages/airflow/example_dags/example_branch_operator.py
[2026-05-08T15:40:27.649+0000] {processor.py:830} INFO - Processing file /home/airflow/.local/lib/python3.12/site-packages/airflow/example_dags/example_branch_operator.py for tasks to queue
[2026-05-08T15:40:27.651+0000] {logging_mixin.py:188} INFO - [2026-05-08T15:40:27.650+0000] {dagbag.py:545} INFO - Filling up the DagBag from /home/airflow/.local/lib/python3.12/site-packages/airflow/example_dags/example_branch_operator.py
[2026-05-08T15:40:27.666+0000] {processor.py:840} INFO - DAG(s) 'example_branch_operator' retrieved from /home/airflow/.local/lib/python3.12/site-packages/airflow/example_dags/example_branch_operator.py
[2026-05-08T15:40:27.692+0000] {logging_mixin.py:188} INFO - [2026-05-08T15:40:27.692+0000] {dag.py:3089} INFO - Sync 1 DAGs
[2026-05-08T15:40:27.731+0000] {logging_mixin.py:188} INFO - [2026-05-08T15:40:27.731+0000] {dag.py:3947} INFO - Setting next_dagrun for example_branch_operator to 2026-05-07 00:00:00+00:00, run_after=2026-05-08 00:00:00+00:00
[2026-05-08T15:40:27.754+0000] {processor.py:183} INFO - Processing /home/airflow/.local/lib/python3.12/site-packages/airflow/example_dags/example_branch_operator.py took 0.112 seconds
[2026-05-08T15:40:57.791+0000] {processor.py:161} INFO - Started process (PID=243) to work on /home/airflow/.local/lib/python3.12/site-packages/airflow/example_dags/example_branch_operator.py
[2026-05-08T15:40:57.792+0000] {processor.py:830} INFO - Processing file /home/airflow/.local/lib/python3.12/site-packages/airflow/example_dags/example_branch_operator.py for tasks to queue
[2026-05-08T15:40:57.793+0000] {logging_mixin.py:188} INFO - [2026-05-08T15:40:57.793+0000] {dagbag.py:545} INFO - Filling up the DagBag from /home/airflow/.local/lib/python3.12/site-packages/airflow/example_dags/example_branch_operator.py
[2026-05-08T15:40:57.807+0000] {processor.py:840} INFO - DAG(s) 'example_branch_operator' retrieved from /home/airflow/.local/lib/python3.12/site-packages/airflow/example_dags/example_branch_operator.py
[2026-05-08T15:40:57.831+0000] {logging_mixin.py:188} INFO - [2026-05-08T15:40:57.831+0000] {dag.py:3089} INFO - Sync 1 DAGs
[2026-05-08T15:40:57.849+0000] {logging_mixin.py:188} INFO - [2026-05-08T15:40:57.849+0000] {dag.py:3947} INFO - Setting next_dagrun for example_branch_operator to 2026-05-07 00:00:00+00:00, run_after=2026-05-08 00:00:00+00:00
[2026-05-08T15:40:57.863+0000] {processor.py:183} INFO - Processing /home/airflow/.local/lib/python3.12/site-packages/airflow/example_dags/example_branch_operator.py took 0.077 seconds
[2026-05-08T15:41:28.158+0000] {processor.py:161} INFO - Started process (PID=301) to work on /home/airflow/.local/lib/python3.12/site-packages/airflow/example_dags/example_branch_operator.py
[2026-05-08T15:41:28.160+0000] {processor.py:830} INFO - Processing file /home/airflow/.local/lib/python3.12/site-packages/airflow/example_dags/example_branch_operator.py for tasks to queue
[2026-05-08T15:41:28.162+0000] {logging_mixin.py:188} INFO - [2026-05-08T15:41:28.162+0000] {dagbag.py:545} INFO - Filling up the DagBag from /home/airflow/.local/lib/python3.12/site-packages/airflow/example_dags/example_branch_operator.py
[2026-05-08T15:41:28.176+0000] {processor.py:840} INFO - DAG(s) 'example_branch_operator' retrieved from /home/airflow/.local/lib/python3.12/site-packages/airflow/example_dags/example_branch_operator.py
[2026-05-08T15:41:28.201+0000] {logging_mixin.py:188} INFO - [2026-05-08T15:41:28.201+0000] {dag.py:3089} INFO - Sync 1 DAGs
[2026-05-08T15:41:28.222+0000] {logging_mixin.py:188} INFO - [2026-05-08T15:41:28.221+0000] {dag.py:3947} INFO - Setting next_dagrun for example_branch_operator to 2026-05-07 00:00:00+00:00, run_after=2026-05-08 00:00:00+00:00
[2026-05-08T15:41:28.237+0000] {processor.py:183} INFO - Processing /home/airflow/.local/lib/python3.12/site-packages/airflow/example_dags/example_branch_operator.py took 0.084 seconds
[2026-05-08T15:41:58.425+0000] {processor.py:161} INFO - Started process (PID=357) to work on /home/airflow/.local/lib/python3.12/site-packages/airflow/example_dags/example_branch_operator.py
[2026-05-08T15:41:58.425+0000] {processor.py:830} INFO - Processing file /home/airflow/.local/lib/python3.12/site-packages/airflow/example_dags/example_branch_operator.py for tasks to queue
[2026-05-08T15:41:58.427+0000] {logging_mixin.py:188} INFO - [2026-05-08T15:41:58.426+0000] {dagbag.py:545} INFO - Filling up the DagBag from /home/airflow/.local/lib/python3.12/site-packages/airflow/example_dags/example_branch_operator.py
[2026-05-08T15:41:58.442+0000] {processor.py:840} INFO - DAG(s) 'example_branch_operator' retrieved from /home/airflow/.local/lib/python3.12/site-packages/airflow/example_dags/example_branch_operator.py
[2026-05-08T15:41:58.467+0000] {logging_mixin.py:188} INFO - [2026-05-08T15:41:58.467+0000] {dag.py:3089} INFO - Sync 1 DAGs
[2026-05-08T15:41:58.488+0000] {logging_mixin.py:188} INFO - [2026-05-08T15:41:58.488+0000] {dag.py:3947} INFO - Setting next_dagrun for example_branch_operator to 2026-05-07 00:00:00+00:00, run_after=2026-05-08 00:00:00+00:00
[2026-05-08T15:41:58.506+0000] {processor.py:183} INFO - Processing /home/airflow/.local/lib/python3.12/site-packages/airflow/example_dags/example_branch_operator.py took 0.087 seconds
[2026-05-08T15:42:29.038+0000] {processor.py:161} INFO - Started process (PID=415) to work on /home/airflow/.local/lib/python3.12/site-packages/airflow/example_dags/example_branch_operator.py
[2026-05-08T15:42:29.039+0000] {processor.py:830} INFO - Processing file /home/airflow/.local/lib/python3.12/site-packages/airflow/example_dags/example_branch_operator.py for tasks to queue
[2026-05-08T15:42:29.040+0000] {logging_mixin.py:188} INFO - [2026-05-08T15:42:29.040+0000] {dagbag.py:545} INFO - Filling up the DagBag from /home/airflow/.local/lib/python3.12/site-packages/airflow/example_dags/example_branch_operator.py
[2026-05-08T15:42:29.055+0000] {processor.py:840} INFO - DAG(s) 'example_branch_operator' retrieved from /home/airflow/.local/lib/python3.12/site-packages/airflow/example_dags/example_branch_operator.py
[2026-05-08T15:42:29.080+0000] {logging_mixin.py:188} INFO - [2026-05-08T15:42:29.079+0000] {dag.py:3089} INFO - Sync 1 DAGs
[2026-05-08T15:42:29.101+0000] {logging_mixin.py:188} INFO - [2026-05-08T15:42:29.101+0000] {dag.py:3947} INFO - Setting next_dagrun for example_branch_operator to 2026-05-07 00:00:00+00:00, run_after=2026-05-08 00:00:00+00:00
[2026-05-08T15:42:29.118+0000] {processor.py:183} INFO - Processing /home/airflow/.local/lib/python3.12/site-packages/airflow/example_dags/example_branch_operator.py took 0.085 seconds
[2026-05-08T15:42:59.590+0000] {processor.py:161} INFO - Started process (PID=473) to work on /home/airflow/.local/lib/python3.12/site-packages/airflow/example_dags/example_branch_operator.py
[2026-05-08T15:42:59.590+0000] {processor.py:830} INFO - Processing file /home/airflow/.local/lib/python3.12/site-packages/airflow/example_dags/example_branch_operator.py for tasks to queue
[2026-05-08T15:42:59.592+0000] {logging_mixin.py:188} INFO - [2026-05-08T15:42:59.591+0000] {dagbag.py:545} INFO - Filling up the DagBag from /home/airflow/.local/lib/python3.12/site-packages/airflow/example_dags/example_branch_operator.py
[2026-05-08T15:42:59.606+0000] {processor.py:840} INFO - DAG(s) 'example_branch_operator' retrieved from /home/airflow/.local/lib/python3.12/site-packages/airflow/example_dags/example_branch_operator.py
[2026-05-08T15:42:59.632+0000] {logging_mixin.py:188} INFO - [2026-05-08T15:42:59.632+0000] {dag.py:3089} INFO - Sync 1 DAGs
[2026-05-08T15:42:59.654+0000] {logging_mixin.py:188} INFO - [2026-05-08T15:42:59.653+0000] {dag.py:3947} INFO - Setting next_dagrun for example_branch_operator to 2026-05-07 00:00:00+00:00, run_after=2026-05-08 00:00:00+00:00
[2026-05-08T15:42:59.708+0000] {processor.py:183} INFO - Processing /home/airflow/.local/lib/python3.12/site-packages/airflow/example_dags/example_branch_operator.py took 0.124 seconds
[2026-05-08T15:43:30.023+0000] {processor.py:161} INFO - Started process (PID=531) to work on /home/airflow/.local/lib/python3.12/site-packages/airflow/example_dags/example_branch_operator.py
[2026-05-08T15:43:30.024+0000] {processor.py:830} INFO - Processing file /home/airflow/.local/lib/python3.12/site-packages/airflow/example_dags/example_branch_operator.py for tasks to queue
[2026-05-08T15:43:30.026+0000] {logging_mixin.py:188} INFO - [2026-05-08T15:43:30.025+0000] {dagbag.py:545} INFO - Filling up the DagBag from /home/airflow/.local/lib/python3.12/site-packages/airflow/example_dags/example_branch_operator.py
[2026-05-08T15:43:30.040+0000] {processor.py:840} INFO - DAG(s) 'example_branch_operator' retrieved from /home/airflow/.local/lib/python3.12/site-packages/airflow/example_dags/example_branch_operator.py
[2026-05-08T15:43:30.065+0000] {logging_mixin.py:188} INFO - [2026-05-08T15:43:30.064+0000] {dag.py:3089} INFO - Sync 1 DAGs
[2026-05-08T15:43:30.085+0000] {logging_mixin.py:188} INFO - [2026-05-08T15:43:30.085+0000] {dag.py:3947} INFO - Setting next_dagrun for example_branch_operator to 2026-05-07 00:00:00+00:00, run_after=2026-05-08 00:00:00+00:00
[2026-05-08T15:43:30.100+0000] {processor.py:183} INFO - Processing /home/airflow/.local/lib/python3.12/site-packages/airflow/example_dags/example_branch_operator.py took 0.082 seconds
[2026-05-08T15:44:00.475+0000] {processor.py:161} INFO - Started process (PID=589) to work on /home/airflow/.local/lib/python3.12/site-packages/airflow/example_dags/example_branch_operator.py
[2026-05-08T15:44:00.475+0000] {processor.py:830} INFO - Processing file /home/airflow/.local/lib/python3.12/site-packages/airflow/example_dags/example_branch_operator.py for tasks to queue
[2026-05-08T15:44:00.477+0000] {logging_mixin.py:188} INFO - [2026-05-08T15:44:00.476+0000] {dagbag.py:545} INFO - Filling up the DagBag from /home/airflow/.local/lib/python3.12/site-packages/airflow/example_dags/example_branch_operator.py
[2026-05-08T15:44:00.491+0000] {processor.py:840} INFO - DAG(s) 'example_branch_operator' retrieved from /home/airflow/.local/lib/python3.12/site-packages/airflow/example_dags/example_branch_operator.py
[2026-05-08T15:44:00.516+0000] {logging_mixin.py:188} INFO - [2026-05-08T15:44:00.516+0000] {dag.py:3089} INFO - Sync 1 DAGs
[2026-05-08T15:44:00.535+0000] {logging_mixin.py:188} INFO - [2026-05-08T15:44:00.535+0000] {dag.py:3947} INFO - Setting next_dagrun for example_branch_operator to 2026-05-07 00:00:00+00:00, run_after=2026-05-08 00:00:00+00:00
[2026-05-08T15:44:00.551+0000] {processor.py:183} INFO - Processing /home/airflow/.local/lib/python3.12/site-packages/airflow/example_dags/example_branch_operator.py took 0.082 seconds
[2026-05-08T15:44:31.095+0000] {processor.py:161} INFO - Started process (PID=647) to work on /home/airflow/.local/lib/python3.12/site-packages/airflow/example_dags/example_branch_operator.py
[2026-05-08T15:44:31.096+0000] {processor.py:830} INFO - Processing file /home/airflow/.local/lib/python3.12/site-packages/airflow/example_dags/example_branch_operator.py for tasks to queue
[2026-05-08T15:44:31.097+0000] {logging_mixin.py:188} INFO - [2026-05-08T15:44:31.097+0000] {dagbag.py:545} INFO - Filling up the DagBag from /home/airflow/.local/lib/python3.12/site-packages/airflow/example_dags/example_branch_operator.py
[2026-05-08T15:44:31.112+0000] {processor.py:840} INFO - DAG(s) 'example_branch_operator' retrieved from /home/airflow/.local/lib/python3.12/site-packages/airflow/example_dags/example_branch_operator.py
[2026-05-08T15:44:31.136+0000] {logging_mixin.py:188} INFO - [2026-05-08T15:44:31.136+0000] {dag.py:3089} INFO - Sync 1 DAGs
[2026-05-08T15:44:31.157+0000] {logging_mixin.py:188} INFO - [2026-05-08T15:44:31.157+0000] {dag.py:3947} INFO - Setting next_dagrun for example_branch_operator to 2026-05-07 00:00:00+00:00, run_after=2026-05-08 00:00:00+00:00
[2026-05-08T15:44:31.173+0000] {processor.py:183} INFO - Processing /home/airflow/.local/lib/python3.12/site-packages/airflow/example_dags/example_branch_operator.py took 0.083 seconds
[2026-05-08T15:45:01.517+0000] {processor.py:161} INFO - Started process (PID=705) to work on /home/airflow/.local/lib/python3.12/site-packages/airflow/example_dags/example_branch_operator.py
[2026-05-08T15:45:01.517+0000] {processor.py:830} INFO - Processing file /home/airflow/.local/lib/python3.12/site-packages/airflow/example_dags/example_branch_operator.py for tasks to queue
[2026-05-08T15:45:01.519+0000] {logging_mixin.py:188} INFO - [2026-05-08T15:45:01.519+0000] {dagbag.py:545} INFO - Filling up the DagBag from /home/airflow/.local/lib/python3.12/site-packages/airflow/example_dags/example_branch_operator.py
[2026-05-08T15:45:01.533+0000] {processor.py:840} INFO - DAG(s) 'example_branch_operator' retrieved from /home/airflow/.local/lib/python3.12/site-packages/airflow/example_dags/example_branch_operator.py
[2026-05-08T15:45:01.558+0000] {logging_mixin.py:188} INFO - [2026-05-08T15:45:01.558+0000] {dag.py:3089} INFO - Sync 1 DAGs
[2026-05-08T15:45:01.579+0000] {logging_mixin.py:188} INFO - [2026-05-08T15:45:01.578+0000] {dag.py:3947} INFO - Setting next_dagrun for example_branch_operator to 2026-05-07 00:00:00+00:00, run_after=2026-05-08 00:00:00+00:00
[2026-05-08T15:45:01.595+0000] {processor.py:183} INFO - Processing /home/airflow/.local/lib/python3.12/site-packages/airflow/example_dags/example_branch_operator.py took 0.083 seconds
[2026-05-08T15:45:32.285+0000] {processor.py:161} INFO - Started process (PID=763) to work on /home/airflow/.local/lib/python3.12/site-packages/airflow/example_dags/example_branch_operator.py
[2026-05-08T15:45:32.286+0000] {processor.py:830} INFO - Processing file /home/airflow/.local/lib/python3.12/site-packages/airflow/example_dags/example_branch_operator.py for tasks to queue
[2026-05-08T15:45:32.287+0000] {logging_mixin.py:188} INFO - [2026-05-08T15:45:32.287+0000] {dagbag.py:545} INFO - Filling up the DagBag from /home/airflow/.local/lib/python3.12/site-packages/airflow/example_dags/example_branch_operator.py
[2026-05-08T15:45:32.301+0000] {processor.py:840} INFO - DAG(s) 'example_branch_operator' retrieved from /home/airflow/.local/lib/python3.12/site-packages/airflow/example_dags/example_branch_operator.py
[2026-05-08T15:45:32.326+0000] {logging_mixin.py:188} INFO - [2026-05-08T15:45:32.326+0000] {dag.py:3089} INFO - Sync 1 DAGs
[2026-05-08T15:45:32.347+0000] {logging_mixin.py:188} INFO - [2026-05-08T15:45:32.347+0000] {dag.py:3947} INFO - Setting next_dagrun for example_branch_operator to 2026-05-07 00:00:00+00:00, run_after=2026-05-08 00:00:00+00:00
[2026-05-08T15:45:32.363+0000] {processor.py:183} INFO - Processing /home/airflow/.local/lib/python3.12/site-packages/airflow/example_dags/example_branch_operator.py took 0.083 seconds
[2026-05-08T15:46:02.901+0000] {processor.py:161} INFO - Started process (PID=821) to work on /home/airflow/.local/lib/python3.12/site-packages/airflow/example_dags/example_branch_operator.py
[2026-05-08T15:46:02.901+0000] {processor.py:830} INFO - Processing file /home/airflow/.local/lib/python3.12/site-packages/airflow/example_dags/example_branch_operator.py for tasks to queue
[2026-05-08T15:46:02.903+0000] {logging_mixin.py:188} INFO - [2026-05-08T15:46:02.902+0000] {dagbag.py:545} INFO - Filling up the DagBag from /home/airflow/.local/lib/python3.12/site-packages/airflow/example_dags/example_branch_operator.py
[2026-05-08T15:46:02.917+0000] {processor.py:840} INFO - DAG(s) 'example_branch_operator' retrieved from /home/airflow/.local/lib/python3.12/site-packages/airflow/example_dags/example_branch_operator.py
[2026-05-08T15:46:02.942+0000] {logging_mixin.py:188} INFO - [2026-05-08T15:46:02.942+0000] {dag.py:3089} INFO - Sync 1 DAGs
[2026-05-08T15:46:02.962+0000] {logging_mixin.py:188} INFO - [2026-05-08T15:46:02.961+0000] {dag.py:3947} INFO - Setting next_dagrun for example_branch_operator to 2026-05-07 00:00:00+00:00, run_after=2026-05-08 00:00:00+00:00
[2026-05-08T15:46:02.978+0000] {processor.py:183} INFO - Processing /home/airflow/.local/lib/python3.12/site-packages/airflow/example_dags/example_branch_operator.py took 0.083 seconds
[2026-05-08T15:46:33.604+0000] {processor.py:161} INFO - Started process (PID=879) to work on /home/airflow/.local/lib/python3.12/site-packages/airflow/example_dags/example_branch_operator.py
[2026-05-08T15:46:33.619+0000] {processor.py:830} INFO - Processing file /home/airflow/.local/lib/python3.12/site-packages/airflow/example_dags/example_branch_operator.py for tasks to queue
[2026-05-08T15:46:33.621+0000] {logging_mixin.py:188} INFO - [2026-05-08T15:46:33.620+0000] {dagbag.py:545} INFO - Filling up the DagBag from /home/airflow/.local/lib/python3.12/site-packages/airflow/example_dags/example_branch_operator.py
[2026-05-08T15:46:33.640+0000] {processor.py:840} INFO - DAG(s) 'example_branch_operator' retrieved from /home/airflow/.local/lib/python3.12/site-packages/airflow/example_dags/example_branch_operator.py
[2026-05-08T15:46:33.667+0000] {logging_mixin.py:188} INFO - [2026-05-08T15:46:33.667+0000] {dag.py:3089} INFO - Sync 1 DAGs
[2026-05-08T15:46:33.690+0000] {logging_mixin.py:188} INFO - [2026-05-08T15:46:33.690+0000] {dag.py:3947} INFO - Setting next_dagrun for example_branch_operator to 2026-05-07 00:00:00+00:00, run_after=2026-05-08 00:00:00+00:00
[2026-05-08T15:46:33.709+0000] {processor.py:183} INFO - Processing /home/airflow/.local/lib/python3.12/site-packages/airflow/example_dags/example_branch_operator.py took 0.113 seconds
[2026-05-08T15:47:04.218+0000] {processor.py:161} INFO - Started process (PID=937) to work on /home/airflow/.local/lib/python3.12/site-packages/airflow/example_dags/example_branch_operator.py
[2026-05-08T15:47:04.219+0000] {processor.py:830} INFO - Processing file /home/airflow/.local/lib/python3.12/site-packages/airflow/example_dags/example_branch_operator.py for tasks to queue
[2026-05-08T15:47:04.220+0000] {logging_mixin.py:188} INFO - [2026-05-08T15:47:04.220+0000] {dagbag.py:545} INFO - Filling up the DagBag from /home/airflow/.local/lib/python3.12/site-packages/airflow/example_dags/example_branch_operator.py
[2026-05-08T15:47:04.235+0000] {processor.py:840} INFO - DAG(s) 'example_branch_operator' retrieved from /home/airflow/.local/lib/python3.12/site-packages/airflow/example_dags/example_branch_operator.py
[2026-05-08T15:47:04.261+0000] {logging_mixin.py:188} INFO - [2026-05-08T15:47:04.261+0000] {dag.py:3089} INFO - Sync 1 DAGs
[2026-05-08T15:47:04.282+0000] {logging_mixin.py:188} INFO - [2026-05-08T15:47:04.282+0000] {dag.py:3947} INFO - Setting next_dagrun for example_branch_operator to 2026-05-07 00:00:00+00:00, run_after=2026-05-08 00:00:00+00:00
[2026-05-08T15:47:04.298+0000] {processor.py:183} INFO - Processing /home/airflow/.local/lib/python3.12/site-packages/airflow/example_dags/example_branch_operator.py took 0.086 seconds
[2026-05-08T15:47:34.403+0000] {processor.py:161} INFO - Started process (PID=995) to work on /home/airflow/.local/lib/python3.12/site-packages/airflow/example_dags/example_branch_operator.py
[2026-05-08T15:47:34.404+0000] {processor.py:830} INFO - Processing file /home/airflow/.local/lib/python3.12/site-packages/airflow/example_dags/example_branch_operator.py for tasks to queue
[2026-05-08T15:47:34.405+0000] {logging_mixin.py:188} INFO - [2026-05-08T15:47:34.405+0000] {dagbag.py:545} INFO - Filling up the DagBag from /home/airflow/.local/lib/python3.12/site-packages/airflow/example_dags/example_branch_operator.py
[2026-05-08T15:47:34.420+0000] {processor.py:840} INFO - DAG(s) 'example_branch_operator' retrieved from /home/airflow/.local/lib/python3.12/site-packages/airflow/example_dags/example_branch_operator.py
[2026-05-08T15:47:34.445+0000] {logging_mixin.py:188} INFO - [2026-05-08T15:47:34.445+0000] {dag.py:3089} INFO - Sync 1 DAGs
[2026-05-08T15:47:34.465+0000] {logging_mixin.py:188} INFO - [2026-05-08T15:47:34.465+0000] {dag.py:3947} INFO - Setting next_dagrun for example_branch_operator to 2026-05-07 00:00:00+00:00, run_after=2026-05-08 00:00:00+00:00
[2026-05-08T15:47:34.481+0000] {processor.py:183} INFO - Processing /home/airflow/.local/lib/python3.12/site-packages/airflow/example_dags/example_branch_operator.py took 0.083 seconds
[2026-05-08T15:48:05.614+0000] {processor.py:161} INFO - Started process (PID=1054) to work on /home/airflow/.local/lib/python3.12/site-packages/airflow/example_dags/example_branch_operator.py
[2026-05-08T15:48:05.615+0000] {processor.py:830} INFO - Processing file /home/airflow/.local/lib/python3.12/site-packages/airflow/example_dags/example_branch_operator.py for tasks to queue
[2026-05-08T15:48:05.616+0000] {logging_mixin.py:188} INFO - [2026-05-08T15:48:05.616+0000] {dagbag.py:545} INFO - Filling up the DagBag from /home/airflow/.local/lib/python3.12/site-packages/airflow/example_dags/example_branch_operator.py
[2026-05-08T15:48:05.871+0000] {processor.py:840} INFO - DAG(s) 'example_branch_operator' retrieved from /home/airflow/.local/lib/python3.12/site-packages/airflow/example_dags/example_branch_operator.py
[2026-05-08T15:48:05.898+0000] {logging_mixin.py:188} INFO - [2026-05-08T15:48:05.898+0000] {dag.py:3089} INFO - Sync 1 DAGs
[2026-05-08T15:48:05.919+0000] {logging_mixin.py:188} INFO - [2026-05-08T15:48:05.919+0000] {dag.py:3947} INFO - Setting next_dagrun for example_branch_operator to 2026-05-07 00:00:00+00:00, run_after=2026-05-08 00:00:00+00:00
[2026-05-08T15:48:05.943+0000] {processor.py:183} INFO - Processing /home/airflow/.local/lib/python3.12/site-packages/airflow/example_dags/example_branch_operator.py took 0.334 seconds
[2026-05-08T15:48:36.911+0000] {processor.py:161} INFO - Started process (PID=1112) to work on /home/airflow/.local/lib/python3.12/site-packages/airflow/example_dags/example_branch_operator.py
[2026-05-08T15:48:36.929+0000] {processor.py:830} INFO - Processing file /home/airflow/.local/lib/python3.12/site-packages/airflow/example_dags/example_branch_operator.py for tasks to queue
[2026-05-08T15:48:36.930+0000] {logging_mixin.py:188} INFO - [2026-05-08T15:48:36.930+0000] {dagbag.py:545} INFO - Filling up the DagBag from /home/airflow/.local/lib/python3.12/site-packages/airflow/example_dags/example_branch_operator.py
[2026-05-08T15:48:36.977+0000] {processor.py:840} INFO - DAG(s) 'example_branch_operator' retrieved from /home/airflow/.local/lib/python3.12/site-packages/airflow/example_dags/example_branch_operator.py
[2026-05-08T15:48:37.001+0000] {logging_mixin.py:188} INFO - [2026-05-08T15:48:37.000+0000] {dag.py:3089} INFO - Sync 1 DAGs
[2026-05-08T15:48:37.019+0000] {logging_mixin.py:188} INFO - [2026-05-08T15:48:37.019+0000] {dag.py:3947} INFO - Setting next_dagrun for example_branch_operator to 2026-05-07 00:00:00+00:00, run_after=2026-05-08 00:00:00+00:00
[2026-05-08T15:48:37.045+0000] {processor.py:183} INFO - Processing /home/airflow/.local/lib/python3.12/site-packages/airflow/example_dags/example_branch_operator.py took 0.138 seconds
[2026-05-08T15:49:26.858+0000] {processor.py:161} INFO - Started process (PID=62) to work on /home/airflow/.local/lib/python3.12/site-packages/airflow/example_dags/example_branch_operator.py
[2026-05-08T15:49:26.859+0000] {processor.py:830} INFO - Processing file /home/airflow/.local/lib/python3.12/site-packages/airflow/example_dags/example_branch_operator.py for tasks to queue
[2026-05-08T15:49:26.861+0000] {logging_mixin.py:188} INFO - [2026-05-08T15:49:26.860+0000] {dagbag.py:545} INFO - Filling up the DagBag from /home/airflow/.local/lib/python3.12/site-packages/airflow/example_dags/example_branch_operator.py
[2026-05-08T15:49:26.876+0000] {processor.py:840} INFO - DAG(s) 'example_branch_operator' retrieved from /home/airflow/.local/lib/python3.12/site-packages/airflow/example_dags/example_branch_operator.py
[2026-05-08T15:49:26.977+0000] {logging_mixin.py:188} INFO - [2026-05-08T15:49:26.976+0000] {dag.py:3089} INFO - Sync 1 DAGs
[2026-05-08T15:49:26.996+0000] {logging_mixin.py:188} INFO - [2026-05-08T15:49:26.996+0000] {dag.py:3947} INFO - Setting next_dagrun for example_branch_operator to 2026-05-07 00:00:00+00:00, run_after=2026-05-08 00:00:00+00:00
[2026-05-08T15:49:27.015+0000] {processor.py:183} INFO - Processing /home/airflow/.local/lib/python3.12/site-packages/airflow/example_dags/example_branch_operator.py took 0.162 seconds
[2026-05-08T15:49:57.047+0000] {processor.py:161} INFO - Started process (PID=120) to work on /home/airflow/.local/lib/python3.12/site-packages/airflow/example_dags/example_branch_operator.py
[2026-05-08T15:49:57.048+0000] {processor.py:830} INFO - Processing file /home/airflow/.local/lib/python3.12/site-packages/airflow/example_dags/example_branch_operator.py for tasks to queue
[2026-05-08T15:49:57.049+0000] {logging_mixin.py:188} INFO - [2026-05-08T15:49:57.049+0000] {dagbag.py:545} INFO - Filling up the DagBag from /home/airflow/.local/lib/python3.12/site-packages/airflow/example_dags/example_branch_operator.py
[2026-05-08T15:49:57.066+0000] {processor.py:840} INFO - DAG(s) 'example_branch_operator' retrieved from /home/airflow/.local/lib/python3.12/site-packages/airflow/example_dags/example_branch_operator.py
[2026-05-08T15:49:57.090+0000] {logging_mixin.py:188} INFO - [2026-05-08T15:49:57.090+0000] {dag.py:3089} INFO - Sync 1 DAGs
[2026-05-08T15:49:57.109+0000] {logging_mixin.py:188} INFO - [2026-05-08T15:49:57.108+0000] {dag.py:3947} INFO - Setting next_dagrun for example_branch_operator to 2026-05-07 00:00:00+00:00, run_after=2026-05-08 00:00:00+00:00
[2026-05-08T15:49:57.129+0000] {processor.py:183} INFO - Processing /home/airflow/.local/lib/python3.12/site-packages/airflow/example_dags/example_branch_operator.py took 0.086 seconds
[2026-05-08T15:50:28.009+0000] {processor.py:161} INFO - Started process (PID=178) to work on /home/airflow/.local/lib/python3.12/site-packages/airflow/example_dags/example_branch_operator.py
[2026-05-08T15:50:28.011+0000] {processor.py:830} INFO - Processing file /home/airflow/.local/lib/python3.12/site-packages/airflow/example_dags/example_branch_operator.py for tasks to queue
[2026-05-08T15:50:28.012+0000] {logging_mixin.py:188} INFO - [2026-05-08T15:50:28.012+0000] {dagbag.py:545} INFO - Filling up the DagBag from /home/airflow/.local/lib/python3.12/site-packages/airflow/example_dags/example_branch_operator.py
[2026-05-08T15:50:28.025+0000] {processor.py:840} INFO - DAG(s) 'example_branch_operator' retrieved from /home/airflow/.local/lib/python3.12/site-packages/airflow/example_dags/example_branch_operator.py
[2026-05-08T15:50:28.049+0000] {logging_mixin.py:188} INFO - [2026-05-08T15:50:28.048+0000] {dag.py:3089} INFO - Sync 1 DAGs
[2026-05-08T15:50:28.067+0000] {logging_mixin.py:188} INFO - [2026-05-08T15:50:28.067+0000] {dag.py:3947} INFO - Setting next_dagrun for example_branch_operator to 2026-05-07 00:00:00+00:00, run_after=2026-05-08 00:00:00+00:00
[2026-05-08T15:50:28.082+0000] {processor.py:183} INFO - Processing /home/airflow/.local/lib/python3.12/site-packages/airflow/example_dags/example_branch_operator.py took 0.077 seconds
[2026-05-08T15:50:58.313+0000] {processor.py:161} INFO - Started process (PID=236) to work on /home/airflow/.local/lib/python3.12/site-packages/airflow/example_dags/example_branch_operator.py
[2026-05-08T15:50:58.313+0000] {processor.py:830} INFO - Processing file /home/airflow/.local/lib/python3.12/site-packages/airflow/example_dags/example_branch_operator.py for tasks to queue
[2026-05-08T15:50:58.314+0000] {logging_mixin.py:188} INFO - [2026-05-08T15:50:58.314+0000] {dagbag.py:545} INFO - Filling up the DagBag from /home/airflow/.local/lib/python3.12/site-packages/airflow/example_dags/example_branch_operator.py
[2026-05-08T15:50:58.328+0000] {processor.py:840} INFO - DAG(s) 'example_branch_operator' retrieved from /home/airflow/.local/lib/python3.12/site-packages/airflow/example_dags/example_branch_operator.py
[2026-05-08T15:50:58.352+0000] {logging_mixin.py:188} INFO - [2026-05-08T15:50:58.352+0000] {dag.py:3089} INFO - Sync 1 DAGs
[2026-05-08T15:50:58.371+0000] {logging_mixin.py:188} INFO - [2026-05-08T15:50:58.370+0000] {dag.py:3947} INFO - Setting next_dagrun for example_branch_operator to 2026-05-07 00:00:00+00:00, run_after=2026-05-08 00:00:00+00:00
[2026-05-08T15:50:58.385+0000] {processor.py:183} INFO - Processing /home/airflow/.local/lib/python3.12/site-packages/airflow/example_dags/example_branch_operator.py took 0.077 seconds
[2026-05-08T15:51:28.623+0000] {processor.py:161} INFO - Started process (PID=294) to work on /home/airflow/.local/lib/python3.12/site-packages/airflow/example_dags/example_branch_operator.py
[2026-05-08T15:51:28.624+0000] {processor.py:830} INFO - Processing file /home/airflow/.local/lib/python3.12/site-packages/airflow/example_dags/example_branch_operator.py for tasks to queue
[2026-05-08T15:51:28.625+0000] {logging_mixin.py:188} INFO - [2026-05-08T15:51:28.625+0000] {dagbag.py:545} INFO - Filling up the DagBag from /home/airflow/.local/lib/python3.12/site-packages/airflow/example_dags/example_branch_operator.py
[2026-05-08T15:51:28.639+0000] {processor.py:840} INFO - DAG(s) 'example_branch_operator' retrieved from /home/airflow/.local/lib/python3.12/site-packages/airflow/example_dags/example_branch_operator.py
[2026-05-08T15:51:28.662+0000] {logging_mixin.py:188} INFO - [2026-05-08T15:51:28.662+0000] {dag.py:3089} INFO - Sync 1 DAGs
[2026-05-08T15:51:28.681+0000] {logging_mixin.py:188} INFO - [2026-05-08T15:51:28.681+0000] {dag.py:3947} INFO - Setting next_dagrun for example_branch_operator to 2026-05-07 00:00:00+00:00, run_after=2026-05-08 00:00:00+00:00
[2026-05-08T15:51:28.695+0000] {processor.py:183} INFO - Processing /home/airflow/.local/lib/python3.12/site-packages/airflow/example_dags/example_branch_operator.py took 0.077 seconds
[2026-05-08T15:51:58.908+0000] {processor.py:161} INFO - Started process (PID=352) to work on /home/airflow/.local/lib/python3.12/site-packages/airflow/example_dags/example_branch_operator.py
[2026-05-08T15:51:58.909+0000] {processor.py:830} INFO - Processing file /home/airflow/.local/lib/python3.12/site-packages/airflow/example_dags/example_branch_operator.py for tasks to queue
[2026-05-08T15:51:58.911+0000] {logging_mixin.py:188} INFO - [2026-05-08T15:51:58.910+0000] {dagbag.py:545} INFO - Filling up the DagBag from /home/airflow/.local/lib/python3.12/site-packages/airflow/example_dags/example_branch_operator.py
[2026-05-08T15:51:58.925+0000] {processor.py:840} INFO - DAG(s) 'example_branch_operator' retrieved from /home/airflow/.local/lib/python3.12/site-packages/airflow/example_dags/example_branch_operator.py
[2026-05-08T15:51:58.951+0000] {logging_mixin.py:188} INFO - [2026-05-08T15:51:58.951+0000] {dag.py:3089} INFO - Sync 1 DAGs
[2026-05-08T15:51:58.971+0000] {logging_mixin.py:188} INFO - [2026-05-08T15:51:58.971+0000] {dag.py:3947} INFO - Setting next_dagrun for example_branch_operator to 2026-05-07 00:00:00+00:00, run_after=2026-05-08 00:00:00+00:00
[2026-05-08T15:51:58.986+0000] {processor.py:183} INFO - Processing /home/airflow/.local/lib/python3.12/site-packages/airflow/example_dags/example_branch_operator.py took 0.083 seconds
[2026-05-08T15:52:29.363+0000] {processor.py:161} INFO - Started process (PID=410) to work on /home/airflow/.local/lib/python3.12/site-packages/airflow/example_dags/example_branch_operator.py
[2026-05-08T15:52:29.363+0000] {processor.py:830} INFO - Processing file /home/airflow/.local/lib/python3.12/site-packages/airflow/example_dags/example_branch_operator.py for tasks to queue
[2026-05-08T15:52:29.365+0000] {logging_mixin.py:188} INFO - [2026-05-08T15:52:29.364+0000] {dagbag.py:545} INFO - Filling up the DagBag from /home/airflow/.local/lib/python3.12/site-packages/airflow/example_dags/example_branch_operator.py
[2026-05-08T15:52:29.378+0000] {processor.py:840} INFO - DAG(s) 'example_branch_operator' retrieved from /home/airflow/.local/lib/python3.12/site-packages/airflow/example_dags/example_branch_operator.py
[2026-05-08T15:52:29.403+0000] {logging_mixin.py:188} INFO - [2026-05-08T15:52:29.402+0000] {dag.py:3089} INFO - Sync 1 DAGs
[2026-05-08T15:52:29.421+0000] {logging_mixin.py:188} INFO - [2026-05-08T15:52:29.421+0000] {dag.py:3947} INFO - Setting next_dagrun for example_branch_operator to 2026-05-07 00:00:00+00:00, run_after=2026-05-08 00:00:00+00:00
[2026-05-08T15:52:29.435+0000] {processor.py:183} INFO - Processing /home/airflow/.local/lib/python3.12/site-packages/airflow/example_dags/example_branch_operator.py took 0.077 seconds
[2026-05-08T15:52:59.723+0000] {processor.py:161} INFO - Started process (PID=468) to work on /home/airflow/.local/lib/python3.12/site-packages/airflow/example_dags/example_branch_operator.py
[2026-05-08T15:52:59.724+0000] {processor.py:830} INFO - Processing file /home/airflow/.local/lib/python3.12/site-packages/airflow/example_dags/example_branch_operator.py for tasks to queue
[2026-05-08T15:52:59.725+0000] {logging_mixin.py:188} INFO - [2026-05-08T15:52:59.725+0000] {dagbag.py:545} INFO - Filling up the DagBag from /home/airflow/.local/lib/python3.12/site-packages/airflow/example_dags/example_branch_operator.py
[2026-05-08T15:52:59.739+0000] {processor.py:840} INFO - DAG(s) 'example_branch_operator' retrieved from /home/airflow/.local/lib/python3.12/site-packages/airflow/example_dags/example_branch_operator.py
[2026-05-08T15:52:59.763+0000] {logging_mixin.py:188} INFO - [2026-05-08T15:52:59.763+0000] {dag.py:3089} INFO - Sync 1 DAGs
[2026-05-08T15:52:59.782+0000] {logging_mixin.py:188} INFO - [2026-05-08T15:52:59.781+0000] {dag.py:3947} INFO - Setting next_dagrun for example_branch_operator to 2026-05-07 00:00:00+00:00, run_after=2026-05-08 00:00:00+00:00
[2026-05-08T15:52:59.796+0000] {processor.py:183} INFO - Processing /home/airflow/.local/lib/python3.12/site-packages/airflow/example_dags/example_branch_operator.py took 0.078 seconds
[2026-05-08T15:53:30.124+0000] {processor.py:161} INFO - Started process (PID=526) to work on /home/airflow/.local/lib/python3.12/site-packages/airflow/example_dags/example_branch_operator.py
[2026-05-08T15:53:30.125+0000] {processor.py:830} INFO - Processing file /home/airflow/.local/lib/python3.12/site-packages/airflow/example_dags/example_branch_operator.py for tasks to queue
[2026-05-08T15:53:30.127+0000] {logging_mixin.py:188} INFO - [2026-05-08T15:53:30.126+0000] {dagbag.py:545} INFO - Filling up the DagBag from /home/airflow/.local/lib/python3.12/site-packages/airflow/example_dags/example_branch_operator.py
[2026-05-08T15:53:30.140+0000] {processor.py:840} INFO - DAG(s) 'example_branch_operator' retrieved from /home/airflow/.local/lib/python3.12/site-packages/airflow/example_dags/example_branch_operator.py
[2026-05-08T15:53:30.165+0000] {logging_mixin.py:188} INFO - [2026-05-08T15:53:30.165+0000] {dag.py:3089} INFO - Sync 1 DAGs
[2026-05-08T15:53:30.185+0000] {logging_mixin.py:188} INFO - [2026-05-08T15:53:30.185+0000] {dag.py:3947} INFO - Setting next_dagrun for example_branch_operator to 2026-05-07 00:00:00+00:00, run_after=2026-05-08 00:00:00+00:00
[2026-05-08T15:53:30.200+0000] {processor.py:183} INFO - Processing /home/airflow/.local/lib/python3.12/site-packages/airflow/example_dags/example_branch_operator.py took 0.080 seconds
[2026-05-08T15:54:00.515+0000] {processor.py:161} INFO - Started process (PID=584) to work on /home/airflow/.local/lib/python3.12/site-packages/airflow/example_dags/example_branch_operator.py
[2026-05-08T15:54:00.516+0000] {processor.py:830} INFO - Processing file /home/airflow/.local/lib/python3.12/site-packages/airflow/example_dags/example_branch_operator.py for tasks to queue
[2026-05-08T15:54:00.518+0000] {logging_mixin.py:188} INFO - [2026-05-08T15:54:00.518+0000] {dagbag.py:545} INFO - Filling up the DagBag from /home/airflow/.local/lib/python3.12/site-packages/airflow/example_dags/example_branch_operator.py
[2026-05-08T15:54:00.535+0000] {processor.py:840} INFO - DAG(s) 'example_branch_operator' retrieved from /home/airflow/.local/lib/python3.12/site-packages/airflow/example_dags/example_branch_operator.py
[2026-05-08T15:54:00.559+0000] {logging_mixin.py:188} INFO - [2026-05-08T15:54:00.559+0000] {dag.py:3089} INFO - Sync 1 DAGs
[2026-05-08T15:54:00.578+0000] {logging_mixin.py:188} INFO - [2026-05-08T15:54:00.578+0000] {dag.py:3947} INFO - Setting next_dagrun for example_branch_operator to 2026-05-07 00:00:00+00:00, run_after=2026-05-08 00:00:00+00:00
[2026-05-08T15:54:00.593+0000] {processor.py:183} INFO - Processing /home/airflow/.local/lib/python3.12/site-packages/airflow/example_dags/example_branch_operator.py took 0.082 seconds
[2026-05-08T15:54:30.897+0000] {processor.py:161} INFO - Started process (PID=642) to work on /home/airflow/.local/lib/python3.12/site-packages/airflow/example_dags/example_branch_operator.py
[2026-05-08T15:54:30.897+0000] {processor.py:830} INFO - Processing file /home/airflow/.local/lib/python3.12/site-packages/airflow/example_dags/example_branch_operator.py for tasks to queue
[2026-05-08T15:54:30.899+0000] {logging_mixin.py:188} INFO - [2026-05-08T15:54:30.898+0000] {dagbag.py:545} INFO - Filling up the DagBag from /home/airflow/.local/lib/python3.12/site-packages/airflow/example_dags/example_branch_operator.py
[2026-05-08T15:54:30.912+0000] {processor.py:840} INFO - DAG(s) 'example_branch_operator' retrieved from /home/airflow/.local/lib/python3.12/site-packages/airflow/example_dags/example_branch_operator.py
[2026-05-08T15:54:30.936+0000] {logging_mixin.py:188} INFO - [2026-05-08T15:54:30.936+0000] {dag.py:3089} INFO - Sync 1 DAGs
[2026-05-08T15:54:30.955+0000] {logging_mixin.py:188} INFO - [2026-05-08T15:54:30.955+0000] {dag.py:3947} INFO - Setting next_dagrun for example_branch_operator to 2026-05-07 00:00:00+00:00, run_after=2026-05-08 00:00:00+00:00
[2026-05-08T15:54:30.969+0000] {processor.py:183} INFO - Processing /home/airflow/.local/lib/python3.12/site-packages/airflow/example_dags/example_branch_operator.py took 0.077 seconds
[2026-05-08T15:55:01.207+0000] {processor.py:161} INFO - Started process (PID=700) to work on /home/airflow/.local/lib/python3.12/site-packages/airflow/example_dags/example_branch_operator.py
[2026-05-08T15:55:01.208+0000] {processor.py:830} INFO - Processing file /home/airflow/.local/lib/python3.12/site-packages/airflow/example_dags/example_branch_operator.py for tasks to queue
[2026-05-08T15:55:01.210+0000] {logging_mixin.py:188} INFO - [2026-05-08T15:55:01.209+0000] {dagbag.py:545} INFO - Filling up the DagBag from /home/airflow/.local/lib/python3.12/site-packages/airflow/example_dags/example_branch_operator.py
[2026-05-08T15:55:01.223+0000] {processor.py:840} INFO - DAG(s) 'example_branch_operator' retrieved from /home/airflow/.local/lib/python3.12/site-packages/airflow/example_dags/example_branch_operator.py
[2026-05-08T15:55:01.247+0000] {logging_mixin.py:188} INFO - [2026-05-08T15:55:01.246+0000] {dag.py:3089} INFO - Sync 1 DAGs
[2026-05-08T15:55:01.266+0000] {logging_mixin.py:188} INFO - [2026-05-08T15:55:01.266+0000] {dag.py:3947} INFO - Setting next_dagrun for example_branch_operator to 2026-05-07 00:00:00+00:00, run_after=2026-05-08 00:00:00+00:00
[2026-05-08T15:55:01.280+0000] {processor.py:183} INFO - Processing /home/airflow/.local/lib/python3.12/site-packages/airflow/example_dags/example_branch_operator.py took 0.077 seconds
[2026-05-08T15:55:31.596+0000] {processor.py:161} INFO - Started process (PID=758) to work on /home/airflow/.local/lib/python3.12/site-packages/airflow/example_dags/example_branch_operator.py
[2026-05-08T15:55:31.596+0000] {processor.py:830} INFO - Processing file /home/airflow/.local/lib/python3.12/site-packages/airflow/example_dags/example_branch_operator.py for tasks to queue
[2026-05-08T15:55:31.598+0000] {logging_mixin.py:188} INFO - [2026-05-08T15:55:31.597+0000] {dagbag.py:545} INFO - Filling up the DagBag from /home/airflow/.local/lib/python3.12/site-packages/airflow/example_dags/example_branch_operator.py
[2026-05-08T15:55:31.611+0000] {processor.py:840} INFO - DAG(s) 'example_branch_operator' retrieved from /home/airflow/.local/lib/python3.12/site-packages/airflow/example_dags/example_branch_operator.py
[2026-05-08T15:55:31.634+0000] {logging_mixin.py:188} INFO - [2026-05-08T15:55:31.634+0000] {dag.py:3089} INFO - Sync 1 DAGs
[2026-05-08T15:55:31.653+0000] {logging_mixin.py:188} INFO - [2026-05-08T15:55:31.653+0000] {dag.py:3947} INFO - Setting next_dagrun for example_branch_operator to 2026-05-07 00:00:00+00:00, run_after=2026-05-08 00:00:00+00:00
[2026-05-08T15:55:31.668+0000] {processor.py:183} INFO - Processing /home/airflow/.local/lib/python3.12/site-packages/airflow/example_dags/example_branch_operator.py took 0.077 seconds
[2026-05-08T15:56:02.119+0000] {processor.py:161} INFO - Started process (PID=816) to work on /home/airflow/.local/lib/python3.12/site-packages/airflow/example_dags/example_branch_operator.py
[2026-05-08T15:56:02.120+0000] {processor.py:830} INFO - Processing file /home/airflow/.local/lib/python3.12/site-packages/airflow/example_dags/example_branch_operator.py for tasks to queue
[2026-05-08T15:56:02.122+0000] {logging_mixin.py:188} INFO - [2026-05-08T15:56:02.122+0000] {dagbag.py:545} INFO - Filling up the DagBag from /home/airflow/.local/lib/python3.12/site-packages/airflow/example_dags/example_branch_operator.py
[2026-05-08T15:56:02.136+0000] {processor.py:840} INFO - DAG(s) 'example_branch_operator' retrieved from /home/airflow/.local/lib/python3.12/site-packages/airflow/example_dags/example_branch_operator.py
[2026-05-08T15:56:02.161+0000] {logging_mixin.py:188} INFO - [2026-05-08T15:56:02.161+0000] {dag.py:3089} INFO - Sync 1 DAGs
[2026-05-08T15:56:02.180+0000] {logging_mixin.py:188} INFO - [2026-05-08T15:56:02.180+0000] {dag.py:3947} INFO - Setting next_dagrun for example_branch_operator to 2026-05-07 00:00:00+00:00, run_after=2026-05-08 00:00:00+00:00
[2026-05-08T15:56:02.197+0000] {processor.py:183} INFO - Processing /home/airflow/.local/lib/python3.12/site-packages/airflow/example_dags/example_branch_operator.py took 0.083 seconds
[2026-05-08T15:56:32.730+0000] {processor.py:161} INFO - Started process (PID=874) to work on /home/airflow/.local/lib/python3.12/site-packages/airflow/example_dags/example_branch_operator.py
[2026-05-08T15:56:32.730+0000] {processor.py:830} INFO - Processing file /home/airflow/.local/lib/python3.12/site-packages/airflow/example_dags/example_branch_operator.py for tasks to queue
[2026-05-08T15:56:32.732+0000] {logging_mixin.py:188} INFO - [2026-05-08T15:56:32.732+0000] {dagbag.py:545} INFO - Filling up the DagBag from /home/airflow/.local/lib/python3.12/site-packages/airflow/example_dags/example_branch_operator.py
[2026-05-08T15:56:32.746+0000] {processor.py:840} INFO - DAG(s) 'example_branch_operator' retrieved from /home/airflow/.local/lib/python3.12/site-packages/airflow/example_dags/example_branch_operator.py
[2026-05-08T15:56:32.771+0000] {logging_mixin.py:188} INFO - [2026-05-08T15:56:32.771+0000] {dag.py:3089} INFO - Sync 1 DAGs
[2026-05-08T15:56:32.792+0000] {logging_mixin.py:188} INFO - [2026-05-08T15:56:32.791+0000] {dag.py:3947} INFO - Setting next_dagrun for example_branch_operator to 2026-05-07 00:00:00+00:00, run_after=2026-05-08 00:00:00+00:00
[2026-05-08T15:56:32.808+0000] {processor.py:183} INFO - Processing /home/airflow/.local/lib/python3.12/site-packages/airflow/example_dags/example_branch_operator.py took 0.083 seconds
[2026-05-08T15:57:02.863+0000] {processor.py:161} INFO - Started process (PID=932) to work on /home/airflow/.local/lib/python3.12/site-packages/airflow/example_dags/example_branch_operator.py
[2026-05-08T15:57:02.864+0000] {processor.py:830} INFO - Processing file /home/airflow/.local/lib/python3.12/site-packages/airflow/example_dags/example_branch_operator.py for tasks to queue
[2026-05-08T15:57:02.865+0000] {logging_mixin.py:188} INFO - [2026-05-08T15:57:02.865+0000] {dagbag.py:545} INFO - Filling up the DagBag from /home/airflow/.local/lib/python3.12/site-packages/airflow/example_dags/example_branch_operator.py
[2026-05-08T15:57:02.880+0000] {processor.py:840} INFO - DAG(s) 'example_branch_operator' retrieved from /home/airflow/.local/lib/python3.12/site-packages/airflow/example_dags/example_branch_operator.py
[2026-05-08T15:57:02.905+0000] {logging_mixin.py:188} INFO - [2026-05-08T15:57:02.904+0000] {dag.py:3089} INFO - Sync 1 DAGs
[2026-05-08T15:57:02.925+0000] {logging_mixin.py:188} INFO - [2026-05-08T15:57:02.925+0000] {dag.py:3947} INFO - Setting next_dagrun for example_branch_operator to 2026-05-07 00:00:00+00:00, run_after=2026-05-08 00:00:00+00:00
[2026-05-08T15:57:02.940+0000] {processor.py:183} INFO - Processing /home/airflow/.local/lib/python3.12/site-packages/airflow/example_dags/example_branch_operator.py took 0.082 seconds
[2026-05-08T15:57:33.032+0000] {processor.py:161} INFO - Started process (PID=990) to work on /home/airflow/.local/lib/python3.12/site-packages/airflow/example_dags/example_branch_operator.py
[2026-05-08T15:57:33.032+0000] {processor.py:830} INFO - Processing file /home/airflow/.local/lib/python3.12/site-packages/airflow/example_dags/example_branch_operator.py for tasks to queue
[2026-05-08T15:57:33.033+0000] {logging_mixin.py:188} INFO - [2026-05-08T15:57:33.033+0000] {dagbag.py:545} INFO - Filling up the DagBag from /home/airflow/.local/lib/python3.12/site-packages/airflow/example_dags/example_branch_operator.py
[2026-05-08T15:57:33.049+0000] {processor.py:840} INFO - DAG(s) 'example_branch_operator' retrieved from /home/airflow/.local/lib/python3.12/site-packages/airflow/example_dags/example_branch_operator.py
[2026-05-08T15:57:33.072+0000] {logging_mixin.py:188} INFO - [2026-05-08T15:57:33.072+0000] {dag.py:3089} INFO - Sync 1 DAGs
[2026-05-08T15:57:33.093+0000] {logging_mixin.py:188} INFO - [2026-05-08T15:57:33.093+0000] {dag.py:3947} INFO - Setting next_dagrun for example_branch_operator to 2026-05-07 00:00:00+00:00, run_after=2026-05-08 00:00:00+00:00
[2026-05-08T15:57:33.107+0000] {processor.py:183} INFO - Processing /home/airflow/.local/lib/python3.12/site-packages/airflow/example_dags/example_branch_operator.py took 0.080 seconds
[2026-05-08T15:58:03.186+0000] {processor.py:161} INFO - Started process (PID=1048) to work on /home/airflow/.local/lib/python3.12/site-packages/airflow/example_dags/example_branch_operator.py
[2026-05-08T15:58:03.187+0000] {processor.py:830} INFO - Processing file /home/airflow/.local/lib/python3.12/site-packages/airflow/example_dags/example_branch_operator.py for tasks to queue
[2026-05-08T15:58:03.189+0000] {logging_mixin.py:188} INFO - [2026-05-08T15:58:03.188+0000] {dagbag.py:545} INFO - Filling up the DagBag from /home/airflow/.local/lib/python3.12/site-packages/airflow/example_dags/example_branch_operator.py
[2026-05-08T15:58:03.202+0000] {processor.py:840} INFO - DAG(s) 'example_branch_operator' retrieved from /home/airflow/.local/lib/python3.12/site-packages/airflow/example_dags/example_branch_operator.py
[2026-05-08T15:58:03.229+0000] {logging_mixin.py:188} INFO - [2026-05-08T15:58:03.229+0000] {dag.py:3089} INFO - Sync 1 DAGs
[2026-05-08T15:58:03.250+0000] {logging_mixin.py:188} INFO - [2026-05-08T15:58:03.250+0000] {dag.py:3947} INFO - Setting next_dagrun for example_branch_operator to 2026-05-07 00:00:00+00:00, run_after=2026-05-08 00:00:00+00:00
[2026-05-08T15:58:03.265+0000] {processor.py:183} INFO - Processing /home/airflow/.local/lib/python3.12/site-packages/airflow/example_dags/example_branch_operator.py took 0.083 seconds
[2026-05-08T15:58:33.391+0000] {processor.py:161} INFO - Started process (PID=1106) to work on /home/airflow/.local/lib/python3.12/site-packages/airflow/example_dags/example_branch_operator.py
[2026-05-08T15:58:33.391+0000] {processor.py:830} INFO - Processing file /home/airflow/.local/lib/python3.12/site-packages/airflow/example_dags/example_branch_operator.py for tasks to queue
[2026-05-08T15:58:33.393+0000] {logging_mixin.py:188} INFO - [2026-05-08T15:58:33.392+0000] {dagbag.py:545} INFO - Filling up the DagBag from /home/airflow/.local/lib/python3.12/site-packages/airflow/example_dags/example_branch_operator.py
[2026-05-08T15:58:33.408+0000] {processor.py:840} INFO - DAG(s) 'example_branch_operator' retrieved from /home/airflow/.local/lib/python3.12/site-packages/airflow/example_dags/example_branch_operator.py
[2026-05-08T15:58:33.431+0000] {logging_mixin.py:188} INFO - [2026-05-08T15:58:33.431+0000] {dag.py:3089} INFO - Sync 1 DAGs
[2026-05-08T15:58:33.452+0000] {logging_mixin.py:188} INFO - [2026-05-08T15:58:33.452+0000] {dag.py:3947} INFO - Setting next_dagrun for example_branch_operator to 2026-05-07 00:00:00+00:00, run_after=2026-05-08 00:00:00+00:00
[2026-05-08T15:58:33.466+0000] {processor.py:183} INFO - Processing /home/airflow/.local/lib/python3.12/site-packages/airflow/example_dags/example_branch_operator.py took 0.080 seconds
[2026-05-08T15:59:03.638+0000] {processor.py:161} INFO - Started process (PID=1164) to work on /home/airflow/.local/lib/python3.12/site-packages/airflow/example_dags/example_branch_operator.py
[2026-05-08T15:59:03.639+0000] {processor.py:830} INFO - Processing file /home/airflow/.local/lib/python3.12/site-packages/airflow/example_dags/example_branch_operator.py for tasks to queue
[2026-05-08T15:59:03.641+0000] {logging_mixin.py:188} INFO - [2026-05-08T15:59:03.641+0000] {dagbag.py:545} INFO - Filling up the DagBag from /home/airflow/.local/lib/python3.12/site-packages/airflow/example_dags/example_branch_operator.py
[2026-05-08T15:59:03.655+0000] {processor.py:840} INFO - DAG(s) 'example_branch_operator' retrieved from /home/airflow/.local/lib/python3.12/site-packages/airflow/example_dags/example_branch_operator.py
[2026-05-08T15:59:03.680+0000] {logging_mixin.py:188} INFO - [2026-05-08T15:59:03.680+0000] {dag.py:3089} INFO - Sync 1 DAGs
[2026-05-08T15:59:03.700+0000] {logging_mixin.py:188} INFO - [2026-05-08T15:59:03.700+0000] {dag.py:3947} INFO - Setting next_dagrun for example_branch_operator to 2026-05-07 00:00:00+00:00, run_after=2026-05-08 00:00:00+00:00
[2026-05-08T15:59:03.717+0000] {processor.py:183} INFO - Processing /home/airflow/.local/lib/python3.12/site-packages/airflow/example_dags/example_branch_operator.py took 0.085 seconds
