[2026-05-08T15:39:26.699+0000] {processor.py:161} INFO - Started process (PID=71) to work on /home/airflow/.local/lib/python3.12/site-packages/airflow/example_dags/example_task_group_decorator.py
[2026-05-08T15:39:26.700+0000] {processor.py:830} INFO - Processing file /home/airflow/.local/lib/python3.12/site-packages/airflow/example_dags/example_task_group_decorator.py for tasks to queue
[2026-05-08T15:39:26.703+0000] {logging_mixin.py:188} INFO - [2026-05-08T15:39:26.702+0000] {dagbag.py:545} INFO - Filling up the DagBag from /home/airflow/.local/lib/python3.12/site-packages/airflow/example_dags/example_task_group_decorator.py
[2026-05-08T15:39:26.725+0000] {processor.py:840} INFO - DAG(s) 'example_task_group_decorator' retrieved from /home/airflow/.local/lib/python3.12/site-packages/airflow/example_dags/example_task_group_decorator.py
[2026-05-08T15:39:26.752+0000] {logging_mixin.py:188} INFO - [2026-05-08T15:39:26.752+0000] {dag.py:3089} INFO - Sync 1 DAGs
[2026-05-08T15:39:26.778+0000] {logging_mixin.py:188} INFO - [2026-05-08T15:39:26.778+0000] {dag.py:3947} INFO - Setting next_dagrun for example_task_group_decorator to 2026-05-07 00:00:00+00:00, run_after=2026-05-08 00:00:00+00:00
[2026-05-08T15:39:26.801+0000] {processor.py:183} INFO - Processing /home/airflow/.local/lib/python3.12/site-packages/airflow/example_dags/example_task_group_decorator.py took 0.111 seconds
[2026-05-08T15:39:57.243+0000] {processor.py:161} INFO - Started process (PID=129) to work on /home/airflow/.local/lib/python3.12/site-packages/airflow/example_dags/example_task_group_decorator.py
[2026-05-08T15:39:57.243+0000] {processor.py:830} INFO - Processing file /home/airflow/.local/lib/python3.12/site-packages/airflow/example_dags/example_task_group_decorator.py for tasks to queue
[2026-05-08T15:39:57.245+0000] {logging_mixin.py:188} INFO - [2026-05-08T15:39:57.244+0000] {dagbag.py:545} INFO - Filling up the DagBag from /home/airflow/.local/lib/python3.12/site-packages/airflow/example_dags/example_task_group_decorator.py
[2026-05-08T15:39:57.257+0000] {processor.py:840} INFO - DAG(s) 'example_task_group_decorator' retrieved from /home/airflow/.local/lib/python3.12/site-packages/airflow/example_dags/example_task_group_decorator.py
[2026-05-08T15:39:57.278+0000] {logging_mixin.py:188} INFO - [2026-05-08T15:39:57.278+0000] {dag.py:3089} INFO - Sync 1 DAGs
[2026-05-08T15:39:57.296+0000] {logging_mixin.py:188} INFO - [2026-05-08T15:39:57.296+0000] {dag.py:3947} INFO - Setting next_dagrun for example_task_group_decorator to 2026-05-07 00:00:00+00:00, run_after=2026-05-08 00:00:00+00:00
[2026-05-08T15:39:57.312+0000] {processor.py:183} INFO - Processing /home/airflow/.local/lib/python3.12/site-packages/airflow/example_dags/example_task_group_decorator.py took 0.074 seconds
[2026-05-08T15:40:27.854+0000] {processor.py:161} INFO - Started process (PID=187) to work on /home/airflow/.local/lib/python3.12/site-packages/airflow/example_dags/example_task_group_decorator.py
[2026-05-08T15:40:27.855+0000] {processor.py:830} INFO - Processing file /home/airflow/.local/lib/python3.12/site-packages/airflow/example_dags/example_task_group_decorator.py for tasks to queue
[2026-05-08T15:40:27.856+0000] {logging_mixin.py:188} INFO - [2026-05-08T15:40:27.856+0000] {dagbag.py:545} INFO - Filling up the DagBag from /home/airflow/.local/lib/python3.12/site-packages/airflow/example_dags/example_task_group_decorator.py
[2026-05-08T15:40:27.868+0000] {processor.py:840} INFO - DAG(s) 'example_task_group_decorator' retrieved from /home/airflow/.local/lib/python3.12/site-packages/airflow/example_dags/example_task_group_decorator.py
[2026-05-08T15:40:27.890+0000] {logging_mixin.py:188} INFO - [2026-05-08T15:40:27.890+0000] {dag.py:3089} INFO - Sync 1 DAGs
[2026-05-08T15:40:27.909+0000] {logging_mixin.py:188} INFO - [2026-05-08T15:40:27.909+0000] {dag.py:3947} INFO - Setting next_dagrun for example_task_group_decorator to 2026-05-07 00:00:00+00:00, run_after=2026-05-08 00:00:00+00:00
[2026-05-08T15:40:27.926+0000] {processor.py:183} INFO - Processing /home/airflow/.local/lib/python3.12/site-packages/airflow/example_dags/example_task_group_decorator.py took 0.078 seconds
[2026-05-08T15:40:57.958+0000] {processor.py:161} INFO - Started process (PID=245) to work on /home/airflow/.local/lib/python3.12/site-packages/airflow/example_dags/example_task_group_decorator.py
[2026-05-08T15:40:57.958+0000] {processor.py:830} INFO - Processing file /home/airflow/.local/lib/python3.12/site-packages/airflow/example_dags/example_task_group_decorator.py for tasks to queue
[2026-05-08T15:40:57.959+0000] {logging_mixin.py:188} INFO - [2026-05-08T15:40:57.959+0000] {dagbag.py:545} INFO - Filling up the DagBag from /home/airflow/.local/lib/python3.12/site-packages/airflow/example_dags/example_task_group_decorator.py
[2026-05-08T15:40:57.971+0000] {processor.py:840} INFO - DAG(s) 'example_task_group_decorator' retrieved from /home/airflow/.local/lib/python3.12/site-packages/airflow/example_dags/example_task_group_decorator.py
[2026-05-08T15:40:57.992+0000] {logging_mixin.py:188} INFO - [2026-05-08T15:40:57.992+0000] {dag.py:3089} INFO - Sync 1 DAGs
[2026-05-08T15:40:58.009+0000] {logging_mixin.py:188} INFO - [2026-05-08T15:40:58.009+0000] {dag.py:3947} INFO - Setting next_dagrun for example_task_group_decorator to 2026-05-07 00:00:00+00:00, run_after=2026-05-08 00:00:00+00:00
[2026-05-08T15:40:58.024+0000] {processor.py:183} INFO - Processing /home/airflow/.local/lib/python3.12/site-packages/airflow/example_dags/example_task_group_decorator.py took 0.071 seconds
[2026-05-08T15:41:28.258+0000] {processor.py:161} INFO - Started process (PID=303) to work on /home/airflow/.local/lib/python3.12/site-packages/airflow/example_dags/example_task_group_decorator.py
[2026-05-08T15:41:28.261+0000] {processor.py:830} INFO - Processing file /home/airflow/.local/lib/python3.12/site-packages/airflow/example_dags/example_task_group_decorator.py for tasks to queue
[2026-05-08T15:41:28.263+0000] {logging_mixin.py:188} INFO - [2026-05-08T15:41:28.263+0000] {dagbag.py:545} INFO - Filling up the DagBag from /home/airflow/.local/lib/python3.12/site-packages/airflow/example_dags/example_task_group_decorator.py
[2026-05-08T15:41:28.275+0000] {processor.py:840} INFO - DAG(s) 'example_task_group_decorator' retrieved from /home/airflow/.local/lib/python3.12/site-packages/airflow/example_dags/example_task_group_decorator.py
[2026-05-08T15:41:28.297+0000] {logging_mixin.py:188} INFO - [2026-05-08T15:41:28.297+0000] {dag.py:3089} INFO - Sync 1 DAGs
[2026-05-08T15:41:28.316+0000] {logging_mixin.py:188} INFO - [2026-05-08T15:41:28.316+0000] {dag.py:3947} INFO - Setting next_dagrun for example_task_group_decorator to 2026-05-07 00:00:00+00:00, run_after=2026-05-08 00:00:00+00:00
[2026-05-08T15:41:28.332+0000] {processor.py:183} INFO - Processing /home/airflow/.local/lib/python3.12/site-packages/airflow/example_dags/example_task_group_decorator.py took 0.079 seconds
[2026-05-08T15:41:58.527+0000] {processor.py:161} INFO - Started process (PID=360) to work on /home/airflow/.local/lib/python3.12/site-packages/airflow/example_dags/example_task_group_decorator.py
[2026-05-08T15:41:58.528+0000] {processor.py:830} INFO - Processing file /home/airflow/.local/lib/python3.12/site-packages/airflow/example_dags/example_task_group_decorator.py for tasks to queue
[2026-05-08T15:41:58.529+0000] {logging_mixin.py:188} INFO - [2026-05-08T15:41:58.529+0000] {dagbag.py:545} INFO - Filling up the DagBag from /home/airflow/.local/lib/python3.12/site-packages/airflow/example_dags/example_task_group_decorator.py
[2026-05-08T15:41:58.542+0000] {processor.py:840} INFO - DAG(s) 'example_task_group_decorator' retrieved from /home/airflow/.local/lib/python3.12/site-packages/airflow/example_dags/example_task_group_decorator.py
[2026-05-08T15:41:58.564+0000] {logging_mixin.py:188} INFO - [2026-05-08T15:41:58.564+0000] {dag.py:3089} INFO - Sync 1 DAGs
[2026-05-08T15:41:58.583+0000] {logging_mixin.py:188} INFO - [2026-05-08T15:41:58.583+0000] {dag.py:3947} INFO - Setting next_dagrun for example_task_group_decorator to 2026-05-07 00:00:00+00:00, run_after=2026-05-08 00:00:00+00:00
[2026-05-08T15:41:58.603+0000] {processor.py:183} INFO - Processing /home/airflow/.local/lib/python3.12/site-packages/airflow/example_dags/example_task_group_decorator.py took 0.080 seconds
[2026-05-08T15:42:29.140+0000] {processor.py:161} INFO - Started process (PID=418) to work on /home/airflow/.local/lib/python3.12/site-packages/airflow/example_dags/example_task_group_decorator.py
[2026-05-08T15:42:29.141+0000] {processor.py:830} INFO - Processing file /home/airflow/.local/lib/python3.12/site-packages/airflow/example_dags/example_task_group_decorator.py for tasks to queue
[2026-05-08T15:42:29.143+0000] {logging_mixin.py:188} INFO - [2026-05-08T15:42:29.142+0000] {dagbag.py:545} INFO - Filling up the DagBag from /home/airflow/.local/lib/python3.12/site-packages/airflow/example_dags/example_task_group_decorator.py
[2026-05-08T15:42:29.156+0000] {processor.py:840} INFO - DAG(s) 'example_task_group_decorator' retrieved from /home/airflow/.local/lib/python3.12/site-packages/airflow/example_dags/example_task_group_decorator.py
[2026-05-08T15:42:29.177+0000] {logging_mixin.py:188} INFO - [2026-05-08T15:42:29.177+0000] {dag.py:3089} INFO - Sync 1 DAGs
[2026-05-08T15:42:29.196+0000] {logging_mixin.py:188} INFO - [2026-05-08T15:42:29.195+0000] {dag.py:3947} INFO - Setting next_dagrun for example_task_group_decorator to 2026-05-07 00:00:00+00:00, run_after=2026-05-08 00:00:00+00:00
[2026-05-08T15:42:29.213+0000] {processor.py:183} INFO - Processing /home/airflow/.local/lib/python3.12/site-packages/airflow/example_dags/example_task_group_decorator.py took 0.078 seconds
[2026-05-08T15:42:59.744+0000] {processor.py:161} INFO - Started process (PID=476) to work on /home/airflow/.local/lib/python3.12/site-packages/airflow/example_dags/example_task_group_decorator.py
[2026-05-08T15:42:59.744+0000] {processor.py:830} INFO - Processing file /home/airflow/.local/lib/python3.12/site-packages/airflow/example_dags/example_task_group_decorator.py for tasks to queue
[2026-05-08T15:42:59.746+0000] {logging_mixin.py:188} INFO - [2026-05-08T15:42:59.746+0000] {dagbag.py:545} INFO - Filling up the DagBag from /home/airflow/.local/lib/python3.12/site-packages/airflow/example_dags/example_task_group_decorator.py
[2026-05-08T15:42:59.759+0000] {processor.py:840} INFO - DAG(s) 'example_task_group_decorator' retrieved from /home/airflow/.local/lib/python3.12/site-packages/airflow/example_dags/example_task_group_decorator.py
[2026-05-08T15:42:59.781+0000] {logging_mixin.py:188} INFO - [2026-05-08T15:42:59.781+0000] {dag.py:3089} INFO - Sync 1 DAGs
[2026-05-08T15:42:59.801+0000] {logging_mixin.py:188} INFO - [2026-05-08T15:42:59.800+0000] {dag.py:3947} INFO - Setting next_dagrun for example_task_group_decorator to 2026-05-07 00:00:00+00:00, run_after=2026-05-08 00:00:00+00:00
[2026-05-08T15:42:59.822+0000] {processor.py:183} INFO - Processing /home/airflow/.local/lib/python3.12/site-packages/airflow/example_dags/example_task_group_decorator.py took 0.083 seconds
[2026-05-08T15:43:30.201+0000] {processor.py:161} INFO - Started process (PID=534) to work on /home/airflow/.local/lib/python3.12/site-packages/airflow/example_dags/example_task_group_decorator.py
[2026-05-08T15:43:30.201+0000] {processor.py:830} INFO - Processing file /home/airflow/.local/lib/python3.12/site-packages/airflow/example_dags/example_task_group_decorator.py for tasks to queue
[2026-05-08T15:43:30.203+0000] {logging_mixin.py:188} INFO - [2026-05-08T15:43:30.203+0000] {dagbag.py:545} INFO - Filling up the DagBag from /home/airflow/.local/lib/python3.12/site-packages/airflow/example_dags/example_task_group_decorator.py
[2026-05-08T15:43:30.215+0000] {processor.py:840} INFO - DAG(s) 'example_task_group_decorator' retrieved from /home/airflow/.local/lib/python3.12/site-packages/airflow/example_dags/example_task_group_decorator.py
[2026-05-08T15:43:30.237+0000] {logging_mixin.py:188} INFO - [2026-05-08T15:43:30.236+0000] {dag.py:3089} INFO - Sync 1 DAGs
[2026-05-08T15:43:30.256+0000] {logging_mixin.py:188} INFO - [2026-05-08T15:43:30.255+0000] {dag.py:3947} INFO - Setting next_dagrun for example_task_group_decorator to 2026-05-07 00:00:00+00:00, run_after=2026-05-08 00:00:00+00:00
[2026-05-08T15:43:30.274+0000] {processor.py:183} INFO - Processing /home/airflow/.local/lib/python3.12/site-packages/airflow/example_dags/example_task_group_decorator.py took 0.078 seconds
[2026-05-08T15:44:00.648+0000] {processor.py:161} INFO - Started process (PID=592) to work on /home/airflow/.local/lib/python3.12/site-packages/airflow/example_dags/example_task_group_decorator.py
[2026-05-08T15:44:00.649+0000] {processor.py:830} INFO - Processing file /home/airflow/.local/lib/python3.12/site-packages/airflow/example_dags/example_task_group_decorator.py for tasks to queue
[2026-05-08T15:44:00.650+0000] {logging_mixin.py:188} INFO - [2026-05-08T15:44:00.650+0000] {dagbag.py:545} INFO - Filling up the DagBag from /home/airflow/.local/lib/python3.12/site-packages/airflow/example_dags/example_task_group_decorator.py
[2026-05-08T15:44:00.664+0000] {processor.py:840} INFO - DAG(s) 'example_task_group_decorator' retrieved from /home/airflow/.local/lib/python3.12/site-packages/airflow/example_dags/example_task_group_decorator.py
[2026-05-08T15:44:00.685+0000] {logging_mixin.py:188} INFO - [2026-05-08T15:44:00.685+0000] {dag.py:3089} INFO - Sync 1 DAGs
[2026-05-08T15:44:00.704+0000] {logging_mixin.py:188} INFO - [2026-05-08T15:44:00.704+0000] {dag.py:3947} INFO - Setting next_dagrun for example_task_group_decorator to 2026-05-07 00:00:00+00:00, run_after=2026-05-08 00:00:00+00:00
[2026-05-08T15:44:00.721+0000] {processor.py:183} INFO - Processing /home/airflow/.local/lib/python3.12/site-packages/airflow/example_dags/example_task_group_decorator.py took 0.077 seconds
[2026-05-08T15:44:31.195+0000] {processor.py:161} INFO - Started process (PID=650) to work on /home/airflow/.local/lib/python3.12/site-packages/airflow/example_dags/example_task_group_decorator.py
[2026-05-08T15:44:31.196+0000] {processor.py:830} INFO - Processing file /home/airflow/.local/lib/python3.12/site-packages/airflow/example_dags/example_task_group_decorator.py for tasks to queue
[2026-05-08T15:44:31.197+0000] {logging_mixin.py:188} INFO - [2026-05-08T15:44:31.197+0000] {dagbag.py:545} INFO - Filling up the DagBag from /home/airflow/.local/lib/python3.12/site-packages/airflow/example_dags/example_task_group_decorator.py
[2026-05-08T15:44:31.210+0000] {processor.py:840} INFO - DAG(s) 'example_task_group_decorator' retrieved from /home/airflow/.local/lib/python3.12/site-packages/airflow/example_dags/example_task_group_decorator.py
[2026-05-08T15:44:31.231+0000] {logging_mixin.py:188} INFO - [2026-05-08T15:44:31.231+0000] {dag.py:3089} INFO - Sync 1 DAGs
[2026-05-08T15:44:31.251+0000] {logging_mixin.py:188} INFO - [2026-05-08T15:44:31.251+0000] {dag.py:3947} INFO - Setting next_dagrun for example_task_group_decorator to 2026-05-07 00:00:00+00:00, run_after=2026-05-08 00:00:00+00:00
[2026-05-08T15:44:31.268+0000] {processor.py:183} INFO - Processing /home/airflow/.local/lib/python3.12/site-packages/airflow/example_dags/example_task_group_decorator.py took 0.078 seconds
[2026-05-08T15:45:01.697+0000] {processor.py:161} INFO - Started process (PID=708) to work on /home/airflow/.local/lib/python3.12/site-packages/airflow/example_dags/example_task_group_decorator.py
[2026-05-08T15:45:01.698+0000] {processor.py:830} INFO - Processing file /home/airflow/.local/lib/python3.12/site-packages/airflow/example_dags/example_task_group_decorator.py for tasks to queue
[2026-05-08T15:45:01.699+0000] {logging_mixin.py:188} INFO - [2026-05-08T15:45:01.699+0000] {dagbag.py:545} INFO - Filling up the DagBag from /home/airflow/.local/lib/python3.12/site-packages/airflow/example_dags/example_task_group_decorator.py
[2026-05-08T15:45:01.712+0000] {processor.py:840} INFO - DAG(s) 'example_task_group_decorator' retrieved from /home/airflow/.local/lib/python3.12/site-packages/airflow/example_dags/example_task_group_decorator.py
[2026-05-08T15:45:01.732+0000] {logging_mixin.py:188} INFO - [2026-05-08T15:45:01.732+0000] {dag.py:3089} INFO - Sync 1 DAGs
[2026-05-08T15:45:01.751+0000] {logging_mixin.py:188} INFO - [2026-05-08T15:45:01.750+0000] {dag.py:3947} INFO - Setting next_dagrun for example_task_group_decorator to 2026-05-07 00:00:00+00:00, run_after=2026-05-08 00:00:00+00:00
[2026-05-08T15:45:01.766+0000] {processor.py:183} INFO - Processing /home/airflow/.local/lib/python3.12/site-packages/airflow/example_dags/example_task_group_decorator.py took 0.073 seconds
[2026-05-08T15:45:32.461+0000] {processor.py:161} INFO - Started process (PID=766) to work on /home/airflow/.local/lib/python3.12/site-packages/airflow/example_dags/example_task_group_decorator.py
[2026-05-08T15:45:32.463+0000] {processor.py:830} INFO - Processing file /home/airflow/.local/lib/python3.12/site-packages/airflow/example_dags/example_task_group_decorator.py for tasks to queue
[2026-05-08T15:45:32.464+0000] {logging_mixin.py:188} INFO - [2026-05-08T15:45:32.464+0000] {dagbag.py:545} INFO - Filling up the DagBag from /home/airflow/.local/lib/python3.12/site-packages/airflow/example_dags/example_task_group_decorator.py
[2026-05-08T15:45:32.476+0000] {processor.py:840} INFO - DAG(s) 'example_task_group_decorator' retrieved from /home/airflow/.local/lib/python3.12/site-packages/airflow/example_dags/example_task_group_decorator.py
[2026-05-08T15:45:32.497+0000] {logging_mixin.py:188} INFO - [2026-05-08T15:45:32.496+0000] {dag.py:3089} INFO - Sync 1 DAGs
[2026-05-08T15:45:32.516+0000] {logging_mixin.py:188} INFO - [2026-05-08T15:45:32.516+0000] {dag.py:3947} INFO - Setting next_dagrun for example_task_group_decorator to 2026-05-07 00:00:00+00:00, run_after=2026-05-08 00:00:00+00:00
[2026-05-08T15:45:32.534+0000] {processor.py:183} INFO - Processing /home/airflow/.local/lib/python3.12/site-packages/airflow/example_dags/example_task_group_decorator.py took 0.078 seconds
[2026-05-08T15:46:03.081+0000] {processor.py:161} INFO - Started process (PID=824) to work on /home/airflow/.local/lib/python3.12/site-packages/airflow/example_dags/example_task_group_decorator.py
[2026-05-08T15:46:03.081+0000] {processor.py:830} INFO - Processing file /home/airflow/.local/lib/python3.12/site-packages/airflow/example_dags/example_task_group_decorator.py for tasks to queue
[2026-05-08T15:46:03.083+0000] {logging_mixin.py:188} INFO - [2026-05-08T15:46:03.083+0000] {dagbag.py:545} INFO - Filling up the DagBag from /home/airflow/.local/lib/python3.12/site-packages/airflow/example_dags/example_task_group_decorator.py
[2026-05-08T15:46:03.095+0000] {processor.py:840} INFO - DAG(s) 'example_task_group_decorator' retrieved from /home/airflow/.local/lib/python3.12/site-packages/airflow/example_dags/example_task_group_decorator.py
[2026-05-08T15:46:03.116+0000] {logging_mixin.py:188} INFO - [2026-05-08T15:46:03.116+0000] {dag.py:3089} INFO - Sync 1 DAGs
[2026-05-08T15:46:03.135+0000] {logging_mixin.py:188} INFO - [2026-05-08T15:46:03.135+0000] {dag.py:3947} INFO - Setting next_dagrun for example_task_group_decorator to 2026-05-07 00:00:00+00:00, run_after=2026-05-08 00:00:00+00:00
[2026-05-08T15:46:03.154+0000] {processor.py:183} INFO - Processing /home/airflow/.local/lib/python3.12/site-packages/airflow/example_dags/example_task_group_decorator.py took 0.078 seconds
[2026-05-08T15:46:33.814+0000] {processor.py:161} INFO - Started process (PID=882) to work on /home/airflow/.local/lib/python3.12/site-packages/airflow/example_dags/example_task_group_decorator.py
[2026-05-08T15:46:33.816+0000] {processor.py:830} INFO - Processing file /home/airflow/.local/lib/python3.12/site-packages/airflow/example_dags/example_task_group_decorator.py for tasks to queue
[2026-05-08T15:46:33.817+0000] {logging_mixin.py:188} INFO - [2026-05-08T15:46:33.817+0000] {dagbag.py:545} INFO - Filling up the DagBag from /home/airflow/.local/lib/python3.12/site-packages/airflow/example_dags/example_task_group_decorator.py
[2026-05-08T15:46:33.830+0000] {processor.py:840} INFO - DAG(s) 'example_task_group_decorator' retrieved from /home/airflow/.local/lib/python3.12/site-packages/airflow/example_dags/example_task_group_decorator.py
[2026-05-08T15:46:33.852+0000] {logging_mixin.py:188} INFO - [2026-05-08T15:46:33.852+0000] {dag.py:3089} INFO - Sync 1 DAGs
[2026-05-08T15:46:33.871+0000] {logging_mixin.py:188} INFO - [2026-05-08T15:46:33.870+0000] {dag.py:3947} INFO - Setting next_dagrun for example_task_group_decorator to 2026-05-07 00:00:00+00:00, run_after=2026-05-08 00:00:00+00:00
[2026-05-08T15:46:33.886+0000] {processor.py:183} INFO - Processing /home/airflow/.local/lib/python3.12/site-packages/airflow/example_dags/example_task_group_decorator.py took 0.077 seconds
[2026-05-08T15:47:04.323+0000] {processor.py:161} INFO - Started process (PID=940) to work on /home/airflow/.local/lib/python3.12/site-packages/airflow/example_dags/example_task_group_decorator.py
[2026-05-08T15:47:04.324+0000] {processor.py:830} INFO - Processing file /home/airflow/.local/lib/python3.12/site-packages/airflow/example_dags/example_task_group_decorator.py for tasks to queue
[2026-05-08T15:47:04.325+0000] {logging_mixin.py:188} INFO - [2026-05-08T15:47:04.325+0000] {dagbag.py:545} INFO - Filling up the DagBag from /home/airflow/.local/lib/python3.12/site-packages/airflow/example_dags/example_task_group_decorator.py
[2026-05-08T15:47:04.338+0000] {processor.py:840} INFO - DAG(s) 'example_task_group_decorator' retrieved from /home/airflow/.local/lib/python3.12/site-packages/airflow/example_dags/example_task_group_decorator.py
[2026-05-08T15:47:04.360+0000] {logging_mixin.py:188} INFO - [2026-05-08T15:47:04.360+0000] {dag.py:3089} INFO - Sync 1 DAGs
[2026-05-08T15:47:04.381+0000] {logging_mixin.py:188} INFO - [2026-05-08T15:47:04.381+0000] {dag.py:3947} INFO - Setting next_dagrun for example_task_group_decorator to 2026-05-07 00:00:00+00:00, run_after=2026-05-08 00:00:00+00:00
[2026-05-08T15:47:04.399+0000] {processor.py:183} INFO - Processing /home/airflow/.local/lib/python3.12/site-packages/airflow/example_dags/example_task_group_decorator.py took 0.082 seconds
[2026-05-08T15:47:34.576+0000] {processor.py:161} INFO - Started process (PID=998) to work on /home/airflow/.local/lib/python3.12/site-packages/airflow/example_dags/example_task_group_decorator.py
[2026-05-08T15:47:34.577+0000] {processor.py:830} INFO - Processing file /home/airflow/.local/lib/python3.12/site-packages/airflow/example_dags/example_task_group_decorator.py for tasks to queue
[2026-05-08T15:47:34.578+0000] {logging_mixin.py:188} INFO - [2026-05-08T15:47:34.578+0000] {dagbag.py:545} INFO - Filling up the DagBag from /home/airflow/.local/lib/python3.12/site-packages/airflow/example_dags/example_task_group_decorator.py
[2026-05-08T15:47:34.590+0000] {processor.py:840} INFO - DAG(s) 'example_task_group_decorator' retrieved from /home/airflow/.local/lib/python3.12/site-packages/airflow/example_dags/example_task_group_decorator.py
[2026-05-08T15:47:34.612+0000] {logging_mixin.py:188} INFO - [2026-05-08T15:47:34.612+0000] {dag.py:3089} INFO - Sync 1 DAGs
[2026-05-08T15:47:34.630+0000] {logging_mixin.py:188} INFO - [2026-05-08T15:47:34.630+0000] {dag.py:3947} INFO - Setting next_dagrun for example_task_group_decorator to 2026-05-07 00:00:00+00:00, run_after=2026-05-08 00:00:00+00:00
[2026-05-08T15:47:34.646+0000] {processor.py:183} INFO - Processing /home/airflow/.local/lib/python3.12/site-packages/airflow/example_dags/example_task_group_decorator.py took 0.075 seconds
[2026-05-08T15:48:06.367+0000] {processor.py:161} INFO - Started process (PID=1057) to work on /home/airflow/.local/lib/python3.12/site-packages/airflow/example_dags/example_task_group_decorator.py
[2026-05-08T15:48:06.367+0000] {processor.py:830} INFO - Processing file /home/airflow/.local/lib/python3.12/site-packages/airflow/example_dags/example_task_group_decorator.py for tasks to queue
[2026-05-08T15:48:06.369+0000] {logging_mixin.py:188} INFO - [2026-05-08T15:48:06.368+0000] {dagbag.py:545} INFO - Filling up the DagBag from /home/airflow/.local/lib/python3.12/site-packages/airflow/example_dags/example_task_group_decorator.py
[2026-05-08T15:48:06.390+0000] {processor.py:840} INFO - DAG(s) 'example_task_group_decorator' retrieved from /home/airflow/.local/lib/python3.12/site-packages/airflow/example_dags/example_task_group_decorator.py
[2026-05-08T15:48:06.414+0000] {logging_mixin.py:188} INFO - [2026-05-08T15:48:06.414+0000] {dag.py:3089} INFO - Sync 1 DAGs
[2026-05-08T15:48:06.438+0000] {logging_mixin.py:188} INFO - [2026-05-08T15:48:06.438+0000] {dag.py:3947} INFO - Setting next_dagrun for example_task_group_decorator to 2026-05-07 00:00:00+00:00, run_after=2026-05-08 00:00:00+00:00
[2026-05-08T15:48:06.465+0000] {processor.py:183} INFO - Processing /home/airflow/.local/lib/python3.12/site-packages/airflow/example_dags/example_task_group_decorator.py took 0.103 seconds
[2026-05-08T15:48:37.103+0000] {processor.py:161} INFO - Started process (PID=1115) to work on /home/airflow/.local/lib/python3.12/site-packages/airflow/example_dags/example_task_group_decorator.py
[2026-05-08T15:48:37.105+0000] {processor.py:830} INFO - Processing file /home/airflow/.local/lib/python3.12/site-packages/airflow/example_dags/example_task_group_decorator.py for tasks to queue
[2026-05-08T15:48:37.106+0000] {logging_mixin.py:188} INFO - [2026-05-08T15:48:37.106+0000] {dagbag.py:545} INFO - Filling up the DagBag from /home/airflow/.local/lib/python3.12/site-packages/airflow/example_dags/example_task_group_decorator.py
[2026-05-08T15:48:37.119+0000] {processor.py:840} INFO - DAG(s) 'example_task_group_decorator' retrieved from /home/airflow/.local/lib/python3.12/site-packages/airflow/example_dags/example_task_group_decorator.py
[2026-05-08T15:48:37.139+0000] {logging_mixin.py:188} INFO - [2026-05-08T15:48:37.139+0000] {dag.py:3089} INFO - Sync 1 DAGs
[2026-05-08T15:48:37.156+0000] {logging_mixin.py:188} INFO - [2026-05-08T15:48:37.156+0000] {dag.py:3947} INFO - Setting next_dagrun for example_task_group_decorator to 2026-05-07 00:00:00+00:00, run_after=2026-05-08 00:00:00+00:00
[2026-05-08T15:48:37.222+0000] {processor.py:183} INFO - Processing /home/airflow/.local/lib/python3.12/site-packages/airflow/example_dags/example_task_group_decorator.py took 0.123 seconds
[2026-05-08T15:49:27.039+0000] {processor.py:161} INFO - Started process (PID=65) to work on /home/airflow/.local/lib/python3.12/site-packages/airflow/example_dags/example_task_group_decorator.py
[2026-05-08T15:49:27.053+0000] {processor.py:830} INFO - Processing file /home/airflow/.local/lib/python3.12/site-packages/airflow/example_dags/example_task_group_decorator.py for tasks to queue
[2026-05-08T15:49:27.055+0000] {logging_mixin.py:188} INFO - [2026-05-08T15:49:27.054+0000] {dagbag.py:545} INFO - Filling up the DagBag from /home/airflow/.local/lib/python3.12/site-packages/airflow/example_dags/example_task_group_decorator.py
[2026-05-08T15:49:27.070+0000] {processor.py:840} INFO - DAG(s) 'example_task_group_decorator' retrieved from /home/airflow/.local/lib/python3.12/site-packages/airflow/example_dags/example_task_group_decorator.py
[2026-05-08T15:49:27.093+0000] {logging_mixin.py:188} INFO - [2026-05-08T15:49:27.092+0000] {dag.py:3089} INFO - Sync 1 DAGs
[2026-05-08T15:49:27.112+0000] {logging_mixin.py:188} INFO - [2026-05-08T15:49:27.112+0000] {dag.py:3947} INFO - Setting next_dagrun for example_task_group_decorator to 2026-05-07 00:00:00+00:00, run_after=2026-05-08 00:00:00+00:00
[2026-05-08T15:49:27.132+0000] {processor.py:183} INFO - Processing /home/airflow/.local/lib/python3.12/site-packages/airflow/example_dags/example_task_group_decorator.py took 0.097 seconds
[2026-05-08T15:49:57.201+0000] {processor.py:161} INFO - Started process (PID=123) to work on /home/airflow/.local/lib/python3.12/site-packages/airflow/example_dags/example_task_group_decorator.py
[2026-05-08T15:49:57.202+0000] {processor.py:830} INFO - Processing file /home/airflow/.local/lib/python3.12/site-packages/airflow/example_dags/example_task_group_decorator.py for tasks to queue
[2026-05-08T15:49:57.203+0000] {logging_mixin.py:188} INFO - [2026-05-08T15:49:57.203+0000] {dagbag.py:545} INFO - Filling up the DagBag from /home/airflow/.local/lib/python3.12/site-packages/airflow/example_dags/example_task_group_decorator.py
[2026-05-08T15:49:57.214+0000] {processor.py:840} INFO - DAG(s) 'example_task_group_decorator' retrieved from /home/airflow/.local/lib/python3.12/site-packages/airflow/example_dags/example_task_group_decorator.py
[2026-05-08T15:49:57.235+0000] {logging_mixin.py:188} INFO - [2026-05-08T15:49:57.235+0000] {dag.py:3089} INFO - Sync 1 DAGs
[2026-05-08T15:49:57.252+0000] {logging_mixin.py:188} INFO - [2026-05-08T15:49:57.252+0000] {dag.py:3947} INFO - Setting next_dagrun for example_task_group_decorator to 2026-05-07 00:00:00+00:00, run_after=2026-05-08 00:00:00+00:00
[2026-05-08T15:49:57.273+0000] {processor.py:183} INFO - Processing /home/airflow/.local/lib/python3.12/site-packages/airflow/example_dags/example_task_group_decorator.py took 0.076 seconds
[2026-05-08T15:50:28.104+0000] {processor.py:161} INFO - Started process (PID=181) to work on /home/airflow/.local/lib/python3.12/site-packages/airflow/example_dags/example_task_group_decorator.py
[2026-05-08T15:50:28.105+0000] {processor.py:830} INFO - Processing file /home/airflow/.local/lib/python3.12/site-packages/airflow/example_dags/example_task_group_decorator.py for tasks to queue
[2026-05-08T15:50:28.106+0000] {logging_mixin.py:188} INFO - [2026-05-08T15:50:28.106+0000] {dagbag.py:545} INFO - Filling up the DagBag from /home/airflow/.local/lib/python3.12/site-packages/airflow/example_dags/example_task_group_decorator.py
[2026-05-08T15:50:28.118+0000] {processor.py:840} INFO - DAG(s) 'example_task_group_decorator' retrieved from /home/airflow/.local/lib/python3.12/site-packages/airflow/example_dags/example_task_group_decorator.py
[2026-05-08T15:50:28.139+0000] {logging_mixin.py:188} INFO - [2026-05-08T15:50:28.138+0000] {dag.py:3089} INFO - Sync 1 DAGs
[2026-05-08T15:50:28.157+0000] {logging_mixin.py:188} INFO - [2026-05-08T15:50:28.157+0000] {dag.py:3947} INFO - Setting next_dagrun for example_task_group_decorator to 2026-05-07 00:00:00+00:00, run_after=2026-05-08 00:00:00+00:00
[2026-05-08T15:50:28.173+0000] {processor.py:183} INFO - Processing /home/airflow/.local/lib/python3.12/site-packages/airflow/example_dags/example_task_group_decorator.py took 0.074 seconds
[2026-05-08T15:50:58.406+0000] {processor.py:161} INFO - Started process (PID=239) to work on /home/airflow/.local/lib/python3.12/site-packages/airflow/example_dags/example_task_group_decorator.py
[2026-05-08T15:50:58.407+0000] {processor.py:830} INFO - Processing file /home/airflow/.local/lib/python3.12/site-packages/airflow/example_dags/example_task_group_decorator.py for tasks to queue
[2026-05-08T15:50:58.408+0000] {logging_mixin.py:188} INFO - [2026-05-08T15:50:58.408+0000] {dagbag.py:545} INFO - Filling up the DagBag from /home/airflow/.local/lib/python3.12/site-packages/airflow/example_dags/example_task_group_decorator.py
[2026-05-08T15:50:58.420+0000] {processor.py:840} INFO - DAG(s) 'example_task_group_decorator' retrieved from /home/airflow/.local/lib/python3.12/site-packages/airflow/example_dags/example_task_group_decorator.py
[2026-05-08T15:50:58.440+0000] {logging_mixin.py:188} INFO - [2026-05-08T15:50:58.440+0000] {dag.py:3089} INFO - Sync 1 DAGs
[2026-05-08T15:50:58.458+0000] {logging_mixin.py:188} INFO - [2026-05-08T15:50:58.458+0000] {dag.py:3947} INFO - Setting next_dagrun for example_task_group_decorator to 2026-05-07 00:00:00+00:00, run_after=2026-05-08 00:00:00+00:00
[2026-05-08T15:50:58.473+0000] {processor.py:183} INFO - Processing /home/airflow/.local/lib/python3.12/site-packages/airflow/example_dags/example_task_group_decorator.py took 0.072 seconds
[2026-05-08T15:51:28.717+0000] {processor.py:161} INFO - Started process (PID=297) to work on /home/airflow/.local/lib/python3.12/site-packages/airflow/example_dags/example_task_group_decorator.py
[2026-05-08T15:51:28.718+0000] {processor.py:830} INFO - Processing file /home/airflow/.local/lib/python3.12/site-packages/airflow/example_dags/example_task_group_decorator.py for tasks to queue
[2026-05-08T15:51:28.719+0000] {logging_mixin.py:188} INFO - [2026-05-08T15:51:28.719+0000] {dagbag.py:545} INFO - Filling up the DagBag from /home/airflow/.local/lib/python3.12/site-packages/airflow/example_dags/example_task_group_decorator.py
[2026-05-08T15:51:28.731+0000] {processor.py:840} INFO - DAG(s) 'example_task_group_decorator' retrieved from /home/airflow/.local/lib/python3.12/site-packages/airflow/example_dags/example_task_group_decorator.py
[2026-05-08T15:51:28.751+0000] {logging_mixin.py:188} INFO - [2026-05-08T15:51:28.751+0000] {dag.py:3089} INFO - Sync 1 DAGs
[2026-05-08T15:51:28.769+0000] {logging_mixin.py:188} INFO - [2026-05-08T15:51:28.769+0000] {dag.py:3947} INFO - Setting next_dagrun for example_task_group_decorator to 2026-05-07 00:00:00+00:00, run_after=2026-05-08 00:00:00+00:00
[2026-05-08T15:51:28.785+0000] {processor.py:183} INFO - Processing /home/airflow/.local/lib/python3.12/site-packages/airflow/example_dags/example_task_group_decorator.py took 0.073 seconds
[2026-05-08T15:51:59.080+0000] {processor.py:161} INFO - Started process (PID=355) to work on /home/airflow/.local/lib/python3.12/site-packages/airflow/example_dags/example_task_group_decorator.py
[2026-05-08T15:51:59.081+0000] {processor.py:830} INFO - Processing file /home/airflow/.local/lib/python3.12/site-packages/airflow/example_dags/example_task_group_decorator.py for tasks to queue
[2026-05-08T15:51:59.083+0000] {logging_mixin.py:188} INFO - [2026-05-08T15:51:59.082+0000] {dagbag.py:545} INFO - Filling up the DagBag from /home/airflow/.local/lib/python3.12/site-packages/airflow/example_dags/example_task_group_decorator.py
[2026-05-08T15:51:59.094+0000] {processor.py:840} INFO - DAG(s) 'example_task_group_decorator' retrieved from /home/airflow/.local/lib/python3.12/site-packages/airflow/example_dags/example_task_group_decorator.py
[2026-05-08T15:51:59.115+0000] {logging_mixin.py:188} INFO - [2026-05-08T15:51:59.115+0000] {dag.py:3089} INFO - Sync 1 DAGs
[2026-05-08T15:51:59.133+0000] {logging_mixin.py:188} INFO - [2026-05-08T15:51:59.133+0000] {dag.py:3947} INFO - Setting next_dagrun for example_task_group_decorator to 2026-05-07 00:00:00+00:00, run_after=2026-05-08 00:00:00+00:00
[2026-05-08T15:51:59.149+0000] {processor.py:183} INFO - Processing /home/airflow/.local/lib/python3.12/site-packages/airflow/example_dags/example_task_group_decorator.py took 0.074 seconds
[2026-05-08T15:52:29.528+0000] {processor.py:161} INFO - Started process (PID=413) to work on /home/airflow/.local/lib/python3.12/site-packages/airflow/example_dags/example_task_group_decorator.py
[2026-05-08T15:52:29.529+0000] {processor.py:830} INFO - Processing file /home/airflow/.local/lib/python3.12/site-packages/airflow/example_dags/example_task_group_decorator.py for tasks to queue
[2026-05-08T15:52:29.531+0000] {logging_mixin.py:188} INFO - [2026-05-08T15:52:29.530+0000] {dagbag.py:545} INFO - Filling up the DagBag from /home/airflow/.local/lib/python3.12/site-packages/airflow/example_dags/example_task_group_decorator.py
[2026-05-08T15:52:29.542+0000] {processor.py:840} INFO - DAG(s) 'example_task_group_decorator' retrieved from /home/airflow/.local/lib/python3.12/site-packages/airflow/example_dags/example_task_group_decorator.py
[2026-05-08T15:52:29.562+0000] {logging_mixin.py:188} INFO - [2026-05-08T15:52:29.562+0000] {dag.py:3089} INFO - Sync 1 DAGs
[2026-05-08T15:52:29.580+0000] {logging_mixin.py:188} INFO - [2026-05-08T15:52:29.580+0000] {dag.py:3947} INFO - Setting next_dagrun for example_task_group_decorator to 2026-05-07 00:00:00+00:00, run_after=2026-05-08 00:00:00+00:00
[2026-05-08T15:52:29.594+0000] {processor.py:183} INFO - Processing /home/airflow/.local/lib/python3.12/site-packages/airflow/example_dags/example_task_group_decorator.py took 0.070 seconds
[2026-05-08T15:52:59.887+0000] {processor.py:161} INFO - Started process (PID=471) to work on /home/airflow/.local/lib/python3.12/site-packages/airflow/example_dags/example_task_group_decorator.py
[2026-05-08T15:52:59.887+0000] {processor.py:830} INFO - Processing file /home/airflow/.local/lib/python3.12/site-packages/airflow/example_dags/example_task_group_decorator.py for tasks to queue
[2026-05-08T15:52:59.889+0000] {logging_mixin.py:188} INFO - [2026-05-08T15:52:59.888+0000] {dagbag.py:545} INFO - Filling up the DagBag from /home/airflow/.local/lib/python3.12/site-packages/airflow/example_dags/example_task_group_decorator.py
[2026-05-08T15:52:59.900+0000] {processor.py:840} INFO - DAG(s) 'example_task_group_decorator' retrieved from /home/airflow/.local/lib/python3.12/site-packages/airflow/example_dags/example_task_group_decorator.py
[2026-05-08T15:52:59.920+0000] {logging_mixin.py:188} INFO - [2026-05-08T15:52:59.920+0000] {dag.py:3089} INFO - Sync 1 DAGs
[2026-05-08T15:52:59.938+0000] {logging_mixin.py:188} INFO - [2026-05-08T15:52:59.938+0000] {dag.py:3947} INFO - Setting next_dagrun for example_task_group_decorator to 2026-05-07 00:00:00+00:00, run_after=2026-05-08 00:00:00+00:00
[2026-05-08T15:52:59.953+0000] {processor.py:183} INFO - Processing /home/airflow/.local/lib/python3.12/site-packages/airflow/example_dags/example_task_group_decorator.py took 0.070 seconds
[2026-05-08T15:53:30.289+0000] {processor.py:161} INFO - Started process (PID=529) to work on /home/airflow/.local/lib/python3.12/site-packages/airflow/example_dags/example_task_group_decorator.py
[2026-05-08T15:53:30.290+0000] {processor.py:830} INFO - Processing file /home/airflow/.local/lib/python3.12/site-packages/airflow/example_dags/example_task_group_decorator.py for tasks to queue
[2026-05-08T15:53:30.291+0000] {logging_mixin.py:188} INFO - [2026-05-08T15:53:30.291+0000] {dagbag.py:545} INFO - Filling up the DagBag from /home/airflow/.local/lib/python3.12/site-packages/airflow/example_dags/example_task_group_decorator.py
[2026-05-08T15:53:30.303+0000] {processor.py:840} INFO - DAG(s) 'example_task_group_decorator' retrieved from /home/airflow/.local/lib/python3.12/site-packages/airflow/example_dags/example_task_group_decorator.py
[2026-05-08T15:53:30.323+0000] {logging_mixin.py:188} INFO - [2026-05-08T15:53:30.323+0000] {dag.py:3089} INFO - Sync 1 DAGs
[2026-05-08T15:53:30.341+0000] {logging_mixin.py:188} INFO - [2026-05-08T15:53:30.340+0000] {dag.py:3947} INFO - Setting next_dagrun for example_task_group_decorator to 2026-05-07 00:00:00+00:00, run_after=2026-05-08 00:00:00+00:00
[2026-05-08T15:53:30.355+0000] {processor.py:183} INFO - Processing /home/airflow/.local/lib/python3.12/site-packages/airflow/example_dags/example_task_group_decorator.py took 0.071 seconds
[2026-05-08T15:54:00.682+0000] {processor.py:161} INFO - Started process (PID=587) to work on /home/airflow/.local/lib/python3.12/site-packages/airflow/example_dags/example_task_group_decorator.py
[2026-05-08T15:54:00.683+0000] {processor.py:830} INFO - Processing file /home/airflow/.local/lib/python3.12/site-packages/airflow/example_dags/example_task_group_decorator.py for tasks to queue
[2026-05-08T15:54:00.684+0000] {logging_mixin.py:188} INFO - [2026-05-08T15:54:00.684+0000] {dagbag.py:545} INFO - Filling up the DagBag from /home/airflow/.local/lib/python3.12/site-packages/airflow/example_dags/example_task_group_decorator.py
[2026-05-08T15:54:00.696+0000] {processor.py:840} INFO - DAG(s) 'example_task_group_decorator' retrieved from /home/airflow/.local/lib/python3.12/site-packages/airflow/example_dags/example_task_group_decorator.py
[2026-05-08T15:54:00.716+0000] {logging_mixin.py:188} INFO - [2026-05-08T15:54:00.716+0000] {dag.py:3089} INFO - Sync 1 DAGs
[2026-05-08T15:54:00.734+0000] {logging_mixin.py:188} INFO - [2026-05-08T15:54:00.734+0000] {dag.py:3947} INFO - Setting next_dagrun for example_task_group_decorator to 2026-05-07 00:00:00+00:00, run_after=2026-05-08 00:00:00+00:00
[2026-05-08T15:54:00.749+0000] {processor.py:183} INFO - Processing /home/airflow/.local/lib/python3.12/site-packages/airflow/example_dags/example_task_group_decorator.py took 0.072 seconds
[2026-05-08T15:54:30.990+0000] {processor.py:161} INFO - Started process (PID=645) to work on /home/airflow/.local/lib/python3.12/site-packages/airflow/example_dags/example_task_group_decorator.py
[2026-05-08T15:54:30.991+0000] {processor.py:830} INFO - Processing file /home/airflow/.local/lib/python3.12/site-packages/airflow/example_dags/example_task_group_decorator.py for tasks to queue
[2026-05-08T15:54:30.992+0000] {logging_mixin.py:188} INFO - [2026-05-08T15:54:30.992+0000] {dagbag.py:545} INFO - Filling up the DagBag from /home/airflow/.local/lib/python3.12/site-packages/airflow/example_dags/example_task_group_decorator.py
[2026-05-08T15:54:31.004+0000] {processor.py:840} INFO - DAG(s) 'example_task_group_decorator' retrieved from /home/airflow/.local/lib/python3.12/site-packages/airflow/example_dags/example_task_group_decorator.py
[2026-05-08T15:54:31.025+0000] {logging_mixin.py:188} INFO - [2026-05-08T15:54:31.024+0000] {dag.py:3089} INFO - Sync 1 DAGs
[2026-05-08T15:54:31.043+0000] {logging_mixin.py:188} INFO - [2026-05-08T15:54:31.043+0000] {dag.py:3947} INFO - Setting next_dagrun for example_task_group_decorator to 2026-05-07 00:00:00+00:00, run_after=2026-05-08 00:00:00+00:00
[2026-05-08T15:54:31.058+0000] {processor.py:183} INFO - Processing /home/airflow/.local/lib/python3.12/site-packages/airflow/example_dags/example_task_group_decorator.py took 0.072 seconds
[2026-05-08T15:55:01.371+0000] {processor.py:161} INFO - Started process (PID=703) to work on /home/airflow/.local/lib/python3.12/site-packages/airflow/example_dags/example_task_group_decorator.py
[2026-05-08T15:55:01.373+0000] {processor.py:830} INFO - Processing file /home/airflow/.local/lib/python3.12/site-packages/airflow/example_dags/example_task_group_decorator.py for tasks to queue
[2026-05-08T15:55:01.374+0000] {logging_mixin.py:188} INFO - [2026-05-08T15:55:01.374+0000] {dagbag.py:545} INFO - Filling up the DagBag from /home/airflow/.local/lib/python3.12/site-packages/airflow/example_dags/example_task_group_decorator.py
[2026-05-08T15:55:01.386+0000] {processor.py:840} INFO - DAG(s) 'example_task_group_decorator' retrieved from /home/airflow/.local/lib/python3.12/site-packages/airflow/example_dags/example_task_group_decorator.py
[2026-05-08T15:55:01.406+0000] {logging_mixin.py:188} INFO - [2026-05-08T15:55:01.406+0000] {dag.py:3089} INFO - Sync 1 DAGs
[2026-05-08T15:55:01.423+0000] {logging_mixin.py:188} INFO - [2026-05-08T15:55:01.423+0000] {dag.py:3947} INFO - Setting next_dagrun for example_task_group_decorator to 2026-05-07 00:00:00+00:00, run_after=2026-05-08 00:00:00+00:00
[2026-05-08T15:55:01.438+0000] {processor.py:183} INFO - Processing /home/airflow/.local/lib/python3.12/site-packages/airflow/example_dags/example_task_group_decorator.py took 0.071 seconds
[2026-05-08T15:55:31.689+0000] {processor.py:161} INFO - Started process (PID=761) to work on /home/airflow/.local/lib/python3.12/site-packages/airflow/example_dags/example_task_group_decorator.py
[2026-05-08T15:55:31.690+0000] {processor.py:830} INFO - Processing file /home/airflow/.local/lib/python3.12/site-packages/airflow/example_dags/example_task_group_decorator.py for tasks to queue
[2026-05-08T15:55:31.691+0000] {logging_mixin.py:188} INFO - [2026-05-08T15:55:31.691+0000] {dagbag.py:545} INFO - Filling up the DagBag from /home/airflow/.local/lib/python3.12/site-packages/airflow/example_dags/example_task_group_decorator.py
[2026-05-08T15:55:31.703+0000] {processor.py:840} INFO - DAG(s) 'example_task_group_decorator' retrieved from /home/airflow/.local/lib/python3.12/site-packages/airflow/example_dags/example_task_group_decorator.py
[2026-05-08T15:55:31.724+0000] {logging_mixin.py:188} INFO - [2026-05-08T15:55:31.724+0000] {dag.py:3089} INFO - Sync 1 DAGs
[2026-05-08T15:55:31.742+0000] {logging_mixin.py:188} INFO - [2026-05-08T15:55:31.742+0000] {dag.py:3947} INFO - Setting next_dagrun for example_task_group_decorator to 2026-05-07 00:00:00+00:00, run_after=2026-05-08 00:00:00+00:00
[2026-05-08T15:55:31.758+0000] {processor.py:183} INFO - Processing /home/airflow/.local/lib/python3.12/site-packages/airflow/example_dags/example_task_group_decorator.py took 0.073 seconds
[2026-05-08T15:56:02.298+0000] {processor.py:161} INFO - Started process (PID=819) to work on /home/airflow/.local/lib/python3.12/site-packages/airflow/example_dags/example_task_group_decorator.py
[2026-05-08T15:56:02.299+0000] {processor.py:830} INFO - Processing file /home/airflow/.local/lib/python3.12/site-packages/airflow/example_dags/example_task_group_decorator.py for tasks to queue
[2026-05-08T15:56:02.300+0000] {logging_mixin.py:188} INFO - [2026-05-08T15:56:02.300+0000] {dagbag.py:545} INFO - Filling up the DagBag from /home/airflow/.local/lib/python3.12/site-packages/airflow/example_dags/example_task_group_decorator.py
[2026-05-08T15:56:02.312+0000] {processor.py:840} INFO - DAG(s) 'example_task_group_decorator' retrieved from /home/airflow/.local/lib/python3.12/site-packages/airflow/example_dags/example_task_group_decorator.py
[2026-05-08T15:56:02.334+0000] {logging_mixin.py:188} INFO - [2026-05-08T15:56:02.334+0000] {dag.py:3089} INFO - Sync 1 DAGs
[2026-05-08T15:56:02.353+0000] {logging_mixin.py:188} INFO - [2026-05-08T15:56:02.353+0000] {dag.py:3947} INFO - Setting next_dagrun for example_task_group_decorator to 2026-05-07 00:00:00+00:00, run_after=2026-05-08 00:00:00+00:00
[2026-05-08T15:56:02.368+0000] {processor.py:183} INFO - Processing /home/airflow/.local/lib/python3.12/site-packages/airflow/example_dags/example_task_group_decorator.py took 0.075 seconds
[2026-05-08T15:56:32.832+0000] {processor.py:161} INFO - Started process (PID=877) to work on /home/airflow/.local/lib/python3.12/site-packages/airflow/example_dags/example_task_group_decorator.py
[2026-05-08T15:56:32.832+0000] {processor.py:830} INFO - Processing file /home/airflow/.local/lib/python3.12/site-packages/airflow/example_dags/example_task_group_decorator.py for tasks to queue
[2026-05-08T15:56:32.834+0000] {logging_mixin.py:188} INFO - [2026-05-08T15:56:32.833+0000] {dagbag.py:545} INFO - Filling up the DagBag from /home/airflow/.local/lib/python3.12/site-packages/airflow/example_dags/example_task_group_decorator.py
[2026-05-08T15:56:32.845+0000] {processor.py:840} INFO - DAG(s) 'example_task_group_decorator' retrieved from /home/airflow/.local/lib/python3.12/site-packages/airflow/example_dags/example_task_group_decorator.py
[2026-05-08T15:56:32.868+0000] {logging_mixin.py:188} INFO - [2026-05-08T15:56:32.867+0000] {dag.py:3089} INFO - Sync 1 DAGs
[2026-05-08T15:56:32.887+0000] {logging_mixin.py:188} INFO - [2026-05-08T15:56:32.887+0000] {dag.py:3947} INFO - Setting next_dagrun for example_task_group_decorator to 2026-05-07 00:00:00+00:00, run_after=2026-05-08 00:00:00+00:00
[2026-05-08T15:56:32.904+0000] {processor.py:183} INFO - Processing /home/airflow/.local/lib/python3.12/site-packages/airflow/example_dags/example_task_group_decorator.py took 0.077 seconds
[2026-05-08T15:57:02.967+0000] {processor.py:161} INFO - Started process (PID=935) to work on /home/airflow/.local/lib/python3.12/site-packages/airflow/example_dags/example_task_group_decorator.py
[2026-05-08T15:57:02.968+0000] {processor.py:830} INFO - Processing file /home/airflow/.local/lib/python3.12/site-packages/airflow/example_dags/example_task_group_decorator.py for tasks to queue
[2026-05-08T15:57:02.970+0000] {logging_mixin.py:188} INFO - [2026-05-08T15:57:02.970+0000] {dagbag.py:545} INFO - Filling up the DagBag from /home/airflow/.local/lib/python3.12/site-packages/airflow/example_dags/example_task_group_decorator.py
[2026-05-08T15:57:02.983+0000] {processor.py:840} INFO - DAG(s) 'example_task_group_decorator' retrieved from /home/airflow/.local/lib/python3.12/site-packages/airflow/example_dags/example_task_group_decorator.py
[2026-05-08T15:57:03.005+0000] {logging_mixin.py:188} INFO - [2026-05-08T15:57:03.004+0000] {dag.py:3089} INFO - Sync 1 DAGs
[2026-05-08T15:57:03.025+0000] {logging_mixin.py:188} INFO - [2026-05-08T15:57:03.025+0000] {dag.py:3947} INFO - Setting next_dagrun for example_task_group_decorator to 2026-05-07 00:00:00+00:00, run_after=2026-05-08 00:00:00+00:00
[2026-05-08T15:57:03.040+0000] {processor.py:183} INFO - Processing /home/airflow/.local/lib/python3.12/site-packages/airflow/example_dags/example_task_group_decorator.py took 0.077 seconds
[2026-05-08T15:57:33.209+0000] {processor.py:161} INFO - Started process (PID=993) to work on /home/airflow/.local/lib/python3.12/site-packages/airflow/example_dags/example_task_group_decorator.py
[2026-05-08T15:57:33.210+0000] {processor.py:830} INFO - Processing file /home/airflow/.local/lib/python3.12/site-packages/airflow/example_dags/example_task_group_decorator.py for tasks to queue
[2026-05-08T15:57:33.212+0000] {logging_mixin.py:188} INFO - [2026-05-08T15:57:33.211+0000] {dagbag.py:545} INFO - Filling up the DagBag from /home/airflow/.local/lib/python3.12/site-packages/airflow/example_dags/example_task_group_decorator.py
[2026-05-08T15:57:33.223+0000] {processor.py:840} INFO - DAG(s) 'example_task_group_decorator' retrieved from /home/airflow/.local/lib/python3.12/site-packages/airflow/example_dags/example_task_group_decorator.py
[2026-05-08T15:57:33.245+0000] {logging_mixin.py:188} INFO - [2026-05-08T15:57:33.245+0000] {dag.py:3089} INFO - Sync 1 DAGs
[2026-05-08T15:57:33.262+0000] {logging_mixin.py:188} INFO - [2026-05-08T15:57:33.262+0000] {dag.py:3947} INFO - Setting next_dagrun for example_task_group_decorator to 2026-05-07 00:00:00+00:00, run_after=2026-05-08 00:00:00+00:00
[2026-05-08T15:57:33.278+0000] {processor.py:183} INFO - Processing /home/airflow/.local/lib/python3.12/site-packages/airflow/example_dags/example_task_group_decorator.py took 0.075 seconds
[2026-05-08T15:58:03.361+0000] {processor.py:161} INFO - Started process (PID=1051) to work on /home/airflow/.local/lib/python3.12/site-packages/airflow/example_dags/example_task_group_decorator.py
[2026-05-08T15:58:03.362+0000] {processor.py:830} INFO - Processing file /home/airflow/.local/lib/python3.12/site-packages/airflow/example_dags/example_task_group_decorator.py for tasks to queue
[2026-05-08T15:58:03.364+0000] {logging_mixin.py:188} INFO - [2026-05-08T15:58:03.363+0000] {dagbag.py:545} INFO - Filling up the DagBag from /home/airflow/.local/lib/python3.12/site-packages/airflow/example_dags/example_task_group_decorator.py
[2026-05-08T15:58:03.376+0000] {processor.py:840} INFO - DAG(s) 'example_task_group_decorator' retrieved from /home/airflow/.local/lib/python3.12/site-packages/airflow/example_dags/example_task_group_decorator.py
[2026-05-08T15:58:03.397+0000] {logging_mixin.py:188} INFO - [2026-05-08T15:58:03.396+0000] {dag.py:3089} INFO - Sync 1 DAGs
[2026-05-08T15:58:03.417+0000] {logging_mixin.py:188} INFO - [2026-05-08T15:58:03.416+0000] {dag.py:3947} INFO - Setting next_dagrun for example_task_group_decorator to 2026-05-07 00:00:00+00:00, run_after=2026-05-08 00:00:00+00:00
[2026-05-08T15:58:03.432+0000] {processor.py:183} INFO - Processing /home/airflow/.local/lib/python3.12/site-packages/airflow/example_dags/example_task_group_decorator.py took 0.075 seconds
[2026-05-08T15:58:33.567+0000] {processor.py:161} INFO - Started process (PID=1109) to work on /home/airflow/.local/lib/python3.12/site-packages/airflow/example_dags/example_task_group_decorator.py
[2026-05-08T15:58:33.568+0000] {processor.py:830} INFO - Processing file /home/airflow/.local/lib/python3.12/site-packages/airflow/example_dags/example_task_group_decorator.py for tasks to queue
[2026-05-08T15:58:33.569+0000] {logging_mixin.py:188} INFO - [2026-05-08T15:58:33.569+0000] {dagbag.py:545} INFO - Filling up the DagBag from /home/airflow/.local/lib/python3.12/site-packages/airflow/example_dags/example_task_group_decorator.py
[2026-05-08T15:58:33.583+0000] {processor.py:840} INFO - DAG(s) 'example_task_group_decorator' retrieved from /home/airflow/.local/lib/python3.12/site-packages/airflow/example_dags/example_task_group_decorator.py
[2026-05-08T15:58:33.604+0000] {logging_mixin.py:188} INFO - [2026-05-08T15:58:33.604+0000] {dag.py:3089} INFO - Sync 1 DAGs
[2026-05-08T15:58:33.623+0000] {logging_mixin.py:188} INFO - [2026-05-08T15:58:33.623+0000] {dag.py:3947} INFO - Setting next_dagrun for example_task_group_decorator to 2026-05-07 00:00:00+00:00, run_after=2026-05-08 00:00:00+00:00
[2026-05-08T15:58:33.639+0000] {processor.py:183} INFO - Processing /home/airflow/.local/lib/python3.12/site-packages/airflow/example_dags/example_task_group_decorator.py took 0.076 seconds
[2026-05-08T15:59:03.818+0000] {processor.py:161} INFO - Started process (PID=1167) to work on /home/airflow/.local/lib/python3.12/site-packages/airflow/example_dags/example_task_group_decorator.py
[2026-05-08T15:59:03.820+0000] {processor.py:830} INFO - Processing file /home/airflow/.local/lib/python3.12/site-packages/airflow/example_dags/example_task_group_decorator.py for tasks to queue
[2026-05-08T15:59:03.821+0000] {logging_mixin.py:188} INFO - [2026-05-08T15:59:03.821+0000] {dagbag.py:545} INFO - Filling up the DagBag from /home/airflow/.local/lib/python3.12/site-packages/airflow/example_dags/example_task_group_decorator.py
[2026-05-08T15:59:03.833+0000] {processor.py:840} INFO - DAG(s) 'example_task_group_decorator' retrieved from /home/airflow/.local/lib/python3.12/site-packages/airflow/example_dags/example_task_group_decorator.py
[2026-05-08T15:59:03.857+0000] {logging_mixin.py:188} INFO - [2026-05-08T15:59:03.857+0000] {dag.py:3089} INFO - Sync 1 DAGs
[2026-05-08T15:59:03.879+0000] {logging_mixin.py:188} INFO - [2026-05-08T15:59:03.878+0000] {dag.py:3947} INFO - Setting next_dagrun for example_task_group_decorator to 2026-05-07 00:00:00+00:00, run_after=2026-05-08 00:00:00+00:00
[2026-05-08T15:59:03.895+0000] {processor.py:183} INFO - Processing /home/airflow/.local/lib/python3.12/site-packages/airflow/example_dags/example_task_group_decorator.py took 0.081 seconds
