[2026-05-08T15:39:26.653+0000] {processor.py:161} INFO - Started process (PID=70) to work on /home/airflow/.local/lib/python3.12/site-packages/airflow/example_dags/example_sla_dag.py
[2026-05-08T15:39:26.655+0000] {processor.py:830} INFO - Processing file /home/airflow/.local/lib/python3.12/site-packages/airflow/example_dags/example_sla_dag.py for tasks to queue
[2026-05-08T15:39:26.657+0000] {logging_mixin.py:188} INFO - [2026-05-08T15:39:26.657+0000] {dagbag.py:545} INFO - Filling up the DagBag from /home/airflow/.local/lib/python3.12/site-packages/airflow/example_dags/example_sla_dag.py
[2026-05-08T15:39:26.667+0000] {processor.py:840} INFO - DAG(s) 'example_sla_dag' retrieved from /home/airflow/.local/lib/python3.12/site-packages/airflow/example_dags/example_sla_dag.py
[2026-05-08T15:39:26.687+0000] {logging_mixin.py:188} INFO - [2026-05-08T15:39:26.687+0000] {dag.py:3089} INFO - Sync 1 DAGs
[2026-05-08T15:39:26.731+0000] {logging_mixin.py:188} INFO - [2026-05-08T15:39:26.731+0000] {dag.py:3947} INFO - Setting next_dagrun for example_sla_dag to 2026-05-08 15:36:00+00:00, run_after=2026-05-08 15:38:00+00:00
[2026-05-08T15:39:26.770+0000] {processor.py:183} INFO - Processing /home/airflow/.local/lib/python3.12/site-packages/airflow/example_dags/example_sla_dag.py took 0.123 seconds
[2026-05-08T15:39:57.233+0000] {processor.py:161} INFO - Started process (PID=128) to work on /home/airflow/.local/lib/python3.12/site-packages/airflow/example_dags/example_sla_dag.py
[2026-05-08T15:39:57.233+0000] {processor.py:830} INFO - Processing file /home/airflow/.local/lib/python3.12/site-packages/airflow/example_dags/example_sla_dag.py for tasks to queue
[2026-05-08T15:39:57.234+0000] {logging_mixin.py:188} INFO - [2026-05-08T15:39:57.234+0000] {dagbag.py:545} INFO - Filling up the DagBag from /home/airflow/.local/lib/python3.12/site-packages/airflow/example_dags/example_sla_dag.py
[2026-05-08T15:39:57.242+0000] {processor.py:840} INFO - DAG(s) 'example_sla_dag' retrieved from /home/airflow/.local/lib/python3.12/site-packages/airflow/example_dags/example_sla_dag.py
[2026-05-08T15:39:57.257+0000] {logging_mixin.py:188} INFO - [2026-05-08T15:39:57.257+0000] {dag.py:3089} INFO - Sync 1 DAGs
[2026-05-08T15:39:57.279+0000] {logging_mixin.py:188} INFO - [2026-05-08T15:39:57.279+0000] {dag.py:3947} INFO - Setting next_dagrun for example_sla_dag to 2026-05-08 15:36:00+00:00, run_after=2026-05-08 15:38:00+00:00
[2026-05-08T15:39:57.294+0000] {processor.py:183} INFO - Processing /home/airflow/.local/lib/python3.12/site-packages/airflow/example_dags/example_sla_dag.py took 0.066 seconds
[2026-05-08T15:40:27.770+0000] {processor.py:161} INFO - Started process (PID=186) to work on /home/airflow/.local/lib/python3.12/site-packages/airflow/example_dags/example_sla_dag.py
[2026-05-08T15:40:27.771+0000] {processor.py:830} INFO - Processing file /home/airflow/.local/lib/python3.12/site-packages/airflow/example_dags/example_sla_dag.py for tasks to queue
[2026-05-08T15:40:27.772+0000] {logging_mixin.py:188} INFO - [2026-05-08T15:40:27.772+0000] {dagbag.py:545} INFO - Filling up the DagBag from /home/airflow/.local/lib/python3.12/site-packages/airflow/example_dags/example_sla_dag.py
[2026-05-08T15:40:27.779+0000] {processor.py:840} INFO - DAG(s) 'example_sla_dag' retrieved from /home/airflow/.local/lib/python3.12/site-packages/airflow/example_dags/example_sla_dag.py
[2026-05-08T15:40:27.795+0000] {logging_mixin.py:188} INFO - [2026-05-08T15:40:27.794+0000] {dag.py:3089} INFO - Sync 1 DAGs
[2026-05-08T15:40:27.816+0000] {logging_mixin.py:188} INFO - [2026-05-08T15:40:27.816+0000] {dag.py:3947} INFO - Setting next_dagrun for example_sla_dag to 2026-05-08 15:38:00+00:00, run_after=2026-05-08 15:40:00+00:00
[2026-05-08T15:40:27.832+0000] {processor.py:183} INFO - Processing /home/airflow/.local/lib/python3.12/site-packages/airflow/example_dags/example_sla_dag.py took 0.068 seconds
[2026-05-08T15:40:57.882+0000] {processor.py:161} INFO - Started process (PID=244) to work on /home/airflow/.local/lib/python3.12/site-packages/airflow/example_dags/example_sla_dag.py
[2026-05-08T15:40:57.882+0000] {processor.py:830} INFO - Processing file /home/airflow/.local/lib/python3.12/site-packages/airflow/example_dags/example_sla_dag.py for tasks to queue
[2026-05-08T15:40:57.883+0000] {logging_mixin.py:188} INFO - [2026-05-08T15:40:57.883+0000] {dagbag.py:545} INFO - Filling up the DagBag from /home/airflow/.local/lib/python3.12/site-packages/airflow/example_dags/example_sla_dag.py
[2026-05-08T15:40:57.890+0000] {processor.py:840} INFO - DAG(s) 'example_sla_dag' retrieved from /home/airflow/.local/lib/python3.12/site-packages/airflow/example_dags/example_sla_dag.py
[2026-05-08T15:40:57.905+0000] {logging_mixin.py:188} INFO - [2026-05-08T15:40:57.904+0000] {dag.py:3089} INFO - Sync 1 DAGs
[2026-05-08T15:40:57.924+0000] {logging_mixin.py:188} INFO - [2026-05-08T15:40:57.924+0000] {dag.py:3947} INFO - Setting next_dagrun for example_sla_dag to 2026-05-08 15:38:00+00:00, run_after=2026-05-08 15:40:00+00:00
[2026-05-08T15:40:57.938+0000] {processor.py:183} INFO - Processing /home/airflow/.local/lib/python3.12/site-packages/airflow/example_dags/example_sla_dag.py took 0.061 seconds
[2026-05-08T15:41:28.195+0000] {processor.py:161} INFO - Started process (PID=302) to work on /home/airflow/.local/lib/python3.12/site-packages/airflow/example_dags/example_sla_dag.py
[2026-05-08T15:41:28.201+0000] {processor.py:830} INFO - Processing file /home/airflow/.local/lib/python3.12/site-packages/airflow/example_dags/example_sla_dag.py for tasks to queue
[2026-05-08T15:41:28.202+0000] {logging_mixin.py:188} INFO - [2026-05-08T15:41:28.202+0000] {dagbag.py:545} INFO - Filling up the DagBag from /home/airflow/.local/lib/python3.12/site-packages/airflow/example_dags/example_sla_dag.py
[2026-05-08T15:41:28.209+0000] {processor.py:840} INFO - DAG(s) 'example_sla_dag' retrieved from /home/airflow/.local/lib/python3.12/site-packages/airflow/example_dags/example_sla_dag.py
[2026-05-08T15:41:28.225+0000] {logging_mixin.py:188} INFO - [2026-05-08T15:41:28.225+0000] {dag.py:3089} INFO - Sync 1 DAGs
[2026-05-08T15:41:28.247+0000] {logging_mixin.py:188} INFO - [2026-05-08T15:41:28.247+0000] {dag.py:3947} INFO - Setting next_dagrun for example_sla_dag to 2026-05-08 15:38:00+00:00, run_after=2026-05-08 15:40:00+00:00
[2026-05-08T15:41:28.269+0000] {processor.py:183} INFO - Processing /home/airflow/.local/lib/python3.12/site-packages/airflow/example_dags/example_sla_dag.py took 0.079 seconds
[2026-05-08T15:41:58.518+0000] {processor.py:161} INFO - Started process (PID=359) to work on /home/airflow/.local/lib/python3.12/site-packages/airflow/example_dags/example_sla_dag.py
[2026-05-08T15:41:58.518+0000] {processor.py:830} INFO - Processing file /home/airflow/.local/lib/python3.12/site-packages/airflow/example_dags/example_sla_dag.py for tasks to queue
[2026-05-08T15:41:58.520+0000] {logging_mixin.py:188} INFO - [2026-05-08T15:41:58.519+0000] {dagbag.py:545} INFO - Filling up the DagBag from /home/airflow/.local/lib/python3.12/site-packages/airflow/example_dags/example_sla_dag.py
[2026-05-08T15:41:58.526+0000] {processor.py:840} INFO - DAG(s) 'example_sla_dag' retrieved from /home/airflow/.local/lib/python3.12/site-packages/airflow/example_dags/example_sla_dag.py
[2026-05-08T15:41:58.541+0000] {logging_mixin.py:188} INFO - [2026-05-08T15:41:58.541+0000] {dag.py:3089} INFO - Sync 1 DAGs
[2026-05-08T15:41:58.563+0000] {logging_mixin.py:188} INFO - [2026-05-08T15:41:58.563+0000] {dag.py:3947} INFO - Setting next_dagrun for example_sla_dag to 2026-05-08 15:38:00+00:00, run_after=2026-05-08 15:40:00+00:00
[2026-05-08T15:41:58.582+0000] {processor.py:183} INFO - Processing /home/airflow/.local/lib/python3.12/site-packages/airflow/example_dags/example_sla_dag.py took 0.070 seconds
[2026-05-08T15:42:29.131+0000] {processor.py:161} INFO - Started process (PID=417) to work on /home/airflow/.local/lib/python3.12/site-packages/airflow/example_dags/example_sla_dag.py
[2026-05-08T15:42:29.132+0000] {processor.py:830} INFO - Processing file /home/airflow/.local/lib/python3.12/site-packages/airflow/example_dags/example_sla_dag.py for tasks to queue
[2026-05-08T15:42:29.134+0000] {logging_mixin.py:188} INFO - [2026-05-08T15:42:29.133+0000] {dagbag.py:545} INFO - Filling up the DagBag from /home/airflow/.local/lib/python3.12/site-packages/airflow/example_dags/example_sla_dag.py
[2026-05-08T15:42:29.140+0000] {processor.py:840} INFO - DAG(s) 'example_sla_dag' retrieved from /home/airflow/.local/lib/python3.12/site-packages/airflow/example_dags/example_sla_dag.py
[2026-05-08T15:42:29.156+0000] {logging_mixin.py:188} INFO - [2026-05-08T15:42:29.156+0000] {dag.py:3089} INFO - Sync 1 DAGs
[2026-05-08T15:42:29.177+0000] {logging_mixin.py:188} INFO - [2026-05-08T15:42:29.177+0000] {dag.py:3947} INFO - Setting next_dagrun for example_sla_dag to 2026-05-08 15:40:00+00:00, run_after=2026-05-08 15:42:00+00:00
[2026-05-08T15:42:29.194+0000] {processor.py:183} INFO - Processing /home/airflow/.local/lib/python3.12/site-packages/airflow/example_dags/example_sla_dag.py took 0.068 seconds
[2026-05-08T15:42:59.716+0000] {processor.py:161} INFO - Started process (PID=475) to work on /home/airflow/.local/lib/python3.12/site-packages/airflow/example_dags/example_sla_dag.py
[2026-05-08T15:42:59.717+0000] {processor.py:830} INFO - Processing file /home/airflow/.local/lib/python3.12/site-packages/airflow/example_dags/example_sla_dag.py for tasks to queue
[2026-05-08T15:42:59.718+0000] {logging_mixin.py:188} INFO - [2026-05-08T15:42:59.718+0000] {dagbag.py:545} INFO - Filling up the DagBag from /home/airflow/.local/lib/python3.12/site-packages/airflow/example_dags/example_sla_dag.py
[2026-05-08T15:42:59.725+0000] {processor.py:840} INFO - DAG(s) 'example_sla_dag' retrieved from /home/airflow/.local/lib/python3.12/site-packages/airflow/example_dags/example_sla_dag.py
[2026-05-08T15:42:59.740+0000] {logging_mixin.py:188} INFO - [2026-05-08T15:42:59.740+0000] {dag.py:3089} INFO - Sync 1 DAGs
[2026-05-08T15:42:59.761+0000] {logging_mixin.py:188} INFO - [2026-05-08T15:42:59.761+0000] {dag.py:3947} INFO - Setting next_dagrun for example_sla_dag to 2026-05-08 15:40:00+00:00, run_after=2026-05-08 15:42:00+00:00
[2026-05-08T15:42:59.795+0000] {processor.py:183} INFO - Processing /home/airflow/.local/lib/python3.12/site-packages/airflow/example_dags/example_sla_dag.py took 0.085 seconds
[2026-05-08T15:43:30.119+0000] {processor.py:161} INFO - Started process (PID=533) to work on /home/airflow/.local/lib/python3.12/site-packages/airflow/example_dags/example_sla_dag.py
[2026-05-08T15:43:30.120+0000] {processor.py:830} INFO - Processing file /home/airflow/.local/lib/python3.12/site-packages/airflow/example_dags/example_sla_dag.py for tasks to queue
[2026-05-08T15:43:30.122+0000] {logging_mixin.py:188} INFO - [2026-05-08T15:43:30.121+0000] {dagbag.py:545} INFO - Filling up the DagBag from /home/airflow/.local/lib/python3.12/site-packages/airflow/example_dags/example_sla_dag.py
[2026-05-08T15:43:30.129+0000] {processor.py:840} INFO - DAG(s) 'example_sla_dag' retrieved from /home/airflow/.local/lib/python3.12/site-packages/airflow/example_dags/example_sla_dag.py
[2026-05-08T15:43:30.144+0000] {logging_mixin.py:188} INFO - [2026-05-08T15:43:30.144+0000] {dag.py:3089} INFO - Sync 1 DAGs
[2026-05-08T15:43:30.165+0000] {logging_mixin.py:188} INFO - [2026-05-08T15:43:30.165+0000] {dag.py:3947} INFO - Setting next_dagrun for example_sla_dag to 2026-05-08 15:40:00+00:00, run_after=2026-05-08 15:42:00+00:00
[2026-05-08T15:43:30.181+0000] {processor.py:183} INFO - Processing /home/airflow/.local/lib/python3.12/site-packages/airflow/example_dags/example_sla_dag.py took 0.067 seconds
[2026-05-08T15:44:00.567+0000] {processor.py:161} INFO - Started process (PID=591) to work on /home/airflow/.local/lib/python3.12/site-packages/airflow/example_dags/example_sla_dag.py
[2026-05-08T15:44:00.568+0000] {processor.py:830} INFO - Processing file /home/airflow/.local/lib/python3.12/site-packages/airflow/example_dags/example_sla_dag.py for tasks to queue
[2026-05-08T15:44:00.569+0000] {logging_mixin.py:188} INFO - [2026-05-08T15:44:00.569+0000] {dagbag.py:545} INFO - Filling up the DagBag from /home/airflow/.local/lib/python3.12/site-packages/airflow/example_dags/example_sla_dag.py
[2026-05-08T15:44:00.576+0000] {processor.py:840} INFO - DAG(s) 'example_sla_dag' retrieved from /home/airflow/.local/lib/python3.12/site-packages/airflow/example_dags/example_sla_dag.py
[2026-05-08T15:44:00.591+0000] {logging_mixin.py:188} INFO - [2026-05-08T15:44:00.591+0000] {dag.py:3089} INFO - Sync 1 DAGs
[2026-05-08T15:44:00.612+0000] {logging_mixin.py:188} INFO - [2026-05-08T15:44:00.612+0000] {dag.py:3947} INFO - Setting next_dagrun for example_sla_dag to 2026-05-08 15:42:00+00:00, run_after=2026-05-08 15:44:00+00:00
[2026-05-08T15:44:00.627+0000] {processor.py:183} INFO - Processing /home/airflow/.local/lib/python3.12/site-packages/airflow/example_dags/example_sla_dag.py took 0.065 seconds
[2026-05-08T15:44:31.186+0000] {processor.py:161} INFO - Started process (PID=649) to work on /home/airflow/.local/lib/python3.12/site-packages/airflow/example_dags/example_sla_dag.py
[2026-05-08T15:44:31.187+0000] {processor.py:830} INFO - Processing file /home/airflow/.local/lib/python3.12/site-packages/airflow/example_dags/example_sla_dag.py for tasks to queue
[2026-05-08T15:44:31.189+0000] {logging_mixin.py:188} INFO - [2026-05-08T15:44:31.188+0000] {dagbag.py:545} INFO - Filling up the DagBag from /home/airflow/.local/lib/python3.12/site-packages/airflow/example_dags/example_sla_dag.py
[2026-05-08T15:44:31.195+0000] {processor.py:840} INFO - DAG(s) 'example_sla_dag' retrieved from /home/airflow/.local/lib/python3.12/site-packages/airflow/example_dags/example_sla_dag.py
[2026-05-08T15:44:31.211+0000] {logging_mixin.py:188} INFO - [2026-05-08T15:44:31.210+0000] {dag.py:3089} INFO - Sync 1 DAGs
[2026-05-08T15:44:31.231+0000] {logging_mixin.py:188} INFO - [2026-05-08T15:44:31.231+0000] {dag.py:3947} INFO - Setting next_dagrun for example_sla_dag to 2026-05-08 15:42:00+00:00, run_after=2026-05-08 15:44:00+00:00
[2026-05-08T15:44:31.247+0000] {processor.py:183} INFO - Processing /home/airflow/.local/lib/python3.12/site-packages/airflow/example_dags/example_sla_dag.py took 0.066 seconds
[2026-05-08T15:45:01.615+0000] {processor.py:161} INFO - Started process (PID=707) to work on /home/airflow/.local/lib/python3.12/site-packages/airflow/example_dags/example_sla_dag.py
[2026-05-08T15:45:01.616+0000] {processor.py:830} INFO - Processing file /home/airflow/.local/lib/python3.12/site-packages/airflow/example_dags/example_sla_dag.py for tasks to queue
[2026-05-08T15:45:01.617+0000] {logging_mixin.py:188} INFO - [2026-05-08T15:45:01.617+0000] {dagbag.py:545} INFO - Filling up the DagBag from /home/airflow/.local/lib/python3.12/site-packages/airflow/example_dags/example_sla_dag.py
[2026-05-08T15:45:01.624+0000] {processor.py:840} INFO - DAG(s) 'example_sla_dag' retrieved from /home/airflow/.local/lib/python3.12/site-packages/airflow/example_dags/example_sla_dag.py
[2026-05-08T15:45:01.639+0000] {logging_mixin.py:188} INFO - [2026-05-08T15:45:01.639+0000] {dag.py:3089} INFO - Sync 1 DAGs
[2026-05-08T15:45:01.659+0000] {logging_mixin.py:188} INFO - [2026-05-08T15:45:01.659+0000] {dag.py:3947} INFO - Setting next_dagrun for example_sla_dag to 2026-05-08 15:42:00+00:00, run_after=2026-05-08 15:44:00+00:00
[2026-05-08T15:45:01.677+0000] {processor.py:183} INFO - Processing /home/airflow/.local/lib/python3.12/site-packages/airflow/example_dags/example_sla_dag.py took 0.067 seconds
[2026-05-08T15:45:32.383+0000] {processor.py:161} INFO - Started process (PID=765) to work on /home/airflow/.local/lib/python3.12/site-packages/airflow/example_dags/example_sla_dag.py
[2026-05-08T15:45:32.384+0000] {processor.py:830} INFO - Processing file /home/airflow/.local/lib/python3.12/site-packages/airflow/example_dags/example_sla_dag.py for tasks to queue
[2026-05-08T15:45:32.385+0000] {logging_mixin.py:188} INFO - [2026-05-08T15:45:32.385+0000] {dagbag.py:545} INFO - Filling up the DagBag from /home/airflow/.local/lib/python3.12/site-packages/airflow/example_dags/example_sla_dag.py
[2026-05-08T15:45:32.391+0000] {processor.py:840} INFO - DAG(s) 'example_sla_dag' retrieved from /home/airflow/.local/lib/python3.12/site-packages/airflow/example_dags/example_sla_dag.py
[2026-05-08T15:45:32.406+0000] {logging_mixin.py:188} INFO - [2026-05-08T15:45:32.406+0000] {dag.py:3089} INFO - Sync 1 DAGs
[2026-05-08T15:45:32.426+0000] {logging_mixin.py:188} INFO - [2026-05-08T15:45:32.426+0000] {dag.py:3947} INFO - Setting next_dagrun for example_sla_dag to 2026-05-08 15:42:00+00:00, run_after=2026-05-08 15:44:00+00:00
[2026-05-08T15:45:32.442+0000] {processor.py:183} INFO - Processing /home/airflow/.local/lib/python3.12/site-packages/airflow/example_dags/example_sla_dag.py took 0.064 seconds
[2026-05-08T15:46:02.999+0000] {processor.py:161} INFO - Started process (PID=823) to work on /home/airflow/.local/lib/python3.12/site-packages/airflow/example_dags/example_sla_dag.py
[2026-05-08T15:46:02.999+0000] {processor.py:830} INFO - Processing file /home/airflow/.local/lib/python3.12/site-packages/airflow/example_dags/example_sla_dag.py for tasks to queue
[2026-05-08T15:46:03.001+0000] {logging_mixin.py:188} INFO - [2026-05-08T15:46:03.001+0000] {dagbag.py:545} INFO - Filling up the DagBag from /home/airflow/.local/lib/python3.12/site-packages/airflow/example_dags/example_sla_dag.py
[2026-05-08T15:46:03.007+0000] {processor.py:840} INFO - DAG(s) 'example_sla_dag' retrieved from /home/airflow/.local/lib/python3.12/site-packages/airflow/example_dags/example_sla_dag.py
[2026-05-08T15:46:03.022+0000] {logging_mixin.py:188} INFO - [2026-05-08T15:46:03.022+0000] {dag.py:3089} INFO - Sync 1 DAGs
[2026-05-08T15:46:03.042+0000] {logging_mixin.py:188} INFO - [2026-05-08T15:46:03.042+0000] {dag.py:3947} INFO - Setting next_dagrun for example_sla_dag to 2026-05-08 15:44:00+00:00, run_after=2026-05-08 15:46:00+00:00
[2026-05-08T15:46:03.061+0000] {processor.py:183} INFO - Processing /home/airflow/.local/lib/python3.12/site-packages/airflow/example_dags/example_sla_dag.py took 0.067 seconds
[2026-05-08T15:46:33.730+0000] {processor.py:161} INFO - Started process (PID=881) to work on /home/airflow/.local/lib/python3.12/site-packages/airflow/example_dags/example_sla_dag.py
[2026-05-08T15:46:33.732+0000] {processor.py:830} INFO - Processing file /home/airflow/.local/lib/python3.12/site-packages/airflow/example_dags/example_sla_dag.py for tasks to queue
[2026-05-08T15:46:33.734+0000] {logging_mixin.py:188} INFO - [2026-05-08T15:46:33.733+0000] {dagbag.py:545} INFO - Filling up the DagBag from /home/airflow/.local/lib/python3.12/site-packages/airflow/example_dags/example_sla_dag.py
[2026-05-08T15:46:33.741+0000] {processor.py:840} INFO - DAG(s) 'example_sla_dag' retrieved from /home/airflow/.local/lib/python3.12/site-packages/airflow/example_dags/example_sla_dag.py
[2026-05-08T15:46:33.758+0000] {logging_mixin.py:188} INFO - [2026-05-08T15:46:33.758+0000] {dag.py:3089} INFO - Sync 1 DAGs
[2026-05-08T15:46:33.779+0000] {logging_mixin.py:188} INFO - [2026-05-08T15:46:33.779+0000] {dag.py:3947} INFO - Setting next_dagrun for example_sla_dag to 2026-05-08 15:44:00+00:00, run_after=2026-05-08 15:46:00+00:00
[2026-05-08T15:46:33.794+0000] {processor.py:183} INFO - Processing /home/airflow/.local/lib/python3.12/site-packages/airflow/example_dags/example_sla_dag.py took 0.069 seconds
[2026-05-08T15:47:04.310+0000] {processor.py:161} INFO - Started process (PID=939) to work on /home/airflow/.local/lib/python3.12/site-packages/airflow/example_dags/example_sla_dag.py
[2026-05-08T15:47:04.311+0000] {processor.py:830} INFO - Processing file /home/airflow/.local/lib/python3.12/site-packages/airflow/example_dags/example_sla_dag.py for tasks to queue
[2026-05-08T15:47:04.312+0000] {logging_mixin.py:188} INFO - [2026-05-08T15:47:04.312+0000] {dagbag.py:545} INFO - Filling up the DagBag from /home/airflow/.local/lib/python3.12/site-packages/airflow/example_dags/example_sla_dag.py
[2026-05-08T15:47:04.319+0000] {processor.py:840} INFO - DAG(s) 'example_sla_dag' retrieved from /home/airflow/.local/lib/python3.12/site-packages/airflow/example_dags/example_sla_dag.py
[2026-05-08T15:47:04.335+0000] {logging_mixin.py:188} INFO - [2026-05-08T15:47:04.335+0000] {dag.py:3089} INFO - Sync 1 DAGs
[2026-05-08T15:47:04.357+0000] {logging_mixin.py:188} INFO - [2026-05-08T15:47:04.357+0000] {dag.py:3947} INFO - Setting next_dagrun for example_sla_dag to 2026-05-08 15:44:00+00:00, run_after=2026-05-08 15:46:00+00:00
[2026-05-08T15:47:04.373+0000] {processor.py:183} INFO - Processing /home/airflow/.local/lib/python3.12/site-packages/airflow/example_dags/example_sla_dag.py took 0.068 seconds
[2026-05-08T15:47:34.496+0000] {processor.py:161} INFO - Started process (PID=997) to work on /home/airflow/.local/lib/python3.12/site-packages/airflow/example_dags/example_sla_dag.py
[2026-05-08T15:47:34.498+0000] {processor.py:830} INFO - Processing file /home/airflow/.local/lib/python3.12/site-packages/airflow/example_dags/example_sla_dag.py for tasks to queue
[2026-05-08T15:47:34.499+0000] {logging_mixin.py:188} INFO - [2026-05-08T15:47:34.499+0000] {dagbag.py:545} INFO - Filling up the DagBag from /home/airflow/.local/lib/python3.12/site-packages/airflow/example_dags/example_sla_dag.py
[2026-05-08T15:47:34.506+0000] {processor.py:840} INFO - DAG(s) 'example_sla_dag' retrieved from /home/airflow/.local/lib/python3.12/site-packages/airflow/example_dags/example_sla_dag.py
[2026-05-08T15:47:34.521+0000] {logging_mixin.py:188} INFO - [2026-05-08T15:47:34.521+0000] {dag.py:3089} INFO - Sync 1 DAGs
[2026-05-08T15:47:34.541+0000] {logging_mixin.py:188} INFO - [2026-05-08T15:47:34.541+0000] {dag.py:3947} INFO - Setting next_dagrun for example_sla_dag to 2026-05-08 15:44:00+00:00, run_after=2026-05-08 15:46:00+00:00
[2026-05-08T15:47:34.556+0000] {processor.py:183} INFO - Processing /home/airflow/.local/lib/python3.12/site-packages/airflow/example_dags/example_sla_dag.py took 0.064 seconds
[2026-05-08T15:48:06.231+0000] {processor.py:161} INFO - Started process (PID=1056) to work on /home/airflow/.local/lib/python3.12/site-packages/airflow/example_dags/example_sla_dag.py
[2026-05-08T15:48:06.232+0000] {processor.py:830} INFO - Processing file /home/airflow/.local/lib/python3.12/site-packages/airflow/example_dags/example_sla_dag.py for tasks to queue
[2026-05-08T15:48:06.233+0000] {logging_mixin.py:188} INFO - [2026-05-08T15:48:06.233+0000] {dagbag.py:545} INFO - Filling up the DagBag from /home/airflow/.local/lib/python3.12/site-packages/airflow/example_dags/example_sla_dag.py
[2026-05-08T15:48:06.302+0000] {processor.py:840} INFO - DAG(s) 'example_sla_dag' retrieved from /home/airflow/.local/lib/python3.12/site-packages/airflow/example_dags/example_sla_dag.py
[2026-05-08T15:48:06.319+0000] {logging_mixin.py:188} INFO - [2026-05-08T15:48:06.319+0000] {dag.py:3089} INFO - Sync 1 DAGs
[2026-05-08T15:48:06.354+0000] {logging_mixin.py:188} INFO - [2026-05-08T15:48:06.353+0000] {dag.py:3947} INFO - Setting next_dagrun for example_sla_dag to 2026-05-08 15:46:00+00:00, run_after=2026-05-08 15:48:00+00:00
[2026-05-08T15:48:06.374+0000] {processor.py:183} INFO - Processing /home/airflow/.local/lib/python3.12/site-packages/airflow/example_dags/example_sla_dag.py took 0.147 seconds
[2026-05-08T15:48:37.065+0000] {processor.py:161} INFO - Started process (PID=1114) to work on /home/airflow/.local/lib/python3.12/site-packages/airflow/example_dags/example_sla_dag.py
[2026-05-08T15:48:37.070+0000] {processor.py:830} INFO - Processing file /home/airflow/.local/lib/python3.12/site-packages/airflow/example_dags/example_sla_dag.py for tasks to queue
[2026-05-08T15:48:37.072+0000] {logging_mixin.py:188} INFO - [2026-05-08T15:48:37.072+0000] {dagbag.py:545} INFO - Filling up the DagBag from /home/airflow/.local/lib/python3.12/site-packages/airflow/example_dags/example_sla_dag.py
[2026-05-08T15:48:37.082+0000] {processor.py:840} INFO - DAG(s) 'example_sla_dag' retrieved from /home/airflow/.local/lib/python3.12/site-packages/airflow/example_dags/example_sla_dag.py
[2026-05-08T15:48:37.098+0000] {logging_mixin.py:188} INFO - [2026-05-08T15:48:37.098+0000] {dag.py:3089} INFO - Sync 1 DAGs
[2026-05-08T15:48:37.157+0000] {logging_mixin.py:188} INFO - [2026-05-08T15:48:37.157+0000] {dag.py:3947} INFO - Setting next_dagrun for example_sla_dag to 2026-05-08 15:46:00+00:00, run_after=2026-05-08 15:48:00+00:00
[2026-05-08T15:48:37.228+0000] {processor.py:183} INFO - Processing /home/airflow/.local/lib/python3.12/site-packages/airflow/example_dags/example_sla_dag.py took 0.168 seconds
[2026-05-08T15:49:26.994+0000] {processor.py:161} INFO - Started process (PID=64) to work on /home/airflow/.local/lib/python3.12/site-packages/airflow/example_dags/example_sla_dag.py
[2026-05-08T15:49:27.001+0000] {processor.py:830} INFO - Processing file /home/airflow/.local/lib/python3.12/site-packages/airflow/example_dags/example_sla_dag.py for tasks to queue
[2026-05-08T15:49:27.002+0000] {logging_mixin.py:188} INFO - [2026-05-08T15:49:27.002+0000] {dagbag.py:545} INFO - Filling up the DagBag from /home/airflow/.local/lib/python3.12/site-packages/airflow/example_dags/example_sla_dag.py
[2026-05-08T15:49:27.011+0000] {processor.py:840} INFO - DAG(s) 'example_sla_dag' retrieved from /home/airflow/.local/lib/python3.12/site-packages/airflow/example_dags/example_sla_dag.py
[2026-05-08T15:49:27.030+0000] {logging_mixin.py:188} INFO - [2026-05-08T15:49:27.029+0000] {dag.py:3089} INFO - Sync 1 DAGs
[2026-05-08T15:49:27.055+0000] {logging_mixin.py:188} INFO - [2026-05-08T15:49:27.055+0000] {dag.py:3947} INFO - Setting next_dagrun for example_sla_dag to 2026-05-08 15:46:00+00:00, run_after=2026-05-08 15:48:00+00:00
[2026-05-08T15:49:27.072+0000] {processor.py:183} INFO - Processing /home/airflow/.local/lib/python3.12/site-packages/airflow/example_dags/example_sla_dag.py took 0.084 seconds
[2026-05-08T15:49:57.121+0000] {processor.py:161} INFO - Started process (PID=122) to work on /home/airflow/.local/lib/python3.12/site-packages/airflow/example_dags/example_sla_dag.py
[2026-05-08T15:49:57.121+0000] {processor.py:830} INFO - Processing file /home/airflow/.local/lib/python3.12/site-packages/airflow/example_dags/example_sla_dag.py for tasks to queue
[2026-05-08T15:49:57.123+0000] {logging_mixin.py:188} INFO - [2026-05-08T15:49:57.122+0000] {dagbag.py:545} INFO - Filling up the DagBag from /home/airflow/.local/lib/python3.12/site-packages/airflow/example_dags/example_sla_dag.py
[2026-05-08T15:49:57.129+0000] {processor.py:840} INFO - DAG(s) 'example_sla_dag' retrieved from /home/airflow/.local/lib/python3.12/site-packages/airflow/example_dags/example_sla_dag.py
[2026-05-08T15:49:57.144+0000] {logging_mixin.py:188} INFO - [2026-05-08T15:49:57.143+0000] {dag.py:3089} INFO - Sync 1 DAGs
[2026-05-08T15:49:57.163+0000] {logging_mixin.py:188} INFO - [2026-05-08T15:49:57.163+0000] {dag.py:3947} INFO - Setting next_dagrun for example_sla_dag to 2026-05-08 15:46:00+00:00, run_after=2026-05-08 15:48:00+00:00
[2026-05-08T15:49:57.183+0000] {processor.py:183} INFO - Processing /home/airflow/.local/lib/python3.12/site-packages/airflow/example_dags/example_sla_dag.py took 0.066 seconds
[2026-05-08T15:50:28.088+0000] {processor.py:161} INFO - Started process (PID=180) to work on /home/airflow/.local/lib/python3.12/site-packages/airflow/example_dags/example_sla_dag.py
[2026-05-08T15:50:28.089+0000] {processor.py:830} INFO - Processing file /home/airflow/.local/lib/python3.12/site-packages/airflow/example_dags/example_sla_dag.py for tasks to queue
[2026-05-08T15:50:28.090+0000] {logging_mixin.py:188} INFO - [2026-05-08T15:50:28.090+0000] {dagbag.py:545} INFO - Filling up the DagBag from /home/airflow/.local/lib/python3.12/site-packages/airflow/example_dags/example_sla_dag.py
[2026-05-08T15:50:28.096+0000] {processor.py:840} INFO - DAG(s) 'example_sla_dag' retrieved from /home/airflow/.local/lib/python3.12/site-packages/airflow/example_dags/example_sla_dag.py
[2026-05-08T15:50:28.111+0000] {logging_mixin.py:188} INFO - [2026-05-08T15:50:28.111+0000] {dag.py:3089} INFO - Sync 1 DAGs
[2026-05-08T15:50:28.131+0000] {logging_mixin.py:188} INFO - [2026-05-08T15:50:28.131+0000] {dag.py:3947} INFO - Setting next_dagrun for example_sla_dag to 2026-05-08 15:48:00+00:00, run_after=2026-05-08 15:50:00+00:00
[2026-05-08T15:50:28.145+0000] {processor.py:183} INFO - Processing /home/airflow/.local/lib/python3.12/site-packages/airflow/example_dags/example_sla_dag.py took 0.063 seconds
[2026-05-08T15:50:58.397+0000] {processor.py:161} INFO - Started process (PID=238) to work on /home/airflow/.local/lib/python3.12/site-packages/airflow/example_dags/example_sla_dag.py
[2026-05-08T15:50:58.397+0000] {processor.py:830} INFO - Processing file /home/airflow/.local/lib/python3.12/site-packages/airflow/example_dags/example_sla_dag.py for tasks to queue
[2026-05-08T15:50:58.398+0000] {logging_mixin.py:188} INFO - [2026-05-08T15:50:58.398+0000] {dagbag.py:545} INFO - Filling up the DagBag from /home/airflow/.local/lib/python3.12/site-packages/airflow/example_dags/example_sla_dag.py
[2026-05-08T15:50:58.405+0000] {processor.py:840} INFO - DAG(s) 'example_sla_dag' retrieved from /home/airflow/.local/lib/python3.12/site-packages/airflow/example_dags/example_sla_dag.py
[2026-05-08T15:50:58.419+0000] {logging_mixin.py:188} INFO - [2026-05-08T15:50:58.419+0000] {dag.py:3089} INFO - Sync 1 DAGs
[2026-05-08T15:50:58.439+0000] {logging_mixin.py:188} INFO - [2026-05-08T15:50:58.439+0000] {dag.py:3947} INFO - Setting next_dagrun for example_sla_dag to 2026-05-08 15:48:00+00:00, run_after=2026-05-08 15:50:00+00:00
[2026-05-08T15:50:58.453+0000] {processor.py:183} INFO - Processing /home/airflow/.local/lib/python3.12/site-packages/airflow/example_dags/example_sla_dag.py took 0.061 seconds
[2026-05-08T15:51:28.703+0000] {processor.py:161} INFO - Started process (PID=296) to work on /home/airflow/.local/lib/python3.12/site-packages/airflow/example_dags/example_sla_dag.py
[2026-05-08T15:51:28.704+0000] {processor.py:830} INFO - Processing file /home/airflow/.local/lib/python3.12/site-packages/airflow/example_dags/example_sla_dag.py for tasks to queue
[2026-05-08T15:51:28.705+0000] {logging_mixin.py:188} INFO - [2026-05-08T15:51:28.705+0000] {dagbag.py:545} INFO - Filling up the DagBag from /home/airflow/.local/lib/python3.12/site-packages/airflow/example_dags/example_sla_dag.py
[2026-05-08T15:51:28.712+0000] {processor.py:840} INFO - DAG(s) 'example_sla_dag' retrieved from /home/airflow/.local/lib/python3.12/site-packages/airflow/example_dags/example_sla_dag.py
[2026-05-08T15:51:28.727+0000] {logging_mixin.py:188} INFO - [2026-05-08T15:51:28.726+0000] {dag.py:3089} INFO - Sync 1 DAGs
[2026-05-08T15:51:28.746+0000] {logging_mixin.py:188} INFO - [2026-05-08T15:51:28.746+0000] {dag.py:3947} INFO - Setting next_dagrun for example_sla_dag to 2026-05-08 15:48:00+00:00, run_after=2026-05-08 15:50:00+00:00
[2026-05-08T15:51:28.760+0000] {processor.py:183} INFO - Processing /home/airflow/.local/lib/python3.12/site-packages/airflow/example_dags/example_sla_dag.py took 0.062 seconds
[2026-05-08T15:51:59.001+0000] {processor.py:161} INFO - Started process (PID=354) to work on /home/airflow/.local/lib/python3.12/site-packages/airflow/example_dags/example_sla_dag.py
[2026-05-08T15:51:59.002+0000] {processor.py:830} INFO - Processing file /home/airflow/.local/lib/python3.12/site-packages/airflow/example_dags/example_sla_dag.py for tasks to queue
[2026-05-08T15:51:59.004+0000] {logging_mixin.py:188} INFO - [2026-05-08T15:51:59.004+0000] {dagbag.py:545} INFO - Filling up the DagBag from /home/airflow/.local/lib/python3.12/site-packages/airflow/example_dags/example_sla_dag.py
[2026-05-08T15:51:59.010+0000] {processor.py:840} INFO - DAG(s) 'example_sla_dag' retrieved from /home/airflow/.local/lib/python3.12/site-packages/airflow/example_dags/example_sla_dag.py
[2026-05-08T15:51:59.025+0000] {logging_mixin.py:188} INFO - [2026-05-08T15:51:59.025+0000] {dag.py:3089} INFO - Sync 1 DAGs
[2026-05-08T15:51:59.045+0000] {logging_mixin.py:188} INFO - [2026-05-08T15:51:59.045+0000] {dag.py:3947} INFO - Setting next_dagrun for example_sla_dag to 2026-05-08 15:48:00+00:00, run_after=2026-05-08 15:50:00+00:00
[2026-05-08T15:51:59.060+0000] {processor.py:183} INFO - Processing /home/airflow/.local/lib/python3.12/site-packages/airflow/example_dags/example_sla_dag.py took 0.063 seconds
[2026-05-08T15:52:29.453+0000] {processor.py:161} INFO - Started process (PID=412) to work on /home/airflow/.local/lib/python3.12/site-packages/airflow/example_dags/example_sla_dag.py
[2026-05-08T15:52:29.453+0000] {processor.py:830} INFO - Processing file /home/airflow/.local/lib/python3.12/site-packages/airflow/example_dags/example_sla_dag.py for tasks to queue
[2026-05-08T15:52:29.454+0000] {logging_mixin.py:188} INFO - [2026-05-08T15:52:29.454+0000] {dagbag.py:545} INFO - Filling up the DagBag from /home/airflow/.local/lib/python3.12/site-packages/airflow/example_dags/example_sla_dag.py
[2026-05-08T15:52:29.461+0000] {processor.py:840} INFO - DAG(s) 'example_sla_dag' retrieved from /home/airflow/.local/lib/python3.12/site-packages/airflow/example_dags/example_sla_dag.py
[2026-05-08T15:52:29.475+0000] {logging_mixin.py:188} INFO - [2026-05-08T15:52:29.475+0000] {dag.py:3089} INFO - Sync 1 DAGs
[2026-05-08T15:52:29.495+0000] {logging_mixin.py:188} INFO - [2026-05-08T15:52:29.494+0000] {dag.py:3947} INFO - Setting next_dagrun for example_sla_dag to 2026-05-08 15:50:00+00:00, run_after=2026-05-08 15:52:00+00:00
[2026-05-08T15:52:29.509+0000] {processor.py:183} INFO - Processing /home/airflow/.local/lib/python3.12/site-packages/airflow/example_dags/example_sla_dag.py took 0.060 seconds
[2026-05-08T15:52:59.812+0000] {processor.py:161} INFO - Started process (PID=470) to work on /home/airflow/.local/lib/python3.12/site-packages/airflow/example_dags/example_sla_dag.py
[2026-05-08T15:52:59.812+0000] {processor.py:830} INFO - Processing file /home/airflow/.local/lib/python3.12/site-packages/airflow/example_dags/example_sla_dag.py for tasks to queue
[2026-05-08T15:52:59.814+0000] {logging_mixin.py:188} INFO - [2026-05-08T15:52:59.813+0000] {dagbag.py:545} INFO - Filling up the DagBag from /home/airflow/.local/lib/python3.12/site-packages/airflow/example_dags/example_sla_dag.py
[2026-05-08T15:52:59.820+0000] {processor.py:840} INFO - DAG(s) 'example_sla_dag' retrieved from /home/airflow/.local/lib/python3.12/site-packages/airflow/example_dags/example_sla_dag.py
[2026-05-08T15:52:59.834+0000] {logging_mixin.py:188} INFO - [2026-05-08T15:52:59.834+0000] {dag.py:3089} INFO - Sync 1 DAGs
[2026-05-08T15:52:59.854+0000] {logging_mixin.py:188} INFO - [2026-05-08T15:52:59.854+0000] {dag.py:3947} INFO - Setting next_dagrun for example_sla_dag to 2026-05-08 15:50:00+00:00, run_after=2026-05-08 15:52:00+00:00
[2026-05-08T15:52:59.868+0000] {processor.py:183} INFO - Processing /home/airflow/.local/lib/python3.12/site-packages/airflow/example_dags/example_sla_dag.py took 0.061 seconds
[2026-05-08T15:53:30.212+0000] {processor.py:161} INFO - Started process (PID=528) to work on /home/airflow/.local/lib/python3.12/site-packages/airflow/example_dags/example_sla_dag.py
[2026-05-08T15:53:30.213+0000] {processor.py:830} INFO - Processing file /home/airflow/.local/lib/python3.12/site-packages/airflow/example_dags/example_sla_dag.py for tasks to queue
[2026-05-08T15:53:30.215+0000] {logging_mixin.py:188} INFO - [2026-05-08T15:53:30.214+0000] {dagbag.py:545} INFO - Filling up the DagBag from /home/airflow/.local/lib/python3.12/site-packages/airflow/example_dags/example_sla_dag.py
[2026-05-08T15:53:30.221+0000] {processor.py:840} INFO - DAG(s) 'example_sla_dag' retrieved from /home/airflow/.local/lib/python3.12/site-packages/airflow/example_dags/example_sla_dag.py
[2026-05-08T15:53:30.235+0000] {logging_mixin.py:188} INFO - [2026-05-08T15:53:30.235+0000] {dag.py:3089} INFO - Sync 1 DAGs
[2026-05-08T15:53:30.255+0000] {logging_mixin.py:188} INFO - [2026-05-08T15:53:30.255+0000] {dag.py:3947} INFO - Setting next_dagrun for example_sla_dag to 2026-05-08 15:50:00+00:00, run_after=2026-05-08 15:52:00+00:00
[2026-05-08T15:53:30.269+0000] {processor.py:183} INFO - Processing /home/airflow/.local/lib/python3.12/site-packages/airflow/example_dags/example_sla_dag.py took 0.062 seconds
[2026-05-08T15:54:00.607+0000] {processor.py:161} INFO - Started process (PID=586) to work on /home/airflow/.local/lib/python3.12/site-packages/airflow/example_dags/example_sla_dag.py
[2026-05-08T15:54:00.607+0000] {processor.py:830} INFO - Processing file /home/airflow/.local/lib/python3.12/site-packages/airflow/example_dags/example_sla_dag.py for tasks to queue
[2026-05-08T15:54:00.608+0000] {logging_mixin.py:188} INFO - [2026-05-08T15:54:00.608+0000] {dagbag.py:545} INFO - Filling up the DagBag from /home/airflow/.local/lib/python3.12/site-packages/airflow/example_dags/example_sla_dag.py
[2026-05-08T15:54:00.615+0000] {processor.py:840} INFO - DAG(s) 'example_sla_dag' retrieved from /home/airflow/.local/lib/python3.12/site-packages/airflow/example_dags/example_sla_dag.py
[2026-05-08T15:54:00.629+0000] {logging_mixin.py:188} INFO - [2026-05-08T15:54:00.629+0000] {dag.py:3089} INFO - Sync 1 DAGs
[2026-05-08T15:54:00.649+0000] {logging_mixin.py:188} INFO - [2026-05-08T15:54:00.649+0000] {dag.py:3947} INFO - Setting next_dagrun for example_sla_dag to 2026-05-08 15:52:00+00:00, run_after=2026-05-08 15:54:00+00:00
[2026-05-08T15:54:00.663+0000] {processor.py:183} INFO - Processing /home/airflow/.local/lib/python3.12/site-packages/airflow/example_dags/example_sla_dag.py took 0.061 seconds
[2026-05-08T15:54:30.981+0000] {processor.py:161} INFO - Started process (PID=644) to work on /home/airflow/.local/lib/python3.12/site-packages/airflow/example_dags/example_sla_dag.py
[2026-05-08T15:54:30.982+0000] {processor.py:830} INFO - Processing file /home/airflow/.local/lib/python3.12/site-packages/airflow/example_dags/example_sla_dag.py for tasks to queue
[2026-05-08T15:54:30.983+0000] {logging_mixin.py:188} INFO - [2026-05-08T15:54:30.983+0000] {dagbag.py:545} INFO - Filling up the DagBag from /home/airflow/.local/lib/python3.12/site-packages/airflow/example_dags/example_sla_dag.py
[2026-05-08T15:54:30.990+0000] {processor.py:840} INFO - DAG(s) 'example_sla_dag' retrieved from /home/airflow/.local/lib/python3.12/site-packages/airflow/example_dags/example_sla_dag.py
[2026-05-08T15:54:31.004+0000] {logging_mixin.py:188} INFO - [2026-05-08T15:54:31.004+0000] {dag.py:3089} INFO - Sync 1 DAGs
[2026-05-08T15:54:31.025+0000] {logging_mixin.py:188} INFO - [2026-05-08T15:54:31.024+0000] {dag.py:3947} INFO - Setting next_dagrun for example_sla_dag to 2026-05-08 15:52:00+00:00, run_after=2026-05-08 15:54:00+00:00
[2026-05-08T15:54:31.039+0000] {processor.py:183} INFO - Processing /home/airflow/.local/lib/python3.12/site-packages/airflow/example_dags/example_sla_dag.py took 0.062 seconds
[2026-05-08T15:55:01.295+0000] {processor.py:161} INFO - Started process (PID=702) to work on /home/airflow/.local/lib/python3.12/site-packages/airflow/example_dags/example_sla_dag.py
[2026-05-08T15:55:01.295+0000] {processor.py:830} INFO - Processing file /home/airflow/.local/lib/python3.12/site-packages/airflow/example_dags/example_sla_dag.py for tasks to queue
[2026-05-08T15:55:01.296+0000] {logging_mixin.py:188} INFO - [2026-05-08T15:55:01.296+0000] {dagbag.py:545} INFO - Filling up the DagBag from /home/airflow/.local/lib/python3.12/site-packages/airflow/example_dags/example_sla_dag.py
[2026-05-08T15:55:01.303+0000] {processor.py:840} INFO - DAG(s) 'example_sla_dag' retrieved from /home/airflow/.local/lib/python3.12/site-packages/airflow/example_dags/example_sla_dag.py
[2026-05-08T15:55:01.317+0000] {logging_mixin.py:188} INFO - [2026-05-08T15:55:01.317+0000] {dag.py:3089} INFO - Sync 1 DAGs
[2026-05-08T15:55:01.336+0000] {logging_mixin.py:188} INFO - [2026-05-08T15:55:01.336+0000] {dag.py:3947} INFO - Setting next_dagrun for example_sla_dag to 2026-05-08 15:52:00+00:00, run_after=2026-05-08 15:54:00+00:00
[2026-05-08T15:55:01.352+0000] {processor.py:183} INFO - Processing /home/airflow/.local/lib/python3.12/site-packages/airflow/example_dags/example_sla_dag.py took 0.062 seconds
[2026-05-08T15:55:31.680+0000] {processor.py:161} INFO - Started process (PID=760) to work on /home/airflow/.local/lib/python3.12/site-packages/airflow/example_dags/example_sla_dag.py
[2026-05-08T15:55:31.681+0000] {processor.py:830} INFO - Processing file /home/airflow/.local/lib/python3.12/site-packages/airflow/example_dags/example_sla_dag.py for tasks to queue
[2026-05-08T15:55:31.683+0000] {logging_mixin.py:188} INFO - [2026-05-08T15:55:31.683+0000] {dagbag.py:545} INFO - Filling up the DagBag from /home/airflow/.local/lib/python3.12/site-packages/airflow/example_dags/example_sla_dag.py
[2026-05-08T15:55:31.689+0000] {processor.py:840} INFO - DAG(s) 'example_sla_dag' retrieved from /home/airflow/.local/lib/python3.12/site-packages/airflow/example_dags/example_sla_dag.py
[2026-05-08T15:55:31.704+0000] {logging_mixin.py:188} INFO - [2026-05-08T15:55:31.703+0000] {dag.py:3089} INFO - Sync 1 DAGs
[2026-05-08T15:55:31.723+0000] {logging_mixin.py:188} INFO - [2026-05-08T15:55:31.723+0000] {dag.py:3947} INFO - Setting next_dagrun for example_sla_dag to 2026-05-08 15:52:00+00:00, run_after=2026-05-08 15:54:00+00:00
[2026-05-08T15:55:31.737+0000] {processor.py:183} INFO - Processing /home/airflow/.local/lib/python3.12/site-packages/airflow/example_dags/example_sla_dag.py took 0.061 seconds
[2026-05-08T15:56:02.215+0000] {processor.py:161} INFO - Started process (PID=818) to work on /home/airflow/.local/lib/python3.12/site-packages/airflow/example_dags/example_sla_dag.py
[2026-05-08T15:56:02.216+0000] {processor.py:830} INFO - Processing file /home/airflow/.local/lib/python3.12/site-packages/airflow/example_dags/example_sla_dag.py for tasks to queue
[2026-05-08T15:56:02.217+0000] {logging_mixin.py:188} INFO - [2026-05-08T15:56:02.217+0000] {dagbag.py:545} INFO - Filling up the DagBag from /home/airflow/.local/lib/python3.12/site-packages/airflow/example_dags/example_sla_dag.py
[2026-05-08T15:56:02.225+0000] {processor.py:840} INFO - DAG(s) 'example_sla_dag' retrieved from /home/airflow/.local/lib/python3.12/site-packages/airflow/example_dags/example_sla_dag.py
[2026-05-08T15:56:02.240+0000] {logging_mixin.py:188} INFO - [2026-05-08T15:56:02.239+0000] {dag.py:3089} INFO - Sync 1 DAGs
[2026-05-08T15:56:02.262+0000] {logging_mixin.py:188} INFO - [2026-05-08T15:56:02.262+0000] {dag.py:3947} INFO - Setting next_dagrun for example_sla_dag to 2026-05-08 15:54:00+00:00, run_after=2026-05-08 15:56:00+00:00
[2026-05-08T15:56:02.276+0000] {processor.py:183} INFO - Processing /home/airflow/.local/lib/python3.12/site-packages/airflow/example_dags/example_sla_dag.py took 0.066 seconds
[2026-05-08T15:56:32.821+0000] {processor.py:161} INFO - Started process (PID=876) to work on /home/airflow/.local/lib/python3.12/site-packages/airflow/example_dags/example_sla_dag.py
[2026-05-08T15:56:32.823+0000] {processor.py:830} INFO - Processing file /home/airflow/.local/lib/python3.12/site-packages/airflow/example_dags/example_sla_dag.py for tasks to queue
[2026-05-08T15:56:32.824+0000] {logging_mixin.py:188} INFO - [2026-05-08T15:56:32.824+0000] {dagbag.py:545} INFO - Filling up the DagBag from /home/airflow/.local/lib/python3.12/site-packages/airflow/example_dags/example_sla_dag.py
[2026-05-08T15:56:32.831+0000] {processor.py:840} INFO - DAG(s) 'example_sla_dag' retrieved from /home/airflow/.local/lib/python3.12/site-packages/airflow/example_dags/example_sla_dag.py
[2026-05-08T15:56:32.845+0000] {logging_mixin.py:188} INFO - [2026-05-08T15:56:32.845+0000] {dag.py:3089} INFO - Sync 1 DAGs
[2026-05-08T15:56:32.867+0000] {logging_mixin.py:188} INFO - [2026-05-08T15:56:32.866+0000] {dag.py:3947} INFO - Setting next_dagrun for example_sla_dag to 2026-05-08 15:54:00+00:00, run_after=2026-05-08 15:56:00+00:00
[2026-05-08T15:56:32.882+0000] {processor.py:183} INFO - Processing /home/airflow/.local/lib/python3.12/site-packages/airflow/example_dags/example_sla_dag.py took 0.066 seconds
[2026-05-08T15:57:02.961+0000] {processor.py:161} INFO - Started process (PID=934) to work on /home/airflow/.local/lib/python3.12/site-packages/airflow/example_dags/example_sla_dag.py
[2026-05-08T15:57:02.962+0000] {processor.py:830} INFO - Processing file /home/airflow/.local/lib/python3.12/site-packages/airflow/example_dags/example_sla_dag.py for tasks to queue
[2026-05-08T15:57:02.963+0000] {logging_mixin.py:188} INFO - [2026-05-08T15:57:02.963+0000] {dagbag.py:545} INFO - Filling up the DagBag from /home/airflow/.local/lib/python3.12/site-packages/airflow/example_dags/example_sla_dag.py
[2026-05-08T15:57:02.970+0000] {processor.py:840} INFO - DAG(s) 'example_sla_dag' retrieved from /home/airflow/.local/lib/python3.12/site-packages/airflow/example_dags/example_sla_dag.py
[2026-05-08T15:57:02.990+0000] {logging_mixin.py:188} INFO - [2026-05-08T15:57:02.989+0000] {dag.py:3089} INFO - Sync 1 DAGs
[2026-05-08T15:57:03.011+0000] {logging_mixin.py:188} INFO - [2026-05-08T15:57:03.010+0000] {dag.py:3947} INFO - Setting next_dagrun for example_sla_dag to 2026-05-08 15:54:00+00:00, run_after=2026-05-08 15:56:00+00:00
[2026-05-08T15:57:03.027+0000] {processor.py:183} INFO - Processing /home/airflow/.local/lib/python3.12/site-packages/airflow/example_dags/example_sla_dag.py took 0.070 seconds
[2026-05-08T15:57:33.129+0000] {processor.py:161} INFO - Started process (PID=992) to work on /home/airflow/.local/lib/python3.12/site-packages/airflow/example_dags/example_sla_dag.py
[2026-05-08T15:57:33.130+0000] {processor.py:830} INFO - Processing file /home/airflow/.local/lib/python3.12/site-packages/airflow/example_dags/example_sla_dag.py for tasks to queue
[2026-05-08T15:57:33.131+0000] {logging_mixin.py:188} INFO - [2026-05-08T15:57:33.131+0000] {dagbag.py:545} INFO - Filling up the DagBag from /home/airflow/.local/lib/python3.12/site-packages/airflow/example_dags/example_sla_dag.py
[2026-05-08T15:57:33.137+0000] {processor.py:840} INFO - DAG(s) 'example_sla_dag' retrieved from /home/airflow/.local/lib/python3.12/site-packages/airflow/example_dags/example_sla_dag.py
[2026-05-08T15:57:33.154+0000] {logging_mixin.py:188} INFO - [2026-05-08T15:57:33.154+0000] {dag.py:3089} INFO - Sync 1 DAGs
[2026-05-08T15:57:33.173+0000] {logging_mixin.py:188} INFO - [2026-05-08T15:57:33.173+0000] {dag.py:3947} INFO - Setting next_dagrun for example_sla_dag to 2026-05-08 15:54:00+00:00, run_after=2026-05-08 15:56:00+00:00
[2026-05-08T15:57:33.189+0000] {processor.py:183} INFO - Processing /home/airflow/.local/lib/python3.12/site-packages/airflow/example_dags/example_sla_dag.py took 0.065 seconds
[2026-05-08T15:58:03.281+0000] {processor.py:161} INFO - Started process (PID=1050) to work on /home/airflow/.local/lib/python3.12/site-packages/airflow/example_dags/example_sla_dag.py
[2026-05-08T15:58:03.282+0000] {processor.py:830} INFO - Processing file /home/airflow/.local/lib/python3.12/site-packages/airflow/example_dags/example_sla_dag.py for tasks to queue
[2026-05-08T15:58:03.283+0000] {logging_mixin.py:188} INFO - [2026-05-08T15:58:03.283+0000] {dagbag.py:545} INFO - Filling up the DagBag from /home/airflow/.local/lib/python3.12/site-packages/airflow/example_dags/example_sla_dag.py
[2026-05-08T15:58:03.289+0000] {processor.py:840} INFO - DAG(s) 'example_sla_dag' retrieved from /home/airflow/.local/lib/python3.12/site-packages/airflow/example_dags/example_sla_dag.py
[2026-05-08T15:58:03.303+0000] {logging_mixin.py:188} INFO - [2026-05-08T15:58:03.303+0000] {dag.py:3089} INFO - Sync 1 DAGs
[2026-05-08T15:58:03.325+0000] {logging_mixin.py:188} INFO - [2026-05-08T15:58:03.325+0000] {dag.py:3947} INFO - Setting next_dagrun for example_sla_dag to 2026-05-08 15:56:00+00:00, run_after=2026-05-08 15:58:00+00:00
[2026-05-08T15:58:03.341+0000] {processor.py:183} INFO - Processing /home/airflow/.local/lib/python3.12/site-packages/airflow/example_dags/example_sla_dag.py took 0.065 seconds
[2026-05-08T15:58:33.487+0000] {processor.py:161} INFO - Started process (PID=1108) to work on /home/airflow/.local/lib/python3.12/site-packages/airflow/example_dags/example_sla_dag.py
[2026-05-08T15:58:33.488+0000] {processor.py:830} INFO - Processing file /home/airflow/.local/lib/python3.12/site-packages/airflow/example_dags/example_sla_dag.py for tasks to queue
[2026-05-08T15:58:33.490+0000] {logging_mixin.py:188} INFO - [2026-05-08T15:58:33.489+0000] {dagbag.py:545} INFO - Filling up the DagBag from /home/airflow/.local/lib/python3.12/site-packages/airflow/example_dags/example_sla_dag.py
[2026-05-08T15:58:33.496+0000] {processor.py:840} INFO - DAG(s) 'example_sla_dag' retrieved from /home/airflow/.local/lib/python3.12/site-packages/airflow/example_dags/example_sla_dag.py
[2026-05-08T15:58:33.512+0000] {logging_mixin.py:188} INFO - [2026-05-08T15:58:33.512+0000] {dag.py:3089} INFO - Sync 1 DAGs
[2026-05-08T15:58:33.532+0000] {logging_mixin.py:188} INFO - [2026-05-08T15:58:33.532+0000] {dag.py:3947} INFO - Setting next_dagrun for example_sla_dag to 2026-05-08 15:56:00+00:00, run_after=2026-05-08 15:58:00+00:00
[2026-05-08T15:58:33.548+0000] {processor.py:183} INFO - Processing /home/airflow/.local/lib/python3.12/site-packages/airflow/example_dags/example_sla_dag.py took 0.065 seconds
[2026-05-08T15:59:03.732+0000] {processor.py:161} INFO - Started process (PID=1166) to work on /home/airflow/.local/lib/python3.12/site-packages/airflow/example_dags/example_sla_dag.py
[2026-05-08T15:59:03.732+0000] {processor.py:830} INFO - Processing file /home/airflow/.local/lib/python3.12/site-packages/airflow/example_dags/example_sla_dag.py for tasks to queue
[2026-05-08T15:59:03.734+0000] {logging_mixin.py:188} INFO - [2026-05-08T15:59:03.734+0000] {dagbag.py:545} INFO - Filling up the DagBag from /home/airflow/.local/lib/python3.12/site-packages/airflow/example_dags/example_sla_dag.py
[2026-05-08T15:59:03.743+0000] {processor.py:840} INFO - DAG(s) 'example_sla_dag' retrieved from /home/airflow/.local/lib/python3.12/site-packages/airflow/example_dags/example_sla_dag.py
[2026-05-08T15:59:03.759+0000] {logging_mixin.py:188} INFO - [2026-05-08T15:59:03.759+0000] {dag.py:3089} INFO - Sync 1 DAGs
[2026-05-08T15:59:03.781+0000] {logging_mixin.py:188} INFO - [2026-05-08T15:59:03.781+0000] {dag.py:3947} INFO - Setting next_dagrun for example_sla_dag to 2026-05-08 15:56:00+00:00, run_after=2026-05-08 15:58:00+00:00
[2026-05-08T15:59:03.796+0000] {processor.py:183} INFO - Processing /home/airflow/.local/lib/python3.12/site-packages/airflow/example_dags/example_sla_dag.py took 0.069 seconds
