[2026-05-08T15:39:27.282+0000] {processor.py:161} INFO - Started process (PID=78) to work on /home/airflow/.local/lib/python3.12/site-packages/airflow/example_dags/example_complex.py
[2026-05-08T15:39:27.283+0000] {processor.py:830} INFO - Processing file /home/airflow/.local/lib/python3.12/site-packages/airflow/example_dags/example_complex.py for tasks to queue
[2026-05-08T15:39:27.284+0000] {logging_mixin.py:188} INFO - [2026-05-08T15:39:27.284+0000] {dagbag.py:545} INFO - Filling up the DagBag from /home/airflow/.local/lib/python3.12/site-packages/airflow/example_dags/example_complex.py
[2026-05-08T15:39:27.295+0000] {processor.py:840} INFO - DAG(s) 'example_complex' retrieved from /home/airflow/.local/lib/python3.12/site-packages/airflow/example_dags/example_complex.py
[2026-05-08T15:39:27.328+0000] {logging_mixin.py:188} INFO - [2026-05-08T15:39:27.327+0000] {dag.py:3089} INFO - Sync 1 DAGs
[2026-05-08T15:39:27.339+0000] {logging_mixin.py:188} INFO - [2026-05-08T15:39:27.339+0000] {dag.py:3947} INFO - Setting next_dagrun for example_complex to None, run_after=None
[2026-05-08T15:39:27.358+0000] {processor.py:183} INFO - Processing /home/airflow/.local/lib/python3.12/site-packages/airflow/example_dags/example_complex.py took 0.087 seconds
[2026-05-08T15:39:57.640+0000] {processor.py:161} INFO - Started process (PID=136) to work on /home/airflow/.local/lib/python3.12/site-packages/airflow/example_dags/example_complex.py
[2026-05-08T15:39:57.641+0000] {processor.py:830} INFO - Processing file /home/airflow/.local/lib/python3.12/site-packages/airflow/example_dags/example_complex.py for tasks to queue
[2026-05-08T15:39:57.642+0000] {logging_mixin.py:188} INFO - [2026-05-08T15:39:57.642+0000] {dagbag.py:545} INFO - Filling up the DagBag from /home/airflow/.local/lib/python3.12/site-packages/airflow/example_dags/example_complex.py
[2026-05-08T15:39:57.651+0000] {processor.py:840} INFO - DAG(s) 'example_complex' retrieved from /home/airflow/.local/lib/python3.12/site-packages/airflow/example_dags/example_complex.py
[2026-05-08T15:39:57.679+0000] {logging_mixin.py:188} INFO - [2026-05-08T15:39:57.679+0000] {dag.py:3089} INFO - Sync 1 DAGs
[2026-05-08T15:39:57.690+0000] {logging_mixin.py:188} INFO - [2026-05-08T15:39:57.690+0000] {dag.py:3947} INFO - Setting next_dagrun for example_complex to None, run_after=None
[2026-05-08T15:39:57.707+0000] {processor.py:183} INFO - Processing /home/airflow/.local/lib/python3.12/site-packages/airflow/example_dags/example_complex.py took 0.072 seconds
[2026-05-08T15:40:28.222+0000] {processor.py:161} INFO - Started process (PID=194) to work on /home/airflow/.local/lib/python3.12/site-packages/airflow/example_dags/example_complex.py
[2026-05-08T15:40:28.222+0000] {processor.py:830} INFO - Processing file /home/airflow/.local/lib/python3.12/site-packages/airflow/example_dags/example_complex.py for tasks to queue
[2026-05-08T15:40:28.224+0000] {logging_mixin.py:188} INFO - [2026-05-08T15:40:28.223+0000] {dagbag.py:545} INFO - Filling up the DagBag from /home/airflow/.local/lib/python3.12/site-packages/airflow/example_dags/example_complex.py
[2026-05-08T15:40:28.234+0000] {processor.py:840} INFO - DAG(s) 'example_complex' retrieved from /home/airflow/.local/lib/python3.12/site-packages/airflow/example_dags/example_complex.py
[2026-05-08T15:40:28.264+0000] {logging_mixin.py:188} INFO - [2026-05-08T15:40:28.263+0000] {dag.py:3089} INFO - Sync 1 DAGs
[2026-05-08T15:40:28.276+0000] {logging_mixin.py:188} INFO - [2026-05-08T15:40:28.275+0000] {dag.py:3947} INFO - Setting next_dagrun for example_complex to None, run_after=None
[2026-05-08T15:40:28.297+0000] {processor.py:183} INFO - Processing /home/airflow/.local/lib/python3.12/site-packages/airflow/example_dags/example_complex.py took 0.084 seconds
[2026-05-08T15:40:59.299+0000] {processor.py:161} INFO - Started process (PID=252) to work on /home/airflow/.local/lib/python3.12/site-packages/airflow/example_dags/example_complex.py
[2026-05-08T15:40:59.300+0000] {processor.py:830} INFO - Processing file /home/airflow/.local/lib/python3.12/site-packages/airflow/example_dags/example_complex.py for tasks to queue
[2026-05-08T15:40:59.301+0000] {logging_mixin.py:188} INFO - [2026-05-08T15:40:59.301+0000] {dagbag.py:545} INFO - Filling up the DagBag from /home/airflow/.local/lib/python3.12/site-packages/airflow/example_dags/example_complex.py
[2026-05-08T15:40:59.310+0000] {processor.py:840} INFO - DAG(s) 'example_complex' retrieved from /home/airflow/.local/lib/python3.12/site-packages/airflow/example_dags/example_complex.py
[2026-05-08T15:40:59.338+0000] {logging_mixin.py:188} INFO - [2026-05-08T15:40:59.338+0000] {dag.py:3089} INFO - Sync 1 DAGs
[2026-05-08T15:40:59.349+0000] {logging_mixin.py:188} INFO - [2026-05-08T15:40:59.348+0000] {dag.py:3947} INFO - Setting next_dagrun for example_complex to None, run_after=None
[2026-05-08T15:40:59.368+0000] {processor.py:183} INFO - Processing /home/airflow/.local/lib/python3.12/site-packages/airflow/example_dags/example_complex.py took 0.073 seconds
[2026-05-08T15:41:29.622+0000] {processor.py:161} INFO - Started process (PID=310) to work on /home/airflow/.local/lib/python3.12/site-packages/airflow/example_dags/example_complex.py
[2026-05-08T15:41:29.623+0000] {processor.py:830} INFO - Processing file /home/airflow/.local/lib/python3.12/site-packages/airflow/example_dags/example_complex.py for tasks to queue
[2026-05-08T15:41:29.624+0000] {logging_mixin.py:188} INFO - [2026-05-08T15:41:29.624+0000] {dagbag.py:545} INFO - Filling up the DagBag from /home/airflow/.local/lib/python3.12/site-packages/airflow/example_dags/example_complex.py
[2026-05-08T15:41:29.633+0000] {processor.py:840} INFO - DAG(s) 'example_complex' retrieved from /home/airflow/.local/lib/python3.12/site-packages/airflow/example_dags/example_complex.py
[2026-05-08T15:41:29.660+0000] {logging_mixin.py:188} INFO - [2026-05-08T15:41:29.660+0000] {dag.py:3089} INFO - Sync 1 DAGs
[2026-05-08T15:41:29.671+0000] {logging_mixin.py:188} INFO - [2026-05-08T15:41:29.671+0000] {dag.py:3947} INFO - Setting next_dagrun for example_complex to None, run_after=None
[2026-05-08T15:41:29.687+0000] {processor.py:183} INFO - Processing /home/airflow/.local/lib/python3.12/site-packages/airflow/example_dags/example_complex.py took 0.069 seconds
[2026-05-08T15:42:00.043+0000] {processor.py:161} INFO - Started process (PID=367) to work on /home/airflow/.local/lib/python3.12/site-packages/airflow/example_dags/example_complex.py
[2026-05-08T15:42:00.044+0000] {processor.py:830} INFO - Processing file /home/airflow/.local/lib/python3.12/site-packages/airflow/example_dags/example_complex.py for tasks to queue
[2026-05-08T15:42:00.045+0000] {logging_mixin.py:188} INFO - [2026-05-08T15:42:00.045+0000] {dagbag.py:545} INFO - Filling up the DagBag from /home/airflow/.local/lib/python3.12/site-packages/airflow/example_dags/example_complex.py
[2026-05-08T15:42:00.055+0000] {processor.py:840} INFO - DAG(s) 'example_complex' retrieved from /home/airflow/.local/lib/python3.12/site-packages/airflow/example_dags/example_complex.py
[2026-05-08T15:42:00.082+0000] {logging_mixin.py:188} INFO - [2026-05-08T15:42:00.082+0000] {dag.py:3089} INFO - Sync 1 DAGs
[2026-05-08T15:42:00.093+0000] {logging_mixin.py:188} INFO - [2026-05-08T15:42:00.093+0000] {dag.py:3947} INFO - Setting next_dagrun for example_complex to None, run_after=None
[2026-05-08T15:42:00.109+0000] {processor.py:183} INFO - Processing /home/airflow/.local/lib/python3.12/site-packages/airflow/example_dags/example_complex.py took 0.070 seconds
[2026-05-08T15:42:30.483+0000] {processor.py:161} INFO - Started process (PID=425) to work on /home/airflow/.local/lib/python3.12/site-packages/airflow/example_dags/example_complex.py
[2026-05-08T15:42:30.484+0000] {processor.py:830} INFO - Processing file /home/airflow/.local/lib/python3.12/site-packages/airflow/example_dags/example_complex.py for tasks to queue
[2026-05-08T15:42:30.485+0000] {logging_mixin.py:188} INFO - [2026-05-08T15:42:30.485+0000] {dagbag.py:545} INFO - Filling up the DagBag from /home/airflow/.local/lib/python3.12/site-packages/airflow/example_dags/example_complex.py
[2026-05-08T15:42:30.494+0000] {processor.py:840} INFO - DAG(s) 'example_complex' retrieved from /home/airflow/.local/lib/python3.12/site-packages/airflow/example_dags/example_complex.py
[2026-05-08T15:42:30.522+0000] {logging_mixin.py:188} INFO - [2026-05-08T15:42:30.522+0000] {dag.py:3089} INFO - Sync 1 DAGs
[2026-05-08T15:42:30.535+0000] {logging_mixin.py:188} INFO - [2026-05-08T15:42:30.534+0000] {dag.py:3947} INFO - Setting next_dagrun for example_complex to None, run_after=None
[2026-05-08T15:42:30.551+0000] {processor.py:183} INFO - Processing /home/airflow/.local/lib/python3.12/site-packages/airflow/example_dags/example_complex.py took 0.073 seconds
[2026-05-08T15:43:01.085+0000] {processor.py:161} INFO - Started process (PID=483) to work on /home/airflow/.local/lib/python3.12/site-packages/airflow/example_dags/example_complex.py
[2026-05-08T15:43:01.086+0000] {processor.py:830} INFO - Processing file /home/airflow/.local/lib/python3.12/site-packages/airflow/example_dags/example_complex.py for tasks to queue
[2026-05-08T15:43:01.087+0000] {logging_mixin.py:188} INFO - [2026-05-08T15:43:01.087+0000] {dagbag.py:545} INFO - Filling up the DagBag from /home/airflow/.local/lib/python3.12/site-packages/airflow/example_dags/example_complex.py
[2026-05-08T15:43:01.096+0000] {processor.py:840} INFO - DAG(s) 'example_complex' retrieved from /home/airflow/.local/lib/python3.12/site-packages/airflow/example_dags/example_complex.py
[2026-05-08T15:43:01.123+0000] {logging_mixin.py:188} INFO - [2026-05-08T15:43:01.123+0000] {dag.py:3089} INFO - Sync 1 DAGs
[2026-05-08T15:43:01.135+0000] {logging_mixin.py:188} INFO - [2026-05-08T15:43:01.135+0000] {dag.py:3947} INFO - Setting next_dagrun for example_complex to None, run_after=None
[2026-05-08T15:43:01.154+0000] {processor.py:183} INFO - Processing /home/airflow/.local/lib/python3.12/site-packages/airflow/example_dags/example_complex.py took 0.074 seconds
[2026-05-08T15:43:31.505+0000] {processor.py:161} INFO - Started process (PID=541) to work on /home/airflow/.local/lib/python3.12/site-packages/airflow/example_dags/example_complex.py
[2026-05-08T15:43:31.505+0000] {processor.py:830} INFO - Processing file /home/airflow/.local/lib/python3.12/site-packages/airflow/example_dags/example_complex.py for tasks to queue
[2026-05-08T15:43:31.507+0000] {logging_mixin.py:188} INFO - [2026-05-08T15:43:31.506+0000] {dagbag.py:545} INFO - Filling up the DagBag from /home/airflow/.local/lib/python3.12/site-packages/airflow/example_dags/example_complex.py
[2026-05-08T15:43:31.516+0000] {processor.py:840} INFO - DAG(s) 'example_complex' retrieved from /home/airflow/.local/lib/python3.12/site-packages/airflow/example_dags/example_complex.py
[2026-05-08T15:43:31.544+0000] {logging_mixin.py:188} INFO - [2026-05-08T15:43:31.544+0000] {dag.py:3089} INFO - Sync 1 DAGs
[2026-05-08T15:43:31.555+0000] {logging_mixin.py:188} INFO - [2026-05-08T15:43:31.555+0000] {dag.py:3947} INFO - Setting next_dagrun for example_complex to None, run_after=None
[2026-05-08T15:43:31.572+0000] {processor.py:183} INFO - Processing /home/airflow/.local/lib/python3.12/site-packages/airflow/example_dags/example_complex.py took 0.071 seconds
[2026-05-08T15:44:01.950+0000] {processor.py:161} INFO - Started process (PID=599) to work on /home/airflow/.local/lib/python3.12/site-packages/airflow/example_dags/example_complex.py
[2026-05-08T15:44:01.951+0000] {processor.py:830} INFO - Processing file /home/airflow/.local/lib/python3.12/site-packages/airflow/example_dags/example_complex.py for tasks to queue
[2026-05-08T15:44:01.952+0000] {logging_mixin.py:188} INFO - [2026-05-08T15:44:01.952+0000] {dagbag.py:545} INFO - Filling up the DagBag from /home/airflow/.local/lib/python3.12/site-packages/airflow/example_dags/example_complex.py
[2026-05-08T15:44:01.962+0000] {processor.py:840} INFO - DAG(s) 'example_complex' retrieved from /home/airflow/.local/lib/python3.12/site-packages/airflow/example_dags/example_complex.py
[2026-05-08T15:44:01.990+0000] {logging_mixin.py:188} INFO - [2026-05-08T15:44:01.990+0000] {dag.py:3089} INFO - Sync 1 DAGs
[2026-05-08T15:44:02.001+0000] {logging_mixin.py:188} INFO - [2026-05-08T15:44:02.001+0000] {dag.py:3947} INFO - Setting next_dagrun for example_complex to None, run_after=None
[2026-05-08T15:44:02.018+0000] {processor.py:183} INFO - Processing /home/airflow/.local/lib/python3.12/site-packages/airflow/example_dags/example_complex.py took 0.073 seconds
[2026-05-08T15:44:32.533+0000] {processor.py:161} INFO - Started process (PID=657) to work on /home/airflow/.local/lib/python3.12/site-packages/airflow/example_dags/example_complex.py
[2026-05-08T15:44:32.534+0000] {processor.py:830} INFO - Processing file /home/airflow/.local/lib/python3.12/site-packages/airflow/example_dags/example_complex.py for tasks to queue
[2026-05-08T15:44:32.535+0000] {logging_mixin.py:188} INFO - [2026-05-08T15:44:32.535+0000] {dagbag.py:545} INFO - Filling up the DagBag from /home/airflow/.local/lib/python3.12/site-packages/airflow/example_dags/example_complex.py
[2026-05-08T15:44:32.544+0000] {processor.py:840} INFO - DAG(s) 'example_complex' retrieved from /home/airflow/.local/lib/python3.12/site-packages/airflow/example_dags/example_complex.py
[2026-05-08T15:44:32.572+0000] {logging_mixin.py:188} INFO - [2026-05-08T15:44:32.572+0000] {dag.py:3089} INFO - Sync 1 DAGs
[2026-05-08T15:44:32.583+0000] {logging_mixin.py:188} INFO - [2026-05-08T15:44:32.583+0000] {dag.py:3947} INFO - Setting next_dagrun for example_complex to None, run_after=None
[2026-05-08T15:44:32.599+0000] {processor.py:183} INFO - Processing /home/airflow/.local/lib/python3.12/site-packages/airflow/example_dags/example_complex.py took 0.071 seconds
[2026-05-08T15:45:02.993+0000] {processor.py:161} INFO - Started process (PID=715) to work on /home/airflow/.local/lib/python3.12/site-packages/airflow/example_dags/example_complex.py
[2026-05-08T15:45:02.993+0000] {processor.py:830} INFO - Processing file /home/airflow/.local/lib/python3.12/site-packages/airflow/example_dags/example_complex.py for tasks to queue
[2026-05-08T15:45:02.995+0000] {logging_mixin.py:188} INFO - [2026-05-08T15:45:02.994+0000] {dagbag.py:545} INFO - Filling up the DagBag from /home/airflow/.local/lib/python3.12/site-packages/airflow/example_dags/example_complex.py
[2026-05-08T15:45:03.003+0000] {processor.py:840} INFO - DAG(s) 'example_complex' retrieved from /home/airflow/.local/lib/python3.12/site-packages/airflow/example_dags/example_complex.py
[2026-05-08T15:45:03.031+0000] {logging_mixin.py:188} INFO - [2026-05-08T15:45:03.031+0000] {dag.py:3089} INFO - Sync 1 DAGs
[2026-05-08T15:45:03.042+0000] {logging_mixin.py:188} INFO - [2026-05-08T15:45:03.042+0000] {dag.py:3947} INFO - Setting next_dagrun for example_complex to None, run_after=None
[2026-05-08T15:45:03.060+0000] {processor.py:183} INFO - Processing /home/airflow/.local/lib/python3.12/site-packages/airflow/example_dags/example_complex.py took 0.072 seconds
[2026-05-08T15:45:33.765+0000] {processor.py:161} INFO - Started process (PID=773) to work on /home/airflow/.local/lib/python3.12/site-packages/airflow/example_dags/example_complex.py
[2026-05-08T15:45:33.765+0000] {processor.py:830} INFO - Processing file /home/airflow/.local/lib/python3.12/site-packages/airflow/example_dags/example_complex.py for tasks to queue
[2026-05-08T15:45:33.767+0000] {logging_mixin.py:188} INFO - [2026-05-08T15:45:33.766+0000] {dagbag.py:545} INFO - Filling up the DagBag from /home/airflow/.local/lib/python3.12/site-packages/airflow/example_dags/example_complex.py
[2026-05-08T15:45:33.776+0000] {processor.py:840} INFO - DAG(s) 'example_complex' retrieved from /home/airflow/.local/lib/python3.12/site-packages/airflow/example_dags/example_complex.py
[2026-05-08T15:45:33.803+0000] {logging_mixin.py:188} INFO - [2026-05-08T15:45:33.803+0000] {dag.py:3089} INFO - Sync 1 DAGs
[2026-05-08T15:45:33.814+0000] {logging_mixin.py:188} INFO - [2026-05-08T15:45:33.814+0000] {dag.py:3947} INFO - Setting next_dagrun for example_complex to None, run_after=None
[2026-05-08T15:45:33.831+0000] {processor.py:183} INFO - Processing /home/airflow/.local/lib/python3.12/site-packages/airflow/example_dags/example_complex.py took 0.072 seconds
[2026-05-08T15:46:04.373+0000] {processor.py:161} INFO - Started process (PID=831) to work on /home/airflow/.local/lib/python3.12/site-packages/airflow/example_dags/example_complex.py
[2026-05-08T15:46:04.373+0000] {processor.py:830} INFO - Processing file /home/airflow/.local/lib/python3.12/site-packages/airflow/example_dags/example_complex.py for tasks to queue
[2026-05-08T15:46:04.375+0000] {logging_mixin.py:188} INFO - [2026-05-08T15:46:04.374+0000] {dagbag.py:545} INFO - Filling up the DagBag from /home/airflow/.local/lib/python3.12/site-packages/airflow/example_dags/example_complex.py
[2026-05-08T15:46:04.383+0000] {processor.py:840} INFO - DAG(s) 'example_complex' retrieved from /home/airflow/.local/lib/python3.12/site-packages/airflow/example_dags/example_complex.py
[2026-05-08T15:46:04.411+0000] {logging_mixin.py:188} INFO - [2026-05-08T15:46:04.410+0000] {dag.py:3089} INFO - Sync 1 DAGs
[2026-05-08T15:46:04.422+0000] {logging_mixin.py:188} INFO - [2026-05-08T15:46:04.421+0000] {dag.py:3947} INFO - Setting next_dagrun for example_complex to None, run_after=None
[2026-05-08T15:46:04.455+0000] {processor.py:183} INFO - Processing /home/airflow/.local/lib/python3.12/site-packages/airflow/example_dags/example_complex.py took 0.087 seconds
[2026-05-08T15:46:35.081+0000] {processor.py:161} INFO - Started process (PID=889) to work on /home/airflow/.local/lib/python3.12/site-packages/airflow/example_dags/example_complex.py
[2026-05-08T15:46:35.082+0000] {processor.py:830} INFO - Processing file /home/airflow/.local/lib/python3.12/site-packages/airflow/example_dags/example_complex.py for tasks to queue
[2026-05-08T15:46:35.084+0000] {logging_mixin.py:188} INFO - [2026-05-08T15:46:35.084+0000] {dagbag.py:545} INFO - Filling up the DagBag from /home/airflow/.local/lib/python3.12/site-packages/airflow/example_dags/example_complex.py
[2026-05-08T15:46:35.093+0000] {processor.py:840} INFO - DAG(s) 'example_complex' retrieved from /home/airflow/.local/lib/python3.12/site-packages/airflow/example_dags/example_complex.py
[2026-05-08T15:46:35.120+0000] {logging_mixin.py:188} INFO - [2026-05-08T15:46:35.120+0000] {dag.py:3089} INFO - Sync 1 DAGs
[2026-05-08T15:46:35.131+0000] {logging_mixin.py:188} INFO - [2026-05-08T15:46:35.131+0000] {dag.py:3947} INFO - Setting next_dagrun for example_complex to None, run_after=None
[2026-05-08T15:46:35.147+0000] {processor.py:183} INFO - Processing /home/airflow/.local/lib/python3.12/site-packages/airflow/example_dags/example_complex.py took 0.070 seconds
[2026-05-08T15:47:05.676+0000] {processor.py:161} INFO - Started process (PID=947) to work on /home/airflow/.local/lib/python3.12/site-packages/airflow/example_dags/example_complex.py
[2026-05-08T15:47:05.677+0000] {processor.py:830} INFO - Processing file /home/airflow/.local/lib/python3.12/site-packages/airflow/example_dags/example_complex.py for tasks to queue
[2026-05-08T15:47:05.678+0000] {logging_mixin.py:188} INFO - [2026-05-08T15:47:05.678+0000] {dagbag.py:545} INFO - Filling up the DagBag from /home/airflow/.local/lib/python3.12/site-packages/airflow/example_dags/example_complex.py
[2026-05-08T15:47:05.687+0000] {processor.py:840} INFO - DAG(s) 'example_complex' retrieved from /home/airflow/.local/lib/python3.12/site-packages/airflow/example_dags/example_complex.py
[2026-05-08T15:47:05.717+0000] {logging_mixin.py:188} INFO - [2026-05-08T15:47:05.717+0000] {dag.py:3089} INFO - Sync 1 DAGs
[2026-05-08T15:47:05.730+0000] {logging_mixin.py:188} INFO - [2026-05-08T15:47:05.730+0000] {dag.py:3947} INFO - Setting next_dagrun for example_complex to None, run_after=None
[2026-05-08T15:47:05.800+0000] {processor.py:183} INFO - Processing /home/airflow/.local/lib/python3.12/site-packages/airflow/example_dags/example_complex.py took 0.129 seconds
[2026-05-08T15:47:35.858+0000] {processor.py:161} INFO - Started process (PID=1005) to work on /home/airflow/.local/lib/python3.12/site-packages/airflow/example_dags/example_complex.py
[2026-05-08T15:47:35.859+0000] {processor.py:830} INFO - Processing file /home/airflow/.local/lib/python3.12/site-packages/airflow/example_dags/example_complex.py for tasks to queue
[2026-05-08T15:47:35.861+0000] {logging_mixin.py:188} INFO - [2026-05-08T15:47:35.861+0000] {dagbag.py:545} INFO - Filling up the DagBag from /home/airflow/.local/lib/python3.12/site-packages/airflow/example_dags/example_complex.py
[2026-05-08T15:47:35.869+0000] {processor.py:840} INFO - DAG(s) 'example_complex' retrieved from /home/airflow/.local/lib/python3.12/site-packages/airflow/example_dags/example_complex.py
[2026-05-08T15:47:35.898+0000] {logging_mixin.py:188} INFO - [2026-05-08T15:47:35.897+0000] {dag.py:3089} INFO - Sync 1 DAGs
[2026-05-08T15:47:35.909+0000] {logging_mixin.py:188} INFO - [2026-05-08T15:47:35.909+0000] {dag.py:3947} INFO - Setting next_dagrun for example_complex to None, run_after=None
[2026-05-08T15:47:35.925+0000] {processor.py:183} INFO - Processing /home/airflow/.local/lib/python3.12/site-packages/airflow/example_dags/example_complex.py took 0.072 seconds
[2026-05-08T15:48:06.926+0000] {processor.py:161} INFO - Started process (PID=1064) to work on /home/airflow/.local/lib/python3.12/site-packages/airflow/example_dags/example_complex.py
[2026-05-08T15:48:06.926+0000] {processor.py:830} INFO - Processing file /home/airflow/.local/lib/python3.12/site-packages/airflow/example_dags/example_complex.py for tasks to queue
[2026-05-08T15:48:06.927+0000] {logging_mixin.py:188} INFO - [2026-05-08T15:48:06.927+0000] {dagbag.py:545} INFO - Filling up the DagBag from /home/airflow/.local/lib/python3.12/site-packages/airflow/example_dags/example_complex.py
[2026-05-08T15:48:06.937+0000] {processor.py:840} INFO - DAG(s) 'example_complex' retrieved from /home/airflow/.local/lib/python3.12/site-packages/airflow/example_dags/example_complex.py
[2026-05-08T15:48:06.965+0000] {logging_mixin.py:188} INFO - [2026-05-08T15:48:06.965+0000] {dag.py:3089} INFO - Sync 1 DAGs
[2026-05-08T15:48:06.977+0000] {logging_mixin.py:188} INFO - [2026-05-08T15:48:06.977+0000] {dag.py:3947} INFO - Setting next_dagrun for example_complex to None, run_after=None
[2026-05-08T15:48:06.997+0000] {processor.py:183} INFO - Processing /home/airflow/.local/lib/python3.12/site-packages/airflow/example_dags/example_complex.py took 0.077 seconds
[2026-05-08T15:48:37.686+0000] {processor.py:161} INFO - Started process (PID=1122) to work on /home/airflow/.local/lib/python3.12/site-packages/airflow/example_dags/example_complex.py
[2026-05-08T15:48:37.688+0000] {processor.py:830} INFO - Processing file /home/airflow/.local/lib/python3.12/site-packages/airflow/example_dags/example_complex.py for tasks to queue
[2026-05-08T15:48:37.690+0000] {logging_mixin.py:188} INFO - [2026-05-08T15:48:37.689+0000] {dagbag.py:545} INFO - Filling up the DagBag from /home/airflow/.local/lib/python3.12/site-packages/airflow/example_dags/example_complex.py
[2026-05-08T15:48:37.702+0000] {processor.py:840} INFO - DAG(s) 'example_complex' retrieved from /home/airflow/.local/lib/python3.12/site-packages/airflow/example_dags/example_complex.py
[2026-05-08T15:48:37.735+0000] {logging_mixin.py:188} INFO - [2026-05-08T15:48:37.735+0000] {dag.py:3089} INFO - Sync 1 DAGs
[2026-05-08T15:48:37.746+0000] {logging_mixin.py:188} INFO - [2026-05-08T15:48:37.746+0000] {dag.py:3947} INFO - Setting next_dagrun for example_complex to None, run_after=None
[2026-05-08T15:48:37.766+0000] {processor.py:183} INFO - Processing /home/airflow/.local/lib/python3.12/site-packages/airflow/example_dags/example_complex.py took 0.085 seconds
[2026-05-08T15:49:27.384+0000] {processor.py:161} INFO - Started process (PID=72) to work on /home/airflow/.local/lib/python3.12/site-packages/airflow/example_dags/example_complex.py
[2026-05-08T15:49:27.385+0000] {processor.py:830} INFO - Processing file /home/airflow/.local/lib/python3.12/site-packages/airflow/example_dags/example_complex.py for tasks to queue
[2026-05-08T15:49:27.387+0000] {logging_mixin.py:188} INFO - [2026-05-08T15:49:27.386+0000] {dagbag.py:545} INFO - Filling up the DagBag from /home/airflow/.local/lib/python3.12/site-packages/airflow/example_dags/example_complex.py
[2026-05-08T15:49:27.397+0000] {processor.py:840} INFO - DAG(s) 'example_complex' retrieved from /home/airflow/.local/lib/python3.12/site-packages/airflow/example_dags/example_complex.py
[2026-05-08T15:49:27.424+0000] {logging_mixin.py:188} INFO - [2026-05-08T15:49:27.424+0000] {dag.py:3089} INFO - Sync 1 DAGs
[2026-05-08T15:49:27.435+0000] {logging_mixin.py:188} INFO - [2026-05-08T15:49:27.435+0000] {dag.py:3947} INFO - Setting next_dagrun for example_complex to None, run_after=None
[2026-05-08T15:49:27.450+0000] {processor.py:183} INFO - Processing /home/airflow/.local/lib/python3.12/site-packages/airflow/example_dags/example_complex.py took 0.071 seconds
[2026-05-08T15:49:57.525+0000] {processor.py:161} INFO - Started process (PID=129) to work on /home/airflow/.local/lib/python3.12/site-packages/airflow/example_dags/example_complex.py
[2026-05-08T15:49:57.525+0000] {processor.py:830} INFO - Processing file /home/airflow/.local/lib/python3.12/site-packages/airflow/example_dags/example_complex.py for tasks to queue
[2026-05-08T15:49:57.526+0000] {logging_mixin.py:188} INFO - [2026-05-08T15:49:57.526+0000] {dagbag.py:545} INFO - Filling up the DagBag from /home/airflow/.local/lib/python3.12/site-packages/airflow/example_dags/example_complex.py
[2026-05-08T15:49:57.536+0000] {processor.py:840} INFO - DAG(s) 'example_complex' retrieved from /home/airflow/.local/lib/python3.12/site-packages/airflow/example_dags/example_complex.py
[2026-05-08T15:49:57.563+0000] {logging_mixin.py:188} INFO - [2026-05-08T15:49:57.562+0000] {dag.py:3089} INFO - Sync 1 DAGs
[2026-05-08T15:49:57.573+0000] {logging_mixin.py:188} INFO - [2026-05-08T15:49:57.572+0000] {dag.py:3947} INFO - Setting next_dagrun for example_complex to None, run_after=None
[2026-05-08T15:49:57.590+0000] {processor.py:183} INFO - Processing /home/airflow/.local/lib/python3.12/site-packages/airflow/example_dags/example_complex.py took 0.070 seconds
[2026-05-08T15:50:28.404+0000] {processor.py:161} INFO - Started process (PID=188) to work on /home/airflow/.local/lib/python3.12/site-packages/airflow/example_dags/example_complex.py
[2026-05-08T15:50:28.405+0000] {processor.py:830} INFO - Processing file /home/airflow/.local/lib/python3.12/site-packages/airflow/example_dags/example_complex.py for tasks to queue
[2026-05-08T15:50:28.406+0000] {logging_mixin.py:188} INFO - [2026-05-08T15:50:28.406+0000] {dagbag.py:545} INFO - Filling up the DagBag from /home/airflow/.local/lib/python3.12/site-packages/airflow/example_dags/example_complex.py
[2026-05-08T15:50:28.415+0000] {processor.py:840} INFO - DAG(s) 'example_complex' retrieved from /home/airflow/.local/lib/python3.12/site-packages/airflow/example_dags/example_complex.py
[2026-05-08T15:50:28.441+0000] {logging_mixin.py:188} INFO - [2026-05-08T15:50:28.441+0000] {dag.py:3089} INFO - Sync 1 DAGs
[2026-05-08T15:50:28.452+0000] {logging_mixin.py:188} INFO - [2026-05-08T15:50:28.451+0000] {dag.py:3947} INFO - Setting next_dagrun for example_complex to None, run_after=None
[2026-05-08T15:50:28.466+0000] {processor.py:183} INFO - Processing /home/airflow/.local/lib/python3.12/site-packages/airflow/example_dags/example_complex.py took 0.067 seconds
[2026-05-08T15:50:58.711+0000] {processor.py:161} INFO - Started process (PID=246) to work on /home/airflow/.local/lib/python3.12/site-packages/airflow/example_dags/example_complex.py
[2026-05-08T15:50:58.711+0000] {processor.py:830} INFO - Processing file /home/airflow/.local/lib/python3.12/site-packages/airflow/example_dags/example_complex.py for tasks to queue
[2026-05-08T15:50:58.712+0000] {logging_mixin.py:188} INFO - [2026-05-08T15:50:58.712+0000] {dagbag.py:545} INFO - Filling up the DagBag from /home/airflow/.local/lib/python3.12/site-packages/airflow/example_dags/example_complex.py
[2026-05-08T15:50:58.721+0000] {processor.py:840} INFO - DAG(s) 'example_complex' retrieved from /home/airflow/.local/lib/python3.12/site-packages/airflow/example_dags/example_complex.py
[2026-05-08T15:50:58.748+0000] {logging_mixin.py:188} INFO - [2026-05-08T15:50:58.747+0000] {dag.py:3089} INFO - Sync 1 DAGs
[2026-05-08T15:50:58.758+0000] {logging_mixin.py:188} INFO - [2026-05-08T15:50:58.758+0000] {dag.py:3947} INFO - Setting next_dagrun for example_complex to None, run_after=None
[2026-05-08T15:50:58.773+0000] {processor.py:183} INFO - Processing /home/airflow/.local/lib/python3.12/site-packages/airflow/example_dags/example_complex.py took 0.067 seconds
[2026-05-08T15:51:29.018+0000] {processor.py:161} INFO - Started process (PID=304) to work on /home/airflow/.local/lib/python3.12/site-packages/airflow/example_dags/example_complex.py
[2026-05-08T15:51:29.019+0000] {processor.py:830} INFO - Processing file /home/airflow/.local/lib/python3.12/site-packages/airflow/example_dags/example_complex.py for tasks to queue
[2026-05-08T15:51:29.020+0000] {logging_mixin.py:188} INFO - [2026-05-08T15:51:29.020+0000] {dagbag.py:545} INFO - Filling up the DagBag from /home/airflow/.local/lib/python3.12/site-packages/airflow/example_dags/example_complex.py
[2026-05-08T15:51:29.028+0000] {processor.py:840} INFO - DAG(s) 'example_complex' retrieved from /home/airflow/.local/lib/python3.12/site-packages/airflow/example_dags/example_complex.py
[2026-05-08T15:51:29.055+0000] {logging_mixin.py:188} INFO - [2026-05-08T15:51:29.055+0000] {dag.py:3089} INFO - Sync 1 DAGs
[2026-05-08T15:51:29.065+0000] {logging_mixin.py:188} INFO - [2026-05-08T15:51:29.065+0000] {dag.py:3947} INFO - Setting next_dagrun for example_complex to None, run_after=None
[2026-05-08T15:51:29.080+0000] {processor.py:183} INFO - Processing /home/airflow/.local/lib/python3.12/site-packages/airflow/example_dags/example_complex.py took 0.067 seconds
[2026-05-08T15:51:59.396+0000] {processor.py:161} INFO - Started process (PID=362) to work on /home/airflow/.local/lib/python3.12/site-packages/airflow/example_dags/example_complex.py
[2026-05-08T15:51:59.397+0000] {processor.py:830} INFO - Processing file /home/airflow/.local/lib/python3.12/site-packages/airflow/example_dags/example_complex.py for tasks to queue
[2026-05-08T15:51:59.398+0000] {logging_mixin.py:188} INFO - [2026-05-08T15:51:59.398+0000] {dagbag.py:545} INFO - Filling up the DagBag from /home/airflow/.local/lib/python3.12/site-packages/airflow/example_dags/example_complex.py
[2026-05-08T15:51:59.406+0000] {processor.py:840} INFO - DAG(s) 'example_complex' retrieved from /home/airflow/.local/lib/python3.12/site-packages/airflow/example_dags/example_complex.py
[2026-05-08T15:51:59.434+0000] {logging_mixin.py:188} INFO - [2026-05-08T15:51:59.433+0000] {dag.py:3089} INFO - Sync 1 DAGs
[2026-05-08T15:51:59.445+0000] {logging_mixin.py:188} INFO - [2026-05-08T15:51:59.445+0000] {dag.py:3947} INFO - Setting next_dagrun for example_complex to None, run_after=None
[2026-05-08T15:51:59.460+0000] {processor.py:183} INFO - Processing /home/airflow/.local/lib/python3.12/site-packages/airflow/example_dags/example_complex.py took 0.068 seconds
[2026-05-08T15:52:29.833+0000] {processor.py:161} INFO - Started process (PID=420) to work on /home/airflow/.local/lib/python3.12/site-packages/airflow/example_dags/example_complex.py
[2026-05-08T15:52:29.834+0000] {processor.py:830} INFO - Processing file /home/airflow/.local/lib/python3.12/site-packages/airflow/example_dags/example_complex.py for tasks to queue
[2026-05-08T15:52:29.835+0000] {logging_mixin.py:188} INFO - [2026-05-08T15:52:29.835+0000] {dagbag.py:545} INFO - Filling up the DagBag from /home/airflow/.local/lib/python3.12/site-packages/airflow/example_dags/example_complex.py
[2026-05-08T15:52:29.844+0000] {processor.py:840} INFO - DAG(s) 'example_complex' retrieved from /home/airflow/.local/lib/python3.12/site-packages/airflow/example_dags/example_complex.py
[2026-05-08T15:52:29.870+0000] {logging_mixin.py:188} INFO - [2026-05-08T15:52:29.870+0000] {dag.py:3089} INFO - Sync 1 DAGs
[2026-05-08T15:52:29.880+0000] {logging_mixin.py:188} INFO - [2026-05-08T15:52:29.880+0000] {dag.py:3947} INFO - Setting next_dagrun for example_complex to None, run_after=None
[2026-05-08T15:52:29.895+0000] {processor.py:183} INFO - Processing /home/airflow/.local/lib/python3.12/site-packages/airflow/example_dags/example_complex.py took 0.066 seconds
[2026-05-08T15:53:00.194+0000] {processor.py:161} INFO - Started process (PID=478) to work on /home/airflow/.local/lib/python3.12/site-packages/airflow/example_dags/example_complex.py
[2026-05-08T15:53:00.195+0000] {processor.py:830} INFO - Processing file /home/airflow/.local/lib/python3.12/site-packages/airflow/example_dags/example_complex.py for tasks to queue
[2026-05-08T15:53:00.196+0000] {logging_mixin.py:188} INFO - [2026-05-08T15:53:00.196+0000] {dagbag.py:545} INFO - Filling up the DagBag from /home/airflow/.local/lib/python3.12/site-packages/airflow/example_dags/example_complex.py
[2026-05-08T15:53:00.204+0000] {processor.py:840} INFO - DAG(s) 'example_complex' retrieved from /home/airflow/.local/lib/python3.12/site-packages/airflow/example_dags/example_complex.py
[2026-05-08T15:53:00.232+0000] {logging_mixin.py:188} INFO - [2026-05-08T15:53:00.231+0000] {dag.py:3089} INFO - Sync 1 DAGs
[2026-05-08T15:53:00.242+0000] {logging_mixin.py:188} INFO - [2026-05-08T15:53:00.242+0000] {dag.py:3947} INFO - Setting next_dagrun for example_complex to None, run_after=None
[2026-05-08T15:53:00.257+0000] {processor.py:183} INFO - Processing /home/airflow/.local/lib/python3.12/site-packages/airflow/example_dags/example_complex.py took 0.067 seconds
[2026-05-08T15:53:30.599+0000] {processor.py:161} INFO - Started process (PID=536) to work on /home/airflow/.local/lib/python3.12/site-packages/airflow/example_dags/example_complex.py
[2026-05-08T15:53:30.600+0000] {processor.py:830} INFO - Processing file /home/airflow/.local/lib/python3.12/site-packages/airflow/example_dags/example_complex.py for tasks to queue
[2026-05-08T15:53:30.601+0000] {logging_mixin.py:188} INFO - [2026-05-08T15:53:30.601+0000] {dagbag.py:545} INFO - Filling up the DagBag from /home/airflow/.local/lib/python3.12/site-packages/airflow/example_dags/example_complex.py
[2026-05-08T15:53:30.610+0000] {processor.py:840} INFO - DAG(s) 'example_complex' retrieved from /home/airflow/.local/lib/python3.12/site-packages/airflow/example_dags/example_complex.py
[2026-05-08T15:53:30.636+0000] {logging_mixin.py:188} INFO - [2026-05-08T15:53:30.636+0000] {dag.py:3089} INFO - Sync 1 DAGs
[2026-05-08T15:53:30.647+0000] {logging_mixin.py:188} INFO - [2026-05-08T15:53:30.647+0000] {dag.py:3947} INFO - Setting next_dagrun for example_complex to None, run_after=None
[2026-05-08T15:53:30.662+0000] {processor.py:183} INFO - Processing /home/airflow/.local/lib/python3.12/site-packages/airflow/example_dags/example_complex.py took 0.067 seconds
[2026-05-08T15:54:00.995+0000] {processor.py:161} INFO - Started process (PID=594) to work on /home/airflow/.local/lib/python3.12/site-packages/airflow/example_dags/example_complex.py
[2026-05-08T15:54:00.996+0000] {processor.py:830} INFO - Processing file /home/airflow/.local/lib/python3.12/site-packages/airflow/example_dags/example_complex.py for tasks to queue
[2026-05-08T15:54:00.997+0000] {logging_mixin.py:188} INFO - [2026-05-08T15:54:00.997+0000] {dagbag.py:545} INFO - Filling up the DagBag from /home/airflow/.local/lib/python3.12/site-packages/airflow/example_dags/example_complex.py
[2026-05-08T15:54:01.006+0000] {processor.py:840} INFO - DAG(s) 'example_complex' retrieved from /home/airflow/.local/lib/python3.12/site-packages/airflow/example_dags/example_complex.py
[2026-05-08T15:54:01.033+0000] {logging_mixin.py:188} INFO - [2026-05-08T15:54:01.032+0000] {dag.py:3089} INFO - Sync 1 DAGs
[2026-05-08T15:54:01.043+0000] {logging_mixin.py:188} INFO - [2026-05-08T15:54:01.043+0000] {dag.py:3947} INFO - Setting next_dagrun for example_complex to None, run_after=None
[2026-05-08T15:54:01.058+0000] {processor.py:183} INFO - Processing /home/airflow/.local/lib/python3.12/site-packages/airflow/example_dags/example_complex.py took 0.068 seconds
[2026-05-08T15:54:31.368+0000] {processor.py:161} INFO - Started process (PID=652) to work on /home/airflow/.local/lib/python3.12/site-packages/airflow/example_dags/example_complex.py
[2026-05-08T15:54:31.368+0000] {processor.py:830} INFO - Processing file /home/airflow/.local/lib/python3.12/site-packages/airflow/example_dags/example_complex.py for tasks to queue
[2026-05-08T15:54:31.370+0000] {logging_mixin.py:188} INFO - [2026-05-08T15:54:31.369+0000] {dagbag.py:545} INFO - Filling up the DagBag from /home/airflow/.local/lib/python3.12/site-packages/airflow/example_dags/example_complex.py
[2026-05-08T15:54:31.378+0000] {processor.py:840} INFO - DAG(s) 'example_complex' retrieved from /home/airflow/.local/lib/python3.12/site-packages/airflow/example_dags/example_complex.py
[2026-05-08T15:54:31.404+0000] {logging_mixin.py:188} INFO - [2026-05-08T15:54:31.404+0000] {dag.py:3089} INFO - Sync 1 DAGs
[2026-05-08T15:54:31.415+0000] {logging_mixin.py:188} INFO - [2026-05-08T15:54:31.414+0000] {dag.py:3947} INFO - Setting next_dagrun for example_complex to None, run_after=None
[2026-05-08T15:54:31.429+0000] {processor.py:183} INFO - Processing /home/airflow/.local/lib/python3.12/site-packages/airflow/example_dags/example_complex.py took 0.066 seconds
[2026-05-08T15:55:01.683+0000] {processor.py:161} INFO - Started process (PID=710) to work on /home/airflow/.local/lib/python3.12/site-packages/airflow/example_dags/example_complex.py
[2026-05-08T15:55:01.684+0000] {processor.py:830} INFO - Processing file /home/airflow/.local/lib/python3.12/site-packages/airflow/example_dags/example_complex.py for tasks to queue
[2026-05-08T15:55:01.685+0000] {logging_mixin.py:188} INFO - [2026-05-08T15:55:01.685+0000] {dagbag.py:545} INFO - Filling up the DagBag from /home/airflow/.local/lib/python3.12/site-packages/airflow/example_dags/example_complex.py
[2026-05-08T15:55:01.694+0000] {processor.py:840} INFO - DAG(s) 'example_complex' retrieved from /home/airflow/.local/lib/python3.12/site-packages/airflow/example_dags/example_complex.py
[2026-05-08T15:55:01.721+0000] {logging_mixin.py:188} INFO - [2026-05-08T15:55:01.721+0000] {dag.py:3089} INFO - Sync 1 DAGs
[2026-05-08T15:55:01.732+0000] {logging_mixin.py:188} INFO - [2026-05-08T15:55:01.732+0000] {dag.py:3947} INFO - Setting next_dagrun for example_complex to None, run_after=None
[2026-05-08T15:55:01.749+0000] {processor.py:183} INFO - Processing /home/airflow/.local/lib/python3.12/site-packages/airflow/example_dags/example_complex.py took 0.071 seconds
[2026-05-08T15:55:32.011+0000] {processor.py:161} INFO - Started process (PID=768) to work on /home/airflow/.local/lib/python3.12/site-packages/airflow/example_dags/example_complex.py
[2026-05-08T15:55:32.012+0000] {processor.py:830} INFO - Processing file /home/airflow/.local/lib/python3.12/site-packages/airflow/example_dags/example_complex.py for tasks to queue
[2026-05-08T15:55:32.013+0000] {logging_mixin.py:188} INFO - [2026-05-08T15:55:32.013+0000] {dagbag.py:545} INFO - Filling up the DagBag from /home/airflow/.local/lib/python3.12/site-packages/airflow/example_dags/example_complex.py
[2026-05-08T15:55:32.022+0000] {processor.py:840} INFO - DAG(s) 'example_complex' retrieved from /home/airflow/.local/lib/python3.12/site-packages/airflow/example_dags/example_complex.py
[2026-05-08T15:55:32.051+0000] {logging_mixin.py:188} INFO - [2026-05-08T15:55:32.051+0000] {dag.py:3089} INFO - Sync 1 DAGs
[2026-05-08T15:55:32.064+0000] {logging_mixin.py:188} INFO - [2026-05-08T15:55:32.064+0000] {dag.py:3947} INFO - Setting next_dagrun for example_complex to None, run_after=None
[2026-05-08T15:55:32.096+0000] {processor.py:183} INFO - Processing /home/airflow/.local/lib/python3.12/site-packages/airflow/example_dags/example_complex.py took 0.090 seconds
[2026-05-08T15:56:02.629+0000] {processor.py:161} INFO - Started process (PID=826) to work on /home/airflow/.local/lib/python3.12/site-packages/airflow/example_dags/example_complex.py
[2026-05-08T15:56:02.630+0000] {processor.py:830} INFO - Processing file /home/airflow/.local/lib/python3.12/site-packages/airflow/example_dags/example_complex.py for tasks to queue
[2026-05-08T15:56:02.631+0000] {logging_mixin.py:188} INFO - [2026-05-08T15:56:02.631+0000] {dagbag.py:545} INFO - Filling up the DagBag from /home/airflow/.local/lib/python3.12/site-packages/airflow/example_dags/example_complex.py
[2026-05-08T15:56:02.640+0000] {processor.py:840} INFO - DAG(s) 'example_complex' retrieved from /home/airflow/.local/lib/python3.12/site-packages/airflow/example_dags/example_complex.py
[2026-05-08T15:56:02.668+0000] {logging_mixin.py:188} INFO - [2026-05-08T15:56:02.667+0000] {dag.py:3089} INFO - Sync 1 DAGs
[2026-05-08T15:56:02.678+0000] {logging_mixin.py:188} INFO - [2026-05-08T15:56:02.678+0000] {dag.py:3947} INFO - Setting next_dagrun for example_complex to None, run_after=None
[2026-05-08T15:56:02.695+0000] {processor.py:183} INFO - Processing /home/airflow/.local/lib/python3.12/site-packages/airflow/example_dags/example_complex.py took 0.070 seconds
[2026-05-08T15:56:33.162+0000] {processor.py:161} INFO - Started process (PID=884) to work on /home/airflow/.local/lib/python3.12/site-packages/airflow/example_dags/example_complex.py
[2026-05-08T15:56:33.163+0000] {processor.py:830} INFO - Processing file /home/airflow/.local/lib/python3.12/site-packages/airflow/example_dags/example_complex.py for tasks to queue
[2026-05-08T15:56:33.164+0000] {logging_mixin.py:188} INFO - [2026-05-08T15:56:33.164+0000] {dagbag.py:545} INFO - Filling up the DagBag from /home/airflow/.local/lib/python3.12/site-packages/airflow/example_dags/example_complex.py
[2026-05-08T15:56:33.173+0000] {processor.py:840} INFO - DAG(s) 'example_complex' retrieved from /home/airflow/.local/lib/python3.12/site-packages/airflow/example_dags/example_complex.py
[2026-05-08T15:56:33.202+0000] {logging_mixin.py:188} INFO - [2026-05-08T15:56:33.201+0000] {dag.py:3089} INFO - Sync 1 DAGs
[2026-05-08T15:56:33.212+0000] {logging_mixin.py:188} INFO - [2026-05-08T15:56:33.212+0000] {dag.py:3947} INFO - Setting next_dagrun for example_complex to None, run_after=None
[2026-05-08T15:56:33.230+0000] {processor.py:183} INFO - Processing /home/airflow/.local/lib/python3.12/site-packages/airflow/example_dags/example_complex.py took 0.072 seconds
[2026-05-08T15:57:03.395+0000] {processor.py:161} INFO - Started process (PID=942) to work on /home/airflow/.local/lib/python3.12/site-packages/airflow/example_dags/example_complex.py
[2026-05-08T15:57:03.397+0000] {processor.py:830} INFO - Processing file /home/airflow/.local/lib/python3.12/site-packages/airflow/example_dags/example_complex.py for tasks to queue
[2026-05-08T15:57:03.398+0000] {logging_mixin.py:188} INFO - [2026-05-08T15:57:03.398+0000] {dagbag.py:545} INFO - Filling up the DagBag from /home/airflow/.local/lib/python3.12/site-packages/airflow/example_dags/example_complex.py
[2026-05-08T15:57:03.406+0000] {processor.py:840} INFO - DAG(s) 'example_complex' retrieved from /home/airflow/.local/lib/python3.12/site-packages/airflow/example_dags/example_complex.py
[2026-05-08T15:57:03.435+0000] {logging_mixin.py:188} INFO - [2026-05-08T15:57:03.435+0000] {dag.py:3089} INFO - Sync 1 DAGs
[2026-05-08T15:57:03.447+0000] {logging_mixin.py:188} INFO - [2026-05-08T15:57:03.447+0000] {dag.py:3947} INFO - Setting next_dagrun for example_complex to None, run_after=None
[2026-05-08T15:57:03.462+0000] {processor.py:183} INFO - Processing /home/airflow/.local/lib/python3.12/site-packages/airflow/example_dags/example_complex.py took 0.071 seconds
[2026-05-08T15:57:33.623+0000] {processor.py:161} INFO - Started process (PID=1000) to work on /home/airflow/.local/lib/python3.12/site-packages/airflow/example_dags/example_complex.py
[2026-05-08T15:57:33.623+0000] {processor.py:830} INFO - Processing file /home/airflow/.local/lib/python3.12/site-packages/airflow/example_dags/example_complex.py for tasks to queue
[2026-05-08T15:57:33.625+0000] {logging_mixin.py:188} INFO - [2026-05-08T15:57:33.624+0000] {dagbag.py:545} INFO - Filling up the DagBag from /home/airflow/.local/lib/python3.12/site-packages/airflow/example_dags/example_complex.py
[2026-05-08T15:57:33.633+0000] {processor.py:840} INFO - DAG(s) 'example_complex' retrieved from /home/airflow/.local/lib/python3.12/site-packages/airflow/example_dags/example_complex.py
[2026-05-08T15:57:33.662+0000] {logging_mixin.py:188} INFO - [2026-05-08T15:57:33.662+0000] {dag.py:3089} INFO - Sync 1 DAGs
[2026-05-08T15:57:33.673+0000] {logging_mixin.py:188} INFO - [2026-05-08T15:57:33.673+0000] {dag.py:3947} INFO - Setting next_dagrun for example_complex to None, run_after=None
[2026-05-08T15:57:33.690+0000] {processor.py:183} INFO - Processing /home/airflow/.local/lib/python3.12/site-packages/airflow/example_dags/example_complex.py took 0.072 seconds
[2026-05-08T15:58:03.785+0000] {processor.py:161} INFO - Started process (PID=1058) to work on /home/airflow/.local/lib/python3.12/site-packages/airflow/example_dags/example_complex.py
[2026-05-08T15:58:03.786+0000] {processor.py:830} INFO - Processing file /home/airflow/.local/lib/python3.12/site-packages/airflow/example_dags/example_complex.py for tasks to queue
[2026-05-08T15:58:03.788+0000] {logging_mixin.py:188} INFO - [2026-05-08T15:58:03.787+0000] {dagbag.py:545} INFO - Filling up the DagBag from /home/airflow/.local/lib/python3.12/site-packages/airflow/example_dags/example_complex.py
[2026-05-08T15:58:03.796+0000] {processor.py:840} INFO - DAG(s) 'example_complex' retrieved from /home/airflow/.local/lib/python3.12/site-packages/airflow/example_dags/example_complex.py
[2026-05-08T15:58:03.825+0000] {logging_mixin.py:188} INFO - [2026-05-08T15:58:03.824+0000] {dag.py:3089} INFO - Sync 1 DAGs
[2026-05-08T15:58:03.835+0000] {logging_mixin.py:188} INFO - [2026-05-08T15:58:03.835+0000] {dag.py:3947} INFO - Setting next_dagrun for example_complex to None, run_after=None
[2026-05-08T15:58:03.851+0000] {processor.py:183} INFO - Processing /home/airflow/.local/lib/python3.12/site-packages/airflow/example_dags/example_complex.py took 0.071 seconds
[2026-05-08T15:58:33.976+0000] {processor.py:161} INFO - Started process (PID=1116) to work on /home/airflow/.local/lib/python3.12/site-packages/airflow/example_dags/example_complex.py
[2026-05-08T15:58:33.977+0000] {processor.py:830} INFO - Processing file /home/airflow/.local/lib/python3.12/site-packages/airflow/example_dags/example_complex.py for tasks to queue
[2026-05-08T15:58:33.978+0000] {logging_mixin.py:188} INFO - [2026-05-08T15:58:33.978+0000] {dagbag.py:545} INFO - Filling up the DagBag from /home/airflow/.local/lib/python3.12/site-packages/airflow/example_dags/example_complex.py
[2026-05-08T15:58:33.987+0000] {processor.py:840} INFO - DAG(s) 'example_complex' retrieved from /home/airflow/.local/lib/python3.12/site-packages/airflow/example_dags/example_complex.py
[2026-05-08T15:58:34.015+0000] {logging_mixin.py:188} INFO - [2026-05-08T15:58:34.015+0000] {dag.py:3089} INFO - Sync 1 DAGs
[2026-05-08T15:58:34.026+0000] {logging_mixin.py:188} INFO - [2026-05-08T15:58:34.026+0000] {dag.py:3947} INFO - Setting next_dagrun for example_complex to None, run_after=None
[2026-05-08T15:58:34.044+0000] {processor.py:183} INFO - Processing /home/airflow/.local/lib/python3.12/site-packages/airflow/example_dags/example_complex.py took 0.074 seconds
[2026-05-08T15:59:04.261+0000] {processor.py:161} INFO - Started process (PID=1174) to work on /home/airflow/.local/lib/python3.12/site-packages/airflow/example_dags/example_complex.py
[2026-05-08T15:59:04.262+0000] {processor.py:830} INFO - Processing file /home/airflow/.local/lib/python3.12/site-packages/airflow/example_dags/example_complex.py for tasks to queue
[2026-05-08T15:59:04.264+0000] {logging_mixin.py:188} INFO - [2026-05-08T15:59:04.264+0000] {dagbag.py:545} INFO - Filling up the DagBag from /home/airflow/.local/lib/python3.12/site-packages/airflow/example_dags/example_complex.py
[2026-05-08T15:59:04.277+0000] {processor.py:840} INFO - DAG(s) 'example_complex' retrieved from /home/airflow/.local/lib/python3.12/site-packages/airflow/example_dags/example_complex.py
[2026-05-08T15:59:04.309+0000] {logging_mixin.py:188} INFO - [2026-05-08T15:59:04.308+0000] {dag.py:3089} INFO - Sync 1 DAGs
[2026-05-08T15:59:04.321+0000] {logging_mixin.py:188} INFO - [2026-05-08T15:59:04.321+0000] {dag.py:3947} INFO - Setting next_dagrun for example_complex to None, run_after=None
[2026-05-08T15:59:04.341+0000] {processor.py:183} INFO - Processing /home/airflow/.local/lib/python3.12/site-packages/airflow/example_dags/example_complex.py took 0.085 seconds
