[2026-05-08T15:39:26.318+0000] {processor.py:161} INFO - Started process (PID=67) to work on /home/airflow/.local/lib/python3.12/site-packages/airflow/example_dags/example_latest_only.py
[2026-05-08T15:39:26.320+0000] {processor.py:830} INFO - Processing file /home/airflow/.local/lib/python3.12/site-packages/airflow/example_dags/example_latest_only.py for tasks to queue
[2026-05-08T15:39:26.322+0000] {logging_mixin.py:188} INFO - [2026-05-08T15:39:26.321+0000] {dagbag.py:545} INFO - Filling up the DagBag from /home/airflow/.local/lib/python3.12/site-packages/airflow/example_dags/example_latest_only.py
[2026-05-08T15:39:26.333+0000] {processor.py:840} INFO - DAG(s) 'latest_only' retrieved from /home/airflow/.local/lib/python3.12/site-packages/airflow/example_dags/example_latest_only.py
[2026-05-08T15:39:26.369+0000] {logging_mixin.py:188} INFO - [2026-05-08T15:39:26.368+0000] {dag.py:3089} INFO - Sync 1 DAGs
[2026-05-08T15:39:26.462+0000] {logging_mixin.py:188} INFO - [2026-05-08T15:39:26.462+0000] {dag.py:3947} INFO - Setting next_dagrun for latest_only to 2026-05-08 08:00:00+00:00, run_after=2026-05-08 12:00:00+00:00
[2026-05-08T15:39:26.507+0000] {processor.py:183} INFO - Processing /home/airflow/.local/lib/python3.12/site-packages/airflow/example_dags/example_latest_only.py took 0.212 seconds
[2026-05-08T15:39:57.085+0000] {processor.py:161} INFO - Started process (PID=125) to work on /home/airflow/.local/lib/python3.12/site-packages/airflow/example_dags/example_latest_only.py
[2026-05-08T15:39:57.085+0000] {processor.py:830} INFO - Processing file /home/airflow/.local/lib/python3.12/site-packages/airflow/example_dags/example_latest_only.py for tasks to queue
[2026-05-08T15:39:57.087+0000] {logging_mixin.py:188} INFO - [2026-05-08T15:39:57.087+0000] {dagbag.py:545} INFO - Filling up the DagBag from /home/airflow/.local/lib/python3.12/site-packages/airflow/example_dags/example_latest_only.py
[2026-05-08T15:39:57.091+0000] {processor.py:840} INFO - DAG(s) 'latest_only' retrieved from /home/airflow/.local/lib/python3.12/site-packages/airflow/example_dags/example_latest_only.py
[2026-05-08T15:39:57.107+0000] {logging_mixin.py:188} INFO - [2026-05-08T15:39:57.107+0000] {dag.py:3089} INFO - Sync 1 DAGs
[2026-05-08T15:39:57.126+0000] {logging_mixin.py:188} INFO - [2026-05-08T15:39:57.126+0000] {dag.py:3947} INFO - Setting next_dagrun for latest_only to 2026-05-08 08:00:00+00:00, run_after=2026-05-08 12:00:00+00:00
[2026-05-08T15:39:57.143+0000] {processor.py:183} INFO - Processing /home/airflow/.local/lib/python3.12/site-packages/airflow/example_dags/example_latest_only.py took 0.063 seconds
[2026-05-08T15:40:27.599+0000] {processor.py:161} INFO - Started process (PID=183) to work on /home/airflow/.local/lib/python3.12/site-packages/airflow/example_dags/example_latest_only.py
[2026-05-08T15:40:27.601+0000] {processor.py:830} INFO - Processing file /home/airflow/.local/lib/python3.12/site-packages/airflow/example_dags/example_latest_only.py for tasks to queue
[2026-05-08T15:40:27.603+0000] {logging_mixin.py:188} INFO - [2026-05-08T15:40:27.602+0000] {dagbag.py:545} INFO - Filling up the DagBag from /home/airflow/.local/lib/python3.12/site-packages/airflow/example_dags/example_latest_only.py
[2026-05-08T15:40:27.607+0000] {processor.py:840} INFO - DAG(s) 'latest_only' retrieved from /home/airflow/.local/lib/python3.12/site-packages/airflow/example_dags/example_latest_only.py
[2026-05-08T15:40:27.625+0000] {logging_mixin.py:188} INFO - [2026-05-08T15:40:27.625+0000] {dag.py:3089} INFO - Sync 1 DAGs
[2026-05-08T15:40:27.647+0000] {logging_mixin.py:188} INFO - [2026-05-08T15:40:27.647+0000] {dag.py:3947} INFO - Setting next_dagrun for latest_only to 2026-05-08 08:00:00+00:00, run_after=2026-05-08 12:00:00+00:00
[2026-05-08T15:40:27.663+0000] {processor.py:183} INFO - Processing /home/airflow/.local/lib/python3.12/site-packages/airflow/example_dags/example_latest_only.py took 0.070 seconds
[2026-05-08T15:40:57.715+0000] {processor.py:161} INFO - Started process (PID=241) to work on /home/airflow/.local/lib/python3.12/site-packages/airflow/example_dags/example_latest_only.py
[2026-05-08T15:40:57.715+0000] {processor.py:830} INFO - Processing file /home/airflow/.local/lib/python3.12/site-packages/airflow/example_dags/example_latest_only.py for tasks to queue
[2026-05-08T15:40:57.717+0000] {logging_mixin.py:188} INFO - [2026-05-08T15:40:57.716+0000] {dagbag.py:545} INFO - Filling up the DagBag from /home/airflow/.local/lib/python3.12/site-packages/airflow/example_dags/example_latest_only.py
[2026-05-08T15:40:57.720+0000] {processor.py:840} INFO - DAG(s) 'latest_only' retrieved from /home/airflow/.local/lib/python3.12/site-packages/airflow/example_dags/example_latest_only.py
[2026-05-08T15:40:57.736+0000] {logging_mixin.py:188} INFO - [2026-05-08T15:40:57.735+0000] {dag.py:3089} INFO - Sync 1 DAGs
[2026-05-08T15:40:57.754+0000] {logging_mixin.py:188} INFO - [2026-05-08T15:40:57.754+0000] {dag.py:3947} INFO - Setting next_dagrun for latest_only to 2026-05-08 08:00:00+00:00, run_after=2026-05-08 12:00:00+00:00
[2026-05-08T15:40:57.770+0000] {processor.py:183} INFO - Processing /home/airflow/.local/lib/python3.12/site-packages/airflow/example_dags/example_latest_only.py took 0.060 seconds
[2026-05-08T15:41:28.074+0000] {processor.py:161} INFO - Started process (PID=299) to work on /home/airflow/.local/lib/python3.12/site-packages/airflow/example_dags/example_latest_only.py
[2026-05-08T15:41:28.080+0000] {processor.py:830} INFO - Processing file /home/airflow/.local/lib/python3.12/site-packages/airflow/example_dags/example_latest_only.py for tasks to queue
[2026-05-08T15:41:28.082+0000] {logging_mixin.py:188} INFO - [2026-05-08T15:41:28.082+0000] {dagbag.py:545} INFO - Filling up the DagBag from /home/airflow/.local/lib/python3.12/site-packages/airflow/example_dags/example_latest_only.py
[2026-05-08T15:41:28.086+0000] {processor.py:840} INFO - DAG(s) 'latest_only' retrieved from /home/airflow/.local/lib/python3.12/site-packages/airflow/example_dags/example_latest_only.py
[2026-05-08T15:41:28.101+0000] {logging_mixin.py:188} INFO - [2026-05-08T15:41:28.101+0000] {dag.py:3089} INFO - Sync 1 DAGs
[2026-05-08T15:41:28.121+0000] {logging_mixin.py:188} INFO - [2026-05-08T15:41:28.121+0000] {dag.py:3947} INFO - Setting next_dagrun for latest_only to 2026-05-08 08:00:00+00:00, run_after=2026-05-08 12:00:00+00:00
[2026-05-08T15:41:28.136+0000] {processor.py:183} INFO - Processing /home/airflow/.local/lib/python3.12/site-packages/airflow/example_dags/example_latest_only.py took 0.067 seconds
[2026-05-08T15:41:58.360+0000] {processor.py:161} INFO - Started process (PID=356) to work on /home/airflow/.local/lib/python3.12/site-packages/airflow/example_dags/example_latest_only.py
[2026-05-08T15:41:58.360+0000] {processor.py:830} INFO - Processing file /home/airflow/.local/lib/python3.12/site-packages/airflow/example_dags/example_latest_only.py for tasks to queue
[2026-05-08T15:41:58.362+0000] {logging_mixin.py:188} INFO - [2026-05-08T15:41:58.361+0000] {dagbag.py:545} INFO - Filling up the DagBag from /home/airflow/.local/lib/python3.12/site-packages/airflow/example_dags/example_latest_only.py
[2026-05-08T15:41:58.366+0000] {processor.py:840} INFO - DAG(s) 'latest_only' retrieved from /home/airflow/.local/lib/python3.12/site-packages/airflow/example_dags/example_latest_only.py
[2026-05-08T15:41:58.383+0000] {logging_mixin.py:188} INFO - [2026-05-08T15:41:58.382+0000] {dag.py:3089} INFO - Sync 1 DAGs
[2026-05-08T15:41:58.402+0000] {logging_mixin.py:188} INFO - [2026-05-08T15:41:58.402+0000] {dag.py:3947} INFO - Setting next_dagrun for latest_only to 2026-05-08 08:00:00+00:00, run_after=2026-05-08 12:00:00+00:00
[2026-05-08T15:41:58.421+0000] {processor.py:183} INFO - Processing /home/airflow/.local/lib/python3.12/site-packages/airflow/example_dags/example_latest_only.py took 0.067 seconds
[2026-05-08T15:42:28.982+0000] {processor.py:161} INFO - Started process (PID=414) to work on /home/airflow/.local/lib/python3.12/site-packages/airflow/example_dags/example_latest_only.py
[2026-05-08T15:42:28.983+0000] {processor.py:830} INFO - Processing file /home/airflow/.local/lib/python3.12/site-packages/airflow/example_dags/example_latest_only.py for tasks to queue
[2026-05-08T15:42:28.984+0000] {logging_mixin.py:188} INFO - [2026-05-08T15:42:28.984+0000] {dagbag.py:545} INFO - Filling up the DagBag from /home/airflow/.local/lib/python3.12/site-packages/airflow/example_dags/example_latest_only.py
[2026-05-08T15:42:28.988+0000] {processor.py:840} INFO - DAG(s) 'latest_only' retrieved from /home/airflow/.local/lib/python3.12/site-packages/airflow/example_dags/example_latest_only.py
[2026-05-08T15:42:29.005+0000] {logging_mixin.py:188} INFO - [2026-05-08T15:42:29.004+0000] {dag.py:3089} INFO - Sync 1 DAGs
[2026-05-08T15:42:29.024+0000] {logging_mixin.py:188} INFO - [2026-05-08T15:42:29.024+0000] {dag.py:3947} INFO - Setting next_dagrun for latest_only to 2026-05-08 08:00:00+00:00, run_after=2026-05-08 12:00:00+00:00
[2026-05-08T15:42:29.040+0000] {processor.py:183} INFO - Processing /home/airflow/.local/lib/python3.12/site-packages/airflow/example_dags/example_latest_only.py took 0.064 seconds
[2026-05-08T15:42:59.533+0000] {processor.py:161} INFO - Started process (PID=472) to work on /home/airflow/.local/lib/python3.12/site-packages/airflow/example_dags/example_latest_only.py
[2026-05-08T15:42:59.533+0000] {processor.py:830} INFO - Processing file /home/airflow/.local/lib/python3.12/site-packages/airflow/example_dags/example_latest_only.py for tasks to queue
[2026-05-08T15:42:59.535+0000] {logging_mixin.py:188} INFO - [2026-05-08T15:42:59.534+0000] {dagbag.py:545} INFO - Filling up the DagBag from /home/airflow/.local/lib/python3.12/site-packages/airflow/example_dags/example_latest_only.py
[2026-05-08T15:42:59.539+0000] {processor.py:840} INFO - DAG(s) 'latest_only' retrieved from /home/airflow/.local/lib/python3.12/site-packages/airflow/example_dags/example_latest_only.py
[2026-05-08T15:42:59.555+0000] {logging_mixin.py:188} INFO - [2026-05-08T15:42:59.555+0000] {dag.py:3089} INFO - Sync 1 DAGs
[2026-05-08T15:42:59.574+0000] {logging_mixin.py:188} INFO - [2026-05-08T15:42:59.574+0000] {dag.py:3947} INFO - Setting next_dagrun for latest_only to 2026-05-08 08:00:00+00:00, run_after=2026-05-08 12:00:00+00:00
[2026-05-08T15:42:59.590+0000] {processor.py:183} INFO - Processing /home/airflow/.local/lib/python3.12/site-packages/airflow/example_dags/example_latest_only.py took 0.063 seconds
[2026-05-08T15:43:29.969+0000] {processor.py:161} INFO - Started process (PID=530) to work on /home/airflow/.local/lib/python3.12/site-packages/airflow/example_dags/example_latest_only.py
[2026-05-08T15:43:29.970+0000] {processor.py:830} INFO - Processing file /home/airflow/.local/lib/python3.12/site-packages/airflow/example_dags/example_latest_only.py for tasks to queue
[2026-05-08T15:43:29.971+0000] {logging_mixin.py:188} INFO - [2026-05-08T15:43:29.971+0000] {dagbag.py:545} INFO - Filling up the DagBag from /home/airflow/.local/lib/python3.12/site-packages/airflow/example_dags/example_latest_only.py
[2026-05-08T15:43:29.975+0000] {processor.py:840} INFO - DAG(s) 'latest_only' retrieved from /home/airflow/.local/lib/python3.12/site-packages/airflow/example_dags/example_latest_only.py
[2026-05-08T15:43:29.991+0000] {logging_mixin.py:188} INFO - [2026-05-08T15:43:29.991+0000] {dag.py:3089} INFO - Sync 1 DAGs
[2026-05-08T15:43:30.011+0000] {logging_mixin.py:188} INFO - [2026-05-08T15:43:30.011+0000] {dag.py:3947} INFO - Setting next_dagrun for latest_only to 2026-05-08 08:00:00+00:00, run_after=2026-05-08 12:00:00+00:00
[2026-05-08T15:43:30.027+0000] {processor.py:183} INFO - Processing /home/airflow/.local/lib/python3.12/site-packages/airflow/example_dags/example_latest_only.py took 0.063 seconds
[2026-05-08T15:44:00.418+0000] {processor.py:161} INFO - Started process (PID=588) to work on /home/airflow/.local/lib/python3.12/site-packages/airflow/example_dags/example_latest_only.py
[2026-05-08T15:44:00.419+0000] {processor.py:830} INFO - Processing file /home/airflow/.local/lib/python3.12/site-packages/airflow/example_dags/example_latest_only.py for tasks to queue
[2026-05-08T15:44:00.420+0000] {logging_mixin.py:188} INFO - [2026-05-08T15:44:00.420+0000] {dagbag.py:545} INFO - Filling up the DagBag from /home/airflow/.local/lib/python3.12/site-packages/airflow/example_dags/example_latest_only.py
[2026-05-08T15:44:00.425+0000] {processor.py:840} INFO - DAG(s) 'latest_only' retrieved from /home/airflow/.local/lib/python3.12/site-packages/airflow/example_dags/example_latest_only.py
[2026-05-08T15:44:00.441+0000] {logging_mixin.py:188} INFO - [2026-05-08T15:44:00.441+0000] {dag.py:3089} INFO - Sync 1 DAGs
[2026-05-08T15:44:00.461+0000] {logging_mixin.py:188} INFO - [2026-05-08T15:44:00.461+0000] {dag.py:3947} INFO - Setting next_dagrun for latest_only to 2026-05-08 08:00:00+00:00, run_after=2026-05-08 12:00:00+00:00
[2026-05-08T15:44:00.477+0000] {processor.py:183} INFO - Processing /home/airflow/.local/lib/python3.12/site-packages/airflow/example_dags/example_latest_only.py took 0.064 seconds
[2026-05-08T15:44:31.035+0000] {processor.py:161} INFO - Started process (PID=646) to work on /home/airflow/.local/lib/python3.12/site-packages/airflow/example_dags/example_latest_only.py
[2026-05-08T15:44:31.036+0000] {processor.py:830} INFO - Processing file /home/airflow/.local/lib/python3.12/site-packages/airflow/example_dags/example_latest_only.py for tasks to queue
[2026-05-08T15:44:31.037+0000] {logging_mixin.py:188} INFO - [2026-05-08T15:44:31.037+0000] {dagbag.py:545} INFO - Filling up the DagBag from /home/airflow/.local/lib/python3.12/site-packages/airflow/example_dags/example_latest_only.py
[2026-05-08T15:44:31.042+0000] {processor.py:840} INFO - DAG(s) 'latest_only' retrieved from /home/airflow/.local/lib/python3.12/site-packages/airflow/example_dags/example_latest_only.py
[2026-05-08T15:44:31.058+0000] {logging_mixin.py:188} INFO - [2026-05-08T15:44:31.058+0000] {dag.py:3089} INFO - Sync 1 DAGs
[2026-05-08T15:44:31.078+0000] {logging_mixin.py:188} INFO - [2026-05-08T15:44:31.077+0000] {dag.py:3947} INFO - Setting next_dagrun for latest_only to 2026-05-08 08:00:00+00:00, run_after=2026-05-08 12:00:00+00:00
[2026-05-08T15:44:31.094+0000] {processor.py:183} INFO - Processing /home/airflow/.local/lib/python3.12/site-packages/airflow/example_dags/example_latest_only.py took 0.064 seconds
[2026-05-08T15:45:01.464+0000] {processor.py:161} INFO - Started process (PID=704) to work on /home/airflow/.local/lib/python3.12/site-packages/airflow/example_dags/example_latest_only.py
[2026-05-08T15:45:01.464+0000] {processor.py:830} INFO - Processing file /home/airflow/.local/lib/python3.12/site-packages/airflow/example_dags/example_latest_only.py for tasks to queue
[2026-05-08T15:45:01.466+0000] {logging_mixin.py:188} INFO - [2026-05-08T15:45:01.466+0000] {dagbag.py:545} INFO - Filling up the DagBag from /home/airflow/.local/lib/python3.12/site-packages/airflow/example_dags/example_latest_only.py
[2026-05-08T15:45:01.470+0000] {processor.py:840} INFO - DAG(s) 'latest_only' retrieved from /home/airflow/.local/lib/python3.12/site-packages/airflow/example_dags/example_latest_only.py
[2026-05-08T15:45:01.486+0000] {logging_mixin.py:188} INFO - [2026-05-08T15:45:01.486+0000] {dag.py:3089} INFO - Sync 1 DAGs
[2026-05-08T15:45:01.506+0000] {logging_mixin.py:188} INFO - [2026-05-08T15:45:01.506+0000] {dag.py:3947} INFO - Setting next_dagrun for latest_only to 2026-05-08 08:00:00+00:00, run_after=2026-05-08 12:00:00+00:00
[2026-05-08T15:45:01.526+0000] {processor.py:183} INFO - Processing /home/airflow/.local/lib/python3.12/site-packages/airflow/example_dags/example_latest_only.py took 0.067 seconds
[2026-05-08T15:45:32.227+0000] {processor.py:161} INFO - Started process (PID=762) to work on /home/airflow/.local/lib/python3.12/site-packages/airflow/example_dags/example_latest_only.py
[2026-05-08T15:45:32.230+0000] {processor.py:830} INFO - Processing file /home/airflow/.local/lib/python3.12/site-packages/airflow/example_dags/example_latest_only.py for tasks to queue
[2026-05-08T15:45:32.231+0000] {logging_mixin.py:188} INFO - [2026-05-08T15:45:32.231+0000] {dagbag.py:545} INFO - Filling up the DagBag from /home/airflow/.local/lib/python3.12/site-packages/airflow/example_dags/example_latest_only.py
[2026-05-08T15:45:32.235+0000] {processor.py:840} INFO - DAG(s) 'latest_only' retrieved from /home/airflow/.local/lib/python3.12/site-packages/airflow/example_dags/example_latest_only.py
[2026-05-08T15:45:32.251+0000] {logging_mixin.py:188} INFO - [2026-05-08T15:45:32.251+0000] {dag.py:3089} INFO - Sync 1 DAGs
[2026-05-08T15:45:32.270+0000] {logging_mixin.py:188} INFO - [2026-05-08T15:45:32.270+0000] {dag.py:3947} INFO - Setting next_dagrun for latest_only to 2026-05-08 08:00:00+00:00, run_after=2026-05-08 12:00:00+00:00
[2026-05-08T15:45:32.286+0000] {processor.py:183} INFO - Processing /home/airflow/.local/lib/python3.12/site-packages/airflow/example_dags/example_latest_only.py took 0.064 seconds
[2026-05-08T15:46:02.850+0000] {processor.py:161} INFO - Started process (PID=820) to work on /home/airflow/.local/lib/python3.12/site-packages/airflow/example_dags/example_latest_only.py
[2026-05-08T15:46:02.851+0000] {processor.py:830} INFO - Processing file /home/airflow/.local/lib/python3.12/site-packages/airflow/example_dags/example_latest_only.py for tasks to queue
[2026-05-08T15:46:02.852+0000] {logging_mixin.py:188} INFO - [2026-05-08T15:46:02.852+0000] {dagbag.py:545} INFO - Filling up the DagBag from /home/airflow/.local/lib/python3.12/site-packages/airflow/example_dags/example_latest_only.py
[2026-05-08T15:46:02.856+0000] {processor.py:840} INFO - DAG(s) 'latest_only' retrieved from /home/airflow/.local/lib/python3.12/site-packages/airflow/example_dags/example_latest_only.py
[2026-05-08T15:46:02.872+0000] {logging_mixin.py:188} INFO - [2026-05-08T15:46:02.871+0000] {dag.py:3089} INFO - Sync 1 DAGs
[2026-05-08T15:46:02.890+0000] {logging_mixin.py:188} INFO - [2026-05-08T15:46:02.890+0000] {dag.py:3947} INFO - Setting next_dagrun for latest_only to 2026-05-08 08:00:00+00:00, run_after=2026-05-08 12:00:00+00:00
[2026-05-08T15:46:02.909+0000] {processor.py:183} INFO - Processing /home/airflow/.local/lib/python3.12/site-packages/airflow/example_dags/example_latest_only.py took 0.064 seconds
[2026-05-08T15:46:33.534+0000] {processor.py:161} INFO - Started process (PID=878) to work on /home/airflow/.local/lib/python3.12/site-packages/airflow/example_dags/example_latest_only.py
[2026-05-08T15:46:33.535+0000] {processor.py:830} INFO - Processing file /home/airflow/.local/lib/python3.12/site-packages/airflow/example_dags/example_latest_only.py for tasks to queue
[2026-05-08T15:46:33.537+0000] {logging_mixin.py:188} INFO - [2026-05-08T15:46:33.537+0000] {dagbag.py:545} INFO - Filling up the DagBag from /home/airflow/.local/lib/python3.12/site-packages/airflow/example_dags/example_latest_only.py
[2026-05-08T15:46:33.541+0000] {processor.py:840} INFO - DAG(s) 'latest_only' retrieved from /home/airflow/.local/lib/python3.12/site-packages/airflow/example_dags/example_latest_only.py
[2026-05-08T15:46:33.560+0000] {logging_mixin.py:188} INFO - [2026-05-08T15:46:33.560+0000] {dag.py:3089} INFO - Sync 1 DAGs
[2026-05-08T15:46:33.584+0000] {logging_mixin.py:188} INFO - [2026-05-08T15:46:33.583+0000] {dag.py:3947} INFO - Setting next_dagrun for latest_only to 2026-05-08 08:00:00+00:00, run_after=2026-05-08 12:00:00+00:00
[2026-05-08T15:46:33.627+0000] {processor.py:183} INFO - Processing /home/airflow/.local/lib/python3.12/site-packages/airflow/example_dags/example_latest_only.py took 0.100 seconds
[2026-05-08T15:47:04.150+0000] {processor.py:161} INFO - Started process (PID=936) to work on /home/airflow/.local/lib/python3.12/site-packages/airflow/example_dags/example_latest_only.py
[2026-05-08T15:47:04.151+0000] {processor.py:830} INFO - Processing file /home/airflow/.local/lib/python3.12/site-packages/airflow/example_dags/example_latest_only.py for tasks to queue
[2026-05-08T15:47:04.152+0000] {logging_mixin.py:188} INFO - [2026-05-08T15:47:04.152+0000] {dagbag.py:545} INFO - Filling up the DagBag from /home/airflow/.local/lib/python3.12/site-packages/airflow/example_dags/example_latest_only.py
[2026-05-08T15:47:04.156+0000] {processor.py:840} INFO - DAG(s) 'latest_only' retrieved from /home/airflow/.local/lib/python3.12/site-packages/airflow/example_dags/example_latest_only.py
[2026-05-08T15:47:04.174+0000] {logging_mixin.py:188} INFO - [2026-05-08T15:47:04.174+0000] {dag.py:3089} INFO - Sync 1 DAGs
[2026-05-08T15:47:04.194+0000] {logging_mixin.py:188} INFO - [2026-05-08T15:47:04.194+0000] {dag.py:3947} INFO - Setting next_dagrun for latest_only to 2026-05-08 08:00:00+00:00, run_after=2026-05-08 12:00:00+00:00
[2026-05-08T15:47:04.212+0000] {processor.py:183} INFO - Processing /home/airflow/.local/lib/python3.12/site-packages/airflow/example_dags/example_latest_only.py took 0.066 seconds
[2026-05-08T15:47:34.347+0000] {processor.py:161} INFO - Started process (PID=994) to work on /home/airflow/.local/lib/python3.12/site-packages/airflow/example_dags/example_latest_only.py
[2026-05-08T15:47:34.348+0000] {processor.py:830} INFO - Processing file /home/airflow/.local/lib/python3.12/site-packages/airflow/example_dags/example_latest_only.py for tasks to queue
[2026-05-08T15:47:34.349+0000] {logging_mixin.py:188} INFO - [2026-05-08T15:47:34.349+0000] {dagbag.py:545} INFO - Filling up the DagBag from /home/airflow/.local/lib/python3.12/site-packages/airflow/example_dags/example_latest_only.py
[2026-05-08T15:47:34.353+0000] {processor.py:840} INFO - DAG(s) 'latest_only' retrieved from /home/airflow/.local/lib/python3.12/site-packages/airflow/example_dags/example_latest_only.py
[2026-05-08T15:47:34.369+0000] {logging_mixin.py:188} INFO - [2026-05-08T15:47:34.369+0000] {dag.py:3089} INFO - Sync 1 DAGs
[2026-05-08T15:47:34.388+0000] {logging_mixin.py:188} INFO - [2026-05-08T15:47:34.388+0000] {dag.py:3947} INFO - Setting next_dagrun for latest_only to 2026-05-08 08:00:00+00:00, run_after=2026-05-08 12:00:00+00:00
[2026-05-08T15:47:34.405+0000] {processor.py:183} INFO - Processing /home/airflow/.local/lib/python3.12/site-packages/airflow/example_dags/example_latest_only.py took 0.063 seconds
[2026-05-08T15:48:05.360+0000] {processor.py:161} INFO - Started process (PID=1053) to work on /home/airflow/.local/lib/python3.12/site-packages/airflow/example_dags/example_latest_only.py
[2026-05-08T15:48:05.361+0000] {processor.py:830} INFO - Processing file /home/airflow/.local/lib/python3.12/site-packages/airflow/example_dags/example_latest_only.py for tasks to queue
[2026-05-08T15:48:05.362+0000] {logging_mixin.py:188} INFO - [2026-05-08T15:48:05.362+0000] {dagbag.py:545} INFO - Filling up the DagBag from /home/airflow/.local/lib/python3.12/site-packages/airflow/example_dags/example_latest_only.py
[2026-05-08T15:48:05.438+0000] {processor.py:840} INFO - DAG(s) 'latest_only' retrieved from /home/airflow/.local/lib/python3.12/site-packages/airflow/example_dags/example_latest_only.py
[2026-05-08T15:48:05.453+0000] {logging_mixin.py:188} INFO - [2026-05-08T15:48:05.453+0000] {dag.py:3089} INFO - Sync 1 DAGs
[2026-05-08T15:48:05.473+0000] {logging_mixin.py:188} INFO - [2026-05-08T15:48:05.472+0000] {dag.py:3947} INFO - Setting next_dagrun for latest_only to 2026-05-08 08:00:00+00:00, run_after=2026-05-08 12:00:00+00:00
[2026-05-08T15:48:05.598+0000] {processor.py:183} INFO - Processing /home/airflow/.local/lib/python3.12/site-packages/airflow/example_dags/example_latest_only.py took 0.243 seconds
[2026-05-08T15:48:36.874+0000] {processor.py:161} INFO - Started process (PID=1111) to work on /home/airflow/.local/lib/python3.12/site-packages/airflow/example_dags/example_latest_only.py
[2026-05-08T15:48:36.875+0000] {processor.py:830} INFO - Processing file /home/airflow/.local/lib/python3.12/site-packages/airflow/example_dags/example_latest_only.py for tasks to queue
[2026-05-08T15:48:36.877+0000] {logging_mixin.py:188} INFO - [2026-05-08T15:48:36.877+0000] {dagbag.py:545} INFO - Filling up the DagBag from /home/airflow/.local/lib/python3.12/site-packages/airflow/example_dags/example_latest_only.py
[2026-05-08T15:48:36.882+0000] {processor.py:840} INFO - DAG(s) 'latest_only' retrieved from /home/airflow/.local/lib/python3.12/site-packages/airflow/example_dags/example_latest_only.py
[2026-05-08T15:48:36.898+0000] {logging_mixin.py:188} INFO - [2026-05-08T15:48:36.898+0000] {dag.py:3089} INFO - Sync 1 DAGs
[2026-05-08T15:48:36.916+0000] {logging_mixin.py:188} INFO - [2026-05-08T15:48:36.916+0000] {dag.py:3947} INFO - Setting next_dagrun for latest_only to 2026-05-08 08:00:00+00:00, run_after=2026-05-08 12:00:00+00:00
[2026-05-08T15:48:36.975+0000] {processor.py:183} INFO - Processing /home/airflow/.local/lib/python3.12/site-packages/airflow/example_dags/example_latest_only.py took 0.106 seconds
[2026-05-08T15:49:26.835+0000] {processor.py:161} INFO - Started process (PID=61) to work on /home/airflow/.local/lib/python3.12/site-packages/airflow/example_dags/example_latest_only.py
[2026-05-08T15:49:26.837+0000] {processor.py:830} INFO - Processing file /home/airflow/.local/lib/python3.12/site-packages/airflow/example_dags/example_latest_only.py for tasks to queue
[2026-05-08T15:49:26.838+0000] {logging_mixin.py:188} INFO - [2026-05-08T15:49:26.838+0000] {dagbag.py:545} INFO - Filling up the DagBag from /home/airflow/.local/lib/python3.12/site-packages/airflow/example_dags/example_latest_only.py
[2026-05-08T15:49:26.846+0000] {processor.py:840} INFO - DAG(s) 'latest_only' retrieved from /home/airflow/.local/lib/python3.12/site-packages/airflow/example_dags/example_latest_only.py
[2026-05-08T15:49:26.861+0000] {logging_mixin.py:188} INFO - [2026-05-08T15:49:26.860+0000] {dag.py:3089} INFO - Sync 1 DAGs
[2026-05-08T15:49:26.879+0000] {logging_mixin.py:188} INFO - [2026-05-08T15:49:26.879+0000] {dag.py:3947} INFO - Setting next_dagrun for latest_only to 2026-05-08 08:00:00+00:00, run_after=2026-05-08 12:00:00+00:00
[2026-05-08T15:49:26.895+0000] {processor.py:183} INFO - Processing /home/airflow/.local/lib/python3.12/site-packages/airflow/example_dags/example_latest_only.py took 0.065 seconds
[2026-05-08T15:49:56.971+0000] {processor.py:161} INFO - Started process (PID=119) to work on /home/airflow/.local/lib/python3.12/site-packages/airflow/example_dags/example_latest_only.py
[2026-05-08T15:49:56.971+0000] {processor.py:830} INFO - Processing file /home/airflow/.local/lib/python3.12/site-packages/airflow/example_dags/example_latest_only.py for tasks to queue
[2026-05-08T15:49:56.972+0000] {logging_mixin.py:188} INFO - [2026-05-08T15:49:56.972+0000] {dagbag.py:545} INFO - Filling up the DagBag from /home/airflow/.local/lib/python3.12/site-packages/airflow/example_dags/example_latest_only.py
[2026-05-08T15:49:56.979+0000] {processor.py:840} INFO - DAG(s) 'latest_only' retrieved from /home/airflow/.local/lib/python3.12/site-packages/airflow/example_dags/example_latest_only.py
[2026-05-08T15:49:56.994+0000] {logging_mixin.py:188} INFO - [2026-05-08T15:49:56.994+0000] {dag.py:3089} INFO - Sync 1 DAGs
[2026-05-08T15:49:57.011+0000] {logging_mixin.py:188} INFO - [2026-05-08T15:49:57.011+0000] {dag.py:3947} INFO - Setting next_dagrun for latest_only to 2026-05-08 08:00:00+00:00, run_after=2026-05-08 12:00:00+00:00
[2026-05-08T15:49:57.028+0000] {processor.py:183} INFO - Processing /home/airflow/.local/lib/python3.12/site-packages/airflow/example_dags/example_latest_only.py took 0.062 seconds
[2026-05-08T15:50:27.947+0000] {processor.py:161} INFO - Started process (PID=177) to work on /home/airflow/.local/lib/python3.12/site-packages/airflow/example_dags/example_latest_only.py
[2026-05-08T15:50:27.948+0000] {processor.py:830} INFO - Processing file /home/airflow/.local/lib/python3.12/site-packages/airflow/example_dags/example_latest_only.py for tasks to queue
[2026-05-08T15:50:27.950+0000] {logging_mixin.py:188} INFO - [2026-05-08T15:50:27.949+0000] {dagbag.py:545} INFO - Filling up the DagBag from /home/airflow/.local/lib/python3.12/site-packages/airflow/example_dags/example_latest_only.py
[2026-05-08T15:50:27.954+0000] {processor.py:840} INFO - DAG(s) 'latest_only' retrieved from /home/airflow/.local/lib/python3.12/site-packages/airflow/example_dags/example_latest_only.py
[2026-05-08T15:50:27.969+0000] {logging_mixin.py:188} INFO - [2026-05-08T15:50:27.969+0000] {dag.py:3089} INFO - Sync 1 DAGs
[2026-05-08T15:50:27.987+0000] {logging_mixin.py:188} INFO - [2026-05-08T15:50:27.987+0000] {dag.py:3947} INFO - Setting next_dagrun for latest_only to 2026-05-08 08:00:00+00:00, run_after=2026-05-08 12:00:00+00:00
[2026-05-08T15:50:28.002+0000] {processor.py:183} INFO - Processing /home/airflow/.local/lib/python3.12/site-packages/airflow/example_dags/example_latest_only.py took 0.059 seconds
[2026-05-08T15:50:58.258+0000] {processor.py:161} INFO - Started process (PID=235) to work on /home/airflow/.local/lib/python3.12/site-packages/airflow/example_dags/example_latest_only.py
[2026-05-08T15:50:58.259+0000] {processor.py:830} INFO - Processing file /home/airflow/.local/lib/python3.12/site-packages/airflow/example_dags/example_latest_only.py for tasks to queue
[2026-05-08T15:50:58.260+0000] {logging_mixin.py:188} INFO - [2026-05-08T15:50:58.260+0000] {dagbag.py:545} INFO - Filling up the DagBag from /home/airflow/.local/lib/python3.12/site-packages/airflow/example_dags/example_latest_only.py
[2026-05-08T15:50:58.264+0000] {processor.py:840} INFO - DAG(s) 'latest_only' retrieved from /home/airflow/.local/lib/python3.12/site-packages/airflow/example_dags/example_latest_only.py
[2026-05-08T15:50:58.279+0000] {logging_mixin.py:188} INFO - [2026-05-08T15:50:58.279+0000] {dag.py:3089} INFO - Sync 1 DAGs
[2026-05-08T15:50:58.297+0000] {logging_mixin.py:188} INFO - [2026-05-08T15:50:58.297+0000] {dag.py:3947} INFO - Setting next_dagrun for latest_only to 2026-05-08 08:00:00+00:00, run_after=2026-05-08 12:00:00+00:00
[2026-05-08T15:50:58.312+0000] {processor.py:183} INFO - Processing /home/airflow/.local/lib/python3.12/site-packages/airflow/example_dags/example_latest_only.py took 0.058 seconds
[2026-05-08T15:51:28.561+0000] {processor.py:161} INFO - Started process (PID=293) to work on /home/airflow/.local/lib/python3.12/site-packages/airflow/example_dags/example_latest_only.py
[2026-05-08T15:51:28.562+0000] {processor.py:830} INFO - Processing file /home/airflow/.local/lib/python3.12/site-packages/airflow/example_dags/example_latest_only.py for tasks to queue
[2026-05-08T15:51:28.564+0000] {logging_mixin.py:188} INFO - [2026-05-08T15:51:28.563+0000] {dagbag.py:545} INFO - Filling up the DagBag from /home/airflow/.local/lib/python3.12/site-packages/airflow/example_dags/example_latest_only.py
[2026-05-08T15:51:28.568+0000] {processor.py:840} INFO - DAG(s) 'latest_only' retrieved from /home/airflow/.local/lib/python3.12/site-packages/airflow/example_dags/example_latest_only.py
[2026-05-08T15:51:28.584+0000] {logging_mixin.py:188} INFO - [2026-05-08T15:51:28.584+0000] {dag.py:3089} INFO - Sync 1 DAGs
[2026-05-08T15:51:28.603+0000] {logging_mixin.py:188} INFO - [2026-05-08T15:51:28.603+0000] {dag.py:3947} INFO - Setting next_dagrun for latest_only to 2026-05-08 08:00:00+00:00, run_after=2026-05-08 12:00:00+00:00
[2026-05-08T15:51:28.617+0000] {processor.py:183} INFO - Processing /home/airflow/.local/lib/python3.12/site-packages/airflow/example_dags/example_latest_only.py took 0.061 seconds
[2026-05-08T15:51:58.852+0000] {processor.py:161} INFO - Started process (PID=351) to work on /home/airflow/.local/lib/python3.12/site-packages/airflow/example_dags/example_latest_only.py
[2026-05-08T15:51:58.853+0000] {processor.py:830} INFO - Processing file /home/airflow/.local/lib/python3.12/site-packages/airflow/example_dags/example_latest_only.py for tasks to queue
[2026-05-08T15:51:58.854+0000] {logging_mixin.py:188} INFO - [2026-05-08T15:51:58.854+0000] {dagbag.py:545} INFO - Filling up the DagBag from /home/airflow/.local/lib/python3.12/site-packages/airflow/example_dags/example_latest_only.py
[2026-05-08T15:51:58.858+0000] {processor.py:840} INFO - DAG(s) 'latest_only' retrieved from /home/airflow/.local/lib/python3.12/site-packages/airflow/example_dags/example_latest_only.py
[2026-05-08T15:51:58.874+0000] {logging_mixin.py:188} INFO - [2026-05-08T15:51:58.874+0000] {dag.py:3089} INFO - Sync 1 DAGs
[2026-05-08T15:51:58.893+0000] {logging_mixin.py:188} INFO - [2026-05-08T15:51:58.893+0000] {dag.py:3947} INFO - Setting next_dagrun for latest_only to 2026-05-08 08:00:00+00:00, run_after=2026-05-08 12:00:00+00:00
[2026-05-08T15:51:58.909+0000] {processor.py:183} INFO - Processing /home/airflow/.local/lib/python3.12/site-packages/airflow/example_dags/example_latest_only.py took 0.062 seconds
[2026-05-08T15:52:29.312+0000] {processor.py:161} INFO - Started process (PID=409) to work on /home/airflow/.local/lib/python3.12/site-packages/airflow/example_dags/example_latest_only.py
[2026-05-08T15:52:29.313+0000] {processor.py:830} INFO - Processing file /home/airflow/.local/lib/python3.12/site-packages/airflow/example_dags/example_latest_only.py for tasks to queue
[2026-05-08T15:52:29.314+0000] {logging_mixin.py:188} INFO - [2026-05-08T15:52:29.314+0000] {dagbag.py:545} INFO - Filling up the DagBag from /home/airflow/.local/lib/python3.12/site-packages/airflow/example_dags/example_latest_only.py
[2026-05-08T15:52:29.318+0000] {processor.py:840} INFO - DAG(s) 'latest_only' retrieved from /home/airflow/.local/lib/python3.12/site-packages/airflow/example_dags/example_latest_only.py
[2026-05-08T15:52:29.333+0000] {logging_mixin.py:188} INFO - [2026-05-08T15:52:29.333+0000] {dag.py:3089} INFO - Sync 1 DAGs
[2026-05-08T15:52:29.352+0000] {logging_mixin.py:188} INFO - [2026-05-08T15:52:29.351+0000] {dag.py:3947} INFO - Setting next_dagrun for latest_only to 2026-05-08 08:00:00+00:00, run_after=2026-05-08 12:00:00+00:00
[2026-05-08T15:52:29.367+0000] {processor.py:183} INFO - Processing /home/airflow/.local/lib/python3.12/site-packages/airflow/example_dags/example_latest_only.py took 0.059 seconds
[2026-05-08T15:52:59.670+0000] {processor.py:161} INFO - Started process (PID=467) to work on /home/airflow/.local/lib/python3.12/site-packages/airflow/example_dags/example_latest_only.py
[2026-05-08T15:52:59.672+0000] {processor.py:830} INFO - Processing file /home/airflow/.local/lib/python3.12/site-packages/airflow/example_dags/example_latest_only.py for tasks to queue
[2026-05-08T15:52:59.673+0000] {logging_mixin.py:188} INFO - [2026-05-08T15:52:59.673+0000] {dagbag.py:545} INFO - Filling up the DagBag from /home/airflow/.local/lib/python3.12/site-packages/airflow/example_dags/example_latest_only.py
[2026-05-08T15:52:59.676+0000] {processor.py:840} INFO - DAG(s) 'latest_only' retrieved from /home/airflow/.local/lib/python3.12/site-packages/airflow/example_dags/example_latest_only.py
[2026-05-08T15:52:59.692+0000] {logging_mixin.py:188} INFO - [2026-05-08T15:52:59.692+0000] {dag.py:3089} INFO - Sync 1 DAGs
[2026-05-08T15:52:59.710+0000] {logging_mixin.py:188} INFO - [2026-05-08T15:52:59.710+0000] {dag.py:3947} INFO - Setting next_dagrun for latest_only to 2026-05-08 08:00:00+00:00, run_after=2026-05-08 12:00:00+00:00
[2026-05-08T15:52:59.725+0000] {processor.py:183} INFO - Processing /home/airflow/.local/lib/python3.12/site-packages/airflow/example_dags/example_latest_only.py took 0.059 seconds
[2026-05-08T15:53:30.066+0000] {processor.py:161} INFO - Started process (PID=525) to work on /home/airflow/.local/lib/python3.12/site-packages/airflow/example_dags/example_latest_only.py
[2026-05-08T15:53:30.066+0000] {processor.py:830} INFO - Processing file /home/airflow/.local/lib/python3.12/site-packages/airflow/example_dags/example_latest_only.py for tasks to queue
[2026-05-08T15:53:30.068+0000] {logging_mixin.py:188} INFO - [2026-05-08T15:53:30.068+0000] {dagbag.py:545} INFO - Filling up the DagBag from /home/airflow/.local/lib/python3.12/site-packages/airflow/example_dags/example_latest_only.py
[2026-05-08T15:53:30.072+0000] {processor.py:840} INFO - DAG(s) 'latest_only' retrieved from /home/airflow/.local/lib/python3.12/site-packages/airflow/example_dags/example_latest_only.py
[2026-05-08T15:53:30.087+0000] {logging_mixin.py:188} INFO - [2026-05-08T15:53:30.087+0000] {dag.py:3089} INFO - Sync 1 DAGs
[2026-05-08T15:53:30.107+0000] {logging_mixin.py:188} INFO - [2026-05-08T15:53:30.106+0000] {dag.py:3947} INFO - Setting next_dagrun for latest_only to 2026-05-08 08:00:00+00:00, run_after=2026-05-08 12:00:00+00:00
[2026-05-08T15:53:30.123+0000] {processor.py:183} INFO - Processing /home/airflow/.local/lib/python3.12/site-packages/airflow/example_dags/example_latest_only.py took 0.062 seconds
[2026-05-08T15:54:00.462+0000] {processor.py:161} INFO - Started process (PID=583) to work on /home/airflow/.local/lib/python3.12/site-packages/airflow/example_dags/example_latest_only.py
[2026-05-08T15:54:00.462+0000] {processor.py:830} INFO - Processing file /home/airflow/.local/lib/python3.12/site-packages/airflow/example_dags/example_latest_only.py for tasks to queue
[2026-05-08T15:54:00.464+0000] {logging_mixin.py:188} INFO - [2026-05-08T15:54:00.463+0000] {dagbag.py:545} INFO - Filling up the DagBag from /home/airflow/.local/lib/python3.12/site-packages/airflow/example_dags/example_latest_only.py
[2026-05-08T15:54:00.467+0000] {processor.py:840} INFO - DAG(s) 'latest_only' retrieved from /home/airflow/.local/lib/python3.12/site-packages/airflow/example_dags/example_latest_only.py
[2026-05-08T15:54:00.482+0000] {logging_mixin.py:188} INFO - [2026-05-08T15:54:00.482+0000] {dag.py:3089} INFO - Sync 1 DAGs
[2026-05-08T15:54:00.500+0000] {logging_mixin.py:188} INFO - [2026-05-08T15:54:00.500+0000] {dag.py:3947} INFO - Setting next_dagrun for latest_only to 2026-05-08 08:00:00+00:00, run_after=2026-05-08 12:00:00+00:00
[2026-05-08T15:54:00.515+0000] {processor.py:183} INFO - Processing /home/airflow/.local/lib/python3.12/site-packages/airflow/example_dags/example_latest_only.py took 0.058 seconds
[2026-05-08T15:54:30.843+0000] {processor.py:161} INFO - Started process (PID=641) to work on /home/airflow/.local/lib/python3.12/site-packages/airflow/example_dags/example_latest_only.py
[2026-05-08T15:54:30.843+0000] {processor.py:830} INFO - Processing file /home/airflow/.local/lib/python3.12/site-packages/airflow/example_dags/example_latest_only.py for tasks to queue
[2026-05-08T15:54:30.844+0000] {logging_mixin.py:188} INFO - [2026-05-08T15:54:30.844+0000] {dagbag.py:545} INFO - Filling up the DagBag from /home/airflow/.local/lib/python3.12/site-packages/airflow/example_dags/example_latest_only.py
[2026-05-08T15:54:30.848+0000] {processor.py:840} INFO - DAG(s) 'latest_only' retrieved from /home/airflow/.local/lib/python3.12/site-packages/airflow/example_dags/example_latest_only.py
[2026-05-08T15:54:30.863+0000] {logging_mixin.py:188} INFO - [2026-05-08T15:54:30.863+0000] {dag.py:3089} INFO - Sync 1 DAGs
[2026-05-08T15:54:30.881+0000] {logging_mixin.py:188} INFO - [2026-05-08T15:54:30.881+0000] {dag.py:3947} INFO - Setting next_dagrun for latest_only to 2026-05-08 08:00:00+00:00, run_after=2026-05-08 12:00:00+00:00
[2026-05-08T15:54:30.896+0000] {processor.py:183} INFO - Processing /home/airflow/.local/lib/python3.12/site-packages/airflow/example_dags/example_latest_only.py took 0.058 seconds
[2026-05-08T15:55:01.155+0000] {processor.py:161} INFO - Started process (PID=699) to work on /home/airflow/.local/lib/python3.12/site-packages/airflow/example_dags/example_latest_only.py
[2026-05-08T15:55:01.157+0000] {processor.py:830} INFO - Processing file /home/airflow/.local/lib/python3.12/site-packages/airflow/example_dags/example_latest_only.py for tasks to queue
[2026-05-08T15:55:01.158+0000] {logging_mixin.py:188} INFO - [2026-05-08T15:55:01.158+0000] {dagbag.py:545} INFO - Filling up the DagBag from /home/airflow/.local/lib/python3.12/site-packages/airflow/example_dags/example_latest_only.py
[2026-05-08T15:55:01.162+0000] {processor.py:840} INFO - DAG(s) 'latest_only' retrieved from /home/airflow/.local/lib/python3.12/site-packages/airflow/example_dags/example_latest_only.py
[2026-05-08T15:55:01.177+0000] {logging_mixin.py:188} INFO - [2026-05-08T15:55:01.176+0000] {dag.py:3089} INFO - Sync 1 DAGs
[2026-05-08T15:55:01.195+0000] {logging_mixin.py:188} INFO - [2026-05-08T15:55:01.194+0000] {dag.py:3947} INFO - Setting next_dagrun for latest_only to 2026-05-08 08:00:00+00:00, run_after=2026-05-08 12:00:00+00:00
[2026-05-08T15:55:01.209+0000] {processor.py:183} INFO - Processing /home/airflow/.local/lib/python3.12/site-packages/airflow/example_dags/example_latest_only.py took 0.059 seconds
[2026-05-08T15:55:31.543+0000] {processor.py:161} INFO - Started process (PID=757) to work on /home/airflow/.local/lib/python3.12/site-packages/airflow/example_dags/example_latest_only.py
[2026-05-08T15:55:31.543+0000] {processor.py:830} INFO - Processing file /home/airflow/.local/lib/python3.12/site-packages/airflow/example_dags/example_latest_only.py for tasks to queue
[2026-05-08T15:55:31.545+0000] {logging_mixin.py:188} INFO - [2026-05-08T15:55:31.544+0000] {dagbag.py:545} INFO - Filling up the DagBag from /home/airflow/.local/lib/python3.12/site-packages/airflow/example_dags/example_latest_only.py
[2026-05-08T15:55:31.548+0000] {processor.py:840} INFO - DAG(s) 'latest_only' retrieved from /home/airflow/.local/lib/python3.12/site-packages/airflow/example_dags/example_latest_only.py
[2026-05-08T15:55:31.563+0000] {logging_mixin.py:188} INFO - [2026-05-08T15:55:31.563+0000] {dag.py:3089} INFO - Sync 1 DAGs
[2026-05-08T15:55:31.581+0000] {logging_mixin.py:188} INFO - [2026-05-08T15:55:31.581+0000] {dag.py:3947} INFO - Setting next_dagrun for latest_only to 2026-05-08 08:00:00+00:00, run_after=2026-05-08 12:00:00+00:00
[2026-05-08T15:55:31.595+0000] {processor.py:183} INFO - Processing /home/airflow/.local/lib/python3.12/site-packages/airflow/example_dags/example_latest_only.py took 0.057 seconds
[2026-05-08T15:56:02.064+0000] {processor.py:161} INFO - Started process (PID=815) to work on /home/airflow/.local/lib/python3.12/site-packages/airflow/example_dags/example_latest_only.py
[2026-05-08T15:56:02.065+0000] {processor.py:830} INFO - Processing file /home/airflow/.local/lib/python3.12/site-packages/airflow/example_dags/example_latest_only.py for tasks to queue
[2026-05-08T15:56:02.066+0000] {logging_mixin.py:188} INFO - [2026-05-08T15:56:02.066+0000] {dagbag.py:545} INFO - Filling up the DagBag from /home/airflow/.local/lib/python3.12/site-packages/airflow/example_dags/example_latest_only.py
[2026-05-08T15:56:02.070+0000] {processor.py:840} INFO - DAG(s) 'latest_only' retrieved from /home/airflow/.local/lib/python3.12/site-packages/airflow/example_dags/example_latest_only.py
[2026-05-08T15:56:02.087+0000] {logging_mixin.py:188} INFO - [2026-05-08T15:56:02.087+0000] {dag.py:3089} INFO - Sync 1 DAGs
[2026-05-08T15:56:02.106+0000] {logging_mixin.py:188} INFO - [2026-05-08T15:56:02.106+0000] {dag.py:3947} INFO - Setting next_dagrun for latest_only to 2026-05-08 08:00:00+00:00, run_after=2026-05-08 12:00:00+00:00
[2026-05-08T15:56:02.123+0000] {processor.py:183} INFO - Processing /home/airflow/.local/lib/python3.12/site-packages/airflow/example_dags/example_latest_only.py took 0.064 seconds
[2026-05-08T15:56:32.670+0000] {processor.py:161} INFO - Started process (PID=873) to work on /home/airflow/.local/lib/python3.12/site-packages/airflow/example_dags/example_latest_only.py
[2026-05-08T15:56:32.671+0000] {processor.py:830} INFO - Processing file /home/airflow/.local/lib/python3.12/site-packages/airflow/example_dags/example_latest_only.py for tasks to queue
[2026-05-08T15:56:32.672+0000] {logging_mixin.py:188} INFO - [2026-05-08T15:56:32.672+0000] {dagbag.py:545} INFO - Filling up the DagBag from /home/airflow/.local/lib/python3.12/site-packages/airflow/example_dags/example_latest_only.py
[2026-05-08T15:56:32.676+0000] {processor.py:840} INFO - DAG(s) 'latest_only' retrieved from /home/airflow/.local/lib/python3.12/site-packages/airflow/example_dags/example_latest_only.py
[2026-05-08T15:56:32.693+0000] {logging_mixin.py:188} INFO - [2026-05-08T15:56:32.693+0000] {dag.py:3089} INFO - Sync 1 DAGs
[2026-05-08T15:56:32.712+0000] {logging_mixin.py:188} INFO - [2026-05-08T15:56:32.712+0000] {dag.py:3947} INFO - Setting next_dagrun for latest_only to 2026-05-08 08:00:00+00:00, run_after=2026-05-08 12:00:00+00:00
[2026-05-08T15:56:32.729+0000] {processor.py:183} INFO - Processing /home/airflow/.local/lib/python3.12/site-packages/airflow/example_dags/example_latest_only.py took 0.063 seconds
[2026-05-08T15:57:02.802+0000] {processor.py:161} INFO - Started process (PID=931) to work on /home/airflow/.local/lib/python3.12/site-packages/airflow/example_dags/example_latest_only.py
[2026-05-08T15:57:02.803+0000] {processor.py:830} INFO - Processing file /home/airflow/.local/lib/python3.12/site-packages/airflow/example_dags/example_latest_only.py for tasks to queue
[2026-05-08T15:57:02.804+0000] {logging_mixin.py:188} INFO - [2026-05-08T15:57:02.804+0000] {dagbag.py:545} INFO - Filling up the DagBag from /home/airflow/.local/lib/python3.12/site-packages/airflow/example_dags/example_latest_only.py
[2026-05-08T15:57:02.808+0000] {processor.py:840} INFO - DAG(s) 'latest_only' retrieved from /home/airflow/.local/lib/python3.12/site-packages/airflow/example_dags/example_latest_only.py
[2026-05-08T15:57:02.827+0000] {logging_mixin.py:188} INFO - [2026-05-08T15:57:02.827+0000] {dag.py:3089} INFO - Sync 1 DAGs
[2026-05-08T15:57:02.848+0000] {logging_mixin.py:188} INFO - [2026-05-08T15:57:02.848+0000] {dag.py:3947} INFO - Setting next_dagrun for latest_only to 2026-05-08 08:00:00+00:00, run_after=2026-05-08 12:00:00+00:00
[2026-05-08T15:57:02.865+0000] {processor.py:183} INFO - Processing /home/airflow/.local/lib/python3.12/site-packages/airflow/example_dags/example_latest_only.py took 0.068 seconds
[2026-05-08T15:57:32.974+0000] {processor.py:161} INFO - Started process (PID=989) to work on /home/airflow/.local/lib/python3.12/site-packages/airflow/example_dags/example_latest_only.py
[2026-05-08T15:57:32.975+0000] {processor.py:830} INFO - Processing file /home/airflow/.local/lib/python3.12/site-packages/airflow/example_dags/example_latest_only.py for tasks to queue
[2026-05-08T15:57:32.977+0000] {logging_mixin.py:188} INFO - [2026-05-08T15:57:32.977+0000] {dagbag.py:545} INFO - Filling up the DagBag from /home/airflow/.local/lib/python3.12/site-packages/airflow/example_dags/example_latest_only.py
[2026-05-08T15:57:32.981+0000] {processor.py:840} INFO - DAG(s) 'latest_only' retrieved from /home/airflow/.local/lib/python3.12/site-packages/airflow/example_dags/example_latest_only.py
[2026-05-08T15:57:32.996+0000] {logging_mixin.py:188} INFO - [2026-05-08T15:57:32.996+0000] {dag.py:3089} INFO - Sync 1 DAGs
[2026-05-08T15:57:33.017+0000] {logging_mixin.py:188} INFO - [2026-05-08T15:57:33.017+0000] {dag.py:3947} INFO - Setting next_dagrun for latest_only to 2026-05-08 08:00:00+00:00, run_after=2026-05-08 12:00:00+00:00
[2026-05-08T15:57:33.032+0000] {processor.py:183} INFO - Processing /home/airflow/.local/lib/python3.12/site-packages/airflow/example_dags/example_latest_only.py took 0.063 seconds
[2026-05-08T15:58:03.129+0000] {processor.py:161} INFO - Started process (PID=1047) to work on /home/airflow/.local/lib/python3.12/site-packages/airflow/example_dags/example_latest_only.py
[2026-05-08T15:58:03.130+0000] {processor.py:830} INFO - Processing file /home/airflow/.local/lib/python3.12/site-packages/airflow/example_dags/example_latest_only.py for tasks to queue
[2026-05-08T15:58:03.132+0000] {logging_mixin.py:188} INFO - [2026-05-08T15:58:03.131+0000] {dagbag.py:545} INFO - Filling up the DagBag from /home/airflow/.local/lib/python3.12/site-packages/airflow/example_dags/example_latest_only.py
[2026-05-08T15:58:03.135+0000] {processor.py:840} INFO - DAG(s) 'latest_only' retrieved from /home/airflow/.local/lib/python3.12/site-packages/airflow/example_dags/example_latest_only.py
[2026-05-08T15:58:03.153+0000] {logging_mixin.py:188} INFO - [2026-05-08T15:58:03.152+0000] {dag.py:3089} INFO - Sync 1 DAGs
[2026-05-08T15:58:03.172+0000] {logging_mixin.py:188} INFO - [2026-05-08T15:58:03.172+0000] {dag.py:3947} INFO - Setting next_dagrun for latest_only to 2026-05-08 08:00:00+00:00, run_after=2026-05-08 12:00:00+00:00
[2026-05-08T15:58:03.189+0000] {processor.py:183} INFO - Processing /home/airflow/.local/lib/python3.12/site-packages/airflow/example_dags/example_latest_only.py took 0.064 seconds
[2026-05-08T15:58:33.334+0000] {processor.py:161} INFO - Started process (PID=1105) to work on /home/airflow/.local/lib/python3.12/site-packages/airflow/example_dags/example_latest_only.py
[2026-05-08T15:58:33.335+0000] {processor.py:830} INFO - Processing file /home/airflow/.local/lib/python3.12/site-packages/airflow/example_dags/example_latest_only.py for tasks to queue
[2026-05-08T15:58:33.336+0000] {logging_mixin.py:188} INFO - [2026-05-08T15:58:33.336+0000] {dagbag.py:545} INFO - Filling up the DagBag from /home/airflow/.local/lib/python3.12/site-packages/airflow/example_dags/example_latest_only.py
[2026-05-08T15:58:33.342+0000] {processor.py:840} INFO - DAG(s) 'latest_only' retrieved from /home/airflow/.local/lib/python3.12/site-packages/airflow/example_dags/example_latest_only.py
[2026-05-08T15:58:33.357+0000] {logging_mixin.py:188} INFO - [2026-05-08T15:58:33.356+0000] {dag.py:3089} INFO - Sync 1 DAGs
[2026-05-08T15:58:33.377+0000] {logging_mixin.py:188} INFO - [2026-05-08T15:58:33.377+0000] {dag.py:3947} INFO - Setting next_dagrun for latest_only to 2026-05-08 08:00:00+00:00, run_after=2026-05-08 12:00:00+00:00
[2026-05-08T15:58:33.393+0000] {processor.py:183} INFO - Processing /home/airflow/.local/lib/python3.12/site-packages/airflow/example_dags/example_latest_only.py took 0.064 seconds
[2026-05-08T15:59:03.576+0000] {processor.py:161} INFO - Started process (PID=1163) to work on /home/airflow/.local/lib/python3.12/site-packages/airflow/example_dags/example_latest_only.py
[2026-05-08T15:59:03.577+0000] {processor.py:830} INFO - Processing file /home/airflow/.local/lib/python3.12/site-packages/airflow/example_dags/example_latest_only.py for tasks to queue
[2026-05-08T15:59:03.578+0000] {logging_mixin.py:188} INFO - [2026-05-08T15:59:03.578+0000] {dagbag.py:545} INFO - Filling up the DagBag from /home/airflow/.local/lib/python3.12/site-packages/airflow/example_dags/example_latest_only.py
[2026-05-08T15:59:03.582+0000] {processor.py:840} INFO - DAG(s) 'latest_only' retrieved from /home/airflow/.local/lib/python3.12/site-packages/airflow/example_dags/example_latest_only.py
[2026-05-08T15:59:03.597+0000] {logging_mixin.py:188} INFO - [2026-05-08T15:59:03.597+0000] {dag.py:3089} INFO - Sync 1 DAGs
[2026-05-08T15:59:03.617+0000] {logging_mixin.py:188} INFO - [2026-05-08T15:59:03.617+0000] {dag.py:3947} INFO - Setting next_dagrun for latest_only to 2026-05-08 08:00:00+00:00, run_after=2026-05-08 12:00:00+00:00
[2026-05-08T15:59:03.633+0000] {processor.py:183} INFO - Processing /home/airflow/.local/lib/python3.12/site-packages/airflow/example_dags/example_latest_only.py took 0.062 seconds
