[2026-05-08T15:39:27.708+0000] {processor.py:161} INFO - Started process (PID=83) to work on /home/airflow/.local/lib/python3.12/site-packages/airflow/example_dags/example_short_circuit_decorator.py
[2026-05-08T15:39:27.709+0000] {processor.py:830} INFO - Processing file /home/airflow/.local/lib/python3.12/site-packages/airflow/example_dags/example_short_circuit_decorator.py for tasks to queue
[2026-05-08T15:39:27.710+0000] {logging_mixin.py:188} INFO - [2026-05-08T15:39:27.710+0000] {dagbag.py:545} INFO - Filling up the DagBag from /home/airflow/.local/lib/python3.12/site-packages/airflow/example_dags/example_short_circuit_decorator.py
[2026-05-08T15:39:27.718+0000] {processor.py:840} INFO - DAG(s) 'example_short_circuit_decorator' retrieved from /home/airflow/.local/lib/python3.12/site-packages/airflow/example_dags/example_short_circuit_decorator.py
[2026-05-08T15:39:27.737+0000] {logging_mixin.py:188} INFO - [2026-05-08T15:39:27.737+0000] {dag.py:3089} INFO - Sync 1 DAGs
[2026-05-08T15:39:27.756+0000] {logging_mixin.py:188} INFO - [2026-05-08T15:39:27.755+0000] {dag.py:3947} INFO - Setting next_dagrun for example_short_circuit_decorator to 2026-05-07 00:00:00+00:00, run_after=2026-05-08 00:00:00+00:00
[2026-05-08T15:39:27.771+0000] {processor.py:183} INFO - Processing /home/airflow/.local/lib/python3.12/site-packages/airflow/example_dags/example_short_circuit_decorator.py took 0.067 seconds
[2026-05-08T15:39:57.839+0000] {processor.py:161} INFO - Started process (PID=141) to work on /home/airflow/.local/lib/python3.12/site-packages/airflow/example_dags/example_short_circuit_decorator.py
[2026-05-08T15:39:57.840+0000] {processor.py:830} INFO - Processing file /home/airflow/.local/lib/python3.12/site-packages/airflow/example_dags/example_short_circuit_decorator.py for tasks to queue
[2026-05-08T15:39:57.841+0000] {logging_mixin.py:188} INFO - [2026-05-08T15:39:57.841+0000] {dagbag.py:545} INFO - Filling up the DagBag from /home/airflow/.local/lib/python3.12/site-packages/airflow/example_dags/example_short_circuit_decorator.py
[2026-05-08T15:39:57.849+0000] {processor.py:840} INFO - DAG(s) 'example_short_circuit_decorator' retrieved from /home/airflow/.local/lib/python3.12/site-packages/airflow/example_dags/example_short_circuit_decorator.py
[2026-05-08T15:39:57.868+0000] {logging_mixin.py:188} INFO - [2026-05-08T15:39:57.867+0000] {dag.py:3089} INFO - Sync 1 DAGs
[2026-05-08T15:39:57.886+0000] {logging_mixin.py:188} INFO - [2026-05-08T15:39:57.886+0000] {dag.py:3947} INFO - Setting next_dagrun for example_short_circuit_decorator to 2026-05-07 00:00:00+00:00, run_after=2026-05-08 00:00:00+00:00
[2026-05-08T15:39:57.916+0000] {processor.py:183} INFO - Processing /home/airflow/.local/lib/python3.12/site-packages/airflow/example_dags/example_short_circuit_decorator.py took 0.082 seconds
[2026-05-08T15:40:28.428+0000] {processor.py:161} INFO - Started process (PID=198) to work on /home/airflow/.local/lib/python3.12/site-packages/airflow/example_dags/example_short_circuit_decorator.py
[2026-05-08T15:40:28.429+0000] {processor.py:830} INFO - Processing file /home/airflow/.local/lib/python3.12/site-packages/airflow/example_dags/example_short_circuit_decorator.py for tasks to queue
[2026-05-08T15:40:28.430+0000] {logging_mixin.py:188} INFO - [2026-05-08T15:40:28.430+0000] {dagbag.py:545} INFO - Filling up the DagBag from /home/airflow/.local/lib/python3.12/site-packages/airflow/example_dags/example_short_circuit_decorator.py
[2026-05-08T15:40:28.443+0000] {processor.py:840} INFO - DAG(s) 'example_short_circuit_decorator' retrieved from /home/airflow/.local/lib/python3.12/site-packages/airflow/example_dags/example_short_circuit_decorator.py
[2026-05-08T15:40:28.485+0000] {logging_mixin.py:188} INFO - [2026-05-08T15:40:28.485+0000] {dag.py:3089} INFO - Sync 1 DAGs
[2026-05-08T15:40:28.506+0000] {logging_mixin.py:188} INFO - [2026-05-08T15:40:28.506+0000] {dag.py:3947} INFO - Setting next_dagrun for example_short_circuit_decorator to 2026-05-07 00:00:00+00:00, run_after=2026-05-08 00:00:00+00:00
[2026-05-08T15:40:28.527+0000] {processor.py:183} INFO - Processing /home/airflow/.local/lib/python3.12/site-packages/airflow/example_dags/example_short_circuit_decorator.py took 0.104 seconds
[2026-05-08T15:40:59.610+0000] {processor.py:161} INFO - Started process (PID=257) to work on /home/airflow/.local/lib/python3.12/site-packages/airflow/example_dags/example_short_circuit_decorator.py
[2026-05-08T15:40:59.611+0000] {processor.py:830} INFO - Processing file /home/airflow/.local/lib/python3.12/site-packages/airflow/example_dags/example_short_circuit_decorator.py for tasks to queue
[2026-05-08T15:40:59.612+0000] {logging_mixin.py:188} INFO - [2026-05-08T15:40:59.612+0000] {dagbag.py:545} INFO - Filling up the DagBag from /home/airflow/.local/lib/python3.12/site-packages/airflow/example_dags/example_short_circuit_decorator.py
[2026-05-08T15:40:59.620+0000] {processor.py:840} INFO - DAG(s) 'example_short_circuit_decorator' retrieved from /home/airflow/.local/lib/python3.12/site-packages/airflow/example_dags/example_short_circuit_decorator.py
[2026-05-08T15:40:59.639+0000] {logging_mixin.py:188} INFO - [2026-05-08T15:40:59.639+0000] {dag.py:3089} INFO - Sync 1 DAGs
[2026-05-08T15:40:59.658+0000] {logging_mixin.py:188} INFO - [2026-05-08T15:40:59.658+0000] {dag.py:3947} INFO - Setting next_dagrun for example_short_circuit_decorator to 2026-05-07 00:00:00+00:00, run_after=2026-05-08 00:00:00+00:00
[2026-05-08T15:40:59.674+0000] {processor.py:183} INFO - Processing /home/airflow/.local/lib/python3.12/site-packages/airflow/example_dags/example_short_circuit_decorator.py took 0.069 seconds
[2026-05-08T15:41:29.957+0000] {processor.py:161} INFO - Started process (PID=315) to work on /home/airflow/.local/lib/python3.12/site-packages/airflow/example_dags/example_short_circuit_decorator.py
[2026-05-08T15:41:29.957+0000] {processor.py:830} INFO - Processing file /home/airflow/.local/lib/python3.12/site-packages/airflow/example_dags/example_short_circuit_decorator.py for tasks to queue
[2026-05-08T15:41:29.959+0000] {logging_mixin.py:188} INFO - [2026-05-08T15:41:29.958+0000] {dagbag.py:545} INFO - Filling up the DagBag from /home/airflow/.local/lib/python3.12/site-packages/airflow/example_dags/example_short_circuit_decorator.py
[2026-05-08T15:41:29.966+0000] {processor.py:840} INFO - DAG(s) 'example_short_circuit_decorator' retrieved from /home/airflow/.local/lib/python3.12/site-packages/airflow/example_dags/example_short_circuit_decorator.py
[2026-05-08T15:41:29.985+0000] {logging_mixin.py:188} INFO - [2026-05-08T15:41:29.985+0000] {dag.py:3089} INFO - Sync 1 DAGs
[2026-05-08T15:41:30.004+0000] {logging_mixin.py:188} INFO - [2026-05-08T15:41:30.004+0000] {dag.py:3947} INFO - Setting next_dagrun for example_short_circuit_decorator to 2026-05-07 00:00:00+00:00, run_after=2026-05-08 00:00:00+00:00
[2026-05-08T15:41:30.019+0000] {processor.py:183} INFO - Processing /home/airflow/.local/lib/python3.12/site-packages/airflow/example_dags/example_short_circuit_decorator.py took 0.068 seconds
[2026-05-08T15:42:00.367+0000] {processor.py:161} INFO - Started process (PID=372) to work on /home/airflow/.local/lib/python3.12/site-packages/airflow/example_dags/example_short_circuit_decorator.py
[2026-05-08T15:42:00.368+0000] {processor.py:830} INFO - Processing file /home/airflow/.local/lib/python3.12/site-packages/airflow/example_dags/example_short_circuit_decorator.py for tasks to queue
[2026-05-08T15:42:00.369+0000] {logging_mixin.py:188} INFO - [2026-05-08T15:42:00.369+0000] {dagbag.py:545} INFO - Filling up the DagBag from /home/airflow/.local/lib/python3.12/site-packages/airflow/example_dags/example_short_circuit_decorator.py
[2026-05-08T15:42:00.377+0000] {processor.py:840} INFO - DAG(s) 'example_short_circuit_decorator' retrieved from /home/airflow/.local/lib/python3.12/site-packages/airflow/example_dags/example_short_circuit_decorator.py
[2026-05-08T15:42:00.397+0000] {logging_mixin.py:188} INFO - [2026-05-08T15:42:00.397+0000] {dag.py:3089} INFO - Sync 1 DAGs
[2026-05-08T15:42:00.418+0000] {logging_mixin.py:188} INFO - [2026-05-08T15:42:00.418+0000] {dag.py:3947} INFO - Setting next_dagrun for example_short_circuit_decorator to 2026-05-07 00:00:00+00:00, run_after=2026-05-08 00:00:00+00:00
[2026-05-08T15:42:00.434+0000] {processor.py:183} INFO - Processing /home/airflow/.local/lib/python3.12/site-packages/airflow/example_dags/example_short_circuit_decorator.py took 0.072 seconds
[2026-05-08T15:42:30.890+0000] {processor.py:161} INFO - Started process (PID=430) to work on /home/airflow/.local/lib/python3.12/site-packages/airflow/example_dags/example_short_circuit_decorator.py
[2026-05-08T15:42:30.891+0000] {processor.py:830} INFO - Processing file /home/airflow/.local/lib/python3.12/site-packages/airflow/example_dags/example_short_circuit_decorator.py for tasks to queue
[2026-05-08T15:42:30.893+0000] {logging_mixin.py:188} INFO - [2026-05-08T15:42:30.892+0000] {dagbag.py:545} INFO - Filling up the DagBag from /home/airflow/.local/lib/python3.12/site-packages/airflow/example_dags/example_short_circuit_decorator.py
[2026-05-08T15:42:30.901+0000] {processor.py:840} INFO - DAG(s) 'example_short_circuit_decorator' retrieved from /home/airflow/.local/lib/python3.12/site-packages/airflow/example_dags/example_short_circuit_decorator.py
[2026-05-08T15:42:30.920+0000] {logging_mixin.py:188} INFO - [2026-05-08T15:42:30.920+0000] {dag.py:3089} INFO - Sync 1 DAGs
[2026-05-08T15:42:30.939+0000] {logging_mixin.py:188} INFO - [2026-05-08T15:42:30.938+0000] {dag.py:3947} INFO - Setting next_dagrun for example_short_circuit_decorator to 2026-05-07 00:00:00+00:00, run_after=2026-05-08 00:00:00+00:00
[2026-05-08T15:42:30.958+0000] {processor.py:183} INFO - Processing /home/airflow/.local/lib/python3.12/site-packages/airflow/example_dags/example_short_circuit_decorator.py took 0.073 seconds
[2026-05-08T15:43:01.415+0000] {processor.py:161} INFO - Started process (PID=488) to work on /home/airflow/.local/lib/python3.12/site-packages/airflow/example_dags/example_short_circuit_decorator.py
[2026-05-08T15:43:01.415+0000] {processor.py:830} INFO - Processing file /home/airflow/.local/lib/python3.12/site-packages/airflow/example_dags/example_short_circuit_decorator.py for tasks to queue
[2026-05-08T15:43:01.417+0000] {logging_mixin.py:188} INFO - [2026-05-08T15:43:01.417+0000] {dagbag.py:545} INFO - Filling up the DagBag from /home/airflow/.local/lib/python3.12/site-packages/airflow/example_dags/example_short_circuit_decorator.py
[2026-05-08T15:43:01.424+0000] {processor.py:840} INFO - DAG(s) 'example_short_circuit_decorator' retrieved from /home/airflow/.local/lib/python3.12/site-packages/airflow/example_dags/example_short_circuit_decorator.py
[2026-05-08T15:43:01.444+0000] {logging_mixin.py:188} INFO - [2026-05-08T15:43:01.443+0000] {dag.py:3089} INFO - Sync 1 DAGs
[2026-05-08T15:43:01.463+0000] {logging_mixin.py:188} INFO - [2026-05-08T15:43:01.463+0000] {dag.py:3947} INFO - Setting next_dagrun for example_short_circuit_decorator to 2026-05-07 00:00:00+00:00, run_after=2026-05-08 00:00:00+00:00
[2026-05-08T15:43:01.483+0000] {processor.py:183} INFO - Processing /home/airflow/.local/lib/python3.12/site-packages/airflow/example_dags/example_short_circuit_decorator.py took 0.073 seconds
[2026-05-08T15:43:31.850+0000] {processor.py:161} INFO - Started process (PID=546) to work on /home/airflow/.local/lib/python3.12/site-packages/airflow/example_dags/example_short_circuit_decorator.py
[2026-05-08T15:43:31.855+0000] {processor.py:830} INFO - Processing file /home/airflow/.local/lib/python3.12/site-packages/airflow/example_dags/example_short_circuit_decorator.py for tasks to queue
[2026-05-08T15:43:31.856+0000] {logging_mixin.py:188} INFO - [2026-05-08T15:43:31.856+0000] {dagbag.py:545} INFO - Filling up the DagBag from /home/airflow/.local/lib/python3.12/site-packages/airflow/example_dags/example_short_circuit_decorator.py
[2026-05-08T15:43:31.864+0000] {processor.py:840} INFO - DAG(s) 'example_short_circuit_decorator' retrieved from /home/airflow/.local/lib/python3.12/site-packages/airflow/example_dags/example_short_circuit_decorator.py
[2026-05-08T15:43:31.883+0000] {logging_mixin.py:188} INFO - [2026-05-08T15:43:31.882+0000] {dag.py:3089} INFO - Sync 1 DAGs
[2026-05-08T15:43:31.902+0000] {logging_mixin.py:188} INFO - [2026-05-08T15:43:31.902+0000] {dag.py:3947} INFO - Setting next_dagrun for example_short_circuit_decorator to 2026-05-07 00:00:00+00:00, run_after=2026-05-08 00:00:00+00:00
[2026-05-08T15:43:31.922+0000] {processor.py:183} INFO - Processing /home/airflow/.local/lib/python3.12/site-packages/airflow/example_dags/example_short_circuit_decorator.py took 0.076 seconds
[2026-05-08T15:44:02.281+0000] {processor.py:161} INFO - Started process (PID=604) to work on /home/airflow/.local/lib/python3.12/site-packages/airflow/example_dags/example_short_circuit_decorator.py
[2026-05-08T15:44:02.282+0000] {processor.py:830} INFO - Processing file /home/airflow/.local/lib/python3.12/site-packages/airflow/example_dags/example_short_circuit_decorator.py for tasks to queue
[2026-05-08T15:44:02.283+0000] {logging_mixin.py:188} INFO - [2026-05-08T15:44:02.283+0000] {dagbag.py:545} INFO - Filling up the DagBag from /home/airflow/.local/lib/python3.12/site-packages/airflow/example_dags/example_short_circuit_decorator.py
[2026-05-08T15:44:02.291+0000] {processor.py:840} INFO - DAG(s) 'example_short_circuit_decorator' retrieved from /home/airflow/.local/lib/python3.12/site-packages/airflow/example_dags/example_short_circuit_decorator.py
[2026-05-08T15:44:02.311+0000] {logging_mixin.py:188} INFO - [2026-05-08T15:44:02.311+0000] {dag.py:3089} INFO - Sync 1 DAGs
[2026-05-08T15:44:02.330+0000] {logging_mixin.py:188} INFO - [2026-05-08T15:44:02.330+0000] {dag.py:3947} INFO - Setting next_dagrun for example_short_circuit_decorator to 2026-05-07 00:00:00+00:00, run_after=2026-05-08 00:00:00+00:00
[2026-05-08T15:44:02.346+0000] {processor.py:183} INFO - Processing /home/airflow/.local/lib/python3.12/site-packages/airflow/example_dags/example_short_circuit_decorator.py took 0.069 seconds
[2026-05-08T15:44:32.843+0000] {processor.py:161} INFO - Started process (PID=662) to work on /home/airflow/.local/lib/python3.12/site-packages/airflow/example_dags/example_short_circuit_decorator.py
[2026-05-08T15:44:32.845+0000] {processor.py:830} INFO - Processing file /home/airflow/.local/lib/python3.12/site-packages/airflow/example_dags/example_short_circuit_decorator.py for tasks to queue
[2026-05-08T15:44:32.846+0000] {logging_mixin.py:188} INFO - [2026-05-08T15:44:32.846+0000] {dagbag.py:545} INFO - Filling up the DagBag from /home/airflow/.local/lib/python3.12/site-packages/airflow/example_dags/example_short_circuit_decorator.py
[2026-05-08T15:44:32.854+0000] {processor.py:840} INFO - DAG(s) 'example_short_circuit_decorator' retrieved from /home/airflow/.local/lib/python3.12/site-packages/airflow/example_dags/example_short_circuit_decorator.py
[2026-05-08T15:44:32.873+0000] {logging_mixin.py:188} INFO - [2026-05-08T15:44:32.873+0000] {dag.py:3089} INFO - Sync 1 DAGs
[2026-05-08T15:44:32.892+0000] {logging_mixin.py:188} INFO - [2026-05-08T15:44:32.892+0000] {dag.py:3947} INFO - Setting next_dagrun for example_short_circuit_decorator to 2026-05-07 00:00:00+00:00, run_after=2026-05-08 00:00:00+00:00
[2026-05-08T15:44:32.909+0000] {processor.py:183} INFO - Processing /home/airflow/.local/lib/python3.12/site-packages/airflow/example_dags/example_short_circuit_decorator.py took 0.070 seconds
[2026-05-08T15:45:03.454+0000] {processor.py:161} INFO - Started process (PID=720) to work on /home/airflow/.local/lib/python3.12/site-packages/airflow/example_dags/example_short_circuit_decorator.py
[2026-05-08T15:45:03.455+0000] {processor.py:830} INFO - Processing file /home/airflow/.local/lib/python3.12/site-packages/airflow/example_dags/example_short_circuit_decorator.py for tasks to queue
[2026-05-08T15:45:03.456+0000] {logging_mixin.py:188} INFO - [2026-05-08T15:45:03.456+0000] {dagbag.py:545} INFO - Filling up the DagBag from /home/airflow/.local/lib/python3.12/site-packages/airflow/example_dags/example_short_circuit_decorator.py
[2026-05-08T15:45:03.464+0000] {processor.py:840} INFO - DAG(s) 'example_short_circuit_decorator' retrieved from /home/airflow/.local/lib/python3.12/site-packages/airflow/example_dags/example_short_circuit_decorator.py
[2026-05-08T15:45:03.483+0000] {logging_mixin.py:188} INFO - [2026-05-08T15:45:03.482+0000] {dag.py:3089} INFO - Sync 1 DAGs
[2026-05-08T15:45:03.501+0000] {logging_mixin.py:188} INFO - [2026-05-08T15:45:03.501+0000] {dag.py:3947} INFO - Setting next_dagrun for example_short_circuit_decorator to 2026-05-07 00:00:00+00:00, run_after=2026-05-08 00:00:00+00:00
[2026-05-08T15:45:03.523+0000] {processor.py:183} INFO - Processing /home/airflow/.local/lib/python3.12/site-packages/airflow/example_dags/example_short_circuit_decorator.py took 0.074 seconds
[2026-05-08T15:45:34.137+0000] {processor.py:161} INFO - Started process (PID=778) to work on /home/airflow/.local/lib/python3.12/site-packages/airflow/example_dags/example_short_circuit_decorator.py
[2026-05-08T15:45:34.140+0000] {processor.py:830} INFO - Processing file /home/airflow/.local/lib/python3.12/site-packages/airflow/example_dags/example_short_circuit_decorator.py for tasks to queue
[2026-05-08T15:45:34.142+0000] {logging_mixin.py:188} INFO - [2026-05-08T15:45:34.141+0000] {dagbag.py:545} INFO - Filling up the DagBag from /home/airflow/.local/lib/python3.12/site-packages/airflow/example_dags/example_short_circuit_decorator.py
[2026-05-08T15:45:34.149+0000] {processor.py:840} INFO - DAG(s) 'example_short_circuit_decorator' retrieved from /home/airflow/.local/lib/python3.12/site-packages/airflow/example_dags/example_short_circuit_decorator.py
[2026-05-08T15:45:34.168+0000] {logging_mixin.py:188} INFO - [2026-05-08T15:45:34.168+0000] {dag.py:3089} INFO - Sync 1 DAGs
[2026-05-08T15:45:34.187+0000] {logging_mixin.py:188} INFO - [2026-05-08T15:45:34.187+0000] {dag.py:3947} INFO - Setting next_dagrun for example_short_circuit_decorator to 2026-05-07 00:00:00+00:00, run_after=2026-05-08 00:00:00+00:00
[2026-05-08T15:45:34.208+0000] {processor.py:183} INFO - Processing /home/airflow/.local/lib/python3.12/site-packages/airflow/example_dags/example_short_circuit_decorator.py took 0.075 seconds
[2026-05-08T15:46:04.661+0000] {processor.py:161} INFO - Started process (PID=836) to work on /home/airflow/.local/lib/python3.12/site-packages/airflow/example_dags/example_short_circuit_decorator.py
[2026-05-08T15:46:04.662+0000] {processor.py:830} INFO - Processing file /home/airflow/.local/lib/python3.12/site-packages/airflow/example_dags/example_short_circuit_decorator.py for tasks to queue
[2026-05-08T15:46:04.663+0000] {logging_mixin.py:188} INFO - [2026-05-08T15:46:04.663+0000] {dagbag.py:545} INFO - Filling up the DagBag from /home/airflow/.local/lib/python3.12/site-packages/airflow/example_dags/example_short_circuit_decorator.py
[2026-05-08T15:46:04.670+0000] {processor.py:840} INFO - DAG(s) 'example_short_circuit_decorator' retrieved from /home/airflow/.local/lib/python3.12/site-packages/airflow/example_dags/example_short_circuit_decorator.py
[2026-05-08T15:46:04.689+0000] {logging_mixin.py:188} INFO - [2026-05-08T15:46:04.689+0000] {dag.py:3089} INFO - Sync 1 DAGs
[2026-05-08T15:46:04.708+0000] {logging_mixin.py:188} INFO - [2026-05-08T15:46:04.708+0000] {dag.py:3947} INFO - Setting next_dagrun for example_short_circuit_decorator to 2026-05-07 00:00:00+00:00, run_after=2026-05-08 00:00:00+00:00
[2026-05-08T15:46:04.726+0000] {processor.py:183} INFO - Processing /home/airflow/.local/lib/python3.12/site-packages/airflow/example_dags/example_short_circuit_decorator.py took 0.070 seconds
[2026-05-08T15:46:35.334+0000] {processor.py:161} INFO - Started process (PID=893) to work on /home/airflow/.local/lib/python3.12/site-packages/airflow/example_dags/example_short_circuit_decorator.py
[2026-05-08T15:46:35.336+0000] {processor.py:830} INFO - Processing file /home/airflow/.local/lib/python3.12/site-packages/airflow/example_dags/example_short_circuit_decorator.py for tasks to queue
[2026-05-08T15:46:35.337+0000] {logging_mixin.py:188} INFO - [2026-05-08T15:46:35.337+0000] {dagbag.py:545} INFO - Filling up the DagBag from /home/airflow/.local/lib/python3.12/site-packages/airflow/example_dags/example_short_circuit_decorator.py
[2026-05-08T15:46:35.344+0000] {processor.py:840} INFO - DAG(s) 'example_short_circuit_decorator' retrieved from /home/airflow/.local/lib/python3.12/site-packages/airflow/example_dags/example_short_circuit_decorator.py
[2026-05-08T15:46:35.362+0000] {logging_mixin.py:188} INFO - [2026-05-08T15:46:35.362+0000] {dag.py:3089} INFO - Sync 1 DAGs
[2026-05-08T15:46:35.380+0000] {logging_mixin.py:188} INFO - [2026-05-08T15:46:35.380+0000] {dag.py:3947} INFO - Setting next_dagrun for example_short_circuit_decorator to 2026-05-07 00:00:00+00:00, run_after=2026-05-08 00:00:00+00:00
[2026-05-08T15:46:35.395+0000] {processor.py:183} INFO - Processing /home/airflow/.local/lib/python3.12/site-packages/airflow/example_dags/example_short_circuit_decorator.py took 0.066 seconds
[2026-05-08T15:47:05.999+0000] {processor.py:161} INFO - Started process (PID=951) to work on /home/airflow/.local/lib/python3.12/site-packages/airflow/example_dags/example_short_circuit_decorator.py
[2026-05-08T15:47:06.000+0000] {processor.py:830} INFO - Processing file /home/airflow/.local/lib/python3.12/site-packages/airflow/example_dags/example_short_circuit_decorator.py for tasks to queue
[2026-05-08T15:47:06.001+0000] {logging_mixin.py:188} INFO - [2026-05-08T15:47:06.001+0000] {dagbag.py:545} INFO - Filling up the DagBag from /home/airflow/.local/lib/python3.12/site-packages/airflow/example_dags/example_short_circuit_decorator.py
[2026-05-08T15:47:06.009+0000] {processor.py:840} INFO - DAG(s) 'example_short_circuit_decorator' retrieved from /home/airflow/.local/lib/python3.12/site-packages/airflow/example_dags/example_short_circuit_decorator.py
[2026-05-08T15:47:06.030+0000] {logging_mixin.py:188} INFO - [2026-05-08T15:47:06.029+0000] {dag.py:3089} INFO - Sync 1 DAGs
[2026-05-08T15:47:06.050+0000] {logging_mixin.py:188} INFO - [2026-05-08T15:47:06.049+0000] {dag.py:3947} INFO - Setting next_dagrun for example_short_circuit_decorator to 2026-05-07 00:00:00+00:00, run_after=2026-05-08 00:00:00+00:00
[2026-05-08T15:47:06.066+0000] {processor.py:183} INFO - Processing /home/airflow/.local/lib/python3.12/site-packages/airflow/example_dags/example_short_circuit_decorator.py took 0.071 seconds
[2026-05-08T15:47:36.096+0000] {processor.py:161} INFO - Started process (PID=1009) to work on /home/airflow/.local/lib/python3.12/site-packages/airflow/example_dags/example_short_circuit_decorator.py
[2026-05-08T15:47:36.097+0000] {processor.py:830} INFO - Processing file /home/airflow/.local/lib/python3.12/site-packages/airflow/example_dags/example_short_circuit_decorator.py for tasks to queue
[2026-05-08T15:47:36.098+0000] {logging_mixin.py:188} INFO - [2026-05-08T15:47:36.098+0000] {dagbag.py:545} INFO - Filling up the DagBag from /home/airflow/.local/lib/python3.12/site-packages/airflow/example_dags/example_short_circuit_decorator.py
[2026-05-08T15:47:36.106+0000] {processor.py:840} INFO - DAG(s) 'example_short_circuit_decorator' retrieved from /home/airflow/.local/lib/python3.12/site-packages/airflow/example_dags/example_short_circuit_decorator.py
[2026-05-08T15:47:36.125+0000] {logging_mixin.py:188} INFO - [2026-05-08T15:47:36.125+0000] {dag.py:3089} INFO - Sync 1 DAGs
[2026-05-08T15:47:36.144+0000] {logging_mixin.py:188} INFO - [2026-05-08T15:47:36.144+0000] {dag.py:3947} INFO - Setting next_dagrun for example_short_circuit_decorator to 2026-05-07 00:00:00+00:00, run_after=2026-05-08 00:00:00+00:00
[2026-05-08T15:47:36.160+0000] {processor.py:183} INFO - Processing /home/airflow/.local/lib/python3.12/site-packages/airflow/example_dags/example_short_circuit_decorator.py took 0.068 seconds
[2026-05-08T15:48:07.154+0000] {processor.py:161} INFO - Started process (PID=1068) to work on /home/airflow/.local/lib/python3.12/site-packages/airflow/example_dags/example_short_circuit_decorator.py
[2026-05-08T15:48:07.155+0000] {processor.py:830} INFO - Processing file /home/airflow/.local/lib/python3.12/site-packages/airflow/example_dags/example_short_circuit_decorator.py for tasks to queue
[2026-05-08T15:48:07.157+0000] {logging_mixin.py:188} INFO - [2026-05-08T15:48:07.156+0000] {dagbag.py:545} INFO - Filling up the DagBag from /home/airflow/.local/lib/python3.12/site-packages/airflow/example_dags/example_short_circuit_decorator.py
[2026-05-08T15:48:07.166+0000] {processor.py:840} INFO - DAG(s) 'example_short_circuit_decorator' retrieved from /home/airflow/.local/lib/python3.12/site-packages/airflow/example_dags/example_short_circuit_decorator.py
[2026-05-08T15:48:07.187+0000] {logging_mixin.py:188} INFO - [2026-05-08T15:48:07.187+0000] {dag.py:3089} INFO - Sync 1 DAGs
[2026-05-08T15:48:07.210+0000] {logging_mixin.py:188} INFO - [2026-05-08T15:48:07.209+0000] {dag.py:3947} INFO - Setting next_dagrun for example_short_circuit_decorator to 2026-05-07 00:00:00+00:00, run_after=2026-05-08 00:00:00+00:00
[2026-05-08T15:48:07.227+0000] {processor.py:183} INFO - Processing /home/airflow/.local/lib/python3.12/site-packages/airflow/example_dags/example_short_circuit_decorator.py took 0.080 seconds
[2026-05-08T15:48:38.473+0000] {processor.py:161} INFO - Started process (PID=1126) to work on /home/airflow/.local/lib/python3.12/site-packages/airflow/example_dags/example_short_circuit_decorator.py
[2026-05-08T15:48:38.492+0000] {processor.py:830} INFO - Processing file /home/airflow/.local/lib/python3.12/site-packages/airflow/example_dags/example_short_circuit_decorator.py for tasks to queue
[2026-05-08T15:48:38.497+0000] {logging_mixin.py:188} INFO - [2026-05-08T15:48:38.496+0000] {dagbag.py:545} INFO - Filling up the DagBag from /home/airflow/.local/lib/python3.12/site-packages/airflow/example_dags/example_short_circuit_decorator.py
[2026-05-08T15:48:38.529+0000] {processor.py:840} INFO - DAG(s) 'example_short_circuit_decorator' retrieved from /home/airflow/.local/lib/python3.12/site-packages/airflow/example_dags/example_short_circuit_decorator.py
[2026-05-08T15:48:38.556+0000] {logging_mixin.py:188} INFO - [2026-05-08T15:48:38.556+0000] {dag.py:3089} INFO - Sync 1 DAGs
[2026-05-08T15:48:38.576+0000] {logging_mixin.py:188} INFO - [2026-05-08T15:48:38.576+0000] {dag.py:3947} INFO - Setting next_dagrun for example_short_circuit_decorator to 2026-05-07 00:00:00+00:00, run_after=2026-05-08 00:00:00+00:00
[2026-05-08T15:48:38.593+0000] {processor.py:183} INFO - Processing /home/airflow/.local/lib/python3.12/site-packages/airflow/example_dags/example_short_circuit_decorator.py took 0.125 seconds
[2026-05-08T15:49:27.773+0000] {processor.py:161} INFO - Started process (PID=77) to work on /home/airflow/.local/lib/python3.12/site-packages/airflow/example_dags/example_short_circuit_decorator.py
[2026-05-08T15:49:27.774+0000] {processor.py:830} INFO - Processing file /home/airflow/.local/lib/python3.12/site-packages/airflow/example_dags/example_short_circuit_decorator.py for tasks to queue
[2026-05-08T15:49:27.775+0000] {logging_mixin.py:188} INFO - [2026-05-08T15:49:27.775+0000] {dagbag.py:545} INFO - Filling up the DagBag from /home/airflow/.local/lib/python3.12/site-packages/airflow/example_dags/example_short_circuit_decorator.py
[2026-05-08T15:49:27.785+0000] {processor.py:840} INFO - DAG(s) 'example_short_circuit_decorator' retrieved from /home/airflow/.local/lib/python3.12/site-packages/airflow/example_dags/example_short_circuit_decorator.py
[2026-05-08T15:49:27.803+0000] {logging_mixin.py:188} INFO - [2026-05-08T15:49:27.803+0000] {dag.py:3089} INFO - Sync 1 DAGs
[2026-05-08T15:49:27.821+0000] {logging_mixin.py:188} INFO - [2026-05-08T15:49:27.821+0000] {dag.py:3947} INFO - Setting next_dagrun for example_short_circuit_decorator to 2026-05-07 00:00:00+00:00, run_after=2026-05-08 00:00:00+00:00
[2026-05-08T15:49:27.836+0000] {processor.py:183} INFO - Processing /home/airflow/.local/lib/python3.12/site-packages/airflow/example_dags/example_short_circuit_decorator.py took 0.068 seconds
[2026-05-08T15:49:57.938+0000] {processor.py:161} INFO - Started process (PID=135) to work on /home/airflow/.local/lib/python3.12/site-packages/airflow/example_dags/example_short_circuit_decorator.py
[2026-05-08T15:49:57.938+0000] {processor.py:830} INFO - Processing file /home/airflow/.local/lib/python3.12/site-packages/airflow/example_dags/example_short_circuit_decorator.py for tasks to queue
[2026-05-08T15:49:57.940+0000] {logging_mixin.py:188} INFO - [2026-05-08T15:49:57.939+0000] {dagbag.py:545} INFO - Filling up the DagBag from /home/airflow/.local/lib/python3.12/site-packages/airflow/example_dags/example_short_circuit_decorator.py
[2026-05-08T15:49:57.949+0000] {processor.py:840} INFO - DAG(s) 'example_short_circuit_decorator' retrieved from /home/airflow/.local/lib/python3.12/site-packages/airflow/example_dags/example_short_circuit_decorator.py
[2026-05-08T15:49:57.968+0000] {logging_mixin.py:188} INFO - [2026-05-08T15:49:57.967+0000] {dag.py:3089} INFO - Sync 1 DAGs
[2026-05-08T15:49:57.985+0000] {logging_mixin.py:188} INFO - [2026-05-08T15:49:57.985+0000] {dag.py:3947} INFO - Setting next_dagrun for example_short_circuit_decorator to 2026-05-07 00:00:00+00:00, run_after=2026-05-08 00:00:00+00:00
[2026-05-08T15:49:58.000+0000] {processor.py:183} INFO - Processing /home/airflow/.local/lib/python3.12/site-packages/airflow/example_dags/example_short_circuit_decorator.py took 0.067 seconds
[2026-05-08T15:50:28.730+0000] {processor.py:161} INFO - Started process (PID=193) to work on /home/airflow/.local/lib/python3.12/site-packages/airflow/example_dags/example_short_circuit_decorator.py
[2026-05-08T15:50:28.731+0000] {processor.py:830} INFO - Processing file /home/airflow/.local/lib/python3.12/site-packages/airflow/example_dags/example_short_circuit_decorator.py for tasks to queue
[2026-05-08T15:50:28.732+0000] {logging_mixin.py:188} INFO - [2026-05-08T15:50:28.732+0000] {dagbag.py:545} INFO - Filling up the DagBag from /home/airflow/.local/lib/python3.12/site-packages/airflow/example_dags/example_short_circuit_decorator.py
[2026-05-08T15:50:28.740+0000] {processor.py:840} INFO - DAG(s) 'example_short_circuit_decorator' retrieved from /home/airflow/.local/lib/python3.12/site-packages/airflow/example_dags/example_short_circuit_decorator.py
[2026-05-08T15:50:28.758+0000] {logging_mixin.py:188} INFO - [2026-05-08T15:50:28.758+0000] {dag.py:3089} INFO - Sync 1 DAGs
[2026-05-08T15:50:28.776+0000] {logging_mixin.py:188} INFO - [2026-05-08T15:50:28.776+0000] {dag.py:3947} INFO - Setting next_dagrun for example_short_circuit_decorator to 2026-05-07 00:00:00+00:00, run_after=2026-05-08 00:00:00+00:00
[2026-05-08T15:50:28.790+0000] {processor.py:183} INFO - Processing /home/airflow/.local/lib/python3.12/site-packages/airflow/example_dags/example_short_circuit_decorator.py took 0.065 seconds
[2026-05-08T15:50:59.004+0000] {processor.py:161} INFO - Started process (PID=251) to work on /home/airflow/.local/lib/python3.12/site-packages/airflow/example_dags/example_short_circuit_decorator.py
[2026-05-08T15:50:59.004+0000] {processor.py:830} INFO - Processing file /home/airflow/.local/lib/python3.12/site-packages/airflow/example_dags/example_short_circuit_decorator.py for tasks to queue
[2026-05-08T15:50:59.006+0000] {logging_mixin.py:188} INFO - [2026-05-08T15:50:59.005+0000] {dagbag.py:545} INFO - Filling up the DagBag from /home/airflow/.local/lib/python3.12/site-packages/airflow/example_dags/example_short_circuit_decorator.py
[2026-05-08T15:50:59.013+0000] {processor.py:840} INFO - DAG(s) 'example_short_circuit_decorator' retrieved from /home/airflow/.local/lib/python3.12/site-packages/airflow/example_dags/example_short_circuit_decorator.py
[2026-05-08T15:50:59.031+0000] {logging_mixin.py:188} INFO - [2026-05-08T15:50:59.031+0000] {dag.py:3089} INFO - Sync 1 DAGs
[2026-05-08T15:50:59.050+0000] {logging_mixin.py:188} INFO - [2026-05-08T15:50:59.050+0000] {dag.py:3947} INFO - Setting next_dagrun for example_short_circuit_decorator to 2026-05-07 00:00:00+00:00, run_after=2026-05-08 00:00:00+00:00
[2026-05-08T15:50:59.065+0000] {processor.py:183} INFO - Processing /home/airflow/.local/lib/python3.12/site-packages/airflow/example_dags/example_short_circuit_decorator.py took 0.065 seconds
[2026-05-08T15:51:29.260+0000] {processor.py:161} INFO - Started process (PID=309) to work on /home/airflow/.local/lib/python3.12/site-packages/airflow/example_dags/example_short_circuit_decorator.py
[2026-05-08T15:51:29.261+0000] {processor.py:830} INFO - Processing file /home/airflow/.local/lib/python3.12/site-packages/airflow/example_dags/example_short_circuit_decorator.py for tasks to queue
[2026-05-08T15:51:29.262+0000] {logging_mixin.py:188} INFO - [2026-05-08T15:51:29.262+0000] {dagbag.py:545} INFO - Filling up the DagBag from /home/airflow/.local/lib/python3.12/site-packages/airflow/example_dags/example_short_circuit_decorator.py
[2026-05-08T15:51:29.270+0000] {processor.py:840} INFO - DAG(s) 'example_short_circuit_decorator' retrieved from /home/airflow/.local/lib/python3.12/site-packages/airflow/example_dags/example_short_circuit_decorator.py
[2026-05-08T15:51:29.288+0000] {logging_mixin.py:188} INFO - [2026-05-08T15:51:29.288+0000] {dag.py:3089} INFO - Sync 1 DAGs
[2026-05-08T15:51:29.305+0000] {logging_mixin.py:188} INFO - [2026-05-08T15:51:29.305+0000] {dag.py:3947} INFO - Setting next_dagrun for example_short_circuit_decorator to 2026-05-07 00:00:00+00:00, run_after=2026-05-08 00:00:00+00:00
[2026-05-08T15:51:29.320+0000] {processor.py:183} INFO - Processing /home/airflow/.local/lib/python3.12/site-packages/airflow/example_dags/example_short_circuit_decorator.py took 0.064 seconds
[2026-05-08T15:51:59.735+0000] {processor.py:161} INFO - Started process (PID=367) to work on /home/airflow/.local/lib/python3.12/site-packages/airflow/example_dags/example_short_circuit_decorator.py
[2026-05-08T15:51:59.735+0000] {processor.py:830} INFO - Processing file /home/airflow/.local/lib/python3.12/site-packages/airflow/example_dags/example_short_circuit_decorator.py for tasks to queue
[2026-05-08T15:51:59.736+0000] {logging_mixin.py:188} INFO - [2026-05-08T15:51:59.736+0000] {dagbag.py:545} INFO - Filling up the DagBag from /home/airflow/.local/lib/python3.12/site-packages/airflow/example_dags/example_short_circuit_decorator.py
[2026-05-08T15:51:59.743+0000] {processor.py:840} INFO - DAG(s) 'example_short_circuit_decorator' retrieved from /home/airflow/.local/lib/python3.12/site-packages/airflow/example_dags/example_short_circuit_decorator.py
[2026-05-08T15:51:59.762+0000] {logging_mixin.py:188} INFO - [2026-05-08T15:51:59.762+0000] {dag.py:3089} INFO - Sync 1 DAGs
[2026-05-08T15:51:59.781+0000] {logging_mixin.py:188} INFO - [2026-05-08T15:51:59.781+0000] {dag.py:3947} INFO - Setting next_dagrun for example_short_circuit_decorator to 2026-05-07 00:00:00+00:00, run_after=2026-05-08 00:00:00+00:00
[2026-05-08T15:51:59.797+0000] {processor.py:183} INFO - Processing /home/airflow/.local/lib/python3.12/site-packages/airflow/example_dags/example_short_circuit_decorator.py took 0.067 seconds
[2026-05-08T15:52:30.078+0000] {processor.py:161} INFO - Started process (PID=425) to work on /home/airflow/.local/lib/python3.12/site-packages/airflow/example_dags/example_short_circuit_decorator.py
[2026-05-08T15:52:30.079+0000] {processor.py:830} INFO - Processing file /home/airflow/.local/lib/python3.12/site-packages/airflow/example_dags/example_short_circuit_decorator.py for tasks to queue
[2026-05-08T15:52:30.081+0000] {logging_mixin.py:188} INFO - [2026-05-08T15:52:30.080+0000] {dagbag.py:545} INFO - Filling up the DagBag from /home/airflow/.local/lib/python3.12/site-packages/airflow/example_dags/example_short_circuit_decorator.py
[2026-05-08T15:52:30.088+0000] {processor.py:840} INFO - DAG(s) 'example_short_circuit_decorator' retrieved from /home/airflow/.local/lib/python3.12/site-packages/airflow/example_dags/example_short_circuit_decorator.py
[2026-05-08T15:52:30.106+0000] {logging_mixin.py:188} INFO - [2026-05-08T15:52:30.106+0000] {dag.py:3089} INFO - Sync 1 DAGs
[2026-05-08T15:52:30.124+0000] {logging_mixin.py:188} INFO - [2026-05-08T15:52:30.124+0000] {dag.py:3947} INFO - Setting next_dagrun for example_short_circuit_decorator to 2026-05-07 00:00:00+00:00, run_after=2026-05-08 00:00:00+00:00
[2026-05-08T15:52:30.139+0000] {processor.py:183} INFO - Processing /home/airflow/.local/lib/python3.12/site-packages/airflow/example_dags/example_short_circuit_decorator.py took 0.065 seconds
[2026-05-08T15:53:00.434+0000] {processor.py:161} INFO - Started process (PID=483) to work on /home/airflow/.local/lib/python3.12/site-packages/airflow/example_dags/example_short_circuit_decorator.py
[2026-05-08T15:53:00.435+0000] {processor.py:830} INFO - Processing file /home/airflow/.local/lib/python3.12/site-packages/airflow/example_dags/example_short_circuit_decorator.py for tasks to queue
[2026-05-08T15:53:00.436+0000] {logging_mixin.py:188} INFO - [2026-05-08T15:53:00.436+0000] {dagbag.py:545} INFO - Filling up the DagBag from /home/airflow/.local/lib/python3.12/site-packages/airflow/example_dags/example_short_circuit_decorator.py
[2026-05-08T15:53:00.443+0000] {processor.py:840} INFO - DAG(s) 'example_short_circuit_decorator' retrieved from /home/airflow/.local/lib/python3.12/site-packages/airflow/example_dags/example_short_circuit_decorator.py
[2026-05-08T15:53:00.462+0000] {logging_mixin.py:188} INFO - [2026-05-08T15:53:00.462+0000] {dag.py:3089} INFO - Sync 1 DAGs
[2026-05-08T15:53:00.480+0000] {logging_mixin.py:188} INFO - [2026-05-08T15:53:00.479+0000] {dag.py:3947} INFO - Setting next_dagrun for example_short_circuit_decorator to 2026-05-07 00:00:00+00:00, run_after=2026-05-08 00:00:00+00:00
[2026-05-08T15:53:00.494+0000] {processor.py:183} INFO - Processing /home/airflow/.local/lib/python3.12/site-packages/airflow/example_dags/example_short_circuit_decorator.py took 0.065 seconds
[2026-05-08T15:53:30.838+0000] {processor.py:161} INFO - Started process (PID=541) to work on /home/airflow/.local/lib/python3.12/site-packages/airflow/example_dags/example_short_circuit_decorator.py
[2026-05-08T15:53:30.839+0000] {processor.py:830} INFO - Processing file /home/airflow/.local/lib/python3.12/site-packages/airflow/example_dags/example_short_circuit_decorator.py for tasks to queue
[2026-05-08T15:53:30.840+0000] {logging_mixin.py:188} INFO - [2026-05-08T15:53:30.840+0000] {dagbag.py:545} INFO - Filling up the DagBag from /home/airflow/.local/lib/python3.12/site-packages/airflow/example_dags/example_short_circuit_decorator.py
[2026-05-08T15:53:30.847+0000] {processor.py:840} INFO - DAG(s) 'example_short_circuit_decorator' retrieved from /home/airflow/.local/lib/python3.12/site-packages/airflow/example_dags/example_short_circuit_decorator.py
[2026-05-08T15:53:30.865+0000] {logging_mixin.py:188} INFO - [2026-05-08T15:53:30.865+0000] {dag.py:3089} INFO - Sync 1 DAGs
[2026-05-08T15:53:30.883+0000] {logging_mixin.py:188} INFO - [2026-05-08T15:53:30.883+0000] {dag.py:3947} INFO - Setting next_dagrun for example_short_circuit_decorator to 2026-05-07 00:00:00+00:00, run_after=2026-05-08 00:00:00+00:00
[2026-05-08T15:53:30.897+0000] {processor.py:183} INFO - Processing /home/airflow/.local/lib/python3.12/site-packages/airflow/example_dags/example_short_circuit_decorator.py took 0.064 seconds
[2026-05-08T15:54:01.251+0000] {processor.py:161} INFO - Started process (PID=599) to work on /home/airflow/.local/lib/python3.12/site-packages/airflow/example_dags/example_short_circuit_decorator.py
[2026-05-08T15:54:01.252+0000] {processor.py:830} INFO - Processing file /home/airflow/.local/lib/python3.12/site-packages/airflow/example_dags/example_short_circuit_decorator.py for tasks to queue
[2026-05-08T15:54:01.253+0000] {logging_mixin.py:188} INFO - [2026-05-08T15:54:01.253+0000] {dagbag.py:545} INFO - Filling up the DagBag from /home/airflow/.local/lib/python3.12/site-packages/airflow/example_dags/example_short_circuit_decorator.py
[2026-05-08T15:54:01.260+0000] {processor.py:840} INFO - DAG(s) 'example_short_circuit_decorator' retrieved from /home/airflow/.local/lib/python3.12/site-packages/airflow/example_dags/example_short_circuit_decorator.py
[2026-05-08T15:54:01.278+0000] {logging_mixin.py:188} INFO - [2026-05-08T15:54:01.278+0000] {dag.py:3089} INFO - Sync 1 DAGs
[2026-05-08T15:54:01.296+0000] {logging_mixin.py:188} INFO - [2026-05-08T15:54:01.296+0000] {dag.py:3947} INFO - Setting next_dagrun for example_short_circuit_decorator to 2026-05-07 00:00:00+00:00, run_after=2026-05-08 00:00:00+00:00
[2026-05-08T15:54:01.311+0000] {processor.py:183} INFO - Processing /home/airflow/.local/lib/python3.12/site-packages/airflow/example_dags/example_short_circuit_decorator.py took 0.064 seconds
[2026-05-08T15:54:31.679+0000] {processor.py:161} INFO - Started process (PID=657) to work on /home/airflow/.local/lib/python3.12/site-packages/airflow/example_dags/example_short_circuit_decorator.py
[2026-05-08T15:54:31.680+0000] {processor.py:830} INFO - Processing file /home/airflow/.local/lib/python3.12/site-packages/airflow/example_dags/example_short_circuit_decorator.py for tasks to queue
[2026-05-08T15:54:31.681+0000] {logging_mixin.py:188} INFO - [2026-05-08T15:54:31.681+0000] {dagbag.py:545} INFO - Filling up the DagBag from /home/airflow/.local/lib/python3.12/site-packages/airflow/example_dags/example_short_circuit_decorator.py
[2026-05-08T15:54:31.689+0000] {processor.py:840} INFO - DAG(s) 'example_short_circuit_decorator' retrieved from /home/airflow/.local/lib/python3.12/site-packages/airflow/example_dags/example_short_circuit_decorator.py
[2026-05-08T15:54:31.709+0000] {logging_mixin.py:188} INFO - [2026-05-08T15:54:31.709+0000] {dag.py:3089} INFO - Sync 1 DAGs
[2026-05-08T15:54:31.730+0000] {logging_mixin.py:188} INFO - [2026-05-08T15:54:31.730+0000] {dag.py:3947} INFO - Setting next_dagrun for example_short_circuit_decorator to 2026-05-07 00:00:00+00:00, run_after=2026-05-08 00:00:00+00:00
[2026-05-08T15:54:31.745+0000] {processor.py:183} INFO - Processing /home/airflow/.local/lib/python3.12/site-packages/airflow/example_dags/example_short_circuit_decorator.py took 0.072 seconds
[2026-05-08T15:55:01.979+0000] {processor.py:161} INFO - Started process (PID=715) to work on /home/airflow/.local/lib/python3.12/site-packages/airflow/example_dags/example_short_circuit_decorator.py
[2026-05-08T15:55:01.980+0000] {processor.py:830} INFO - Processing file /home/airflow/.local/lib/python3.12/site-packages/airflow/example_dags/example_short_circuit_decorator.py for tasks to queue
[2026-05-08T15:55:01.981+0000] {logging_mixin.py:188} INFO - [2026-05-08T15:55:01.981+0000] {dagbag.py:545} INFO - Filling up the DagBag from /home/airflow/.local/lib/python3.12/site-packages/airflow/example_dags/example_short_circuit_decorator.py
[2026-05-08T15:55:01.988+0000] {processor.py:840} INFO - DAG(s) 'example_short_circuit_decorator' retrieved from /home/airflow/.local/lib/python3.12/site-packages/airflow/example_dags/example_short_circuit_decorator.py
[2026-05-08T15:55:02.006+0000] {logging_mixin.py:188} INFO - [2026-05-08T15:55:02.006+0000] {dag.py:3089} INFO - Sync 1 DAGs
[2026-05-08T15:55:02.025+0000] {logging_mixin.py:188} INFO - [2026-05-08T15:55:02.025+0000] {dag.py:3947} INFO - Setting next_dagrun for example_short_circuit_decorator to 2026-05-07 00:00:00+00:00, run_after=2026-05-08 00:00:00+00:00
[2026-05-08T15:55:02.040+0000] {processor.py:183} INFO - Processing /home/airflow/.local/lib/python3.12/site-packages/airflow/example_dags/example_short_circuit_decorator.py took 0.066 seconds
[2026-05-08T15:55:32.339+0000] {processor.py:161} INFO - Started process (PID=773) to work on /home/airflow/.local/lib/python3.12/site-packages/airflow/example_dags/example_short_circuit_decorator.py
[2026-05-08T15:55:32.340+0000] {processor.py:830} INFO - Processing file /home/airflow/.local/lib/python3.12/site-packages/airflow/example_dags/example_short_circuit_decorator.py for tasks to queue
[2026-05-08T15:55:32.341+0000] {logging_mixin.py:188} INFO - [2026-05-08T15:55:32.341+0000] {dagbag.py:545} INFO - Filling up the DagBag from /home/airflow/.local/lib/python3.12/site-packages/airflow/example_dags/example_short_circuit_decorator.py
[2026-05-08T15:55:32.348+0000] {processor.py:840} INFO - DAG(s) 'example_short_circuit_decorator' retrieved from /home/airflow/.local/lib/python3.12/site-packages/airflow/example_dags/example_short_circuit_decorator.py
[2026-05-08T15:55:32.369+0000] {logging_mixin.py:188} INFO - [2026-05-08T15:55:32.369+0000] {dag.py:3089} INFO - Sync 1 DAGs
[2026-05-08T15:55:32.391+0000] {logging_mixin.py:188} INFO - [2026-05-08T15:55:32.391+0000] {dag.py:3947} INFO - Setting next_dagrun for example_short_circuit_decorator to 2026-05-07 00:00:00+00:00, run_after=2026-05-08 00:00:00+00:00
[2026-05-08T15:55:32.409+0000] {processor.py:183} INFO - Processing /home/airflow/.local/lib/python3.12/site-packages/airflow/example_dags/example_short_circuit_decorator.py took 0.075 seconds
[2026-05-08T15:56:02.991+0000] {processor.py:161} INFO - Started process (PID=831) to work on /home/airflow/.local/lib/python3.12/site-packages/airflow/example_dags/example_short_circuit_decorator.py
[2026-05-08T15:56:02.992+0000] {processor.py:830} INFO - Processing file /home/airflow/.local/lib/python3.12/site-packages/airflow/example_dags/example_short_circuit_decorator.py for tasks to queue
[2026-05-08T15:56:02.993+0000] {logging_mixin.py:188} INFO - [2026-05-08T15:56:02.993+0000] {dagbag.py:545} INFO - Filling up the DagBag from /home/airflow/.local/lib/python3.12/site-packages/airflow/example_dags/example_short_circuit_decorator.py
[2026-05-08T15:56:03.000+0000] {processor.py:840} INFO - DAG(s) 'example_short_circuit_decorator' retrieved from /home/airflow/.local/lib/python3.12/site-packages/airflow/example_dags/example_short_circuit_decorator.py
[2026-05-08T15:56:03.020+0000] {logging_mixin.py:188} INFO - [2026-05-08T15:56:03.020+0000] {dag.py:3089} INFO - Sync 1 DAGs
[2026-05-08T15:56:03.039+0000] {logging_mixin.py:188} INFO - [2026-05-08T15:56:03.039+0000] {dag.py:3947} INFO - Setting next_dagrun for example_short_circuit_decorator to 2026-05-07 00:00:00+00:00, run_after=2026-05-08 00:00:00+00:00
[2026-05-08T15:56:03.057+0000] {processor.py:183} INFO - Processing /home/airflow/.local/lib/python3.12/site-packages/airflow/example_dags/example_short_circuit_decorator.py took 0.071 seconds
[2026-05-08T15:56:33.665+0000] {processor.py:161} INFO - Started process (PID=889) to work on /home/airflow/.local/lib/python3.12/site-packages/airflow/example_dags/example_short_circuit_decorator.py
[2026-05-08T15:56:33.666+0000] {processor.py:830} INFO - Processing file /home/airflow/.local/lib/python3.12/site-packages/airflow/example_dags/example_short_circuit_decorator.py for tasks to queue
[2026-05-08T15:56:33.667+0000] {logging_mixin.py:188} INFO - [2026-05-08T15:56:33.667+0000] {dagbag.py:545} INFO - Filling up the DagBag from /home/airflow/.local/lib/python3.12/site-packages/airflow/example_dags/example_short_circuit_decorator.py
[2026-05-08T15:56:33.674+0000] {processor.py:840} INFO - DAG(s) 'example_short_circuit_decorator' retrieved from /home/airflow/.local/lib/python3.12/site-packages/airflow/example_dags/example_short_circuit_decorator.py
[2026-05-08T15:56:33.694+0000] {logging_mixin.py:188} INFO - [2026-05-08T15:56:33.694+0000] {dag.py:3089} INFO - Sync 1 DAGs
[2026-05-08T15:56:33.712+0000] {logging_mixin.py:188} INFO - [2026-05-08T15:56:33.712+0000] {dag.py:3947} INFO - Setting next_dagrun for example_short_circuit_decorator to 2026-05-07 00:00:00+00:00, run_after=2026-05-08 00:00:00+00:00
[2026-05-08T15:56:33.728+0000] {processor.py:183} INFO - Processing /home/airflow/.local/lib/python3.12/site-packages/airflow/example_dags/example_short_circuit_decorator.py took 0.068 seconds
[2026-05-08T15:57:04.678+0000] {processor.py:161} INFO - Started process (PID=947) to work on /home/airflow/.local/lib/python3.12/site-packages/airflow/example_dags/example_short_circuit_decorator.py
[2026-05-08T15:57:04.680+0000] {processor.py:830} INFO - Processing file /home/airflow/.local/lib/python3.12/site-packages/airflow/example_dags/example_short_circuit_decorator.py for tasks to queue
[2026-05-08T15:57:04.681+0000] {logging_mixin.py:188} INFO - [2026-05-08T15:57:04.681+0000] {dagbag.py:545} INFO - Filling up the DagBag from /home/airflow/.local/lib/python3.12/site-packages/airflow/example_dags/example_short_circuit_decorator.py
[2026-05-08T15:57:04.688+0000] {processor.py:840} INFO - DAG(s) 'example_short_circuit_decorator' retrieved from /home/airflow/.local/lib/python3.12/site-packages/airflow/example_dags/example_short_circuit_decorator.py
[2026-05-08T15:57:04.707+0000] {logging_mixin.py:188} INFO - [2026-05-08T15:57:04.707+0000] {dag.py:3089} INFO - Sync 1 DAGs
[2026-05-08T15:57:04.726+0000] {logging_mixin.py:188} INFO - [2026-05-08T15:57:04.726+0000] {dag.py:3947} INFO - Setting next_dagrun for example_short_circuit_decorator to 2026-05-07 00:00:00+00:00, run_after=2026-05-08 00:00:00+00:00
[2026-05-08T15:57:04.741+0000] {processor.py:183} INFO - Processing /home/airflow/.local/lib/python3.12/site-packages/airflow/example_dags/example_short_circuit_decorator.py took 0.069 seconds
[2026-05-08T15:57:34.784+0000] {processor.py:161} INFO - Started process (PID=1004) to work on /home/airflow/.local/lib/python3.12/site-packages/airflow/example_dags/example_short_circuit_decorator.py
[2026-05-08T15:57:34.785+0000] {processor.py:830} INFO - Processing file /home/airflow/.local/lib/python3.12/site-packages/airflow/example_dags/example_short_circuit_decorator.py for tasks to queue
[2026-05-08T15:57:34.786+0000] {logging_mixin.py:188} INFO - [2026-05-08T15:57:34.786+0000] {dagbag.py:545} INFO - Filling up the DagBag from /home/airflow/.local/lib/python3.12/site-packages/airflow/example_dags/example_short_circuit_decorator.py
[2026-05-08T15:57:34.793+0000] {processor.py:840} INFO - DAG(s) 'example_short_circuit_decorator' retrieved from /home/airflow/.local/lib/python3.12/site-packages/airflow/example_dags/example_short_circuit_decorator.py
[2026-05-08T15:57:34.814+0000] {logging_mixin.py:188} INFO - [2026-05-08T15:57:34.814+0000] {dag.py:3089} INFO - Sync 1 DAGs
[2026-05-08T15:57:34.833+0000] {logging_mixin.py:188} INFO - [2026-05-08T15:57:34.833+0000] {dag.py:3947} INFO - Setting next_dagrun for example_short_circuit_decorator to 2026-05-07 00:00:00+00:00, run_after=2026-05-08 00:00:00+00:00
[2026-05-08T15:57:34.849+0000] {processor.py:183} INFO - Processing /home/airflow/.local/lib/python3.12/site-packages/airflow/example_dags/example_short_circuit_decorator.py took 0.070 seconds
[2026-05-08T15:58:04.991+0000] {processor.py:161} INFO - Started process (PID=1062) to work on /home/airflow/.local/lib/python3.12/site-packages/airflow/example_dags/example_short_circuit_decorator.py
[2026-05-08T15:58:04.992+0000] {processor.py:830} INFO - Processing file /home/airflow/.local/lib/python3.12/site-packages/airflow/example_dags/example_short_circuit_decorator.py for tasks to queue
[2026-05-08T15:58:04.994+0000] {logging_mixin.py:188} INFO - [2026-05-08T15:58:04.994+0000] {dagbag.py:545} INFO - Filling up the DagBag from /home/airflow/.local/lib/python3.12/site-packages/airflow/example_dags/example_short_circuit_decorator.py
[2026-05-08T15:58:05.002+0000] {processor.py:840} INFO - DAG(s) 'example_short_circuit_decorator' retrieved from /home/airflow/.local/lib/python3.12/site-packages/airflow/example_dags/example_short_circuit_decorator.py
[2026-05-08T15:58:05.024+0000] {logging_mixin.py:188} INFO - [2026-05-08T15:58:05.023+0000] {dag.py:3089} INFO - Sync 1 DAGs
[2026-05-08T15:58:05.044+0000] {logging_mixin.py:188} INFO - [2026-05-08T15:58:05.043+0000] {dag.py:3947} INFO - Setting next_dagrun for example_short_circuit_decorator to 2026-05-07 00:00:00+00:00, run_after=2026-05-08 00:00:00+00:00
[2026-05-08T15:58:05.059+0000] {processor.py:183} INFO - Processing /home/airflow/.local/lib/python3.12/site-packages/airflow/example_dags/example_short_circuit_decorator.py took 0.074 seconds
[2026-05-08T15:58:35.114+0000] {processor.py:161} INFO - Started process (PID=1120) to work on /home/airflow/.local/lib/python3.12/site-packages/airflow/example_dags/example_short_circuit_decorator.py
[2026-05-08T15:58:35.115+0000] {processor.py:830} INFO - Processing file /home/airflow/.local/lib/python3.12/site-packages/airflow/example_dags/example_short_circuit_decorator.py for tasks to queue
[2026-05-08T15:58:35.116+0000] {logging_mixin.py:188} INFO - [2026-05-08T15:58:35.116+0000] {dagbag.py:545} INFO - Filling up the DagBag from /home/airflow/.local/lib/python3.12/site-packages/airflow/example_dags/example_short_circuit_decorator.py
[2026-05-08T15:58:35.125+0000] {processor.py:840} INFO - DAG(s) 'example_short_circuit_decorator' retrieved from /home/airflow/.local/lib/python3.12/site-packages/airflow/example_dags/example_short_circuit_decorator.py
[2026-05-08T15:58:35.144+0000] {logging_mixin.py:188} INFO - [2026-05-08T15:58:35.144+0000] {dag.py:3089} INFO - Sync 1 DAGs
[2026-05-08T15:58:35.163+0000] {logging_mixin.py:188} INFO - [2026-05-08T15:58:35.162+0000] {dag.py:3947} INFO - Setting next_dagrun for example_short_circuit_decorator to 2026-05-07 00:00:00+00:00, run_after=2026-05-08 00:00:00+00:00
[2026-05-08T15:58:35.179+0000] {processor.py:183} INFO - Processing /home/airflow/.local/lib/python3.12/site-packages/airflow/example_dags/example_short_circuit_decorator.py took 0.072 seconds
[2026-05-08T15:59:05.406+0000] {processor.py:161} INFO - Started process (PID=1178) to work on /home/airflow/.local/lib/python3.12/site-packages/airflow/example_dags/example_short_circuit_decorator.py
[2026-05-08T15:59:05.407+0000] {processor.py:830} INFO - Processing file /home/airflow/.local/lib/python3.12/site-packages/airflow/example_dags/example_short_circuit_decorator.py for tasks to queue
[2026-05-08T15:59:05.409+0000] {logging_mixin.py:188} INFO - [2026-05-08T15:59:05.409+0000] {dagbag.py:545} INFO - Filling up the DagBag from /home/airflow/.local/lib/python3.12/site-packages/airflow/example_dags/example_short_circuit_decorator.py
[2026-05-08T15:59:05.417+0000] {processor.py:840} INFO - DAG(s) 'example_short_circuit_decorator' retrieved from /home/airflow/.local/lib/python3.12/site-packages/airflow/example_dags/example_short_circuit_decorator.py
[2026-05-08T15:59:05.437+0000] {logging_mixin.py:188} INFO - [2026-05-08T15:59:05.437+0000] {dag.py:3089} INFO - Sync 1 DAGs
[2026-05-08T15:59:05.458+0000] {logging_mixin.py:188} INFO - [2026-05-08T15:59:05.457+0000] {dag.py:3947} INFO - Setting next_dagrun for example_short_circuit_decorator to 2026-05-07 00:00:00+00:00, run_after=2026-05-08 00:00:00+00:00
[2026-05-08T15:59:05.474+0000] {processor.py:183} INFO - Processing /home/airflow/.local/lib/python3.12/site-packages/airflow/example_dags/example_short_circuit_decorator.py took 0.076 seconds
