[2026-05-08T15:39:26.131+0000] {processor.py:161} INFO - Started process (PID=59) to work on /home/airflow/.local/lib/python3.12/site-packages/airflow/example_dags/example_nested_branch_dag.py
[2026-05-08T15:39:26.132+0000] {processor.py:830} INFO - Processing file /home/airflow/.local/lib/python3.12/site-packages/airflow/example_dags/example_nested_branch_dag.py for tasks to queue
[2026-05-08T15:39:26.134+0000] {logging_mixin.py:188} INFO - [2026-05-08T15:39:26.134+0000] {dagbag.py:545} INFO - Filling up the DagBag from /home/airflow/.local/lib/python3.12/site-packages/airflow/example_dags/example_nested_branch_dag.py
[2026-05-08T15:39:26.148+0000] {processor.py:840} INFO - DAG(s) 'example_nested_branch_dag' retrieved from /home/airflow/.local/lib/python3.12/site-packages/airflow/example_dags/example_nested_branch_dag.py
[2026-05-08T15:39:26.176+0000] {logging_mixin.py:188} INFO - [2026-05-08T15:39:26.175+0000] {dag.py:3089} INFO - Sync 1 DAGs
[2026-05-08T15:39:26.199+0000] {logging_mixin.py:188} INFO - [2026-05-08T15:39:26.199+0000] {dag.py:3947} INFO - Setting next_dagrun for example_nested_branch_dag to 2026-05-07 00:00:00+00:00, run_after=2026-05-08 00:00:00+00:00
[2026-05-08T15:39:26.234+0000] {processor.py:183} INFO - Processing /home/airflow/.local/lib/python3.12/site-packages/airflow/example_dags/example_nested_branch_dag.py took 0.113 seconds
[2026-05-08T15:39:56.998+0000] {processor.py:161} INFO - Started process (PID=123) to work on /home/airflow/.local/lib/python3.12/site-packages/airflow/example_dags/example_nested_branch_dag.py
[2026-05-08T15:39:56.999+0000] {processor.py:830} INFO - Processing file /home/airflow/.local/lib/python3.12/site-packages/airflow/example_dags/example_nested_branch_dag.py for tasks to queue
[2026-05-08T15:39:57.000+0000] {logging_mixin.py:188} INFO - [2026-05-08T15:39:57.000+0000] {dagbag.py:545} INFO - Filling up the DagBag from /home/airflow/.local/lib/python3.12/site-packages/airflow/example_dags/example_nested_branch_dag.py
[2026-05-08T15:39:57.010+0000] {processor.py:840} INFO - DAG(s) 'example_nested_branch_dag' retrieved from /home/airflow/.local/lib/python3.12/site-packages/airflow/example_dags/example_nested_branch_dag.py
[2026-05-08T15:39:57.027+0000] {logging_mixin.py:188} INFO - [2026-05-08T15:39:57.027+0000] {dag.py:3089} INFO - Sync 1 DAGs
[2026-05-08T15:39:57.047+0000] {logging_mixin.py:188} INFO - [2026-05-08T15:39:57.047+0000] {dag.py:3947} INFO - Setting next_dagrun for example_nested_branch_dag to 2026-05-07 00:00:00+00:00, run_after=2026-05-08 00:00:00+00:00
[2026-05-08T15:39:57.063+0000] {processor.py:183} INFO - Processing /home/airflow/.local/lib/python3.12/site-packages/airflow/example_dags/example_nested_branch_dag.py took 0.070 seconds
[2026-05-08T15:40:27.492+0000] {processor.py:161} INFO - Started process (PID=181) to work on /home/airflow/.local/lib/python3.12/site-packages/airflow/example_dags/example_nested_branch_dag.py
[2026-05-08T15:40:27.493+0000] {processor.py:830} INFO - Processing file /home/airflow/.local/lib/python3.12/site-packages/airflow/example_dags/example_nested_branch_dag.py for tasks to queue
[2026-05-08T15:40:27.494+0000] {logging_mixin.py:188} INFO - [2026-05-08T15:40:27.494+0000] {dagbag.py:545} INFO - Filling up the DagBag from /home/airflow/.local/lib/python3.12/site-packages/airflow/example_dags/example_nested_branch_dag.py
[2026-05-08T15:40:27.504+0000] {processor.py:840} INFO - DAG(s) 'example_nested_branch_dag' retrieved from /home/airflow/.local/lib/python3.12/site-packages/airflow/example_dags/example_nested_branch_dag.py
[2026-05-08T15:40:27.529+0000] {logging_mixin.py:188} INFO - [2026-05-08T15:40:27.529+0000] {dag.py:3089} INFO - Sync 1 DAGs
[2026-05-08T15:40:27.552+0000] {logging_mixin.py:188} INFO - [2026-05-08T15:40:27.552+0000] {dag.py:3947} INFO - Setting next_dagrun for example_nested_branch_dag to 2026-05-07 00:00:00+00:00, run_after=2026-05-08 00:00:00+00:00
[2026-05-08T15:40:27.572+0000] {processor.py:183} INFO - Processing /home/airflow/.local/lib/python3.12/site-packages/airflow/example_dags/example_nested_branch_dag.py took 0.086 seconds
[2026-05-08T15:40:57.628+0000] {processor.py:161} INFO - Started process (PID=239) to work on /home/airflow/.local/lib/python3.12/site-packages/airflow/example_dags/example_nested_branch_dag.py
[2026-05-08T15:40:57.629+0000] {processor.py:830} INFO - Processing file /home/airflow/.local/lib/python3.12/site-packages/airflow/example_dags/example_nested_branch_dag.py for tasks to queue
[2026-05-08T15:40:57.630+0000] {logging_mixin.py:188} INFO - [2026-05-08T15:40:57.630+0000] {dagbag.py:545} INFO - Filling up the DagBag from /home/airflow/.local/lib/python3.12/site-packages/airflow/example_dags/example_nested_branch_dag.py
[2026-05-08T15:40:57.638+0000] {processor.py:840} INFO - DAG(s) 'example_nested_branch_dag' retrieved from /home/airflow/.local/lib/python3.12/site-packages/airflow/example_dags/example_nested_branch_dag.py
[2026-05-08T15:40:57.656+0000] {logging_mixin.py:188} INFO - [2026-05-08T15:40:57.656+0000] {dag.py:3089} INFO - Sync 1 DAGs
[2026-05-08T15:40:57.677+0000] {logging_mixin.py:188} INFO - [2026-05-08T15:40:57.677+0000] {dag.py:3947} INFO - Setting next_dagrun for example_nested_branch_dag to 2026-05-07 00:00:00+00:00, run_after=2026-05-08 00:00:00+00:00
[2026-05-08T15:40:57.694+0000] {processor.py:183} INFO - Processing /home/airflow/.local/lib/python3.12/site-packages/airflow/example_dags/example_nested_branch_dag.py took 0.070 seconds
[2026-05-08T15:41:27.983+0000] {processor.py:161} INFO - Started process (PID=297) to work on /home/airflow/.local/lib/python3.12/site-packages/airflow/example_dags/example_nested_branch_dag.py
[2026-05-08T15:41:27.985+0000] {processor.py:830} INFO - Processing file /home/airflow/.local/lib/python3.12/site-packages/airflow/example_dags/example_nested_branch_dag.py for tasks to queue
[2026-05-08T15:41:27.987+0000] {logging_mixin.py:188} INFO - [2026-05-08T15:41:27.987+0000] {dagbag.py:545} INFO - Filling up the DagBag from /home/airflow/.local/lib/python3.12/site-packages/airflow/example_dags/example_nested_branch_dag.py
[2026-05-08T15:41:27.995+0000] {processor.py:840} INFO - DAG(s) 'example_nested_branch_dag' retrieved from /home/airflow/.local/lib/python3.12/site-packages/airflow/example_dags/example_nested_branch_dag.py
[2026-05-08T15:41:28.013+0000] {logging_mixin.py:188} INFO - [2026-05-08T15:41:28.013+0000] {dag.py:3089} INFO - Sync 1 DAGs
[2026-05-08T15:41:28.034+0000] {logging_mixin.py:188} INFO - [2026-05-08T15:41:28.034+0000] {dag.py:3947} INFO - Setting next_dagrun for example_nested_branch_dag to 2026-05-07 00:00:00+00:00, run_after=2026-05-08 00:00:00+00:00
[2026-05-08T15:41:28.053+0000] {processor.py:183} INFO - Processing /home/airflow/.local/lib/python3.12/site-packages/airflow/example_dags/example_nested_branch_dag.py took 0.076 seconds
[2026-05-08T15:41:58.270+0000] {processor.py:161} INFO - Started process (PID=354) to work on /home/airflow/.local/lib/python3.12/site-packages/airflow/example_dags/example_nested_branch_dag.py
[2026-05-08T15:41:58.271+0000] {processor.py:830} INFO - Processing file /home/airflow/.local/lib/python3.12/site-packages/airflow/example_dags/example_nested_branch_dag.py for tasks to queue
[2026-05-08T15:41:58.272+0000] {logging_mixin.py:188} INFO - [2026-05-08T15:41:58.272+0000] {dagbag.py:545} INFO - Filling up the DagBag from /home/airflow/.local/lib/python3.12/site-packages/airflow/example_dags/example_nested_branch_dag.py
[2026-05-08T15:41:58.281+0000] {processor.py:840} INFO - DAG(s) 'example_nested_branch_dag' retrieved from /home/airflow/.local/lib/python3.12/site-packages/airflow/example_dags/example_nested_branch_dag.py
[2026-05-08T15:41:58.299+0000] {logging_mixin.py:188} INFO - [2026-05-08T15:41:58.299+0000] {dag.py:3089} INFO - Sync 1 DAGs
[2026-05-08T15:41:58.319+0000] {logging_mixin.py:188} INFO - [2026-05-08T15:41:58.319+0000] {dag.py:3947} INFO - Setting next_dagrun for example_nested_branch_dag to 2026-05-07 00:00:00+00:00, run_after=2026-05-08 00:00:00+00:00
[2026-05-08T15:41:58.338+0000] {processor.py:183} INFO - Processing /home/airflow/.local/lib/python3.12/site-packages/airflow/example_dags/example_nested_branch_dag.py took 0.073 seconds
[2026-05-08T15:42:28.894+0000] {processor.py:161} INFO - Started process (PID=412) to work on /home/airflow/.local/lib/python3.12/site-packages/airflow/example_dags/example_nested_branch_dag.py
[2026-05-08T15:42:28.895+0000] {processor.py:830} INFO - Processing file /home/airflow/.local/lib/python3.12/site-packages/airflow/example_dags/example_nested_branch_dag.py for tasks to queue
[2026-05-08T15:42:28.897+0000] {logging_mixin.py:188} INFO - [2026-05-08T15:42:28.897+0000] {dagbag.py:545} INFO - Filling up the DagBag from /home/airflow/.local/lib/python3.12/site-packages/airflow/example_dags/example_nested_branch_dag.py
[2026-05-08T15:42:28.906+0000] {processor.py:840} INFO - DAG(s) 'example_nested_branch_dag' retrieved from /home/airflow/.local/lib/python3.12/site-packages/airflow/example_dags/example_nested_branch_dag.py
[2026-05-08T15:42:28.923+0000] {logging_mixin.py:188} INFO - [2026-05-08T15:42:28.923+0000] {dag.py:3089} INFO - Sync 1 DAGs
[2026-05-08T15:42:28.943+0000] {logging_mixin.py:188} INFO - [2026-05-08T15:42:28.943+0000] {dag.py:3947} INFO - Setting next_dagrun for example_nested_branch_dag to 2026-05-07 00:00:00+00:00, run_after=2026-05-08 00:00:00+00:00
[2026-05-08T15:42:28.960+0000] {processor.py:183} INFO - Processing /home/airflow/.local/lib/python3.12/site-packages/airflow/example_dags/example_nested_branch_dag.py took 0.070 seconds
[2026-05-08T15:42:59.445+0000] {processor.py:161} INFO - Started process (PID=470) to work on /home/airflow/.local/lib/python3.12/site-packages/airflow/example_dags/example_nested_branch_dag.py
[2026-05-08T15:42:59.446+0000] {processor.py:830} INFO - Processing file /home/airflow/.local/lib/python3.12/site-packages/airflow/example_dags/example_nested_branch_dag.py for tasks to queue
[2026-05-08T15:42:59.448+0000] {logging_mixin.py:188} INFO - [2026-05-08T15:42:59.448+0000] {dagbag.py:545} INFO - Filling up the DagBag from /home/airflow/.local/lib/python3.12/site-packages/airflow/example_dags/example_nested_branch_dag.py
[2026-05-08T15:42:59.456+0000] {processor.py:840} INFO - DAG(s) 'example_nested_branch_dag' retrieved from /home/airflow/.local/lib/python3.12/site-packages/airflow/example_dags/example_nested_branch_dag.py
[2026-05-08T15:42:59.475+0000] {logging_mixin.py:188} INFO - [2026-05-08T15:42:59.475+0000] {dag.py:3089} INFO - Sync 1 DAGs
[2026-05-08T15:42:59.494+0000] {logging_mixin.py:188} INFO - [2026-05-08T15:42:59.494+0000] {dag.py:3947} INFO - Setting next_dagrun for example_nested_branch_dag to 2026-05-07 00:00:00+00:00, run_after=2026-05-08 00:00:00+00:00
[2026-05-08T15:42:59.510+0000] {processor.py:183} INFO - Processing /home/airflow/.local/lib/python3.12/site-packages/airflow/example_dags/example_nested_branch_dag.py took 0.070 seconds
[2026-05-08T15:43:29.881+0000] {processor.py:161} INFO - Started process (PID=528) to work on /home/airflow/.local/lib/python3.12/site-packages/airflow/example_dags/example_nested_branch_dag.py
[2026-05-08T15:43:29.882+0000] {processor.py:830} INFO - Processing file /home/airflow/.local/lib/python3.12/site-packages/airflow/example_dags/example_nested_branch_dag.py for tasks to queue
[2026-05-08T15:43:29.884+0000] {logging_mixin.py:188} INFO - [2026-05-08T15:43:29.883+0000] {dagbag.py:545} INFO - Filling up the DagBag from /home/airflow/.local/lib/python3.12/site-packages/airflow/example_dags/example_nested_branch_dag.py
[2026-05-08T15:43:29.892+0000] {processor.py:840} INFO - DAG(s) 'example_nested_branch_dag' retrieved from /home/airflow/.local/lib/python3.12/site-packages/airflow/example_dags/example_nested_branch_dag.py
[2026-05-08T15:43:29.910+0000] {logging_mixin.py:188} INFO - [2026-05-08T15:43:29.910+0000] {dag.py:3089} INFO - Sync 1 DAGs
[2026-05-08T15:43:29.931+0000] {logging_mixin.py:188} INFO - [2026-05-08T15:43:29.931+0000] {dag.py:3947} INFO - Setting next_dagrun for example_nested_branch_dag to 2026-05-07 00:00:00+00:00, run_after=2026-05-08 00:00:00+00:00
[2026-05-08T15:43:29.947+0000] {processor.py:183} INFO - Processing /home/airflow/.local/lib/python3.12/site-packages/airflow/example_dags/example_nested_branch_dag.py took 0.071 seconds
[2026-05-08T15:44:00.332+0000] {processor.py:161} INFO - Started process (PID=586) to work on /home/airflow/.local/lib/python3.12/site-packages/airflow/example_dags/example_nested_branch_dag.py
[2026-05-08T15:44:00.333+0000] {processor.py:830} INFO - Processing file /home/airflow/.local/lib/python3.12/site-packages/airflow/example_dags/example_nested_branch_dag.py for tasks to queue
[2026-05-08T15:44:00.334+0000] {logging_mixin.py:188} INFO - [2026-05-08T15:44:00.334+0000] {dagbag.py:545} INFO - Filling up the DagBag from /home/airflow/.local/lib/python3.12/site-packages/airflow/example_dags/example_nested_branch_dag.py
[2026-05-08T15:44:00.343+0000] {processor.py:840} INFO - DAG(s) 'example_nested_branch_dag' retrieved from /home/airflow/.local/lib/python3.12/site-packages/airflow/example_dags/example_nested_branch_dag.py
[2026-05-08T15:44:00.361+0000] {logging_mixin.py:188} INFO - [2026-05-08T15:44:00.360+0000] {dag.py:3089} INFO - Sync 1 DAGs
[2026-05-08T15:44:00.381+0000] {logging_mixin.py:188} INFO - [2026-05-08T15:44:00.381+0000] {dag.py:3947} INFO - Setting next_dagrun for example_nested_branch_dag to 2026-05-07 00:00:00+00:00, run_after=2026-05-08 00:00:00+00:00
[2026-05-08T15:44:00.397+0000] {processor.py:183} INFO - Processing /home/airflow/.local/lib/python3.12/site-packages/airflow/example_dags/example_nested_branch_dag.py took 0.069 seconds
[2026-05-08T15:44:30.947+0000] {processor.py:161} INFO - Started process (PID=644) to work on /home/airflow/.local/lib/python3.12/site-packages/airflow/example_dags/example_nested_branch_dag.py
[2026-05-08T15:44:30.948+0000] {processor.py:830} INFO - Processing file /home/airflow/.local/lib/python3.12/site-packages/airflow/example_dags/example_nested_branch_dag.py for tasks to queue
[2026-05-08T15:44:30.949+0000] {logging_mixin.py:188} INFO - [2026-05-08T15:44:30.949+0000] {dagbag.py:545} INFO - Filling up the DagBag from /home/airflow/.local/lib/python3.12/site-packages/airflow/example_dags/example_nested_branch_dag.py
[2026-05-08T15:44:30.958+0000] {processor.py:840} INFO - DAG(s) 'example_nested_branch_dag' retrieved from /home/airflow/.local/lib/python3.12/site-packages/airflow/example_dags/example_nested_branch_dag.py
[2026-05-08T15:44:30.976+0000] {logging_mixin.py:188} INFO - [2026-05-08T15:44:30.975+0000] {dag.py:3089} INFO - Sync 1 DAGs
[2026-05-08T15:44:30.996+0000] {logging_mixin.py:188} INFO - [2026-05-08T15:44:30.995+0000] {dag.py:3947} INFO - Setting next_dagrun for example_nested_branch_dag to 2026-05-07 00:00:00+00:00, run_after=2026-05-08 00:00:00+00:00
[2026-05-08T15:44:31.013+0000] {processor.py:183} INFO - Processing /home/airflow/.local/lib/python3.12/site-packages/airflow/example_dags/example_nested_branch_dag.py took 0.071 seconds
[2026-05-08T15:45:01.377+0000] {processor.py:161} INFO - Started process (PID=702) to work on /home/airflow/.local/lib/python3.12/site-packages/airflow/example_dags/example_nested_branch_dag.py
[2026-05-08T15:45:01.378+0000] {processor.py:830} INFO - Processing file /home/airflow/.local/lib/python3.12/site-packages/airflow/example_dags/example_nested_branch_dag.py for tasks to queue
[2026-05-08T15:45:01.379+0000] {logging_mixin.py:188} INFO - [2026-05-08T15:45:01.379+0000] {dagbag.py:545} INFO - Filling up the DagBag from /home/airflow/.local/lib/python3.12/site-packages/airflow/example_dags/example_nested_branch_dag.py
[2026-05-08T15:45:01.387+0000] {processor.py:840} INFO - DAG(s) 'example_nested_branch_dag' retrieved from /home/airflow/.local/lib/python3.12/site-packages/airflow/example_dags/example_nested_branch_dag.py
[2026-05-08T15:45:01.405+0000] {logging_mixin.py:188} INFO - [2026-05-08T15:45:01.405+0000] {dag.py:3089} INFO - Sync 1 DAGs
[2026-05-08T15:45:01.426+0000] {logging_mixin.py:188} INFO - [2026-05-08T15:45:01.425+0000] {dag.py:3947} INFO - Setting next_dagrun for example_nested_branch_dag to 2026-05-07 00:00:00+00:00, run_after=2026-05-08 00:00:00+00:00
[2026-05-08T15:45:01.443+0000] {processor.py:183} INFO - Processing /home/airflow/.local/lib/python3.12/site-packages/airflow/example_dags/example_nested_branch_dag.py took 0.071 seconds
[2026-05-08T15:45:32.139+0000] {processor.py:161} INFO - Started process (PID=760) to work on /home/airflow/.local/lib/python3.12/site-packages/airflow/example_dags/example_nested_branch_dag.py
[2026-05-08T15:45:32.140+0000] {processor.py:830} INFO - Processing file /home/airflow/.local/lib/python3.12/site-packages/airflow/example_dags/example_nested_branch_dag.py for tasks to queue
[2026-05-08T15:45:32.141+0000] {logging_mixin.py:188} INFO - [2026-05-08T15:45:32.141+0000] {dagbag.py:545} INFO - Filling up the DagBag from /home/airflow/.local/lib/python3.12/site-packages/airflow/example_dags/example_nested_branch_dag.py
[2026-05-08T15:45:32.150+0000] {processor.py:840} INFO - DAG(s) 'example_nested_branch_dag' retrieved from /home/airflow/.local/lib/python3.12/site-packages/airflow/example_dags/example_nested_branch_dag.py
[2026-05-08T15:45:32.167+0000] {logging_mixin.py:188} INFO - [2026-05-08T15:45:32.167+0000] {dag.py:3089} INFO - Sync 1 DAGs
[2026-05-08T15:45:32.187+0000] {logging_mixin.py:188} INFO - [2026-05-08T15:45:32.187+0000] {dag.py:3947} INFO - Setting next_dagrun for example_nested_branch_dag to 2026-05-07 00:00:00+00:00, run_after=2026-05-08 00:00:00+00:00
[2026-05-08T15:45:32.205+0000] {processor.py:183} INFO - Processing /home/airflow/.local/lib/python3.12/site-packages/airflow/example_dags/example_nested_branch_dag.py took 0.071 seconds
[2026-05-08T15:46:02.758+0000] {processor.py:161} INFO - Started process (PID=818) to work on /home/airflow/.local/lib/python3.12/site-packages/airflow/example_dags/example_nested_branch_dag.py
[2026-05-08T15:46:02.759+0000] {processor.py:830} INFO - Processing file /home/airflow/.local/lib/python3.12/site-packages/airflow/example_dags/example_nested_branch_dag.py for tasks to queue
[2026-05-08T15:46:02.760+0000] {logging_mixin.py:188} INFO - [2026-05-08T15:46:02.760+0000] {dagbag.py:545} INFO - Filling up the DagBag from /home/airflow/.local/lib/python3.12/site-packages/airflow/example_dags/example_nested_branch_dag.py
[2026-05-08T15:46:02.769+0000] {processor.py:840} INFO - DAG(s) 'example_nested_branch_dag' retrieved from /home/airflow/.local/lib/python3.12/site-packages/airflow/example_dags/example_nested_branch_dag.py
[2026-05-08T15:46:02.786+0000] {logging_mixin.py:188} INFO - [2026-05-08T15:46:02.786+0000] {dag.py:3089} INFO - Sync 1 DAGs
[2026-05-08T15:46:02.806+0000] {logging_mixin.py:188} INFO - [2026-05-08T15:46:02.806+0000] {dag.py:3947} INFO - Setting next_dagrun for example_nested_branch_dag to 2026-05-07 00:00:00+00:00, run_after=2026-05-08 00:00:00+00:00
[2026-05-08T15:46:02.829+0000] {processor.py:183} INFO - Processing /home/airflow/.local/lib/python3.12/site-packages/airflow/example_dags/example_nested_branch_dag.py took 0.075 seconds
[2026-05-08T15:46:33.428+0000] {processor.py:161} INFO - Started process (PID=876) to work on /home/airflow/.local/lib/python3.12/site-packages/airflow/example_dags/example_nested_branch_dag.py
[2026-05-08T15:46:33.429+0000] {processor.py:830} INFO - Processing file /home/airflow/.local/lib/python3.12/site-packages/airflow/example_dags/example_nested_branch_dag.py for tasks to queue
[2026-05-08T15:46:33.430+0000] {logging_mixin.py:188} INFO - [2026-05-08T15:46:33.430+0000] {dagbag.py:545} INFO - Filling up the DagBag from /home/airflow/.local/lib/python3.12/site-packages/airflow/example_dags/example_nested_branch_dag.py
[2026-05-08T15:46:33.440+0000] {processor.py:840} INFO - DAG(s) 'example_nested_branch_dag' retrieved from /home/airflow/.local/lib/python3.12/site-packages/airflow/example_dags/example_nested_branch_dag.py
[2026-05-08T15:46:33.462+0000] {logging_mixin.py:188} INFO - [2026-05-08T15:46:33.462+0000] {dag.py:3089} INFO - Sync 1 DAGs
[2026-05-08T15:46:33.488+0000] {logging_mixin.py:188} INFO - [2026-05-08T15:46:33.487+0000] {dag.py:3947} INFO - Setting next_dagrun for example_nested_branch_dag to 2026-05-07 00:00:00+00:00, run_after=2026-05-08 00:00:00+00:00
[2026-05-08T15:46:33.506+0000] {processor.py:183} INFO - Processing /home/airflow/.local/lib/python3.12/site-packages/airflow/example_dags/example_nested_branch_dag.py took 0.083 seconds
[2026-05-08T15:47:04.058+0000] {processor.py:161} INFO - Started process (PID=934) to work on /home/airflow/.local/lib/python3.12/site-packages/airflow/example_dags/example_nested_branch_dag.py
[2026-05-08T15:47:04.059+0000] {processor.py:830} INFO - Processing file /home/airflow/.local/lib/python3.12/site-packages/airflow/example_dags/example_nested_branch_dag.py for tasks to queue
[2026-05-08T15:47:04.060+0000] {logging_mixin.py:188} INFO - [2026-05-08T15:47:04.060+0000] {dagbag.py:545} INFO - Filling up the DagBag from /home/airflow/.local/lib/python3.12/site-packages/airflow/example_dags/example_nested_branch_dag.py
[2026-05-08T15:47:04.069+0000] {processor.py:840} INFO - DAG(s) 'example_nested_branch_dag' retrieved from /home/airflow/.local/lib/python3.12/site-packages/airflow/example_dags/example_nested_branch_dag.py
[2026-05-08T15:47:04.088+0000] {logging_mixin.py:188} INFO - [2026-05-08T15:47:04.087+0000] {dag.py:3089} INFO - Sync 1 DAGs
[2026-05-08T15:47:04.109+0000] {logging_mixin.py:188} INFO - [2026-05-08T15:47:04.109+0000] {dag.py:3947} INFO - Setting next_dagrun for example_nested_branch_dag to 2026-05-07 00:00:00+00:00, run_after=2026-05-08 00:00:00+00:00
[2026-05-08T15:47:04.127+0000] {processor.py:183} INFO - Processing /home/airflow/.local/lib/python3.12/site-packages/airflow/example_dags/example_nested_branch_dag.py took 0.074 seconds
[2026-05-08T15:47:34.260+0000] {processor.py:161} INFO - Started process (PID=992) to work on /home/airflow/.local/lib/python3.12/site-packages/airflow/example_dags/example_nested_branch_dag.py
[2026-05-08T15:47:34.261+0000] {processor.py:830} INFO - Processing file /home/airflow/.local/lib/python3.12/site-packages/airflow/example_dags/example_nested_branch_dag.py for tasks to queue
[2026-05-08T15:47:34.263+0000] {logging_mixin.py:188} INFO - [2026-05-08T15:47:34.262+0000] {dagbag.py:545} INFO - Filling up the DagBag from /home/airflow/.local/lib/python3.12/site-packages/airflow/example_dags/example_nested_branch_dag.py
[2026-05-08T15:47:34.271+0000] {processor.py:840} INFO - DAG(s) 'example_nested_branch_dag' retrieved from /home/airflow/.local/lib/python3.12/site-packages/airflow/example_dags/example_nested_branch_dag.py
[2026-05-08T15:47:34.289+0000] {logging_mixin.py:188} INFO - [2026-05-08T15:47:34.288+0000] {dag.py:3089} INFO - Sync 1 DAGs
[2026-05-08T15:47:34.309+0000] {logging_mixin.py:188} INFO - [2026-05-08T15:47:34.309+0000] {dag.py:3947} INFO - Setting next_dagrun for example_nested_branch_dag to 2026-05-07 00:00:00+00:00, run_after=2026-05-08 00:00:00+00:00
[2026-05-08T15:47:34.325+0000] {processor.py:183} INFO - Processing /home/airflow/.local/lib/python3.12/site-packages/airflow/example_dags/example_nested_branch_dag.py took 0.070 seconds
[2026-05-08T15:48:05.087+0000] {processor.py:161} INFO - Started process (PID=1051) to work on /home/airflow/.local/lib/python3.12/site-packages/airflow/example_dags/example_nested_branch_dag.py
[2026-05-08T15:48:05.088+0000] {processor.py:830} INFO - Processing file /home/airflow/.local/lib/python3.12/site-packages/airflow/example_dags/example_nested_branch_dag.py for tasks to queue
[2026-05-08T15:48:05.089+0000] {logging_mixin.py:188} INFO - [2026-05-08T15:48:05.089+0000] {dagbag.py:545} INFO - Filling up the DagBag from /home/airflow/.local/lib/python3.12/site-packages/airflow/example_dags/example_nested_branch_dag.py
[2026-05-08T15:48:05.106+0000] {processor.py:840} INFO - DAG(s) 'example_nested_branch_dag' retrieved from /home/airflow/.local/lib/python3.12/site-packages/airflow/example_dags/example_nested_branch_dag.py
[2026-05-08T15:48:05.125+0000] {logging_mixin.py:188} INFO - [2026-05-08T15:48:05.125+0000] {dag.py:3089} INFO - Sync 1 DAGs
[2026-05-08T15:48:05.146+0000] {logging_mixin.py:188} INFO - [2026-05-08T15:48:05.146+0000] {dag.py:3947} INFO - Setting next_dagrun for example_nested_branch_dag to 2026-05-07 00:00:00+00:00, run_after=2026-05-08 00:00:00+00:00
[2026-05-08T15:48:05.227+0000] {processor.py:183} INFO - Processing /home/airflow/.local/lib/python3.12/site-packages/airflow/example_dags/example_nested_branch_dag.py took 0.145 seconds
[2026-05-08T15:48:36.118+0000] {processor.py:161} INFO - Started process (PID=1109) to work on /home/airflow/.local/lib/python3.12/site-packages/airflow/example_dags/example_nested_branch_dag.py
[2026-05-08T15:48:36.121+0000] {processor.py:830} INFO - Processing file /home/airflow/.local/lib/python3.12/site-packages/airflow/example_dags/example_nested_branch_dag.py for tasks to queue
[2026-05-08T15:48:36.123+0000] {logging_mixin.py:188} INFO - [2026-05-08T15:48:36.122+0000] {dagbag.py:545} INFO - Filling up the DagBag from /home/airflow/.local/lib/python3.12/site-packages/airflow/example_dags/example_nested_branch_dag.py
[2026-05-08T15:48:36.364+0000] {processor.py:840} INFO - DAG(s) 'example_nested_branch_dag' retrieved from /home/airflow/.local/lib/python3.12/site-packages/airflow/example_dags/example_nested_branch_dag.py
[2026-05-08T15:48:36.383+0000] {logging_mixin.py:188} INFO - [2026-05-08T15:48:36.383+0000] {dag.py:3089} INFO - Sync 1 DAGs
[2026-05-08T15:48:36.402+0000] {logging_mixin.py:188} INFO - [2026-05-08T15:48:36.402+0000] {dag.py:3947} INFO - Setting next_dagrun for example_nested_branch_dag to 2026-05-07 00:00:00+00:00, run_after=2026-05-08 00:00:00+00:00
[2026-05-08T15:48:36.853+0000] {processor.py:183} INFO - Processing /home/airflow/.local/lib/python3.12/site-packages/airflow/example_dags/example_nested_branch_dag.py took 0.739 seconds
[2026-05-08T15:49:26.737+0000] {processor.py:161} INFO - Started process (PID=59) to work on /home/airflow/.local/lib/python3.12/site-packages/airflow/example_dags/example_nested_branch_dag.py
[2026-05-08T15:49:26.738+0000] {processor.py:830} INFO - Processing file /home/airflow/.local/lib/python3.12/site-packages/airflow/example_dags/example_nested_branch_dag.py for tasks to queue
[2026-05-08T15:49:26.739+0000] {logging_mixin.py:188} INFO - [2026-05-08T15:49:26.739+0000] {dagbag.py:545} INFO - Filling up the DagBag from /home/airflow/.local/lib/python3.12/site-packages/airflow/example_dags/example_nested_branch_dag.py
[2026-05-08T15:49:26.751+0000] {processor.py:840} INFO - DAG(s) 'example_nested_branch_dag' retrieved from /home/airflow/.local/lib/python3.12/site-packages/airflow/example_dags/example_nested_branch_dag.py
[2026-05-08T15:49:26.772+0000] {logging_mixin.py:188} INFO - [2026-05-08T15:49:26.772+0000] {dag.py:3089} INFO - Sync 1 DAGs
[2026-05-08T15:49:26.795+0000] {logging_mixin.py:188} INFO - [2026-05-08T15:49:26.794+0000] {dag.py:3947} INFO - Setting next_dagrun for example_nested_branch_dag to 2026-05-07 00:00:00+00:00, run_after=2026-05-08 00:00:00+00:00
[2026-05-08T15:49:26.814+0000] {processor.py:183} INFO - Processing /home/airflow/.local/lib/python3.12/site-packages/airflow/example_dags/example_nested_branch_dag.py took 0.081 seconds
[2026-05-08T15:49:56.889+0000] {processor.py:161} INFO - Started process (PID=117) to work on /home/airflow/.local/lib/python3.12/site-packages/airflow/example_dags/example_nested_branch_dag.py
[2026-05-08T15:49:56.889+0000] {processor.py:830} INFO - Processing file /home/airflow/.local/lib/python3.12/site-packages/airflow/example_dags/example_nested_branch_dag.py for tasks to queue
[2026-05-08T15:49:56.891+0000] {logging_mixin.py:188} INFO - [2026-05-08T15:49:56.890+0000] {dagbag.py:545} INFO - Filling up the DagBag from /home/airflow/.local/lib/python3.12/site-packages/airflow/example_dags/example_nested_branch_dag.py
[2026-05-08T15:49:56.899+0000] {processor.py:840} INFO - DAG(s) 'example_nested_branch_dag' retrieved from /home/airflow/.local/lib/python3.12/site-packages/airflow/example_dags/example_nested_branch_dag.py
[2026-05-08T15:49:56.916+0000] {logging_mixin.py:188} INFO - [2026-05-08T15:49:56.915+0000] {dag.py:3089} INFO - Sync 1 DAGs
[2026-05-08T15:49:56.934+0000] {logging_mixin.py:188} INFO - [2026-05-08T15:49:56.934+0000] {dag.py:3947} INFO - Setting next_dagrun for example_nested_branch_dag to 2026-05-07 00:00:00+00:00, run_after=2026-05-08 00:00:00+00:00
[2026-05-08T15:49:56.951+0000] {processor.py:183} INFO - Processing /home/airflow/.local/lib/python3.12/site-packages/airflow/example_dags/example_nested_branch_dag.py took 0.067 seconds
[2026-05-08T15:50:27.865+0000] {processor.py:161} INFO - Started process (PID=175) to work on /home/airflow/.local/lib/python3.12/site-packages/airflow/example_dags/example_nested_branch_dag.py
[2026-05-08T15:50:27.866+0000] {processor.py:830} INFO - Processing file /home/airflow/.local/lib/python3.12/site-packages/airflow/example_dags/example_nested_branch_dag.py for tasks to queue
[2026-05-08T15:50:27.867+0000] {logging_mixin.py:188} INFO - [2026-05-08T15:50:27.867+0000] {dagbag.py:545} INFO - Filling up the DagBag from /home/airflow/.local/lib/python3.12/site-packages/airflow/example_dags/example_nested_branch_dag.py
[2026-05-08T15:50:27.875+0000] {processor.py:840} INFO - DAG(s) 'example_nested_branch_dag' retrieved from /home/airflow/.local/lib/python3.12/site-packages/airflow/example_dags/example_nested_branch_dag.py
[2026-05-08T15:50:27.892+0000] {logging_mixin.py:188} INFO - [2026-05-08T15:50:27.892+0000] {dag.py:3089} INFO - Sync 1 DAGs
[2026-05-08T15:50:27.911+0000] {logging_mixin.py:188} INFO - [2026-05-08T15:50:27.911+0000] {dag.py:3947} INFO - Setting next_dagrun for example_nested_branch_dag to 2026-05-07 00:00:00+00:00, run_after=2026-05-08 00:00:00+00:00
[2026-05-08T15:50:27.926+0000] {processor.py:183} INFO - Processing /home/airflow/.local/lib/python3.12/site-packages/airflow/example_dags/example_nested_branch_dag.py took 0.066 seconds
[2026-05-08T15:50:58.176+0000] {processor.py:161} INFO - Started process (PID=233) to work on /home/airflow/.local/lib/python3.12/site-packages/airflow/example_dags/example_nested_branch_dag.py
[2026-05-08T15:50:58.177+0000] {processor.py:830} INFO - Processing file /home/airflow/.local/lib/python3.12/site-packages/airflow/example_dags/example_nested_branch_dag.py for tasks to queue
[2026-05-08T15:50:58.178+0000] {logging_mixin.py:188} INFO - [2026-05-08T15:50:58.178+0000] {dagbag.py:545} INFO - Filling up the DagBag from /home/airflow/.local/lib/python3.12/site-packages/airflow/example_dags/example_nested_branch_dag.py
[2026-05-08T15:50:58.186+0000] {processor.py:840} INFO - DAG(s) 'example_nested_branch_dag' retrieved from /home/airflow/.local/lib/python3.12/site-packages/airflow/example_dags/example_nested_branch_dag.py
[2026-05-08T15:50:58.203+0000] {logging_mixin.py:188} INFO - [2026-05-08T15:50:58.203+0000] {dag.py:3089} INFO - Sync 1 DAGs
[2026-05-08T15:50:58.222+0000] {logging_mixin.py:188} INFO - [2026-05-08T15:50:58.222+0000] {dag.py:3947} INFO - Setting next_dagrun for example_nested_branch_dag to 2026-05-07 00:00:00+00:00, run_after=2026-05-08 00:00:00+00:00
[2026-05-08T15:50:58.237+0000] {processor.py:183} INFO - Processing /home/airflow/.local/lib/python3.12/site-packages/airflow/example_dags/example_nested_branch_dag.py took 0.066 seconds
[2026-05-08T15:51:28.464+0000] {processor.py:161} INFO - Started process (PID=291) to work on /home/airflow/.local/lib/python3.12/site-packages/airflow/example_dags/example_nested_branch_dag.py
[2026-05-08T15:51:28.464+0000] {processor.py:830} INFO - Processing file /home/airflow/.local/lib/python3.12/site-packages/airflow/example_dags/example_nested_branch_dag.py for tasks to queue
[2026-05-08T15:51:28.466+0000] {logging_mixin.py:188} INFO - [2026-05-08T15:51:28.466+0000] {dagbag.py:545} INFO - Filling up the DagBag from /home/airflow/.local/lib/python3.12/site-packages/airflow/example_dags/example_nested_branch_dag.py
[2026-05-08T15:51:28.476+0000] {processor.py:840} INFO - DAG(s) 'example_nested_branch_dag' retrieved from /home/airflow/.local/lib/python3.12/site-packages/airflow/example_dags/example_nested_branch_dag.py
[2026-05-08T15:51:28.497+0000] {logging_mixin.py:188} INFO - [2026-05-08T15:51:28.497+0000] {dag.py:3089} INFO - Sync 1 DAGs
[2026-05-08T15:51:28.521+0000] {logging_mixin.py:188} INFO - [2026-05-08T15:51:28.520+0000] {dag.py:3947} INFO - Setting next_dagrun for example_nested_branch_dag to 2026-05-07 00:00:00+00:00, run_after=2026-05-08 00:00:00+00:00
[2026-05-08T15:51:28.537+0000] {processor.py:183} INFO - Processing /home/airflow/.local/lib/python3.12/site-packages/airflow/example_dags/example_nested_branch_dag.py took 0.078 seconds
[2026-05-08T15:51:58.767+0000] {processor.py:161} INFO - Started process (PID=349) to work on /home/airflow/.local/lib/python3.12/site-packages/airflow/example_dags/example_nested_branch_dag.py
[2026-05-08T15:51:58.768+0000] {processor.py:830} INFO - Processing file /home/airflow/.local/lib/python3.12/site-packages/airflow/example_dags/example_nested_branch_dag.py for tasks to queue
[2026-05-08T15:51:58.769+0000] {logging_mixin.py:188} INFO - [2026-05-08T15:51:58.769+0000] {dagbag.py:545} INFO - Filling up the DagBag from /home/airflow/.local/lib/python3.12/site-packages/airflow/example_dags/example_nested_branch_dag.py
[2026-05-08T15:51:58.777+0000] {processor.py:840} INFO - DAG(s) 'example_nested_branch_dag' retrieved from /home/airflow/.local/lib/python3.12/site-packages/airflow/example_dags/example_nested_branch_dag.py
[2026-05-08T15:51:58.795+0000] {logging_mixin.py:188} INFO - [2026-05-08T15:51:58.795+0000] {dag.py:3089} INFO - Sync 1 DAGs
[2026-05-08T15:51:58.815+0000] {logging_mixin.py:188} INFO - [2026-05-08T15:51:58.815+0000] {dag.py:3947} INFO - Setting next_dagrun for example_nested_branch_dag to 2026-05-07 00:00:00+00:00, run_after=2026-05-08 00:00:00+00:00
[2026-05-08T15:51:58.830+0000] {processor.py:183} INFO - Processing /home/airflow/.local/lib/python3.12/site-packages/airflow/example_dags/example_nested_branch_dag.py took 0.068 seconds
[2026-05-08T15:52:29.230+0000] {processor.py:161} INFO - Started process (PID=407) to work on /home/airflow/.local/lib/python3.12/site-packages/airflow/example_dags/example_nested_branch_dag.py
[2026-05-08T15:52:29.231+0000] {processor.py:830} INFO - Processing file /home/airflow/.local/lib/python3.12/site-packages/airflow/example_dags/example_nested_branch_dag.py for tasks to queue
[2026-05-08T15:52:29.232+0000] {logging_mixin.py:188} INFO - [2026-05-08T15:52:29.232+0000] {dagbag.py:545} INFO - Filling up the DagBag from /home/airflow/.local/lib/python3.12/site-packages/airflow/example_dags/example_nested_branch_dag.py
[2026-05-08T15:52:29.240+0000] {processor.py:840} INFO - DAG(s) 'example_nested_branch_dag' retrieved from /home/airflow/.local/lib/python3.12/site-packages/airflow/example_dags/example_nested_branch_dag.py
[2026-05-08T15:52:29.257+0000] {logging_mixin.py:188} INFO - [2026-05-08T15:52:29.257+0000] {dag.py:3089} INFO - Sync 1 DAGs
[2026-05-08T15:52:29.276+0000] {logging_mixin.py:188} INFO - [2026-05-08T15:52:29.276+0000] {dag.py:3947} INFO - Setting next_dagrun for example_nested_branch_dag to 2026-05-07 00:00:00+00:00, run_after=2026-05-08 00:00:00+00:00
[2026-05-08T15:52:29.292+0000] {processor.py:183} INFO - Processing /home/airflow/.local/lib/python3.12/site-packages/airflow/example_dags/example_nested_branch_dag.py took 0.066 seconds
[2026-05-08T15:52:59.588+0000] {processor.py:161} INFO - Started process (PID=465) to work on /home/airflow/.local/lib/python3.12/site-packages/airflow/example_dags/example_nested_branch_dag.py
[2026-05-08T15:52:59.589+0000] {processor.py:830} INFO - Processing file /home/airflow/.local/lib/python3.12/site-packages/airflow/example_dags/example_nested_branch_dag.py for tasks to queue
[2026-05-08T15:52:59.591+0000] {logging_mixin.py:188} INFO - [2026-05-08T15:52:59.590+0000] {dagbag.py:545} INFO - Filling up the DagBag from /home/airflow/.local/lib/python3.12/site-packages/airflow/example_dags/example_nested_branch_dag.py
[2026-05-08T15:52:59.598+0000] {processor.py:840} INFO - DAG(s) 'example_nested_branch_dag' retrieved from /home/airflow/.local/lib/python3.12/site-packages/airflow/example_dags/example_nested_branch_dag.py
[2026-05-08T15:52:59.615+0000] {logging_mixin.py:188} INFO - [2026-05-08T15:52:59.615+0000] {dag.py:3089} INFO - Sync 1 DAGs
[2026-05-08T15:52:59.634+0000] {logging_mixin.py:188} INFO - [2026-05-08T15:52:59.634+0000] {dag.py:3947} INFO - Setting next_dagrun for example_nested_branch_dag to 2026-05-07 00:00:00+00:00, run_after=2026-05-08 00:00:00+00:00
[2026-05-08T15:52:59.649+0000] {processor.py:183} INFO - Processing /home/airflow/.local/lib/python3.12/site-packages/airflow/example_dags/example_nested_branch_dag.py took 0.066 seconds
[2026-05-08T15:53:29.980+0000] {processor.py:161} INFO - Started process (PID=523) to work on /home/airflow/.local/lib/python3.12/site-packages/airflow/example_dags/example_nested_branch_dag.py
[2026-05-08T15:53:29.981+0000] {processor.py:830} INFO - Processing file /home/airflow/.local/lib/python3.12/site-packages/airflow/example_dags/example_nested_branch_dag.py for tasks to queue
[2026-05-08T15:53:29.982+0000] {logging_mixin.py:188} INFO - [2026-05-08T15:53:29.982+0000] {dagbag.py:545} INFO - Filling up the DagBag from /home/airflow/.local/lib/python3.12/site-packages/airflow/example_dags/example_nested_branch_dag.py
[2026-05-08T15:53:29.990+0000] {processor.py:840} INFO - DAG(s) 'example_nested_branch_dag' retrieved from /home/airflow/.local/lib/python3.12/site-packages/airflow/example_dags/example_nested_branch_dag.py
[2026-05-08T15:53:30.007+0000] {logging_mixin.py:188} INFO - [2026-05-08T15:53:30.007+0000] {dag.py:3089} INFO - Sync 1 DAGs
[2026-05-08T15:53:30.028+0000] {logging_mixin.py:188} INFO - [2026-05-08T15:53:30.028+0000] {dag.py:3947} INFO - Setting next_dagrun for example_nested_branch_dag to 2026-05-07 00:00:00+00:00, run_after=2026-05-08 00:00:00+00:00
[2026-05-08T15:53:30.043+0000] {processor.py:183} INFO - Processing /home/airflow/.local/lib/python3.12/site-packages/airflow/example_dags/example_nested_branch_dag.py took 0.069 seconds
[2026-05-08T15:54:00.380+0000] {processor.py:161} INFO - Started process (PID=581) to work on /home/airflow/.local/lib/python3.12/site-packages/airflow/example_dags/example_nested_branch_dag.py
[2026-05-08T15:54:00.381+0000] {processor.py:830} INFO - Processing file /home/airflow/.local/lib/python3.12/site-packages/airflow/example_dags/example_nested_branch_dag.py for tasks to queue
[2026-05-08T15:54:00.382+0000] {logging_mixin.py:188} INFO - [2026-05-08T15:54:00.382+0000] {dagbag.py:545} INFO - Filling up the DagBag from /home/airflow/.local/lib/python3.12/site-packages/airflow/example_dags/example_nested_branch_dag.py
[2026-05-08T15:54:00.390+0000] {processor.py:840} INFO - DAG(s) 'example_nested_branch_dag' retrieved from /home/airflow/.local/lib/python3.12/site-packages/airflow/example_dags/example_nested_branch_dag.py
[2026-05-08T15:54:00.407+0000] {logging_mixin.py:188} INFO - [2026-05-08T15:54:00.407+0000] {dag.py:3089} INFO - Sync 1 DAGs
[2026-05-08T15:54:00.426+0000] {logging_mixin.py:188} INFO - [2026-05-08T15:54:00.425+0000] {dag.py:3947} INFO - Setting next_dagrun for example_nested_branch_dag to 2026-05-07 00:00:00+00:00, run_after=2026-05-08 00:00:00+00:00
[2026-05-08T15:54:00.441+0000] {processor.py:183} INFO - Processing /home/airflow/.local/lib/python3.12/site-packages/airflow/example_dags/example_nested_branch_dag.py took 0.065 seconds
[2026-05-08T15:54:30.761+0000] {processor.py:161} INFO - Started process (PID=639) to work on /home/airflow/.local/lib/python3.12/site-packages/airflow/example_dags/example_nested_branch_dag.py
[2026-05-08T15:54:30.762+0000] {processor.py:830} INFO - Processing file /home/airflow/.local/lib/python3.12/site-packages/airflow/example_dags/example_nested_branch_dag.py for tasks to queue
[2026-05-08T15:54:30.763+0000] {logging_mixin.py:188} INFO - [2026-05-08T15:54:30.763+0000] {dagbag.py:545} INFO - Filling up the DagBag from /home/airflow/.local/lib/python3.12/site-packages/airflow/example_dags/example_nested_branch_dag.py
[2026-05-08T15:54:30.771+0000] {processor.py:840} INFO - DAG(s) 'example_nested_branch_dag' retrieved from /home/airflow/.local/lib/python3.12/site-packages/airflow/example_dags/example_nested_branch_dag.py
[2026-05-08T15:54:30.788+0000] {logging_mixin.py:188} INFO - [2026-05-08T15:54:30.787+0000] {dag.py:3089} INFO - Sync 1 DAGs
[2026-05-08T15:54:30.806+0000] {logging_mixin.py:188} INFO - [2026-05-08T15:54:30.806+0000] {dag.py:3947} INFO - Setting next_dagrun for example_nested_branch_dag to 2026-05-07 00:00:00+00:00, run_after=2026-05-08 00:00:00+00:00
[2026-05-08T15:54:30.822+0000] {processor.py:183} INFO - Processing /home/airflow/.local/lib/python3.12/site-packages/airflow/example_dags/example_nested_branch_dag.py took 0.065 seconds
[2026-05-08T15:55:01.072+0000] {processor.py:161} INFO - Started process (PID=697) to work on /home/airflow/.local/lib/python3.12/site-packages/airflow/example_dags/example_nested_branch_dag.py
[2026-05-08T15:55:01.073+0000] {processor.py:830} INFO - Processing file /home/airflow/.local/lib/python3.12/site-packages/airflow/example_dags/example_nested_branch_dag.py for tasks to queue
[2026-05-08T15:55:01.075+0000] {logging_mixin.py:188} INFO - [2026-05-08T15:55:01.074+0000] {dagbag.py:545} INFO - Filling up the DagBag from /home/airflow/.local/lib/python3.12/site-packages/airflow/example_dags/example_nested_branch_dag.py
[2026-05-08T15:55:01.083+0000] {processor.py:840} INFO - DAG(s) 'example_nested_branch_dag' retrieved from /home/airflow/.local/lib/python3.12/site-packages/airflow/example_dags/example_nested_branch_dag.py
[2026-05-08T15:55:01.100+0000] {logging_mixin.py:188} INFO - [2026-05-08T15:55:01.100+0000] {dag.py:3089} INFO - Sync 1 DAGs
[2026-05-08T15:55:01.119+0000] {logging_mixin.py:188} INFO - [2026-05-08T15:55:01.118+0000] {dag.py:3947} INFO - Setting next_dagrun for example_nested_branch_dag to 2026-05-07 00:00:00+00:00, run_after=2026-05-08 00:00:00+00:00
[2026-05-08T15:55:01.134+0000] {processor.py:183} INFO - Processing /home/airflow/.local/lib/python3.12/site-packages/airflow/example_dags/example_nested_branch_dag.py took 0.066 seconds
[2026-05-08T15:55:31.463+0000] {processor.py:161} INFO - Started process (PID=755) to work on /home/airflow/.local/lib/python3.12/site-packages/airflow/example_dags/example_nested_branch_dag.py
[2026-05-08T15:55:31.463+0000] {processor.py:830} INFO - Processing file /home/airflow/.local/lib/python3.12/site-packages/airflow/example_dags/example_nested_branch_dag.py for tasks to queue
[2026-05-08T15:55:31.464+0000] {logging_mixin.py:188} INFO - [2026-05-08T15:55:31.464+0000] {dagbag.py:545} INFO - Filling up the DagBag from /home/airflow/.local/lib/python3.12/site-packages/airflow/example_dags/example_nested_branch_dag.py
[2026-05-08T15:55:31.472+0000] {processor.py:840} INFO - DAG(s) 'example_nested_branch_dag' retrieved from /home/airflow/.local/lib/python3.12/site-packages/airflow/example_dags/example_nested_branch_dag.py
[2026-05-08T15:55:31.489+0000] {logging_mixin.py:188} INFO - [2026-05-08T15:55:31.489+0000] {dag.py:3089} INFO - Sync 1 DAGs
[2026-05-08T15:55:31.508+0000] {logging_mixin.py:188} INFO - [2026-05-08T15:55:31.507+0000] {dag.py:3947} INFO - Setting next_dagrun for example_nested_branch_dag to 2026-05-07 00:00:00+00:00, run_after=2026-05-08 00:00:00+00:00
[2026-05-08T15:55:31.522+0000] {processor.py:183} INFO - Processing /home/airflow/.local/lib/python3.12/site-packages/airflow/example_dags/example_nested_branch_dag.py took 0.064 seconds
[2026-05-08T15:56:01.973+0000] {processor.py:161} INFO - Started process (PID=813) to work on /home/airflow/.local/lib/python3.12/site-packages/airflow/example_dags/example_nested_branch_dag.py
[2026-05-08T15:56:01.974+0000] {processor.py:830} INFO - Processing file /home/airflow/.local/lib/python3.12/site-packages/airflow/example_dags/example_nested_branch_dag.py for tasks to queue
[2026-05-08T15:56:01.975+0000] {logging_mixin.py:188} INFO - [2026-05-08T15:56:01.975+0000] {dagbag.py:545} INFO - Filling up the DagBag from /home/airflow/.local/lib/python3.12/site-packages/airflow/example_dags/example_nested_branch_dag.py
[2026-05-08T15:56:01.983+0000] {processor.py:840} INFO - DAG(s) 'example_nested_branch_dag' retrieved from /home/airflow/.local/lib/python3.12/site-packages/airflow/example_dags/example_nested_branch_dag.py
[2026-05-08T15:56:02.004+0000] {logging_mixin.py:188} INFO - [2026-05-08T15:56:02.004+0000] {dag.py:3089} INFO - Sync 1 DAGs
[2026-05-08T15:56:02.026+0000] {logging_mixin.py:188} INFO - [2026-05-08T15:56:02.025+0000] {dag.py:3947} INFO - Setting next_dagrun for example_nested_branch_dag to 2026-05-07 00:00:00+00:00, run_after=2026-05-08 00:00:00+00:00
[2026-05-08T15:56:02.041+0000] {processor.py:183} INFO - Processing /home/airflow/.local/lib/python3.12/site-packages/airflow/example_dags/example_nested_branch_dag.py took 0.072 seconds
[2026-05-08T15:56:32.585+0000] {processor.py:161} INFO - Started process (PID=871) to work on /home/airflow/.local/lib/python3.12/site-packages/airflow/example_dags/example_nested_branch_dag.py
[2026-05-08T15:56:32.585+0000] {processor.py:830} INFO - Processing file /home/airflow/.local/lib/python3.12/site-packages/airflow/example_dags/example_nested_branch_dag.py for tasks to queue
[2026-05-08T15:56:32.587+0000] {logging_mixin.py:188} INFO - [2026-05-08T15:56:32.586+0000] {dagbag.py:545} INFO - Filling up the DagBag from /home/airflow/.local/lib/python3.12/site-packages/airflow/example_dags/example_nested_branch_dag.py
[2026-05-08T15:56:32.595+0000] {processor.py:840} INFO - DAG(s) 'example_nested_branch_dag' retrieved from /home/airflow/.local/lib/python3.12/site-packages/airflow/example_dags/example_nested_branch_dag.py
[2026-05-08T15:56:32.612+0000] {logging_mixin.py:188} INFO - [2026-05-08T15:56:32.611+0000] {dag.py:3089} INFO - Sync 1 DAGs
[2026-05-08T15:56:32.632+0000] {logging_mixin.py:188} INFO - [2026-05-08T15:56:32.632+0000] {dag.py:3947} INFO - Setting next_dagrun for example_nested_branch_dag to 2026-05-07 00:00:00+00:00, run_after=2026-05-08 00:00:00+00:00
[2026-05-08T15:56:32.647+0000] {processor.py:183} INFO - Processing /home/airflow/.local/lib/python3.12/site-packages/airflow/example_dags/example_nested_branch_dag.py took 0.069 seconds
[2026-05-08T15:57:02.709+0000] {processor.py:161} INFO - Started process (PID=929) to work on /home/airflow/.local/lib/python3.12/site-packages/airflow/example_dags/example_nested_branch_dag.py
[2026-05-08T15:57:02.711+0000] {processor.py:830} INFO - Processing file /home/airflow/.local/lib/python3.12/site-packages/airflow/example_dags/example_nested_branch_dag.py for tasks to queue
[2026-05-08T15:57:02.714+0000] {logging_mixin.py:188} INFO - [2026-05-08T15:57:02.713+0000] {dagbag.py:545} INFO - Filling up the DagBag from /home/airflow/.local/lib/python3.12/site-packages/airflow/example_dags/example_nested_branch_dag.py
[2026-05-08T15:57:02.722+0000] {processor.py:840} INFO - DAG(s) 'example_nested_branch_dag' retrieved from /home/airflow/.local/lib/python3.12/site-packages/airflow/example_dags/example_nested_branch_dag.py
[2026-05-08T15:57:02.740+0000] {logging_mixin.py:188} INFO - [2026-05-08T15:57:02.739+0000] {dag.py:3089} INFO - Sync 1 DAGs
[2026-05-08T15:57:02.762+0000] {logging_mixin.py:188} INFO - [2026-05-08T15:57:02.762+0000] {dag.py:3947} INFO - Setting next_dagrun for example_nested_branch_dag to 2026-05-07 00:00:00+00:00, run_after=2026-05-08 00:00:00+00:00
[2026-05-08T15:57:02.778+0000] {processor.py:183} INFO - Processing /home/airflow/.local/lib/python3.12/site-packages/airflow/example_dags/example_nested_branch_dag.py took 0.074 seconds
[2026-05-08T15:57:32.888+0000] {processor.py:161} INFO - Started process (PID=987) to work on /home/airflow/.local/lib/python3.12/site-packages/airflow/example_dags/example_nested_branch_dag.py
[2026-05-08T15:57:32.889+0000] {processor.py:830} INFO - Processing file /home/airflow/.local/lib/python3.12/site-packages/airflow/example_dags/example_nested_branch_dag.py for tasks to queue
[2026-05-08T15:57:32.890+0000] {logging_mixin.py:188} INFO - [2026-05-08T15:57:32.890+0000] {dagbag.py:545} INFO - Filling up the DagBag from /home/airflow/.local/lib/python3.12/site-packages/airflow/example_dags/example_nested_branch_dag.py
[2026-05-08T15:57:32.898+0000] {processor.py:840} INFO - DAG(s) 'example_nested_branch_dag' retrieved from /home/airflow/.local/lib/python3.12/site-packages/airflow/example_dags/example_nested_branch_dag.py
[2026-05-08T15:57:32.916+0000] {logging_mixin.py:188} INFO - [2026-05-08T15:57:32.916+0000] {dag.py:3089} INFO - Sync 1 DAGs
[2026-05-08T15:57:32.935+0000] {logging_mixin.py:188} INFO - [2026-05-08T15:57:32.935+0000] {dag.py:3947} INFO - Setting next_dagrun for example_nested_branch_dag to 2026-05-07 00:00:00+00:00, run_after=2026-05-08 00:00:00+00:00
[2026-05-08T15:57:32.953+0000] {processor.py:183} INFO - Processing /home/airflow/.local/lib/python3.12/site-packages/airflow/example_dags/example_nested_branch_dag.py took 0.069 seconds
[2026-05-08T15:58:03.042+0000] {processor.py:161} INFO - Started process (PID=1045) to work on /home/airflow/.local/lib/python3.12/site-packages/airflow/example_dags/example_nested_branch_dag.py
[2026-05-08T15:58:03.043+0000] {processor.py:830} INFO - Processing file /home/airflow/.local/lib/python3.12/site-packages/airflow/example_dags/example_nested_branch_dag.py for tasks to queue
[2026-05-08T15:58:03.044+0000] {logging_mixin.py:188} INFO - [2026-05-08T15:58:03.044+0000] {dagbag.py:545} INFO - Filling up the DagBag from /home/airflow/.local/lib/python3.12/site-packages/airflow/example_dags/example_nested_branch_dag.py
[2026-05-08T15:58:03.052+0000] {processor.py:840} INFO - DAG(s) 'example_nested_branch_dag' retrieved from /home/airflow/.local/lib/python3.12/site-packages/airflow/example_dags/example_nested_branch_dag.py
[2026-05-08T15:58:03.070+0000] {logging_mixin.py:188} INFO - [2026-05-08T15:58:03.070+0000] {dag.py:3089} INFO - Sync 1 DAGs
[2026-05-08T15:58:03.091+0000] {logging_mixin.py:188} INFO - [2026-05-08T15:58:03.091+0000] {dag.py:3947} INFO - Setting next_dagrun for example_nested_branch_dag to 2026-05-07 00:00:00+00:00, run_after=2026-05-08 00:00:00+00:00
[2026-05-08T15:58:03.107+0000] {processor.py:183} INFO - Processing /home/airflow/.local/lib/python3.12/site-packages/airflow/example_dags/example_nested_branch_dag.py took 0.072 seconds
[2026-05-08T15:58:33.238+0000] {processor.py:161} INFO - Started process (PID=1103) to work on /home/airflow/.local/lib/python3.12/site-packages/airflow/example_dags/example_nested_branch_dag.py
[2026-05-08T15:58:33.239+0000] {processor.py:830} INFO - Processing file /home/airflow/.local/lib/python3.12/site-packages/airflow/example_dags/example_nested_branch_dag.py for tasks to queue
[2026-05-08T15:58:33.241+0000] {logging_mixin.py:188} INFO - [2026-05-08T15:58:33.241+0000] {dagbag.py:545} INFO - Filling up the DagBag from /home/airflow/.local/lib/python3.12/site-packages/airflow/example_dags/example_nested_branch_dag.py
[2026-05-08T15:58:33.250+0000] {processor.py:840} INFO - DAG(s) 'example_nested_branch_dag' retrieved from /home/airflow/.local/lib/python3.12/site-packages/airflow/example_dags/example_nested_branch_dag.py
[2026-05-08T15:58:33.269+0000] {logging_mixin.py:188} INFO - [2026-05-08T15:58:33.269+0000] {dag.py:3089} INFO - Sync 1 DAGs
[2026-05-08T15:58:33.293+0000] {logging_mixin.py:188} INFO - [2026-05-08T15:58:33.293+0000] {dag.py:3947} INFO - Setting next_dagrun for example_nested_branch_dag to 2026-05-07 00:00:00+00:00, run_after=2026-05-08 00:00:00+00:00
[2026-05-08T15:58:33.313+0000] {processor.py:183} INFO - Processing /home/airflow/.local/lib/python3.12/site-packages/airflow/example_dags/example_nested_branch_dag.py took 0.081 seconds
[2026-05-08T15:59:03.481+0000] {processor.py:161} INFO - Started process (PID=1161) to work on /home/airflow/.local/lib/python3.12/site-packages/airflow/example_dags/example_nested_branch_dag.py
[2026-05-08T15:59:03.482+0000] {processor.py:830} INFO - Processing file /home/airflow/.local/lib/python3.12/site-packages/airflow/example_dags/example_nested_branch_dag.py for tasks to queue
[2026-05-08T15:59:03.484+0000] {logging_mixin.py:188} INFO - [2026-05-08T15:59:03.483+0000] {dagbag.py:545} INFO - Filling up the DagBag from /home/airflow/.local/lib/python3.12/site-packages/airflow/example_dags/example_nested_branch_dag.py
[2026-05-08T15:59:03.492+0000] {processor.py:840} INFO - DAG(s) 'example_nested_branch_dag' retrieved from /home/airflow/.local/lib/python3.12/site-packages/airflow/example_dags/example_nested_branch_dag.py
[2026-05-08T15:59:03.512+0000] {logging_mixin.py:188} INFO - [2026-05-08T15:59:03.512+0000] {dag.py:3089} INFO - Sync 1 DAGs
[2026-05-08T15:59:03.531+0000] {logging_mixin.py:188} INFO - [2026-05-08T15:59:03.531+0000] {dag.py:3947} INFO - Setting next_dagrun for example_nested_branch_dag to 2026-05-07 00:00:00+00:00, run_after=2026-05-08 00:00:00+00:00
[2026-05-08T15:59:03.550+0000] {processor.py:183} INFO - Processing /home/airflow/.local/lib/python3.12/site-packages/airflow/example_dags/example_nested_branch_dag.py took 0.074 seconds
