[2026-05-08T15:39:23.279+0000] {processor.py:161} INFO - Started process (PID=47) to work on /home/airflow/.local/lib/python3.12/site-packages/airflow/example_dags/example_task_group.py
[2026-05-08T15:39:23.279+0000] {processor.py:830} INFO - Processing file /home/airflow/.local/lib/python3.12/site-packages/airflow/example_dags/example_task_group.py for tasks to queue
[2026-05-08T15:39:23.281+0000] {logging_mixin.py:188} INFO - [2026-05-08T15:39:23.281+0000] {dagbag.py:545} INFO - Filling up the DagBag from /home/airflow/.local/lib/python3.12/site-packages/airflow/example_dags/example_task_group.py
[2026-05-08T15:39:23.292+0000] {processor.py:840} INFO - DAG(s) 'example_task_group' retrieved from /home/airflow/.local/lib/python3.12/site-packages/airflow/example_dags/example_task_group.py
[2026-05-08T15:39:23.331+0000] {logging_mixin.py:188} INFO - [2026-05-08T15:39:23.331+0000] {dag.py:3089} INFO - Sync 1 DAGs
[2026-05-08T15:39:23.357+0000] {logging_mixin.py:188} INFO - [2026-05-08T15:39:23.356+0000] {dag.py:3947} INFO - Setting next_dagrun for example_task_group to 2026-05-07 00:00:00+00:00, run_after=2026-05-08 00:00:00+00:00
[2026-05-08T15:39:23.379+0000] {processor.py:183} INFO - Processing /home/airflow/.local/lib/python3.12/site-packages/airflow/example_dags/example_task_group.py took 0.106 seconds
[2026-05-08T15:39:53.452+0000] {processor.py:161} INFO - Started process (PID=105) to work on /home/airflow/.local/lib/python3.12/site-packages/airflow/example_dags/example_task_group.py
[2026-05-08T15:39:53.452+0000] {processor.py:830} INFO - Processing file /home/airflow/.local/lib/python3.12/site-packages/airflow/example_dags/example_task_group.py for tasks to queue
[2026-05-08T15:39:53.454+0000] {logging_mixin.py:188} INFO - [2026-05-08T15:39:53.454+0000] {dagbag.py:545} INFO - Filling up the DagBag from /home/airflow/.local/lib/python3.12/site-packages/airflow/example_dags/example_task_group.py
[2026-05-08T15:39:53.461+0000] {processor.py:840} INFO - DAG(s) 'example_task_group' retrieved from /home/airflow/.local/lib/python3.12/site-packages/airflow/example_dags/example_task_group.py
[2026-05-08T15:39:53.479+0000] {logging_mixin.py:188} INFO - [2026-05-08T15:39:53.479+0000] {dag.py:3089} INFO - Sync 1 DAGs
[2026-05-08T15:39:53.497+0000] {logging_mixin.py:188} INFO - [2026-05-08T15:39:53.497+0000] {dag.py:3947} INFO - Setting next_dagrun for example_task_group to 2026-05-07 00:00:00+00:00, run_after=2026-05-08 00:00:00+00:00
[2026-05-08T15:39:53.513+0000] {processor.py:183} INFO - Processing /home/airflow/.local/lib/python3.12/site-packages/airflow/example_dags/example_task_group.py took 0.066 seconds
[2026-05-08T15:40:23.973+0000] {processor.py:161} INFO - Started process (PID=163) to work on /home/airflow/.local/lib/python3.12/site-packages/airflow/example_dags/example_task_group.py
[2026-05-08T15:40:23.974+0000] {processor.py:830} INFO - Processing file /home/airflow/.local/lib/python3.12/site-packages/airflow/example_dags/example_task_group.py for tasks to queue
[2026-05-08T15:40:23.975+0000] {logging_mixin.py:188} INFO - [2026-05-08T15:40:23.975+0000] {dagbag.py:545} INFO - Filling up the DagBag from /home/airflow/.local/lib/python3.12/site-packages/airflow/example_dags/example_task_group.py
[2026-05-08T15:40:23.981+0000] {processor.py:840} INFO - DAG(s) 'example_task_group' retrieved from /home/airflow/.local/lib/python3.12/site-packages/airflow/example_dags/example_task_group.py
[2026-05-08T15:40:23.998+0000] {logging_mixin.py:188} INFO - [2026-05-08T15:40:23.998+0000] {dag.py:3089} INFO - Sync 1 DAGs
[2026-05-08T15:40:24.017+0000] {logging_mixin.py:188} INFO - [2026-05-08T15:40:24.016+0000] {dag.py:3947} INFO - Setting next_dagrun for example_task_group to 2026-05-07 00:00:00+00:00, run_after=2026-05-08 00:00:00+00:00
[2026-05-08T15:40:24.032+0000] {processor.py:183} INFO - Processing /home/airflow/.local/lib/python3.12/site-packages/airflow/example_dags/example_task_group.py took 0.063 seconds
[2026-05-08T15:40:54.163+0000] {processor.py:161} INFO - Started process (PID=221) to work on /home/airflow/.local/lib/python3.12/site-packages/airflow/example_dags/example_task_group.py
[2026-05-08T15:40:54.164+0000] {processor.py:830} INFO - Processing file /home/airflow/.local/lib/python3.12/site-packages/airflow/example_dags/example_task_group.py for tasks to queue
[2026-05-08T15:40:54.166+0000] {logging_mixin.py:188} INFO - [2026-05-08T15:40:54.165+0000] {dagbag.py:545} INFO - Filling up the DagBag from /home/airflow/.local/lib/python3.12/site-packages/airflow/example_dags/example_task_group.py
[2026-05-08T15:40:54.171+0000] {processor.py:840} INFO - DAG(s) 'example_task_group' retrieved from /home/airflow/.local/lib/python3.12/site-packages/airflow/example_dags/example_task_group.py
[2026-05-08T15:40:54.188+0000] {logging_mixin.py:188} INFO - [2026-05-08T15:40:54.188+0000] {dag.py:3089} INFO - Sync 1 DAGs
[2026-05-08T15:40:54.206+0000] {logging_mixin.py:188} INFO - [2026-05-08T15:40:54.206+0000] {dag.py:3947} INFO - Setting next_dagrun for example_task_group to 2026-05-07 00:00:00+00:00, run_after=2026-05-08 00:00:00+00:00
[2026-05-08T15:40:54.221+0000] {processor.py:183} INFO - Processing /home/airflow/.local/lib/python3.12/site-packages/airflow/example_dags/example_task_group.py took 0.063 seconds
[2026-05-08T15:41:24.473+0000] {processor.py:161} INFO - Started process (PID=279) to work on /home/airflow/.local/lib/python3.12/site-packages/airflow/example_dags/example_task_group.py
[2026-05-08T15:41:24.474+0000] {processor.py:830} INFO - Processing file /home/airflow/.local/lib/python3.12/site-packages/airflow/example_dags/example_task_group.py for tasks to queue
[2026-05-08T15:41:24.475+0000] {logging_mixin.py:188} INFO - [2026-05-08T15:41:24.475+0000] {dagbag.py:545} INFO - Filling up the DagBag from /home/airflow/.local/lib/python3.12/site-packages/airflow/example_dags/example_task_group.py
[2026-05-08T15:41:24.481+0000] {processor.py:840} INFO - DAG(s) 'example_task_group' retrieved from /home/airflow/.local/lib/python3.12/site-packages/airflow/example_dags/example_task_group.py
[2026-05-08T15:41:24.499+0000] {logging_mixin.py:188} INFO - [2026-05-08T15:41:24.498+0000] {dag.py:3089} INFO - Sync 1 DAGs
[2026-05-08T15:41:24.517+0000] {logging_mixin.py:188} INFO - [2026-05-08T15:41:24.517+0000] {dag.py:3947} INFO - Setting next_dagrun for example_task_group to 2026-05-07 00:00:00+00:00, run_after=2026-05-08 00:00:00+00:00
[2026-05-08T15:41:24.534+0000] {processor.py:183} INFO - Processing /home/airflow/.local/lib/python3.12/site-packages/airflow/example_dags/example_task_group.py took 0.066 seconds
[2026-05-08T15:41:54.833+0000] {processor.py:161} INFO - Started process (PID=337) to work on /home/airflow/.local/lib/python3.12/site-packages/airflow/example_dags/example_task_group.py
[2026-05-08T15:41:54.834+0000] {processor.py:830} INFO - Processing file /home/airflow/.local/lib/python3.12/site-packages/airflow/example_dags/example_task_group.py for tasks to queue
[2026-05-08T15:41:54.835+0000] {logging_mixin.py:188} INFO - [2026-05-08T15:41:54.835+0000] {dagbag.py:545} INFO - Filling up the DagBag from /home/airflow/.local/lib/python3.12/site-packages/airflow/example_dags/example_task_group.py
[2026-05-08T15:41:54.841+0000] {processor.py:840} INFO - DAG(s) 'example_task_group' retrieved from /home/airflow/.local/lib/python3.12/site-packages/airflow/example_dags/example_task_group.py
[2026-05-08T15:41:54.858+0000] {logging_mixin.py:188} INFO - [2026-05-08T15:41:54.858+0000] {dag.py:3089} INFO - Sync 1 DAGs
[2026-05-08T15:41:54.877+0000] {logging_mixin.py:188} INFO - [2026-05-08T15:41:54.877+0000] {dag.py:3947} INFO - Setting next_dagrun for example_task_group to 2026-05-07 00:00:00+00:00, run_after=2026-05-08 00:00:00+00:00
[2026-05-08T15:41:54.893+0000] {processor.py:183} INFO - Processing /home/airflow/.local/lib/python3.12/site-packages/airflow/example_dags/example_task_group.py took 0.065 seconds
[2026-05-08T15:42:25.367+0000] {processor.py:161} INFO - Started process (PID=394) to work on /home/airflow/.local/lib/python3.12/site-packages/airflow/example_dags/example_task_group.py
[2026-05-08T15:42:25.368+0000] {processor.py:830} INFO - Processing file /home/airflow/.local/lib/python3.12/site-packages/airflow/example_dags/example_task_group.py for tasks to queue
[2026-05-08T15:42:25.370+0000] {logging_mixin.py:188} INFO - [2026-05-08T15:42:25.370+0000] {dagbag.py:545} INFO - Filling up the DagBag from /home/airflow/.local/lib/python3.12/site-packages/airflow/example_dags/example_task_group.py
[2026-05-08T15:42:25.379+0000] {processor.py:840} INFO - DAG(s) 'example_task_group' retrieved from /home/airflow/.local/lib/python3.12/site-packages/airflow/example_dags/example_task_group.py
[2026-05-08T15:42:25.396+0000] {logging_mixin.py:188} INFO - [2026-05-08T15:42:25.396+0000] {dag.py:3089} INFO - Sync 1 DAGs
[2026-05-08T15:42:25.415+0000] {logging_mixin.py:188} INFO - [2026-05-08T15:42:25.415+0000] {dag.py:3947} INFO - Setting next_dagrun for example_task_group to 2026-05-07 00:00:00+00:00, run_after=2026-05-08 00:00:00+00:00
[2026-05-08T15:42:25.433+0000] {processor.py:183} INFO - Processing /home/airflow/.local/lib/python3.12/site-packages/airflow/example_dags/example_task_group.py took 0.071 seconds
[2026-05-08T15:42:55.936+0000] {processor.py:161} INFO - Started process (PID=452) to work on /home/airflow/.local/lib/python3.12/site-packages/airflow/example_dags/example_task_group.py
[2026-05-08T15:42:55.937+0000] {processor.py:830} INFO - Processing file /home/airflow/.local/lib/python3.12/site-packages/airflow/example_dags/example_task_group.py for tasks to queue
[2026-05-08T15:42:55.938+0000] {logging_mixin.py:188} INFO - [2026-05-08T15:42:55.938+0000] {dagbag.py:545} INFO - Filling up the DagBag from /home/airflow/.local/lib/python3.12/site-packages/airflow/example_dags/example_task_group.py
[2026-05-08T15:42:55.944+0000] {processor.py:840} INFO - DAG(s) 'example_task_group' retrieved from /home/airflow/.local/lib/python3.12/site-packages/airflow/example_dags/example_task_group.py
[2026-05-08T15:42:55.962+0000] {logging_mixin.py:188} INFO - [2026-05-08T15:42:55.961+0000] {dag.py:3089} INFO - Sync 1 DAGs
[2026-05-08T15:42:55.981+0000] {logging_mixin.py:188} INFO - [2026-05-08T15:42:55.980+0000] {dag.py:3947} INFO - Setting next_dagrun for example_task_group to 2026-05-07 00:00:00+00:00, run_after=2026-05-08 00:00:00+00:00
[2026-05-08T15:42:55.996+0000] {processor.py:183} INFO - Processing /home/airflow/.local/lib/python3.12/site-packages/airflow/example_dags/example_task_group.py took 0.064 seconds
[2026-05-08T15:43:26.376+0000] {processor.py:161} INFO - Started process (PID=510) to work on /home/airflow/.local/lib/python3.12/site-packages/airflow/example_dags/example_task_group.py
[2026-05-08T15:43:26.377+0000] {processor.py:830} INFO - Processing file /home/airflow/.local/lib/python3.12/site-packages/airflow/example_dags/example_task_group.py for tasks to queue
[2026-05-08T15:43:26.378+0000] {logging_mixin.py:188} INFO - [2026-05-08T15:43:26.378+0000] {dagbag.py:545} INFO - Filling up the DagBag from /home/airflow/.local/lib/python3.12/site-packages/airflow/example_dags/example_task_group.py
[2026-05-08T15:43:26.384+0000] {processor.py:840} INFO - DAG(s) 'example_task_group' retrieved from /home/airflow/.local/lib/python3.12/site-packages/airflow/example_dags/example_task_group.py
[2026-05-08T15:43:26.402+0000] {logging_mixin.py:188} INFO - [2026-05-08T15:43:26.401+0000] {dag.py:3089} INFO - Sync 1 DAGs
[2026-05-08T15:43:26.420+0000] {logging_mixin.py:188} INFO - [2026-05-08T15:43:26.420+0000] {dag.py:3947} INFO - Setting next_dagrun for example_task_group to 2026-05-07 00:00:00+00:00, run_after=2026-05-08 00:00:00+00:00
[2026-05-08T15:43:26.436+0000] {processor.py:183} INFO - Processing /home/airflow/.local/lib/python3.12/site-packages/airflow/example_dags/example_task_group.py took 0.066 seconds
[2026-05-08T15:43:56.841+0000] {processor.py:161} INFO - Started process (PID=574) to work on /home/airflow/.local/lib/python3.12/site-packages/airflow/example_dags/example_task_group.py
[2026-05-08T15:43:56.842+0000] {processor.py:830} INFO - Processing file /home/airflow/.local/lib/python3.12/site-packages/airflow/example_dags/example_task_group.py for tasks to queue
[2026-05-08T15:43:56.843+0000] {logging_mixin.py:188} INFO - [2026-05-08T15:43:56.843+0000] {dagbag.py:545} INFO - Filling up the DagBag from /home/airflow/.local/lib/python3.12/site-packages/airflow/example_dags/example_task_group.py
[2026-05-08T15:43:56.849+0000] {processor.py:840} INFO - DAG(s) 'example_task_group' retrieved from /home/airflow/.local/lib/python3.12/site-packages/airflow/example_dags/example_task_group.py
[2026-05-08T15:43:56.867+0000] {logging_mixin.py:188} INFO - [2026-05-08T15:43:56.867+0000] {dag.py:3089} INFO - Sync 1 DAGs
[2026-05-08T15:43:56.886+0000] {logging_mixin.py:188} INFO - [2026-05-08T15:43:56.886+0000] {dag.py:3947} INFO - Setting next_dagrun for example_task_group to 2026-05-07 00:00:00+00:00, run_after=2026-05-08 00:00:00+00:00
[2026-05-08T15:43:56.902+0000] {processor.py:183} INFO - Processing /home/airflow/.local/lib/python3.12/site-packages/airflow/example_dags/example_task_group.py took 0.066 seconds
[2026-05-08T15:44:27.430+0000] {processor.py:161} INFO - Started process (PID=632) to work on /home/airflow/.local/lib/python3.12/site-packages/airflow/example_dags/example_task_group.py
[2026-05-08T15:44:27.433+0000] {processor.py:830} INFO - Processing file /home/airflow/.local/lib/python3.12/site-packages/airflow/example_dags/example_task_group.py for tasks to queue
[2026-05-08T15:44:27.435+0000] {logging_mixin.py:188} INFO - [2026-05-08T15:44:27.434+0000] {dagbag.py:545} INFO - Filling up the DagBag from /home/airflow/.local/lib/python3.12/site-packages/airflow/example_dags/example_task_group.py
[2026-05-08T15:44:27.440+0000] {processor.py:840} INFO - DAG(s) 'example_task_group' retrieved from /home/airflow/.local/lib/python3.12/site-packages/airflow/example_dags/example_task_group.py
[2026-05-08T15:44:27.459+0000] {logging_mixin.py:188} INFO - [2026-05-08T15:44:27.458+0000] {dag.py:3089} INFO - Sync 1 DAGs
[2026-05-08T15:44:27.478+0000] {logging_mixin.py:188} INFO - [2026-05-08T15:44:27.478+0000] {dag.py:3947} INFO - Setting next_dagrun for example_task_group to 2026-05-07 00:00:00+00:00, run_after=2026-05-08 00:00:00+00:00
[2026-05-08T15:44:27.494+0000] {processor.py:183} INFO - Processing /home/airflow/.local/lib/python3.12/site-packages/airflow/example_dags/example_task_group.py took 0.069 seconds
[2026-05-08T15:44:57.882+0000] {processor.py:161} INFO - Started process (PID=690) to work on /home/airflow/.local/lib/python3.12/site-packages/airflow/example_dags/example_task_group.py
[2026-05-08T15:44:57.883+0000] {processor.py:830} INFO - Processing file /home/airflow/.local/lib/python3.12/site-packages/airflow/example_dags/example_task_group.py for tasks to queue
[2026-05-08T15:44:57.885+0000] {logging_mixin.py:188} INFO - [2026-05-08T15:44:57.885+0000] {dagbag.py:545} INFO - Filling up the DagBag from /home/airflow/.local/lib/python3.12/site-packages/airflow/example_dags/example_task_group.py
[2026-05-08T15:44:57.892+0000] {processor.py:840} INFO - DAG(s) 'example_task_group' retrieved from /home/airflow/.local/lib/python3.12/site-packages/airflow/example_dags/example_task_group.py
[2026-05-08T15:44:57.909+0000] {logging_mixin.py:188} INFO - [2026-05-08T15:44:57.909+0000] {dag.py:3089} INFO - Sync 1 DAGs
[2026-05-08T15:44:57.928+0000] {logging_mixin.py:188} INFO - [2026-05-08T15:44:57.928+0000] {dag.py:3947} INFO - Setting next_dagrun for example_task_group to 2026-05-07 00:00:00+00:00, run_after=2026-05-08 00:00:00+00:00
[2026-05-08T15:44:57.943+0000] {processor.py:183} INFO - Processing /home/airflow/.local/lib/python3.12/site-packages/airflow/example_dags/example_task_group.py took 0.066 seconds
[2026-05-08T15:45:28.550+0000] {processor.py:161} INFO - Started process (PID=748) to work on /home/airflow/.local/lib/python3.12/site-packages/airflow/example_dags/example_task_group.py
[2026-05-08T15:45:28.551+0000] {processor.py:830} INFO - Processing file /home/airflow/.local/lib/python3.12/site-packages/airflow/example_dags/example_task_group.py for tasks to queue
[2026-05-08T15:45:28.552+0000] {logging_mixin.py:188} INFO - [2026-05-08T15:45:28.552+0000] {dagbag.py:545} INFO - Filling up the DagBag from /home/airflow/.local/lib/python3.12/site-packages/airflow/example_dags/example_task_group.py
[2026-05-08T15:45:28.559+0000] {processor.py:840} INFO - DAG(s) 'example_task_group' retrieved from /home/airflow/.local/lib/python3.12/site-packages/airflow/example_dags/example_task_group.py
[2026-05-08T15:45:28.579+0000] {logging_mixin.py:188} INFO - [2026-05-08T15:45:28.578+0000] {dag.py:3089} INFO - Sync 1 DAGs
[2026-05-08T15:45:28.599+0000] {logging_mixin.py:188} INFO - [2026-05-08T15:45:28.599+0000] {dag.py:3947} INFO - Setting next_dagrun for example_task_group to 2026-05-07 00:00:00+00:00, run_after=2026-05-08 00:00:00+00:00
[2026-05-08T15:45:28.617+0000] {processor.py:183} INFO - Processing /home/airflow/.local/lib/python3.12/site-packages/airflow/example_dags/example_task_group.py took 0.072 seconds
[2026-05-08T15:45:59.205+0000] {processor.py:161} INFO - Started process (PID=806) to work on /home/airflow/.local/lib/python3.12/site-packages/airflow/example_dags/example_task_group.py
[2026-05-08T15:45:59.206+0000] {processor.py:830} INFO - Processing file /home/airflow/.local/lib/python3.12/site-packages/airflow/example_dags/example_task_group.py for tasks to queue
[2026-05-08T15:45:59.208+0000] {logging_mixin.py:188} INFO - [2026-05-08T15:45:59.207+0000] {dagbag.py:545} INFO - Filling up the DagBag from /home/airflow/.local/lib/python3.12/site-packages/airflow/example_dags/example_task_group.py
[2026-05-08T15:45:59.213+0000] {processor.py:840} INFO - DAG(s) 'example_task_group' retrieved from /home/airflow/.local/lib/python3.12/site-packages/airflow/example_dags/example_task_group.py
[2026-05-08T15:45:59.231+0000] {logging_mixin.py:188} INFO - [2026-05-08T15:45:59.231+0000] {dag.py:3089} INFO - Sync 1 DAGs
[2026-05-08T15:45:59.250+0000] {logging_mixin.py:188} INFO - [2026-05-08T15:45:59.250+0000] {dag.py:3947} INFO - Setting next_dagrun for example_task_group to 2026-05-07 00:00:00+00:00, run_after=2026-05-08 00:00:00+00:00
[2026-05-08T15:45:59.265+0000] {processor.py:183} INFO - Processing /home/airflow/.local/lib/python3.12/site-packages/airflow/example_dags/example_task_group.py took 0.065 seconds
[2026-05-08T15:46:29.879+0000] {processor.py:161} INFO - Started process (PID=864) to work on /home/airflow/.local/lib/python3.12/site-packages/airflow/example_dags/example_task_group.py
[2026-05-08T15:46:29.880+0000] {processor.py:830} INFO - Processing file /home/airflow/.local/lib/python3.12/site-packages/airflow/example_dags/example_task_group.py for tasks to queue
[2026-05-08T15:46:29.882+0000] {logging_mixin.py:188} INFO - [2026-05-08T15:46:29.881+0000] {dagbag.py:545} INFO - Filling up the DagBag from /home/airflow/.local/lib/python3.12/site-packages/airflow/example_dags/example_task_group.py
[2026-05-08T15:46:29.887+0000] {processor.py:840} INFO - DAG(s) 'example_task_group' retrieved from /home/airflow/.local/lib/python3.12/site-packages/airflow/example_dags/example_task_group.py
[2026-05-08T15:46:29.904+0000] {logging_mixin.py:188} INFO - [2026-05-08T15:46:29.904+0000] {dag.py:3089} INFO - Sync 1 DAGs
[2026-05-08T15:46:29.923+0000] {logging_mixin.py:188} INFO - [2026-05-08T15:46:29.923+0000] {dag.py:3947} INFO - Setting next_dagrun for example_task_group to 2026-05-07 00:00:00+00:00, run_after=2026-05-08 00:00:00+00:00
[2026-05-08T15:46:29.938+0000] {processor.py:183} INFO - Processing /home/airflow/.local/lib/python3.12/site-packages/airflow/example_dags/example_task_group.py took 0.064 seconds
[2026-05-08T15:47:00.515+0000] {processor.py:161} INFO - Started process (PID=922) to work on /home/airflow/.local/lib/python3.12/site-packages/airflow/example_dags/example_task_group.py
[2026-05-08T15:47:00.516+0000] {processor.py:830} INFO - Processing file /home/airflow/.local/lib/python3.12/site-packages/airflow/example_dags/example_task_group.py for tasks to queue
[2026-05-08T15:47:00.518+0000] {logging_mixin.py:188} INFO - [2026-05-08T15:47:00.518+0000] {dagbag.py:545} INFO - Filling up the DagBag from /home/airflow/.local/lib/python3.12/site-packages/airflow/example_dags/example_task_group.py
[2026-05-08T15:47:00.524+0000] {processor.py:840} INFO - DAG(s) 'example_task_group' retrieved from /home/airflow/.local/lib/python3.12/site-packages/airflow/example_dags/example_task_group.py
[2026-05-08T15:47:00.541+0000] {logging_mixin.py:188} INFO - [2026-05-08T15:47:00.541+0000] {dag.py:3089} INFO - Sync 1 DAGs
[2026-05-08T15:47:00.560+0000] {logging_mixin.py:188} INFO - [2026-05-08T15:47:00.560+0000] {dag.py:3947} INFO - Setting next_dagrun for example_task_group to 2026-05-07 00:00:00+00:00, run_after=2026-05-08 00:00:00+00:00
[2026-05-08T15:47:00.577+0000] {processor.py:183} INFO - Processing /home/airflow/.local/lib/python3.12/site-packages/airflow/example_dags/example_task_group.py took 0.066 seconds
[2026-05-08T15:47:30.668+0000] {processor.py:161} INFO - Started process (PID=980) to work on /home/airflow/.local/lib/python3.12/site-packages/airflow/example_dags/example_task_group.py
[2026-05-08T15:47:30.668+0000] {processor.py:830} INFO - Processing file /home/airflow/.local/lib/python3.12/site-packages/airflow/example_dags/example_task_group.py for tasks to queue
[2026-05-08T15:47:30.670+0000] {logging_mixin.py:188} INFO - [2026-05-08T15:47:30.670+0000] {dagbag.py:545} INFO - Filling up the DagBag from /home/airflow/.local/lib/python3.12/site-packages/airflow/example_dags/example_task_group.py
[2026-05-08T15:47:30.676+0000] {processor.py:840} INFO - DAG(s) 'example_task_group' retrieved from /home/airflow/.local/lib/python3.12/site-packages/airflow/example_dags/example_task_group.py
[2026-05-08T15:47:30.694+0000] {logging_mixin.py:188} INFO - [2026-05-08T15:47:30.694+0000] {dag.py:3089} INFO - Sync 1 DAGs
[2026-05-08T15:47:30.713+0000] {logging_mixin.py:188} INFO - [2026-05-08T15:47:30.713+0000] {dag.py:3947} INFO - Setting next_dagrun for example_task_group to 2026-05-07 00:00:00+00:00, run_after=2026-05-08 00:00:00+00:00
[2026-05-08T15:47:30.730+0000] {processor.py:183} INFO - Processing /home/airflow/.local/lib/python3.12/site-packages/airflow/example_dags/example_task_group.py took 0.067 seconds
[2026-05-08T15:48:00.981+0000] {processor.py:161} INFO - Started process (PID=1039) to work on /home/airflow/.local/lib/python3.12/site-packages/airflow/example_dags/example_task_group.py
[2026-05-08T15:48:00.984+0000] {processor.py:830} INFO - Processing file /home/airflow/.local/lib/python3.12/site-packages/airflow/example_dags/example_task_group.py for tasks to queue
[2026-05-08T15:48:00.985+0000] {logging_mixin.py:188} INFO - [2026-05-08T15:48:00.985+0000] {dagbag.py:545} INFO - Filling up the DagBag from /home/airflow/.local/lib/python3.12/site-packages/airflow/example_dags/example_task_group.py
[2026-05-08T15:48:00.992+0000] {processor.py:840} INFO - DAG(s) 'example_task_group' retrieved from /home/airflow/.local/lib/python3.12/site-packages/airflow/example_dags/example_task_group.py
[2026-05-08T15:48:01.010+0000] {logging_mixin.py:188} INFO - [2026-05-08T15:48:01.010+0000] {dag.py:3089} INFO - Sync 1 DAGs
[2026-05-08T15:48:01.033+0000] {logging_mixin.py:188} INFO - [2026-05-08T15:48:01.033+0000] {dag.py:3947} INFO - Setting next_dagrun for example_task_group to 2026-05-07 00:00:00+00:00, run_after=2026-05-08 00:00:00+00:00
[2026-05-08T15:48:01.048+0000] {processor.py:183} INFO - Processing /home/airflow/.local/lib/python3.12/site-packages/airflow/example_dags/example_task_group.py took 0.072 seconds
[2026-05-08T15:48:31.202+0000] {processor.py:161} INFO - Started process (PID=1097) to work on /home/airflow/.local/lib/python3.12/site-packages/airflow/example_dags/example_task_group.py
[2026-05-08T15:48:31.203+0000] {processor.py:830} INFO - Processing file /home/airflow/.local/lib/python3.12/site-packages/airflow/example_dags/example_task_group.py for tasks to queue
[2026-05-08T15:48:31.204+0000] {logging_mixin.py:188} INFO - [2026-05-08T15:48:31.204+0000] {dagbag.py:545} INFO - Filling up the DagBag from /home/airflow/.local/lib/python3.12/site-packages/airflow/example_dags/example_task_group.py
[2026-05-08T15:48:31.225+0000] {processor.py:840} INFO - DAG(s) 'example_task_group' retrieved from /home/airflow/.local/lib/python3.12/site-packages/airflow/example_dags/example_task_group.py
[2026-05-08T15:48:31.241+0000] {logging_mixin.py:188} INFO - [2026-05-08T15:48:31.241+0000] {dag.py:3089} INFO - Sync 1 DAGs
[2026-05-08T15:48:31.261+0000] {logging_mixin.py:188} INFO - [2026-05-08T15:48:31.261+0000] {dag.py:3947} INFO - Setting next_dagrun for example_task_group to 2026-05-07 00:00:00+00:00, run_after=2026-05-08 00:00:00+00:00
[2026-05-08T15:48:31.286+0000] {processor.py:183} INFO - Processing /home/airflow/.local/lib/python3.12/site-packages/airflow/example_dags/example_task_group.py took 0.088 seconds
[2026-05-08T15:49:25.853+0000] {processor.py:161} INFO - Started process (PID=47) to work on /home/airflow/.local/lib/python3.12/site-packages/airflow/example_dags/example_task_group.py
[2026-05-08T15:49:25.854+0000] {processor.py:830} INFO - Processing file /home/airflow/.local/lib/python3.12/site-packages/airflow/example_dags/example_task_group.py for tasks to queue
[2026-05-08T15:49:25.856+0000] {logging_mixin.py:188} INFO - [2026-05-08T15:49:25.855+0000] {dagbag.py:545} INFO - Filling up the DagBag from /home/airflow/.local/lib/python3.12/site-packages/airflow/example_dags/example_task_group.py
[2026-05-08T15:49:25.864+0000] {processor.py:840} INFO - DAG(s) 'example_task_group' retrieved from /home/airflow/.local/lib/python3.12/site-packages/airflow/example_dags/example_task_group.py
[2026-05-08T15:49:25.890+0000] {logging_mixin.py:188} INFO - [2026-05-08T15:49:25.889+0000] {dag.py:3089} INFO - Sync 1 DAGs
[2026-05-08T15:49:25.908+0000] {logging_mixin.py:188} INFO - [2026-05-08T15:49:25.908+0000] {dag.py:3947} INFO - Setting next_dagrun for example_task_group to 2026-05-07 00:00:00+00:00, run_after=2026-05-08 00:00:00+00:00
[2026-05-08T15:49:25.923+0000] {processor.py:183} INFO - Processing /home/airflow/.local/lib/python3.12/site-packages/airflow/example_dags/example_task_group.py took 0.076 seconds
[2026-05-08T15:49:56.203+0000] {processor.py:161} INFO - Started process (PID=105) to work on /home/airflow/.local/lib/python3.12/site-packages/airflow/example_dags/example_task_group.py
[2026-05-08T15:49:56.204+0000] {processor.py:830} INFO - Processing file /home/airflow/.local/lib/python3.12/site-packages/airflow/example_dags/example_task_group.py for tasks to queue
[2026-05-08T15:49:56.205+0000] {logging_mixin.py:188} INFO - [2026-05-08T15:49:56.205+0000] {dagbag.py:545} INFO - Filling up the DagBag from /home/airflow/.local/lib/python3.12/site-packages/airflow/example_dags/example_task_group.py
[2026-05-08T15:49:56.211+0000] {processor.py:840} INFO - DAG(s) 'example_task_group' retrieved from /home/airflow/.local/lib/python3.12/site-packages/airflow/example_dags/example_task_group.py
[2026-05-08T15:49:56.228+0000] {logging_mixin.py:188} INFO - [2026-05-08T15:49:56.228+0000] {dag.py:3089} INFO - Sync 1 DAGs
[2026-05-08T15:49:56.245+0000] {logging_mixin.py:188} INFO - [2026-05-08T15:49:56.245+0000] {dag.py:3947} INFO - Setting next_dagrun for example_task_group to 2026-05-07 00:00:00+00:00, run_after=2026-05-08 00:00:00+00:00
[2026-05-08T15:49:56.267+0000] {processor.py:183} INFO - Processing /home/airflow/.local/lib/python3.12/site-packages/airflow/example_dags/example_task_group.py took 0.069 seconds
[2026-05-08T15:50:26.407+0000] {processor.py:161} INFO - Started process (PID=163) to work on /home/airflow/.local/lib/python3.12/site-packages/airflow/example_dags/example_task_group.py
[2026-05-08T15:50:26.407+0000] {processor.py:830} INFO - Processing file /home/airflow/.local/lib/python3.12/site-packages/airflow/example_dags/example_task_group.py for tasks to queue
[2026-05-08T15:50:26.408+0000] {logging_mixin.py:188} INFO - [2026-05-08T15:50:26.408+0000] {dagbag.py:545} INFO - Filling up the DagBag from /home/airflow/.local/lib/python3.12/site-packages/airflow/example_dags/example_task_group.py
[2026-05-08T15:50:26.414+0000] {processor.py:840} INFO - DAG(s) 'example_task_group' retrieved from /home/airflow/.local/lib/python3.12/site-packages/airflow/example_dags/example_task_group.py
[2026-05-08T15:50:26.431+0000] {logging_mixin.py:188} INFO - [2026-05-08T15:50:26.431+0000] {dag.py:3089} INFO - Sync 1 DAGs
[2026-05-08T15:50:26.449+0000] {logging_mixin.py:188} INFO - [2026-05-08T15:50:26.449+0000] {dag.py:3947} INFO - Setting next_dagrun for example_task_group to 2026-05-07 00:00:00+00:00, run_after=2026-05-08 00:00:00+00:00
[2026-05-08T15:50:26.463+0000] {processor.py:183} INFO - Processing /home/airflow/.local/lib/python3.12/site-packages/airflow/example_dags/example_task_group.py took 0.061 seconds
[2026-05-08T15:50:56.691+0000] {processor.py:161} INFO - Started process (PID=221) to work on /home/airflow/.local/lib/python3.12/site-packages/airflow/example_dags/example_task_group.py
[2026-05-08T15:50:56.692+0000] {processor.py:830} INFO - Processing file /home/airflow/.local/lib/python3.12/site-packages/airflow/example_dags/example_task_group.py for tasks to queue
[2026-05-08T15:50:56.693+0000] {logging_mixin.py:188} INFO - [2026-05-08T15:50:56.693+0000] {dagbag.py:545} INFO - Filling up the DagBag from /home/airflow/.local/lib/python3.12/site-packages/airflow/example_dags/example_task_group.py
[2026-05-08T15:50:56.699+0000] {processor.py:840} INFO - DAG(s) 'example_task_group' retrieved from /home/airflow/.local/lib/python3.12/site-packages/airflow/example_dags/example_task_group.py
[2026-05-08T15:50:56.716+0000] {logging_mixin.py:188} INFO - [2026-05-08T15:50:56.716+0000] {dag.py:3089} INFO - Sync 1 DAGs
[2026-05-08T15:50:56.733+0000] {logging_mixin.py:188} INFO - [2026-05-08T15:50:56.733+0000] {dag.py:3947} INFO - Setting next_dagrun for example_task_group to 2026-05-07 00:00:00+00:00, run_after=2026-05-08 00:00:00+00:00
[2026-05-08T15:50:56.748+0000] {processor.py:183} INFO - Processing /home/airflow/.local/lib/python3.12/site-packages/airflow/example_dags/example_task_group.py took 0.061 seconds
[2026-05-08T15:51:26.963+0000] {processor.py:161} INFO - Started process (PID=279) to work on /home/airflow/.local/lib/python3.12/site-packages/airflow/example_dags/example_task_group.py
[2026-05-08T15:51:26.963+0000] {processor.py:830} INFO - Processing file /home/airflow/.local/lib/python3.12/site-packages/airflow/example_dags/example_task_group.py for tasks to queue
[2026-05-08T15:51:26.964+0000] {logging_mixin.py:188} INFO - [2026-05-08T15:51:26.964+0000] {dagbag.py:545} INFO - Filling up the DagBag from /home/airflow/.local/lib/python3.12/site-packages/airflow/example_dags/example_task_group.py
[2026-05-08T15:51:26.970+0000] {processor.py:840} INFO - DAG(s) 'example_task_group' retrieved from /home/airflow/.local/lib/python3.12/site-packages/airflow/example_dags/example_task_group.py
[2026-05-08T15:51:26.987+0000] {logging_mixin.py:188} INFO - [2026-05-08T15:51:26.987+0000] {dag.py:3089} INFO - Sync 1 DAGs
[2026-05-08T15:51:27.005+0000] {logging_mixin.py:188} INFO - [2026-05-08T15:51:27.005+0000] {dag.py:3947} INFO - Setting next_dagrun for example_task_group to 2026-05-07 00:00:00+00:00, run_after=2026-05-08 00:00:00+00:00
[2026-05-08T15:51:27.021+0000] {processor.py:183} INFO - Processing /home/airflow/.local/lib/python3.12/site-packages/airflow/example_dags/example_task_group.py took 0.063 seconds
[2026-05-08T15:51:57.258+0000] {processor.py:161} INFO - Started process (PID=337) to work on /home/airflow/.local/lib/python3.12/site-packages/airflow/example_dags/example_task_group.py
[2026-05-08T15:51:57.259+0000] {processor.py:830} INFO - Processing file /home/airflow/.local/lib/python3.12/site-packages/airflow/example_dags/example_task_group.py for tasks to queue
[2026-05-08T15:51:57.261+0000] {logging_mixin.py:188} INFO - [2026-05-08T15:51:57.260+0000] {dagbag.py:545} INFO - Filling up the DagBag from /home/airflow/.local/lib/python3.12/site-packages/airflow/example_dags/example_task_group.py
[2026-05-08T15:51:57.266+0000] {processor.py:840} INFO - DAG(s) 'example_task_group' retrieved from /home/airflow/.local/lib/python3.12/site-packages/airflow/example_dags/example_task_group.py
[2026-05-08T15:51:57.283+0000] {logging_mixin.py:188} INFO - [2026-05-08T15:51:57.282+0000] {dag.py:3089} INFO - Sync 1 DAGs
[2026-05-08T15:51:57.300+0000] {logging_mixin.py:188} INFO - [2026-05-08T15:51:57.300+0000] {dag.py:3947} INFO - Setting next_dagrun for example_task_group to 2026-05-07 00:00:00+00:00, run_after=2026-05-08 00:00:00+00:00
[2026-05-08T15:51:57.315+0000] {processor.py:183} INFO - Processing /home/airflow/.local/lib/python3.12/site-packages/airflow/example_dags/example_task_group.py took 0.061 seconds
[2026-05-08T15:52:27.744+0000] {processor.py:161} INFO - Started process (PID=395) to work on /home/airflow/.local/lib/python3.12/site-packages/airflow/example_dags/example_task_group.py
[2026-05-08T15:52:27.745+0000] {processor.py:830} INFO - Processing file /home/airflow/.local/lib/python3.12/site-packages/airflow/example_dags/example_task_group.py for tasks to queue
[2026-05-08T15:52:27.746+0000] {logging_mixin.py:188} INFO - [2026-05-08T15:52:27.746+0000] {dagbag.py:545} INFO - Filling up the DagBag from /home/airflow/.local/lib/python3.12/site-packages/airflow/example_dags/example_task_group.py
[2026-05-08T15:52:27.751+0000] {processor.py:840} INFO - DAG(s) 'example_task_group' retrieved from /home/airflow/.local/lib/python3.12/site-packages/airflow/example_dags/example_task_group.py
[2026-05-08T15:52:27.768+0000] {logging_mixin.py:188} INFO - [2026-05-08T15:52:27.768+0000] {dag.py:3089} INFO - Sync 1 DAGs
[2026-05-08T15:52:27.786+0000] {logging_mixin.py:188} INFO - [2026-05-08T15:52:27.785+0000] {dag.py:3947} INFO - Setting next_dagrun for example_task_group to 2026-05-07 00:00:00+00:00, run_after=2026-05-08 00:00:00+00:00
[2026-05-08T15:52:27.800+0000] {processor.py:183} INFO - Processing /home/airflow/.local/lib/python3.12/site-packages/airflow/example_dags/example_task_group.py took 0.060 seconds
[2026-05-08T15:52:58.104+0000] {processor.py:161} INFO - Started process (PID=453) to work on /home/airflow/.local/lib/python3.12/site-packages/airflow/example_dags/example_task_group.py
[2026-05-08T15:52:58.105+0000] {processor.py:830} INFO - Processing file /home/airflow/.local/lib/python3.12/site-packages/airflow/example_dags/example_task_group.py for tasks to queue
[2026-05-08T15:52:58.107+0000] {logging_mixin.py:188} INFO - [2026-05-08T15:52:58.107+0000] {dagbag.py:545} INFO - Filling up the DagBag from /home/airflow/.local/lib/python3.12/site-packages/airflow/example_dags/example_task_group.py
[2026-05-08T15:52:58.112+0000] {processor.py:840} INFO - DAG(s) 'example_task_group' retrieved from /home/airflow/.local/lib/python3.12/site-packages/airflow/example_dags/example_task_group.py
[2026-05-08T15:52:58.129+0000] {logging_mixin.py:188} INFO - [2026-05-08T15:52:58.128+0000] {dag.py:3089} INFO - Sync 1 DAGs
[2026-05-08T15:52:58.146+0000] {logging_mixin.py:188} INFO - [2026-05-08T15:52:58.146+0000] {dag.py:3947} INFO - Setting next_dagrun for example_task_group to 2026-05-07 00:00:00+00:00, run_after=2026-05-08 00:00:00+00:00
[2026-05-08T15:52:58.161+0000] {processor.py:183} INFO - Processing /home/airflow/.local/lib/python3.12/site-packages/airflow/example_dags/example_task_group.py took 0.062 seconds
[2026-05-08T15:53:28.427+0000] {processor.py:161} INFO - Started process (PID=511) to work on /home/airflow/.local/lib/python3.12/site-packages/airflow/example_dags/example_task_group.py
[2026-05-08T15:53:28.427+0000] {processor.py:830} INFO - Processing file /home/airflow/.local/lib/python3.12/site-packages/airflow/example_dags/example_task_group.py for tasks to queue
[2026-05-08T15:53:28.428+0000] {logging_mixin.py:188} INFO - [2026-05-08T15:53:28.428+0000] {dagbag.py:545} INFO - Filling up the DagBag from /home/airflow/.local/lib/python3.12/site-packages/airflow/example_dags/example_task_group.py
[2026-05-08T15:53:28.434+0000] {processor.py:840} INFO - DAG(s) 'example_task_group' retrieved from /home/airflow/.local/lib/python3.12/site-packages/airflow/example_dags/example_task_group.py
[2026-05-08T15:53:28.451+0000] {logging_mixin.py:188} INFO - [2026-05-08T15:53:28.451+0000] {dag.py:3089} INFO - Sync 1 DAGs
[2026-05-08T15:53:28.470+0000] {logging_mixin.py:188} INFO - [2026-05-08T15:53:28.469+0000] {dag.py:3947} INFO - Setting next_dagrun for example_task_group to 2026-05-07 00:00:00+00:00, run_after=2026-05-08 00:00:00+00:00
[2026-05-08T15:53:28.487+0000] {processor.py:183} INFO - Processing /home/airflow/.local/lib/python3.12/site-packages/airflow/example_dags/example_task_group.py took 0.065 seconds
[2026-05-08T15:53:58.874+0000] {processor.py:161} INFO - Started process (PID=569) to work on /home/airflow/.local/lib/python3.12/site-packages/airflow/example_dags/example_task_group.py
[2026-05-08T15:53:58.875+0000] {processor.py:830} INFO - Processing file /home/airflow/.local/lib/python3.12/site-packages/airflow/example_dags/example_task_group.py for tasks to queue
[2026-05-08T15:53:58.877+0000] {logging_mixin.py:188} INFO - [2026-05-08T15:53:58.876+0000] {dagbag.py:545} INFO - Filling up the DagBag from /home/airflow/.local/lib/python3.12/site-packages/airflow/example_dags/example_task_group.py
[2026-05-08T15:53:58.882+0000] {processor.py:840} INFO - DAG(s) 'example_task_group' retrieved from /home/airflow/.local/lib/python3.12/site-packages/airflow/example_dags/example_task_group.py
[2026-05-08T15:53:58.899+0000] {logging_mixin.py:188} INFO - [2026-05-08T15:53:58.898+0000] {dag.py:3089} INFO - Sync 1 DAGs
[2026-05-08T15:53:58.916+0000] {logging_mixin.py:188} INFO - [2026-05-08T15:53:58.916+0000] {dag.py:3947} INFO - Setting next_dagrun for example_task_group to 2026-05-07 00:00:00+00:00, run_after=2026-05-08 00:00:00+00:00
[2026-05-08T15:53:58.932+0000] {processor.py:183} INFO - Processing /home/airflow/.local/lib/python3.12/site-packages/airflow/example_dags/example_task_group.py took 0.062 seconds
[2026-05-08T15:54:29.273+0000] {processor.py:161} INFO - Started process (PID=627) to work on /home/airflow/.local/lib/python3.12/site-packages/airflow/example_dags/example_task_group.py
[2026-05-08T15:54:29.273+0000] {processor.py:830} INFO - Processing file /home/airflow/.local/lib/python3.12/site-packages/airflow/example_dags/example_task_group.py for tasks to queue
[2026-05-08T15:54:29.274+0000] {logging_mixin.py:188} INFO - [2026-05-08T15:54:29.274+0000] {dagbag.py:545} INFO - Filling up the DagBag from /home/airflow/.local/lib/python3.12/site-packages/airflow/example_dags/example_task_group.py
[2026-05-08T15:54:29.280+0000] {processor.py:840} INFO - DAG(s) 'example_task_group' retrieved from /home/airflow/.local/lib/python3.12/site-packages/airflow/example_dags/example_task_group.py
[2026-05-08T15:54:29.296+0000] {logging_mixin.py:188} INFO - [2026-05-08T15:54:29.296+0000] {dag.py:3089} INFO - Sync 1 DAGs
[2026-05-08T15:54:29.314+0000] {logging_mixin.py:188} INFO - [2026-05-08T15:54:29.314+0000] {dag.py:3947} INFO - Setting next_dagrun for example_task_group to 2026-05-07 00:00:00+00:00, run_after=2026-05-08 00:00:00+00:00
[2026-05-08T15:54:29.330+0000] {processor.py:183} INFO - Processing /home/airflow/.local/lib/python3.12/site-packages/airflow/example_dags/example_task_group.py took 0.062 seconds
[2026-05-08T15:54:59.595+0000] {processor.py:161} INFO - Started process (PID=685) to work on /home/airflow/.local/lib/python3.12/site-packages/airflow/example_dags/example_task_group.py
[2026-05-08T15:54:59.596+0000] {processor.py:830} INFO - Processing file /home/airflow/.local/lib/python3.12/site-packages/airflow/example_dags/example_task_group.py for tasks to queue
[2026-05-08T15:54:59.597+0000] {logging_mixin.py:188} INFO - [2026-05-08T15:54:59.597+0000] {dagbag.py:545} INFO - Filling up the DagBag from /home/airflow/.local/lib/python3.12/site-packages/airflow/example_dags/example_task_group.py
[2026-05-08T15:54:59.602+0000] {processor.py:840} INFO - DAG(s) 'example_task_group' retrieved from /home/airflow/.local/lib/python3.12/site-packages/airflow/example_dags/example_task_group.py
[2026-05-08T15:54:59.619+0000] {logging_mixin.py:188} INFO - [2026-05-08T15:54:59.619+0000] {dag.py:3089} INFO - Sync 1 DAGs
[2026-05-08T15:54:59.635+0000] {logging_mixin.py:188} INFO - [2026-05-08T15:54:59.635+0000] {dag.py:3947} INFO - Setting next_dagrun for example_task_group to 2026-05-07 00:00:00+00:00, run_after=2026-05-08 00:00:00+00:00
[2026-05-08T15:54:59.649+0000] {processor.py:183} INFO - Processing /home/airflow/.local/lib/python3.12/site-packages/airflow/example_dags/example_task_group.py took 0.059 seconds
[2026-05-08T15:55:29.917+0000] {processor.py:161} INFO - Started process (PID=743) to work on /home/airflow/.local/lib/python3.12/site-packages/airflow/example_dags/example_task_group.py
[2026-05-08T15:55:29.917+0000] {processor.py:830} INFO - Processing file /home/airflow/.local/lib/python3.12/site-packages/airflow/example_dags/example_task_group.py for tasks to queue
[2026-05-08T15:55:29.918+0000] {logging_mixin.py:188} INFO - [2026-05-08T15:55:29.918+0000] {dagbag.py:545} INFO - Filling up the DagBag from /home/airflow/.local/lib/python3.12/site-packages/airflow/example_dags/example_task_group.py
[2026-05-08T15:55:29.924+0000] {processor.py:840} INFO - DAG(s) 'example_task_group' retrieved from /home/airflow/.local/lib/python3.12/site-packages/airflow/example_dags/example_task_group.py
[2026-05-08T15:55:29.962+0000] {logging_mixin.py:188} INFO - [2026-05-08T15:55:29.961+0000] {dag.py:3089} INFO - Sync 1 DAGs
[2026-05-08T15:55:29.991+0000] {logging_mixin.py:188} INFO - [2026-05-08T15:55:29.991+0000] {dag.py:3947} INFO - Setting next_dagrun for example_task_group to 2026-05-07 00:00:00+00:00, run_after=2026-05-08 00:00:00+00:00
[2026-05-08T15:55:30.006+0000] {processor.py:183} INFO - Processing /home/airflow/.local/lib/python3.12/site-packages/airflow/example_dags/example_task_group.py took 0.095 seconds
[2026-05-08T15:56:00.436+0000] {processor.py:161} INFO - Started process (PID=801) to work on /home/airflow/.local/lib/python3.12/site-packages/airflow/example_dags/example_task_group.py
[2026-05-08T15:56:00.438+0000] {processor.py:830} INFO - Processing file /home/airflow/.local/lib/python3.12/site-packages/airflow/example_dags/example_task_group.py for tasks to queue
[2026-05-08T15:56:00.439+0000] {logging_mixin.py:188} INFO - [2026-05-08T15:56:00.439+0000] {dagbag.py:545} INFO - Filling up the DagBag from /home/airflow/.local/lib/python3.12/site-packages/airflow/example_dags/example_task_group.py
[2026-05-08T15:56:00.444+0000] {processor.py:840} INFO - DAG(s) 'example_task_group' retrieved from /home/airflow/.local/lib/python3.12/site-packages/airflow/example_dags/example_task_group.py
[2026-05-08T15:56:00.463+0000] {logging_mixin.py:188} INFO - [2026-05-08T15:56:00.463+0000] {dag.py:3089} INFO - Sync 1 DAGs
[2026-05-08T15:56:00.480+0000] {logging_mixin.py:188} INFO - [2026-05-08T15:56:00.480+0000] {dag.py:3947} INFO - Setting next_dagrun for example_task_group to 2026-05-07 00:00:00+00:00, run_after=2026-05-08 00:00:00+00:00
[2026-05-08T15:56:00.496+0000] {processor.py:183} INFO - Processing /home/airflow/.local/lib/python3.12/site-packages/airflow/example_dags/example_task_group.py took 0.065 seconds
[2026-05-08T15:56:31.026+0000] {processor.py:161} INFO - Started process (PID=859) to work on /home/airflow/.local/lib/python3.12/site-packages/airflow/example_dags/example_task_group.py
[2026-05-08T15:56:31.026+0000] {processor.py:830} INFO - Processing file /home/airflow/.local/lib/python3.12/site-packages/airflow/example_dags/example_task_group.py for tasks to queue
[2026-05-08T15:56:31.027+0000] {logging_mixin.py:188} INFO - [2026-05-08T15:56:31.027+0000] {dagbag.py:545} INFO - Filling up the DagBag from /home/airflow/.local/lib/python3.12/site-packages/airflow/example_dags/example_task_group.py
[2026-05-08T15:56:31.033+0000] {processor.py:840} INFO - DAG(s) 'example_task_group' retrieved from /home/airflow/.local/lib/python3.12/site-packages/airflow/example_dags/example_task_group.py
[2026-05-08T15:56:31.052+0000] {logging_mixin.py:188} INFO - [2026-05-08T15:56:31.052+0000] {dag.py:3089} INFO - Sync 1 DAGs
[2026-05-08T15:56:31.070+0000] {logging_mixin.py:188} INFO - [2026-05-08T15:56:31.070+0000] {dag.py:3947} INFO - Setting next_dagrun for example_task_group to 2026-05-07 00:00:00+00:00, run_after=2026-05-08 00:00:00+00:00
[2026-05-08T15:56:31.088+0000] {processor.py:183} INFO - Processing /home/airflow/.local/lib/python3.12/site-packages/airflow/example_dags/example_task_group.py took 0.067 seconds
[2026-05-08T15:57:01.133+0000] {processor.py:161} INFO - Started process (PID=917) to work on /home/airflow/.local/lib/python3.12/site-packages/airflow/example_dags/example_task_group.py
[2026-05-08T15:57:01.134+0000] {processor.py:830} INFO - Processing file /home/airflow/.local/lib/python3.12/site-packages/airflow/example_dags/example_task_group.py for tasks to queue
[2026-05-08T15:57:01.135+0000] {logging_mixin.py:188} INFO - [2026-05-08T15:57:01.135+0000] {dagbag.py:545} INFO - Filling up the DagBag from /home/airflow/.local/lib/python3.12/site-packages/airflow/example_dags/example_task_group.py
[2026-05-08T15:57:01.141+0000] {processor.py:840} INFO - DAG(s) 'example_task_group' retrieved from /home/airflow/.local/lib/python3.12/site-packages/airflow/example_dags/example_task_group.py
[2026-05-08T15:57:01.160+0000] {logging_mixin.py:188} INFO - [2026-05-08T15:57:01.160+0000] {dag.py:3089} INFO - Sync 1 DAGs
[2026-05-08T15:57:01.178+0000] {logging_mixin.py:188} INFO - [2026-05-08T15:57:01.178+0000] {dag.py:3947} INFO - Setting next_dagrun for example_task_group to 2026-05-07 00:00:00+00:00, run_after=2026-05-08 00:00:00+00:00
[2026-05-08T15:57:01.194+0000] {processor.py:183} INFO - Processing /home/airflow/.local/lib/python3.12/site-packages/airflow/example_dags/example_task_group.py took 0.065 seconds
[2026-05-08T15:57:31.350+0000] {processor.py:161} INFO - Started process (PID=975) to work on /home/airflow/.local/lib/python3.12/site-packages/airflow/example_dags/example_task_group.py
[2026-05-08T15:57:31.350+0000] {processor.py:830} INFO - Processing file /home/airflow/.local/lib/python3.12/site-packages/airflow/example_dags/example_task_group.py for tasks to queue
[2026-05-08T15:57:31.351+0000] {logging_mixin.py:188} INFO - [2026-05-08T15:57:31.351+0000] {dagbag.py:545} INFO - Filling up the DagBag from /home/airflow/.local/lib/python3.12/site-packages/airflow/example_dags/example_task_group.py
[2026-05-08T15:57:31.357+0000] {processor.py:840} INFO - DAG(s) 'example_task_group' retrieved from /home/airflow/.local/lib/python3.12/site-packages/airflow/example_dags/example_task_group.py
[2026-05-08T15:57:31.373+0000] {logging_mixin.py:188} INFO - [2026-05-08T15:57:31.373+0000] {dag.py:3089} INFO - Sync 1 DAGs
[2026-05-08T15:57:31.393+0000] {logging_mixin.py:188} INFO - [2026-05-08T15:57:31.393+0000] {dag.py:3947} INFO - Setting next_dagrun for example_task_group to 2026-05-07 00:00:00+00:00, run_after=2026-05-08 00:00:00+00:00
[2026-05-08T15:57:31.408+0000] {processor.py:183} INFO - Processing /home/airflow/.local/lib/python3.12/site-packages/airflow/example_dags/example_task_group.py took 0.063 seconds
[2026-05-08T15:58:01.489+0000] {processor.py:161} INFO - Started process (PID=1033) to work on /home/airflow/.local/lib/python3.12/site-packages/airflow/example_dags/example_task_group.py
[2026-05-08T15:58:01.490+0000] {processor.py:830} INFO - Processing file /home/airflow/.local/lib/python3.12/site-packages/airflow/example_dags/example_task_group.py for tasks to queue
[2026-05-08T15:58:01.491+0000] {logging_mixin.py:188} INFO - [2026-05-08T15:58:01.491+0000] {dagbag.py:545} INFO - Filling up the DagBag from /home/airflow/.local/lib/python3.12/site-packages/airflow/example_dags/example_task_group.py
[2026-05-08T15:58:01.497+0000] {processor.py:840} INFO - DAG(s) 'example_task_group' retrieved from /home/airflow/.local/lib/python3.12/site-packages/airflow/example_dags/example_task_group.py
[2026-05-08T15:58:01.515+0000] {logging_mixin.py:188} INFO - [2026-05-08T15:58:01.515+0000] {dag.py:3089} INFO - Sync 1 DAGs
[2026-05-08T15:58:01.533+0000] {logging_mixin.py:188} INFO - [2026-05-08T15:58:01.532+0000] {dag.py:3947} INFO - Setting next_dagrun for example_task_group to 2026-05-07 00:00:00+00:00, run_after=2026-05-08 00:00:00+00:00
[2026-05-08T15:58:01.549+0000] {processor.py:183} INFO - Processing /home/airflow/.local/lib/python3.12/site-packages/airflow/example_dags/example_task_group.py took 0.065 seconds
[2026-05-08T15:58:31.672+0000] {processor.py:161} INFO - Started process (PID=1091) to work on /home/airflow/.local/lib/python3.12/site-packages/airflow/example_dags/example_task_group.py
[2026-05-08T15:58:31.673+0000] {processor.py:830} INFO - Processing file /home/airflow/.local/lib/python3.12/site-packages/airflow/example_dags/example_task_group.py for tasks to queue
[2026-05-08T15:58:31.675+0000] {logging_mixin.py:188} INFO - [2026-05-08T15:58:31.674+0000] {dagbag.py:545} INFO - Filling up the DagBag from /home/airflow/.local/lib/python3.12/site-packages/airflow/example_dags/example_task_group.py
[2026-05-08T15:58:31.680+0000] {processor.py:840} INFO - DAG(s) 'example_task_group' retrieved from /home/airflow/.local/lib/python3.12/site-packages/airflow/example_dags/example_task_group.py
[2026-05-08T15:58:31.697+0000] {logging_mixin.py:188} INFO - [2026-05-08T15:58:31.697+0000] {dag.py:3089} INFO - Sync 1 DAGs
[2026-05-08T15:58:31.717+0000] {logging_mixin.py:188} INFO - [2026-05-08T15:58:31.717+0000] {dag.py:3947} INFO - Setting next_dagrun for example_task_group to 2026-05-07 00:00:00+00:00, run_after=2026-05-08 00:00:00+00:00
[2026-05-08T15:58:31.732+0000] {processor.py:183} INFO - Processing /home/airflow/.local/lib/python3.12/site-packages/airflow/example_dags/example_task_group.py took 0.066 seconds
[2026-05-08T15:59:01.931+0000] {processor.py:161} INFO - Started process (PID=1149) to work on /home/airflow/.local/lib/python3.12/site-packages/airflow/example_dags/example_task_group.py
[2026-05-08T15:59:01.932+0000] {processor.py:830} INFO - Processing file /home/airflow/.local/lib/python3.12/site-packages/airflow/example_dags/example_task_group.py for tasks to queue
[2026-05-08T15:59:01.933+0000] {logging_mixin.py:188} INFO - [2026-05-08T15:59:01.933+0000] {dagbag.py:545} INFO - Filling up the DagBag from /home/airflow/.local/lib/python3.12/site-packages/airflow/example_dags/example_task_group.py
[2026-05-08T15:59:01.941+0000] {processor.py:840} INFO - DAG(s) 'example_task_group' retrieved from /home/airflow/.local/lib/python3.12/site-packages/airflow/example_dags/example_task_group.py
[2026-05-08T15:59:01.958+0000] {logging_mixin.py:188} INFO - [2026-05-08T15:59:01.958+0000] {dag.py:3089} INFO - Sync 1 DAGs
[2026-05-08T15:59:01.979+0000] {logging_mixin.py:188} INFO - [2026-05-08T15:59:01.978+0000] {dag.py:3947} INFO - Setting next_dagrun for example_task_group to 2026-05-07 00:00:00+00:00, run_after=2026-05-08 00:00:00+00:00
[2026-05-08T15:59:01.994+0000] {processor.py:183} INFO - Processing /home/airflow/.local/lib/python3.12/site-packages/airflow/example_dags/example_task_group.py took 0.067 seconds
