[2026-05-08T15:39:26.544+0000] {processor.py:161} INFO - Started process (PID=69) to work on /home/airflow/.local/lib/python3.12/site-packages/airflow/example_dags/example_time_delta_sensor_async.py
[2026-05-08T15:39:26.544+0000] {processor.py:830} INFO - Processing file /home/airflow/.local/lib/python3.12/site-packages/airflow/example_dags/example_time_delta_sensor_async.py for tasks to queue
[2026-05-08T15:39:26.546+0000] {logging_mixin.py:188} INFO - [2026-05-08T15:39:26.546+0000] {dagbag.py:545} INFO - Filling up the DagBag from /home/airflow/.local/lib/python3.12/site-packages/airflow/example_dags/example_time_delta_sensor_async.py
[2026-05-08T15:39:26.552+0000] {processor.py:840} INFO - DAG(s) 'example_time_delta_sensor_async' retrieved from /home/airflow/.local/lib/python3.12/site-packages/airflow/example_dags/example_time_delta_sensor_async.py
[2026-05-08T15:39:26.574+0000] {logging_mixin.py:188} INFO - [2026-05-08T15:39:26.573+0000] {dag.py:3089} INFO - Sync 1 DAGs
[2026-05-08T15:39:26.587+0000] {logging_mixin.py:188} INFO - [2026-05-08T15:39:26.587+0000] {dag.py:3947} INFO - Setting next_dagrun for example_time_delta_sensor_async to None, run_after=None
[2026-05-08T15:39:26.618+0000] {processor.py:183} INFO - Processing /home/airflow/.local/lib/python3.12/site-packages/airflow/example_dags/example_time_delta_sensor_async.py took 0.081 seconds
[2026-05-08T15:39:57.164+0000] {processor.py:161} INFO - Started process (PID=127) to work on /home/airflow/.local/lib/python3.12/site-packages/airflow/example_dags/example_time_delta_sensor_async.py
[2026-05-08T15:39:57.164+0000] {processor.py:830} INFO - Processing file /home/airflow/.local/lib/python3.12/site-packages/airflow/example_dags/example_time_delta_sensor_async.py for tasks to queue
[2026-05-08T15:39:57.166+0000] {logging_mixin.py:188} INFO - [2026-05-08T15:39:57.166+0000] {dagbag.py:545} INFO - Filling up the DagBag from /home/airflow/.local/lib/python3.12/site-packages/airflow/example_dags/example_time_delta_sensor_async.py
[2026-05-08T15:39:57.170+0000] {processor.py:840} INFO - DAG(s) 'example_time_delta_sensor_async' retrieved from /home/airflow/.local/lib/python3.12/site-packages/airflow/example_dags/example_time_delta_sensor_async.py
[2026-05-08T15:39:57.186+0000] {logging_mixin.py:188} INFO - [2026-05-08T15:39:57.185+0000] {dag.py:3089} INFO - Sync 1 DAGs
[2026-05-08T15:39:57.196+0000] {logging_mixin.py:188} INFO - [2026-05-08T15:39:57.196+0000] {dag.py:3947} INFO - Setting next_dagrun for example_time_delta_sensor_async to None, run_after=None
[2026-05-08T15:39:57.212+0000] {processor.py:183} INFO - Processing /home/airflow/.local/lib/python3.12/site-packages/airflow/example_dags/example_time_delta_sensor_async.py took 0.053 seconds
[2026-05-08T15:40:27.693+0000] {processor.py:161} INFO - Started process (PID=185) to work on /home/airflow/.local/lib/python3.12/site-packages/airflow/example_dags/example_time_delta_sensor_async.py
[2026-05-08T15:40:27.694+0000] {processor.py:830} INFO - Processing file /home/airflow/.local/lib/python3.12/site-packages/airflow/example_dags/example_time_delta_sensor_async.py for tasks to queue
[2026-05-08T15:40:27.696+0000] {logging_mixin.py:188} INFO - [2026-05-08T15:40:27.696+0000] {dagbag.py:545} INFO - Filling up the DagBag from /home/airflow/.local/lib/python3.12/site-packages/airflow/example_dags/example_time_delta_sensor_async.py
[2026-05-08T15:40:27.700+0000] {processor.py:840} INFO - DAG(s) 'example_time_delta_sensor_async' retrieved from /home/airflow/.local/lib/python3.12/site-packages/airflow/example_dags/example_time_delta_sensor_async.py
[2026-05-08T15:40:27.719+0000] {logging_mixin.py:188} INFO - [2026-05-08T15:40:27.719+0000] {dag.py:3089} INFO - Sync 1 DAGs
[2026-05-08T15:40:27.730+0000] {logging_mixin.py:188} INFO - [2026-05-08T15:40:27.730+0000] {dag.py:3947} INFO - Setting next_dagrun for example_time_delta_sensor_async to None, run_after=None
[2026-05-08T15:40:27.748+0000] {processor.py:183} INFO - Processing /home/airflow/.local/lib/python3.12/site-packages/airflow/example_dags/example_time_delta_sensor_async.py took 0.060 seconds
[2026-05-08T15:40:57.769+0000] {processor.py:161} INFO - Started process (PID=242) to work on /home/airflow/.local/lib/python3.12/site-packages/airflow/example_dags/example_time_delta_sensor_async.py
[2026-05-08T15:40:57.769+0000] {processor.py:830} INFO - Processing file /home/airflow/.local/lib/python3.12/site-packages/airflow/example_dags/example_time_delta_sensor_async.py for tasks to queue
[2026-05-08T15:40:57.771+0000] {logging_mixin.py:188} INFO - [2026-05-08T15:40:57.771+0000] {dagbag.py:545} INFO - Filling up the DagBag from /home/airflow/.local/lib/python3.12/site-packages/airflow/example_dags/example_time_delta_sensor_async.py
[2026-05-08T15:40:57.775+0000] {processor.py:840} INFO - DAG(s) 'example_time_delta_sensor_async' retrieved from /home/airflow/.local/lib/python3.12/site-packages/airflow/example_dags/example_time_delta_sensor_async.py
[2026-05-08T15:40:57.791+0000] {logging_mixin.py:188} INFO - [2026-05-08T15:40:57.790+0000] {dag.py:3089} INFO - Sync 1 DAGs
[2026-05-08T15:40:57.802+0000] {logging_mixin.py:188} INFO - [2026-05-08T15:40:57.802+0000] {dag.py:3947} INFO - Setting next_dagrun for example_time_delta_sensor_async to None, run_after=None
[2026-05-08T15:40:57.818+0000] {processor.py:183} INFO - Processing /home/airflow/.local/lib/python3.12/site-packages/airflow/example_dags/example_time_delta_sensor_async.py took 0.054 seconds
[2026-05-08T15:41:28.123+0000] {processor.py:161} INFO - Started process (PID=300) to work on /home/airflow/.local/lib/python3.12/site-packages/airflow/example_dags/example_time_delta_sensor_async.py
[2026-05-08T15:41:28.125+0000] {processor.py:830} INFO - Processing file /home/airflow/.local/lib/python3.12/site-packages/airflow/example_dags/example_time_delta_sensor_async.py for tasks to queue
[2026-05-08T15:41:28.127+0000] {logging_mixin.py:188} INFO - [2026-05-08T15:41:28.127+0000] {dagbag.py:545} INFO - Filling up the DagBag from /home/airflow/.local/lib/python3.12/site-packages/airflow/example_dags/example_time_delta_sensor_async.py
[2026-05-08T15:41:28.131+0000] {processor.py:840} INFO - DAG(s) 'example_time_delta_sensor_async' retrieved from /home/airflow/.local/lib/python3.12/site-packages/airflow/example_dags/example_time_delta_sensor_async.py
[2026-05-08T15:41:28.147+0000] {logging_mixin.py:188} INFO - [2026-05-08T15:41:28.147+0000] {dag.py:3089} INFO - Sync 1 DAGs
[2026-05-08T15:41:28.158+0000] {logging_mixin.py:188} INFO - [2026-05-08T15:41:28.158+0000] {dag.py:3947} INFO - Setting next_dagrun for example_time_delta_sensor_async to None, run_after=None
[2026-05-08T15:41:28.174+0000] {processor.py:183} INFO - Processing /home/airflow/.local/lib/python3.12/site-packages/airflow/example_dags/example_time_delta_sensor_async.py took 0.055 seconds
[2026-05-08T15:41:58.442+0000] {processor.py:161} INFO - Started process (PID=358) to work on /home/airflow/.local/lib/python3.12/site-packages/airflow/example_dags/example_time_delta_sensor_async.py
[2026-05-08T15:41:58.443+0000] {processor.py:830} INFO - Processing file /home/airflow/.local/lib/python3.12/site-packages/airflow/example_dags/example_time_delta_sensor_async.py for tasks to queue
[2026-05-08T15:41:58.444+0000] {logging_mixin.py:188} INFO - [2026-05-08T15:41:58.444+0000] {dagbag.py:545} INFO - Filling up the DagBag from /home/airflow/.local/lib/python3.12/site-packages/airflow/example_dags/example_time_delta_sensor_async.py
[2026-05-08T15:41:58.448+0000] {processor.py:840} INFO - DAG(s) 'example_time_delta_sensor_async' retrieved from /home/airflow/.local/lib/python3.12/site-packages/airflow/example_dags/example_time_delta_sensor_async.py
[2026-05-08T15:41:58.465+0000] {logging_mixin.py:188} INFO - [2026-05-08T15:41:58.465+0000] {dag.py:3089} INFO - Sync 1 DAGs
[2026-05-08T15:41:58.476+0000] {logging_mixin.py:188} INFO - [2026-05-08T15:41:58.476+0000] {dag.py:3947} INFO - Setting next_dagrun for example_time_delta_sensor_async to None, run_after=None
[2026-05-08T15:41:58.498+0000] {processor.py:183} INFO - Processing /home/airflow/.local/lib/python3.12/site-packages/airflow/example_dags/example_time_delta_sensor_async.py took 0.060 seconds
[2026-05-08T15:42:29.061+0000] {processor.py:161} INFO - Started process (PID=416) to work on /home/airflow/.local/lib/python3.12/site-packages/airflow/example_dags/example_time_delta_sensor_async.py
[2026-05-08T15:42:29.062+0000] {processor.py:830} INFO - Processing file /home/airflow/.local/lib/python3.12/site-packages/airflow/example_dags/example_time_delta_sensor_async.py for tasks to queue
[2026-05-08T15:42:29.064+0000] {logging_mixin.py:188} INFO - [2026-05-08T15:42:29.064+0000] {dagbag.py:545} INFO - Filling up the DagBag from /home/airflow/.local/lib/python3.12/site-packages/airflow/example_dags/example_time_delta_sensor_async.py
[2026-05-08T15:42:29.068+0000] {processor.py:840} INFO - DAG(s) 'example_time_delta_sensor_async' retrieved from /home/airflow/.local/lib/python3.12/site-packages/airflow/example_dags/example_time_delta_sensor_async.py
[2026-05-08T15:42:29.084+0000] {logging_mixin.py:188} INFO - [2026-05-08T15:42:29.083+0000] {dag.py:3089} INFO - Sync 1 DAGs
[2026-05-08T15:42:29.094+0000] {logging_mixin.py:188} INFO - [2026-05-08T15:42:29.094+0000] {dag.py:3947} INFO - Setting next_dagrun for example_time_delta_sensor_async to None, run_after=None
[2026-05-08T15:42:29.110+0000] {processor.py:183} INFO - Processing /home/airflow/.local/lib/python3.12/site-packages/airflow/example_dags/example_time_delta_sensor_async.py took 0.054 seconds
[2026-05-08T15:42:59.612+0000] {processor.py:161} INFO - Started process (PID=474) to work on /home/airflow/.local/lib/python3.12/site-packages/airflow/example_dags/example_time_delta_sensor_async.py
[2026-05-08T15:42:59.612+0000] {processor.py:830} INFO - Processing file /home/airflow/.local/lib/python3.12/site-packages/airflow/example_dags/example_time_delta_sensor_async.py for tasks to queue
[2026-05-08T15:42:59.614+0000] {logging_mixin.py:188} INFO - [2026-05-08T15:42:59.614+0000] {dagbag.py:545} INFO - Filling up the DagBag from /home/airflow/.local/lib/python3.12/site-packages/airflow/example_dags/example_time_delta_sensor_async.py
[2026-05-08T15:42:59.618+0000] {processor.py:840} INFO - DAG(s) 'example_time_delta_sensor_async' retrieved from /home/airflow/.local/lib/python3.12/site-packages/airflow/example_dags/example_time_delta_sensor_async.py
[2026-05-08T15:42:59.634+0000] {logging_mixin.py:188} INFO - [2026-05-08T15:42:59.634+0000] {dag.py:3089} INFO - Sync 1 DAGs
[2026-05-08T15:42:59.644+0000] {logging_mixin.py:188} INFO - [2026-05-08T15:42:59.644+0000] {dag.py:3947} INFO - Setting next_dagrun for example_time_delta_sensor_async to None, run_after=None
[2026-05-08T15:42:59.691+0000] {processor.py:183} INFO - Processing /home/airflow/.local/lib/python3.12/site-packages/airflow/example_dags/example_time_delta_sensor_async.py took 0.085 seconds
[2026-05-08T15:43:30.048+0000] {processor.py:161} INFO - Started process (PID=532) to work on /home/airflow/.local/lib/python3.12/site-packages/airflow/example_dags/example_time_delta_sensor_async.py
[2026-05-08T15:43:30.050+0000] {processor.py:830} INFO - Processing file /home/airflow/.local/lib/python3.12/site-packages/airflow/example_dags/example_time_delta_sensor_async.py for tasks to queue
[2026-05-08T15:43:30.051+0000] {logging_mixin.py:188} INFO - [2026-05-08T15:43:30.051+0000] {dagbag.py:545} INFO - Filling up the DagBag from /home/airflow/.local/lib/python3.12/site-packages/airflow/example_dags/example_time_delta_sensor_async.py
[2026-05-08T15:43:30.054+0000] {processor.py:840} INFO - DAG(s) 'example_time_delta_sensor_async' retrieved from /home/airflow/.local/lib/python3.12/site-packages/airflow/example_dags/example_time_delta_sensor_async.py
[2026-05-08T15:43:30.071+0000] {logging_mixin.py:188} INFO - [2026-05-08T15:43:30.070+0000] {dag.py:3089} INFO - Sync 1 DAGs
[2026-05-08T15:43:30.082+0000] {logging_mixin.py:188} INFO - [2026-05-08T15:43:30.082+0000] {dag.py:3947} INFO - Setting next_dagrun for example_time_delta_sensor_async to None, run_after=None
[2026-05-08T15:43:30.098+0000] {processor.py:183} INFO - Processing /home/airflow/.local/lib/python3.12/site-packages/airflow/example_dags/example_time_delta_sensor_async.py took 0.055 seconds
[2026-05-08T15:44:00.499+0000] {processor.py:161} INFO - Started process (PID=590) to work on /home/airflow/.local/lib/python3.12/site-packages/airflow/example_dags/example_time_delta_sensor_async.py
[2026-05-08T15:44:00.499+0000] {processor.py:830} INFO - Processing file /home/airflow/.local/lib/python3.12/site-packages/airflow/example_dags/example_time_delta_sensor_async.py for tasks to queue
[2026-05-08T15:44:00.501+0000] {logging_mixin.py:188} INFO - [2026-05-08T15:44:00.501+0000] {dagbag.py:545} INFO - Filling up the DagBag from /home/airflow/.local/lib/python3.12/site-packages/airflow/example_dags/example_time_delta_sensor_async.py
[2026-05-08T15:44:00.504+0000] {processor.py:840} INFO - DAG(s) 'example_time_delta_sensor_async' retrieved from /home/airflow/.local/lib/python3.12/site-packages/airflow/example_dags/example_time_delta_sensor_async.py
[2026-05-08T15:44:00.520+0000] {logging_mixin.py:188} INFO - [2026-05-08T15:44:00.520+0000] {dag.py:3089} INFO - Sync 1 DAGs
[2026-05-08T15:44:00.531+0000] {logging_mixin.py:188} INFO - [2026-05-08T15:44:00.531+0000] {dag.py:3947} INFO - Setting next_dagrun for example_time_delta_sensor_async to None, run_after=None
[2026-05-08T15:44:00.547+0000] {processor.py:183} INFO - Processing /home/airflow/.local/lib/python3.12/site-packages/airflow/example_dags/example_time_delta_sensor_async.py took 0.053 seconds
[2026-05-08T15:44:31.116+0000] {processor.py:161} INFO - Started process (PID=648) to work on /home/airflow/.local/lib/python3.12/site-packages/airflow/example_dags/example_time_delta_sensor_async.py
[2026-05-08T15:44:31.117+0000] {processor.py:830} INFO - Processing file /home/airflow/.local/lib/python3.12/site-packages/airflow/example_dags/example_time_delta_sensor_async.py for tasks to queue
[2026-05-08T15:44:31.119+0000] {logging_mixin.py:188} INFO - [2026-05-08T15:44:31.119+0000] {dagbag.py:545} INFO - Filling up the DagBag from /home/airflow/.local/lib/python3.12/site-packages/airflow/example_dags/example_time_delta_sensor_async.py
[2026-05-08T15:44:31.122+0000] {processor.py:840} INFO - DAG(s) 'example_time_delta_sensor_async' retrieved from /home/airflow/.local/lib/python3.12/site-packages/airflow/example_dags/example_time_delta_sensor_async.py
[2026-05-08T15:44:31.138+0000] {logging_mixin.py:188} INFO - [2026-05-08T15:44:31.138+0000] {dag.py:3089} INFO - Sync 1 DAGs
[2026-05-08T15:44:31.149+0000] {logging_mixin.py:188} INFO - [2026-05-08T15:44:31.149+0000] {dag.py:3947} INFO - Setting next_dagrun for example_time_delta_sensor_async to None, run_after=None
[2026-05-08T15:44:31.165+0000] {processor.py:183} INFO - Processing /home/airflow/.local/lib/python3.12/site-packages/airflow/example_dags/example_time_delta_sensor_async.py took 0.054 seconds
[2026-05-08T15:45:01.547+0000] {processor.py:161} INFO - Started process (PID=706) to work on /home/airflow/.local/lib/python3.12/site-packages/airflow/example_dags/example_time_delta_sensor_async.py
[2026-05-08T15:45:01.548+0000] {processor.py:830} INFO - Processing file /home/airflow/.local/lib/python3.12/site-packages/airflow/example_dags/example_time_delta_sensor_async.py for tasks to queue
[2026-05-08T15:45:01.549+0000] {logging_mixin.py:188} INFO - [2026-05-08T15:45:01.549+0000] {dagbag.py:545} INFO - Filling up the DagBag from /home/airflow/.local/lib/python3.12/site-packages/airflow/example_dags/example_time_delta_sensor_async.py
[2026-05-08T15:45:01.552+0000] {processor.py:840} INFO - DAG(s) 'example_time_delta_sensor_async' retrieved from /home/airflow/.local/lib/python3.12/site-packages/airflow/example_dags/example_time_delta_sensor_async.py
[2026-05-08T15:45:01.568+0000] {logging_mixin.py:188} INFO - [2026-05-08T15:45:01.568+0000] {dag.py:3089} INFO - Sync 1 DAGs
[2026-05-08T15:45:01.579+0000] {logging_mixin.py:188} INFO - [2026-05-08T15:45:01.579+0000] {dag.py:3947} INFO - Setting next_dagrun for example_time_delta_sensor_async to None, run_after=None
[2026-05-08T15:45:01.595+0000] {processor.py:183} INFO - Processing /home/airflow/.local/lib/python3.12/site-packages/airflow/example_dags/example_time_delta_sensor_async.py took 0.052 seconds
[2026-05-08T15:45:32.307+0000] {processor.py:161} INFO - Started process (PID=764) to work on /home/airflow/.local/lib/python3.12/site-packages/airflow/example_dags/example_time_delta_sensor_async.py
[2026-05-08T15:45:32.308+0000] {processor.py:830} INFO - Processing file /home/airflow/.local/lib/python3.12/site-packages/airflow/example_dags/example_time_delta_sensor_async.py for tasks to queue
[2026-05-08T15:45:32.309+0000] {logging_mixin.py:188} INFO - [2026-05-08T15:45:32.309+0000] {dagbag.py:545} INFO - Filling up the DagBag from /home/airflow/.local/lib/python3.12/site-packages/airflow/example_dags/example_time_delta_sensor_async.py
[2026-05-08T15:45:32.313+0000] {processor.py:840} INFO - DAG(s) 'example_time_delta_sensor_async' retrieved from /home/airflow/.local/lib/python3.12/site-packages/airflow/example_dags/example_time_delta_sensor_async.py
[2026-05-08T15:45:32.329+0000] {logging_mixin.py:188} INFO - [2026-05-08T15:45:32.329+0000] {dag.py:3089} INFO - Sync 1 DAGs
[2026-05-08T15:45:32.342+0000] {logging_mixin.py:188} INFO - [2026-05-08T15:45:32.342+0000] {dag.py:3947} INFO - Setting next_dagrun for example_time_delta_sensor_async to None, run_after=None
[2026-05-08T15:45:32.363+0000] {processor.py:183} INFO - Processing /home/airflow/.local/lib/python3.12/site-packages/airflow/example_dags/example_time_delta_sensor_async.py took 0.061 seconds
[2026-05-08T15:46:02.931+0000] {processor.py:161} INFO - Started process (PID=822) to work on /home/airflow/.local/lib/python3.12/site-packages/airflow/example_dags/example_time_delta_sensor_async.py
[2026-05-08T15:46:02.932+0000] {processor.py:830} INFO - Processing file /home/airflow/.local/lib/python3.12/site-packages/airflow/example_dags/example_time_delta_sensor_async.py for tasks to queue
[2026-05-08T15:46:02.934+0000] {logging_mixin.py:188} INFO - [2026-05-08T15:46:02.934+0000] {dagbag.py:545} INFO - Filling up the DagBag from /home/airflow/.local/lib/python3.12/site-packages/airflow/example_dags/example_time_delta_sensor_async.py
[2026-05-08T15:46:02.937+0000] {processor.py:840} INFO - DAG(s) 'example_time_delta_sensor_async' retrieved from /home/airflow/.local/lib/python3.12/site-packages/airflow/example_dags/example_time_delta_sensor_async.py
[2026-05-08T15:46:02.954+0000] {logging_mixin.py:188} INFO - [2026-05-08T15:46:02.954+0000] {dag.py:3089} INFO - Sync 1 DAGs
[2026-05-08T15:46:02.965+0000] {logging_mixin.py:188} INFO - [2026-05-08T15:46:02.965+0000] {dag.py:3947} INFO - Setting next_dagrun for example_time_delta_sensor_async to None, run_after=None
[2026-05-08T15:46:02.981+0000] {processor.py:183} INFO - Processing /home/airflow/.local/lib/python3.12/site-packages/airflow/example_dags/example_time_delta_sensor_async.py took 0.055 seconds
[2026-05-08T15:46:33.652+0000] {processor.py:161} INFO - Started process (PID=880) to work on /home/airflow/.local/lib/python3.12/site-packages/airflow/example_dags/example_time_delta_sensor_async.py
[2026-05-08T15:46:33.653+0000] {processor.py:830} INFO - Processing file /home/airflow/.local/lib/python3.12/site-packages/airflow/example_dags/example_time_delta_sensor_async.py for tasks to queue
[2026-05-08T15:46:33.655+0000] {logging_mixin.py:188} INFO - [2026-05-08T15:46:33.654+0000] {dagbag.py:545} INFO - Filling up the DagBag from /home/airflow/.local/lib/python3.12/site-packages/airflow/example_dags/example_time_delta_sensor_async.py
[2026-05-08T15:46:33.658+0000] {processor.py:840} INFO - DAG(s) 'example_time_delta_sensor_async' retrieved from /home/airflow/.local/lib/python3.12/site-packages/airflow/example_dags/example_time_delta_sensor_async.py
[2026-05-08T15:46:33.677+0000] {logging_mixin.py:188} INFO - [2026-05-08T15:46:33.677+0000] {dag.py:3089} INFO - Sync 1 DAGs
[2026-05-08T15:46:33.689+0000] {logging_mixin.py:188} INFO - [2026-05-08T15:46:33.689+0000] {dag.py:3947} INFO - Setting next_dagrun for example_time_delta_sensor_async to None, run_after=None
[2026-05-08T15:46:33.708+0000] {processor.py:183} INFO - Processing /home/airflow/.local/lib/python3.12/site-packages/airflow/example_dags/example_time_delta_sensor_async.py took 0.062 seconds
[2026-05-08T15:47:04.235+0000] {processor.py:161} INFO - Started process (PID=938) to work on /home/airflow/.local/lib/python3.12/site-packages/airflow/example_dags/example_time_delta_sensor_async.py
[2026-05-08T15:47:04.236+0000] {processor.py:830} INFO - Processing file /home/airflow/.local/lib/python3.12/site-packages/airflow/example_dags/example_time_delta_sensor_async.py for tasks to queue
[2026-05-08T15:47:04.237+0000] {logging_mixin.py:188} INFO - [2026-05-08T15:47:04.237+0000] {dagbag.py:545} INFO - Filling up the DagBag from /home/airflow/.local/lib/python3.12/site-packages/airflow/example_dags/example_time_delta_sensor_async.py
[2026-05-08T15:47:04.242+0000] {processor.py:840} INFO - DAG(s) 'example_time_delta_sensor_async' retrieved from /home/airflow/.local/lib/python3.12/site-packages/airflow/example_dags/example_time_delta_sensor_async.py
[2026-05-08T15:47:04.259+0000] {logging_mixin.py:188} INFO - [2026-05-08T15:47:04.258+0000] {dag.py:3089} INFO - Sync 1 DAGs
[2026-05-08T15:47:04.270+0000] {logging_mixin.py:188} INFO - [2026-05-08T15:47:04.270+0000] {dag.py:3947} INFO - Setting next_dagrun for example_time_delta_sensor_async to None, run_after=None
[2026-05-08T15:47:04.287+0000] {processor.py:183} INFO - Processing /home/airflow/.local/lib/python3.12/site-packages/airflow/example_dags/example_time_delta_sensor_async.py took 0.058 seconds
[2026-05-08T15:47:34.427+0000] {processor.py:161} INFO - Started process (PID=996) to work on /home/airflow/.local/lib/python3.12/site-packages/airflow/example_dags/example_time_delta_sensor_async.py
[2026-05-08T15:47:34.428+0000] {processor.py:830} INFO - Processing file /home/airflow/.local/lib/python3.12/site-packages/airflow/example_dags/example_time_delta_sensor_async.py for tasks to queue
[2026-05-08T15:47:34.430+0000] {logging_mixin.py:188} INFO - [2026-05-08T15:47:34.429+0000] {dagbag.py:545} INFO - Filling up the DagBag from /home/airflow/.local/lib/python3.12/site-packages/airflow/example_dags/example_time_delta_sensor_async.py
[2026-05-08T15:47:34.433+0000] {processor.py:840} INFO - DAG(s) 'example_time_delta_sensor_async' retrieved from /home/airflow/.local/lib/python3.12/site-packages/airflow/example_dags/example_time_delta_sensor_async.py
[2026-05-08T15:47:34.449+0000] {logging_mixin.py:188} INFO - [2026-05-08T15:47:34.449+0000] {dag.py:3089} INFO - Sync 1 DAGs
[2026-05-08T15:47:34.460+0000] {logging_mixin.py:188} INFO - [2026-05-08T15:47:34.460+0000] {dag.py:3947} INFO - Setting next_dagrun for example_time_delta_sensor_async to None, run_after=None
[2026-05-08T15:47:34.476+0000] {processor.py:183} INFO - Processing /home/airflow/.local/lib/python3.12/site-packages/airflow/example_dags/example_time_delta_sensor_async.py took 0.054 seconds
[2026-05-08T15:48:05.969+0000] {processor.py:161} INFO - Started process (PID=1055) to work on /home/airflow/.local/lib/python3.12/site-packages/airflow/example_dags/example_time_delta_sensor_async.py
[2026-05-08T15:48:06.220+0000] {processor.py:830} INFO - Processing file /home/airflow/.local/lib/python3.12/site-packages/airflow/example_dags/example_time_delta_sensor_async.py for tasks to queue
[2026-05-08T15:48:06.222+0000] {logging_mixin.py:188} INFO - [2026-05-08T15:48:06.222+0000] {dagbag.py:545} INFO - Filling up the DagBag from /home/airflow/.local/lib/python3.12/site-packages/airflow/example_dags/example_time_delta_sensor_async.py
[2026-05-08T15:48:06.289+0000] {processor.py:840} INFO - DAG(s) 'example_time_delta_sensor_async' retrieved from /home/airflow/.local/lib/python3.12/site-packages/airflow/example_dags/example_time_delta_sensor_async.py
[2026-05-08T15:48:06.309+0000] {logging_mixin.py:188} INFO - [2026-05-08T15:48:06.309+0000] {dag.py:3089} INFO - Sync 1 DAGs
[2026-05-08T15:48:06.321+0000] {logging_mixin.py:188} INFO - [2026-05-08T15:48:06.321+0000] {dag.py:3947} INFO - Setting next_dagrun for example_time_delta_sensor_async to None, run_after=None
[2026-05-08T15:48:06.342+0000] {processor.py:183} INFO - Processing /home/airflow/.local/lib/python3.12/site-packages/airflow/example_dags/example_time_delta_sensor_async.py took 0.377 seconds
[2026-05-08T15:48:36.994+0000] {processor.py:161} INFO - Started process (PID=1113) to work on /home/airflow/.local/lib/python3.12/site-packages/airflow/example_dags/example_time_delta_sensor_async.py
[2026-05-08T15:48:37.027+0000] {processor.py:830} INFO - Processing file /home/airflow/.local/lib/python3.12/site-packages/airflow/example_dags/example_time_delta_sensor_async.py for tasks to queue
[2026-05-08T15:48:37.028+0000] {logging_mixin.py:188} INFO - [2026-05-08T15:48:37.028+0000] {dagbag.py:545} INFO - Filling up the DagBag from /home/airflow/.local/lib/python3.12/site-packages/airflow/example_dags/example_time_delta_sensor_async.py
[2026-05-08T15:48:37.036+0000] {processor.py:840} INFO - DAG(s) 'example_time_delta_sensor_async' retrieved from /home/airflow/.local/lib/python3.12/site-packages/airflow/example_dags/example_time_delta_sensor_async.py
[2026-05-08T15:48:37.052+0000] {logging_mixin.py:188} INFO - [2026-05-08T15:48:37.052+0000] {dag.py:3089} INFO - Sync 1 DAGs
[2026-05-08T15:48:37.063+0000] {logging_mixin.py:188} INFO - [2026-05-08T15:48:37.062+0000] {dag.py:3947} INFO - Setting next_dagrun for example_time_delta_sensor_async to None, run_after=None
[2026-05-08T15:48:37.082+0000] {processor.py:183} INFO - Processing /home/airflow/.local/lib/python3.12/site-packages/airflow/example_dags/example_time_delta_sensor_async.py took 0.093 seconds
[2026-05-08T15:49:26.919+0000] {processor.py:161} INFO - Started process (PID=63) to work on /home/airflow/.local/lib/python3.12/site-packages/airflow/example_dags/example_time_delta_sensor_async.py
[2026-05-08T15:49:26.920+0000] {processor.py:830} INFO - Processing file /home/airflow/.local/lib/python3.12/site-packages/airflow/example_dags/example_time_delta_sensor_async.py for tasks to queue
[2026-05-08T15:49:26.921+0000] {logging_mixin.py:188} INFO - [2026-05-08T15:49:26.921+0000] {dagbag.py:545} INFO - Filling up the DagBag from /home/airflow/.local/lib/python3.12/site-packages/airflow/example_dags/example_time_delta_sensor_async.py
[2026-05-08T15:49:26.927+0000] {processor.py:840} INFO - DAG(s) 'example_time_delta_sensor_async' retrieved from /home/airflow/.local/lib/python3.12/site-packages/airflow/example_dags/example_time_delta_sensor_async.py
[2026-05-08T15:49:26.944+0000] {logging_mixin.py:188} INFO - [2026-05-08T15:49:26.944+0000] {dag.py:3089} INFO - Sync 1 DAGs
[2026-05-08T15:49:26.956+0000] {logging_mixin.py:188} INFO - [2026-05-08T15:49:26.956+0000] {dag.py:3947} INFO - Setting next_dagrun for example_time_delta_sensor_async to None, run_after=None
[2026-05-08T15:49:26.971+0000] {processor.py:183} INFO - Processing /home/airflow/.local/lib/python3.12/site-packages/airflow/example_dags/example_time_delta_sensor_async.py took 0.057 seconds
[2026-05-08T15:49:57.052+0000] {processor.py:161} INFO - Started process (PID=121) to work on /home/airflow/.local/lib/python3.12/site-packages/airflow/example_dags/example_time_delta_sensor_async.py
[2026-05-08T15:49:57.053+0000] {processor.py:830} INFO - Processing file /home/airflow/.local/lib/python3.12/site-packages/airflow/example_dags/example_time_delta_sensor_async.py for tasks to queue
[2026-05-08T15:49:57.054+0000] {logging_mixin.py:188} INFO - [2026-05-08T15:49:57.054+0000] {dagbag.py:545} INFO - Filling up the DagBag from /home/airflow/.local/lib/python3.12/site-packages/airflow/example_dags/example_time_delta_sensor_async.py
[2026-05-08T15:49:57.058+0000] {processor.py:840} INFO - DAG(s) 'example_time_delta_sensor_async' retrieved from /home/airflow/.local/lib/python3.12/site-packages/airflow/example_dags/example_time_delta_sensor_async.py
[2026-05-08T15:49:57.073+0000] {logging_mixin.py:188} INFO - [2026-05-08T15:49:57.073+0000] {dag.py:3089} INFO - Sync 1 DAGs
[2026-05-08T15:49:57.083+0000] {logging_mixin.py:188} INFO - [2026-05-08T15:49:57.083+0000] {dag.py:3947} INFO - Setting next_dagrun for example_time_delta_sensor_async to None, run_after=None
[2026-05-08T15:49:57.101+0000] {processor.py:183} INFO - Processing /home/airflow/.local/lib/python3.12/site-packages/airflow/example_dags/example_time_delta_sensor_async.py took 0.053 seconds
[2026-05-08T15:50:28.023+0000] {processor.py:161} INFO - Started process (PID=179) to work on /home/airflow/.local/lib/python3.12/site-packages/airflow/example_dags/example_time_delta_sensor_async.py
[2026-05-08T15:50:28.023+0000] {processor.py:830} INFO - Processing file /home/airflow/.local/lib/python3.12/site-packages/airflow/example_dags/example_time_delta_sensor_async.py for tasks to queue
[2026-05-08T15:50:28.025+0000] {logging_mixin.py:188} INFO - [2026-05-08T15:50:28.024+0000] {dagbag.py:545} INFO - Filling up the DagBag from /home/airflow/.local/lib/python3.12/site-packages/airflow/example_dags/example_time_delta_sensor_async.py
[2026-05-08T15:50:28.028+0000] {processor.py:840} INFO - DAG(s) 'example_time_delta_sensor_async' retrieved from /home/airflow/.local/lib/python3.12/site-packages/airflow/example_dags/example_time_delta_sensor_async.py
[2026-05-08T15:50:28.043+0000] {logging_mixin.py:188} INFO - [2026-05-08T15:50:28.043+0000] {dag.py:3089} INFO - Sync 1 DAGs
[2026-05-08T15:50:28.053+0000] {logging_mixin.py:188} INFO - [2026-05-08T15:50:28.053+0000] {dag.py:3947} INFO - Setting next_dagrun for example_time_delta_sensor_async to None, run_after=None
[2026-05-08T15:50:28.068+0000] {processor.py:183} INFO - Processing /home/airflow/.local/lib/python3.12/site-packages/airflow/example_dags/example_time_delta_sensor_async.py took 0.050 seconds
[2026-05-08T15:50:58.333+0000] {processor.py:161} INFO - Started process (PID=237) to work on /home/airflow/.local/lib/python3.12/site-packages/airflow/example_dags/example_time_delta_sensor_async.py
[2026-05-08T15:50:58.333+0000] {processor.py:830} INFO - Processing file /home/airflow/.local/lib/python3.12/site-packages/airflow/example_dags/example_time_delta_sensor_async.py for tasks to queue
[2026-05-08T15:50:58.335+0000] {logging_mixin.py:188} INFO - [2026-05-08T15:50:58.334+0000] {dagbag.py:545} INFO - Filling up the DagBag from /home/airflow/.local/lib/python3.12/site-packages/airflow/example_dags/example_time_delta_sensor_async.py
[2026-05-08T15:50:58.338+0000] {processor.py:840} INFO - DAG(s) 'example_time_delta_sensor_async' retrieved from /home/airflow/.local/lib/python3.12/site-packages/airflow/example_dags/example_time_delta_sensor_async.py
[2026-05-08T15:50:58.353+0000] {logging_mixin.py:188} INFO - [2026-05-08T15:50:58.352+0000] {dag.py:3089} INFO - Sync 1 DAGs
[2026-05-08T15:50:58.362+0000] {logging_mixin.py:188} INFO - [2026-05-08T15:50:58.362+0000] {dag.py:3947} INFO - Setting next_dagrun for example_time_delta_sensor_async to None, run_after=None
[2026-05-08T15:50:58.377+0000] {processor.py:183} INFO - Processing /home/airflow/.local/lib/python3.12/site-packages/airflow/example_dags/example_time_delta_sensor_async.py took 0.049 seconds
[2026-05-08T15:51:28.638+0000] {processor.py:161} INFO - Started process (PID=295) to work on /home/airflow/.local/lib/python3.12/site-packages/airflow/example_dags/example_time_delta_sensor_async.py
[2026-05-08T15:51:28.639+0000] {processor.py:830} INFO - Processing file /home/airflow/.local/lib/python3.12/site-packages/airflow/example_dags/example_time_delta_sensor_async.py for tasks to queue
[2026-05-08T15:51:28.640+0000] {logging_mixin.py:188} INFO - [2026-05-08T15:51:28.640+0000] {dagbag.py:545} INFO - Filling up the DagBag from /home/airflow/.local/lib/python3.12/site-packages/airflow/example_dags/example_time_delta_sensor_async.py
[2026-05-08T15:51:28.643+0000] {processor.py:840} INFO - DAG(s) 'example_time_delta_sensor_async' retrieved from /home/airflow/.local/lib/python3.12/site-packages/airflow/example_dags/example_time_delta_sensor_async.py
[2026-05-08T15:51:28.658+0000] {logging_mixin.py:188} INFO - [2026-05-08T15:51:28.658+0000] {dag.py:3089} INFO - Sync 1 DAGs
[2026-05-08T15:51:28.669+0000] {logging_mixin.py:188} INFO - [2026-05-08T15:51:28.668+0000] {dag.py:3947} INFO - Setting next_dagrun for example_time_delta_sensor_async to None, run_after=None
[2026-05-08T15:51:28.683+0000] {processor.py:183} INFO - Processing /home/airflow/.local/lib/python3.12/site-packages/airflow/example_dags/example_time_delta_sensor_async.py took 0.050 seconds
[2026-05-08T15:51:58.931+0000] {processor.py:161} INFO - Started process (PID=353) to work on /home/airflow/.local/lib/python3.12/site-packages/airflow/example_dags/example_time_delta_sensor_async.py
[2026-05-08T15:51:58.932+0000] {processor.py:830} INFO - Processing file /home/airflow/.local/lib/python3.12/site-packages/airflow/example_dags/example_time_delta_sensor_async.py for tasks to queue
[2026-05-08T15:51:58.934+0000] {logging_mixin.py:188} INFO - [2026-05-08T15:51:58.933+0000] {dagbag.py:545} INFO - Filling up the DagBag from /home/airflow/.local/lib/python3.12/site-packages/airflow/example_dags/example_time_delta_sensor_async.py
[2026-05-08T15:51:58.937+0000] {processor.py:840} INFO - DAG(s) 'example_time_delta_sensor_async' retrieved from /home/airflow/.local/lib/python3.12/site-packages/airflow/example_dags/example_time_delta_sensor_async.py
[2026-05-08T15:51:58.954+0000] {logging_mixin.py:188} INFO - [2026-05-08T15:51:58.953+0000] {dag.py:3089} INFO - Sync 1 DAGs
[2026-05-08T15:51:58.964+0000] {logging_mixin.py:188} INFO - [2026-05-08T15:51:58.964+0000] {dag.py:3947} INFO - Setting next_dagrun for example_time_delta_sensor_async to None, run_after=None
[2026-05-08T15:51:58.981+0000] {processor.py:183} INFO - Processing /home/airflow/.local/lib/python3.12/site-packages/airflow/example_dags/example_time_delta_sensor_async.py took 0.055 seconds
[2026-05-08T15:52:29.388+0000] {processor.py:161} INFO - Started process (PID=411) to work on /home/airflow/.local/lib/python3.12/site-packages/airflow/example_dags/example_time_delta_sensor_async.py
[2026-05-08T15:52:29.389+0000] {processor.py:830} INFO - Processing file /home/airflow/.local/lib/python3.12/site-packages/airflow/example_dags/example_time_delta_sensor_async.py for tasks to queue
[2026-05-08T15:52:29.390+0000] {logging_mixin.py:188} INFO - [2026-05-08T15:52:29.390+0000] {dagbag.py:545} INFO - Filling up the DagBag from /home/airflow/.local/lib/python3.12/site-packages/airflow/example_dags/example_time_delta_sensor_async.py
[2026-05-08T15:52:29.393+0000] {processor.py:840} INFO - DAG(s) 'example_time_delta_sensor_async' retrieved from /home/airflow/.local/lib/python3.12/site-packages/airflow/example_dags/example_time_delta_sensor_async.py
[2026-05-08T15:52:29.408+0000] {logging_mixin.py:188} INFO - [2026-05-08T15:52:29.408+0000] {dag.py:3089} INFO - Sync 1 DAGs
[2026-05-08T15:52:29.419+0000] {logging_mixin.py:188} INFO - [2026-05-08T15:52:29.419+0000] {dag.py:3947} INFO - Setting next_dagrun for example_time_delta_sensor_async to None, run_after=None
[2026-05-08T15:52:29.434+0000] {processor.py:183} INFO - Processing /home/airflow/.local/lib/python3.12/site-packages/airflow/example_dags/example_time_delta_sensor_async.py took 0.050 seconds
[2026-05-08T15:52:59.746+0000] {processor.py:161} INFO - Started process (PID=469) to work on /home/airflow/.local/lib/python3.12/site-packages/airflow/example_dags/example_time_delta_sensor_async.py
[2026-05-08T15:52:59.747+0000] {processor.py:830} INFO - Processing file /home/airflow/.local/lib/python3.12/site-packages/airflow/example_dags/example_time_delta_sensor_async.py for tasks to queue
[2026-05-08T15:52:59.749+0000] {logging_mixin.py:188} INFO - [2026-05-08T15:52:59.748+0000] {dagbag.py:545} INFO - Filling up the DagBag from /home/airflow/.local/lib/python3.12/site-packages/airflow/example_dags/example_time_delta_sensor_async.py
[2026-05-08T15:52:59.752+0000] {processor.py:840} INFO - DAG(s) 'example_time_delta_sensor_async' retrieved from /home/airflow/.local/lib/python3.12/site-packages/airflow/example_dags/example_time_delta_sensor_async.py
[2026-05-08T15:52:59.767+0000] {logging_mixin.py:188} INFO - [2026-05-08T15:52:59.767+0000] {dag.py:3089} INFO - Sync 1 DAGs
[2026-05-08T15:52:59.777+0000] {logging_mixin.py:188} INFO - [2026-05-08T15:52:59.777+0000] {dag.py:3947} INFO - Setting next_dagrun for example_time_delta_sensor_async to None, run_after=None
[2026-05-08T15:52:59.792+0000] {processor.py:183} INFO - Processing /home/airflow/.local/lib/python3.12/site-packages/airflow/example_dags/example_time_delta_sensor_async.py took 0.051 seconds
[2026-05-08T15:53:30.145+0000] {processor.py:161} INFO - Started process (PID=527) to work on /home/airflow/.local/lib/python3.12/site-packages/airflow/example_dags/example_time_delta_sensor_async.py
[2026-05-08T15:53:30.146+0000] {processor.py:830} INFO - Processing file /home/airflow/.local/lib/python3.12/site-packages/airflow/example_dags/example_time_delta_sensor_async.py for tasks to queue
[2026-05-08T15:53:30.147+0000] {logging_mixin.py:188} INFO - [2026-05-08T15:53:30.147+0000] {dagbag.py:545} INFO - Filling up the DagBag from /home/airflow/.local/lib/python3.12/site-packages/airflow/example_dags/example_time_delta_sensor_async.py
[2026-05-08T15:53:30.151+0000] {processor.py:840} INFO - DAG(s) 'example_time_delta_sensor_async' retrieved from /home/airflow/.local/lib/python3.12/site-packages/airflow/example_dags/example_time_delta_sensor_async.py
[2026-05-08T15:53:30.166+0000] {logging_mixin.py:188} INFO - [2026-05-08T15:53:30.166+0000] {dag.py:3089} INFO - Sync 1 DAGs
[2026-05-08T15:53:30.177+0000] {logging_mixin.py:188} INFO - [2026-05-08T15:53:30.177+0000] {dag.py:3947} INFO - Setting next_dagrun for example_time_delta_sensor_async to None, run_after=None
[2026-05-08T15:53:30.193+0000] {processor.py:183} INFO - Processing /home/airflow/.local/lib/python3.12/site-packages/airflow/example_dags/example_time_delta_sensor_async.py took 0.053 seconds
[2026-05-08T15:54:00.541+0000] {processor.py:161} INFO - Started process (PID=585) to work on /home/airflow/.local/lib/python3.12/site-packages/airflow/example_dags/example_time_delta_sensor_async.py
[2026-05-08T15:54:00.542+0000] {processor.py:830} INFO - Processing file /home/airflow/.local/lib/python3.12/site-packages/airflow/example_dags/example_time_delta_sensor_async.py for tasks to queue
[2026-05-08T15:54:00.543+0000] {logging_mixin.py:188} INFO - [2026-05-08T15:54:00.543+0000] {dagbag.py:545} INFO - Filling up the DagBag from /home/airflow/.local/lib/python3.12/site-packages/airflow/example_dags/example_time_delta_sensor_async.py
[2026-05-08T15:54:00.547+0000] {processor.py:840} INFO - DAG(s) 'example_time_delta_sensor_async' retrieved from /home/airflow/.local/lib/python3.12/site-packages/airflow/example_dags/example_time_delta_sensor_async.py
[2026-05-08T15:54:00.562+0000] {logging_mixin.py:188} INFO - [2026-05-08T15:54:00.562+0000] {dag.py:3089} INFO - Sync 1 DAGs
[2026-05-08T15:54:00.572+0000] {logging_mixin.py:188} INFO - [2026-05-08T15:54:00.572+0000] {dag.py:3947} INFO - Setting next_dagrun for example_time_delta_sensor_async to None, run_after=None
[2026-05-08T15:54:00.587+0000] {processor.py:183} INFO - Processing /home/airflow/.local/lib/python3.12/site-packages/airflow/example_dags/example_time_delta_sensor_async.py took 0.051 seconds
[2026-05-08T15:54:30.917+0000] {processor.py:161} INFO - Started process (PID=643) to work on /home/airflow/.local/lib/python3.12/site-packages/airflow/example_dags/example_time_delta_sensor_async.py
[2026-05-08T15:54:30.917+0000] {processor.py:830} INFO - Processing file /home/airflow/.local/lib/python3.12/site-packages/airflow/example_dags/example_time_delta_sensor_async.py for tasks to queue
[2026-05-08T15:54:30.919+0000] {logging_mixin.py:188} INFO - [2026-05-08T15:54:30.918+0000] {dagbag.py:545} INFO - Filling up the DagBag from /home/airflow/.local/lib/python3.12/site-packages/airflow/example_dags/example_time_delta_sensor_async.py
[2026-05-08T15:54:30.922+0000] {processor.py:840} INFO - DAG(s) 'example_time_delta_sensor_async' retrieved from /home/airflow/.local/lib/python3.12/site-packages/airflow/example_dags/example_time_delta_sensor_async.py
[2026-05-08T15:54:30.937+0000] {logging_mixin.py:188} INFO - [2026-05-08T15:54:30.936+0000] {dag.py:3089} INFO - Sync 1 DAGs
[2026-05-08T15:54:30.947+0000] {logging_mixin.py:188} INFO - [2026-05-08T15:54:30.946+0000] {dag.py:3947} INFO - Setting next_dagrun for example_time_delta_sensor_async to None, run_after=None
[2026-05-08T15:54:30.961+0000] {processor.py:183} INFO - Processing /home/airflow/.local/lib/python3.12/site-packages/airflow/example_dags/example_time_delta_sensor_async.py took 0.049 seconds
[2026-05-08T15:55:01.230+0000] {processor.py:161} INFO - Started process (PID=701) to work on /home/airflow/.local/lib/python3.12/site-packages/airflow/example_dags/example_time_delta_sensor_async.py
[2026-05-08T15:55:01.231+0000] {processor.py:830} INFO - Processing file /home/airflow/.local/lib/python3.12/site-packages/airflow/example_dags/example_time_delta_sensor_async.py for tasks to queue
[2026-05-08T15:55:01.232+0000] {logging_mixin.py:188} INFO - [2026-05-08T15:55:01.232+0000] {dagbag.py:545} INFO - Filling up the DagBag from /home/airflow/.local/lib/python3.12/site-packages/airflow/example_dags/example_time_delta_sensor_async.py
[2026-05-08T15:55:01.236+0000] {processor.py:840} INFO - DAG(s) 'example_time_delta_sensor_async' retrieved from /home/airflow/.local/lib/python3.12/site-packages/airflow/example_dags/example_time_delta_sensor_async.py
[2026-05-08T15:55:01.251+0000] {logging_mixin.py:188} INFO - [2026-05-08T15:55:01.251+0000] {dag.py:3089} INFO - Sync 1 DAGs
[2026-05-08T15:55:01.261+0000] {logging_mixin.py:188} INFO - [2026-05-08T15:55:01.261+0000] {dag.py:3947} INFO - Setting next_dagrun for example_time_delta_sensor_async to None, run_after=None
[2026-05-08T15:55:01.276+0000] {processor.py:183} INFO - Processing /home/airflow/.local/lib/python3.12/site-packages/airflow/example_dags/example_time_delta_sensor_async.py took 0.050 seconds
[2026-05-08T15:55:31.616+0000] {processor.py:161} INFO - Started process (PID=759) to work on /home/airflow/.local/lib/python3.12/site-packages/airflow/example_dags/example_time_delta_sensor_async.py
[2026-05-08T15:55:31.616+0000] {processor.py:830} INFO - Processing file /home/airflow/.local/lib/python3.12/site-packages/airflow/example_dags/example_time_delta_sensor_async.py for tasks to queue
[2026-05-08T15:55:31.618+0000] {logging_mixin.py:188} INFO - [2026-05-08T15:55:31.617+0000] {dagbag.py:545} INFO - Filling up the DagBag from /home/airflow/.local/lib/python3.12/site-packages/airflow/example_dags/example_time_delta_sensor_async.py
[2026-05-08T15:55:31.621+0000] {processor.py:840} INFO - DAG(s) 'example_time_delta_sensor_async' retrieved from /home/airflow/.local/lib/python3.12/site-packages/airflow/example_dags/example_time_delta_sensor_async.py
[2026-05-08T15:55:31.636+0000] {logging_mixin.py:188} INFO - [2026-05-08T15:55:31.636+0000] {dag.py:3089} INFO - Sync 1 DAGs
[2026-05-08T15:55:31.646+0000] {logging_mixin.py:188} INFO - [2026-05-08T15:55:31.646+0000] {dag.py:3947} INFO - Setting next_dagrun for example_time_delta_sensor_async to None, run_after=None
[2026-05-08T15:55:31.661+0000] {processor.py:183} INFO - Processing /home/airflow/.local/lib/python3.12/site-packages/airflow/example_dags/example_time_delta_sensor_async.py took 0.050 seconds
[2026-05-08T15:56:02.145+0000] {processor.py:161} INFO - Started process (PID=817) to work on /home/airflow/.local/lib/python3.12/site-packages/airflow/example_dags/example_time_delta_sensor_async.py
[2026-05-08T15:56:02.147+0000] {processor.py:830} INFO - Processing file /home/airflow/.local/lib/python3.12/site-packages/airflow/example_dags/example_time_delta_sensor_async.py for tasks to queue
[2026-05-08T15:56:02.148+0000] {logging_mixin.py:188} INFO - [2026-05-08T15:56:02.148+0000] {dagbag.py:545} INFO - Filling up the DagBag from /home/airflow/.local/lib/python3.12/site-packages/airflow/example_dags/example_time_delta_sensor_async.py
[2026-05-08T15:56:02.152+0000] {processor.py:840} INFO - DAG(s) 'example_time_delta_sensor_async' retrieved from /home/airflow/.local/lib/python3.12/site-packages/airflow/example_dags/example_time_delta_sensor_async.py
[2026-05-08T15:56:02.168+0000] {logging_mixin.py:188} INFO - [2026-05-08T15:56:02.168+0000] {dag.py:3089} INFO - Sync 1 DAGs
[2026-05-08T15:56:02.178+0000] {logging_mixin.py:188} INFO - [2026-05-08T15:56:02.178+0000] {dag.py:3947} INFO - Setting next_dagrun for example_time_delta_sensor_async to None, run_after=None
[2026-05-08T15:56:02.196+0000] {processor.py:183} INFO - Processing /home/airflow/.local/lib/python3.12/site-packages/airflow/example_dags/example_time_delta_sensor_async.py took 0.055 seconds
[2026-05-08T15:56:32.751+0000] {processor.py:161} INFO - Started process (PID=875) to work on /home/airflow/.local/lib/python3.12/site-packages/airflow/example_dags/example_time_delta_sensor_async.py
[2026-05-08T15:56:32.752+0000] {processor.py:830} INFO - Processing file /home/airflow/.local/lib/python3.12/site-packages/airflow/example_dags/example_time_delta_sensor_async.py for tasks to queue
[2026-05-08T15:56:32.753+0000] {logging_mixin.py:188} INFO - [2026-05-08T15:56:32.753+0000] {dagbag.py:545} INFO - Filling up the DagBag from /home/airflow/.local/lib/python3.12/site-packages/airflow/example_dags/example_time_delta_sensor_async.py
[2026-05-08T15:56:32.757+0000] {processor.py:840} INFO - DAG(s) 'example_time_delta_sensor_async' retrieved from /home/airflow/.local/lib/python3.12/site-packages/airflow/example_dags/example_time_delta_sensor_async.py
[2026-05-08T15:56:32.771+0000] {logging_mixin.py:188} INFO - [2026-05-08T15:56:32.771+0000] {dag.py:3089} INFO - Sync 1 DAGs
[2026-05-08T15:56:32.783+0000] {logging_mixin.py:188} INFO - [2026-05-08T15:56:32.782+0000] {dag.py:3947} INFO - Setting next_dagrun for example_time_delta_sensor_async to None, run_after=None
[2026-05-08T15:56:32.799+0000] {processor.py:183} INFO - Processing /home/airflow/.local/lib/python3.12/site-packages/airflow/example_dags/example_time_delta_sensor_async.py took 0.055 seconds
[2026-05-08T15:57:02.888+0000] {processor.py:161} INFO - Started process (PID=933) to work on /home/airflow/.local/lib/python3.12/site-packages/airflow/example_dags/example_time_delta_sensor_async.py
[2026-05-08T15:57:02.889+0000] {processor.py:830} INFO - Processing file /home/airflow/.local/lib/python3.12/site-packages/airflow/example_dags/example_time_delta_sensor_async.py for tasks to queue
[2026-05-08T15:57:02.891+0000] {logging_mixin.py:188} INFO - [2026-05-08T15:57:02.890+0000] {dagbag.py:545} INFO - Filling up the DagBag from /home/airflow/.local/lib/python3.12/site-packages/airflow/example_dags/example_time_delta_sensor_async.py
[2026-05-08T15:57:02.894+0000] {processor.py:840} INFO - DAG(s) 'example_time_delta_sensor_async' retrieved from /home/airflow/.local/lib/python3.12/site-packages/airflow/example_dags/example_time_delta_sensor_async.py
[2026-05-08T15:57:02.909+0000] {logging_mixin.py:188} INFO - [2026-05-08T15:57:02.909+0000] {dag.py:3089} INFO - Sync 1 DAGs
[2026-05-08T15:57:02.923+0000] {logging_mixin.py:188} INFO - [2026-05-08T15:57:02.923+0000] {dag.py:3947} INFO - Setting next_dagrun for example_time_delta_sensor_async to None, run_after=None
[2026-05-08T15:57:02.939+0000] {processor.py:183} INFO - Processing /home/airflow/.local/lib/python3.12/site-packages/airflow/example_dags/example_time_delta_sensor_async.py took 0.056 seconds
[2026-05-08T15:57:33.056+0000] {processor.py:161} INFO - Started process (PID=991) to work on /home/airflow/.local/lib/python3.12/site-packages/airflow/example_dags/example_time_delta_sensor_async.py
[2026-05-08T15:57:33.056+0000] {processor.py:830} INFO - Processing file /home/airflow/.local/lib/python3.12/site-packages/airflow/example_dags/example_time_delta_sensor_async.py for tasks to queue
[2026-05-08T15:57:33.058+0000] {logging_mixin.py:188} INFO - [2026-05-08T15:57:33.057+0000] {dagbag.py:545} INFO - Filling up the DagBag from /home/airflow/.local/lib/python3.12/site-packages/airflow/example_dags/example_time_delta_sensor_async.py
[2026-05-08T15:57:33.061+0000] {processor.py:840} INFO - DAG(s) 'example_time_delta_sensor_async' retrieved from /home/airflow/.local/lib/python3.12/site-packages/airflow/example_dags/example_time_delta_sensor_async.py
[2026-05-08T15:57:33.078+0000] {logging_mixin.py:188} INFO - [2026-05-08T15:57:33.078+0000] {dag.py:3089} INFO - Sync 1 DAGs
[2026-05-08T15:57:33.088+0000] {logging_mixin.py:188} INFO - [2026-05-08T15:57:33.088+0000] {dag.py:3947} INFO - Setting next_dagrun for example_time_delta_sensor_async to None, run_after=None
[2026-05-08T15:57:33.106+0000] {processor.py:183} INFO - Processing /home/airflow/.local/lib/python3.12/site-packages/airflow/example_dags/example_time_delta_sensor_async.py took 0.055 seconds
[2026-05-08T15:58:03.211+0000] {processor.py:161} INFO - Started process (PID=1049) to work on /home/airflow/.local/lib/python3.12/site-packages/airflow/example_dags/example_time_delta_sensor_async.py
[2026-05-08T15:58:03.213+0000] {processor.py:830} INFO - Processing file /home/airflow/.local/lib/python3.12/site-packages/airflow/example_dags/example_time_delta_sensor_async.py for tasks to queue
[2026-05-08T15:58:03.214+0000] {logging_mixin.py:188} INFO - [2026-05-08T15:58:03.214+0000] {dagbag.py:545} INFO - Filling up the DagBag from /home/airflow/.local/lib/python3.12/site-packages/airflow/example_dags/example_time_delta_sensor_async.py
[2026-05-08T15:58:03.217+0000] {processor.py:840} INFO - DAG(s) 'example_time_delta_sensor_async' retrieved from /home/airflow/.local/lib/python3.12/site-packages/airflow/example_dags/example_time_delta_sensor_async.py
[2026-05-08T15:58:03.232+0000] {logging_mixin.py:188} INFO - [2026-05-08T15:58:03.232+0000] {dag.py:3089} INFO - Sync 1 DAGs
[2026-05-08T15:58:03.244+0000] {logging_mixin.py:188} INFO - [2026-05-08T15:58:03.244+0000] {dag.py:3947} INFO - Setting next_dagrun for example_time_delta_sensor_async to None, run_after=None
[2026-05-08T15:58:03.259+0000] {processor.py:183} INFO - Processing /home/airflow/.local/lib/python3.12/site-packages/airflow/example_dags/example_time_delta_sensor_async.py took 0.054 seconds
[2026-05-08T15:58:33.416+0000] {processor.py:161} INFO - Started process (PID=1107) to work on /home/airflow/.local/lib/python3.12/site-packages/airflow/example_dags/example_time_delta_sensor_async.py
[2026-05-08T15:58:33.417+0000] {processor.py:830} INFO - Processing file /home/airflow/.local/lib/python3.12/site-packages/airflow/example_dags/example_time_delta_sensor_async.py for tasks to queue
[2026-05-08T15:58:33.418+0000] {logging_mixin.py:188} INFO - [2026-05-08T15:58:33.418+0000] {dagbag.py:545} INFO - Filling up the DagBag from /home/airflow/.local/lib/python3.12/site-packages/airflow/example_dags/example_time_delta_sensor_async.py
[2026-05-08T15:58:33.422+0000] {processor.py:840} INFO - DAG(s) 'example_time_delta_sensor_async' retrieved from /home/airflow/.local/lib/python3.12/site-packages/airflow/example_dags/example_time_delta_sensor_async.py
[2026-05-08T15:58:33.438+0000] {logging_mixin.py:188} INFO - [2026-05-08T15:58:33.438+0000] {dag.py:3089} INFO - Sync 1 DAGs
[2026-05-08T15:58:33.449+0000] {logging_mixin.py:188} INFO - [2026-05-08T15:58:33.449+0000] {dag.py:3947} INFO - Setting next_dagrun for example_time_delta_sensor_async to None, run_after=None
[2026-05-08T15:58:33.464+0000] {processor.py:183} INFO - Processing /home/airflow/.local/lib/python3.12/site-packages/airflow/example_dags/example_time_delta_sensor_async.py took 0.052 seconds
[2026-05-08T15:59:03.657+0000] {processor.py:161} INFO - Started process (PID=1165) to work on /home/airflow/.local/lib/python3.12/site-packages/airflow/example_dags/example_time_delta_sensor_async.py
[2026-05-08T15:59:03.658+0000] {processor.py:830} INFO - Processing file /home/airflow/.local/lib/python3.12/site-packages/airflow/example_dags/example_time_delta_sensor_async.py for tasks to queue
[2026-05-08T15:59:03.660+0000] {logging_mixin.py:188} INFO - [2026-05-08T15:59:03.659+0000] {dagbag.py:545} INFO - Filling up the DagBag from /home/airflow/.local/lib/python3.12/site-packages/airflow/example_dags/example_time_delta_sensor_async.py
[2026-05-08T15:59:03.663+0000] {processor.py:840} INFO - DAG(s) 'example_time_delta_sensor_async' retrieved from /home/airflow/.local/lib/python3.12/site-packages/airflow/example_dags/example_time_delta_sensor_async.py
[2026-05-08T15:59:03.680+0000] {logging_mixin.py:188} INFO - [2026-05-08T15:59:03.680+0000] {dag.py:3089} INFO - Sync 1 DAGs
[2026-05-08T15:59:03.691+0000] {logging_mixin.py:188} INFO - [2026-05-08T15:59:03.690+0000] {dag.py:3947} INFO - Setting next_dagrun for example_time_delta_sensor_async to None, run_after=None
[2026-05-08T15:59:03.710+0000] {processor.py:183} INFO - Processing /home/airflow/.local/lib/python3.12/site-packages/airflow/example_dags/example_time_delta_sensor_async.py took 0.058 seconds
