[2026-05-08T15:39:28.403+0000] {processor.py:161} INFO - Started process (PID=96) to work on /home/airflow/.local/lib/python3.12/site-packages/airflow/example_dags/example_bash_operator.py
[2026-05-08T15:39:28.403+0000] {processor.py:830} INFO - Processing file /home/airflow/.local/lib/python3.12/site-packages/airflow/example_dags/example_bash_operator.py for tasks to queue
[2026-05-08T15:39:28.405+0000] {logging_mixin.py:188} INFO - [2026-05-08T15:39:28.404+0000] {dagbag.py:545} INFO - Filling up the DagBag from /home/airflow/.local/lib/python3.12/site-packages/airflow/example_dags/example_bash_operator.py
[2026-05-08T15:39:28.414+0000] {processor.py:840} INFO - DAG(s) 'example_bash_operator' retrieved from /home/airflow/.local/lib/python3.12/site-packages/airflow/example_dags/example_bash_operator.py
[2026-05-08T15:39:28.436+0000] {logging_mixin.py:188} INFO - [2026-05-08T15:39:28.436+0000] {dag.py:3089} INFO - Sync 1 DAGs
[2026-05-08T15:39:28.455+0000] {logging_mixin.py:188} INFO - [2026-05-08T15:39:28.455+0000] {dag.py:3947} INFO - Setting next_dagrun for example_bash_operator to 2026-05-07 00:00:00+00:00, run_after=2026-05-08 00:00:00+00:00
[2026-05-08T15:39:28.473+0000] {processor.py:183} INFO - Processing /home/airflow/.local/lib/python3.12/site-packages/airflow/example_dags/example_bash_operator.py took 0.075 seconds
[2026-05-08T15:39:58.657+0000] {processor.py:161} INFO - Started process (PID=154) to work on /home/airflow/.local/lib/python3.12/site-packages/airflow/example_dags/example_bash_operator.py
[2026-05-08T15:39:58.658+0000] {processor.py:830} INFO - Processing file /home/airflow/.local/lib/python3.12/site-packages/airflow/example_dags/example_bash_operator.py for tasks to queue
[2026-05-08T15:39:58.659+0000] {logging_mixin.py:188} INFO - [2026-05-08T15:39:58.659+0000] {dagbag.py:545} INFO - Filling up the DagBag from /home/airflow/.local/lib/python3.12/site-packages/airflow/example_dags/example_bash_operator.py
[2026-05-08T15:39:58.668+0000] {processor.py:840} INFO - DAG(s) 'example_bash_operator' retrieved from /home/airflow/.local/lib/python3.12/site-packages/airflow/example_dags/example_bash_operator.py
[2026-05-08T15:39:58.692+0000] {logging_mixin.py:188} INFO - [2026-05-08T15:39:58.692+0000] {dag.py:3089} INFO - Sync 1 DAGs
[2026-05-08T15:39:58.712+0000] {logging_mixin.py:188} INFO - [2026-05-08T15:39:58.712+0000] {dag.py:3947} INFO - Setting next_dagrun for example_bash_operator to 2026-05-07 00:00:00+00:00, run_after=2026-05-08 00:00:00+00:00
[2026-05-08T15:39:58.729+0000] {processor.py:183} INFO - Processing /home/airflow/.local/lib/python3.12/site-packages/airflow/example_dags/example_bash_operator.py took 0.077 seconds
[2026-05-08T15:40:29.371+0000] {processor.py:161} INFO - Started process (PID=212) to work on /home/airflow/.local/lib/python3.12/site-packages/airflow/example_dags/example_bash_operator.py
[2026-05-08T15:40:29.375+0000] {processor.py:830} INFO - Processing file /home/airflow/.local/lib/python3.12/site-packages/airflow/example_dags/example_bash_operator.py for tasks to queue
[2026-05-08T15:40:29.376+0000] {logging_mixin.py:188} INFO - [2026-05-08T15:40:29.376+0000] {dagbag.py:545} INFO - Filling up the DagBag from /home/airflow/.local/lib/python3.12/site-packages/airflow/example_dags/example_bash_operator.py
[2026-05-08T15:40:29.386+0000] {processor.py:840} INFO - DAG(s) 'example_bash_operator' retrieved from /home/airflow/.local/lib/python3.12/site-packages/airflow/example_dags/example_bash_operator.py
[2026-05-08T15:40:29.408+0000] {logging_mixin.py:188} INFO - [2026-05-08T15:40:29.408+0000] {dag.py:3089} INFO - Sync 1 DAGs
[2026-05-08T15:40:29.427+0000] {logging_mixin.py:188} INFO - [2026-05-08T15:40:29.427+0000] {dag.py:3947} INFO - Setting next_dagrun for example_bash_operator to 2026-05-07 00:00:00+00:00, run_after=2026-05-08 00:00:00+00:00
[2026-05-08T15:40:29.444+0000] {processor.py:183} INFO - Processing /home/airflow/.local/lib/python3.12/site-packages/airflow/example_dags/example_bash_operator.py took 0.077 seconds
[2026-05-08T15:41:00.192+0000] {processor.py:161} INFO - Started process (PID=270) to work on /home/airflow/.local/lib/python3.12/site-packages/airflow/example_dags/example_bash_operator.py
[2026-05-08T15:41:00.192+0000] {processor.py:830} INFO - Processing file /home/airflow/.local/lib/python3.12/site-packages/airflow/example_dags/example_bash_operator.py for tasks to queue
[2026-05-08T15:41:00.194+0000] {logging_mixin.py:188} INFO - [2026-05-08T15:41:00.193+0000] {dagbag.py:545} INFO - Filling up the DagBag from /home/airflow/.local/lib/python3.12/site-packages/airflow/example_dags/example_bash_operator.py
[2026-05-08T15:41:00.203+0000] {processor.py:840} INFO - DAG(s) 'example_bash_operator' retrieved from /home/airflow/.local/lib/python3.12/site-packages/airflow/example_dags/example_bash_operator.py
[2026-05-08T15:41:00.226+0000] {logging_mixin.py:188} INFO - [2026-05-08T15:41:00.226+0000] {dag.py:3089} INFO - Sync 1 DAGs
[2026-05-08T15:41:00.246+0000] {logging_mixin.py:188} INFO - [2026-05-08T15:41:00.246+0000] {dag.py:3947} INFO - Setting next_dagrun for example_bash_operator to 2026-05-07 00:00:00+00:00, run_after=2026-05-08 00:00:00+00:00
[2026-05-08T15:41:00.262+0000] {processor.py:183} INFO - Processing /home/airflow/.local/lib/python3.12/site-packages/airflow/example_dags/example_bash_operator.py took 0.075 seconds
[2026-05-08T15:41:30.529+0000] {processor.py:161} INFO - Started process (PID=328) to work on /home/airflow/.local/lib/python3.12/site-packages/airflow/example_dags/example_bash_operator.py
[2026-05-08T15:41:30.530+0000] {processor.py:830} INFO - Processing file /home/airflow/.local/lib/python3.12/site-packages/airflow/example_dags/example_bash_operator.py for tasks to queue
[2026-05-08T15:41:30.532+0000] {logging_mixin.py:188} INFO - [2026-05-08T15:41:30.531+0000] {dagbag.py:545} INFO - Filling up the DagBag from /home/airflow/.local/lib/python3.12/site-packages/airflow/example_dags/example_bash_operator.py
[2026-05-08T15:41:30.541+0000] {processor.py:840} INFO - DAG(s) 'example_bash_operator' retrieved from /home/airflow/.local/lib/python3.12/site-packages/airflow/example_dags/example_bash_operator.py
[2026-05-08T15:41:30.565+0000] {logging_mixin.py:188} INFO - [2026-05-08T15:41:30.565+0000] {dag.py:3089} INFO - Sync 1 DAGs
[2026-05-08T15:41:30.586+0000] {logging_mixin.py:188} INFO - [2026-05-08T15:41:30.585+0000] {dag.py:3947} INFO - Setting next_dagrun for example_bash_operator to 2026-05-07 00:00:00+00:00, run_after=2026-05-08 00:00:00+00:00
[2026-05-08T15:41:30.603+0000] {processor.py:183} INFO - Processing /home/airflow/.local/lib/python3.12/site-packages/airflow/example_dags/example_bash_operator.py took 0.079 seconds
[2026-05-08T15:42:01.051+0000] {processor.py:161} INFO - Started process (PID=385) to work on /home/airflow/.local/lib/python3.12/site-packages/airflow/example_dags/example_bash_operator.py
[2026-05-08T15:42:01.052+0000] {processor.py:830} INFO - Processing file /home/airflow/.local/lib/python3.12/site-packages/airflow/example_dags/example_bash_operator.py for tasks to queue
[2026-05-08T15:42:01.054+0000] {logging_mixin.py:188} INFO - [2026-05-08T15:42:01.053+0000] {dagbag.py:545} INFO - Filling up the DagBag from /home/airflow/.local/lib/python3.12/site-packages/airflow/example_dags/example_bash_operator.py
[2026-05-08T15:42:01.063+0000] {processor.py:840} INFO - DAG(s) 'example_bash_operator' retrieved from /home/airflow/.local/lib/python3.12/site-packages/airflow/example_dags/example_bash_operator.py
[2026-05-08T15:42:01.086+0000] {logging_mixin.py:188} INFO - [2026-05-08T15:42:01.086+0000] {dag.py:3089} INFO - Sync 1 DAGs
[2026-05-08T15:42:01.107+0000] {logging_mixin.py:188} INFO - [2026-05-08T15:42:01.106+0000] {dag.py:3947} INFO - Setting next_dagrun for example_bash_operator to 2026-05-07 00:00:00+00:00, run_after=2026-05-08 00:00:00+00:00
[2026-05-08T15:42:01.123+0000] {processor.py:183} INFO - Processing /home/airflow/.local/lib/python3.12/site-packages/airflow/example_dags/example_bash_operator.py took 0.077 seconds
[2026-05-08T15:42:31.650+0000] {processor.py:161} INFO - Started process (PID=443) to work on /home/airflow/.local/lib/python3.12/site-packages/airflow/example_dags/example_bash_operator.py
[2026-05-08T15:42:31.651+0000] {processor.py:830} INFO - Processing file /home/airflow/.local/lib/python3.12/site-packages/airflow/example_dags/example_bash_operator.py for tasks to queue
[2026-05-08T15:42:31.652+0000] {logging_mixin.py:188} INFO - [2026-05-08T15:42:31.652+0000] {dagbag.py:545} INFO - Filling up the DagBag from /home/airflow/.local/lib/python3.12/site-packages/airflow/example_dags/example_bash_operator.py
[2026-05-08T15:42:31.662+0000] {processor.py:840} INFO - DAG(s) 'example_bash_operator' retrieved from /home/airflow/.local/lib/python3.12/site-packages/airflow/example_dags/example_bash_operator.py
[2026-05-08T15:42:31.686+0000] {logging_mixin.py:188} INFO - [2026-05-08T15:42:31.685+0000] {dag.py:3089} INFO - Sync 1 DAGs
[2026-05-08T15:42:31.709+0000] {logging_mixin.py:188} INFO - [2026-05-08T15:42:31.708+0000] {dag.py:3947} INFO - Setting next_dagrun for example_bash_operator to 2026-05-07 00:00:00+00:00, run_after=2026-05-08 00:00:00+00:00
[2026-05-08T15:42:31.728+0000] {processor.py:183} INFO - Processing /home/airflow/.local/lib/python3.12/site-packages/airflow/example_dags/example_bash_operator.py took 0.084 seconds
[2026-05-08T15:43:02.038+0000] {processor.py:161} INFO - Started process (PID=501) to work on /home/airflow/.local/lib/python3.12/site-packages/airflow/example_dags/example_bash_operator.py
[2026-05-08T15:43:02.039+0000] {processor.py:830} INFO - Processing file /home/airflow/.local/lib/python3.12/site-packages/airflow/example_dags/example_bash_operator.py for tasks to queue
[2026-05-08T15:43:02.040+0000] {logging_mixin.py:188} INFO - [2026-05-08T15:43:02.040+0000] {dagbag.py:545} INFO - Filling up the DagBag from /home/airflow/.local/lib/python3.12/site-packages/airflow/example_dags/example_bash_operator.py
[2026-05-08T15:43:02.050+0000] {processor.py:840} INFO - DAG(s) 'example_bash_operator' retrieved from /home/airflow/.local/lib/python3.12/site-packages/airflow/example_dags/example_bash_operator.py
[2026-05-08T15:43:02.074+0000] {logging_mixin.py:188} INFO - [2026-05-08T15:43:02.073+0000] {dag.py:3089} INFO - Sync 1 DAGs
[2026-05-08T15:43:02.095+0000] {logging_mixin.py:188} INFO - [2026-05-08T15:43:02.094+0000] {dag.py:3947} INFO - Setting next_dagrun for example_bash_operator to 2026-05-07 00:00:00+00:00, run_after=2026-05-08 00:00:00+00:00
[2026-05-08T15:43:02.114+0000] {processor.py:183} INFO - Processing /home/airflow/.local/lib/python3.12/site-packages/airflow/example_dags/example_bash_operator.py took 0.081 seconds
[2026-05-08T15:43:32.471+0000] {processor.py:161} INFO - Started process (PID=559) to work on /home/airflow/.local/lib/python3.12/site-packages/airflow/example_dags/example_bash_operator.py
[2026-05-08T15:43:32.475+0000] {processor.py:830} INFO - Processing file /home/airflow/.local/lib/python3.12/site-packages/airflow/example_dags/example_bash_operator.py for tasks to queue
[2026-05-08T15:43:32.477+0000] {logging_mixin.py:188} INFO - [2026-05-08T15:43:32.476+0000] {dagbag.py:545} INFO - Filling up the DagBag from /home/airflow/.local/lib/python3.12/site-packages/airflow/example_dags/example_bash_operator.py
[2026-05-08T15:43:32.486+0000] {processor.py:840} INFO - DAG(s) 'example_bash_operator' retrieved from /home/airflow/.local/lib/python3.12/site-packages/airflow/example_dags/example_bash_operator.py
[2026-05-08T15:43:32.511+0000] {logging_mixin.py:188} INFO - [2026-05-08T15:43:32.510+0000] {dag.py:3089} INFO - Sync 1 DAGs
[2026-05-08T15:43:32.532+0000] {logging_mixin.py:188} INFO - [2026-05-08T15:43:32.532+0000] {dag.py:3947} INFO - Setting next_dagrun for example_bash_operator to 2026-05-07 00:00:00+00:00, run_after=2026-05-08 00:00:00+00:00
[2026-05-08T15:43:32.549+0000] {processor.py:183} INFO - Processing /home/airflow/.local/lib/python3.12/site-packages/airflow/example_dags/example_bash_operator.py took 0.083 seconds
[2026-05-08T15:44:03.010+0000] {processor.py:161} INFO - Started process (PID=617) to work on /home/airflow/.local/lib/python3.12/site-packages/airflow/example_dags/example_bash_operator.py
[2026-05-08T15:44:03.010+0000] {processor.py:830} INFO - Processing file /home/airflow/.local/lib/python3.12/site-packages/airflow/example_dags/example_bash_operator.py for tasks to queue
[2026-05-08T15:44:03.012+0000] {logging_mixin.py:188} INFO - [2026-05-08T15:44:03.011+0000] {dagbag.py:545} INFO - Filling up the DagBag from /home/airflow/.local/lib/python3.12/site-packages/airflow/example_dags/example_bash_operator.py
[2026-05-08T15:44:03.021+0000] {processor.py:840} INFO - DAG(s) 'example_bash_operator' retrieved from /home/airflow/.local/lib/python3.12/site-packages/airflow/example_dags/example_bash_operator.py
[2026-05-08T15:44:03.045+0000] {logging_mixin.py:188} INFO - [2026-05-08T15:44:03.044+0000] {dag.py:3089} INFO - Sync 1 DAGs
[2026-05-08T15:44:03.065+0000] {logging_mixin.py:188} INFO - [2026-05-08T15:44:03.065+0000] {dag.py:3947} INFO - Setting next_dagrun for example_bash_operator to 2026-05-07 00:00:00+00:00, run_after=2026-05-08 00:00:00+00:00
[2026-05-08T15:44:03.083+0000] {processor.py:183} INFO - Processing /home/airflow/.local/lib/python3.12/site-packages/airflow/example_dags/example_bash_operator.py took 0.079 seconds
[2026-05-08T15:44:33.434+0000] {processor.py:161} INFO - Started process (PID=675) to work on /home/airflow/.local/lib/python3.12/site-packages/airflow/example_dags/example_bash_operator.py
[2026-05-08T15:44:33.435+0000] {processor.py:830} INFO - Processing file /home/airflow/.local/lib/python3.12/site-packages/airflow/example_dags/example_bash_operator.py for tasks to queue
[2026-05-08T15:44:33.436+0000] {logging_mixin.py:188} INFO - [2026-05-08T15:44:33.436+0000] {dagbag.py:545} INFO - Filling up the DagBag from /home/airflow/.local/lib/python3.12/site-packages/airflow/example_dags/example_bash_operator.py
[2026-05-08T15:44:33.445+0000] {processor.py:840} INFO - DAG(s) 'example_bash_operator' retrieved from /home/airflow/.local/lib/python3.12/site-packages/airflow/example_dags/example_bash_operator.py
[2026-05-08T15:44:33.469+0000] {logging_mixin.py:188} INFO - [2026-05-08T15:44:33.468+0000] {dag.py:3089} INFO - Sync 1 DAGs
[2026-05-08T15:44:33.489+0000] {logging_mixin.py:188} INFO - [2026-05-08T15:44:33.489+0000] {dag.py:3947} INFO - Setting next_dagrun for example_bash_operator to 2026-05-07 00:00:00+00:00, run_after=2026-05-08 00:00:00+00:00
[2026-05-08T15:44:33.506+0000] {processor.py:183} INFO - Processing /home/airflow/.local/lib/python3.12/site-packages/airflow/example_dags/example_bash_operator.py took 0.077 seconds
[2026-05-08T15:45:04.127+0000] {processor.py:161} INFO - Started process (PID=733) to work on /home/airflow/.local/lib/python3.12/site-packages/airflow/example_dags/example_bash_operator.py
[2026-05-08T15:45:04.128+0000] {processor.py:830} INFO - Processing file /home/airflow/.local/lib/python3.12/site-packages/airflow/example_dags/example_bash_operator.py for tasks to queue
[2026-05-08T15:45:04.129+0000] {logging_mixin.py:188} INFO - [2026-05-08T15:45:04.129+0000] {dagbag.py:545} INFO - Filling up the DagBag from /home/airflow/.local/lib/python3.12/site-packages/airflow/example_dags/example_bash_operator.py
[2026-05-08T15:45:04.138+0000] {processor.py:840} INFO - DAG(s) 'example_bash_operator' retrieved from /home/airflow/.local/lib/python3.12/site-packages/airflow/example_dags/example_bash_operator.py
[2026-05-08T15:45:04.162+0000] {logging_mixin.py:188} INFO - [2026-05-08T15:45:04.162+0000] {dag.py:3089} INFO - Sync 1 DAGs
[2026-05-08T15:45:04.183+0000] {logging_mixin.py:188} INFO - [2026-05-08T15:45:04.183+0000] {dag.py:3947} INFO - Setting next_dagrun for example_bash_operator to 2026-05-07 00:00:00+00:00, run_after=2026-05-08 00:00:00+00:00
[2026-05-08T15:45:04.200+0000] {processor.py:183} INFO - Processing /home/airflow/.local/lib/python3.12/site-packages/airflow/example_dags/example_bash_operator.py took 0.078 seconds
[2026-05-08T15:45:34.781+0000] {processor.py:161} INFO - Started process (PID=792) to work on /home/airflow/.local/lib/python3.12/site-packages/airflow/example_dags/example_bash_operator.py
[2026-05-08T15:45:34.785+0000] {processor.py:830} INFO - Processing file /home/airflow/.local/lib/python3.12/site-packages/airflow/example_dags/example_bash_operator.py for tasks to queue
[2026-05-08T15:45:34.787+0000] {logging_mixin.py:188} INFO - [2026-05-08T15:45:34.786+0000] {dagbag.py:545} INFO - Filling up the DagBag from /home/airflow/.local/lib/python3.12/site-packages/airflow/example_dags/example_bash_operator.py
[2026-05-08T15:45:34.796+0000] {processor.py:840} INFO - DAG(s) 'example_bash_operator' retrieved from /home/airflow/.local/lib/python3.12/site-packages/airflow/example_dags/example_bash_operator.py
[2026-05-08T15:45:34.818+0000] {logging_mixin.py:188} INFO - [2026-05-08T15:45:34.818+0000] {dag.py:3089} INFO - Sync 1 DAGs
[2026-05-08T15:45:34.837+0000] {logging_mixin.py:188} INFO - [2026-05-08T15:45:34.837+0000] {dag.py:3947} INFO - Setting next_dagrun for example_bash_operator to 2026-05-07 00:00:00+00:00, run_after=2026-05-08 00:00:00+00:00
[2026-05-08T15:45:34.853+0000] {processor.py:183} INFO - Processing /home/airflow/.local/lib/python3.12/site-packages/airflow/example_dags/example_bash_operator.py took 0.077 seconds
[2026-05-08T15:46:05.445+0000] {processor.py:161} INFO - Started process (PID=849) to work on /home/airflow/.local/lib/python3.12/site-packages/airflow/example_dags/example_bash_operator.py
[2026-05-08T15:46:05.445+0000] {processor.py:830} INFO - Processing file /home/airflow/.local/lib/python3.12/site-packages/airflow/example_dags/example_bash_operator.py for tasks to queue
[2026-05-08T15:46:05.446+0000] {logging_mixin.py:188} INFO - [2026-05-08T15:46:05.446+0000] {dagbag.py:545} INFO - Filling up the DagBag from /home/airflow/.local/lib/python3.12/site-packages/airflow/example_dags/example_bash_operator.py
[2026-05-08T15:46:05.456+0000] {processor.py:840} INFO - DAG(s) 'example_bash_operator' retrieved from /home/airflow/.local/lib/python3.12/site-packages/airflow/example_dags/example_bash_operator.py
[2026-05-08T15:46:05.480+0000] {logging_mixin.py:188} INFO - [2026-05-08T15:46:05.480+0000] {dag.py:3089} INFO - Sync 1 DAGs
[2026-05-08T15:46:05.501+0000] {logging_mixin.py:188} INFO - [2026-05-08T15:46:05.501+0000] {dag.py:3947} INFO - Setting next_dagrun for example_bash_operator to 2026-05-07 00:00:00+00:00, run_after=2026-05-08 00:00:00+00:00
[2026-05-08T15:46:05.524+0000] {processor.py:183} INFO - Processing /home/airflow/.local/lib/python3.12/site-packages/airflow/example_dags/example_bash_operator.py took 0.084 seconds
[2026-05-08T15:46:36.123+0000] {processor.py:161} INFO - Started process (PID=907) to work on /home/airflow/.local/lib/python3.12/site-packages/airflow/example_dags/example_bash_operator.py
[2026-05-08T15:46:36.124+0000] {processor.py:830} INFO - Processing file /home/airflow/.local/lib/python3.12/site-packages/airflow/example_dags/example_bash_operator.py for tasks to queue
[2026-05-08T15:46:36.126+0000] {logging_mixin.py:188} INFO - [2026-05-08T15:46:36.125+0000] {dagbag.py:545} INFO - Filling up the DagBag from /home/airflow/.local/lib/python3.12/site-packages/airflow/example_dags/example_bash_operator.py
[2026-05-08T15:46:36.135+0000] {processor.py:840} INFO - DAG(s) 'example_bash_operator' retrieved from /home/airflow/.local/lib/python3.12/site-packages/airflow/example_dags/example_bash_operator.py
[2026-05-08T15:46:36.159+0000] {logging_mixin.py:188} INFO - [2026-05-08T15:46:36.159+0000] {dag.py:3089} INFO - Sync 1 DAGs
[2026-05-08T15:46:36.180+0000] {logging_mixin.py:188} INFO - [2026-05-08T15:46:36.179+0000] {dag.py:3947} INFO - Setting next_dagrun for example_bash_operator to 2026-05-07 00:00:00+00:00, run_after=2026-05-08 00:00:00+00:00
[2026-05-08T15:46:36.197+0000] {processor.py:183} INFO - Processing /home/airflow/.local/lib/python3.12/site-packages/airflow/example_dags/example_bash_operator.py took 0.078 seconds
[2026-05-08T15:47:06.875+0000] {processor.py:161} INFO - Started process (PID=965) to work on /home/airflow/.local/lib/python3.12/site-packages/airflow/example_dags/example_bash_operator.py
[2026-05-08T15:47:06.875+0000] {processor.py:830} INFO - Processing file /home/airflow/.local/lib/python3.12/site-packages/airflow/example_dags/example_bash_operator.py for tasks to queue
[2026-05-08T15:47:06.877+0000] {logging_mixin.py:188} INFO - [2026-05-08T15:47:06.876+0000] {dagbag.py:545} INFO - Filling up the DagBag from /home/airflow/.local/lib/python3.12/site-packages/airflow/example_dags/example_bash_operator.py
[2026-05-08T15:47:06.886+0000] {processor.py:840} INFO - DAG(s) 'example_bash_operator' retrieved from /home/airflow/.local/lib/python3.12/site-packages/airflow/example_dags/example_bash_operator.py
[2026-05-08T15:47:06.909+0000] {logging_mixin.py:188} INFO - [2026-05-08T15:47:06.909+0000] {dag.py:3089} INFO - Sync 1 DAGs
[2026-05-08T15:47:06.932+0000] {logging_mixin.py:188} INFO - [2026-05-08T15:47:06.932+0000] {dag.py:3947} INFO - Setting next_dagrun for example_bash_operator to 2026-05-07 00:00:00+00:00, run_after=2026-05-08 00:00:00+00:00
[2026-05-08T15:47:06.949+0000] {processor.py:183} INFO - Processing /home/airflow/.local/lib/python3.12/site-packages/airflow/example_dags/example_bash_operator.py took 0.079 seconds
[2026-05-08T15:47:38.070+0000] {processor.py:161} INFO - Started process (PID=1023) to work on /home/airflow/.local/lib/python3.12/site-packages/airflow/example_dags/example_bash_operator.py
[2026-05-08T15:47:38.071+0000] {processor.py:830} INFO - Processing file /home/airflow/.local/lib/python3.12/site-packages/airflow/example_dags/example_bash_operator.py for tasks to queue
[2026-05-08T15:47:38.072+0000] {logging_mixin.py:188} INFO - [2026-05-08T15:47:38.072+0000] {dagbag.py:545} INFO - Filling up the DagBag from /home/airflow/.local/lib/python3.12/site-packages/airflow/example_dags/example_bash_operator.py
[2026-05-08T15:47:38.086+0000] {processor.py:840} INFO - DAG(s) 'example_bash_operator' retrieved from /home/airflow/.local/lib/python3.12/site-packages/airflow/example_dags/example_bash_operator.py
[2026-05-08T15:47:38.120+0000] {logging_mixin.py:188} INFO - [2026-05-08T15:47:38.120+0000] {dag.py:3089} INFO - Sync 1 DAGs
[2026-05-08T15:47:38.146+0000] {logging_mixin.py:188} INFO - [2026-05-08T15:47:38.146+0000] {dag.py:3947} INFO - Setting next_dagrun for example_bash_operator to 2026-05-07 00:00:00+00:00, run_after=2026-05-08 00:00:00+00:00
[2026-05-08T15:47:38.166+0000] {processor.py:183} INFO - Processing /home/airflow/.local/lib/python3.12/site-packages/airflow/example_dags/example_bash_operator.py took 0.102 seconds
[2026-05-08T15:48:09.704+0000] {processor.py:161} INFO - Started process (PID=1082) to work on /home/airflow/.local/lib/python3.12/site-packages/airflow/example_dags/example_bash_operator.py
[2026-05-08T15:48:09.705+0000] {processor.py:830} INFO - Processing file /home/airflow/.local/lib/python3.12/site-packages/airflow/example_dags/example_bash_operator.py for tasks to queue
[2026-05-08T15:48:09.707+0000] {logging_mixin.py:188} INFO - [2026-05-08T15:48:09.707+0000] {dagbag.py:545} INFO - Filling up the DagBag from /home/airflow/.local/lib/python3.12/site-packages/airflow/example_dags/example_bash_operator.py
[2026-05-08T15:48:09.718+0000] {processor.py:840} INFO - DAG(s) 'example_bash_operator' retrieved from /home/airflow/.local/lib/python3.12/site-packages/airflow/example_dags/example_bash_operator.py
[2026-05-08T15:48:09.742+0000] {logging_mixin.py:188} INFO - [2026-05-08T15:48:09.742+0000] {dag.py:3089} INFO - Sync 1 DAGs
[2026-05-08T15:48:09.762+0000] {logging_mixin.py:188} INFO - [2026-05-08T15:48:09.762+0000] {dag.py:3947} INFO - Setting next_dagrun for example_bash_operator to 2026-05-07 00:00:00+00:00, run_after=2026-05-08 00:00:00+00:00
[2026-05-08T15:48:09.785+0000] {processor.py:183} INFO - Processing /home/airflow/.local/lib/python3.12/site-packages/airflow/example_dags/example_bash_operator.py took 0.087 seconds
[2026-05-08T15:48:40.223+0000] {processor.py:161} INFO - Started process (PID=1139) to work on /home/airflow/.local/lib/python3.12/site-packages/airflow/example_dags/example_bash_operator.py
[2026-05-08T15:48:40.224+0000] {processor.py:830} INFO - Processing file /home/airflow/.local/lib/python3.12/site-packages/airflow/example_dags/example_bash_operator.py for tasks to queue
[2026-05-08T15:48:40.225+0000] {logging_mixin.py:188} INFO - [2026-05-08T15:48:40.225+0000] {dagbag.py:545} INFO - Filling up the DagBag from /home/airflow/.local/lib/python3.12/site-packages/airflow/example_dags/example_bash_operator.py
[2026-05-08T15:48:40.607+0000] {processor.py:840} INFO - DAG(s) 'example_bash_operator' retrieved from /home/airflow/.local/lib/python3.12/site-packages/airflow/example_dags/example_bash_operator.py
[2026-05-08T15:48:40.633+0000] {logging_mixin.py:188} INFO - [2026-05-08T15:48:40.633+0000] {dag.py:3089} INFO - Sync 1 DAGs
[2026-05-08T15:48:40.652+0000] {logging_mixin.py:188} INFO - [2026-05-08T15:48:40.652+0000] {dag.py:3947} INFO - Setting next_dagrun for example_bash_operator to 2026-05-07 00:00:00+00:00, run_after=2026-05-08 00:00:00+00:00
[2026-05-08T15:48:40.685+0000] {processor.py:183} INFO - Processing /home/airflow/.local/lib/python3.12/site-packages/airflow/example_dags/example_bash_operator.py took 0.467 seconds
[2026-05-08T15:49:28.807+0000] {processor.py:161} INFO - Started process (PID=90) to work on /home/airflow/.local/lib/python3.12/site-packages/airflow/example_dags/example_bash_operator.py
[2026-05-08T15:49:28.809+0000] {processor.py:830} INFO - Processing file /home/airflow/.local/lib/python3.12/site-packages/airflow/example_dags/example_bash_operator.py for tasks to queue
[2026-05-08T15:49:28.810+0000] {logging_mixin.py:188} INFO - [2026-05-08T15:49:28.810+0000] {dagbag.py:545} INFO - Filling up the DagBag from /home/airflow/.local/lib/python3.12/site-packages/airflow/example_dags/example_bash_operator.py
[2026-05-08T15:49:28.821+0000] {processor.py:840} INFO - DAG(s) 'example_bash_operator' retrieved from /home/airflow/.local/lib/python3.12/site-packages/airflow/example_dags/example_bash_operator.py
[2026-05-08T15:49:28.844+0000] {logging_mixin.py:188} INFO - [2026-05-08T15:49:28.844+0000] {dag.py:3089} INFO - Sync 1 DAGs
[2026-05-08T15:49:28.865+0000] {logging_mixin.py:188} INFO - [2026-05-08T15:49:28.865+0000] {dag.py:3947} INFO - Setting next_dagrun for example_bash_operator to 2026-05-07 00:00:00+00:00, run_after=2026-05-08 00:00:00+00:00
[2026-05-08T15:49:28.882+0000] {processor.py:183} INFO - Processing /home/airflow/.local/lib/python3.12/site-packages/airflow/example_dags/example_bash_operator.py took 0.080 seconds
[2026-05-08T15:49:59.602+0000] {processor.py:161} INFO - Started process (PID=148) to work on /home/airflow/.local/lib/python3.12/site-packages/airflow/example_dags/example_bash_operator.py
[2026-05-08T15:49:59.603+0000] {processor.py:830} INFO - Processing file /home/airflow/.local/lib/python3.12/site-packages/airflow/example_dags/example_bash_operator.py for tasks to queue
[2026-05-08T15:49:59.604+0000] {logging_mixin.py:188} INFO - [2026-05-08T15:49:59.604+0000] {dagbag.py:545} INFO - Filling up the DagBag from /home/airflow/.local/lib/python3.12/site-packages/airflow/example_dags/example_bash_operator.py
[2026-05-08T15:49:59.613+0000] {processor.py:840} INFO - DAG(s) 'example_bash_operator' retrieved from /home/airflow/.local/lib/python3.12/site-packages/airflow/example_dags/example_bash_operator.py
[2026-05-08T15:49:59.635+0000] {logging_mixin.py:188} INFO - [2026-05-08T15:49:59.635+0000] {dag.py:3089} INFO - Sync 1 DAGs
[2026-05-08T15:49:59.654+0000] {logging_mixin.py:188} INFO - [2026-05-08T15:49:59.654+0000] {dag.py:3947} INFO - Setting next_dagrun for example_bash_operator to 2026-05-07 00:00:00+00:00, run_after=2026-05-08 00:00:00+00:00
[2026-05-08T15:49:59.671+0000] {processor.py:183} INFO - Processing /home/airflow/.local/lib/python3.12/site-packages/airflow/example_dags/example_bash_operator.py took 0.074 seconds
[2026-05-08T15:50:30.279+0000] {processor.py:161} INFO - Started process (PID=206) to work on /home/airflow/.local/lib/python3.12/site-packages/airflow/example_dags/example_bash_operator.py
[2026-05-08T15:50:30.280+0000] {processor.py:830} INFO - Processing file /home/airflow/.local/lib/python3.12/site-packages/airflow/example_dags/example_bash_operator.py for tasks to queue
[2026-05-08T15:50:30.281+0000] {logging_mixin.py:188} INFO - [2026-05-08T15:50:30.281+0000] {dagbag.py:545} INFO - Filling up the DagBag from /home/airflow/.local/lib/python3.12/site-packages/airflow/example_dags/example_bash_operator.py
[2026-05-08T15:50:30.290+0000] {processor.py:840} INFO - DAG(s) 'example_bash_operator' retrieved from /home/airflow/.local/lib/python3.12/site-packages/airflow/example_dags/example_bash_operator.py
[2026-05-08T15:50:30.313+0000] {logging_mixin.py:188} INFO - [2026-05-08T15:50:30.312+0000] {dag.py:3089} INFO - Sync 1 DAGs
[2026-05-08T15:50:30.332+0000] {logging_mixin.py:188} INFO - [2026-05-08T15:50:30.332+0000] {dag.py:3947} INFO - Setting next_dagrun for example_bash_operator to 2026-05-07 00:00:00+00:00, run_after=2026-05-08 00:00:00+00:00
[2026-05-08T15:50:30.347+0000] {processor.py:183} INFO - Processing /home/airflow/.local/lib/python3.12/site-packages/airflow/example_dags/example_bash_operator.py took 0.072 seconds
[2026-05-08T15:51:00.566+0000] {processor.py:161} INFO - Started process (PID=264) to work on /home/airflow/.local/lib/python3.12/site-packages/airflow/example_dags/example_bash_operator.py
[2026-05-08T15:51:00.567+0000] {processor.py:830} INFO - Processing file /home/airflow/.local/lib/python3.12/site-packages/airflow/example_dags/example_bash_operator.py for tasks to queue
[2026-05-08T15:51:00.569+0000] {logging_mixin.py:188} INFO - [2026-05-08T15:51:00.568+0000] {dagbag.py:545} INFO - Filling up the DagBag from /home/airflow/.local/lib/python3.12/site-packages/airflow/example_dags/example_bash_operator.py
[2026-05-08T15:51:00.578+0000] {processor.py:840} INFO - DAG(s) 'example_bash_operator' retrieved from /home/airflow/.local/lib/python3.12/site-packages/airflow/example_dags/example_bash_operator.py
[2026-05-08T15:51:00.600+0000] {logging_mixin.py:188} INFO - [2026-05-08T15:51:00.600+0000] {dag.py:3089} INFO - Sync 1 DAGs
[2026-05-08T15:51:00.619+0000] {logging_mixin.py:188} INFO - [2026-05-08T15:51:00.619+0000] {dag.py:3947} INFO - Setting next_dagrun for example_bash_operator to 2026-05-07 00:00:00+00:00, run_after=2026-05-08 00:00:00+00:00
[2026-05-08T15:51:00.635+0000] {processor.py:183} INFO - Processing /home/airflow/.local/lib/python3.12/site-packages/airflow/example_dags/example_bash_operator.py took 0.074 seconds
[2026-05-08T15:51:30.877+0000] {processor.py:161} INFO - Started process (PID=322) to work on /home/airflow/.local/lib/python3.12/site-packages/airflow/example_dags/example_bash_operator.py
[2026-05-08T15:51:30.878+0000] {processor.py:830} INFO - Processing file /home/airflow/.local/lib/python3.12/site-packages/airflow/example_dags/example_bash_operator.py for tasks to queue
[2026-05-08T15:51:30.879+0000] {logging_mixin.py:188} INFO - [2026-05-08T15:51:30.879+0000] {dagbag.py:545} INFO - Filling up the DagBag from /home/airflow/.local/lib/python3.12/site-packages/airflow/example_dags/example_bash_operator.py
[2026-05-08T15:51:30.888+0000] {processor.py:840} INFO - DAG(s) 'example_bash_operator' retrieved from /home/airflow/.local/lib/python3.12/site-packages/airflow/example_dags/example_bash_operator.py
[2026-05-08T15:51:30.911+0000] {logging_mixin.py:188} INFO - [2026-05-08T15:51:30.911+0000] {dag.py:3089} INFO - Sync 1 DAGs
[2026-05-08T15:51:30.931+0000] {logging_mixin.py:188} INFO - [2026-05-08T15:51:30.931+0000] {dag.py:3947} INFO - Setting next_dagrun for example_bash_operator to 2026-05-07 00:00:00+00:00, run_after=2026-05-08 00:00:00+00:00
[2026-05-08T15:51:30.948+0000] {processor.py:183} INFO - Processing /home/airflow/.local/lib/python3.12/site-packages/airflow/example_dags/example_bash_operator.py took 0.075 seconds
[2026-05-08T15:52:01.352+0000] {processor.py:161} INFO - Started process (PID=380) to work on /home/airflow/.local/lib/python3.12/site-packages/airflow/example_dags/example_bash_operator.py
[2026-05-08T15:52:01.352+0000] {processor.py:830} INFO - Processing file /home/airflow/.local/lib/python3.12/site-packages/airflow/example_dags/example_bash_operator.py for tasks to queue
[2026-05-08T15:52:01.354+0000] {logging_mixin.py:188} INFO - [2026-05-08T15:52:01.354+0000] {dagbag.py:545} INFO - Filling up the DagBag from /home/airflow/.local/lib/python3.12/site-packages/airflow/example_dags/example_bash_operator.py
[2026-05-08T15:52:01.363+0000] {processor.py:840} INFO - DAG(s) 'example_bash_operator' retrieved from /home/airflow/.local/lib/python3.12/site-packages/airflow/example_dags/example_bash_operator.py
[2026-05-08T15:52:01.385+0000] {logging_mixin.py:188} INFO - [2026-05-08T15:52:01.385+0000] {dag.py:3089} INFO - Sync 1 DAGs
[2026-05-08T15:52:01.404+0000] {logging_mixin.py:188} INFO - [2026-05-08T15:52:01.404+0000] {dag.py:3947} INFO - Setting next_dagrun for example_bash_operator to 2026-05-07 00:00:00+00:00, run_after=2026-05-08 00:00:00+00:00
[2026-05-08T15:52:01.421+0000] {processor.py:183} INFO - Processing /home/airflow/.local/lib/python3.12/site-packages/airflow/example_dags/example_bash_operator.py took 0.074 seconds
[2026-05-08T15:52:31.682+0000] {processor.py:161} INFO - Started process (PID=438) to work on /home/airflow/.local/lib/python3.12/site-packages/airflow/example_dags/example_bash_operator.py
[2026-05-08T15:52:31.683+0000] {processor.py:830} INFO - Processing file /home/airflow/.local/lib/python3.12/site-packages/airflow/example_dags/example_bash_operator.py for tasks to queue
[2026-05-08T15:52:31.684+0000] {logging_mixin.py:188} INFO - [2026-05-08T15:52:31.684+0000] {dagbag.py:545} INFO - Filling up the DagBag from /home/airflow/.local/lib/python3.12/site-packages/airflow/example_dags/example_bash_operator.py
[2026-05-08T15:52:31.693+0000] {processor.py:840} INFO - DAG(s) 'example_bash_operator' retrieved from /home/airflow/.local/lib/python3.12/site-packages/airflow/example_dags/example_bash_operator.py
[2026-05-08T15:52:31.717+0000] {logging_mixin.py:188} INFO - [2026-05-08T15:52:31.716+0000] {dag.py:3089} INFO - Sync 1 DAGs
[2026-05-08T15:52:31.736+0000] {logging_mixin.py:188} INFO - [2026-05-08T15:52:31.736+0000] {dag.py:3947} INFO - Setting next_dagrun for example_bash_operator to 2026-05-07 00:00:00+00:00, run_after=2026-05-08 00:00:00+00:00
[2026-05-08T15:52:31.752+0000] {processor.py:183} INFO - Processing /home/airflow/.local/lib/python3.12/site-packages/airflow/example_dags/example_bash_operator.py took 0.076 seconds
[2026-05-08T15:53:02.049+0000] {processor.py:161} INFO - Started process (PID=496) to work on /home/airflow/.local/lib/python3.12/site-packages/airflow/example_dags/example_bash_operator.py
[2026-05-08T15:53:02.049+0000] {processor.py:830} INFO - Processing file /home/airflow/.local/lib/python3.12/site-packages/airflow/example_dags/example_bash_operator.py for tasks to queue
[2026-05-08T15:53:02.050+0000] {logging_mixin.py:188} INFO - [2026-05-08T15:53:02.050+0000] {dagbag.py:545} INFO - Filling up the DagBag from /home/airflow/.local/lib/python3.12/site-packages/airflow/example_dags/example_bash_operator.py
[2026-05-08T15:53:02.059+0000] {processor.py:840} INFO - DAG(s) 'example_bash_operator' retrieved from /home/airflow/.local/lib/python3.12/site-packages/airflow/example_dags/example_bash_operator.py
[2026-05-08T15:53:02.082+0000] {logging_mixin.py:188} INFO - [2026-05-08T15:53:02.081+0000] {dag.py:3089} INFO - Sync 1 DAGs
[2026-05-08T15:53:02.101+0000] {logging_mixin.py:188} INFO - [2026-05-08T15:53:02.101+0000] {dag.py:3947} INFO - Setting next_dagrun for example_bash_operator to 2026-05-07 00:00:00+00:00, run_after=2026-05-08 00:00:00+00:00
[2026-05-08T15:53:02.116+0000] {processor.py:183} INFO - Processing /home/airflow/.local/lib/python3.12/site-packages/airflow/example_dags/example_bash_operator.py took 0.072 seconds
[2026-05-08T15:53:32.495+0000] {processor.py:161} INFO - Started process (PID=554) to work on /home/airflow/.local/lib/python3.12/site-packages/airflow/example_dags/example_bash_operator.py
[2026-05-08T15:53:32.496+0000] {processor.py:830} INFO - Processing file /home/airflow/.local/lib/python3.12/site-packages/airflow/example_dags/example_bash_operator.py for tasks to queue
[2026-05-08T15:53:32.497+0000] {logging_mixin.py:188} INFO - [2026-05-08T15:53:32.497+0000] {dagbag.py:545} INFO - Filling up the DagBag from /home/airflow/.local/lib/python3.12/site-packages/airflow/example_dags/example_bash_operator.py
[2026-05-08T15:53:32.506+0000] {processor.py:840} INFO - DAG(s) 'example_bash_operator' retrieved from /home/airflow/.local/lib/python3.12/site-packages/airflow/example_dags/example_bash_operator.py
[2026-05-08T15:53:32.529+0000] {logging_mixin.py:188} INFO - [2026-05-08T15:53:32.529+0000] {dag.py:3089} INFO - Sync 1 DAGs
[2026-05-08T15:53:32.549+0000] {logging_mixin.py:188} INFO - [2026-05-08T15:53:32.549+0000] {dag.py:3947} INFO - Setting next_dagrun for example_bash_operator to 2026-05-07 00:00:00+00:00, run_after=2026-05-08 00:00:00+00:00
[2026-05-08T15:53:32.564+0000] {processor.py:183} INFO - Processing /home/airflow/.local/lib/python3.12/site-packages/airflow/example_dags/example_bash_operator.py took 0.074 seconds
[2026-05-08T15:54:02.823+0000] {processor.py:161} INFO - Started process (PID=612) to work on /home/airflow/.local/lib/python3.12/site-packages/airflow/example_dags/example_bash_operator.py
[2026-05-08T15:54:02.824+0000] {processor.py:830} INFO - Processing file /home/airflow/.local/lib/python3.12/site-packages/airflow/example_dags/example_bash_operator.py for tasks to queue
[2026-05-08T15:54:02.825+0000] {logging_mixin.py:188} INFO - [2026-05-08T15:54:02.825+0000] {dagbag.py:545} INFO - Filling up the DagBag from /home/airflow/.local/lib/python3.12/site-packages/airflow/example_dags/example_bash_operator.py
[2026-05-08T15:54:02.834+0000] {processor.py:840} INFO - DAG(s) 'example_bash_operator' retrieved from /home/airflow/.local/lib/python3.12/site-packages/airflow/example_dags/example_bash_operator.py
[2026-05-08T15:54:02.856+0000] {logging_mixin.py:188} INFO - [2026-05-08T15:54:02.856+0000] {dag.py:3089} INFO - Sync 1 DAGs
[2026-05-08T15:54:02.875+0000] {logging_mixin.py:188} INFO - [2026-05-08T15:54:02.875+0000] {dag.py:3947} INFO - Setting next_dagrun for example_bash_operator to 2026-05-07 00:00:00+00:00, run_after=2026-05-08 00:00:00+00:00
[2026-05-08T15:54:02.890+0000] {processor.py:183} INFO - Processing /home/airflow/.local/lib/python3.12/site-packages/airflow/example_dags/example_bash_operator.py took 0.072 seconds
[2026-05-08T15:54:33.187+0000] {processor.py:161} INFO - Started process (PID=670) to work on /home/airflow/.local/lib/python3.12/site-packages/airflow/example_dags/example_bash_operator.py
[2026-05-08T15:54:33.188+0000] {processor.py:830} INFO - Processing file /home/airflow/.local/lib/python3.12/site-packages/airflow/example_dags/example_bash_operator.py for tasks to queue
[2026-05-08T15:54:33.189+0000] {logging_mixin.py:188} INFO - [2026-05-08T15:54:33.189+0000] {dagbag.py:545} INFO - Filling up the DagBag from /home/airflow/.local/lib/python3.12/site-packages/airflow/example_dags/example_bash_operator.py
[2026-05-08T15:54:33.199+0000] {processor.py:840} INFO - DAG(s) 'example_bash_operator' retrieved from /home/airflow/.local/lib/python3.12/site-packages/airflow/example_dags/example_bash_operator.py
[2026-05-08T15:54:33.222+0000] {logging_mixin.py:188} INFO - [2026-05-08T15:54:33.222+0000] {dag.py:3089} INFO - Sync 1 DAGs
[2026-05-08T15:54:33.242+0000] {logging_mixin.py:188} INFO - [2026-05-08T15:54:33.242+0000] {dag.py:3947} INFO - Setting next_dagrun for example_bash_operator to 2026-05-07 00:00:00+00:00, run_after=2026-05-08 00:00:00+00:00
[2026-05-08T15:54:33.259+0000] {processor.py:183} INFO - Processing /home/airflow/.local/lib/python3.12/site-packages/airflow/example_dags/example_bash_operator.py took 0.077 seconds
[2026-05-08T15:55:03.540+0000] {processor.py:161} INFO - Started process (PID=728) to work on /home/airflow/.local/lib/python3.12/site-packages/airflow/example_dags/example_bash_operator.py
[2026-05-08T15:55:03.541+0000] {processor.py:830} INFO - Processing file /home/airflow/.local/lib/python3.12/site-packages/airflow/example_dags/example_bash_operator.py for tasks to queue
[2026-05-08T15:55:03.542+0000] {logging_mixin.py:188} INFO - [2026-05-08T15:55:03.542+0000] {dagbag.py:545} INFO - Filling up the DagBag from /home/airflow/.local/lib/python3.12/site-packages/airflow/example_dags/example_bash_operator.py
[2026-05-08T15:55:03.551+0000] {processor.py:840} INFO - DAG(s) 'example_bash_operator' retrieved from /home/airflow/.local/lib/python3.12/site-packages/airflow/example_dags/example_bash_operator.py
[2026-05-08T15:55:03.573+0000] {logging_mixin.py:188} INFO - [2026-05-08T15:55:03.573+0000] {dag.py:3089} INFO - Sync 1 DAGs
[2026-05-08T15:55:03.592+0000] {logging_mixin.py:188} INFO - [2026-05-08T15:55:03.592+0000] {dag.py:3947} INFO - Setting next_dagrun for example_bash_operator to 2026-05-07 00:00:00+00:00, run_after=2026-05-08 00:00:00+00:00
[2026-05-08T15:55:03.608+0000] {processor.py:183} INFO - Processing /home/airflow/.local/lib/python3.12/site-packages/airflow/example_dags/example_bash_operator.py took 0.072 seconds
[2026-05-08T15:55:33.995+0000] {processor.py:161} INFO - Started process (PID=786) to work on /home/airflow/.local/lib/python3.12/site-packages/airflow/example_dags/example_bash_operator.py
[2026-05-08T15:55:33.996+0000] {processor.py:830} INFO - Processing file /home/airflow/.local/lib/python3.12/site-packages/airflow/example_dags/example_bash_operator.py for tasks to queue
[2026-05-08T15:55:33.997+0000] {logging_mixin.py:188} INFO - [2026-05-08T15:55:33.997+0000] {dagbag.py:545} INFO - Filling up the DagBag from /home/airflow/.local/lib/python3.12/site-packages/airflow/example_dags/example_bash_operator.py
[2026-05-08T15:55:34.006+0000] {processor.py:840} INFO - DAG(s) 'example_bash_operator' retrieved from /home/airflow/.local/lib/python3.12/site-packages/airflow/example_dags/example_bash_operator.py
[2026-05-08T15:55:34.030+0000] {logging_mixin.py:188} INFO - [2026-05-08T15:55:34.030+0000] {dag.py:3089} INFO - Sync 1 DAGs
[2026-05-08T15:55:34.049+0000] {logging_mixin.py:188} INFO - [2026-05-08T15:55:34.048+0000] {dag.py:3947} INFO - Setting next_dagrun for example_bash_operator to 2026-05-07 00:00:00+00:00, run_after=2026-05-08 00:00:00+00:00
[2026-05-08T15:55:34.065+0000] {processor.py:183} INFO - Processing /home/airflow/.local/lib/python3.12/site-packages/airflow/example_dags/example_bash_operator.py took 0.074 seconds
[2026-05-08T15:56:04.621+0000] {processor.py:161} INFO - Started process (PID=844) to work on /home/airflow/.local/lib/python3.12/site-packages/airflow/example_dags/example_bash_operator.py
[2026-05-08T15:56:04.622+0000] {processor.py:830} INFO - Processing file /home/airflow/.local/lib/python3.12/site-packages/airflow/example_dags/example_bash_operator.py for tasks to queue
[2026-05-08T15:56:04.623+0000] {logging_mixin.py:188} INFO - [2026-05-08T15:56:04.623+0000] {dagbag.py:545} INFO - Filling up the DagBag from /home/airflow/.local/lib/python3.12/site-packages/airflow/example_dags/example_bash_operator.py
[2026-05-08T15:56:04.632+0000] {processor.py:840} INFO - DAG(s) 'example_bash_operator' retrieved from /home/airflow/.local/lib/python3.12/site-packages/airflow/example_dags/example_bash_operator.py
[2026-05-08T15:56:04.656+0000] {logging_mixin.py:188} INFO - [2026-05-08T15:56:04.656+0000] {dag.py:3089} INFO - Sync 1 DAGs
[2026-05-08T15:56:04.676+0000] {logging_mixin.py:188} INFO - [2026-05-08T15:56:04.676+0000] {dag.py:3947} INFO - Setting next_dagrun for example_bash_operator to 2026-05-07 00:00:00+00:00, run_after=2026-05-08 00:00:00+00:00
[2026-05-08T15:56:04.693+0000] {processor.py:183} INFO - Processing /home/airflow/.local/lib/python3.12/site-packages/airflow/example_dags/example_bash_operator.py took 0.078 seconds
[2026-05-08T15:56:35.331+0000] {processor.py:161} INFO - Started process (PID=902) to work on /home/airflow/.local/lib/python3.12/site-packages/airflow/example_dags/example_bash_operator.py
[2026-05-08T15:56:35.331+0000] {processor.py:830} INFO - Processing file /home/airflow/.local/lib/python3.12/site-packages/airflow/example_dags/example_bash_operator.py for tasks to queue
[2026-05-08T15:56:35.333+0000] {logging_mixin.py:188} INFO - [2026-05-08T15:56:35.332+0000] {dagbag.py:545} INFO - Filling up the DagBag from /home/airflow/.local/lib/python3.12/site-packages/airflow/example_dags/example_bash_operator.py
[2026-05-08T15:56:35.341+0000] {processor.py:840} INFO - DAG(s) 'example_bash_operator' retrieved from /home/airflow/.local/lib/python3.12/site-packages/airflow/example_dags/example_bash_operator.py
[2026-05-08T15:56:35.366+0000] {logging_mixin.py:188} INFO - [2026-05-08T15:56:35.366+0000] {dag.py:3089} INFO - Sync 1 DAGs
[2026-05-08T15:56:35.389+0000] {logging_mixin.py:188} INFO - [2026-05-08T15:56:35.388+0000] {dag.py:3947} INFO - Setting next_dagrun for example_bash_operator to 2026-05-07 00:00:00+00:00, run_after=2026-05-08 00:00:00+00:00
[2026-05-08T15:56:35.404+0000] {processor.py:183} INFO - Processing /home/airflow/.local/lib/python3.12/site-packages/airflow/example_dags/example_bash_operator.py took 0.078 seconds
[2026-05-08T15:57:05.544+0000] {processor.py:161} INFO - Started process (PID=961) to work on /home/airflow/.local/lib/python3.12/site-packages/airflow/example_dags/example_bash_operator.py
[2026-05-08T15:57:05.545+0000] {processor.py:830} INFO - Processing file /home/airflow/.local/lib/python3.12/site-packages/airflow/example_dags/example_bash_operator.py for tasks to queue
[2026-05-08T15:57:05.547+0000] {logging_mixin.py:188} INFO - [2026-05-08T15:57:05.547+0000] {dagbag.py:545} INFO - Filling up the DagBag from /home/airflow/.local/lib/python3.12/site-packages/airflow/example_dags/example_bash_operator.py
[2026-05-08T15:57:05.556+0000] {processor.py:840} INFO - DAG(s) 'example_bash_operator' retrieved from /home/airflow/.local/lib/python3.12/site-packages/airflow/example_dags/example_bash_operator.py
[2026-05-08T15:57:05.580+0000] {logging_mixin.py:188} INFO - [2026-05-08T15:57:05.580+0000] {dag.py:3089} INFO - Sync 1 DAGs
[2026-05-08T15:57:05.600+0000] {logging_mixin.py:188} INFO - [2026-05-08T15:57:05.600+0000] {dag.py:3947} INFO - Setting next_dagrun for example_bash_operator to 2026-05-07 00:00:00+00:00, run_after=2026-05-08 00:00:00+00:00
[2026-05-08T15:57:05.618+0000] {processor.py:183} INFO - Processing /home/airflow/.local/lib/python3.12/site-packages/airflow/example_dags/example_bash_operator.py took 0.080 seconds
[2026-05-08T15:57:36.646+0000] {processor.py:161} INFO - Started process (PID=1018) to work on /home/airflow/.local/lib/python3.12/site-packages/airflow/example_dags/example_bash_operator.py
[2026-05-08T15:57:36.647+0000] {processor.py:830} INFO - Processing file /home/airflow/.local/lib/python3.12/site-packages/airflow/example_dags/example_bash_operator.py for tasks to queue
[2026-05-08T15:57:36.649+0000] {logging_mixin.py:188} INFO - [2026-05-08T15:57:36.648+0000] {dagbag.py:545} INFO - Filling up the DagBag from /home/airflow/.local/lib/python3.12/site-packages/airflow/example_dags/example_bash_operator.py
[2026-05-08T15:57:36.658+0000] {processor.py:840} INFO - DAG(s) 'example_bash_operator' retrieved from /home/airflow/.local/lib/python3.12/site-packages/airflow/example_dags/example_bash_operator.py
[2026-05-08T15:57:36.681+0000] {logging_mixin.py:188} INFO - [2026-05-08T15:57:36.681+0000] {dag.py:3089} INFO - Sync 1 DAGs
[2026-05-08T15:57:36.701+0000] {logging_mixin.py:188} INFO - [2026-05-08T15:57:36.701+0000] {dag.py:3947} INFO - Setting next_dagrun for example_bash_operator to 2026-05-07 00:00:00+00:00, run_after=2026-05-08 00:00:00+00:00
[2026-05-08T15:57:36.721+0000] {processor.py:183} INFO - Processing /home/airflow/.local/lib/python3.12/site-packages/airflow/example_dags/example_bash_operator.py took 0.081 seconds
[2026-05-08T15:58:06.812+0000] {processor.py:161} INFO - Started process (PID=1076) to work on /home/airflow/.local/lib/python3.12/site-packages/airflow/example_dags/example_bash_operator.py
[2026-05-08T15:58:06.813+0000] {processor.py:830} INFO - Processing file /home/airflow/.local/lib/python3.12/site-packages/airflow/example_dags/example_bash_operator.py for tasks to queue
[2026-05-08T15:58:06.814+0000] {logging_mixin.py:188} INFO - [2026-05-08T15:58:06.814+0000] {dagbag.py:545} INFO - Filling up the DagBag from /home/airflow/.local/lib/python3.12/site-packages/airflow/example_dags/example_bash_operator.py
[2026-05-08T15:58:06.823+0000] {processor.py:840} INFO - DAG(s) 'example_bash_operator' retrieved from /home/airflow/.local/lib/python3.12/site-packages/airflow/example_dags/example_bash_operator.py
[2026-05-08T15:58:06.847+0000] {logging_mixin.py:188} INFO - [2026-05-08T15:58:06.846+0000] {dag.py:3089} INFO - Sync 1 DAGs
[2026-05-08T15:58:06.866+0000] {logging_mixin.py:188} INFO - [2026-05-08T15:58:06.866+0000] {dag.py:3947} INFO - Setting next_dagrun for example_bash_operator to 2026-05-07 00:00:00+00:00, run_after=2026-05-08 00:00:00+00:00
[2026-05-08T15:58:06.883+0000] {processor.py:183} INFO - Processing /home/airflow/.local/lib/python3.12/site-packages/airflow/example_dags/example_bash_operator.py took 0.075 seconds
[2026-05-08T15:58:37.081+0000] {processor.py:161} INFO - Started process (PID=1134) to work on /home/airflow/.local/lib/python3.12/site-packages/airflow/example_dags/example_bash_operator.py
[2026-05-08T15:58:37.083+0000] {processor.py:830} INFO - Processing file /home/airflow/.local/lib/python3.12/site-packages/airflow/example_dags/example_bash_operator.py for tasks to queue
[2026-05-08T15:58:37.084+0000] {logging_mixin.py:188} INFO - [2026-05-08T15:58:37.084+0000] {dagbag.py:545} INFO - Filling up the DagBag from /home/airflow/.local/lib/python3.12/site-packages/airflow/example_dags/example_bash_operator.py
[2026-05-08T15:58:37.093+0000] {processor.py:840} INFO - DAG(s) 'example_bash_operator' retrieved from /home/airflow/.local/lib/python3.12/site-packages/airflow/example_dags/example_bash_operator.py
[2026-05-08T15:58:37.117+0000] {logging_mixin.py:188} INFO - [2026-05-08T15:58:37.116+0000] {dag.py:3089} INFO - Sync 1 DAGs
[2026-05-08T15:58:37.137+0000] {logging_mixin.py:188} INFO - [2026-05-08T15:58:37.136+0000] {dag.py:3947} INFO - Setting next_dagrun for example_bash_operator to 2026-05-07 00:00:00+00:00, run_after=2026-05-08 00:00:00+00:00
[2026-05-08T15:58:37.155+0000] {processor.py:183} INFO - Processing /home/airflow/.local/lib/python3.12/site-packages/airflow/example_dags/example_bash_operator.py took 0.078 seconds
[2026-05-08T15:59:08.175+0000] {processor.py:161} INFO - Started process (PID=1192) to work on /home/airflow/.local/lib/python3.12/site-packages/airflow/example_dags/example_bash_operator.py
[2026-05-08T15:59:08.176+0000] {processor.py:830} INFO - Processing file /home/airflow/.local/lib/python3.12/site-packages/airflow/example_dags/example_bash_operator.py for tasks to queue
[2026-05-08T15:59:08.177+0000] {logging_mixin.py:188} INFO - [2026-05-08T15:59:08.177+0000] {dagbag.py:545} INFO - Filling up the DagBag from /home/airflow/.local/lib/python3.12/site-packages/airflow/example_dags/example_bash_operator.py
[2026-05-08T15:59:08.186+0000] {processor.py:840} INFO - DAG(s) 'example_bash_operator' retrieved from /home/airflow/.local/lib/python3.12/site-packages/airflow/example_dags/example_bash_operator.py
[2026-05-08T15:59:08.209+0000] {logging_mixin.py:188} INFO - [2026-05-08T15:59:08.209+0000] {dag.py:3089} INFO - Sync 1 DAGs
[2026-05-08T15:59:08.229+0000] {logging_mixin.py:188} INFO - [2026-05-08T15:59:08.228+0000] {dag.py:3947} INFO - Setting next_dagrun for example_bash_operator to 2026-05-07 00:00:00+00:00, run_after=2026-05-08 00:00:00+00:00
[2026-05-08T15:59:08.245+0000] {processor.py:183} INFO - Processing /home/airflow/.local/lib/python3.12/site-packages/airflow/example_dags/example_bash_operator.py took 0.075 seconds
