[2026-05-08T15:39:26.071+0000] {processor.py:161} INFO - Started process (PID=58) to work on /home/airflow/.local/lib/python3.12/site-packages/airflow/example_dags/tutorial.py
[2026-05-08T15:39:26.072+0000] {processor.py:830} INFO - Processing file /home/airflow/.local/lib/python3.12/site-packages/airflow/example_dags/tutorial.py for tasks to queue
[2026-05-08T15:39:26.074+0000] {logging_mixin.py:188} INFO - [2026-05-08T15:39:26.074+0000] {dagbag.py:545} INFO - Filling up the DagBag from /home/airflow/.local/lib/python3.12/site-packages/airflow/example_dags/tutorial.py
[2026-05-08T15:39:26.085+0000] {processor.py:840} INFO - DAG(s) 'tutorial' retrieved from /home/airflow/.local/lib/python3.12/site-packages/airflow/example_dags/tutorial.py
[2026-05-08T15:39:26.105+0000] {logging_mixin.py:188} INFO - [2026-05-08T15:39:26.105+0000] {dag.py:3089} INFO - Sync 1 DAGs
[2026-05-08T15:39:26.130+0000] {logging_mixin.py:188} INFO - [2026-05-08T15:39:26.130+0000] {dag.py:3947} INFO - Setting next_dagrun for tutorial to 2026-05-07 00:00:00+00:00, run_after=2026-05-08 00:00:00+00:00
[2026-05-08T15:39:26.162+0000] {processor.py:183} INFO - Processing /home/airflow/.local/lib/python3.12/site-packages/airflow/example_dags/tutorial.py took 0.096 seconds
[2026-05-08T15:39:56.984+0000] {processor.py:161} INFO - Started process (PID=122) to work on /home/airflow/.local/lib/python3.12/site-packages/airflow/example_dags/tutorial.py
[2026-05-08T15:39:56.985+0000] {processor.py:830} INFO - Processing file /home/airflow/.local/lib/python3.12/site-packages/airflow/example_dags/tutorial.py for tasks to queue
[2026-05-08T15:39:56.987+0000] {logging_mixin.py:188} INFO - [2026-05-08T15:39:56.986+0000] {dagbag.py:545} INFO - Filling up the DagBag from /home/airflow/.local/lib/python3.12/site-packages/airflow/example_dags/tutorial.py
[2026-05-08T15:39:56.992+0000] {processor.py:840} INFO - DAG(s) 'tutorial' retrieved from /home/airflow/.local/lib/python3.12/site-packages/airflow/example_dags/tutorial.py
[2026-05-08T15:39:57.008+0000] {logging_mixin.py:188} INFO - [2026-05-08T15:39:57.008+0000] {dag.py:3089} INFO - Sync 1 DAGs
[2026-05-08T15:39:57.027+0000] {logging_mixin.py:188} INFO - [2026-05-08T15:39:57.027+0000] {dag.py:3947} INFO - Setting next_dagrun for tutorial to 2026-05-07 00:00:00+00:00, run_after=2026-05-08 00:00:00+00:00
[2026-05-08T15:39:57.044+0000] {processor.py:183} INFO - Processing /home/airflow/.local/lib/python3.12/site-packages/airflow/example_dags/tutorial.py took 0.064 seconds
[2026-05-08T15:40:27.470+0000] {processor.py:161} INFO - Started process (PID=180) to work on /home/airflow/.local/lib/python3.12/site-packages/airflow/example_dags/tutorial.py
[2026-05-08T15:40:27.472+0000] {processor.py:830} INFO - Processing file /home/airflow/.local/lib/python3.12/site-packages/airflow/example_dags/tutorial.py for tasks to queue
[2026-05-08T15:40:27.474+0000] {logging_mixin.py:188} INFO - [2026-05-08T15:40:27.473+0000] {dagbag.py:545} INFO - Filling up the DagBag from /home/airflow/.local/lib/python3.12/site-packages/airflow/example_dags/tutorial.py
[2026-05-08T15:40:27.478+0000] {processor.py:840} INFO - DAG(s) 'tutorial' retrieved from /home/airflow/.local/lib/python3.12/site-packages/airflow/example_dags/tutorial.py
[2026-05-08T15:40:27.496+0000] {logging_mixin.py:188} INFO - [2026-05-08T15:40:27.496+0000] {dag.py:3089} INFO - Sync 1 DAGs
[2026-05-08T15:40:27.518+0000] {logging_mixin.py:188} INFO - [2026-05-08T15:40:27.518+0000] {dag.py:3947} INFO - Setting next_dagrun for tutorial to 2026-05-07 00:00:00+00:00, run_after=2026-05-08 00:00:00+00:00
[2026-05-08T15:40:27.533+0000] {processor.py:183} INFO - Processing /home/airflow/.local/lib/python3.12/site-packages/airflow/example_dags/tutorial.py took 0.068 seconds
[2026-05-08T15:40:57.614+0000] {processor.py:161} INFO - Started process (PID=238) to work on /home/airflow/.local/lib/python3.12/site-packages/airflow/example_dags/tutorial.py
[2026-05-08T15:40:57.614+0000] {processor.py:830} INFO - Processing file /home/airflow/.local/lib/python3.12/site-packages/airflow/example_dags/tutorial.py for tasks to queue
[2026-05-08T15:40:57.616+0000] {logging_mixin.py:188} INFO - [2026-05-08T15:40:57.616+0000] {dagbag.py:545} INFO - Filling up the DagBag from /home/airflow/.local/lib/python3.12/site-packages/airflow/example_dags/tutorial.py
[2026-05-08T15:40:57.620+0000] {processor.py:840} INFO - DAG(s) 'tutorial' retrieved from /home/airflow/.local/lib/python3.12/site-packages/airflow/example_dags/tutorial.py
[2026-05-08T15:40:57.636+0000] {logging_mixin.py:188} INFO - [2026-05-08T15:40:57.636+0000] {dag.py:3089} INFO - Sync 1 DAGs
[2026-05-08T15:40:57.655+0000] {logging_mixin.py:188} INFO - [2026-05-08T15:40:57.655+0000] {dag.py:3947} INFO - Setting next_dagrun for tutorial to 2026-05-07 00:00:00+00:00, run_after=2026-05-08 00:00:00+00:00
[2026-05-08T15:40:57.670+0000] {processor.py:183} INFO - Processing /home/airflow/.local/lib/python3.12/site-packages/airflow/example_dags/tutorial.py took 0.061 seconds
[2026-05-08T15:41:27.964+0000] {processor.py:161} INFO - Started process (PID=296) to work on /home/airflow/.local/lib/python3.12/site-packages/airflow/example_dags/tutorial.py
[2026-05-08T15:41:27.965+0000] {processor.py:830} INFO - Processing file /home/airflow/.local/lib/python3.12/site-packages/airflow/example_dags/tutorial.py for tasks to queue
[2026-05-08T15:41:27.966+0000] {logging_mixin.py:188} INFO - [2026-05-08T15:41:27.966+0000] {dagbag.py:545} INFO - Filling up the DagBag from /home/airflow/.local/lib/python3.12/site-packages/airflow/example_dags/tutorial.py
[2026-05-08T15:41:27.971+0000] {processor.py:840} INFO - DAG(s) 'tutorial' retrieved from /home/airflow/.local/lib/python3.12/site-packages/airflow/example_dags/tutorial.py
[2026-05-08T15:41:27.987+0000] {logging_mixin.py:188} INFO - [2026-05-08T15:41:27.987+0000] {dag.py:3089} INFO - Sync 1 DAGs
[2026-05-08T15:41:28.007+0000] {logging_mixin.py:188} INFO - [2026-05-08T15:41:28.007+0000] {dag.py:3947} INFO - Setting next_dagrun for tutorial to 2026-05-07 00:00:00+00:00, run_after=2026-05-08 00:00:00+00:00
[2026-05-08T15:41:28.023+0000] {processor.py:183} INFO - Processing /home/airflow/.local/lib/python3.12/site-packages/airflow/example_dags/tutorial.py took 0.065 seconds
[2026-05-08T15:41:58.257+0000] {processor.py:161} INFO - Started process (PID=353) to work on /home/airflow/.local/lib/python3.12/site-packages/airflow/example_dags/tutorial.py
[2026-05-08T15:41:58.258+0000] {processor.py:830} INFO - Processing file /home/airflow/.local/lib/python3.12/site-packages/airflow/example_dags/tutorial.py for tasks to queue
[2026-05-08T15:41:58.259+0000] {logging_mixin.py:188} INFO - [2026-05-08T15:41:58.259+0000] {dagbag.py:545} INFO - Filling up the DagBag from /home/airflow/.local/lib/python3.12/site-packages/airflow/example_dags/tutorial.py
[2026-05-08T15:41:58.264+0000] {processor.py:840} INFO - DAG(s) 'tutorial' retrieved from /home/airflow/.local/lib/python3.12/site-packages/airflow/example_dags/tutorial.py
[2026-05-08T15:41:58.281+0000] {logging_mixin.py:188} INFO - [2026-05-08T15:41:58.280+0000] {dag.py:3089} INFO - Sync 1 DAGs
[2026-05-08T15:41:58.300+0000] {logging_mixin.py:188} INFO - [2026-05-08T15:41:58.300+0000] {dag.py:3947} INFO - Setting next_dagrun for tutorial to 2026-05-07 00:00:00+00:00, run_after=2026-05-08 00:00:00+00:00
[2026-05-08T15:41:58.322+0000] {processor.py:183} INFO - Processing /home/airflow/.local/lib/python3.12/site-packages/airflow/example_dags/tutorial.py took 0.069 seconds
[2026-05-08T15:42:28.879+0000] {processor.py:161} INFO - Started process (PID=411) to work on /home/airflow/.local/lib/python3.12/site-packages/airflow/example_dags/tutorial.py
[2026-05-08T15:42:28.880+0000] {processor.py:830} INFO - Processing file /home/airflow/.local/lib/python3.12/site-packages/airflow/example_dags/tutorial.py for tasks to queue
[2026-05-08T15:42:28.882+0000] {logging_mixin.py:188} INFO - [2026-05-08T15:42:28.882+0000] {dagbag.py:545} INFO - Filling up the DagBag from /home/airflow/.local/lib/python3.12/site-packages/airflow/example_dags/tutorial.py
[2026-05-08T15:42:28.887+0000] {processor.py:840} INFO - DAG(s) 'tutorial' retrieved from /home/airflow/.local/lib/python3.12/site-packages/airflow/example_dags/tutorial.py
[2026-05-08T15:42:28.903+0000] {logging_mixin.py:188} INFO - [2026-05-08T15:42:28.903+0000] {dag.py:3089} INFO - Sync 1 DAGs
[2026-05-08T15:42:28.922+0000] {logging_mixin.py:188} INFO - [2026-05-08T15:42:28.922+0000] {dag.py:3947} INFO - Setting next_dagrun for tutorial to 2026-05-07 00:00:00+00:00, run_after=2026-05-08 00:00:00+00:00
[2026-05-08T15:42:28.938+0000] {processor.py:183} INFO - Processing /home/airflow/.local/lib/python3.12/site-packages/airflow/example_dags/tutorial.py took 0.064 seconds
[2026-05-08T15:42:59.432+0000] {processor.py:161} INFO - Started process (PID=469) to work on /home/airflow/.local/lib/python3.12/site-packages/airflow/example_dags/tutorial.py
[2026-05-08T15:42:59.432+0000] {processor.py:830} INFO - Processing file /home/airflow/.local/lib/python3.12/site-packages/airflow/example_dags/tutorial.py for tasks to queue
[2026-05-08T15:42:59.434+0000] {logging_mixin.py:188} INFO - [2026-05-08T15:42:59.433+0000] {dagbag.py:545} INFO - Filling up the DagBag from /home/airflow/.local/lib/python3.12/site-packages/airflow/example_dags/tutorial.py
[2026-05-08T15:42:59.438+0000] {processor.py:840} INFO - DAG(s) 'tutorial' retrieved from /home/airflow/.local/lib/python3.12/site-packages/airflow/example_dags/tutorial.py
[2026-05-08T15:42:59.454+0000] {logging_mixin.py:188} INFO - [2026-05-08T15:42:59.454+0000] {dag.py:3089} INFO - Sync 1 DAGs
[2026-05-08T15:42:59.473+0000] {logging_mixin.py:188} INFO - [2026-05-08T15:42:59.473+0000] {dag.py:3947} INFO - Setting next_dagrun for tutorial to 2026-05-07 00:00:00+00:00, run_after=2026-05-08 00:00:00+00:00
[2026-05-08T15:42:59.491+0000] {processor.py:183} INFO - Processing /home/airflow/.local/lib/python3.12/site-packages/airflow/example_dags/tutorial.py took 0.064 seconds
[2026-05-08T15:43:29.866+0000] {processor.py:161} INFO - Started process (PID=527) to work on /home/airflow/.local/lib/python3.12/site-packages/airflow/example_dags/tutorial.py
[2026-05-08T15:43:29.867+0000] {processor.py:830} INFO - Processing file /home/airflow/.local/lib/python3.12/site-packages/airflow/example_dags/tutorial.py for tasks to queue
[2026-05-08T15:43:29.868+0000] {logging_mixin.py:188} INFO - [2026-05-08T15:43:29.868+0000] {dagbag.py:545} INFO - Filling up the DagBag from /home/airflow/.local/lib/python3.12/site-packages/airflow/example_dags/tutorial.py
[2026-05-08T15:43:29.872+0000] {processor.py:840} INFO - DAG(s) 'tutorial' retrieved from /home/airflow/.local/lib/python3.12/site-packages/airflow/example_dags/tutorial.py
[2026-05-08T15:43:29.889+0000] {logging_mixin.py:188} INFO - [2026-05-08T15:43:29.889+0000] {dag.py:3089} INFO - Sync 1 DAGs
[2026-05-08T15:43:29.908+0000] {logging_mixin.py:188} INFO - [2026-05-08T15:43:29.908+0000] {dag.py:3947} INFO - Setting next_dagrun for tutorial to 2026-05-07 00:00:00+00:00, run_after=2026-05-08 00:00:00+00:00
[2026-05-08T15:43:29.924+0000] {processor.py:183} INFO - Processing /home/airflow/.local/lib/python3.12/site-packages/airflow/example_dags/tutorial.py took 0.064 seconds
[2026-05-08T15:44:00.315+0000] {processor.py:161} INFO - Started process (PID=585) to work on /home/airflow/.local/lib/python3.12/site-packages/airflow/example_dags/tutorial.py
[2026-05-08T15:44:00.316+0000] {processor.py:830} INFO - Processing file /home/airflow/.local/lib/python3.12/site-packages/airflow/example_dags/tutorial.py for tasks to queue
[2026-05-08T15:44:00.317+0000] {logging_mixin.py:188} INFO - [2026-05-08T15:44:00.317+0000] {dagbag.py:545} INFO - Filling up the DagBag from /home/airflow/.local/lib/python3.12/site-packages/airflow/example_dags/tutorial.py
[2026-05-08T15:44:00.323+0000] {processor.py:840} INFO - DAG(s) 'tutorial' retrieved from /home/airflow/.local/lib/python3.12/site-packages/airflow/example_dags/tutorial.py
[2026-05-08T15:44:00.338+0000] {logging_mixin.py:188} INFO - [2026-05-08T15:44:00.338+0000] {dag.py:3089} INFO - Sync 1 DAGs
[2026-05-08T15:44:00.358+0000] {logging_mixin.py:188} INFO - [2026-05-08T15:44:00.358+0000] {dag.py:3947} INFO - Setting next_dagrun for tutorial to 2026-05-07 00:00:00+00:00, run_after=2026-05-08 00:00:00+00:00
[2026-05-08T15:44:00.375+0000] {processor.py:183} INFO - Processing /home/airflow/.local/lib/python3.12/site-packages/airflow/example_dags/tutorial.py took 0.064 seconds
[2026-05-08T15:44:30.932+0000] {processor.py:161} INFO - Started process (PID=643) to work on /home/airflow/.local/lib/python3.12/site-packages/airflow/example_dags/tutorial.py
[2026-05-08T15:44:30.933+0000] {processor.py:830} INFO - Processing file /home/airflow/.local/lib/python3.12/site-packages/airflow/example_dags/tutorial.py for tasks to queue
[2026-05-08T15:44:30.935+0000] {logging_mixin.py:188} INFO - [2026-05-08T15:44:30.935+0000] {dagbag.py:545} INFO - Filling up the DagBag from /home/airflow/.local/lib/python3.12/site-packages/airflow/example_dags/tutorial.py
[2026-05-08T15:44:30.939+0000] {processor.py:840} INFO - DAG(s) 'tutorial' retrieved from /home/airflow/.local/lib/python3.12/site-packages/airflow/example_dags/tutorial.py
[2026-05-08T15:44:30.956+0000] {logging_mixin.py:188} INFO - [2026-05-08T15:44:30.956+0000] {dag.py:3089} INFO - Sync 1 DAGs
[2026-05-08T15:44:30.976+0000] {logging_mixin.py:188} INFO - [2026-05-08T15:44:30.976+0000] {dag.py:3947} INFO - Setting next_dagrun for tutorial to 2026-05-07 00:00:00+00:00, run_after=2026-05-08 00:00:00+00:00
[2026-05-08T15:44:30.993+0000] {processor.py:183} INFO - Processing /home/airflow/.local/lib/python3.12/site-packages/airflow/example_dags/tutorial.py took 0.066 seconds
[2026-05-08T15:45:01.362+0000] {processor.py:161} INFO - Started process (PID=701) to work on /home/airflow/.local/lib/python3.12/site-packages/airflow/example_dags/tutorial.py
[2026-05-08T15:45:01.362+0000] {processor.py:830} INFO - Processing file /home/airflow/.local/lib/python3.12/site-packages/airflow/example_dags/tutorial.py for tasks to queue
[2026-05-08T15:45:01.364+0000] {logging_mixin.py:188} INFO - [2026-05-08T15:45:01.363+0000] {dagbag.py:545} INFO - Filling up the DagBag from /home/airflow/.local/lib/python3.12/site-packages/airflow/example_dags/tutorial.py
[2026-05-08T15:45:01.368+0000] {processor.py:840} INFO - DAG(s) 'tutorial' retrieved from /home/airflow/.local/lib/python3.12/site-packages/airflow/example_dags/tutorial.py
[2026-05-08T15:45:01.384+0000] {logging_mixin.py:188} INFO - [2026-05-08T15:45:01.384+0000] {dag.py:3089} INFO - Sync 1 DAGs
[2026-05-08T15:45:01.403+0000] {logging_mixin.py:188} INFO - [2026-05-08T15:45:01.403+0000] {dag.py:3947} INFO - Setting next_dagrun for tutorial to 2026-05-07 00:00:00+00:00, run_after=2026-05-08 00:00:00+00:00
[2026-05-08T15:45:01.419+0000] {processor.py:183} INFO - Processing /home/airflow/.local/lib/python3.12/site-packages/airflow/example_dags/tutorial.py took 0.062 seconds
[2026-05-08T15:45:32.120+0000] {processor.py:161} INFO - Started process (PID=759) to work on /home/airflow/.local/lib/python3.12/site-packages/airflow/example_dags/tutorial.py
[2026-05-08T15:45:32.121+0000] {processor.py:830} INFO - Processing file /home/airflow/.local/lib/python3.12/site-packages/airflow/example_dags/tutorial.py for tasks to queue
[2026-05-08T15:45:32.123+0000] {logging_mixin.py:188} INFO - [2026-05-08T15:45:32.122+0000] {dagbag.py:545} INFO - Filling up the DagBag from /home/airflow/.local/lib/python3.12/site-packages/airflow/example_dags/tutorial.py
[2026-05-08T15:45:32.127+0000] {processor.py:840} INFO - DAG(s) 'tutorial' retrieved from /home/airflow/.local/lib/python3.12/site-packages/airflow/example_dags/tutorial.py
[2026-05-08T15:45:32.143+0000] {logging_mixin.py:188} INFO - [2026-05-08T15:45:32.143+0000] {dag.py:3089} INFO - Sync 1 DAGs
[2026-05-08T15:45:32.163+0000] {logging_mixin.py:188} INFO - [2026-05-08T15:45:32.163+0000] {dag.py:3947} INFO - Setting next_dagrun for tutorial to 2026-05-07 00:00:00+00:00, run_after=2026-05-08 00:00:00+00:00
[2026-05-08T15:45:32.185+0000] {processor.py:183} INFO - Processing /home/airflow/.local/lib/python3.12/site-packages/airflow/example_dags/tutorial.py took 0.069 seconds
[2026-05-08T15:46:02.743+0000] {processor.py:161} INFO - Started process (PID=817) to work on /home/airflow/.local/lib/python3.12/site-packages/airflow/example_dags/tutorial.py
[2026-05-08T15:46:02.743+0000] {processor.py:830} INFO - Processing file /home/airflow/.local/lib/python3.12/site-packages/airflow/example_dags/tutorial.py for tasks to queue
[2026-05-08T15:46:02.745+0000] {logging_mixin.py:188} INFO - [2026-05-08T15:46:02.745+0000] {dagbag.py:545} INFO - Filling up the DagBag from /home/airflow/.local/lib/python3.12/site-packages/airflow/example_dags/tutorial.py
[2026-05-08T15:46:02.750+0000] {processor.py:840} INFO - DAG(s) 'tutorial' retrieved from /home/airflow/.local/lib/python3.12/site-packages/airflow/example_dags/tutorial.py
[2026-05-08T15:46:02.766+0000] {logging_mixin.py:188} INFO - [2026-05-08T15:46:02.766+0000] {dag.py:3089} INFO - Sync 1 DAGs
[2026-05-08T15:46:02.785+0000] {logging_mixin.py:188} INFO - [2026-05-08T15:46:02.785+0000] {dag.py:3947} INFO - Setting next_dagrun for tutorial to 2026-05-07 00:00:00+00:00, run_after=2026-05-08 00:00:00+00:00
[2026-05-08T15:46:02.801+0000] {processor.py:183} INFO - Processing /home/airflow/.local/lib/python3.12/site-packages/airflow/example_dags/tutorial.py took 0.063 seconds
[2026-05-08T15:46:33.413+0000] {processor.py:161} INFO - Started process (PID=875) to work on /home/airflow/.local/lib/python3.12/site-packages/airflow/example_dags/tutorial.py
[2026-05-08T15:46:33.414+0000] {processor.py:830} INFO - Processing file /home/airflow/.local/lib/python3.12/site-packages/airflow/example_dags/tutorial.py for tasks to queue
[2026-05-08T15:46:33.415+0000] {logging_mixin.py:188} INFO - [2026-05-08T15:46:33.415+0000] {dagbag.py:545} INFO - Filling up the DagBag from /home/airflow/.local/lib/python3.12/site-packages/airflow/example_dags/tutorial.py
[2026-05-08T15:46:33.421+0000] {processor.py:840} INFO - DAG(s) 'tutorial' retrieved from /home/airflow/.local/lib/python3.12/site-packages/airflow/example_dags/tutorial.py
[2026-05-08T15:46:33.438+0000] {logging_mixin.py:188} INFO - [2026-05-08T15:46:33.438+0000] {dag.py:3089} INFO - Sync 1 DAGs
[2026-05-08T15:46:33.461+0000] {logging_mixin.py:188} INFO - [2026-05-08T15:46:33.461+0000] {dag.py:3947} INFO - Setting next_dagrun for tutorial to 2026-05-07 00:00:00+00:00, run_after=2026-05-08 00:00:00+00:00
[2026-05-08T15:46:33.479+0000] {processor.py:183} INFO - Processing /home/airflow/.local/lib/python3.12/site-packages/airflow/example_dags/tutorial.py took 0.072 seconds
[2026-05-08T15:47:04.047+0000] {processor.py:161} INFO - Started process (PID=933) to work on /home/airflow/.local/lib/python3.12/site-packages/airflow/example_dags/tutorial.py
[2026-05-08T15:47:04.048+0000] {processor.py:830} INFO - Processing file /home/airflow/.local/lib/python3.12/site-packages/airflow/example_dags/tutorial.py for tasks to queue
[2026-05-08T15:47:04.049+0000] {logging_mixin.py:188} INFO - [2026-05-08T15:47:04.049+0000] {dagbag.py:545} INFO - Filling up the DagBag from /home/airflow/.local/lib/python3.12/site-packages/airflow/example_dags/tutorial.py
[2026-05-08T15:47:04.054+0000] {processor.py:840} INFO - DAG(s) 'tutorial' retrieved from /home/airflow/.local/lib/python3.12/site-packages/airflow/example_dags/tutorial.py
[2026-05-08T15:47:04.071+0000] {logging_mixin.py:188} INFO - [2026-05-08T15:47:04.071+0000] {dag.py:3089} INFO - Sync 1 DAGs
[2026-05-08T15:47:04.093+0000] {logging_mixin.py:188} INFO - [2026-05-08T15:47:04.092+0000] {dag.py:3947} INFO - Setting next_dagrun for tutorial to 2026-05-07 00:00:00+00:00, run_after=2026-05-08 00:00:00+00:00
[2026-05-08T15:47:04.110+0000] {processor.py:183} INFO - Processing /home/airflow/.local/lib/python3.12/site-packages/airflow/example_dags/tutorial.py took 0.068 seconds
[2026-05-08T15:47:34.245+0000] {processor.py:161} INFO - Started process (PID=991) to work on /home/airflow/.local/lib/python3.12/site-packages/airflow/example_dags/tutorial.py
[2026-05-08T15:47:34.246+0000] {processor.py:830} INFO - Processing file /home/airflow/.local/lib/python3.12/site-packages/airflow/example_dags/tutorial.py for tasks to queue
[2026-05-08T15:47:34.248+0000] {logging_mixin.py:188} INFO - [2026-05-08T15:47:34.247+0000] {dagbag.py:545} INFO - Filling up the DagBag from /home/airflow/.local/lib/python3.12/site-packages/airflow/example_dags/tutorial.py
[2026-05-08T15:47:34.252+0000] {processor.py:840} INFO - DAG(s) 'tutorial' retrieved from /home/airflow/.local/lib/python3.12/site-packages/airflow/example_dags/tutorial.py
[2026-05-08T15:47:34.269+0000] {logging_mixin.py:188} INFO - [2026-05-08T15:47:34.268+0000] {dag.py:3089} INFO - Sync 1 DAGs
[2026-05-08T15:47:34.288+0000] {logging_mixin.py:188} INFO - [2026-05-08T15:47:34.287+0000] {dag.py:3947} INFO - Setting next_dagrun for tutorial to 2026-05-07 00:00:00+00:00, run_after=2026-05-08 00:00:00+00:00
[2026-05-08T15:47:34.303+0000] {processor.py:183} INFO - Processing /home/airflow/.local/lib/python3.12/site-packages/airflow/example_dags/tutorial.py took 0.063 seconds
[2026-05-08T15:48:05.054+0000] {processor.py:161} INFO - Started process (PID=1050) to work on /home/airflow/.local/lib/python3.12/site-packages/airflow/example_dags/tutorial.py
[2026-05-08T15:48:05.055+0000] {processor.py:830} INFO - Processing file /home/airflow/.local/lib/python3.12/site-packages/airflow/example_dags/tutorial.py for tasks to queue
[2026-05-08T15:48:05.057+0000] {logging_mixin.py:188} INFO - [2026-05-08T15:48:05.056+0000] {dagbag.py:545} INFO - Filling up the DagBag from /home/airflow/.local/lib/python3.12/site-packages/airflow/example_dags/tutorial.py
[2026-05-08T15:48:05.077+0000] {processor.py:840} INFO - DAG(s) 'tutorial' retrieved from /home/airflow/.local/lib/python3.12/site-packages/airflow/example_dags/tutorial.py
[2026-05-08T15:48:05.093+0000] {logging_mixin.py:188} INFO - [2026-05-08T15:48:05.093+0000] {dag.py:3089} INFO - Sync 1 DAGs
[2026-05-08T15:48:05.113+0000] {logging_mixin.py:188} INFO - [2026-05-08T15:48:05.113+0000] {dag.py:3947} INFO - Setting next_dagrun for tutorial to 2026-05-07 00:00:00+00:00, run_after=2026-05-08 00:00:00+00:00
[2026-05-08T15:48:05.192+0000] {processor.py:183} INFO - Processing /home/airflow/.local/lib/python3.12/site-packages/airflow/example_dags/tutorial.py took 0.143 seconds
[2026-05-08T15:48:35.995+0000] {processor.py:161} INFO - Started process (PID=1108) to work on /home/airflow/.local/lib/python3.12/site-packages/airflow/example_dags/tutorial.py
[2026-05-08T15:48:35.996+0000] {processor.py:830} INFO - Processing file /home/airflow/.local/lib/python3.12/site-packages/airflow/example_dags/tutorial.py for tasks to queue
[2026-05-08T15:48:35.998+0000] {logging_mixin.py:188} INFO - [2026-05-08T15:48:35.998+0000] {dagbag.py:545} INFO - Filling up the DagBag from /home/airflow/.local/lib/python3.12/site-packages/airflow/example_dags/tutorial.py
[2026-05-08T15:48:36.028+0000] {processor.py:840} INFO - DAG(s) 'tutorial' retrieved from /home/airflow/.local/lib/python3.12/site-packages/airflow/example_dags/tutorial.py
[2026-05-08T15:48:36.043+0000] {logging_mixin.py:188} INFO - [2026-05-08T15:48:36.043+0000] {dag.py:3089} INFO - Sync 1 DAGs
[2026-05-08T15:48:36.060+0000] {logging_mixin.py:188} INFO - [2026-05-08T15:48:36.060+0000] {dag.py:3947} INFO - Setting next_dagrun for tutorial to 2026-05-07 00:00:00+00:00, run_after=2026-05-08 00:00:00+00:00
[2026-05-08T15:48:36.099+0000] {processor.py:183} INFO - Processing /home/airflow/.local/lib/python3.12/site-packages/airflow/example_dags/tutorial.py took 0.109 seconds
[2026-05-08T15:49:26.649+0000] {processor.py:161} INFO - Started process (PID=58) to work on /home/airflow/.local/lib/python3.12/site-packages/airflow/example_dags/tutorial.py
[2026-05-08T15:49:26.650+0000] {processor.py:830} INFO - Processing file /home/airflow/.local/lib/python3.12/site-packages/airflow/example_dags/tutorial.py for tasks to queue
[2026-05-08T15:49:26.652+0000] {logging_mixin.py:188} INFO - [2026-05-08T15:49:26.651+0000] {dagbag.py:545} INFO - Filling up the DagBag from /home/airflow/.local/lib/python3.12/site-packages/airflow/example_dags/tutorial.py
[2026-05-08T15:49:26.659+0000] {processor.py:840} INFO - DAG(s) 'tutorial' retrieved from /home/airflow/.local/lib/python3.12/site-packages/airflow/example_dags/tutorial.py
[2026-05-08T15:49:26.676+0000] {logging_mixin.py:188} INFO - [2026-05-08T15:49:26.676+0000] {dag.py:3089} INFO - Sync 1 DAGs
[2026-05-08T15:49:26.695+0000] {logging_mixin.py:188} INFO - [2026-05-08T15:49:26.695+0000] {dag.py:3947} INFO - Setting next_dagrun for tutorial to 2026-05-07 00:00:00+00:00, run_after=2026-05-08 00:00:00+00:00
[2026-05-08T15:49:26.716+0000] {processor.py:183} INFO - Processing /home/airflow/.local/lib/python3.12/site-packages/airflow/example_dags/tutorial.py took 0.071 seconds
[2026-05-08T15:49:56.807+0000] {processor.py:161} INFO - Started process (PID=116) to work on /home/airflow/.local/lib/python3.12/site-packages/airflow/example_dags/tutorial.py
[2026-05-08T15:49:56.808+0000] {processor.py:830} INFO - Processing file /home/airflow/.local/lib/python3.12/site-packages/airflow/example_dags/tutorial.py for tasks to queue
[2026-05-08T15:49:56.809+0000] {logging_mixin.py:188} INFO - [2026-05-08T15:49:56.809+0000] {dagbag.py:545} INFO - Filling up the DagBag from /home/airflow/.local/lib/python3.12/site-packages/airflow/example_dags/tutorial.py
[2026-05-08T15:49:56.813+0000] {processor.py:840} INFO - DAG(s) 'tutorial' retrieved from /home/airflow/.local/lib/python3.12/site-packages/airflow/example_dags/tutorial.py
[2026-05-08T15:49:56.829+0000] {logging_mixin.py:188} INFO - [2026-05-08T15:49:56.829+0000] {dag.py:3089} INFO - Sync 1 DAGs
[2026-05-08T15:49:56.846+0000] {logging_mixin.py:188} INFO - [2026-05-08T15:49:56.846+0000] {dag.py:3947} INFO - Setting next_dagrun for tutorial to 2026-05-07 00:00:00+00:00, run_after=2026-05-08 00:00:00+00:00
[2026-05-08T15:49:56.868+0000] {processor.py:183} INFO - Processing /home/airflow/.local/lib/python3.12/site-packages/airflow/example_dags/tutorial.py took 0.066 seconds
[2026-05-08T15:50:27.859+0000] {processor.py:161} INFO - Started process (PID=174) to work on /home/airflow/.local/lib/python3.12/site-packages/airflow/example_dags/tutorial.py
[2026-05-08T15:50:27.861+0000] {processor.py:830} INFO - Processing file /home/airflow/.local/lib/python3.12/site-packages/airflow/example_dags/tutorial.py for tasks to queue
[2026-05-08T15:50:27.862+0000] {logging_mixin.py:188} INFO - [2026-05-08T15:50:27.862+0000] {dagbag.py:545} INFO - Filling up the DagBag from /home/airflow/.local/lib/python3.12/site-packages/airflow/example_dags/tutorial.py
[2026-05-08T15:50:27.866+0000] {processor.py:840} INFO - DAG(s) 'tutorial' retrieved from /home/airflow/.local/lib/python3.12/site-packages/airflow/example_dags/tutorial.py
[2026-05-08T15:50:27.882+0000] {logging_mixin.py:188} INFO - [2026-05-08T15:50:27.882+0000] {dag.py:3089} INFO - Sync 1 DAGs
[2026-05-08T15:50:27.900+0000] {logging_mixin.py:188} INFO - [2026-05-08T15:50:27.900+0000] {dag.py:3947} INFO - Setting next_dagrun for tutorial to 2026-05-07 00:00:00+00:00, run_after=2026-05-08 00:00:00+00:00
[2026-05-08T15:50:27.915+0000] {processor.py:183} INFO - Processing /home/airflow/.local/lib/python3.12/site-packages/airflow/example_dags/tutorial.py took 0.060 seconds
[2026-05-08T15:50:58.162+0000] {processor.py:161} INFO - Started process (PID=232) to work on /home/airflow/.local/lib/python3.12/site-packages/airflow/example_dags/tutorial.py
[2026-05-08T15:50:58.163+0000] {processor.py:830} INFO - Processing file /home/airflow/.local/lib/python3.12/site-packages/airflow/example_dags/tutorial.py for tasks to queue
[2026-05-08T15:50:58.164+0000] {logging_mixin.py:188} INFO - [2026-05-08T15:50:58.164+0000] {dagbag.py:545} INFO - Filling up the DagBag from /home/airflow/.local/lib/python3.12/site-packages/airflow/example_dags/tutorial.py
[2026-05-08T15:50:58.168+0000] {processor.py:840} INFO - DAG(s) 'tutorial' retrieved from /home/airflow/.local/lib/python3.12/site-packages/airflow/example_dags/tutorial.py
[2026-05-08T15:50:58.184+0000] {logging_mixin.py:188} INFO - [2026-05-08T15:50:58.184+0000] {dag.py:3089} INFO - Sync 1 DAGs
[2026-05-08T15:50:58.203+0000] {logging_mixin.py:188} INFO - [2026-05-08T15:50:58.202+0000] {dag.py:3947} INFO - Setting next_dagrun for tutorial to 2026-05-07 00:00:00+00:00, run_after=2026-05-08 00:00:00+00:00
[2026-05-08T15:50:58.218+0000] {processor.py:183} INFO - Processing /home/airflow/.local/lib/python3.12/site-packages/airflow/example_dags/tutorial.py took 0.060 seconds
[2026-05-08T15:51:28.451+0000] {processor.py:161} INFO - Started process (PID=290) to work on /home/airflow/.local/lib/python3.12/site-packages/airflow/example_dags/tutorial.py
[2026-05-08T15:51:28.452+0000] {processor.py:830} INFO - Processing file /home/airflow/.local/lib/python3.12/site-packages/airflow/example_dags/tutorial.py for tasks to queue
[2026-05-08T15:51:28.454+0000] {logging_mixin.py:188} INFO - [2026-05-08T15:51:28.453+0000] {dagbag.py:545} INFO - Filling up the DagBag from /home/airflow/.local/lib/python3.12/site-packages/airflow/example_dags/tutorial.py
[2026-05-08T15:51:28.458+0000] {processor.py:840} INFO - DAG(s) 'tutorial' retrieved from /home/airflow/.local/lib/python3.12/site-packages/airflow/example_dags/tutorial.py
[2026-05-08T15:51:28.477+0000] {logging_mixin.py:188} INFO - [2026-05-08T15:51:28.477+0000] {dag.py:3089} INFO - Sync 1 DAGs
[2026-05-08T15:51:28.500+0000] {logging_mixin.py:188} INFO - [2026-05-08T15:51:28.500+0000] {dag.py:3947} INFO - Setting next_dagrun for tutorial to 2026-05-07 00:00:00+00:00, run_after=2026-05-08 00:00:00+00:00
[2026-05-08T15:51:28.519+0000] {processor.py:183} INFO - Processing /home/airflow/.local/lib/python3.12/site-packages/airflow/example_dags/tutorial.py took 0.073 seconds
[2026-05-08T15:51:58.753+0000] {processor.py:161} INFO - Started process (PID=348) to work on /home/airflow/.local/lib/python3.12/site-packages/airflow/example_dags/tutorial.py
[2026-05-08T15:51:58.754+0000] {processor.py:830} INFO - Processing file /home/airflow/.local/lib/python3.12/site-packages/airflow/example_dags/tutorial.py for tasks to queue
[2026-05-08T15:51:58.755+0000] {logging_mixin.py:188} INFO - [2026-05-08T15:51:58.755+0000] {dagbag.py:545} INFO - Filling up the DagBag from /home/airflow/.local/lib/python3.12/site-packages/airflow/example_dags/tutorial.py
[2026-05-08T15:51:58.759+0000] {processor.py:840} INFO - DAG(s) 'tutorial' retrieved from /home/airflow/.local/lib/python3.12/site-packages/airflow/example_dags/tutorial.py
[2026-05-08T15:51:58.776+0000] {logging_mixin.py:188} INFO - [2026-05-08T15:51:58.775+0000] {dag.py:3089} INFO - Sync 1 DAGs
[2026-05-08T15:51:58.794+0000] {logging_mixin.py:188} INFO - [2026-05-08T15:51:58.794+0000] {dag.py:3947} INFO - Setting next_dagrun for tutorial to 2026-05-07 00:00:00+00:00, run_after=2026-05-08 00:00:00+00:00
[2026-05-08T15:51:58.810+0000] {processor.py:183} INFO - Processing /home/airflow/.local/lib/python3.12/site-packages/airflow/example_dags/tutorial.py took 0.061 seconds
[2026-05-08T15:52:29.214+0000] {processor.py:161} INFO - Started process (PID=406) to work on /home/airflow/.local/lib/python3.12/site-packages/airflow/example_dags/tutorial.py
[2026-05-08T15:52:29.215+0000] {processor.py:830} INFO - Processing file /home/airflow/.local/lib/python3.12/site-packages/airflow/example_dags/tutorial.py for tasks to queue
[2026-05-08T15:52:29.216+0000] {logging_mixin.py:188} INFO - [2026-05-08T15:52:29.216+0000] {dagbag.py:545} INFO - Filling up the DagBag from /home/airflow/.local/lib/python3.12/site-packages/airflow/example_dags/tutorial.py
[2026-05-08T15:52:29.221+0000] {processor.py:840} INFO - DAG(s) 'tutorial' retrieved from /home/airflow/.local/lib/python3.12/site-packages/airflow/example_dags/tutorial.py
[2026-05-08T15:52:29.236+0000] {logging_mixin.py:188} INFO - [2026-05-08T15:52:29.236+0000] {dag.py:3089} INFO - Sync 1 DAGs
[2026-05-08T15:52:29.254+0000] {logging_mixin.py:188} INFO - [2026-05-08T15:52:29.254+0000] {dag.py:3947} INFO - Setting next_dagrun for tutorial to 2026-05-07 00:00:00+00:00, run_after=2026-05-08 00:00:00+00:00
[2026-05-08T15:52:29.269+0000] {processor.py:183} INFO - Processing /home/airflow/.local/lib/python3.12/site-packages/airflow/example_dags/tutorial.py took 0.059 seconds
[2026-05-08T15:52:59.575+0000] {processor.py:161} INFO - Started process (PID=464) to work on /home/airflow/.local/lib/python3.12/site-packages/airflow/example_dags/tutorial.py
[2026-05-08T15:52:59.575+0000] {processor.py:830} INFO - Processing file /home/airflow/.local/lib/python3.12/site-packages/airflow/example_dags/tutorial.py for tasks to queue
[2026-05-08T15:52:59.577+0000] {logging_mixin.py:188} INFO - [2026-05-08T15:52:59.577+0000] {dagbag.py:545} INFO - Filling up the DagBag from /home/airflow/.local/lib/python3.12/site-packages/airflow/example_dags/tutorial.py
[2026-05-08T15:52:59.581+0000] {processor.py:840} INFO - DAG(s) 'tutorial' retrieved from /home/airflow/.local/lib/python3.12/site-packages/airflow/example_dags/tutorial.py
[2026-05-08T15:52:59.596+0000] {logging_mixin.py:188} INFO - [2026-05-08T15:52:59.596+0000] {dag.py:3089} INFO - Sync 1 DAGs
[2026-05-08T15:52:59.615+0000] {logging_mixin.py:188} INFO - [2026-05-08T15:52:59.614+0000] {dag.py:3947} INFO - Setting next_dagrun for tutorial to 2026-05-07 00:00:00+00:00, run_after=2026-05-08 00:00:00+00:00
[2026-05-08T15:52:59.629+0000] {processor.py:183} INFO - Processing /home/airflow/.local/lib/python3.12/site-packages/airflow/example_dags/tutorial.py took 0.059 seconds
[2026-05-08T15:53:29.967+0000] {processor.py:161} INFO - Started process (PID=522) to work on /home/airflow/.local/lib/python3.12/site-packages/airflow/example_dags/tutorial.py
[2026-05-08T15:53:29.968+0000] {processor.py:830} INFO - Processing file /home/airflow/.local/lib/python3.12/site-packages/airflow/example_dags/tutorial.py for tasks to queue
[2026-05-08T15:53:29.969+0000] {logging_mixin.py:188} INFO - [2026-05-08T15:53:29.969+0000] {dagbag.py:545} INFO - Filling up the DagBag from /home/airflow/.local/lib/python3.12/site-packages/airflow/example_dags/tutorial.py
[2026-05-08T15:53:29.974+0000] {processor.py:840} INFO - DAG(s) 'tutorial' retrieved from /home/airflow/.local/lib/python3.12/site-packages/airflow/example_dags/tutorial.py
[2026-05-08T15:53:29.990+0000] {logging_mixin.py:188} INFO - [2026-05-08T15:53:29.990+0000] {dag.py:3089} INFO - Sync 1 DAGs
[2026-05-08T15:53:30.009+0000] {logging_mixin.py:188} INFO - [2026-05-08T15:53:30.009+0000] {dag.py:3947} INFO - Setting next_dagrun for tutorial to 2026-05-07 00:00:00+00:00, run_after=2026-05-08 00:00:00+00:00
[2026-05-08T15:53:30.025+0000] {processor.py:183} INFO - Processing /home/airflow/.local/lib/python3.12/site-packages/airflow/example_dags/tutorial.py took 0.063 seconds
[2026-05-08T15:54:00.368+0000] {processor.py:161} INFO - Started process (PID=580) to work on /home/airflow/.local/lib/python3.12/site-packages/airflow/example_dags/tutorial.py
[2026-05-08T15:54:00.369+0000] {processor.py:830} INFO - Processing file /home/airflow/.local/lib/python3.12/site-packages/airflow/example_dags/tutorial.py for tasks to queue
[2026-05-08T15:54:00.370+0000] {logging_mixin.py:188} INFO - [2026-05-08T15:54:00.370+0000] {dagbag.py:545} INFO - Filling up the DagBag from /home/airflow/.local/lib/python3.12/site-packages/airflow/example_dags/tutorial.py
[2026-05-08T15:54:00.374+0000] {processor.py:840} INFO - DAG(s) 'tutorial' retrieved from /home/airflow/.local/lib/python3.12/site-packages/airflow/example_dags/tutorial.py
[2026-05-08T15:54:00.389+0000] {logging_mixin.py:188} INFO - [2026-05-08T15:54:00.389+0000] {dag.py:3089} INFO - Sync 1 DAGs
[2026-05-08T15:54:00.407+0000] {logging_mixin.py:188} INFO - [2026-05-08T15:54:00.407+0000] {dag.py:3947} INFO - Setting next_dagrun for tutorial to 2026-05-07 00:00:00+00:00, run_after=2026-05-08 00:00:00+00:00
[2026-05-08T15:54:00.422+0000] {processor.py:183} INFO - Processing /home/airflow/.local/lib/python3.12/site-packages/airflow/example_dags/tutorial.py took 0.059 seconds
[2026-05-08T15:54:30.749+0000] {processor.py:161} INFO - Started process (PID=638) to work on /home/airflow/.local/lib/python3.12/site-packages/airflow/example_dags/tutorial.py
[2026-05-08T15:54:30.750+0000] {processor.py:830} INFO - Processing file /home/airflow/.local/lib/python3.12/site-packages/airflow/example_dags/tutorial.py for tasks to queue
[2026-05-08T15:54:30.751+0000] {logging_mixin.py:188} INFO - [2026-05-08T15:54:30.751+0000] {dagbag.py:545} INFO - Filling up the DagBag from /home/airflow/.local/lib/python3.12/site-packages/airflow/example_dags/tutorial.py
[2026-05-08T15:54:30.755+0000] {processor.py:840} INFO - DAG(s) 'tutorial' retrieved from /home/airflow/.local/lib/python3.12/site-packages/airflow/example_dags/tutorial.py
[2026-05-08T15:54:30.771+0000] {logging_mixin.py:188} INFO - [2026-05-08T15:54:30.770+0000] {dag.py:3089} INFO - Sync 1 DAGs
[2026-05-08T15:54:30.789+0000] {logging_mixin.py:188} INFO - [2026-05-08T15:54:30.788+0000] {dag.py:3947} INFO - Setting next_dagrun for tutorial to 2026-05-07 00:00:00+00:00, run_after=2026-05-08 00:00:00+00:00
[2026-05-08T15:54:30.804+0000] {processor.py:183} INFO - Processing /home/airflow/.local/lib/python3.12/site-packages/airflow/example_dags/tutorial.py took 0.060 seconds
[2026-05-08T15:55:01.058+0000] {processor.py:161} INFO - Started process (PID=696) to work on /home/airflow/.local/lib/python3.12/site-packages/airflow/example_dags/tutorial.py
[2026-05-08T15:55:01.059+0000] {processor.py:830} INFO - Processing file /home/airflow/.local/lib/python3.12/site-packages/airflow/example_dags/tutorial.py for tasks to queue
[2026-05-08T15:55:01.061+0000] {logging_mixin.py:188} INFO - [2026-05-08T15:55:01.060+0000] {dagbag.py:545} INFO - Filling up the DagBag from /home/airflow/.local/lib/python3.12/site-packages/airflow/example_dags/tutorial.py
[2026-05-08T15:55:01.065+0000] {processor.py:840} INFO - DAG(s) 'tutorial' retrieved from /home/airflow/.local/lib/python3.12/site-packages/airflow/example_dags/tutorial.py
[2026-05-08T15:55:01.081+0000] {logging_mixin.py:188} INFO - [2026-05-08T15:55:01.080+0000] {dag.py:3089} INFO - Sync 1 DAGs
[2026-05-08T15:55:01.099+0000] {logging_mixin.py:188} INFO - [2026-05-08T15:55:01.098+0000] {dag.py:3947} INFO - Setting next_dagrun for tutorial to 2026-05-07 00:00:00+00:00, run_after=2026-05-08 00:00:00+00:00
[2026-05-08T15:55:01.113+0000] {processor.py:183} INFO - Processing /home/airflow/.local/lib/python3.12/site-packages/airflow/example_dags/tutorial.py took 0.059 seconds
[2026-05-08T15:55:31.450+0000] {processor.py:161} INFO - Started process (PID=754) to work on /home/airflow/.local/lib/python3.12/site-packages/airflow/example_dags/tutorial.py
[2026-05-08T15:55:31.450+0000] {processor.py:830} INFO - Processing file /home/airflow/.local/lib/python3.12/site-packages/airflow/example_dags/tutorial.py for tasks to queue
[2026-05-08T15:55:31.452+0000] {logging_mixin.py:188} INFO - [2026-05-08T15:55:31.451+0000] {dagbag.py:545} INFO - Filling up the DagBag from /home/airflow/.local/lib/python3.12/site-packages/airflow/example_dags/tutorial.py
[2026-05-08T15:55:31.456+0000] {processor.py:840} INFO - DAG(s) 'tutorial' retrieved from /home/airflow/.local/lib/python3.12/site-packages/airflow/example_dags/tutorial.py
[2026-05-08T15:55:31.471+0000] {logging_mixin.py:188} INFO - [2026-05-08T15:55:31.471+0000] {dag.py:3089} INFO - Sync 1 DAGs
[2026-05-08T15:55:31.489+0000] {logging_mixin.py:188} INFO - [2026-05-08T15:55:31.489+0000] {dag.py:3947} INFO - Setting next_dagrun for tutorial to 2026-05-07 00:00:00+00:00, run_after=2026-05-08 00:00:00+00:00
[2026-05-08T15:55:31.503+0000] {processor.py:183} INFO - Processing /home/airflow/.local/lib/python3.12/site-packages/airflow/example_dags/tutorial.py took 0.058 seconds
[2026-05-08T15:56:01.960+0000] {processor.py:161} INFO - Started process (PID=812) to work on /home/airflow/.local/lib/python3.12/site-packages/airflow/example_dags/tutorial.py
[2026-05-08T15:56:01.960+0000] {processor.py:830} INFO - Processing file /home/airflow/.local/lib/python3.12/site-packages/airflow/example_dags/tutorial.py for tasks to queue
[2026-05-08T15:56:01.962+0000] {logging_mixin.py:188} INFO - [2026-05-08T15:56:01.961+0000] {dagbag.py:545} INFO - Filling up the DagBag from /home/airflow/.local/lib/python3.12/site-packages/airflow/example_dags/tutorial.py
[2026-05-08T15:56:01.966+0000] {processor.py:840} INFO - DAG(s) 'tutorial' retrieved from /home/airflow/.local/lib/python3.12/site-packages/airflow/example_dags/tutorial.py
[2026-05-08T15:56:01.981+0000] {logging_mixin.py:188} INFO - [2026-05-08T15:56:01.981+0000] {dag.py:3089} INFO - Sync 1 DAGs
[2026-05-08T15:56:02.002+0000] {logging_mixin.py:188} INFO - [2026-05-08T15:56:02.002+0000] {dag.py:3947} INFO - Setting next_dagrun for tutorial to 2026-05-07 00:00:00+00:00, run_after=2026-05-08 00:00:00+00:00
[2026-05-08T15:56:02.017+0000] {processor.py:183} INFO - Processing /home/airflow/.local/lib/python3.12/site-packages/airflow/example_dags/tutorial.py took 0.062 seconds
[2026-05-08T15:56:32.569+0000] {processor.py:161} INFO - Started process (PID=870) to work on /home/airflow/.local/lib/python3.12/site-packages/airflow/example_dags/tutorial.py
[2026-05-08T15:56:32.570+0000] {processor.py:830} INFO - Processing file /home/airflow/.local/lib/python3.12/site-packages/airflow/example_dags/tutorial.py for tasks to queue
[2026-05-08T15:56:32.571+0000] {logging_mixin.py:188} INFO - [2026-05-08T15:56:32.571+0000] {dagbag.py:545} INFO - Filling up the DagBag from /home/airflow/.local/lib/python3.12/site-packages/airflow/example_dags/tutorial.py
[2026-05-08T15:56:32.575+0000] {processor.py:840} INFO - DAG(s) 'tutorial' retrieved from /home/airflow/.local/lib/python3.12/site-packages/airflow/example_dags/tutorial.py
[2026-05-08T15:56:32.593+0000] {logging_mixin.py:188} INFO - [2026-05-08T15:56:32.593+0000] {dag.py:3089} INFO - Sync 1 DAGs
[2026-05-08T15:56:32.611+0000] {logging_mixin.py:188} INFO - [2026-05-08T15:56:32.611+0000] {dag.py:3947} INFO - Setting next_dagrun for tutorial to 2026-05-07 00:00:00+00:00, run_after=2026-05-08 00:00:00+00:00
[2026-05-08T15:56:32.628+0000] {processor.py:183} INFO - Processing /home/airflow/.local/lib/python3.12/site-packages/airflow/example_dags/tutorial.py took 0.064 seconds
[2026-05-08T15:57:02.698+0000] {processor.py:161} INFO - Started process (PID=928) to work on /home/airflow/.local/lib/python3.12/site-packages/airflow/example_dags/tutorial.py
[2026-05-08T15:57:02.699+0000] {processor.py:830} INFO - Processing file /home/airflow/.local/lib/python3.12/site-packages/airflow/example_dags/tutorial.py for tasks to queue
[2026-05-08T15:57:02.700+0000] {logging_mixin.py:188} INFO - [2026-05-08T15:57:02.700+0000] {dagbag.py:545} INFO - Filling up the DagBag from /home/airflow/.local/lib/python3.12/site-packages/airflow/example_dags/tutorial.py
[2026-05-08T15:57:02.705+0000] {processor.py:840} INFO - DAG(s) 'tutorial' retrieved from /home/airflow/.local/lib/python3.12/site-packages/airflow/example_dags/tutorial.py
[2026-05-08T15:57:02.723+0000] {logging_mixin.py:188} INFO - [2026-05-08T15:57:02.722+0000] {dag.py:3089} INFO - Sync 1 DAGs
[2026-05-08T15:57:02.741+0000] {logging_mixin.py:188} INFO - [2026-05-08T15:57:02.741+0000] {dag.py:3947} INFO - Setting next_dagrun for tutorial to 2026-05-07 00:00:00+00:00, run_after=2026-05-08 00:00:00+00:00
[2026-05-08T15:57:02.759+0000] {processor.py:183} INFO - Processing /home/airflow/.local/lib/python3.12/site-packages/airflow/example_dags/tutorial.py took 0.065 seconds
[2026-05-08T15:57:32.871+0000] {processor.py:161} INFO - Started process (PID=986) to work on /home/airflow/.local/lib/python3.12/site-packages/airflow/example_dags/tutorial.py
[2026-05-08T15:57:32.871+0000] {processor.py:830} INFO - Processing file /home/airflow/.local/lib/python3.12/site-packages/airflow/example_dags/tutorial.py for tasks to queue
[2026-05-08T15:57:32.873+0000] {logging_mixin.py:188} INFO - [2026-05-08T15:57:32.872+0000] {dagbag.py:545} INFO - Filling up the DagBag from /home/airflow/.local/lib/python3.12/site-packages/airflow/example_dags/tutorial.py
[2026-05-08T15:57:32.879+0000] {processor.py:840} INFO - DAG(s) 'tutorial' retrieved from /home/airflow/.local/lib/python3.12/site-packages/airflow/example_dags/tutorial.py
[2026-05-08T15:57:32.895+0000] {logging_mixin.py:188} INFO - [2026-05-08T15:57:32.895+0000] {dag.py:3089} INFO - Sync 1 DAGs
[2026-05-08T15:57:32.914+0000] {logging_mixin.py:188} INFO - [2026-05-08T15:57:32.914+0000] {dag.py:3947} INFO - Setting next_dagrun for tutorial to 2026-05-07 00:00:00+00:00, run_after=2026-05-08 00:00:00+00:00
[2026-05-08T15:57:32.929+0000] {processor.py:183} INFO - Processing /home/airflow/.local/lib/python3.12/site-packages/airflow/example_dags/tutorial.py took 0.063 seconds
[2026-05-08T15:58:03.026+0000] {processor.py:161} INFO - Started process (PID=1044) to work on /home/airflow/.local/lib/python3.12/site-packages/airflow/example_dags/tutorial.py
[2026-05-08T15:58:03.027+0000] {processor.py:830} INFO - Processing file /home/airflow/.local/lib/python3.12/site-packages/airflow/example_dags/tutorial.py for tasks to queue
[2026-05-08T15:58:03.029+0000] {logging_mixin.py:188} INFO - [2026-05-08T15:58:03.028+0000] {dagbag.py:545} INFO - Filling up the DagBag from /home/airflow/.local/lib/python3.12/site-packages/airflow/example_dags/tutorial.py
[2026-05-08T15:58:03.033+0000] {processor.py:840} INFO - DAG(s) 'tutorial' retrieved from /home/airflow/.local/lib/python3.12/site-packages/airflow/example_dags/tutorial.py
[2026-05-08T15:58:03.051+0000] {logging_mixin.py:188} INFO - [2026-05-08T15:58:03.050+0000] {dag.py:3089} INFO - Sync 1 DAGs
[2026-05-08T15:58:03.069+0000] {logging_mixin.py:188} INFO - [2026-05-08T15:58:03.069+0000] {dag.py:3947} INFO - Setting next_dagrun for tutorial to 2026-05-07 00:00:00+00:00, run_after=2026-05-08 00:00:00+00:00
[2026-05-08T15:58:03.086+0000] {processor.py:183} INFO - Processing /home/airflow/.local/lib/python3.12/site-packages/airflow/example_dags/tutorial.py took 0.064 seconds
[2026-05-08T15:58:33.220+0000] {processor.py:161} INFO - Started process (PID=1102) to work on /home/airflow/.local/lib/python3.12/site-packages/airflow/example_dags/tutorial.py
[2026-05-08T15:58:33.220+0000] {processor.py:830} INFO - Processing file /home/airflow/.local/lib/python3.12/site-packages/airflow/example_dags/tutorial.py for tasks to queue
[2026-05-08T15:58:33.222+0000] {logging_mixin.py:188} INFO - [2026-05-08T15:58:33.221+0000] {dagbag.py:545} INFO - Filling up the DagBag from /home/airflow/.local/lib/python3.12/site-packages/airflow/example_dags/tutorial.py
[2026-05-08T15:58:33.226+0000] {processor.py:840} INFO - DAG(s) 'tutorial' retrieved from /home/airflow/.local/lib/python3.12/site-packages/airflow/example_dags/tutorial.py
[2026-05-08T15:58:33.244+0000] {logging_mixin.py:188} INFO - [2026-05-08T15:58:33.244+0000] {dag.py:3089} INFO - Sync 1 DAGs
[2026-05-08T15:58:33.265+0000] {logging_mixin.py:188} INFO - [2026-05-08T15:58:33.265+0000] {dag.py:3947} INFO - Setting next_dagrun for tutorial to 2026-05-07 00:00:00+00:00, run_after=2026-05-08 00:00:00+00:00
[2026-05-08T15:58:33.285+0000] {processor.py:183} INFO - Processing /home/airflow/.local/lib/python3.12/site-packages/airflow/example_dags/tutorial.py took 0.071 seconds
[2026-05-08T15:59:03.466+0000] {processor.py:161} INFO - Started process (PID=1160) to work on /home/airflow/.local/lib/python3.12/site-packages/airflow/example_dags/tutorial.py
[2026-05-08T15:59:03.467+0000] {processor.py:830} INFO - Processing file /home/airflow/.local/lib/python3.12/site-packages/airflow/example_dags/tutorial.py for tasks to queue
[2026-05-08T15:59:03.470+0000] {logging_mixin.py:188} INFO - [2026-05-08T15:59:03.470+0000] {dagbag.py:545} INFO - Filling up the DagBag from /home/airflow/.local/lib/python3.12/site-packages/airflow/example_dags/tutorial.py
[2026-05-08T15:59:03.477+0000] {processor.py:840} INFO - DAG(s) 'tutorial' retrieved from /home/airflow/.local/lib/python3.12/site-packages/airflow/example_dags/tutorial.py
[2026-05-08T15:59:03.494+0000] {logging_mixin.py:188} INFO - [2026-05-08T15:59:03.493+0000] {dag.py:3089} INFO - Sync 1 DAGs
[2026-05-08T15:59:03.515+0000] {logging_mixin.py:188} INFO - [2026-05-08T15:59:03.515+0000] {dag.py:3947} INFO - Setting next_dagrun for tutorial to 2026-05-07 00:00:00+00:00, run_after=2026-05-08 00:00:00+00:00
[2026-05-08T15:59:03.531+0000] {processor.py:183} INFO - Processing /home/airflow/.local/lib/python3.12/site-packages/airflow/example_dags/tutorial.py took 0.071 seconds
