[2026-06-06T10:50:24.942+0000] {local_task_job_runner.py:120} INFO - ::group::Pre task execution logs
[2026-06-06T10:50:24.966+0000] {taskinstance.py:2076} INFO - Dependencies all met for dep_context=non-requeueable deps ti=<TaskInstance: sales_order_pipeline.run_sales_alt manual__2026-06-06T10:50:20.514985+00:00 [queued]>
[2026-06-06T10:50:24.972+0000] {taskinstance.py:2076} INFO - Dependencies all met for dep_context=requeueable deps ti=<TaskInstance: sales_order_pipeline.run_sales_alt manual__2026-06-06T10:50:20.514985+00:00 [queued]>
[2026-06-06T10:50:24.972+0000] {taskinstance.py:2306} INFO - Starting attempt 1 of 1
[2026-06-06T10:50:24.984+0000] {taskinstance.py:2330} INFO - Executing <Task(SparkSubmitOperator): run_sales_alt> on 2026-06-06 10:50:20.514985+00:00
[2026-06-06T10:50:24.991+0000] {warnings.py:112} WARNING - /home/***/.local/lib/python3.12/site-packages/***/task/task_runner/standard_task_runner.py:62: DeprecationWarning: This process (pid=990) is multi-threaded, use of fork() may lead to deadlocks in the child.
  pid = os.fork()

[2026-06-06T10:50:24.993+0000] {standard_task_runner.py:64} INFO - Started process 998 to run task
[2026-06-06T10:50:24.993+0000] {standard_task_runner.py:90} INFO - Running: ['***', 'tasks', 'run', 'sales_order_pipeline', 'run_sales_alt', 'manual__2026-06-06T10:50:20.514985+00:00', '--job-id', '154', '--raw', '--subdir', 'DAGS_FOLDER/test_dag.py', '--cfg-path', '/tmp/tmptctgjsrv']
[2026-06-06T10:50:24.994+0000] {standard_task_runner.py:91} INFO - Job 154: Subtask run_sales_alt
[2026-06-06T10:50:25.027+0000] {task_command.py:426} INFO - Running <TaskInstance: sales_order_pipeline.run_sales_alt manual__2026-06-06T10:50:20.514985+00:00 [running]> on host 425c745402b7
[2026-06-06T10:50:25.276+0000] {taskinstance.py:2648} INFO - Exporting env vars: AIRFLOW_CTX_DAG_OWNER='***' AIRFLOW_CTX_DAG_ID='sales_order_pipeline' AIRFLOW_CTX_TASK_ID='run_sales_alt' AIRFLOW_CTX_EXECUTION_DATE='2026-06-06T10:50:20.514985+00:00' AIRFLOW_CTX_TRY_NUMBER='1' AIRFLOW_CTX_DAG_RUN_ID='manual__2026-06-06T10:50:20.514985+00:00'
[2026-06-06T10:50:25.277+0000] {taskinstance.py:430} INFO - ::endgroup::
[2026-06-06T10:50:25.283+0000] {base.py:84} INFO - Using connection ID 'spark_default' for task execution.
[2026-06-06T10:50:25.284+0000] {spark_submit.py:473} INFO - Spark-Submit cmd: spark-submit --master spark://host.docker.internal:7077 --total-executor-cores 1 --executor-memory 1g --name arrow-spark --deploy-mode client /opt/***/dags/test_pyspark.py
[2026-06-06T10:50:25.287+0000] {taskinstance.py:441} INFO - ::group::Post task execution logs
[2026-06-06T10:50:25.287+0000] {taskinstance.py:2905} ERROR - Task failed with exception
Traceback (most recent call last):
  File "/home/airflow/.local/lib/python3.12/site-packages/airflow/models/taskinstance.py", line 465, in _execute_task
    result = _execute_callable(context=context, **execute_callable_kwargs)
             ^^^^^^^^^^^^^^^^^^^^^^^^^^^^^^^^^^^^^^^^^^^^^^^^^^^^^^^^^^^^^
  File "/home/airflow/.local/lib/python3.12/site-packages/airflow/models/taskinstance.py", line 432, in _execute_callable
    return execute_callable(context=context, **execute_callable_kwargs)
           ^^^^^^^^^^^^^^^^^^^^^^^^^^^^^^^^^^^^^^^^^^^^^^^^^^^^^^^^^^^^
  File "/home/airflow/.local/lib/python3.12/site-packages/airflow/models/baseoperator.py", line 401, in wrapper
    return func(self, *args, **kwargs)
           ^^^^^^^^^^^^^^^^^^^^^^^^^^^
  File "/home/airflow/.local/lib/python3.12/site-packages/airflow/providers/apache/spark/operators/spark_submit.py", line 176, in execute
    self._hook.submit(self.application)
  File "/home/airflow/.local/lib/python3.12/site-packages/airflow/providers/apache/spark/hooks/spark_submit.py", line 539, in submit
    self._submit_sp = subprocess.Popen(
                      ^^^^^^^^^^^^^^^^^
  File "/usr/local/lib/python3.12/subprocess.py", line 1026, in __init__
    self._execute_child(args, executable, preexec_fn, close_fds,
  File "/usr/local/lib/python3.12/subprocess.py", line 1955, in _execute_child
    raise child_exception_type(errno_num, err_msg, err_filename)
PermissionError: [Errno 13] Permission denied: 'spark-submit'
[2026-06-06T10:50:25.298+0000] {taskinstance.py:1206} INFO - Marking task as FAILED. dag_id=sales_order_pipeline, task_id=run_sales_alt, run_id=manual__2026-06-06T10:50:20.514985+00:00, execution_date=20260606T105020, start_date=20260606T105024, end_date=20260606T105025
[2026-06-06T10:50:25.310+0000] {standard_task_runner.py:110} ERROR - Failed to execute job 154 for task run_sales_alt ([Errno 13] Permission denied: 'spark-submit'; 998)
[2026-06-06T10:50:25.326+0000] {local_task_job_runner.py:243} INFO - Task exited with return code 1
[2026-06-06T10:50:25.338+0000] {taskinstance.py:3503} INFO - 0 downstream tasks scheduled from follow-on schedule check
[2026-06-06T10:50:25.343+0000] {local_task_job_runner.py:222} INFO - ::endgroup::
