[2026-06-10T17:52:12.302+0000] {processor.py:161} INFO - Started process (PID=113) to work on /home/airflow/.local/lib/python3.12/site-packages/airflow/example_dags/example_branch_day_of_week_operator.py
[2026-06-10T17:52:12.302+0000] {processor.py:830} INFO - Processing file /home/airflow/.local/lib/python3.12/site-packages/airflow/example_dags/example_branch_day_of_week_operator.py for tasks to queue
[2026-06-10T17:52:12.304+0000] {logging_mixin.py:188} INFO - [2026-06-10T17:52:12.303+0000] {dagbag.py:545} INFO - Filling up the DagBag from /home/airflow/.local/lib/python3.12/site-packages/airflow/example_dags/example_branch_day_of_week_operator.py
[2026-06-10T17:52:12.311+0000] {processor.py:840} INFO - DAG(s) 'example_weekday_branch_operator' retrieved from /home/airflow/.local/lib/python3.12/site-packages/airflow/example_dags/example_branch_day_of_week_operator.py
[2026-06-10T17:52:12.413+0000] {logging_mixin.py:188} INFO - [2026-06-10T17:52:12.412+0000] {override.py:1858} INFO - Created Permission View: can edit on DAG:example_weekday_branch_operator
[2026-06-10T17:52:12.428+0000] {logging_mixin.py:188} INFO - [2026-06-10T17:52:12.428+0000] {override.py:1858} INFO - Created Permission View: can read on DAG:example_weekday_branch_operator
[2026-06-10T17:52:12.437+0000] {logging_mixin.py:188} INFO - [2026-06-10T17:52:12.437+0000] {override.py:1858} INFO - Created Permission View: can delete on DAG:example_weekday_branch_operator
[2026-06-10T17:52:12.437+0000] {logging_mixin.py:188} INFO - [2026-06-10T17:52:12.437+0000] {dag.py:3089} INFO - Sync 1 DAGs
[2026-06-10T17:52:12.448+0000] {logging_mixin.py:188} INFO - [2026-06-10T17:52:12.448+0000] {dag.py:3111} INFO - Creating ORM DAG for example_weekday_branch_operator
[2026-06-10T17:52:12.457+0000] {logging_mixin.py:188} INFO - [2026-06-10T17:52:12.457+0000] {dag.py:3947} INFO - Setting next_dagrun for example_weekday_branch_operator to 2026-06-09 00:00:00+00:00, run_after=2026-06-10 00:00:00+00:00
[2026-06-10T17:52:12.475+0000] {processor.py:183} INFO - Processing /home/airflow/.local/lib/python3.12/site-packages/airflow/example_dags/example_branch_day_of_week_operator.py took 0.177 seconds
[2026-06-10T17:52:50.246+0000] {processor.py:161} INFO - Started process (PID=174) to work on /home/airflow/.local/lib/python3.12/site-packages/airflow/example_dags/example_branch_day_of_week_operator.py
[2026-06-10T17:52:50.255+0000] {processor.py:830} INFO - Processing file /home/airflow/.local/lib/python3.12/site-packages/airflow/example_dags/example_branch_day_of_week_operator.py for tasks to queue
[2026-06-10T17:52:50.257+0000] {logging_mixin.py:188} INFO - [2026-06-10T17:52:50.256+0000] {dagbag.py:545} INFO - Filling up the DagBag from /home/airflow/.local/lib/python3.12/site-packages/airflow/example_dags/example_branch_day_of_week_operator.py
[2026-06-10T17:52:50.264+0000] {processor.py:840} INFO - DAG(s) 'example_weekday_branch_operator' retrieved from /home/airflow/.local/lib/python3.12/site-packages/airflow/example_dags/example_branch_day_of_week_operator.py
[2026-06-10T17:52:50.284+0000] {logging_mixin.py:188} INFO - [2026-06-10T17:52:50.284+0000] {dag.py:3089} INFO - Sync 1 DAGs
[2026-06-10T17:52:50.305+0000] {logging_mixin.py:188} INFO - [2026-06-10T17:52:50.305+0000] {dag.py:3947} INFO - Setting next_dagrun for example_weekday_branch_operator to 2026-06-09 00:00:00+00:00, run_after=2026-06-10 00:00:00+00:00
[2026-06-10T17:52:50.335+0000] {processor.py:183} INFO - Processing /home/airflow/.local/lib/python3.12/site-packages/airflow/example_dags/example_branch_day_of_week_operator.py took 0.094 seconds
[2026-06-10T17:53:20.706+0000] {processor.py:161} INFO - Started process (PID=235) to work on /home/airflow/.local/lib/python3.12/site-packages/airflow/example_dags/example_branch_day_of_week_operator.py
[2026-06-10T17:53:20.707+0000] {processor.py:830} INFO - Processing file /home/airflow/.local/lib/python3.12/site-packages/airflow/example_dags/example_branch_day_of_week_operator.py for tasks to queue
[2026-06-10T17:53:20.708+0000] {logging_mixin.py:188} INFO - [2026-06-10T17:53:20.708+0000] {dagbag.py:545} INFO - Filling up the DagBag from /home/airflow/.local/lib/python3.12/site-packages/airflow/example_dags/example_branch_day_of_week_operator.py
[2026-06-10T17:53:20.714+0000] {processor.py:840} INFO - DAG(s) 'example_weekday_branch_operator' retrieved from /home/airflow/.local/lib/python3.12/site-packages/airflow/example_dags/example_branch_day_of_week_operator.py
[2026-06-10T17:53:20.732+0000] {logging_mixin.py:188} INFO - [2026-06-10T17:53:20.732+0000] {dag.py:3089} INFO - Sync 1 DAGs
[2026-06-10T17:53:20.752+0000] {logging_mixin.py:188} INFO - [2026-06-10T17:53:20.752+0000] {dag.py:3947} INFO - Setting next_dagrun for example_weekday_branch_operator to 2026-06-09 00:00:00+00:00, run_after=2026-06-10 00:00:00+00:00
[2026-06-10T17:53:20.767+0000] {processor.py:183} INFO - Processing /home/airflow/.local/lib/python3.12/site-packages/airflow/example_dags/example_branch_day_of_week_operator.py took 0.066 seconds
[2026-06-10T17:53:51.479+0000] {processor.py:161} INFO - Started process (PID=296) to work on /home/airflow/.local/lib/python3.12/site-packages/airflow/example_dags/example_branch_day_of_week_operator.py
[2026-06-10T17:53:51.481+0000] {processor.py:830} INFO - Processing file /home/airflow/.local/lib/python3.12/site-packages/airflow/example_dags/example_branch_day_of_week_operator.py for tasks to queue
[2026-06-10T17:53:51.482+0000] {logging_mixin.py:188} INFO - [2026-06-10T17:53:51.482+0000] {dagbag.py:545} INFO - Filling up the DagBag from /home/airflow/.local/lib/python3.12/site-packages/airflow/example_dags/example_branch_day_of_week_operator.py
[2026-06-10T17:53:51.489+0000] {processor.py:840} INFO - DAG(s) 'example_weekday_branch_operator' retrieved from /home/airflow/.local/lib/python3.12/site-packages/airflow/example_dags/example_branch_day_of_week_operator.py
[2026-06-10T17:53:51.505+0000] {logging_mixin.py:188} INFO - [2026-06-10T17:53:51.505+0000] {dag.py:3089} INFO - Sync 1 DAGs
[2026-06-10T17:53:51.524+0000] {logging_mixin.py:188} INFO - [2026-06-10T17:53:51.524+0000] {dag.py:3947} INFO - Setting next_dagrun for example_weekday_branch_operator to 2026-06-09 00:00:00+00:00, run_after=2026-06-10 00:00:00+00:00
[2026-06-10T17:53:51.538+0000] {processor.py:183} INFO - Processing /home/airflow/.local/lib/python3.12/site-packages/airflow/example_dags/example_branch_day_of_week_operator.py took 0.063 seconds
[2026-06-10T17:54:21.668+0000] {processor.py:161} INFO - Started process (PID=357) to work on /home/airflow/.local/lib/python3.12/site-packages/airflow/example_dags/example_branch_day_of_week_operator.py
[2026-06-10T17:54:21.669+0000] {processor.py:830} INFO - Processing file /home/airflow/.local/lib/python3.12/site-packages/airflow/example_dags/example_branch_day_of_week_operator.py for tasks to queue
[2026-06-10T17:54:21.670+0000] {logging_mixin.py:188} INFO - [2026-06-10T17:54:21.670+0000] {dagbag.py:545} INFO - Filling up the DagBag from /home/airflow/.local/lib/python3.12/site-packages/airflow/example_dags/example_branch_day_of_week_operator.py
[2026-06-10T17:54:21.677+0000] {processor.py:840} INFO - DAG(s) 'example_weekday_branch_operator' retrieved from /home/airflow/.local/lib/python3.12/site-packages/airflow/example_dags/example_branch_day_of_week_operator.py
[2026-06-10T17:54:21.693+0000] {logging_mixin.py:188} INFO - [2026-06-10T17:54:21.693+0000] {dag.py:3089} INFO - Sync 1 DAGs
[2026-06-10T17:54:21.713+0000] {logging_mixin.py:188} INFO - [2026-06-10T17:54:21.712+0000] {dag.py:3947} INFO - Setting next_dagrun for example_weekday_branch_operator to 2026-06-09 00:00:00+00:00, run_after=2026-06-10 00:00:00+00:00
[2026-06-10T17:54:21.727+0000] {processor.py:183} INFO - Processing /home/airflow/.local/lib/python3.12/site-packages/airflow/example_dags/example_branch_day_of_week_operator.py took 0.063 seconds
[2026-06-10T17:54:52.568+0000] {processor.py:161} INFO - Started process (PID=418) to work on /home/airflow/.local/lib/python3.12/site-packages/airflow/example_dags/example_branch_day_of_week_operator.py
[2026-06-10T17:54:52.571+0000] {processor.py:830} INFO - Processing file /home/airflow/.local/lib/python3.12/site-packages/airflow/example_dags/example_branch_day_of_week_operator.py for tasks to queue
[2026-06-10T17:54:52.573+0000] {logging_mixin.py:188} INFO - [2026-06-10T17:54:52.573+0000] {dagbag.py:545} INFO - Filling up the DagBag from /home/airflow/.local/lib/python3.12/site-packages/airflow/example_dags/example_branch_day_of_week_operator.py
[2026-06-10T17:54:52.580+0000] {processor.py:840} INFO - DAG(s) 'example_weekday_branch_operator' retrieved from /home/airflow/.local/lib/python3.12/site-packages/airflow/example_dags/example_branch_day_of_week_operator.py
[2026-06-10T17:54:52.600+0000] {logging_mixin.py:188} INFO - [2026-06-10T17:54:52.600+0000] {dag.py:3089} INFO - Sync 1 DAGs
[2026-06-10T17:54:52.625+0000] {logging_mixin.py:188} INFO - [2026-06-10T17:54:52.625+0000] {dag.py:3947} INFO - Setting next_dagrun for example_weekday_branch_operator to 2026-06-09 00:00:00+00:00, run_after=2026-06-10 00:00:00+00:00
[2026-06-10T17:54:52.646+0000] {processor.py:183} INFO - Processing /home/airflow/.local/lib/python3.12/site-packages/airflow/example_dags/example_branch_day_of_week_operator.py took 0.082 seconds
[2026-06-10T17:55:23.739+0000] {processor.py:161} INFO - Started process (PID=479) to work on /home/airflow/.local/lib/python3.12/site-packages/airflow/example_dags/example_branch_day_of_week_operator.py
[2026-06-10T17:55:23.739+0000] {processor.py:830} INFO - Processing file /home/airflow/.local/lib/python3.12/site-packages/airflow/example_dags/example_branch_day_of_week_operator.py for tasks to queue
[2026-06-10T17:55:23.741+0000] {logging_mixin.py:188} INFO - [2026-06-10T17:55:23.740+0000] {dagbag.py:545} INFO - Filling up the DagBag from /home/airflow/.local/lib/python3.12/site-packages/airflow/example_dags/example_branch_day_of_week_operator.py
[2026-06-10T17:55:23.748+0000] {processor.py:840} INFO - DAG(s) 'example_weekday_branch_operator' retrieved from /home/airflow/.local/lib/python3.12/site-packages/airflow/example_dags/example_branch_day_of_week_operator.py
[2026-06-10T17:55:23.764+0000] {logging_mixin.py:188} INFO - [2026-06-10T17:55:23.764+0000] {dag.py:3089} INFO - Sync 1 DAGs
[2026-06-10T17:55:23.784+0000] {logging_mixin.py:188} INFO - [2026-06-10T17:55:23.784+0000] {dag.py:3947} INFO - Setting next_dagrun for example_weekday_branch_operator to 2026-06-09 00:00:00+00:00, run_after=2026-06-10 00:00:00+00:00
[2026-06-10T17:55:23.800+0000] {processor.py:183} INFO - Processing /home/airflow/.local/lib/python3.12/site-packages/airflow/example_dags/example_branch_day_of_week_operator.py took 0.066 seconds
[2026-06-10T17:55:54.080+0000] {processor.py:161} INFO - Started process (PID=540) to work on /home/airflow/.local/lib/python3.12/site-packages/airflow/example_dags/example_branch_day_of_week_operator.py
[2026-06-10T17:55:54.085+0000] {processor.py:830} INFO - Processing file /home/airflow/.local/lib/python3.12/site-packages/airflow/example_dags/example_branch_day_of_week_operator.py for tasks to queue
[2026-06-10T17:55:54.086+0000] {logging_mixin.py:188} INFO - [2026-06-10T17:55:54.086+0000] {dagbag.py:545} INFO - Filling up the DagBag from /home/airflow/.local/lib/python3.12/site-packages/airflow/example_dags/example_branch_day_of_week_operator.py
[2026-06-10T17:55:54.096+0000] {processor.py:840} INFO - DAG(s) 'example_weekday_branch_operator' retrieved from /home/airflow/.local/lib/python3.12/site-packages/airflow/example_dags/example_branch_day_of_week_operator.py
[2026-06-10T17:55:54.113+0000] {logging_mixin.py:188} INFO - [2026-06-10T17:55:54.113+0000] {dag.py:3089} INFO - Sync 1 DAGs
[2026-06-10T17:55:54.133+0000] {logging_mixin.py:188} INFO - [2026-06-10T17:55:54.132+0000] {dag.py:3947} INFO - Setting next_dagrun for example_weekday_branch_operator to 2026-06-09 00:00:00+00:00, run_after=2026-06-10 00:00:00+00:00
[2026-06-10T17:55:54.160+0000] {processor.py:183} INFO - Processing /home/airflow/.local/lib/python3.12/site-packages/airflow/example_dags/example_branch_day_of_week_operator.py took 0.083 seconds
[2026-06-10T17:56:24.220+0000] {processor.py:161} INFO - Started process (PID=600) to work on /home/airflow/.local/lib/python3.12/site-packages/airflow/example_dags/example_branch_day_of_week_operator.py
[2026-06-10T17:56:24.221+0000] {processor.py:830} INFO - Processing file /home/airflow/.local/lib/python3.12/site-packages/airflow/example_dags/example_branch_day_of_week_operator.py for tasks to queue
[2026-06-10T17:56:24.222+0000] {logging_mixin.py:188} INFO - [2026-06-10T17:56:24.222+0000] {dagbag.py:545} INFO - Filling up the DagBag from /home/airflow/.local/lib/python3.12/site-packages/airflow/example_dags/example_branch_day_of_week_operator.py
[2026-06-10T17:56:24.228+0000] {processor.py:840} INFO - DAG(s) 'example_weekday_branch_operator' retrieved from /home/airflow/.local/lib/python3.12/site-packages/airflow/example_dags/example_branch_day_of_week_operator.py
[2026-06-10T17:56:24.245+0000] {logging_mixin.py:188} INFO - [2026-06-10T17:56:24.245+0000] {dag.py:3089} INFO - Sync 1 DAGs
[2026-06-10T17:56:24.264+0000] {logging_mixin.py:188} INFO - [2026-06-10T17:56:24.264+0000] {dag.py:3947} INFO - Setting next_dagrun for example_weekday_branch_operator to 2026-06-09 00:00:00+00:00, run_after=2026-06-10 00:00:00+00:00
[2026-06-10T17:56:24.278+0000] {processor.py:183} INFO - Processing /home/airflow/.local/lib/python3.12/site-packages/airflow/example_dags/example_branch_day_of_week_operator.py took 0.062 seconds
[2026-06-10T17:56:54.302+0000] {processor.py:161} INFO - Started process (PID=661) to work on /home/airflow/.local/lib/python3.12/site-packages/airflow/example_dags/example_branch_day_of_week_operator.py
[2026-06-10T17:56:54.303+0000] {processor.py:830} INFO - Processing file /home/airflow/.local/lib/python3.12/site-packages/airflow/example_dags/example_branch_day_of_week_operator.py for tasks to queue
[2026-06-10T17:56:54.305+0000] {logging_mixin.py:188} INFO - [2026-06-10T17:56:54.304+0000] {dagbag.py:545} INFO - Filling up the DagBag from /home/airflow/.local/lib/python3.12/site-packages/airflow/example_dags/example_branch_day_of_week_operator.py
[2026-06-10T17:56:54.311+0000] {processor.py:840} INFO - DAG(s) 'example_weekday_branch_operator' retrieved from /home/airflow/.local/lib/python3.12/site-packages/airflow/example_dags/example_branch_day_of_week_operator.py
[2026-06-10T17:56:54.327+0000] {logging_mixin.py:188} INFO - [2026-06-10T17:56:54.327+0000] {dag.py:3089} INFO - Sync 1 DAGs
[2026-06-10T17:56:54.346+0000] {logging_mixin.py:188} INFO - [2026-06-10T17:56:54.346+0000] {dag.py:3947} INFO - Setting next_dagrun for example_weekday_branch_operator to 2026-06-09 00:00:00+00:00, run_after=2026-06-10 00:00:00+00:00
[2026-06-10T17:56:54.360+0000] {processor.py:183} INFO - Processing /home/airflow/.local/lib/python3.12/site-packages/airflow/example_dags/example_branch_day_of_week_operator.py took 0.062 seconds
[2026-06-10T17:57:24.831+0000] {processor.py:161} INFO - Started process (PID=722) to work on /home/airflow/.local/lib/python3.12/site-packages/airflow/example_dags/example_branch_day_of_week_operator.py
[2026-06-10T17:57:24.832+0000] {processor.py:830} INFO - Processing file /home/airflow/.local/lib/python3.12/site-packages/airflow/example_dags/example_branch_day_of_week_operator.py for tasks to queue
[2026-06-10T17:57:24.833+0000] {logging_mixin.py:188} INFO - [2026-06-10T17:57:24.833+0000] {dagbag.py:545} INFO - Filling up the DagBag from /home/airflow/.local/lib/python3.12/site-packages/airflow/example_dags/example_branch_day_of_week_operator.py
[2026-06-10T17:57:24.840+0000] {processor.py:840} INFO - DAG(s) 'example_weekday_branch_operator' retrieved from /home/airflow/.local/lib/python3.12/site-packages/airflow/example_dags/example_branch_day_of_week_operator.py
[2026-06-10T17:57:24.857+0000] {logging_mixin.py:188} INFO - [2026-06-10T17:57:24.857+0000] {dag.py:3089} INFO - Sync 1 DAGs
[2026-06-10T17:57:24.877+0000] {logging_mixin.py:188} INFO - [2026-06-10T17:57:24.877+0000] {dag.py:3947} INFO - Setting next_dagrun for example_weekday_branch_operator to 2026-06-09 00:00:00+00:00, run_after=2026-06-10 00:00:00+00:00
[2026-06-10T17:57:24.892+0000] {processor.py:183} INFO - Processing /home/airflow/.local/lib/python3.12/site-packages/airflow/example_dags/example_branch_day_of_week_operator.py took 0.066 seconds
[2026-06-10T17:57:55.293+0000] {processor.py:161} INFO - Started process (PID=783) to work on /home/airflow/.local/lib/python3.12/site-packages/airflow/example_dags/example_branch_day_of_week_operator.py
[2026-06-10T17:57:55.294+0000] {processor.py:830} INFO - Processing file /home/airflow/.local/lib/python3.12/site-packages/airflow/example_dags/example_branch_day_of_week_operator.py for tasks to queue
[2026-06-10T17:57:55.295+0000] {logging_mixin.py:188} INFO - [2026-06-10T17:57:55.295+0000] {dagbag.py:545} INFO - Filling up the DagBag from /home/airflow/.local/lib/python3.12/site-packages/airflow/example_dags/example_branch_day_of_week_operator.py
[2026-06-10T17:57:55.301+0000] {processor.py:840} INFO - DAG(s) 'example_weekday_branch_operator' retrieved from /home/airflow/.local/lib/python3.12/site-packages/airflow/example_dags/example_branch_day_of_week_operator.py
[2026-06-10T17:57:55.318+0000] {logging_mixin.py:188} INFO - [2026-06-10T17:57:55.317+0000] {dag.py:3089} INFO - Sync 1 DAGs
[2026-06-10T17:57:55.337+0000] {logging_mixin.py:188} INFO - [2026-06-10T17:57:55.337+0000] {dag.py:3947} INFO - Setting next_dagrun for example_weekday_branch_operator to 2026-06-09 00:00:00+00:00, run_after=2026-06-10 00:00:00+00:00
[2026-06-10T17:57:55.352+0000] {processor.py:183} INFO - Processing /home/airflow/.local/lib/python3.12/site-packages/airflow/example_dags/example_branch_day_of_week_operator.py took 0.063 seconds
[2026-06-10T17:58:25.466+0000] {processor.py:161} INFO - Started process (PID=844) to work on /home/airflow/.local/lib/python3.12/site-packages/airflow/example_dags/example_branch_day_of_week_operator.py
[2026-06-10T17:58:25.467+0000] {processor.py:830} INFO - Processing file /home/airflow/.local/lib/python3.12/site-packages/airflow/example_dags/example_branch_day_of_week_operator.py for tasks to queue
[2026-06-10T17:58:25.468+0000] {logging_mixin.py:188} INFO - [2026-06-10T17:58:25.468+0000] {dagbag.py:545} INFO - Filling up the DagBag from /home/airflow/.local/lib/python3.12/site-packages/airflow/example_dags/example_branch_day_of_week_operator.py
[2026-06-10T17:58:25.475+0000] {processor.py:840} INFO - DAG(s) 'example_weekday_branch_operator' retrieved from /home/airflow/.local/lib/python3.12/site-packages/airflow/example_dags/example_branch_day_of_week_operator.py
[2026-06-10T17:58:25.492+0000] {logging_mixin.py:188} INFO - [2026-06-10T17:58:25.492+0000] {dag.py:3089} INFO - Sync 1 DAGs
[2026-06-10T17:58:25.513+0000] {logging_mixin.py:188} INFO - [2026-06-10T17:58:25.513+0000] {dag.py:3947} INFO - Setting next_dagrun for example_weekday_branch_operator to 2026-06-09 00:00:00+00:00, run_after=2026-06-10 00:00:00+00:00
[2026-06-10T17:58:25.528+0000] {processor.py:183} INFO - Processing /home/airflow/.local/lib/python3.12/site-packages/airflow/example_dags/example_branch_day_of_week_operator.py took 0.066 seconds
[2026-06-10T17:58:55.879+0000] {processor.py:161} INFO - Started process (PID=905) to work on /home/airflow/.local/lib/python3.12/site-packages/airflow/example_dags/example_branch_day_of_week_operator.py
[2026-06-10T17:58:55.880+0000] {processor.py:830} INFO - Processing file /home/airflow/.local/lib/python3.12/site-packages/airflow/example_dags/example_branch_day_of_week_operator.py for tasks to queue
[2026-06-10T17:58:55.881+0000] {logging_mixin.py:188} INFO - [2026-06-10T17:58:55.881+0000] {dagbag.py:545} INFO - Filling up the DagBag from /home/airflow/.local/lib/python3.12/site-packages/airflow/example_dags/example_branch_day_of_week_operator.py
[2026-06-10T17:58:55.887+0000] {processor.py:840} INFO - DAG(s) 'example_weekday_branch_operator' retrieved from /home/airflow/.local/lib/python3.12/site-packages/airflow/example_dags/example_branch_day_of_week_operator.py
[2026-06-10T17:58:55.904+0000] {logging_mixin.py:188} INFO - [2026-06-10T17:58:55.904+0000] {dag.py:3089} INFO - Sync 1 DAGs
[2026-06-10T17:58:55.924+0000] {logging_mixin.py:188} INFO - [2026-06-10T17:58:55.924+0000] {dag.py:3947} INFO - Setting next_dagrun for example_weekday_branch_operator to 2026-06-09 00:00:00+00:00, run_after=2026-06-10 00:00:00+00:00
[2026-06-10T17:58:55.939+0000] {processor.py:183} INFO - Processing /home/airflow/.local/lib/python3.12/site-packages/airflow/example_dags/example_branch_day_of_week_operator.py took 0.065 seconds
[2026-06-10T17:59:26.030+0000] {processor.py:161} INFO - Started process (PID=966) to work on /home/airflow/.local/lib/python3.12/site-packages/airflow/example_dags/example_branch_day_of_week_operator.py
[2026-06-10T17:59:26.036+0000] {processor.py:830} INFO - Processing file /home/airflow/.local/lib/python3.12/site-packages/airflow/example_dags/example_branch_day_of_week_operator.py for tasks to queue
[2026-06-10T17:59:26.037+0000] {logging_mixin.py:188} INFO - [2026-06-10T17:59:26.037+0000] {dagbag.py:545} INFO - Filling up the DagBag from /home/airflow/.local/lib/python3.12/site-packages/airflow/example_dags/example_branch_day_of_week_operator.py
[2026-06-10T17:59:26.044+0000] {processor.py:840} INFO - DAG(s) 'example_weekday_branch_operator' retrieved from /home/airflow/.local/lib/python3.12/site-packages/airflow/example_dags/example_branch_day_of_week_operator.py
[2026-06-10T17:59:26.061+0000] {logging_mixin.py:188} INFO - [2026-06-10T17:59:26.060+0000] {dag.py:3089} INFO - Sync 1 DAGs
[2026-06-10T17:59:26.080+0000] {logging_mixin.py:188} INFO - [2026-06-10T17:59:26.080+0000] {dag.py:3947} INFO - Setting next_dagrun for example_weekday_branch_operator to 2026-06-09 00:00:00+00:00, run_after=2026-06-10 00:00:00+00:00
[2026-06-10T17:59:26.095+0000] {processor.py:183} INFO - Processing /home/airflow/.local/lib/python3.12/site-packages/airflow/example_dags/example_branch_day_of_week_operator.py took 0.069 seconds
[2026-06-10T17:59:56.682+0000] {processor.py:161} INFO - Started process (PID=1027) to work on /home/airflow/.local/lib/python3.12/site-packages/airflow/example_dags/example_branch_day_of_week_operator.py
[2026-06-10T17:59:56.683+0000] {processor.py:830} INFO - Processing file /home/airflow/.local/lib/python3.12/site-packages/airflow/example_dags/example_branch_day_of_week_operator.py for tasks to queue
[2026-06-10T17:59:56.684+0000] {logging_mixin.py:188} INFO - [2026-06-10T17:59:56.684+0000] {dagbag.py:545} INFO - Filling up the DagBag from /home/airflow/.local/lib/python3.12/site-packages/airflow/example_dags/example_branch_day_of_week_operator.py
[2026-06-10T17:59:56.691+0000] {processor.py:840} INFO - DAG(s) 'example_weekday_branch_operator' retrieved from /home/airflow/.local/lib/python3.12/site-packages/airflow/example_dags/example_branch_day_of_week_operator.py
[2026-06-10T17:59:56.709+0000] {logging_mixin.py:188} INFO - [2026-06-10T17:59:56.709+0000] {dag.py:3089} INFO - Sync 1 DAGs
[2026-06-10T17:59:56.856+0000] {logging_mixin.py:188} INFO - [2026-06-10T17:59:56.856+0000] {dag.py:3947} INFO - Setting next_dagrun for example_weekday_branch_operator to 2026-06-09 00:00:00+00:00, run_after=2026-06-10 00:00:00+00:00
[2026-06-10T17:59:56.871+0000] {processor.py:183} INFO - Processing /home/airflow/.local/lib/python3.12/site-packages/airflow/example_dags/example_branch_day_of_week_operator.py took 0.193 seconds
[2026-06-10T18:00:29.024+0000] {processor.py:161} INFO - Started process (PID=1088) to work on /home/airflow/.local/lib/python3.12/site-packages/airflow/example_dags/example_branch_day_of_week_operator.py
[2026-06-10T18:00:29.025+0000] {processor.py:830} INFO - Processing file /home/airflow/.local/lib/python3.12/site-packages/airflow/example_dags/example_branch_day_of_week_operator.py for tasks to queue
[2026-06-10T18:00:29.027+0000] {logging_mixin.py:188} INFO - [2026-06-10T18:00:29.027+0000] {dagbag.py:545} INFO - Filling up the DagBag from /home/airflow/.local/lib/python3.12/site-packages/airflow/example_dags/example_branch_day_of_week_operator.py
[2026-06-10T18:00:29.033+0000] {processor.py:840} INFO - DAG(s) 'example_weekday_branch_operator' retrieved from /home/airflow/.local/lib/python3.12/site-packages/airflow/example_dags/example_branch_day_of_week_operator.py
[2026-06-10T18:00:29.050+0000] {logging_mixin.py:188} INFO - [2026-06-10T18:00:29.050+0000] {dag.py:3089} INFO - Sync 1 DAGs
[2026-06-10T18:00:29.225+0000] {logging_mixin.py:188} INFO - [2026-06-10T18:00:29.225+0000] {dag.py:3947} INFO - Setting next_dagrun for example_weekday_branch_operator to 2026-06-09 00:00:00+00:00, run_after=2026-06-10 00:00:00+00:00
[2026-06-10T18:00:29.244+0000] {processor.py:183} INFO - Processing /home/airflow/.local/lib/python3.12/site-packages/airflow/example_dags/example_branch_day_of_week_operator.py took 0.225 seconds
[2026-06-10T18:00:59.990+0000] {processor.py:161} INFO - Started process (PID=1150) to work on /home/airflow/.local/lib/python3.12/site-packages/airflow/example_dags/example_branch_day_of_week_operator.py
[2026-06-10T18:00:59.991+0000] {processor.py:830} INFO - Processing file /home/airflow/.local/lib/python3.12/site-packages/airflow/example_dags/example_branch_day_of_week_operator.py for tasks to queue
[2026-06-10T18:00:59.992+0000] {logging_mixin.py:188} INFO - [2026-06-10T18:00:59.992+0000] {dagbag.py:545} INFO - Filling up the DagBag from /home/airflow/.local/lib/python3.12/site-packages/airflow/example_dags/example_branch_day_of_week_operator.py
[2026-06-10T18:00:59.998+0000] {processor.py:840} INFO - DAG(s) 'example_weekday_branch_operator' retrieved from /home/airflow/.local/lib/python3.12/site-packages/airflow/example_dags/example_branch_day_of_week_operator.py
[2026-06-10T18:01:00.015+0000] {logging_mixin.py:188} INFO - [2026-06-10T18:01:00.015+0000] {dag.py:3089} INFO - Sync 1 DAGs
[2026-06-10T18:01:00.034+0000] {logging_mixin.py:188} INFO - [2026-06-10T18:01:00.034+0000] {dag.py:3947} INFO - Setting next_dagrun for example_weekday_branch_operator to 2026-06-09 00:00:00+00:00, run_after=2026-06-10 00:00:00+00:00
[2026-06-10T18:01:00.049+0000] {processor.py:183} INFO - Processing /home/airflow/.local/lib/python3.12/site-packages/airflow/example_dags/example_branch_day_of_week_operator.py took 0.063 seconds
[2026-06-10T18:01:30.462+0000] {processor.py:161} INFO - Started process (PID=1211) to work on /home/airflow/.local/lib/python3.12/site-packages/airflow/example_dags/example_branch_day_of_week_operator.py
[2026-06-10T18:01:30.463+0000] {processor.py:830} INFO - Processing file /home/airflow/.local/lib/python3.12/site-packages/airflow/example_dags/example_branch_day_of_week_operator.py for tasks to queue
[2026-06-10T18:01:30.465+0000] {logging_mixin.py:188} INFO - [2026-06-10T18:01:30.465+0000] {dagbag.py:545} INFO - Filling up the DagBag from /home/airflow/.local/lib/python3.12/site-packages/airflow/example_dags/example_branch_day_of_week_operator.py
[2026-06-10T18:01:30.472+0000] {processor.py:840} INFO - DAG(s) 'example_weekday_branch_operator' retrieved from /home/airflow/.local/lib/python3.12/site-packages/airflow/example_dags/example_branch_day_of_week_operator.py
[2026-06-10T18:01:30.490+0000] {logging_mixin.py:188} INFO - [2026-06-10T18:01:30.490+0000] {dag.py:3089} INFO - Sync 1 DAGs
[2026-06-10T18:01:30.511+0000] {logging_mixin.py:188} INFO - [2026-06-10T18:01:30.510+0000] {dag.py:3947} INFO - Setting next_dagrun for example_weekday_branch_operator to 2026-06-09 00:00:00+00:00, run_after=2026-06-10 00:00:00+00:00
[2026-06-10T18:01:30.527+0000] {processor.py:183} INFO - Processing /home/airflow/.local/lib/python3.12/site-packages/airflow/example_dags/example_branch_day_of_week_operator.py took 0.070 seconds
[2026-06-10T18:02:01.101+0000] {processor.py:161} INFO - Started process (PID=1272) to work on /home/airflow/.local/lib/python3.12/site-packages/airflow/example_dags/example_branch_day_of_week_operator.py
[2026-06-10T18:02:01.102+0000] {processor.py:830} INFO - Processing file /home/airflow/.local/lib/python3.12/site-packages/airflow/example_dags/example_branch_day_of_week_operator.py for tasks to queue
[2026-06-10T18:02:01.103+0000] {logging_mixin.py:188} INFO - [2026-06-10T18:02:01.103+0000] {dagbag.py:545} INFO - Filling up the DagBag from /home/airflow/.local/lib/python3.12/site-packages/airflow/example_dags/example_branch_day_of_week_operator.py
[2026-06-10T18:02:01.110+0000] {processor.py:840} INFO - DAG(s) 'example_weekday_branch_operator' retrieved from /home/airflow/.local/lib/python3.12/site-packages/airflow/example_dags/example_branch_day_of_week_operator.py
[2026-06-10T18:02:01.127+0000] {logging_mixin.py:188} INFO - [2026-06-10T18:02:01.126+0000] {dag.py:3089} INFO - Sync 1 DAGs
[2026-06-10T18:02:01.146+0000] {logging_mixin.py:188} INFO - [2026-06-10T18:02:01.146+0000] {dag.py:3947} INFO - Setting next_dagrun for example_weekday_branch_operator to 2026-06-09 00:00:00+00:00, run_after=2026-06-10 00:00:00+00:00
[2026-06-10T18:02:01.161+0000] {processor.py:183} INFO - Processing /home/airflow/.local/lib/python3.12/site-packages/airflow/example_dags/example_branch_day_of_week_operator.py took 0.064 seconds
[2026-06-10T18:02:31.695+0000] {processor.py:161} INFO - Started process (PID=1333) to work on /home/airflow/.local/lib/python3.12/site-packages/airflow/example_dags/example_branch_day_of_week_operator.py
[2026-06-10T18:02:31.696+0000] {processor.py:830} INFO - Processing file /home/airflow/.local/lib/python3.12/site-packages/airflow/example_dags/example_branch_day_of_week_operator.py for tasks to queue
[2026-06-10T18:02:31.697+0000] {logging_mixin.py:188} INFO - [2026-06-10T18:02:31.697+0000] {dagbag.py:545} INFO - Filling up the DagBag from /home/airflow/.local/lib/python3.12/site-packages/airflow/example_dags/example_branch_day_of_week_operator.py
[2026-06-10T18:02:31.703+0000] {processor.py:840} INFO - DAG(s) 'example_weekday_branch_operator' retrieved from /home/airflow/.local/lib/python3.12/site-packages/airflow/example_dags/example_branch_day_of_week_operator.py
[2026-06-10T18:02:31.720+0000] {logging_mixin.py:188} INFO - [2026-06-10T18:02:31.720+0000] {dag.py:3089} INFO - Sync 1 DAGs
[2026-06-10T18:02:31.739+0000] {logging_mixin.py:188} INFO - [2026-06-10T18:02:31.738+0000] {dag.py:3947} INFO - Setting next_dagrun for example_weekday_branch_operator to 2026-06-09 00:00:00+00:00, run_after=2026-06-10 00:00:00+00:00
[2026-06-10T18:02:31.753+0000] {processor.py:183} INFO - Processing /home/airflow/.local/lib/python3.12/site-packages/airflow/example_dags/example_branch_day_of_week_operator.py took 0.062 seconds
[2026-06-10T18:03:02.025+0000] {processor.py:161} INFO - Started process (PID=1394) to work on /home/airflow/.local/lib/python3.12/site-packages/airflow/example_dags/example_branch_day_of_week_operator.py
[2026-06-10T18:03:02.026+0000] {processor.py:830} INFO - Processing file /home/airflow/.local/lib/python3.12/site-packages/airflow/example_dags/example_branch_day_of_week_operator.py for tasks to queue
[2026-06-10T18:03:02.027+0000] {logging_mixin.py:188} INFO - [2026-06-10T18:03:02.027+0000] {dagbag.py:545} INFO - Filling up the DagBag from /home/airflow/.local/lib/python3.12/site-packages/airflow/example_dags/example_branch_day_of_week_operator.py
[2026-06-10T18:03:02.034+0000] {processor.py:840} INFO - DAG(s) 'example_weekday_branch_operator' retrieved from /home/airflow/.local/lib/python3.12/site-packages/airflow/example_dags/example_branch_day_of_week_operator.py
[2026-06-10T18:03:02.050+0000] {logging_mixin.py:188} INFO - [2026-06-10T18:03:02.050+0000] {dag.py:3089} INFO - Sync 1 DAGs
[2026-06-10T18:03:02.070+0000] {logging_mixin.py:188} INFO - [2026-06-10T18:03:02.069+0000] {dag.py:3947} INFO - Setting next_dagrun for example_weekday_branch_operator to 2026-06-09 00:00:00+00:00, run_after=2026-06-10 00:00:00+00:00
[2026-06-10T18:03:02.088+0000] {processor.py:183} INFO - Processing /home/airflow/.local/lib/python3.12/site-packages/airflow/example_dags/example_branch_day_of_week_operator.py took 0.068 seconds
[2026-06-10T18:03:32.508+0000] {processor.py:161} INFO - Started process (PID=1461) to work on /home/airflow/.local/lib/python3.12/site-packages/airflow/example_dags/example_branch_day_of_week_operator.py
[2026-06-10T18:03:32.509+0000] {processor.py:830} INFO - Processing file /home/airflow/.local/lib/python3.12/site-packages/airflow/example_dags/example_branch_day_of_week_operator.py for tasks to queue
[2026-06-10T18:03:32.510+0000] {logging_mixin.py:188} INFO - [2026-06-10T18:03:32.510+0000] {dagbag.py:545} INFO - Filling up the DagBag from /home/airflow/.local/lib/python3.12/site-packages/airflow/example_dags/example_branch_day_of_week_operator.py
[2026-06-10T18:03:32.517+0000] {processor.py:840} INFO - DAG(s) 'example_weekday_branch_operator' retrieved from /home/airflow/.local/lib/python3.12/site-packages/airflow/example_dags/example_branch_day_of_week_operator.py
[2026-06-10T18:03:32.534+0000] {logging_mixin.py:188} INFO - [2026-06-10T18:03:32.533+0000] {dag.py:3089} INFO - Sync 1 DAGs
[2026-06-10T18:03:32.552+0000] {logging_mixin.py:188} INFO - [2026-06-10T18:03:32.552+0000] {dag.py:3947} INFO - Setting next_dagrun for example_weekday_branch_operator to 2026-06-09 00:00:00+00:00, run_after=2026-06-10 00:00:00+00:00
[2026-06-10T18:03:32.567+0000] {processor.py:183} INFO - Processing /home/airflow/.local/lib/python3.12/site-packages/airflow/example_dags/example_branch_day_of_week_operator.py took 0.064 seconds
[2026-06-10T18:04:03.029+0000] {processor.py:161} INFO - Started process (PID=1522) to work on /home/airflow/.local/lib/python3.12/site-packages/airflow/example_dags/example_branch_day_of_week_operator.py
[2026-06-10T18:04:03.029+0000] {processor.py:830} INFO - Processing file /home/airflow/.local/lib/python3.12/site-packages/airflow/example_dags/example_branch_day_of_week_operator.py for tasks to queue
[2026-06-10T18:04:03.030+0000] {logging_mixin.py:188} INFO - [2026-06-10T18:04:03.030+0000] {dagbag.py:545} INFO - Filling up the DagBag from /home/airflow/.local/lib/python3.12/site-packages/airflow/example_dags/example_branch_day_of_week_operator.py
[2026-06-10T18:04:03.037+0000] {processor.py:840} INFO - DAG(s) 'example_weekday_branch_operator' retrieved from /home/airflow/.local/lib/python3.12/site-packages/airflow/example_dags/example_branch_day_of_week_operator.py
[2026-06-10T18:04:03.054+0000] {logging_mixin.py:188} INFO - [2026-06-10T18:04:03.053+0000] {dag.py:3089} INFO - Sync 1 DAGs
[2026-06-10T18:04:03.073+0000] {logging_mixin.py:188} INFO - [2026-06-10T18:04:03.073+0000] {dag.py:3947} INFO - Setting next_dagrun for example_weekday_branch_operator to 2026-06-09 00:00:00+00:00, run_after=2026-06-10 00:00:00+00:00
[2026-06-10T18:04:03.088+0000] {processor.py:183} INFO - Processing /home/airflow/.local/lib/python3.12/site-packages/airflow/example_dags/example_branch_day_of_week_operator.py took 0.063 seconds
[2026-06-10T18:04:33.503+0000] {processor.py:161} INFO - Started process (PID=1583) to work on /home/airflow/.local/lib/python3.12/site-packages/airflow/example_dags/example_branch_day_of_week_operator.py
[2026-06-10T18:04:33.504+0000] {processor.py:830} INFO - Processing file /home/airflow/.local/lib/python3.12/site-packages/airflow/example_dags/example_branch_day_of_week_operator.py for tasks to queue
[2026-06-10T18:04:33.505+0000] {logging_mixin.py:188} INFO - [2026-06-10T18:04:33.505+0000] {dagbag.py:545} INFO - Filling up the DagBag from /home/airflow/.local/lib/python3.12/site-packages/airflow/example_dags/example_branch_day_of_week_operator.py
[2026-06-10T18:04:33.512+0000] {processor.py:840} INFO - DAG(s) 'example_weekday_branch_operator' retrieved from /home/airflow/.local/lib/python3.12/site-packages/airflow/example_dags/example_branch_day_of_week_operator.py
[2026-06-10T18:04:33.528+0000] {logging_mixin.py:188} INFO - [2026-06-10T18:04:33.528+0000] {dag.py:3089} INFO - Sync 1 DAGs
[2026-06-10T18:04:33.547+0000] {logging_mixin.py:188} INFO - [2026-06-10T18:04:33.547+0000] {dag.py:3947} INFO - Setting next_dagrun for example_weekday_branch_operator to 2026-06-09 00:00:00+00:00, run_after=2026-06-10 00:00:00+00:00
[2026-06-10T18:04:33.563+0000] {processor.py:183} INFO - Processing /home/airflow/.local/lib/python3.12/site-packages/airflow/example_dags/example_branch_day_of_week_operator.py took 0.065 seconds
[2026-06-10T18:05:04.274+0000] {processor.py:161} INFO - Started process (PID=1644) to work on /home/airflow/.local/lib/python3.12/site-packages/airflow/example_dags/example_branch_day_of_week_operator.py
[2026-06-10T18:05:04.275+0000] {processor.py:830} INFO - Processing file /home/airflow/.local/lib/python3.12/site-packages/airflow/example_dags/example_branch_day_of_week_operator.py for tasks to queue
[2026-06-10T18:05:04.276+0000] {logging_mixin.py:188} INFO - [2026-06-10T18:05:04.276+0000] {dagbag.py:545} INFO - Filling up the DagBag from /home/airflow/.local/lib/python3.12/site-packages/airflow/example_dags/example_branch_day_of_week_operator.py
[2026-06-10T18:05:04.282+0000] {processor.py:840} INFO - DAG(s) 'example_weekday_branch_operator' retrieved from /home/airflow/.local/lib/python3.12/site-packages/airflow/example_dags/example_branch_day_of_week_operator.py
[2026-06-10T18:05:04.299+0000] {logging_mixin.py:188} INFO - [2026-06-10T18:05:04.298+0000] {dag.py:3089} INFO - Sync 1 DAGs
[2026-06-10T18:05:04.317+0000] {logging_mixin.py:188} INFO - [2026-06-10T18:05:04.317+0000] {dag.py:3947} INFO - Setting next_dagrun for example_weekday_branch_operator to 2026-06-09 00:00:00+00:00, run_after=2026-06-10 00:00:00+00:00
[2026-06-10T18:05:04.331+0000] {processor.py:183} INFO - Processing /home/airflow/.local/lib/python3.12/site-packages/airflow/example_dags/example_branch_day_of_week_operator.py took 0.061 seconds
[2026-06-10T18:05:34.815+0000] {processor.py:161} INFO - Started process (PID=1705) to work on /home/airflow/.local/lib/python3.12/site-packages/airflow/example_dags/example_branch_day_of_week_operator.py
[2026-06-10T18:05:34.817+0000] {processor.py:830} INFO - Processing file /home/airflow/.local/lib/python3.12/site-packages/airflow/example_dags/example_branch_day_of_week_operator.py for tasks to queue
[2026-06-10T18:05:34.818+0000] {logging_mixin.py:188} INFO - [2026-06-10T18:05:34.818+0000] {dagbag.py:545} INFO - Filling up the DagBag from /home/airflow/.local/lib/python3.12/site-packages/airflow/example_dags/example_branch_day_of_week_operator.py
[2026-06-10T18:05:34.825+0000] {processor.py:840} INFO - DAG(s) 'example_weekday_branch_operator' retrieved from /home/airflow/.local/lib/python3.12/site-packages/airflow/example_dags/example_branch_day_of_week_operator.py
[2026-06-10T18:05:34.842+0000] {logging_mixin.py:188} INFO - [2026-06-10T18:05:34.841+0000] {dag.py:3089} INFO - Sync 1 DAGs
[2026-06-10T18:05:34.861+0000] {logging_mixin.py:188} INFO - [2026-06-10T18:05:34.861+0000] {dag.py:3947} INFO - Setting next_dagrun for example_weekday_branch_operator to 2026-06-09 00:00:00+00:00, run_after=2026-06-10 00:00:00+00:00
[2026-06-10T18:05:34.876+0000] {processor.py:183} INFO - Processing /home/airflow/.local/lib/python3.12/site-packages/airflow/example_dags/example_branch_day_of_week_operator.py took 0.065 seconds
