[2026-06-10T17:52:07.191+0000] {processor.py:161} INFO - Started process (PID=93) to work on /home/airflow/.local/lib/python3.12/site-packages/airflow/example_dags/example_task_group_decorator.py
[2026-06-10T17:52:07.192+0000] {processor.py:830} INFO - Processing file /home/airflow/.local/lib/python3.12/site-packages/airflow/example_dags/example_task_group_decorator.py for tasks to queue
[2026-06-10T17:52:07.193+0000] {logging_mixin.py:188} INFO - [2026-06-10T17:52:07.193+0000] {dagbag.py:545} INFO - Filling up the DagBag from /home/airflow/.local/lib/python3.12/site-packages/airflow/example_dags/example_task_group_decorator.py
[2026-06-10T17:52:07.580+0000] {processor.py:840} INFO - DAG(s) 'example_task_group_decorator' retrieved from /home/airflow/.local/lib/python3.12/site-packages/airflow/example_dags/example_task_group_decorator.py
[2026-06-10T17:52:07.963+0000] {logging_mixin.py:188} INFO - [2026-06-10T17:52:07.963+0000] {override.py:1858} INFO - Created Permission View: can edit on DAG:example_task_group_decorator
[2026-06-10T17:52:07.979+0000] {logging_mixin.py:188} INFO - [2026-06-10T17:52:07.979+0000] {override.py:1858} INFO - Created Permission View: can read on DAG:example_task_group_decorator
[2026-06-10T17:52:07.989+0000] {logging_mixin.py:188} INFO - [2026-06-10T17:52:07.989+0000] {override.py:1858} INFO - Created Permission View: can delete on DAG:example_task_group_decorator
[2026-06-10T17:52:07.990+0000] {logging_mixin.py:188} INFO - [2026-06-10T17:52:07.990+0000] {dag.py:3089} INFO - Sync 1 DAGs
[2026-06-10T17:52:07.999+0000] {logging_mixin.py:188} INFO - [2026-06-10T17:52:07.999+0000] {dag.py:3111} INFO - Creating ORM DAG for example_task_group_decorator
[2026-06-10T17:52:08.007+0000] {logging_mixin.py:188} INFO - [2026-06-10T17:52:08.007+0000] {dag.py:3947} INFO - Setting next_dagrun for example_task_group_decorator to 2026-06-09 00:00:00+00:00, run_after=2026-06-10 00:00:00+00:00
[2026-06-10T17:52:08.034+0000] {processor.py:183} INFO - Processing /home/airflow/.local/lib/python3.12/site-packages/airflow/example_dags/example_task_group_decorator.py took 0.847 seconds
[2026-06-10T17:52:38.910+0000] {processor.py:161} INFO - Started process (PID=154) to work on /home/airflow/.local/lib/python3.12/site-packages/airflow/example_dags/example_task_group_decorator.py
[2026-06-10T17:52:38.911+0000] {processor.py:830} INFO - Processing file /home/airflow/.local/lib/python3.12/site-packages/airflow/example_dags/example_task_group_decorator.py for tasks to queue
[2026-06-10T17:52:38.913+0000] {logging_mixin.py:188} INFO - [2026-06-10T17:52:38.913+0000] {dagbag.py:545} INFO - Filling up the DagBag from /home/airflow/.local/lib/python3.12/site-packages/airflow/example_dags/example_task_group_decorator.py
[2026-06-10T17:52:38.927+0000] {processor.py:840} INFO - DAG(s) 'example_task_group_decorator' retrieved from /home/airflow/.local/lib/python3.12/site-packages/airflow/example_dags/example_task_group_decorator.py
[2026-06-10T17:52:38.950+0000] {logging_mixin.py:188} INFO - [2026-06-10T17:52:38.950+0000] {dag.py:3089} INFO - Sync 1 DAGs
[2026-06-10T17:52:38.969+0000] {logging_mixin.py:188} INFO - [2026-06-10T17:52:38.969+0000] {dag.py:3947} INFO - Setting next_dagrun for example_task_group_decorator to 2026-06-09 00:00:00+00:00, run_after=2026-06-10 00:00:00+00:00
[2026-06-10T17:52:39.330+0000] {processor.py:183} INFO - Processing /home/airflow/.local/lib/python3.12/site-packages/airflow/example_dags/example_task_group_decorator.py took 0.425 seconds
[2026-06-10T17:53:09.597+0000] {processor.py:161} INFO - Started process (PID=215) to work on /home/airflow/.local/lib/python3.12/site-packages/airflow/example_dags/example_task_group_decorator.py
[2026-06-10T17:53:09.598+0000] {processor.py:830} INFO - Processing file /home/airflow/.local/lib/python3.12/site-packages/airflow/example_dags/example_task_group_decorator.py for tasks to queue
[2026-06-10T17:53:09.599+0000] {logging_mixin.py:188} INFO - [2026-06-10T17:53:09.599+0000] {dagbag.py:545} INFO - Filling up the DagBag from /home/airflow/.local/lib/python3.12/site-packages/airflow/example_dags/example_task_group_decorator.py
[2026-06-10T17:53:09.613+0000] {processor.py:840} INFO - DAG(s) 'example_task_group_decorator' retrieved from /home/airflow/.local/lib/python3.12/site-packages/airflow/example_dags/example_task_group_decorator.py
[2026-06-10T17:53:09.634+0000] {logging_mixin.py:188} INFO - [2026-06-10T17:53:09.634+0000] {dag.py:3089} INFO - Sync 1 DAGs
[2026-06-10T17:53:09.653+0000] {logging_mixin.py:188} INFO - [2026-06-10T17:53:09.653+0000] {dag.py:3947} INFO - Setting next_dagrun for example_task_group_decorator to 2026-06-09 00:00:00+00:00, run_after=2026-06-10 00:00:00+00:00
[2026-06-10T17:53:09.675+0000] {processor.py:183} INFO - Processing /home/airflow/.local/lib/python3.12/site-packages/airflow/example_dags/example_task_group_decorator.py took 0.082 seconds
[2026-06-10T17:53:40.153+0000] {processor.py:161} INFO - Started process (PID=276) to work on /home/airflow/.local/lib/python3.12/site-packages/airflow/example_dags/example_task_group_decorator.py
[2026-06-10T17:53:40.154+0000] {processor.py:830} INFO - Processing file /home/airflow/.local/lib/python3.12/site-packages/airflow/example_dags/example_task_group_decorator.py for tasks to queue
[2026-06-10T17:53:40.155+0000] {logging_mixin.py:188} INFO - [2026-06-10T17:53:40.155+0000] {dagbag.py:545} INFO - Filling up the DagBag from /home/airflow/.local/lib/python3.12/site-packages/airflow/example_dags/example_task_group_decorator.py
[2026-06-10T17:53:40.170+0000] {processor.py:840} INFO - DAG(s) 'example_task_group_decorator' retrieved from /home/airflow/.local/lib/python3.12/site-packages/airflow/example_dags/example_task_group_decorator.py
[2026-06-10T17:53:40.192+0000] {logging_mixin.py:188} INFO - [2026-06-10T17:53:40.192+0000] {dag.py:3089} INFO - Sync 1 DAGs
[2026-06-10T17:53:40.211+0000] {logging_mixin.py:188} INFO - [2026-06-10T17:53:40.211+0000] {dag.py:3947} INFO - Setting next_dagrun for example_task_group_decorator to 2026-06-09 00:00:00+00:00, run_after=2026-06-10 00:00:00+00:00
[2026-06-10T17:53:40.228+0000] {processor.py:183} INFO - Processing /home/airflow/.local/lib/python3.12/site-packages/airflow/example_dags/example_task_group_decorator.py took 0.079 seconds
[2026-06-10T17:54:10.467+0000] {processor.py:161} INFO - Started process (PID=337) to work on /home/airflow/.local/lib/python3.12/site-packages/airflow/example_dags/example_task_group_decorator.py
[2026-06-10T17:54:10.468+0000] {processor.py:830} INFO - Processing file /home/airflow/.local/lib/python3.12/site-packages/airflow/example_dags/example_task_group_decorator.py for tasks to queue
[2026-06-10T17:54:10.470+0000] {logging_mixin.py:188} INFO - [2026-06-10T17:54:10.469+0000] {dagbag.py:545} INFO - Filling up the DagBag from /home/airflow/.local/lib/python3.12/site-packages/airflow/example_dags/example_task_group_decorator.py
[2026-06-10T17:54:10.486+0000] {processor.py:840} INFO - DAG(s) 'example_task_group_decorator' retrieved from /home/airflow/.local/lib/python3.12/site-packages/airflow/example_dags/example_task_group_decorator.py
[2026-06-10T17:54:10.507+0000] {logging_mixin.py:188} INFO - [2026-06-10T17:54:10.507+0000] {dag.py:3089} INFO - Sync 1 DAGs
[2026-06-10T17:54:10.525+0000] {logging_mixin.py:188} INFO - [2026-06-10T17:54:10.525+0000] {dag.py:3947} INFO - Setting next_dagrun for example_task_group_decorator to 2026-06-09 00:00:00+00:00, run_after=2026-06-10 00:00:00+00:00
[2026-06-10T17:54:10.540+0000] {processor.py:183} INFO - Processing /home/airflow/.local/lib/python3.12/site-packages/airflow/example_dags/example_task_group_decorator.py took 0.080 seconds
[2026-06-10T17:54:41.160+0000] {processor.py:161} INFO - Started process (PID=398) to work on /home/airflow/.local/lib/python3.12/site-packages/airflow/example_dags/example_task_group_decorator.py
[2026-06-10T17:54:41.161+0000] {processor.py:830} INFO - Processing file /home/airflow/.local/lib/python3.12/site-packages/airflow/example_dags/example_task_group_decorator.py for tasks to queue
[2026-06-10T17:54:41.163+0000] {logging_mixin.py:188} INFO - [2026-06-10T17:54:41.163+0000] {dagbag.py:545} INFO - Filling up the DagBag from /home/airflow/.local/lib/python3.12/site-packages/airflow/example_dags/example_task_group_decorator.py
[2026-06-10T17:54:41.178+0000] {processor.py:840} INFO - DAG(s) 'example_task_group_decorator' retrieved from /home/airflow/.local/lib/python3.12/site-packages/airflow/example_dags/example_task_group_decorator.py
[2026-06-10T17:54:41.200+0000] {logging_mixin.py:188} INFO - [2026-06-10T17:54:41.199+0000] {dag.py:3089} INFO - Sync 1 DAGs
[2026-06-10T17:54:41.218+0000] {logging_mixin.py:188} INFO - [2026-06-10T17:54:41.217+0000] {dag.py:3947} INFO - Setting next_dagrun for example_task_group_decorator to 2026-06-09 00:00:00+00:00, run_after=2026-06-10 00:00:00+00:00
[2026-06-10T17:54:41.232+0000] {processor.py:183} INFO - Processing /home/airflow/.local/lib/python3.12/site-packages/airflow/example_dags/example_task_group_decorator.py took 0.079 seconds
[2026-06-10T17:55:11.416+0000] {processor.py:161} INFO - Started process (PID=459) to work on /home/airflow/.local/lib/python3.12/site-packages/airflow/example_dags/example_task_group_decorator.py
[2026-06-10T17:55:11.417+0000] {processor.py:830} INFO - Processing file /home/airflow/.local/lib/python3.12/site-packages/airflow/example_dags/example_task_group_decorator.py for tasks to queue
[2026-06-10T17:55:11.419+0000] {logging_mixin.py:188} INFO - [2026-06-10T17:55:11.419+0000] {dagbag.py:545} INFO - Filling up the DagBag from /home/airflow/.local/lib/python3.12/site-packages/airflow/example_dags/example_task_group_decorator.py
[2026-06-10T17:55:11.434+0000] {processor.py:840} INFO - DAG(s) 'example_task_group_decorator' retrieved from /home/airflow/.local/lib/python3.12/site-packages/airflow/example_dags/example_task_group_decorator.py
[2026-06-10T17:55:11.454+0000] {logging_mixin.py:188} INFO - [2026-06-10T17:55:11.454+0000] {dag.py:3089} INFO - Sync 1 DAGs
[2026-06-10T17:55:11.472+0000] {logging_mixin.py:188} INFO - [2026-06-10T17:55:11.472+0000] {dag.py:3947} INFO - Setting next_dagrun for example_task_group_decorator to 2026-06-09 00:00:00+00:00, run_after=2026-06-10 00:00:00+00:00
[2026-06-10T17:55:11.487+0000] {processor.py:183} INFO - Processing /home/airflow/.local/lib/python3.12/site-packages/airflow/example_dags/example_task_group_decorator.py took 0.077 seconds
[2026-06-10T17:55:41.826+0000] {processor.py:161} INFO - Started process (PID=520) to work on /home/airflow/.local/lib/python3.12/site-packages/airflow/example_dags/example_task_group_decorator.py
[2026-06-10T17:55:41.827+0000] {processor.py:830} INFO - Processing file /home/airflow/.local/lib/python3.12/site-packages/airflow/example_dags/example_task_group_decorator.py for tasks to queue
[2026-06-10T17:55:41.828+0000] {logging_mixin.py:188} INFO - [2026-06-10T17:55:41.828+0000] {dagbag.py:545} INFO - Filling up the DagBag from /home/airflow/.local/lib/python3.12/site-packages/airflow/example_dags/example_task_group_decorator.py
[2026-06-10T17:55:41.843+0000] {processor.py:840} INFO - DAG(s) 'example_task_group_decorator' retrieved from /home/airflow/.local/lib/python3.12/site-packages/airflow/example_dags/example_task_group_decorator.py
[2026-06-10T17:55:41.865+0000] {logging_mixin.py:188} INFO - [2026-06-10T17:55:41.865+0000] {dag.py:3089} INFO - Sync 1 DAGs
[2026-06-10T17:55:41.884+0000] {logging_mixin.py:188} INFO - [2026-06-10T17:55:41.883+0000] {dag.py:3947} INFO - Setting next_dagrun for example_task_group_decorator to 2026-06-09 00:00:00+00:00, run_after=2026-06-10 00:00:00+00:00
[2026-06-10T17:55:41.899+0000] {processor.py:183} INFO - Processing /home/airflow/.local/lib/python3.12/site-packages/airflow/example_dags/example_task_group_decorator.py took 0.080 seconds
[2026-06-10T17:56:11.962+0000] {processor.py:161} INFO - Started process (PID=581) to work on /home/airflow/.local/lib/python3.12/site-packages/airflow/example_dags/example_task_group_decorator.py
[2026-06-10T17:56:11.963+0000] {processor.py:830} INFO - Processing file /home/airflow/.local/lib/python3.12/site-packages/airflow/example_dags/example_task_group_decorator.py for tasks to queue
[2026-06-10T17:56:11.965+0000] {logging_mixin.py:188} INFO - [2026-06-10T17:56:11.965+0000] {dagbag.py:545} INFO - Filling up the DagBag from /home/airflow/.local/lib/python3.12/site-packages/airflow/example_dags/example_task_group_decorator.py
[2026-06-10T17:56:11.980+0000] {processor.py:840} INFO - DAG(s) 'example_task_group_decorator' retrieved from /home/airflow/.local/lib/python3.12/site-packages/airflow/example_dags/example_task_group_decorator.py
[2026-06-10T17:56:12.001+0000] {logging_mixin.py:188} INFO - [2026-06-10T17:56:12.000+0000] {dag.py:3089} INFO - Sync 1 DAGs
[2026-06-10T17:56:12.019+0000] {logging_mixin.py:188} INFO - [2026-06-10T17:56:12.019+0000] {dag.py:3947} INFO - Setting next_dagrun for example_task_group_decorator to 2026-06-09 00:00:00+00:00, run_after=2026-06-10 00:00:00+00:00
[2026-06-10T17:56:12.035+0000] {processor.py:183} INFO - Processing /home/airflow/.local/lib/python3.12/site-packages/airflow/example_dags/example_task_group_decorator.py took 0.080 seconds
[2026-06-10T17:56:42.095+0000] {processor.py:161} INFO - Started process (PID=642) to work on /home/airflow/.local/lib/python3.12/site-packages/airflow/example_dags/example_task_group_decorator.py
[2026-06-10T17:56:42.095+0000] {processor.py:830} INFO - Processing file /home/airflow/.local/lib/python3.12/site-packages/airflow/example_dags/example_task_group_decorator.py for tasks to queue
[2026-06-10T17:56:42.096+0000] {logging_mixin.py:188} INFO - [2026-06-10T17:56:42.096+0000] {dagbag.py:545} INFO - Filling up the DagBag from /home/airflow/.local/lib/python3.12/site-packages/airflow/example_dags/example_task_group_decorator.py
[2026-06-10T17:56:42.109+0000] {processor.py:840} INFO - DAG(s) 'example_task_group_decorator' retrieved from /home/airflow/.local/lib/python3.12/site-packages/airflow/example_dags/example_task_group_decorator.py
[2026-06-10T17:56:42.130+0000] {logging_mixin.py:188} INFO - [2026-06-10T17:56:42.129+0000] {dag.py:3089} INFO - Sync 1 DAGs
[2026-06-10T17:56:42.148+0000] {logging_mixin.py:188} INFO - [2026-06-10T17:56:42.148+0000] {dag.py:3947} INFO - Setting next_dagrun for example_task_group_decorator to 2026-06-09 00:00:00+00:00, run_after=2026-06-10 00:00:00+00:00
[2026-06-10T17:56:42.162+0000] {processor.py:183} INFO - Processing /home/airflow/.local/lib/python3.12/site-packages/airflow/example_dags/example_task_group_decorator.py took 0.072 seconds
[2026-06-10T17:57:12.282+0000] {processor.py:161} INFO - Started process (PID=703) to work on /home/airflow/.local/lib/python3.12/site-packages/airflow/example_dags/example_task_group_decorator.py
[2026-06-10T17:57:12.525+0000] {processor.py:830} INFO - Processing file /home/airflow/.local/lib/python3.12/site-packages/airflow/example_dags/example_task_group_decorator.py for tasks to queue
[2026-06-10T17:57:12.530+0000] {logging_mixin.py:188} INFO - [2026-06-10T17:57:12.529+0000] {dagbag.py:545} INFO - Filling up the DagBag from /home/airflow/.local/lib/python3.12/site-packages/airflow/example_dags/example_task_group_decorator.py
[2026-06-10T17:57:12.565+0000] {processor.py:840} INFO - DAG(s) 'example_task_group_decorator' retrieved from /home/airflow/.local/lib/python3.12/site-packages/airflow/example_dags/example_task_group_decorator.py
[2026-06-10T17:57:12.588+0000] {logging_mixin.py:188} INFO - [2026-06-10T17:57:12.587+0000] {dag.py:3089} INFO - Sync 1 DAGs
[2026-06-10T17:57:12.606+0000] {logging_mixin.py:188} INFO - [2026-06-10T17:57:12.606+0000] {dag.py:3947} INFO - Setting next_dagrun for example_task_group_decorator to 2026-06-09 00:00:00+00:00, run_after=2026-06-10 00:00:00+00:00
[2026-06-10T17:57:12.625+0000] {processor.py:183} INFO - Processing /home/airflow/.local/lib/python3.12/site-packages/airflow/example_dags/example_task_group_decorator.py took 0.350 seconds
[2026-06-10T17:57:43.343+0000] {processor.py:161} INFO - Started process (PID=764) to work on /home/airflow/.local/lib/python3.12/site-packages/airflow/example_dags/example_task_group_decorator.py
[2026-06-10T17:57:43.344+0000] {processor.py:830} INFO - Processing file /home/airflow/.local/lib/python3.12/site-packages/airflow/example_dags/example_task_group_decorator.py for tasks to queue
[2026-06-10T17:57:43.346+0000] {logging_mixin.py:188} INFO - [2026-06-10T17:57:43.345+0000] {dagbag.py:545} INFO - Filling up the DagBag from /home/airflow/.local/lib/python3.12/site-packages/airflow/example_dags/example_task_group_decorator.py
[2026-06-10T17:57:43.361+0000] {processor.py:840} INFO - DAG(s) 'example_task_group_decorator' retrieved from /home/airflow/.local/lib/python3.12/site-packages/airflow/example_dags/example_task_group_decorator.py
[2026-06-10T17:57:43.385+0000] {logging_mixin.py:188} INFO - [2026-06-10T17:57:43.384+0000] {dag.py:3089} INFO - Sync 1 DAGs
[2026-06-10T17:57:43.403+0000] {logging_mixin.py:188} INFO - [2026-06-10T17:57:43.403+0000] {dag.py:3947} INFO - Setting next_dagrun for example_task_group_decorator to 2026-06-09 00:00:00+00:00, run_after=2026-06-10 00:00:00+00:00
[2026-06-10T17:57:43.417+0000] {processor.py:183} INFO - Processing /home/airflow/.local/lib/python3.12/site-packages/airflow/example_dags/example_task_group_decorator.py took 0.080 seconds
[2026-06-10T17:58:13.837+0000] {processor.py:161} INFO - Started process (PID=825) to work on /home/airflow/.local/lib/python3.12/site-packages/airflow/example_dags/example_task_group_decorator.py
[2026-06-10T17:58:13.838+0000] {processor.py:830} INFO - Processing file /home/airflow/.local/lib/python3.12/site-packages/airflow/example_dags/example_task_group_decorator.py for tasks to queue
[2026-06-10T17:58:13.839+0000] {logging_mixin.py:188} INFO - [2026-06-10T17:58:13.839+0000] {dagbag.py:545} INFO - Filling up the DagBag from /home/airflow/.local/lib/python3.12/site-packages/airflow/example_dags/example_task_group_decorator.py
[2026-06-10T17:58:13.853+0000] {processor.py:840} INFO - DAG(s) 'example_task_group_decorator' retrieved from /home/airflow/.local/lib/python3.12/site-packages/airflow/example_dags/example_task_group_decorator.py
[2026-06-10T17:58:13.875+0000] {logging_mixin.py:188} INFO - [2026-06-10T17:58:13.875+0000] {dag.py:3089} INFO - Sync 1 DAGs
[2026-06-10T17:58:13.896+0000] {logging_mixin.py:188} INFO - [2026-06-10T17:58:13.896+0000] {dag.py:3947} INFO - Setting next_dagrun for example_task_group_decorator to 2026-06-09 00:00:00+00:00, run_after=2026-06-10 00:00:00+00:00
[2026-06-10T17:58:13.913+0000] {processor.py:183} INFO - Processing /home/airflow/.local/lib/python3.12/site-packages/airflow/example_dags/example_task_group_decorator.py took 0.081 seconds
[2026-06-10T17:58:44.275+0000] {processor.py:161} INFO - Started process (PID=886) to work on /home/airflow/.local/lib/python3.12/site-packages/airflow/example_dags/example_task_group_decorator.py
[2026-06-10T17:58:44.275+0000] {processor.py:830} INFO - Processing file /home/airflow/.local/lib/python3.12/site-packages/airflow/example_dags/example_task_group_decorator.py for tasks to queue
[2026-06-10T17:58:44.277+0000] {logging_mixin.py:188} INFO - [2026-06-10T17:58:44.277+0000] {dagbag.py:545} INFO - Filling up the DagBag from /home/airflow/.local/lib/python3.12/site-packages/airflow/example_dags/example_task_group_decorator.py
[2026-06-10T17:58:44.292+0000] {processor.py:840} INFO - DAG(s) 'example_task_group_decorator' retrieved from /home/airflow/.local/lib/python3.12/site-packages/airflow/example_dags/example_task_group_decorator.py
[2026-06-10T17:58:44.313+0000] {logging_mixin.py:188} INFO - [2026-06-10T17:58:44.313+0000] {dag.py:3089} INFO - Sync 1 DAGs
[2026-06-10T17:58:44.467+0000] {logging_mixin.py:188} INFO - [2026-06-10T17:58:44.466+0000] {dag.py:3947} INFO - Setting next_dagrun for example_task_group_decorator to 2026-06-09 00:00:00+00:00, run_after=2026-06-10 00:00:00+00:00
[2026-06-10T17:58:44.480+0000] {processor.py:183} INFO - Processing /home/airflow/.local/lib/python3.12/site-packages/airflow/example_dags/example_task_group_decorator.py took 0.213 seconds
[2026-06-10T17:59:14.565+0000] {processor.py:161} INFO - Started process (PID=947) to work on /home/airflow/.local/lib/python3.12/site-packages/airflow/example_dags/example_task_group_decorator.py
[2026-06-10T17:59:14.568+0000] {processor.py:830} INFO - Processing file /home/airflow/.local/lib/python3.12/site-packages/airflow/example_dags/example_task_group_decorator.py for tasks to queue
[2026-06-10T17:59:14.569+0000] {logging_mixin.py:188} INFO - [2026-06-10T17:59:14.569+0000] {dagbag.py:545} INFO - Filling up the DagBag from /home/airflow/.local/lib/python3.12/site-packages/airflow/example_dags/example_task_group_decorator.py
[2026-06-10T17:59:14.582+0000] {processor.py:840} INFO - DAG(s) 'example_task_group_decorator' retrieved from /home/airflow/.local/lib/python3.12/site-packages/airflow/example_dags/example_task_group_decorator.py
[2026-06-10T17:59:14.604+0000] {logging_mixin.py:188} INFO - [2026-06-10T17:59:14.604+0000] {dag.py:3089} INFO - Sync 1 DAGs
[2026-06-10T17:59:14.625+0000] {logging_mixin.py:188} INFO - [2026-06-10T17:59:14.625+0000] {dag.py:3947} INFO - Setting next_dagrun for example_task_group_decorator to 2026-06-09 00:00:00+00:00, run_after=2026-06-10 00:00:00+00:00
[2026-06-10T17:59:14.838+0000] {processor.py:183} INFO - Processing /home/airflow/.local/lib/python3.12/site-packages/airflow/example_dags/example_task_group_decorator.py took 0.277 seconds
[2026-06-10T17:59:45.118+0000] {processor.py:161} INFO - Started process (PID=1008) to work on /home/airflow/.local/lib/python3.12/site-packages/airflow/example_dags/example_task_group_decorator.py
[2026-06-10T17:59:45.119+0000] {processor.py:830} INFO - Processing file /home/airflow/.local/lib/python3.12/site-packages/airflow/example_dags/example_task_group_decorator.py for tasks to queue
[2026-06-10T17:59:45.121+0000] {logging_mixin.py:188} INFO - [2026-06-10T17:59:45.120+0000] {dagbag.py:545} INFO - Filling up the DagBag from /home/airflow/.local/lib/python3.12/site-packages/airflow/example_dags/example_task_group_decorator.py
[2026-06-10T17:59:45.134+0000] {processor.py:840} INFO - DAG(s) 'example_task_group_decorator' retrieved from /home/airflow/.local/lib/python3.12/site-packages/airflow/example_dags/example_task_group_decorator.py
[2026-06-10T17:59:45.156+0000] {logging_mixin.py:188} INFO - [2026-06-10T17:59:45.156+0000] {dag.py:3089} INFO - Sync 1 DAGs
[2026-06-10T17:59:45.175+0000] {logging_mixin.py:188} INFO - [2026-06-10T17:59:45.175+0000] {dag.py:3947} INFO - Setting next_dagrun for example_task_group_decorator to 2026-06-09 00:00:00+00:00, run_after=2026-06-10 00:00:00+00:00
[2026-06-10T17:59:45.191+0000] {processor.py:183} INFO - Processing /home/airflow/.local/lib/python3.12/site-packages/airflow/example_dags/example_task_group_decorator.py took 0.077 seconds
[2026-06-10T18:00:15.684+0000] {processor.py:161} INFO - Started process (PID=1067) to work on /home/airflow/.local/lib/python3.12/site-packages/airflow/example_dags/example_task_group_decorator.py
[2026-06-10T18:00:15.685+0000] {processor.py:830} INFO - Processing file /home/airflow/.local/lib/python3.12/site-packages/airflow/example_dags/example_task_group_decorator.py for tasks to queue
[2026-06-10T18:00:15.687+0000] {logging_mixin.py:188} INFO - [2026-06-10T18:00:15.686+0000] {dagbag.py:545} INFO - Filling up the DagBag from /home/airflow/.local/lib/python3.12/site-packages/airflow/example_dags/example_task_group_decorator.py
[2026-06-10T18:00:15.701+0000] {processor.py:840} INFO - DAG(s) 'example_task_group_decorator' retrieved from /home/airflow/.local/lib/python3.12/site-packages/airflow/example_dags/example_task_group_decorator.py
[2026-06-10T18:00:15.722+0000] {logging_mixin.py:188} INFO - [2026-06-10T18:00:15.722+0000] {dag.py:3089} INFO - Sync 1 DAGs
[2026-06-10T18:00:15.740+0000] {logging_mixin.py:188} INFO - [2026-06-10T18:00:15.740+0000] {dag.py:3947} INFO - Setting next_dagrun for example_task_group_decorator to 2026-06-09 00:00:00+00:00, run_after=2026-06-10 00:00:00+00:00
[2026-06-10T18:00:15.757+0000] {processor.py:183} INFO - Processing /home/airflow/.local/lib/python3.12/site-packages/airflow/example_dags/example_task_group_decorator.py took 0.080 seconds
[2026-06-10T18:00:45.881+0000] {processor.py:161} INFO - Started process (PID=1129) to work on /home/airflow/.local/lib/python3.12/site-packages/airflow/example_dags/example_task_group_decorator.py
[2026-06-10T18:00:45.882+0000] {processor.py:830} INFO - Processing file /home/airflow/.local/lib/python3.12/site-packages/airflow/example_dags/example_task_group_decorator.py for tasks to queue
[2026-06-10T18:00:45.883+0000] {logging_mixin.py:188} INFO - [2026-06-10T18:00:45.883+0000] {dagbag.py:545} INFO - Filling up the DagBag from /home/airflow/.local/lib/python3.12/site-packages/airflow/example_dags/example_task_group_decorator.py
[2026-06-10T18:00:45.897+0000] {processor.py:840} INFO - DAG(s) 'example_task_group_decorator' retrieved from /home/airflow/.local/lib/python3.12/site-packages/airflow/example_dags/example_task_group_decorator.py
[2026-06-10T18:00:45.918+0000] {logging_mixin.py:188} INFO - [2026-06-10T18:00:45.918+0000] {dag.py:3089} INFO - Sync 1 DAGs
[2026-06-10T18:00:45.936+0000] {logging_mixin.py:188} INFO - [2026-06-10T18:00:45.936+0000] {dag.py:3947} INFO - Setting next_dagrun for example_task_group_decorator to 2026-06-09 00:00:00+00:00, run_after=2026-06-10 00:00:00+00:00
[2026-06-10T18:00:45.951+0000] {processor.py:183} INFO - Processing /home/airflow/.local/lib/python3.12/site-packages/airflow/example_dags/example_task_group_decorator.py took 0.076 seconds
[2026-06-10T18:01:16.464+0000] {processor.py:161} INFO - Started process (PID=1190) to work on /home/airflow/.local/lib/python3.12/site-packages/airflow/example_dags/example_task_group_decorator.py
[2026-06-10T18:01:16.464+0000] {processor.py:830} INFO - Processing file /home/airflow/.local/lib/python3.12/site-packages/airflow/example_dags/example_task_group_decorator.py for tasks to queue
[2026-06-10T18:01:16.466+0000] {logging_mixin.py:188} INFO - [2026-06-10T18:01:16.466+0000] {dagbag.py:545} INFO - Filling up the DagBag from /home/airflow/.local/lib/python3.12/site-packages/airflow/example_dags/example_task_group_decorator.py
[2026-06-10T18:01:16.479+0000] {processor.py:840} INFO - DAG(s) 'example_task_group_decorator' retrieved from /home/airflow/.local/lib/python3.12/site-packages/airflow/example_dags/example_task_group_decorator.py
[2026-06-10T18:01:16.500+0000] {logging_mixin.py:188} INFO - [2026-06-10T18:01:16.500+0000] {dag.py:3089} INFO - Sync 1 DAGs
[2026-06-10T18:01:16.518+0000] {logging_mixin.py:188} INFO - [2026-06-10T18:01:16.518+0000] {dag.py:3947} INFO - Setting next_dagrun for example_task_group_decorator to 2026-06-09 00:00:00+00:00, run_after=2026-06-10 00:00:00+00:00
[2026-06-10T18:01:16.533+0000] {processor.py:183} INFO - Processing /home/airflow/.local/lib/python3.12/site-packages/airflow/example_dags/example_task_group_decorator.py took 0.074 seconds
[2026-06-10T18:01:47.013+0000] {processor.py:161} INFO - Started process (PID=1251) to work on /home/airflow/.local/lib/python3.12/site-packages/airflow/example_dags/example_task_group_decorator.py
[2026-06-10T18:01:47.014+0000] {processor.py:830} INFO - Processing file /home/airflow/.local/lib/python3.12/site-packages/airflow/example_dags/example_task_group_decorator.py for tasks to queue
[2026-06-10T18:01:47.016+0000] {logging_mixin.py:188} INFO - [2026-06-10T18:01:47.016+0000] {dagbag.py:545} INFO - Filling up the DagBag from /home/airflow/.local/lib/python3.12/site-packages/airflow/example_dags/example_task_group_decorator.py
[2026-06-10T18:01:47.030+0000] {processor.py:840} INFO - DAG(s) 'example_task_group_decorator' retrieved from /home/airflow/.local/lib/python3.12/site-packages/airflow/example_dags/example_task_group_decorator.py
[2026-06-10T18:01:47.051+0000] {logging_mixin.py:188} INFO - [2026-06-10T18:01:47.051+0000] {dag.py:3089} INFO - Sync 1 DAGs
[2026-06-10T18:01:47.070+0000] {logging_mixin.py:188} INFO - [2026-06-10T18:01:47.069+0000] {dag.py:3947} INFO - Setting next_dagrun for example_task_group_decorator to 2026-06-09 00:00:00+00:00, run_after=2026-06-10 00:00:00+00:00
[2026-06-10T18:01:47.084+0000] {processor.py:183} INFO - Processing /home/airflow/.local/lib/python3.12/site-packages/airflow/example_dags/example_task_group_decorator.py took 0.078 seconds
[2026-06-10T18:02:17.598+0000] {processor.py:161} INFO - Started process (PID=1312) to work on /home/airflow/.local/lib/python3.12/site-packages/airflow/example_dags/example_task_group_decorator.py
[2026-06-10T18:02:17.599+0000] {processor.py:830} INFO - Processing file /home/airflow/.local/lib/python3.12/site-packages/airflow/example_dags/example_task_group_decorator.py for tasks to queue
[2026-06-10T18:02:17.601+0000] {logging_mixin.py:188} INFO - [2026-06-10T18:02:17.600+0000] {dagbag.py:545} INFO - Filling up the DagBag from /home/airflow/.local/lib/python3.12/site-packages/airflow/example_dags/example_task_group_decorator.py
[2026-06-10T18:02:17.615+0000] {processor.py:840} INFO - DAG(s) 'example_task_group_decorator' retrieved from /home/airflow/.local/lib/python3.12/site-packages/airflow/example_dags/example_task_group_decorator.py
[2026-06-10T18:02:17.636+0000] {logging_mixin.py:188} INFO - [2026-06-10T18:02:17.636+0000] {dag.py:3089} INFO - Sync 1 DAGs
[2026-06-10T18:02:17.654+0000] {logging_mixin.py:188} INFO - [2026-06-10T18:02:17.654+0000] {dag.py:3947} INFO - Setting next_dagrun for example_task_group_decorator to 2026-06-09 00:00:00+00:00, run_after=2026-06-10 00:00:00+00:00
[2026-06-10T18:02:17.682+0000] {processor.py:183} INFO - Processing /home/airflow/.local/lib/python3.12/site-packages/airflow/example_dags/example_task_group_decorator.py took 0.090 seconds
[2026-06-10T18:02:48.034+0000] {processor.py:161} INFO - Started process (PID=1373) to work on /home/airflow/.local/lib/python3.12/site-packages/airflow/example_dags/example_task_group_decorator.py
[2026-06-10T18:02:48.035+0000] {processor.py:830} INFO - Processing file /home/airflow/.local/lib/python3.12/site-packages/airflow/example_dags/example_task_group_decorator.py for tasks to queue
[2026-06-10T18:02:48.037+0000] {logging_mixin.py:188} INFO - [2026-06-10T18:02:48.036+0000] {dagbag.py:545} INFO - Filling up the DagBag from /home/airflow/.local/lib/python3.12/site-packages/airflow/example_dags/example_task_group_decorator.py
[2026-06-10T18:02:48.049+0000] {processor.py:840} INFO - DAG(s) 'example_task_group_decorator' retrieved from /home/airflow/.local/lib/python3.12/site-packages/airflow/example_dags/example_task_group_decorator.py
[2026-06-10T18:02:48.070+0000] {logging_mixin.py:188} INFO - [2026-06-10T18:02:48.070+0000] {dag.py:3089} INFO - Sync 1 DAGs
[2026-06-10T18:02:48.088+0000] {logging_mixin.py:188} INFO - [2026-06-10T18:02:48.088+0000] {dag.py:3947} INFO - Setting next_dagrun for example_task_group_decorator to 2026-06-09 00:00:00+00:00, run_after=2026-06-10 00:00:00+00:00
[2026-06-10T18:02:48.103+0000] {processor.py:183} INFO - Processing /home/airflow/.local/lib/python3.12/site-packages/airflow/example_dags/example_task_group_decorator.py took 0.073 seconds
[2026-06-10T18:03:18.696+0000] {processor.py:161} INFO - Started process (PID=1434) to work on /home/airflow/.local/lib/python3.12/site-packages/airflow/example_dags/example_task_group_decorator.py
[2026-06-10T18:03:18.696+0000] {processor.py:830} INFO - Processing file /home/airflow/.local/lib/python3.12/site-packages/airflow/example_dags/example_task_group_decorator.py for tasks to queue
[2026-06-10T18:03:18.698+0000] {logging_mixin.py:188} INFO - [2026-06-10T18:03:18.698+0000] {dagbag.py:545} INFO - Filling up the DagBag from /home/airflow/.local/lib/python3.12/site-packages/airflow/example_dags/example_task_group_decorator.py
[2026-06-10T18:03:18.711+0000] {processor.py:840} INFO - DAG(s) 'example_task_group_decorator' retrieved from /home/airflow/.local/lib/python3.12/site-packages/airflow/example_dags/example_task_group_decorator.py
[2026-06-10T18:03:18.732+0000] {logging_mixin.py:188} INFO - [2026-06-10T18:03:18.731+0000] {dag.py:3089} INFO - Sync 1 DAGs
[2026-06-10T18:03:18.750+0000] {logging_mixin.py:188} INFO - [2026-06-10T18:03:18.750+0000] {dag.py:3947} INFO - Setting next_dagrun for example_task_group_decorator to 2026-06-09 00:00:00+00:00, run_after=2026-06-10 00:00:00+00:00
[2026-06-10T18:03:18.765+0000] {processor.py:183} INFO - Processing /home/airflow/.local/lib/python3.12/site-packages/airflow/example_dags/example_task_group_decorator.py took 0.074 seconds
[2026-06-10T18:03:49.507+0000] {processor.py:161} INFO - Started process (PID=1495) to work on /home/airflow/.local/lib/python3.12/site-packages/airflow/example_dags/example_task_group_decorator.py
[2026-06-10T18:03:49.508+0000] {processor.py:830} INFO - Processing file /home/airflow/.local/lib/python3.12/site-packages/airflow/example_dags/example_task_group_decorator.py for tasks to queue
[2026-06-10T18:03:49.509+0000] {logging_mixin.py:188} INFO - [2026-06-10T18:03:49.509+0000] {dagbag.py:545} INFO - Filling up the DagBag from /home/airflow/.local/lib/python3.12/site-packages/airflow/example_dags/example_task_group_decorator.py
[2026-06-10T18:03:49.523+0000] {processor.py:840} INFO - DAG(s) 'example_task_group_decorator' retrieved from /home/airflow/.local/lib/python3.12/site-packages/airflow/example_dags/example_task_group_decorator.py
[2026-06-10T18:03:49.544+0000] {logging_mixin.py:188} INFO - [2026-06-10T18:03:49.544+0000] {dag.py:3089} INFO - Sync 1 DAGs
[2026-06-10T18:03:49.562+0000] {logging_mixin.py:188} INFO - [2026-06-10T18:03:49.562+0000] {dag.py:3947} INFO - Setting next_dagrun for example_task_group_decorator to 2026-06-09 00:00:00+00:00, run_after=2026-06-10 00:00:00+00:00
[2026-06-10T18:03:49.577+0000] {processor.py:183} INFO - Processing /home/airflow/.local/lib/python3.12/site-packages/airflow/example_dags/example_task_group_decorator.py took 0.075 seconds
[2026-06-10T18:04:20.470+0000] {processor.py:161} INFO - Started process (PID=1556) to work on /home/airflow/.local/lib/python3.12/site-packages/airflow/example_dags/example_task_group_decorator.py
[2026-06-10T18:04:20.470+0000] {processor.py:830} INFO - Processing file /home/airflow/.local/lib/python3.12/site-packages/airflow/example_dags/example_task_group_decorator.py for tasks to queue
[2026-06-10T18:04:20.472+0000] {logging_mixin.py:188} INFO - [2026-06-10T18:04:20.471+0000] {dagbag.py:545} INFO - Filling up the DagBag from /home/airflow/.local/lib/python3.12/site-packages/airflow/example_dags/example_task_group_decorator.py
[2026-06-10T18:04:20.485+0000] {processor.py:840} INFO - DAG(s) 'example_task_group_decorator' retrieved from /home/airflow/.local/lib/python3.12/site-packages/airflow/example_dags/example_task_group_decorator.py
[2026-06-10T18:04:20.506+0000] {logging_mixin.py:188} INFO - [2026-06-10T18:04:20.506+0000] {dag.py:3089} INFO - Sync 1 DAGs
[2026-06-10T18:04:20.525+0000] {logging_mixin.py:188} INFO - [2026-06-10T18:04:20.524+0000] {dag.py:3947} INFO - Setting next_dagrun for example_task_group_decorator to 2026-06-09 00:00:00+00:00, run_after=2026-06-10 00:00:00+00:00
[2026-06-10T18:04:20.540+0000] {processor.py:183} INFO - Processing /home/airflow/.local/lib/python3.12/site-packages/airflow/example_dags/example_task_group_decorator.py took 0.076 seconds
[2026-06-10T18:04:51.178+0000] {processor.py:161} INFO - Started process (PID=1617) to work on /home/airflow/.local/lib/python3.12/site-packages/airflow/example_dags/example_task_group_decorator.py
[2026-06-10T18:04:51.179+0000] {processor.py:830} INFO - Processing file /home/airflow/.local/lib/python3.12/site-packages/airflow/example_dags/example_task_group_decorator.py for tasks to queue
[2026-06-10T18:04:51.181+0000] {logging_mixin.py:188} INFO - [2026-06-10T18:04:51.180+0000] {dagbag.py:545} INFO - Filling up the DagBag from /home/airflow/.local/lib/python3.12/site-packages/airflow/example_dags/example_task_group_decorator.py
[2026-06-10T18:04:51.196+0000] {processor.py:840} INFO - DAG(s) 'example_task_group_decorator' retrieved from /home/airflow/.local/lib/python3.12/site-packages/airflow/example_dags/example_task_group_decorator.py
[2026-06-10T18:04:51.218+0000] {logging_mixin.py:188} INFO - [2026-06-10T18:04:51.218+0000] {dag.py:3089} INFO - Sync 1 DAGs
[2026-06-10T18:04:51.237+0000] {logging_mixin.py:188} INFO - [2026-06-10T18:04:51.237+0000] {dag.py:3947} INFO - Setting next_dagrun for example_task_group_decorator to 2026-06-09 00:00:00+00:00, run_after=2026-06-10 00:00:00+00:00
[2026-06-10T18:04:51.253+0000] {processor.py:183} INFO - Processing /home/airflow/.local/lib/python3.12/site-packages/airflow/example_dags/example_task_group_decorator.py took 0.081 seconds
[2026-06-10T18:05:21.730+0000] {processor.py:161} INFO - Started process (PID=1678) to work on /home/airflow/.local/lib/python3.12/site-packages/airflow/example_dags/example_task_group_decorator.py
[2026-06-10T18:05:21.731+0000] {processor.py:830} INFO - Processing file /home/airflow/.local/lib/python3.12/site-packages/airflow/example_dags/example_task_group_decorator.py for tasks to queue
[2026-06-10T18:05:21.732+0000] {logging_mixin.py:188} INFO - [2026-06-10T18:05:21.732+0000] {dagbag.py:545} INFO - Filling up the DagBag from /home/airflow/.local/lib/python3.12/site-packages/airflow/example_dags/example_task_group_decorator.py
[2026-06-10T18:05:21.745+0000] {processor.py:840} INFO - DAG(s) 'example_task_group_decorator' retrieved from /home/airflow/.local/lib/python3.12/site-packages/airflow/example_dags/example_task_group_decorator.py
[2026-06-10T18:05:21.766+0000] {logging_mixin.py:188} INFO - [2026-06-10T18:05:21.766+0000] {dag.py:3089} INFO - Sync 1 DAGs
[2026-06-10T18:05:21.784+0000] {logging_mixin.py:188} INFO - [2026-06-10T18:05:21.784+0000] {dag.py:3947} INFO - Setting next_dagrun for example_task_group_decorator to 2026-06-09 00:00:00+00:00, run_after=2026-06-10 00:00:00+00:00
[2026-06-10T18:05:21.799+0000] {processor.py:183} INFO - Processing /home/airflow/.local/lib/python3.12/site-packages/airflow/example_dags/example_task_group_decorator.py took 0.072 seconds
[2026-06-10T18:05:52.275+0000] {processor.py:161} INFO - Started process (PID=1739) to work on /home/airflow/.local/lib/python3.12/site-packages/airflow/example_dags/example_task_group_decorator.py
[2026-06-10T18:05:52.276+0000] {processor.py:830} INFO - Processing file /home/airflow/.local/lib/python3.12/site-packages/airflow/example_dags/example_task_group_decorator.py for tasks to queue
[2026-06-10T18:05:52.277+0000] {logging_mixin.py:188} INFO - [2026-06-10T18:05:52.277+0000] {dagbag.py:545} INFO - Filling up the DagBag from /home/airflow/.local/lib/python3.12/site-packages/airflow/example_dags/example_task_group_decorator.py
[2026-06-10T18:05:52.291+0000] {processor.py:840} INFO - DAG(s) 'example_task_group_decorator' retrieved from /home/airflow/.local/lib/python3.12/site-packages/airflow/example_dags/example_task_group_decorator.py
[2026-06-10T18:05:52.315+0000] {logging_mixin.py:188} INFO - [2026-06-10T18:05:52.314+0000] {dag.py:3089} INFO - Sync 1 DAGs
[2026-06-10T18:05:52.335+0000] {logging_mixin.py:188} INFO - [2026-06-10T18:05:52.334+0000] {dag.py:3947} INFO - Setting next_dagrun for example_task_group_decorator to 2026-06-09 00:00:00+00:00, run_after=2026-06-10 00:00:00+00:00
[2026-06-10T18:05:52.352+0000] {processor.py:183} INFO - Processing /home/airflow/.local/lib/python3.12/site-packages/airflow/example_dags/example_task_group_decorator.py took 0.082 seconds
