[2026-06-10T17:52:12.564+0000] {processor.py:161} INFO - Started process (PID=116) to work on /home/airflow/.local/lib/python3.12/site-packages/airflow/example_dags/example_params_trigger_ui.py
[2026-06-10T17:52:12.564+0000] {processor.py:830} INFO - Processing file /home/airflow/.local/lib/python3.12/site-packages/airflow/example_dags/example_params_trigger_ui.py for tasks to queue
[2026-06-10T17:52:12.566+0000] {logging_mixin.py:188} INFO - [2026-06-10T17:52:12.565+0000] {dagbag.py:545} INFO - Filling up the DagBag from /home/airflow/.local/lib/python3.12/site-packages/airflow/example_dags/example_params_trigger_ui.py
[2026-06-10T17:52:12.575+0000] {processor.py:840} INFO - DAG(s) 'example_params_trigger_ui' retrieved from /home/airflow/.local/lib/python3.12/site-packages/airflow/example_dags/example_params_trigger_ui.py
[2026-06-10T17:52:12.707+0000] {logging_mixin.py:188} INFO - [2026-06-10T17:52:12.706+0000] {override.py:1858} INFO - Created Permission View: can edit on DAG:example_params_trigger_ui
[2026-06-10T17:52:12.721+0000] {logging_mixin.py:188} INFO - [2026-06-10T17:52:12.721+0000] {override.py:1858} INFO - Created Permission View: can read on DAG:example_params_trigger_ui
[2026-06-10T17:52:12.730+0000] {logging_mixin.py:188} INFO - [2026-06-10T17:52:12.730+0000] {override.py:1858} INFO - Created Permission View: can delete on DAG:example_params_trigger_ui
[2026-06-10T17:52:12.731+0000] {logging_mixin.py:188} INFO - [2026-06-10T17:52:12.731+0000] {dag.py:3089} INFO - Sync 1 DAGs
[2026-06-10T17:52:12.741+0000] {logging_mixin.py:188} INFO - [2026-06-10T17:52:12.740+0000] {dag.py:3111} INFO - Creating ORM DAG for example_params_trigger_ui
[2026-06-10T17:52:12.741+0000] {logging_mixin.py:188} INFO - [2026-06-10T17:52:12.741+0000] {dag.py:3947} INFO - Setting next_dagrun for example_params_trigger_ui to None, run_after=None
[2026-06-10T17:52:12.758+0000] {processor.py:183} INFO - Processing /home/airflow/.local/lib/python3.12/site-packages/airflow/example_dags/example_params_trigger_ui.py took 0.199 seconds
[2026-06-10T17:52:50.424+0000] {processor.py:161} INFO - Started process (PID=177) to work on /home/airflow/.local/lib/python3.12/site-packages/airflow/example_dags/example_params_trigger_ui.py
[2026-06-10T17:52:50.436+0000] {processor.py:830} INFO - Processing file /home/airflow/.local/lib/python3.12/site-packages/airflow/example_dags/example_params_trigger_ui.py for tasks to queue
[2026-06-10T17:52:50.437+0000] {logging_mixin.py:188} INFO - [2026-06-10T17:52:50.437+0000] {dagbag.py:545} INFO - Filling up the DagBag from /home/airflow/.local/lib/python3.12/site-packages/airflow/example_dags/example_params_trigger_ui.py
[2026-06-10T17:52:50.446+0000] {processor.py:840} INFO - DAG(s) 'example_params_trigger_ui' retrieved from /home/airflow/.local/lib/python3.12/site-packages/airflow/example_dags/example_params_trigger_ui.py
[2026-06-10T17:52:50.489+0000] {logging_mixin.py:188} INFO - [2026-06-10T17:52:50.489+0000] {dag.py:3089} INFO - Sync 1 DAGs
[2026-06-10T17:52:50.501+0000] {logging_mixin.py:188} INFO - [2026-06-10T17:52:50.501+0000] {dag.py:3947} INFO - Setting next_dagrun for example_params_trigger_ui to None, run_after=None
[2026-06-10T17:52:50.541+0000] {processor.py:183} INFO - Processing /home/airflow/.local/lib/python3.12/site-packages/airflow/example_dags/example_params_trigger_ui.py took 0.122 seconds
[2026-06-10T17:53:20.829+0000] {processor.py:161} INFO - Started process (PID=238) to work on /home/airflow/.local/lib/python3.12/site-packages/airflow/example_dags/example_params_trigger_ui.py
[2026-06-10T17:53:20.830+0000] {processor.py:830} INFO - Processing file /home/airflow/.local/lib/python3.12/site-packages/airflow/example_dags/example_params_trigger_ui.py for tasks to queue
[2026-06-10T17:53:20.831+0000] {logging_mixin.py:188} INFO - [2026-06-10T17:53:20.831+0000] {dagbag.py:545} INFO - Filling up the DagBag from /home/airflow/.local/lib/python3.12/site-packages/airflow/example_dags/example_params_trigger_ui.py
[2026-06-10T17:53:20.839+0000] {processor.py:840} INFO - DAG(s) 'example_params_trigger_ui' retrieved from /home/airflow/.local/lib/python3.12/site-packages/airflow/example_dags/example_params_trigger_ui.py
[2026-06-10T17:53:20.879+0000] {logging_mixin.py:188} INFO - [2026-06-10T17:53:20.879+0000] {dag.py:3089} INFO - Sync 1 DAGs
[2026-06-10T17:53:20.891+0000] {logging_mixin.py:188} INFO - [2026-06-10T17:53:20.890+0000] {dag.py:3947} INFO - Setting next_dagrun for example_params_trigger_ui to None, run_after=None
[2026-06-10T17:53:20.906+0000] {processor.py:183} INFO - Processing /home/airflow/.local/lib/python3.12/site-packages/airflow/example_dags/example_params_trigger_ui.py took 0.082 seconds
[2026-06-10T17:53:51.635+0000] {processor.py:161} INFO - Started process (PID=299) to work on /home/airflow/.local/lib/python3.12/site-packages/airflow/example_dags/example_params_trigger_ui.py
[2026-06-10T17:53:51.636+0000] {processor.py:830} INFO - Processing file /home/airflow/.local/lib/python3.12/site-packages/airflow/example_dags/example_params_trigger_ui.py for tasks to queue
[2026-06-10T17:53:51.638+0000] {logging_mixin.py:188} INFO - [2026-06-10T17:53:51.637+0000] {dagbag.py:545} INFO - Filling up the DagBag from /home/airflow/.local/lib/python3.12/site-packages/airflow/example_dags/example_params_trigger_ui.py
[2026-06-10T17:53:51.646+0000] {processor.py:840} INFO - DAG(s) 'example_params_trigger_ui' retrieved from /home/airflow/.local/lib/python3.12/site-packages/airflow/example_dags/example_params_trigger_ui.py
[2026-06-10T17:53:51.685+0000] {logging_mixin.py:188} INFO - [2026-06-10T17:53:51.685+0000] {dag.py:3089} INFO - Sync 1 DAGs
[2026-06-10T17:53:51.696+0000] {logging_mixin.py:188} INFO - [2026-06-10T17:53:51.696+0000] {dag.py:3947} INFO - Setting next_dagrun for example_params_trigger_ui to None, run_after=None
[2026-06-10T17:53:51.712+0000] {processor.py:183} INFO - Processing /home/airflow/.local/lib/python3.12/site-packages/airflow/example_dags/example_params_trigger_ui.py took 0.081 seconds
[2026-06-10T17:54:21.827+0000] {processor.py:161} INFO - Started process (PID=360) to work on /home/airflow/.local/lib/python3.12/site-packages/airflow/example_dags/example_params_trigger_ui.py
[2026-06-10T17:54:21.827+0000] {processor.py:830} INFO - Processing file /home/airflow/.local/lib/python3.12/site-packages/airflow/example_dags/example_params_trigger_ui.py for tasks to queue
[2026-06-10T17:54:21.829+0000] {logging_mixin.py:188} INFO - [2026-06-10T17:54:21.829+0000] {dagbag.py:545} INFO - Filling up the DagBag from /home/airflow/.local/lib/python3.12/site-packages/airflow/example_dags/example_params_trigger_ui.py
[2026-06-10T17:54:21.837+0000] {processor.py:840} INFO - DAG(s) 'example_params_trigger_ui' retrieved from /home/airflow/.local/lib/python3.12/site-packages/airflow/example_dags/example_params_trigger_ui.py
[2026-06-10T17:54:21.875+0000] {logging_mixin.py:188} INFO - [2026-06-10T17:54:21.875+0000] {dag.py:3089} INFO - Sync 1 DAGs
[2026-06-10T17:54:21.886+0000] {logging_mixin.py:188} INFO - [2026-06-10T17:54:21.886+0000] {dag.py:3947} INFO - Setting next_dagrun for example_params_trigger_ui to None, run_after=None
[2026-06-10T17:54:21.901+0000] {processor.py:183} INFO - Processing /home/airflow/.local/lib/python3.12/site-packages/airflow/example_dags/example_params_trigger_ui.py took 0.079 seconds
[2026-06-10T17:54:52.759+0000] {processor.py:161} INFO - Started process (PID=421) to work on /home/airflow/.local/lib/python3.12/site-packages/airflow/example_dags/example_params_trigger_ui.py
[2026-06-10T17:54:52.762+0000] {processor.py:830} INFO - Processing file /home/airflow/.local/lib/python3.12/site-packages/airflow/example_dags/example_params_trigger_ui.py for tasks to queue
[2026-06-10T17:54:52.764+0000] {logging_mixin.py:188} INFO - [2026-06-10T17:54:52.763+0000] {dagbag.py:545} INFO - Filling up the DagBag from /home/airflow/.local/lib/python3.12/site-packages/airflow/example_dags/example_params_trigger_ui.py
[2026-06-10T17:54:52.777+0000] {processor.py:840} INFO - DAG(s) 'example_params_trigger_ui' retrieved from /home/airflow/.local/lib/python3.12/site-packages/airflow/example_dags/example_params_trigger_ui.py
[2026-06-10T17:54:52.874+0000] {logging_mixin.py:188} INFO - [2026-06-10T17:54:52.874+0000] {dag.py:3089} INFO - Sync 1 DAGs
[2026-06-10T17:54:52.892+0000] {logging_mixin.py:188} INFO - [2026-06-10T17:54:52.891+0000] {dag.py:3947} INFO - Setting next_dagrun for example_params_trigger_ui to None, run_after=None
[2026-06-10T17:54:52.918+0000] {processor.py:183} INFO - Processing /home/airflow/.local/lib/python3.12/site-packages/airflow/example_dags/example_params_trigger_ui.py took 0.164 seconds
[2026-06-10T17:55:23.877+0000] {processor.py:161} INFO - Started process (PID=482) to work on /home/airflow/.local/lib/python3.12/site-packages/airflow/example_dags/example_params_trigger_ui.py
[2026-06-10T17:55:23.878+0000] {processor.py:830} INFO - Processing file /home/airflow/.local/lib/python3.12/site-packages/airflow/example_dags/example_params_trigger_ui.py for tasks to queue
[2026-06-10T17:55:23.879+0000] {logging_mixin.py:188} INFO - [2026-06-10T17:55:23.879+0000] {dagbag.py:545} INFO - Filling up the DagBag from /home/airflow/.local/lib/python3.12/site-packages/airflow/example_dags/example_params_trigger_ui.py
[2026-06-10T17:55:23.887+0000] {processor.py:840} INFO - DAG(s) 'example_params_trigger_ui' retrieved from /home/airflow/.local/lib/python3.12/site-packages/airflow/example_dags/example_params_trigger_ui.py
[2026-06-10T17:55:23.926+0000] {logging_mixin.py:188} INFO - [2026-06-10T17:55:23.925+0000] {dag.py:3089} INFO - Sync 1 DAGs
[2026-06-10T17:55:23.937+0000] {logging_mixin.py:188} INFO - [2026-06-10T17:55:23.937+0000] {dag.py:3947} INFO - Setting next_dagrun for example_params_trigger_ui to None, run_after=None
[2026-06-10T17:55:23.952+0000] {processor.py:183} INFO - Processing /home/airflow/.local/lib/python3.12/site-packages/airflow/example_dags/example_params_trigger_ui.py took 0.079 seconds
[2026-06-10T17:55:54.380+0000] {processor.py:161} INFO - Started process (PID=543) to work on /home/airflow/.local/lib/python3.12/site-packages/airflow/example_dags/example_params_trigger_ui.py
[2026-06-10T17:55:54.385+0000] {processor.py:830} INFO - Processing file /home/airflow/.local/lib/python3.12/site-packages/airflow/example_dags/example_params_trigger_ui.py for tasks to queue
[2026-06-10T17:55:54.386+0000] {logging_mixin.py:188} INFO - [2026-06-10T17:55:54.386+0000] {dagbag.py:545} INFO - Filling up the DagBag from /home/airflow/.local/lib/python3.12/site-packages/airflow/example_dags/example_params_trigger_ui.py
[2026-06-10T17:55:54.398+0000] {processor.py:840} INFO - DAG(s) 'example_params_trigger_ui' retrieved from /home/airflow/.local/lib/python3.12/site-packages/airflow/example_dags/example_params_trigger_ui.py
[2026-06-10T17:55:54.437+0000] {logging_mixin.py:188} INFO - [2026-06-10T17:55:54.436+0000] {dag.py:3089} INFO - Sync 1 DAGs
[2026-06-10T17:55:54.448+0000] {logging_mixin.py:188} INFO - [2026-06-10T17:55:54.448+0000] {dag.py:3947} INFO - Setting next_dagrun for example_params_trigger_ui to None, run_after=None
[2026-06-10T17:55:54.470+0000] {processor.py:183} INFO - Processing /home/airflow/.local/lib/python3.12/site-packages/airflow/example_dags/example_params_trigger_ui.py took 0.095 seconds
[2026-06-10T17:56:25.335+0000] {processor.py:161} INFO - Started process (PID=603) to work on /home/airflow/.local/lib/python3.12/site-packages/airflow/example_dags/example_params_trigger_ui.py
[2026-06-10T17:56:25.336+0000] {processor.py:830} INFO - Processing file /home/airflow/.local/lib/python3.12/site-packages/airflow/example_dags/example_params_trigger_ui.py for tasks to queue
[2026-06-10T17:56:25.337+0000] {logging_mixin.py:188} INFO - [2026-06-10T17:56:25.337+0000] {dagbag.py:545} INFO - Filling up the DagBag from /home/airflow/.local/lib/python3.12/site-packages/airflow/example_dags/example_params_trigger_ui.py
[2026-06-10T17:56:25.347+0000] {processor.py:840} INFO - DAG(s) 'example_params_trigger_ui' retrieved from /home/airflow/.local/lib/python3.12/site-packages/airflow/example_dags/example_params_trigger_ui.py
[2026-06-10T17:56:25.386+0000] {logging_mixin.py:188} INFO - [2026-06-10T17:56:25.386+0000] {dag.py:3089} INFO - Sync 1 DAGs
[2026-06-10T17:56:25.397+0000] {logging_mixin.py:188} INFO - [2026-06-10T17:56:25.397+0000] {dag.py:3947} INFO - Setting next_dagrun for example_params_trigger_ui to None, run_after=None
[2026-06-10T17:56:25.417+0000] {processor.py:183} INFO - Processing /home/airflow/.local/lib/python3.12/site-packages/airflow/example_dags/example_params_trigger_ui.py took 0.087 seconds
[2026-06-10T17:56:55.470+0000] {processor.py:161} INFO - Started process (PID=664) to work on /home/airflow/.local/lib/python3.12/site-packages/airflow/example_dags/example_params_trigger_ui.py
[2026-06-10T17:56:55.471+0000] {processor.py:830} INFO - Processing file /home/airflow/.local/lib/python3.12/site-packages/airflow/example_dags/example_params_trigger_ui.py for tasks to queue
[2026-06-10T17:56:55.473+0000] {logging_mixin.py:188} INFO - [2026-06-10T17:56:55.472+0000] {dagbag.py:545} INFO - Filling up the DagBag from /home/airflow/.local/lib/python3.12/site-packages/airflow/example_dags/example_params_trigger_ui.py
[2026-06-10T17:56:55.481+0000] {processor.py:840} INFO - DAG(s) 'example_params_trigger_ui' retrieved from /home/airflow/.local/lib/python3.12/site-packages/airflow/example_dags/example_params_trigger_ui.py
[2026-06-10T17:56:55.520+0000] {logging_mixin.py:188} INFO - [2026-06-10T17:56:55.520+0000] {dag.py:3089} INFO - Sync 1 DAGs
[2026-06-10T17:56:55.532+0000] {logging_mixin.py:188} INFO - [2026-06-10T17:56:55.531+0000] {dag.py:3947} INFO - Setting next_dagrun for example_params_trigger_ui to None, run_after=None
[2026-06-10T17:56:55.548+0000] {processor.py:183} INFO - Processing /home/airflow/.local/lib/python3.12/site-packages/airflow/example_dags/example_params_trigger_ui.py took 0.082 seconds
[2026-06-10T17:57:25.953+0000] {processor.py:161} INFO - Started process (PID=725) to work on /home/airflow/.local/lib/python3.12/site-packages/airflow/example_dags/example_params_trigger_ui.py
[2026-06-10T17:57:25.954+0000] {processor.py:830} INFO - Processing file /home/airflow/.local/lib/python3.12/site-packages/airflow/example_dags/example_params_trigger_ui.py for tasks to queue
[2026-06-10T17:57:25.956+0000] {logging_mixin.py:188} INFO - [2026-06-10T17:57:25.956+0000] {dagbag.py:545} INFO - Filling up the DagBag from /home/airflow/.local/lib/python3.12/site-packages/airflow/example_dags/example_params_trigger_ui.py
[2026-06-10T17:57:25.965+0000] {processor.py:840} INFO - DAG(s) 'example_params_trigger_ui' retrieved from /home/airflow/.local/lib/python3.12/site-packages/airflow/example_dags/example_params_trigger_ui.py
[2026-06-10T17:57:26.003+0000] {logging_mixin.py:188} INFO - [2026-06-10T17:57:26.003+0000] {dag.py:3089} INFO - Sync 1 DAGs
[2026-06-10T17:57:26.014+0000] {logging_mixin.py:188} INFO - [2026-06-10T17:57:26.014+0000] {dag.py:3947} INFO - Setting next_dagrun for example_params_trigger_ui to None, run_after=None
[2026-06-10T17:57:26.029+0000] {processor.py:183} INFO - Processing /home/airflow/.local/lib/python3.12/site-packages/airflow/example_dags/example_params_trigger_ui.py took 0.082 seconds
[2026-06-10T17:57:56.413+0000] {processor.py:161} INFO - Started process (PID=786) to work on /home/airflow/.local/lib/python3.12/site-packages/airflow/example_dags/example_params_trigger_ui.py
[2026-06-10T17:57:56.414+0000] {processor.py:830} INFO - Processing file /home/airflow/.local/lib/python3.12/site-packages/airflow/example_dags/example_params_trigger_ui.py for tasks to queue
[2026-06-10T17:57:56.416+0000] {logging_mixin.py:188} INFO - [2026-06-10T17:57:56.416+0000] {dagbag.py:545} INFO - Filling up the DagBag from /home/airflow/.local/lib/python3.12/site-packages/airflow/example_dags/example_params_trigger_ui.py
[2026-06-10T17:57:56.424+0000] {processor.py:840} INFO - DAG(s) 'example_params_trigger_ui' retrieved from /home/airflow/.local/lib/python3.12/site-packages/airflow/example_dags/example_params_trigger_ui.py
[2026-06-10T17:57:56.463+0000] {logging_mixin.py:188} INFO - [2026-06-10T17:57:56.462+0000] {dag.py:3089} INFO - Sync 1 DAGs
[2026-06-10T17:57:56.474+0000] {logging_mixin.py:188} INFO - [2026-06-10T17:57:56.474+0000] {dag.py:3947} INFO - Setting next_dagrun for example_params_trigger_ui to None, run_after=None
[2026-06-10T17:57:56.490+0000] {processor.py:183} INFO - Processing /home/airflow/.local/lib/python3.12/site-packages/airflow/example_dags/example_params_trigger_ui.py took 0.082 seconds
[2026-06-10T17:58:26.584+0000] {processor.py:161} INFO - Started process (PID=847) to work on /home/airflow/.local/lib/python3.12/site-packages/airflow/example_dags/example_params_trigger_ui.py
[2026-06-10T17:58:26.585+0000] {processor.py:830} INFO - Processing file /home/airflow/.local/lib/python3.12/site-packages/airflow/example_dags/example_params_trigger_ui.py for tasks to queue
[2026-06-10T17:58:26.586+0000] {logging_mixin.py:188} INFO - [2026-06-10T17:58:26.586+0000] {dagbag.py:545} INFO - Filling up the DagBag from /home/airflow/.local/lib/python3.12/site-packages/airflow/example_dags/example_params_trigger_ui.py
[2026-06-10T17:58:26.596+0000] {processor.py:840} INFO - DAG(s) 'example_params_trigger_ui' retrieved from /home/airflow/.local/lib/python3.12/site-packages/airflow/example_dags/example_params_trigger_ui.py
[2026-06-10T17:58:26.635+0000] {logging_mixin.py:188} INFO - [2026-06-10T17:58:26.635+0000] {dag.py:3089} INFO - Sync 1 DAGs
[2026-06-10T17:58:26.646+0000] {logging_mixin.py:188} INFO - [2026-06-10T17:58:26.646+0000] {dag.py:3947} INFO - Setting next_dagrun for example_params_trigger_ui to None, run_after=None
[2026-06-10T17:58:26.662+0000] {processor.py:183} INFO - Processing /home/airflow/.local/lib/python3.12/site-packages/airflow/example_dags/example_params_trigger_ui.py took 0.084 seconds
[2026-06-10T17:58:56.995+0000] {processor.py:161} INFO - Started process (PID=908) to work on /home/airflow/.local/lib/python3.12/site-packages/airflow/example_dags/example_params_trigger_ui.py
[2026-06-10T17:58:56.996+0000] {processor.py:830} INFO - Processing file /home/airflow/.local/lib/python3.12/site-packages/airflow/example_dags/example_params_trigger_ui.py for tasks to queue
[2026-06-10T17:58:56.998+0000] {logging_mixin.py:188} INFO - [2026-06-10T17:58:56.998+0000] {dagbag.py:545} INFO - Filling up the DagBag from /home/airflow/.local/lib/python3.12/site-packages/airflow/example_dags/example_params_trigger_ui.py
[2026-06-10T17:58:57.006+0000] {processor.py:840} INFO - DAG(s) 'example_params_trigger_ui' retrieved from /home/airflow/.local/lib/python3.12/site-packages/airflow/example_dags/example_params_trigger_ui.py
[2026-06-10T17:58:57.045+0000] {logging_mixin.py:188} INFO - [2026-06-10T17:58:57.044+0000] {dag.py:3089} INFO - Sync 1 DAGs
[2026-06-10T17:58:57.056+0000] {logging_mixin.py:188} INFO - [2026-06-10T17:58:57.056+0000] {dag.py:3947} INFO - Setting next_dagrun for example_params_trigger_ui to None, run_after=None
[2026-06-10T17:58:57.072+0000] {processor.py:183} INFO - Processing /home/airflow/.local/lib/python3.12/site-packages/airflow/example_dags/example_params_trigger_ui.py took 0.082 seconds
[2026-06-10T17:59:27.243+0000] {processor.py:161} INFO - Started process (PID=969) to work on /home/airflow/.local/lib/python3.12/site-packages/airflow/example_dags/example_params_trigger_ui.py
[2026-06-10T17:59:27.247+0000] {processor.py:830} INFO - Processing file /home/airflow/.local/lib/python3.12/site-packages/airflow/example_dags/example_params_trigger_ui.py for tasks to queue
[2026-06-10T17:59:27.248+0000] {logging_mixin.py:188} INFO - [2026-06-10T17:59:27.248+0000] {dagbag.py:545} INFO - Filling up the DagBag from /home/airflow/.local/lib/python3.12/site-packages/airflow/example_dags/example_params_trigger_ui.py
[2026-06-10T17:59:27.258+0000] {processor.py:840} INFO - DAG(s) 'example_params_trigger_ui' retrieved from /home/airflow/.local/lib/python3.12/site-packages/airflow/example_dags/example_params_trigger_ui.py
[2026-06-10T17:59:27.296+0000] {logging_mixin.py:188} INFO - [2026-06-10T17:59:27.296+0000] {dag.py:3089} INFO - Sync 1 DAGs
[2026-06-10T17:59:27.307+0000] {logging_mixin.py:188} INFO - [2026-06-10T17:59:27.307+0000] {dag.py:3947} INFO - Setting next_dagrun for example_params_trigger_ui to None, run_after=None
[2026-06-10T17:59:27.476+0000] {processor.py:183} INFO - Processing /home/airflow/.local/lib/python3.12/site-packages/airflow/example_dags/example_params_trigger_ui.py took 0.241 seconds
[2026-06-10T17:59:57.940+0000] {processor.py:161} INFO - Started process (PID=1030) to work on /home/airflow/.local/lib/python3.12/site-packages/airflow/example_dags/example_params_trigger_ui.py
[2026-06-10T17:59:57.941+0000] {processor.py:830} INFO - Processing file /home/airflow/.local/lib/python3.12/site-packages/airflow/example_dags/example_params_trigger_ui.py for tasks to queue
[2026-06-10T17:59:57.942+0000] {logging_mixin.py:188} INFO - [2026-06-10T17:59:57.942+0000] {dagbag.py:545} INFO - Filling up the DagBag from /home/airflow/.local/lib/python3.12/site-packages/airflow/example_dags/example_params_trigger_ui.py
[2026-06-10T17:59:57.951+0000] {processor.py:840} INFO - DAG(s) 'example_params_trigger_ui' retrieved from /home/airflow/.local/lib/python3.12/site-packages/airflow/example_dags/example_params_trigger_ui.py
[2026-06-10T17:59:58.123+0000] {logging_mixin.py:188} INFO - [2026-06-10T17:59:58.123+0000] {dag.py:3089} INFO - Sync 1 DAGs
[2026-06-10T17:59:58.132+0000] {logging_mixin.py:188} INFO - [2026-06-10T17:59:58.132+0000] {dag.py:3947} INFO - Setting next_dagrun for example_params_trigger_ui to None, run_after=None
[2026-06-10T17:59:58.146+0000] {processor.py:183} INFO - Processing /home/airflow/.local/lib/python3.12/site-packages/airflow/example_dags/example_params_trigger_ui.py took 0.213 seconds
[2026-06-10T18:00:29.344+0000] {processor.py:161} INFO - Started process (PID=1091) to work on /home/airflow/.local/lib/python3.12/site-packages/airflow/example_dags/example_params_trigger_ui.py
[2026-06-10T18:00:29.346+0000] {processor.py:830} INFO - Processing file /home/airflow/.local/lib/python3.12/site-packages/airflow/example_dags/example_params_trigger_ui.py for tasks to queue
[2026-06-10T18:00:29.347+0000] {logging_mixin.py:188} INFO - [2026-06-10T18:00:29.347+0000] {dagbag.py:545} INFO - Filling up the DagBag from /home/airflow/.local/lib/python3.12/site-packages/airflow/example_dags/example_params_trigger_ui.py
[2026-06-10T18:00:29.356+0000] {processor.py:840} INFO - DAG(s) 'example_params_trigger_ui' retrieved from /home/airflow/.local/lib/python3.12/site-packages/airflow/example_dags/example_params_trigger_ui.py
[2026-06-10T18:00:29.526+0000] {logging_mixin.py:188} INFO - [2026-06-10T18:00:29.525+0000] {dag.py:3089} INFO - Sync 1 DAGs
[2026-06-10T18:00:29.535+0000] {logging_mixin.py:188} INFO - [2026-06-10T18:00:29.535+0000] {dag.py:3947} INFO - Setting next_dagrun for example_params_trigger_ui to None, run_after=None
[2026-06-10T18:00:29.549+0000] {processor.py:183} INFO - Processing /home/airflow/.local/lib/python3.12/site-packages/airflow/example_dags/example_params_trigger_ui.py took 0.211 seconds
[2026-06-10T18:01:00.152+0000] {processor.py:161} INFO - Started process (PID=1153) to work on /home/airflow/.local/lib/python3.12/site-packages/airflow/example_dags/example_params_trigger_ui.py
[2026-06-10T18:01:00.153+0000] {processor.py:830} INFO - Processing file /home/airflow/.local/lib/python3.12/site-packages/airflow/example_dags/example_params_trigger_ui.py for tasks to queue
[2026-06-10T18:01:00.154+0000] {logging_mixin.py:188} INFO - [2026-06-10T18:01:00.154+0000] {dagbag.py:545} INFO - Filling up the DagBag from /home/airflow/.local/lib/python3.12/site-packages/airflow/example_dags/example_params_trigger_ui.py
[2026-06-10T18:01:00.162+0000] {processor.py:840} INFO - DAG(s) 'example_params_trigger_ui' retrieved from /home/airflow/.local/lib/python3.12/site-packages/airflow/example_dags/example_params_trigger_ui.py
[2026-06-10T18:01:00.202+0000] {logging_mixin.py:188} INFO - [2026-06-10T18:01:00.202+0000] {dag.py:3089} INFO - Sync 1 DAGs
[2026-06-10T18:01:00.213+0000] {logging_mixin.py:188} INFO - [2026-06-10T18:01:00.213+0000] {dag.py:3947} INFO - Setting next_dagrun for example_params_trigger_ui to None, run_after=None
[2026-06-10T18:01:00.229+0000] {processor.py:183} INFO - Processing /home/airflow/.local/lib/python3.12/site-packages/airflow/example_dags/example_params_trigger_ui.py took 0.082 seconds
[2026-06-10T18:01:30.677+0000] {processor.py:161} INFO - Started process (PID=1214) to work on /home/airflow/.local/lib/python3.12/site-packages/airflow/example_dags/example_params_trigger_ui.py
[2026-06-10T18:01:30.679+0000] {processor.py:830} INFO - Processing file /home/airflow/.local/lib/python3.12/site-packages/airflow/example_dags/example_params_trigger_ui.py for tasks to queue
[2026-06-10T18:01:30.680+0000] {logging_mixin.py:188} INFO - [2026-06-10T18:01:30.680+0000] {dagbag.py:545} INFO - Filling up the DagBag from /home/airflow/.local/lib/python3.12/site-packages/airflow/example_dags/example_params_trigger_ui.py
[2026-06-10T18:01:30.687+0000] {processor.py:840} INFO - DAG(s) 'example_params_trigger_ui' retrieved from /home/airflow/.local/lib/python3.12/site-packages/airflow/example_dags/example_params_trigger_ui.py
[2026-06-10T18:01:30.726+0000] {logging_mixin.py:188} INFO - [2026-06-10T18:01:30.726+0000] {dag.py:3089} INFO - Sync 1 DAGs
[2026-06-10T18:01:30.737+0000] {logging_mixin.py:188} INFO - [2026-06-10T18:01:30.737+0000] {dag.py:3947} INFO - Setting next_dagrun for example_params_trigger_ui to None, run_after=None
[2026-06-10T18:01:30.752+0000] {processor.py:183} INFO - Processing /home/airflow/.local/lib/python3.12/site-packages/airflow/example_dags/example_params_trigger_ui.py took 0.079 seconds
[2026-06-10T18:02:01.266+0000] {processor.py:161} INFO - Started process (PID=1275) to work on /home/airflow/.local/lib/python3.12/site-packages/airflow/example_dags/example_params_trigger_ui.py
[2026-06-10T18:02:01.266+0000] {processor.py:830} INFO - Processing file /home/airflow/.local/lib/python3.12/site-packages/airflow/example_dags/example_params_trigger_ui.py for tasks to queue
[2026-06-10T18:02:01.268+0000] {logging_mixin.py:188} INFO - [2026-06-10T18:02:01.267+0000] {dagbag.py:545} INFO - Filling up the DagBag from /home/airflow/.local/lib/python3.12/site-packages/airflow/example_dags/example_params_trigger_ui.py
[2026-06-10T18:02:01.276+0000] {processor.py:840} INFO - DAG(s) 'example_params_trigger_ui' retrieved from /home/airflow/.local/lib/python3.12/site-packages/airflow/example_dags/example_params_trigger_ui.py
[2026-06-10T18:02:01.315+0000] {logging_mixin.py:188} INFO - [2026-06-10T18:02:01.315+0000] {dag.py:3089} INFO - Sync 1 DAGs
[2026-06-10T18:02:01.326+0000] {logging_mixin.py:188} INFO - [2026-06-10T18:02:01.326+0000] {dag.py:3947} INFO - Setting next_dagrun for example_params_trigger_ui to None, run_after=None
[2026-06-10T18:02:01.342+0000] {processor.py:183} INFO - Processing /home/airflow/.local/lib/python3.12/site-packages/airflow/example_dags/example_params_trigger_ui.py took 0.081 seconds
[2026-06-10T18:02:31.854+0000] {processor.py:161} INFO - Started process (PID=1336) to work on /home/airflow/.local/lib/python3.12/site-packages/airflow/example_dags/example_params_trigger_ui.py
[2026-06-10T18:02:31.855+0000] {processor.py:830} INFO - Processing file /home/airflow/.local/lib/python3.12/site-packages/airflow/example_dags/example_params_trigger_ui.py for tasks to queue
[2026-06-10T18:02:31.856+0000] {logging_mixin.py:188} INFO - [2026-06-10T18:02:31.856+0000] {dagbag.py:545} INFO - Filling up the DagBag from /home/airflow/.local/lib/python3.12/site-packages/airflow/example_dags/example_params_trigger_ui.py
[2026-06-10T18:02:31.863+0000] {processor.py:840} INFO - DAG(s) 'example_params_trigger_ui' retrieved from /home/airflow/.local/lib/python3.12/site-packages/airflow/example_dags/example_params_trigger_ui.py
[2026-06-10T18:02:31.902+0000] {logging_mixin.py:188} INFO - [2026-06-10T18:02:31.902+0000] {dag.py:3089} INFO - Sync 1 DAGs
[2026-06-10T18:02:31.913+0000] {logging_mixin.py:188} INFO - [2026-06-10T18:02:31.913+0000] {dag.py:3947} INFO - Setting next_dagrun for example_params_trigger_ui to None, run_after=None
[2026-06-10T18:02:31.928+0000] {processor.py:183} INFO - Processing /home/airflow/.local/lib/python3.12/site-packages/airflow/example_dags/example_params_trigger_ui.py took 0.078 seconds
[2026-06-10T18:03:02.194+0000] {processor.py:161} INFO - Started process (PID=1403) to work on /home/airflow/.local/lib/python3.12/site-packages/airflow/example_dags/example_params_trigger_ui.py
[2026-06-10T18:03:02.194+0000] {processor.py:830} INFO - Processing file /home/airflow/.local/lib/python3.12/site-packages/airflow/example_dags/example_params_trigger_ui.py for tasks to queue
[2026-06-10T18:03:02.196+0000] {logging_mixin.py:188} INFO - [2026-06-10T18:03:02.195+0000] {dagbag.py:545} INFO - Filling up the DagBag from /home/airflow/.local/lib/python3.12/site-packages/airflow/example_dags/example_params_trigger_ui.py
[2026-06-10T18:03:02.204+0000] {processor.py:840} INFO - DAG(s) 'example_params_trigger_ui' retrieved from /home/airflow/.local/lib/python3.12/site-packages/airflow/example_dags/example_params_trigger_ui.py
[2026-06-10T18:03:02.244+0000] {logging_mixin.py:188} INFO - [2026-06-10T18:03:02.243+0000] {dag.py:3089} INFO - Sync 1 DAGs
[2026-06-10T18:03:02.254+0000] {logging_mixin.py:188} INFO - [2026-06-10T18:03:02.254+0000] {dag.py:3947} INFO - Setting next_dagrun for example_params_trigger_ui to None, run_after=None
[2026-06-10T18:03:02.269+0000] {processor.py:183} INFO - Processing /home/airflow/.local/lib/python3.12/site-packages/airflow/example_dags/example_params_trigger_ui.py took 0.080 seconds
[2026-06-10T18:03:32.669+0000] {processor.py:161} INFO - Started process (PID=1464) to work on /home/airflow/.local/lib/python3.12/site-packages/airflow/example_dags/example_params_trigger_ui.py
[2026-06-10T18:03:32.670+0000] {processor.py:830} INFO - Processing file /home/airflow/.local/lib/python3.12/site-packages/airflow/example_dags/example_params_trigger_ui.py for tasks to queue
[2026-06-10T18:03:32.671+0000] {logging_mixin.py:188} INFO - [2026-06-10T18:03:32.671+0000] {dagbag.py:545} INFO - Filling up the DagBag from /home/airflow/.local/lib/python3.12/site-packages/airflow/example_dags/example_params_trigger_ui.py
[2026-06-10T18:03:32.680+0000] {processor.py:840} INFO - DAG(s) 'example_params_trigger_ui' retrieved from /home/airflow/.local/lib/python3.12/site-packages/airflow/example_dags/example_params_trigger_ui.py
[2026-06-10T18:03:32.719+0000] {logging_mixin.py:188} INFO - [2026-06-10T18:03:32.719+0000] {dag.py:3089} INFO - Sync 1 DAGs
[2026-06-10T18:03:32.730+0000] {logging_mixin.py:188} INFO - [2026-06-10T18:03:32.730+0000] {dag.py:3947} INFO - Setting next_dagrun for example_params_trigger_ui to None, run_after=None
[2026-06-10T18:03:32.745+0000] {processor.py:183} INFO - Processing /home/airflow/.local/lib/python3.12/site-packages/airflow/example_dags/example_params_trigger_ui.py took 0.081 seconds
[2026-06-10T18:04:03.188+0000] {processor.py:161} INFO - Started process (PID=1525) to work on /home/airflow/.local/lib/python3.12/site-packages/airflow/example_dags/example_params_trigger_ui.py
[2026-06-10T18:04:03.189+0000] {processor.py:830} INFO - Processing file /home/airflow/.local/lib/python3.12/site-packages/airflow/example_dags/example_params_trigger_ui.py for tasks to queue
[2026-06-10T18:04:03.190+0000] {logging_mixin.py:188} INFO - [2026-06-10T18:04:03.190+0000] {dagbag.py:545} INFO - Filling up the DagBag from /home/airflow/.local/lib/python3.12/site-packages/airflow/example_dags/example_params_trigger_ui.py
[2026-06-10T18:04:03.197+0000] {processor.py:840} INFO - DAG(s) 'example_params_trigger_ui' retrieved from /home/airflow/.local/lib/python3.12/site-packages/airflow/example_dags/example_params_trigger_ui.py
[2026-06-10T18:04:03.236+0000] {logging_mixin.py:188} INFO - [2026-06-10T18:04:03.236+0000] {dag.py:3089} INFO - Sync 1 DAGs
[2026-06-10T18:04:03.247+0000] {logging_mixin.py:188} INFO - [2026-06-10T18:04:03.247+0000] {dag.py:3947} INFO - Setting next_dagrun for example_params_trigger_ui to None, run_after=None
[2026-06-10T18:04:03.262+0000] {processor.py:183} INFO - Processing /home/airflow/.local/lib/python3.12/site-packages/airflow/example_dags/example_params_trigger_ui.py took 0.078 seconds
[2026-06-10T18:04:33.666+0000] {processor.py:161} INFO - Started process (PID=1586) to work on /home/airflow/.local/lib/python3.12/site-packages/airflow/example_dags/example_params_trigger_ui.py
[2026-06-10T18:04:33.667+0000] {processor.py:830} INFO - Processing file /home/airflow/.local/lib/python3.12/site-packages/airflow/example_dags/example_params_trigger_ui.py for tasks to queue
[2026-06-10T18:04:33.669+0000] {logging_mixin.py:188} INFO - [2026-06-10T18:04:33.669+0000] {dagbag.py:545} INFO - Filling up the DagBag from /home/airflow/.local/lib/python3.12/site-packages/airflow/example_dags/example_params_trigger_ui.py
[2026-06-10T18:04:33.677+0000] {processor.py:840} INFO - DAG(s) 'example_params_trigger_ui' retrieved from /home/airflow/.local/lib/python3.12/site-packages/airflow/example_dags/example_params_trigger_ui.py
[2026-06-10T18:04:33.716+0000] {logging_mixin.py:188} INFO - [2026-06-10T18:04:33.716+0000] {dag.py:3089} INFO - Sync 1 DAGs
[2026-06-10T18:04:33.728+0000] {logging_mixin.py:188} INFO - [2026-06-10T18:04:33.727+0000] {dag.py:3947} INFO - Setting next_dagrun for example_params_trigger_ui to None, run_after=None
[2026-06-10T18:04:33.743+0000] {processor.py:183} INFO - Processing /home/airflow/.local/lib/python3.12/site-packages/airflow/example_dags/example_params_trigger_ui.py took 0.081 seconds
[2026-06-10T18:05:04.431+0000] {processor.py:161} INFO - Started process (PID=1647) to work on /home/airflow/.local/lib/python3.12/site-packages/airflow/example_dags/example_params_trigger_ui.py
[2026-06-10T18:05:04.432+0000] {processor.py:830} INFO - Processing file /home/airflow/.local/lib/python3.12/site-packages/airflow/example_dags/example_params_trigger_ui.py for tasks to queue
[2026-06-10T18:05:04.433+0000] {logging_mixin.py:188} INFO - [2026-06-10T18:05:04.433+0000] {dagbag.py:545} INFO - Filling up the DagBag from /home/airflow/.local/lib/python3.12/site-packages/airflow/example_dags/example_params_trigger_ui.py
[2026-06-10T18:05:04.440+0000] {processor.py:840} INFO - DAG(s) 'example_params_trigger_ui' retrieved from /home/airflow/.local/lib/python3.12/site-packages/airflow/example_dags/example_params_trigger_ui.py
[2026-06-10T18:05:04.479+0000] {logging_mixin.py:188} INFO - [2026-06-10T18:05:04.479+0000] {dag.py:3089} INFO - Sync 1 DAGs
[2026-06-10T18:05:04.490+0000] {logging_mixin.py:188} INFO - [2026-06-10T18:05:04.490+0000] {dag.py:3947} INFO - Setting next_dagrun for example_params_trigger_ui to None, run_after=None
[2026-06-10T18:05:04.505+0000] {processor.py:183} INFO - Processing /home/airflow/.local/lib/python3.12/site-packages/airflow/example_dags/example_params_trigger_ui.py took 0.078 seconds
[2026-06-10T18:05:34.982+0000] {processor.py:161} INFO - Started process (PID=1708) to work on /home/airflow/.local/lib/python3.12/site-packages/airflow/example_dags/example_params_trigger_ui.py
[2026-06-10T18:05:34.983+0000] {processor.py:830} INFO - Processing file /home/airflow/.local/lib/python3.12/site-packages/airflow/example_dags/example_params_trigger_ui.py for tasks to queue
[2026-06-10T18:05:34.985+0000] {logging_mixin.py:188} INFO - [2026-06-10T18:05:34.984+0000] {dagbag.py:545} INFO - Filling up the DagBag from /home/airflow/.local/lib/python3.12/site-packages/airflow/example_dags/example_params_trigger_ui.py
[2026-06-10T18:05:34.992+0000] {processor.py:840} INFO - DAG(s) 'example_params_trigger_ui' retrieved from /home/airflow/.local/lib/python3.12/site-packages/airflow/example_dags/example_params_trigger_ui.py
[2026-06-10T18:05:35.032+0000] {logging_mixin.py:188} INFO - [2026-06-10T18:05:35.032+0000] {dag.py:3089} INFO - Sync 1 DAGs
[2026-06-10T18:05:35.043+0000] {logging_mixin.py:188} INFO - [2026-06-10T18:05:35.042+0000] {dag.py:3947} INFO - Setting next_dagrun for example_params_trigger_ui to None, run_after=None
[2026-06-10T18:05:35.058+0000] {processor.py:183} INFO - Processing /home/airflow/.local/lib/python3.12/site-packages/airflow/example_dags/example_params_trigger_ui.py took 0.081 seconds
