[2026-06-10T17:52:04.145+0000] {processor.py:161} INFO - Started process (PID=82) to work on /home/airflow/.local/lib/python3.12/site-packages/airflow/example_dags/example_latest_only_with_trigger.py
[2026-06-10T17:52:04.146+0000] {processor.py:830} INFO - Processing file /home/airflow/.local/lib/python3.12/site-packages/airflow/example_dags/example_latest_only_with_trigger.py for tasks to queue
[2026-06-10T17:52:04.147+0000] {logging_mixin.py:188} INFO - [2026-06-10T17:52:04.147+0000] {dagbag.py:545} INFO - Filling up the DagBag from /home/airflow/.local/lib/python3.12/site-packages/airflow/example_dags/example_latest_only_with_trigger.py
[2026-06-10T17:52:04.156+0000] {processor.py:840} INFO - DAG(s) 'latest_only_with_trigger' retrieved from /home/airflow/.local/lib/python3.12/site-packages/airflow/example_dags/example_latest_only_with_trigger.py
[2026-06-10T17:52:04.270+0000] {logging_mixin.py:188} INFO - [2026-06-10T17:52:04.270+0000] {override.py:1858} INFO - Created Permission View: can edit on DAG:latest_only_with_trigger
[2026-06-10T17:52:04.280+0000] {logging_mixin.py:188} INFO - [2026-06-10T17:52:04.280+0000] {override.py:1858} INFO - Created Permission View: can read on DAG:latest_only_with_trigger
[2026-06-10T17:52:04.287+0000] {logging_mixin.py:188} INFO - [2026-06-10T17:52:04.287+0000] {override.py:1858} INFO - Created Permission View: can delete on DAG:latest_only_with_trigger
[2026-06-10T17:52:04.288+0000] {logging_mixin.py:188} INFO - [2026-06-10T17:52:04.288+0000] {dag.py:3089} INFO - Sync 1 DAGs
[2026-06-10T17:52:04.302+0000] {logging_mixin.py:188} INFO - [2026-06-10T17:52:04.301+0000] {dag.py:3111} INFO - Creating ORM DAG for latest_only_with_trigger
[2026-06-10T17:52:04.317+0000] {logging_mixin.py:188} INFO - [2026-06-10T17:52:04.317+0000] {dag.py:3947} INFO - Setting next_dagrun for latest_only_with_trigger to 2026-06-10 12:00:00+00:00, run_after=2026-06-10 16:00:00+00:00
[2026-06-10T17:52:04.338+0000] {processor.py:183} INFO - Processing /home/airflow/.local/lib/python3.12/site-packages/airflow/example_dags/example_latest_only_with_trigger.py took 0.197 seconds
[2026-06-10T17:52:34.515+0000] {processor.py:161} INFO - Started process (PID=142) to work on /home/airflow/.local/lib/python3.12/site-packages/airflow/example_dags/example_latest_only_with_trigger.py
[2026-06-10T17:52:34.704+0000] {processor.py:830} INFO - Processing file /home/airflow/.local/lib/python3.12/site-packages/airflow/example_dags/example_latest_only_with_trigger.py for tasks to queue
[2026-06-10T17:52:34.710+0000] {logging_mixin.py:188} INFO - [2026-06-10T17:52:34.709+0000] {dagbag.py:545} INFO - Filling up the DagBag from /home/airflow/.local/lib/python3.12/site-packages/airflow/example_dags/example_latest_only_with_trigger.py
[2026-06-10T17:52:34.729+0000] {processor.py:840} INFO - DAG(s) 'latest_only_with_trigger' retrieved from /home/airflow/.local/lib/python3.12/site-packages/airflow/example_dags/example_latest_only_with_trigger.py
[2026-06-10T17:52:34.758+0000] {logging_mixin.py:188} INFO - [2026-06-10T17:52:34.758+0000] {dag.py:3089} INFO - Sync 1 DAGs
[2026-06-10T17:52:34.780+0000] {logging_mixin.py:188} INFO - [2026-06-10T17:52:34.780+0000] {dag.py:3947} INFO - Setting next_dagrun for latest_only_with_trigger to 2026-06-10 12:00:00+00:00, run_after=2026-06-10 16:00:00+00:00
[2026-06-10T17:52:34.853+0000] {processor.py:183} INFO - Processing /home/airflow/.local/lib/python3.12/site-packages/airflow/example_dags/example_latest_only_with_trigger.py took 0.343 seconds
[2026-06-10T17:53:05.065+0000] {processor.py:161} INFO - Started process (PID=203) to work on /home/airflow/.local/lib/python3.12/site-packages/airflow/example_dags/example_latest_only_with_trigger.py
[2026-06-10T17:53:05.067+0000] {processor.py:830} INFO - Processing file /home/airflow/.local/lib/python3.12/site-packages/airflow/example_dags/example_latest_only_with_trigger.py for tasks to queue
[2026-06-10T17:53:05.068+0000] {logging_mixin.py:188} INFO - [2026-06-10T17:53:05.068+0000] {dagbag.py:545} INFO - Filling up the DagBag from /home/airflow/.local/lib/python3.12/site-packages/airflow/example_dags/example_latest_only_with_trigger.py
[2026-06-10T17:53:05.073+0000] {processor.py:840} INFO - DAG(s) 'latest_only_with_trigger' retrieved from /home/airflow/.local/lib/python3.12/site-packages/airflow/example_dags/example_latest_only_with_trigger.py
[2026-06-10T17:53:05.090+0000] {logging_mixin.py:188} INFO - [2026-06-10T17:53:05.089+0000] {dag.py:3089} INFO - Sync 1 DAGs
[2026-06-10T17:53:05.108+0000] {logging_mixin.py:188} INFO - [2026-06-10T17:53:05.108+0000] {dag.py:3947} INFO - Setting next_dagrun for latest_only_with_trigger to 2026-06-10 12:00:00+00:00, run_after=2026-06-10 16:00:00+00:00
[2026-06-10T17:53:05.123+0000] {processor.py:183} INFO - Processing /home/airflow/.local/lib/python3.12/site-packages/airflow/example_dags/example_latest_only_with_trigger.py took 0.062 seconds
[2026-06-10T17:53:35.680+0000] {processor.py:161} INFO - Started process (PID=265) to work on /home/airflow/.local/lib/python3.12/site-packages/airflow/example_dags/example_latest_only_with_trigger.py
[2026-06-10T17:53:35.681+0000] {processor.py:830} INFO - Processing file /home/airflow/.local/lib/python3.12/site-packages/airflow/example_dags/example_latest_only_with_trigger.py for tasks to queue
[2026-06-10T17:53:35.682+0000] {logging_mixin.py:188} INFO - [2026-06-10T17:53:35.682+0000] {dagbag.py:545} INFO - Filling up the DagBag from /home/airflow/.local/lib/python3.12/site-packages/airflow/example_dags/example_latest_only_with_trigger.py
[2026-06-10T17:53:35.687+0000] {processor.py:840} INFO - DAG(s) 'latest_only_with_trigger' retrieved from /home/airflow/.local/lib/python3.12/site-packages/airflow/example_dags/example_latest_only_with_trigger.py
[2026-06-10T17:53:35.703+0000] {logging_mixin.py:188} INFO - [2026-06-10T17:53:35.703+0000] {dag.py:3089} INFO - Sync 1 DAGs
[2026-06-10T17:53:35.721+0000] {logging_mixin.py:188} INFO - [2026-06-10T17:53:35.720+0000] {dag.py:3947} INFO - Setting next_dagrun for latest_only_with_trigger to 2026-06-10 12:00:00+00:00, run_after=2026-06-10 16:00:00+00:00
[2026-06-10T17:53:35.735+0000] {processor.py:183} INFO - Processing /home/airflow/.local/lib/python3.12/site-packages/airflow/example_dags/example_latest_only_with_trigger.py took 0.060 seconds
[2026-06-10T17:54:05.993+0000] {processor.py:161} INFO - Started process (PID=326) to work on /home/airflow/.local/lib/python3.12/site-packages/airflow/example_dags/example_latest_only_with_trigger.py
[2026-06-10T17:54:05.993+0000] {processor.py:830} INFO - Processing file /home/airflow/.local/lib/python3.12/site-packages/airflow/example_dags/example_latest_only_with_trigger.py for tasks to queue
[2026-06-10T17:54:05.995+0000] {logging_mixin.py:188} INFO - [2026-06-10T17:54:05.994+0000] {dagbag.py:545} INFO - Filling up the DagBag from /home/airflow/.local/lib/python3.12/site-packages/airflow/example_dags/example_latest_only_with_trigger.py
[2026-06-10T17:54:06.000+0000] {processor.py:840} INFO - DAG(s) 'latest_only_with_trigger' retrieved from /home/airflow/.local/lib/python3.12/site-packages/airflow/example_dags/example_latest_only_with_trigger.py
[2026-06-10T17:54:06.016+0000] {logging_mixin.py:188} INFO - [2026-06-10T17:54:06.015+0000] {dag.py:3089} INFO - Sync 1 DAGs
[2026-06-10T17:54:06.033+0000] {logging_mixin.py:188} INFO - [2026-06-10T17:54:06.033+0000] {dag.py:3947} INFO - Setting next_dagrun for latest_only_with_trigger to 2026-06-10 12:00:00+00:00, run_after=2026-06-10 16:00:00+00:00
[2026-06-10T17:54:06.047+0000] {processor.py:183} INFO - Processing /home/airflow/.local/lib/python3.12/site-packages/airflow/example_dags/example_latest_only_with_trigger.py took 0.059 seconds
[2026-06-10T17:54:36.678+0000] {processor.py:161} INFO - Started process (PID=387) to work on /home/airflow/.local/lib/python3.12/site-packages/airflow/example_dags/example_latest_only_with_trigger.py
[2026-06-10T17:54:36.679+0000] {processor.py:830} INFO - Processing file /home/airflow/.local/lib/python3.12/site-packages/airflow/example_dags/example_latest_only_with_trigger.py for tasks to queue
[2026-06-10T17:54:36.680+0000] {logging_mixin.py:188} INFO - [2026-06-10T17:54:36.680+0000] {dagbag.py:545} INFO - Filling up the DagBag from /home/airflow/.local/lib/python3.12/site-packages/airflow/example_dags/example_latest_only_with_trigger.py
[2026-06-10T17:54:36.685+0000] {processor.py:840} INFO - DAG(s) 'latest_only_with_trigger' retrieved from /home/airflow/.local/lib/python3.12/site-packages/airflow/example_dags/example_latest_only_with_trigger.py
[2026-06-10T17:54:36.701+0000] {logging_mixin.py:188} INFO - [2026-06-10T17:54:36.701+0000] {dag.py:3089} INFO - Sync 1 DAGs
[2026-06-10T17:54:36.719+0000] {logging_mixin.py:188} INFO - [2026-06-10T17:54:36.719+0000] {dag.py:3947} INFO - Setting next_dagrun for latest_only_with_trigger to 2026-06-10 12:00:00+00:00, run_after=2026-06-10 16:00:00+00:00
[2026-06-10T17:54:36.733+0000] {processor.py:183} INFO - Processing /home/airflow/.local/lib/python3.12/site-packages/airflow/example_dags/example_latest_only_with_trigger.py took 0.059 seconds
[2026-06-10T17:55:06.900+0000] {processor.py:161} INFO - Started process (PID=448) to work on /home/airflow/.local/lib/python3.12/site-packages/airflow/example_dags/example_latest_only_with_trigger.py
[2026-06-10T17:55:06.901+0000] {processor.py:830} INFO - Processing file /home/airflow/.local/lib/python3.12/site-packages/airflow/example_dags/example_latest_only_with_trigger.py for tasks to queue
[2026-06-10T17:55:06.903+0000] {logging_mixin.py:188} INFO - [2026-06-10T17:55:06.903+0000] {dagbag.py:545} INFO - Filling up the DagBag from /home/airflow/.local/lib/python3.12/site-packages/airflow/example_dags/example_latest_only_with_trigger.py
[2026-06-10T17:55:06.908+0000] {processor.py:840} INFO - DAG(s) 'latest_only_with_trigger' retrieved from /home/airflow/.local/lib/python3.12/site-packages/airflow/example_dags/example_latest_only_with_trigger.py
[2026-06-10T17:55:06.924+0000] {logging_mixin.py:188} INFO - [2026-06-10T17:55:06.924+0000] {dag.py:3089} INFO - Sync 1 DAGs
[2026-06-10T17:55:06.942+0000] {logging_mixin.py:188} INFO - [2026-06-10T17:55:06.942+0000] {dag.py:3947} INFO - Setting next_dagrun for latest_only_with_trigger to 2026-06-10 12:00:00+00:00, run_after=2026-06-10 16:00:00+00:00
[2026-06-10T17:55:06.957+0000] {processor.py:183} INFO - Processing /home/airflow/.local/lib/python3.12/site-packages/airflow/example_dags/example_latest_only_with_trigger.py took 0.061 seconds
[2026-06-10T17:55:37.255+0000] {processor.py:161} INFO - Started process (PID=509) to work on /home/airflow/.local/lib/python3.12/site-packages/airflow/example_dags/example_latest_only_with_trigger.py
[2026-06-10T17:55:37.257+0000] {processor.py:830} INFO - Processing file /home/airflow/.local/lib/python3.12/site-packages/airflow/example_dags/example_latest_only_with_trigger.py for tasks to queue
[2026-06-10T17:55:37.259+0000] {logging_mixin.py:188} INFO - [2026-06-10T17:55:37.259+0000] {dagbag.py:545} INFO - Filling up the DagBag from /home/airflow/.local/lib/python3.12/site-packages/airflow/example_dags/example_latest_only_with_trigger.py
[2026-06-10T17:55:37.264+0000] {processor.py:840} INFO - DAG(s) 'latest_only_with_trigger' retrieved from /home/airflow/.local/lib/python3.12/site-packages/airflow/example_dags/example_latest_only_with_trigger.py
[2026-06-10T17:55:37.281+0000] {logging_mixin.py:188} INFO - [2026-06-10T17:55:37.281+0000] {dag.py:3089} INFO - Sync 1 DAGs
[2026-06-10T17:55:37.299+0000] {logging_mixin.py:188} INFO - [2026-06-10T17:55:37.299+0000] {dag.py:3947} INFO - Setting next_dagrun for latest_only_with_trigger to 2026-06-10 12:00:00+00:00, run_after=2026-06-10 16:00:00+00:00
[2026-06-10T17:55:37.314+0000] {processor.py:183} INFO - Processing /home/airflow/.local/lib/python3.12/site-packages/airflow/example_dags/example_latest_only_with_trigger.py took 0.063 seconds
[2026-06-10T17:56:07.455+0000] {processor.py:161} INFO - Started process (PID=570) to work on /home/airflow/.local/lib/python3.12/site-packages/airflow/example_dags/example_latest_only_with_trigger.py
[2026-06-10T17:56:07.455+0000] {processor.py:830} INFO - Processing file /home/airflow/.local/lib/python3.12/site-packages/airflow/example_dags/example_latest_only_with_trigger.py for tasks to queue
[2026-06-10T17:56:07.456+0000] {logging_mixin.py:188} INFO - [2026-06-10T17:56:07.456+0000] {dagbag.py:545} INFO - Filling up the DagBag from /home/airflow/.local/lib/python3.12/site-packages/airflow/example_dags/example_latest_only_with_trigger.py
[2026-06-10T17:56:07.461+0000] {processor.py:840} INFO - DAG(s) 'latest_only_with_trigger' retrieved from /home/airflow/.local/lib/python3.12/site-packages/airflow/example_dags/example_latest_only_with_trigger.py
[2026-06-10T17:56:07.477+0000] {logging_mixin.py:188} INFO - [2026-06-10T17:56:07.477+0000] {dag.py:3089} INFO - Sync 1 DAGs
[2026-06-10T17:56:07.495+0000] {logging_mixin.py:188} INFO - [2026-06-10T17:56:07.495+0000] {dag.py:3947} INFO - Setting next_dagrun for latest_only_with_trigger to 2026-06-10 12:00:00+00:00, run_after=2026-06-10 16:00:00+00:00
[2026-06-10T17:56:07.510+0000] {processor.py:183} INFO - Processing /home/airflow/.local/lib/python3.12/site-packages/airflow/example_dags/example_latest_only_with_trigger.py took 0.059 seconds
[2026-06-10T17:56:37.617+0000] {processor.py:161} INFO - Started process (PID=631) to work on /home/airflow/.local/lib/python3.12/site-packages/airflow/example_dags/example_latest_only_with_trigger.py
[2026-06-10T17:56:37.617+0000] {processor.py:830} INFO - Processing file /home/airflow/.local/lib/python3.12/site-packages/airflow/example_dags/example_latest_only_with_trigger.py for tasks to queue
[2026-06-10T17:56:37.619+0000] {logging_mixin.py:188} INFO - [2026-06-10T17:56:37.618+0000] {dagbag.py:545} INFO - Filling up the DagBag from /home/airflow/.local/lib/python3.12/site-packages/airflow/example_dags/example_latest_only_with_trigger.py
[2026-06-10T17:56:37.623+0000] {processor.py:840} INFO - DAG(s) 'latest_only_with_trigger' retrieved from /home/airflow/.local/lib/python3.12/site-packages/airflow/example_dags/example_latest_only_with_trigger.py
[2026-06-10T17:56:37.640+0000] {logging_mixin.py:188} INFO - [2026-06-10T17:56:37.639+0000] {dag.py:3089} INFO - Sync 1 DAGs
[2026-06-10T17:56:37.657+0000] {logging_mixin.py:188} INFO - [2026-06-10T17:56:37.657+0000] {dag.py:3947} INFO - Setting next_dagrun for latest_only_with_trigger to 2026-06-10 12:00:00+00:00, run_after=2026-06-10 16:00:00+00:00
[2026-06-10T17:56:37.672+0000] {processor.py:183} INFO - Processing /home/airflow/.local/lib/python3.12/site-packages/airflow/example_dags/example_latest_only_with_trigger.py took 0.060 seconds
[2026-06-10T17:57:07.786+0000] {processor.py:161} INFO - Started process (PID=692) to work on /home/airflow/.local/lib/python3.12/site-packages/airflow/example_dags/example_latest_only_with_trigger.py
[2026-06-10T17:57:07.786+0000] {processor.py:830} INFO - Processing file /home/airflow/.local/lib/python3.12/site-packages/airflow/example_dags/example_latest_only_with_trigger.py for tasks to queue
[2026-06-10T17:57:07.788+0000] {logging_mixin.py:188} INFO - [2026-06-10T17:57:07.787+0000] {dagbag.py:545} INFO - Filling up the DagBag from /home/airflow/.local/lib/python3.12/site-packages/airflow/example_dags/example_latest_only_with_trigger.py
[2026-06-10T17:57:07.792+0000] {processor.py:840} INFO - DAG(s) 'latest_only_with_trigger' retrieved from /home/airflow/.local/lib/python3.12/site-packages/airflow/example_dags/example_latest_only_with_trigger.py
[2026-06-10T17:57:07.809+0000] {logging_mixin.py:188} INFO - [2026-06-10T17:57:07.808+0000] {dag.py:3089} INFO - Sync 1 DAGs
[2026-06-10T17:57:07.828+0000] {logging_mixin.py:188} INFO - [2026-06-10T17:57:07.828+0000] {dag.py:3947} INFO - Setting next_dagrun for latest_only_with_trigger to 2026-06-10 12:00:00+00:00, run_after=2026-06-10 16:00:00+00:00
[2026-06-10T17:57:07.848+0000] {processor.py:183} INFO - Processing /home/airflow/.local/lib/python3.12/site-packages/airflow/example_dags/example_latest_only_with_trigger.py took 0.066 seconds
[2026-06-10T17:57:37.935+0000] {processor.py:161} INFO - Started process (PID=753) to work on /home/airflow/.local/lib/python3.12/site-packages/airflow/example_dags/example_latest_only_with_trigger.py
[2026-06-10T17:57:37.936+0000] {processor.py:830} INFO - Processing file /home/airflow/.local/lib/python3.12/site-packages/airflow/example_dags/example_latest_only_with_trigger.py for tasks to queue
[2026-06-10T17:57:37.937+0000] {logging_mixin.py:188} INFO - [2026-06-10T17:57:37.937+0000] {dagbag.py:545} INFO - Filling up the DagBag from /home/airflow/.local/lib/python3.12/site-packages/airflow/example_dags/example_latest_only_with_trigger.py
[2026-06-10T17:57:37.942+0000] {processor.py:840} INFO - DAG(s) 'latest_only_with_trigger' retrieved from /home/airflow/.local/lib/python3.12/site-packages/airflow/example_dags/example_latest_only_with_trigger.py
[2026-06-10T17:57:37.958+0000] {logging_mixin.py:188} INFO - [2026-06-10T17:57:37.957+0000] {dag.py:3089} INFO - Sync 1 DAGs
[2026-06-10T17:57:37.976+0000] {logging_mixin.py:188} INFO - [2026-06-10T17:57:37.976+0000] {dag.py:3947} INFO - Setting next_dagrun for latest_only_with_trigger to 2026-06-10 12:00:00+00:00, run_after=2026-06-10 16:00:00+00:00
[2026-06-10T17:57:37.993+0000] {processor.py:183} INFO - Processing /home/airflow/.local/lib/python3.12/site-packages/airflow/example_dags/example_latest_only_with_trigger.py took 0.062 seconds
[2026-06-10T17:58:08.503+0000] {processor.py:161} INFO - Started process (PID=814) to work on /home/airflow/.local/lib/python3.12/site-packages/airflow/example_dags/example_latest_only_with_trigger.py
[2026-06-10T17:58:08.503+0000] {processor.py:830} INFO - Processing file /home/airflow/.local/lib/python3.12/site-packages/airflow/example_dags/example_latest_only_with_trigger.py for tasks to queue
[2026-06-10T17:58:08.505+0000] {logging_mixin.py:188} INFO - [2026-06-10T17:58:08.505+0000] {dagbag.py:545} INFO - Filling up the DagBag from /home/airflow/.local/lib/python3.12/site-packages/airflow/example_dags/example_latest_only_with_trigger.py
[2026-06-10T17:58:08.510+0000] {processor.py:840} INFO - DAG(s) 'latest_only_with_trigger' retrieved from /home/airflow/.local/lib/python3.12/site-packages/airflow/example_dags/example_latest_only_with_trigger.py
[2026-06-10T17:58:08.528+0000] {logging_mixin.py:188} INFO - [2026-06-10T17:58:08.528+0000] {dag.py:3089} INFO - Sync 1 DAGs
[2026-06-10T17:58:08.547+0000] {logging_mixin.py:188} INFO - [2026-06-10T17:58:08.547+0000] {dag.py:3947} INFO - Setting next_dagrun for latest_only_with_trigger to 2026-06-10 12:00:00+00:00, run_after=2026-06-10 16:00:00+00:00
[2026-06-10T17:58:08.685+0000] {processor.py:183} INFO - Processing /home/airflow/.local/lib/python3.12/site-packages/airflow/example_dags/example_latest_only_with_trigger.py took 0.187 seconds
[2026-06-10T17:58:39.411+0000] {processor.py:161} INFO - Started process (PID=873) to work on /home/airflow/.local/lib/python3.12/site-packages/airflow/example_dags/example_latest_only_with_trigger.py
[2026-06-10T17:58:39.412+0000] {processor.py:830} INFO - Processing file /home/airflow/.local/lib/python3.12/site-packages/airflow/example_dags/example_latest_only_with_trigger.py for tasks to queue
[2026-06-10T17:58:39.413+0000] {logging_mixin.py:188} INFO - [2026-06-10T17:58:39.413+0000] {dagbag.py:545} INFO - Filling up the DagBag from /home/airflow/.local/lib/python3.12/site-packages/airflow/example_dags/example_latest_only_with_trigger.py
[2026-06-10T17:58:39.418+0000] {processor.py:840} INFO - DAG(s) 'latest_only_with_trigger' retrieved from /home/airflow/.local/lib/python3.12/site-packages/airflow/example_dags/example_latest_only_with_trigger.py
[2026-06-10T17:58:39.435+0000] {logging_mixin.py:188} INFO - [2026-06-10T17:58:39.435+0000] {dag.py:3089} INFO - Sync 1 DAGs
[2026-06-10T17:58:39.454+0000] {logging_mixin.py:188} INFO - [2026-06-10T17:58:39.454+0000] {dag.py:3947} INFO - Setting next_dagrun for latest_only_with_trigger to 2026-06-10 12:00:00+00:00, run_after=2026-06-10 16:00:00+00:00
[2026-06-10T17:58:39.470+0000] {processor.py:183} INFO - Processing /home/airflow/.local/lib/python3.12/site-packages/airflow/example_dags/example_latest_only_with_trigger.py took 0.064 seconds
[2026-06-10T17:59:09.843+0000] {processor.py:161} INFO - Started process (PID=934) to work on /home/airflow/.local/lib/python3.12/site-packages/airflow/example_dags/example_latest_only_with_trigger.py
[2026-06-10T17:59:09.843+0000] {processor.py:830} INFO - Processing file /home/airflow/.local/lib/python3.12/site-packages/airflow/example_dags/example_latest_only_with_trigger.py for tasks to queue
[2026-06-10T17:59:09.845+0000] {logging_mixin.py:188} INFO - [2026-06-10T17:59:09.845+0000] {dagbag.py:545} INFO - Filling up the DagBag from /home/airflow/.local/lib/python3.12/site-packages/airflow/example_dags/example_latest_only_with_trigger.py
[2026-06-10T17:59:09.851+0000] {processor.py:840} INFO - DAG(s) 'latest_only_with_trigger' retrieved from /home/airflow/.local/lib/python3.12/site-packages/airflow/example_dags/example_latest_only_with_trigger.py
[2026-06-10T17:59:09.869+0000] {logging_mixin.py:188} INFO - [2026-06-10T17:59:09.868+0000] {dag.py:3089} INFO - Sync 1 DAGs
[2026-06-10T17:59:09.887+0000] {logging_mixin.py:188} INFO - [2026-06-10T17:59:09.887+0000] {dag.py:3947} INFO - Setting next_dagrun for latest_only_with_trigger to 2026-06-10 12:00:00+00:00, run_after=2026-06-10 16:00:00+00:00
[2026-06-10T17:59:09.909+0000] {processor.py:183} INFO - Processing /home/airflow/.local/lib/python3.12/site-packages/airflow/example_dags/example_latest_only_with_trigger.py took 0.074 seconds
[2026-06-10T17:59:40.424+0000] {processor.py:161} INFO - Started process (PID=995) to work on /home/airflow/.local/lib/python3.12/site-packages/airflow/example_dags/example_latest_only_with_trigger.py
[2026-06-10T17:59:40.426+0000] {processor.py:830} INFO - Processing file /home/airflow/.local/lib/python3.12/site-packages/airflow/example_dags/example_latest_only_with_trigger.py for tasks to queue
[2026-06-10T17:59:40.427+0000] {logging_mixin.py:188} INFO - [2026-06-10T17:59:40.427+0000] {dagbag.py:545} INFO - Filling up the DagBag from /home/airflow/.local/lib/python3.12/site-packages/airflow/example_dags/example_latest_only_with_trigger.py
[2026-06-10T17:59:40.434+0000] {processor.py:840} INFO - DAG(s) 'latest_only_with_trigger' retrieved from /home/airflow/.local/lib/python3.12/site-packages/airflow/example_dags/example_latest_only_with_trigger.py
[2026-06-10T17:59:40.452+0000] {logging_mixin.py:188} INFO - [2026-06-10T17:59:40.451+0000] {dag.py:3089} INFO - Sync 1 DAGs
[2026-06-10T17:59:40.470+0000] {logging_mixin.py:188} INFO - [2026-06-10T17:59:40.470+0000] {dag.py:3947} INFO - Setting next_dagrun for latest_only_with_trigger to 2026-06-10 12:00:00+00:00, run_after=2026-06-10 16:00:00+00:00
[2026-06-10T17:59:40.485+0000] {processor.py:183} INFO - Processing /home/airflow/.local/lib/python3.12/site-packages/airflow/example_dags/example_latest_only_with_trigger.py took 0.069 seconds
[2026-06-10T18:00:11.169+0000] {processor.py:161} INFO - Started process (PID=1056) to work on /home/airflow/.local/lib/python3.12/site-packages/airflow/example_dags/example_latest_only_with_trigger.py
[2026-06-10T18:00:11.169+0000] {processor.py:830} INFO - Processing file /home/airflow/.local/lib/python3.12/site-packages/airflow/example_dags/example_latest_only_with_trigger.py for tasks to queue
[2026-06-10T18:00:11.171+0000] {logging_mixin.py:188} INFO - [2026-06-10T18:00:11.171+0000] {dagbag.py:545} INFO - Filling up the DagBag from /home/airflow/.local/lib/python3.12/site-packages/airflow/example_dags/example_latest_only_with_trigger.py
[2026-06-10T18:00:11.177+0000] {processor.py:840} INFO - DAG(s) 'latest_only_with_trigger' retrieved from /home/airflow/.local/lib/python3.12/site-packages/airflow/example_dags/example_latest_only_with_trigger.py
[2026-06-10T18:00:11.195+0000] {logging_mixin.py:188} INFO - [2026-06-10T18:00:11.194+0000] {dag.py:3089} INFO - Sync 1 DAGs
[2026-06-10T18:00:11.213+0000] {logging_mixin.py:188} INFO - [2026-06-10T18:00:11.213+0000] {dag.py:3947} INFO - Setting next_dagrun for latest_only_with_trigger to 2026-06-10 12:00:00+00:00, run_after=2026-06-10 16:00:00+00:00
[2026-06-10T18:00:11.230+0000] {processor.py:183} INFO - Processing /home/airflow/.local/lib/python3.12/site-packages/airflow/example_dags/example_latest_only_with_trigger.py took 0.069 seconds
[2026-06-10T18:00:42.086+0000] {processor.py:161} INFO - Started process (PID=1118) to work on /home/airflow/.local/lib/python3.12/site-packages/airflow/example_dags/example_latest_only_with_trigger.py
[2026-06-10T18:00:42.087+0000] {processor.py:830} INFO - Processing file /home/airflow/.local/lib/python3.12/site-packages/airflow/example_dags/example_latest_only_with_trigger.py for tasks to queue
[2026-06-10T18:00:42.089+0000] {logging_mixin.py:188} INFO - [2026-06-10T18:00:42.089+0000] {dagbag.py:545} INFO - Filling up the DagBag from /home/airflow/.local/lib/python3.12/site-packages/airflow/example_dags/example_latest_only_with_trigger.py
[2026-06-10T18:00:42.227+0000] {processor.py:840} INFO - DAG(s) 'latest_only_with_trigger' retrieved from /home/airflow/.local/lib/python3.12/site-packages/airflow/example_dags/example_latest_only_with_trigger.py
[2026-06-10T18:00:42.241+0000] {logging_mixin.py:188} INFO - [2026-06-10T18:00:42.240+0000] {dag.py:3089} INFO - Sync 1 DAGs
[2026-06-10T18:00:42.256+0000] {logging_mixin.py:188} INFO - [2026-06-10T18:00:42.256+0000] {dag.py:3947} INFO - Setting next_dagrun for latest_only_with_trigger to 2026-06-10 12:00:00+00:00, run_after=2026-06-10 16:00:00+00:00
[2026-06-10T18:00:42.270+0000] {processor.py:183} INFO - Processing /home/airflow/.local/lib/python3.12/site-packages/airflow/example_dags/example_latest_only_with_trigger.py took 0.188 seconds
[2026-06-10T18:01:12.956+0000] {processor.py:161} INFO - Started process (PID=1179) to work on /home/airflow/.local/lib/python3.12/site-packages/airflow/example_dags/example_latest_only_with_trigger.py
[2026-06-10T18:01:12.957+0000] {processor.py:830} INFO - Processing file /home/airflow/.local/lib/python3.12/site-packages/airflow/example_dags/example_latest_only_with_trigger.py for tasks to queue
[2026-06-10T18:01:12.959+0000] {logging_mixin.py:188} INFO - [2026-06-10T18:01:12.958+0000] {dagbag.py:545} INFO - Filling up the DagBag from /home/airflow/.local/lib/python3.12/site-packages/airflow/example_dags/example_latest_only_with_trigger.py
[2026-06-10T18:01:12.965+0000] {processor.py:840} INFO - DAG(s) 'latest_only_with_trigger' retrieved from /home/airflow/.local/lib/python3.12/site-packages/airflow/example_dags/example_latest_only_with_trigger.py
[2026-06-10T18:01:12.986+0000] {logging_mixin.py:188} INFO - [2026-06-10T18:01:12.986+0000] {dag.py:3089} INFO - Sync 1 DAGs
[2026-06-10T18:01:13.005+0000] {logging_mixin.py:188} INFO - [2026-06-10T18:01:13.005+0000] {dag.py:3947} INFO - Setting next_dagrun for latest_only_with_trigger to 2026-06-10 12:00:00+00:00, run_after=2026-06-10 16:00:00+00:00
[2026-06-10T18:01:13.020+0000] {processor.py:183} INFO - Processing /home/airflow/.local/lib/python3.12/site-packages/airflow/example_dags/example_latest_only_with_trigger.py took 0.070 seconds
[2026-06-10T18:01:43.551+0000] {processor.py:161} INFO - Started process (PID=1240) to work on /home/airflow/.local/lib/python3.12/site-packages/airflow/example_dags/example_latest_only_with_trigger.py
[2026-06-10T18:01:43.552+0000] {processor.py:830} INFO - Processing file /home/airflow/.local/lib/python3.12/site-packages/airflow/example_dags/example_latest_only_with_trigger.py for tasks to queue
[2026-06-10T18:01:43.554+0000] {logging_mixin.py:188} INFO - [2026-06-10T18:01:43.554+0000] {dagbag.py:545} INFO - Filling up the DagBag from /home/airflow/.local/lib/python3.12/site-packages/airflow/example_dags/example_latest_only_with_trigger.py
[2026-06-10T18:01:43.559+0000] {processor.py:840} INFO - DAG(s) 'latest_only_with_trigger' retrieved from /home/airflow/.local/lib/python3.12/site-packages/airflow/example_dags/example_latest_only_with_trigger.py
[2026-06-10T18:01:43.576+0000] {logging_mixin.py:188} INFO - [2026-06-10T18:01:43.576+0000] {dag.py:3089} INFO - Sync 1 DAGs
[2026-06-10T18:01:43.595+0000] {logging_mixin.py:188} INFO - [2026-06-10T18:01:43.594+0000] {dag.py:3947} INFO - Setting next_dagrun for latest_only_with_trigger to 2026-06-10 12:00:00+00:00, run_after=2026-06-10 16:00:00+00:00
[2026-06-10T18:01:43.610+0000] {processor.py:183} INFO - Processing /home/airflow/.local/lib/python3.12/site-packages/airflow/example_dags/example_latest_only_with_trigger.py took 0.065 seconds
[2026-06-10T18:02:14.072+0000] {processor.py:161} INFO - Started process (PID=1301) to work on /home/airflow/.local/lib/python3.12/site-packages/airflow/example_dags/example_latest_only_with_trigger.py
[2026-06-10T18:02:14.073+0000] {processor.py:830} INFO - Processing file /home/airflow/.local/lib/python3.12/site-packages/airflow/example_dags/example_latest_only_with_trigger.py for tasks to queue
[2026-06-10T18:02:14.074+0000] {logging_mixin.py:188} INFO - [2026-06-10T18:02:14.074+0000] {dagbag.py:545} INFO - Filling up the DagBag from /home/airflow/.local/lib/python3.12/site-packages/airflow/example_dags/example_latest_only_with_trigger.py
[2026-06-10T18:02:14.079+0000] {processor.py:840} INFO - DAG(s) 'latest_only_with_trigger' retrieved from /home/airflow/.local/lib/python3.12/site-packages/airflow/example_dags/example_latest_only_with_trigger.py
[2026-06-10T18:02:14.096+0000] {logging_mixin.py:188} INFO - [2026-06-10T18:02:14.096+0000] {dag.py:3089} INFO - Sync 1 DAGs
[2026-06-10T18:02:14.116+0000] {logging_mixin.py:188} INFO - [2026-06-10T18:02:14.115+0000] {dag.py:3947} INFO - Setting next_dagrun for latest_only_with_trigger to 2026-06-10 12:00:00+00:00, run_after=2026-06-10 16:00:00+00:00
[2026-06-10T18:02:14.130+0000] {processor.py:183} INFO - Processing /home/airflow/.local/lib/python3.12/site-packages/airflow/example_dags/example_latest_only_with_trigger.py took 0.064 seconds
[2026-06-10T18:02:44.585+0000] {processor.py:161} INFO - Started process (PID=1362) to work on /home/airflow/.local/lib/python3.12/site-packages/airflow/example_dags/example_latest_only_with_trigger.py
[2026-06-10T18:02:44.586+0000] {processor.py:830} INFO - Processing file /home/airflow/.local/lib/python3.12/site-packages/airflow/example_dags/example_latest_only_with_trigger.py for tasks to queue
[2026-06-10T18:02:44.587+0000] {logging_mixin.py:188} INFO - [2026-06-10T18:02:44.587+0000] {dagbag.py:545} INFO - Filling up the DagBag from /home/airflow/.local/lib/python3.12/site-packages/airflow/example_dags/example_latest_only_with_trigger.py
[2026-06-10T18:02:44.592+0000] {processor.py:840} INFO - DAG(s) 'latest_only_with_trigger' retrieved from /home/airflow/.local/lib/python3.12/site-packages/airflow/example_dags/example_latest_only_with_trigger.py
[2026-06-10T18:02:44.608+0000] {logging_mixin.py:188} INFO - [2026-06-10T18:02:44.608+0000] {dag.py:3089} INFO - Sync 1 DAGs
[2026-06-10T18:02:44.626+0000] {logging_mixin.py:188} INFO - [2026-06-10T18:02:44.626+0000] {dag.py:3947} INFO - Setting next_dagrun for latest_only_with_trigger to 2026-06-10 12:00:00+00:00, run_after=2026-06-10 16:00:00+00:00
[2026-06-10T18:02:44.641+0000] {processor.py:183} INFO - Processing /home/airflow/.local/lib/python3.12/site-packages/airflow/example_dags/example_latest_only_with_trigger.py took 0.061 seconds
[2026-06-10T18:03:15.104+0000] {processor.py:161} INFO - Started process (PID=1423) to work on /home/airflow/.local/lib/python3.12/site-packages/airflow/example_dags/example_latest_only_with_trigger.py
[2026-06-10T18:03:15.104+0000] {processor.py:830} INFO - Processing file /home/airflow/.local/lib/python3.12/site-packages/airflow/example_dags/example_latest_only_with_trigger.py for tasks to queue
[2026-06-10T18:03:15.106+0000] {logging_mixin.py:188} INFO - [2026-06-10T18:03:15.106+0000] {dagbag.py:545} INFO - Filling up the DagBag from /home/airflow/.local/lib/python3.12/site-packages/airflow/example_dags/example_latest_only_with_trigger.py
[2026-06-10T18:03:15.114+0000] {processor.py:840} INFO - DAG(s) 'latest_only_with_trigger' retrieved from /home/airflow/.local/lib/python3.12/site-packages/airflow/example_dags/example_latest_only_with_trigger.py
[2026-06-10T18:03:15.132+0000] {logging_mixin.py:188} INFO - [2026-06-10T18:03:15.132+0000] {dag.py:3089} INFO - Sync 1 DAGs
[2026-06-10T18:03:15.151+0000] {logging_mixin.py:188} INFO - [2026-06-10T18:03:15.150+0000] {dag.py:3947} INFO - Setting next_dagrun for latest_only_with_trigger to 2026-06-10 12:00:00+00:00, run_after=2026-06-10 16:00:00+00:00
[2026-06-10T18:03:15.167+0000] {processor.py:183} INFO - Processing /home/airflow/.local/lib/python3.12/site-packages/airflow/example_dags/example_latest_only_with_trigger.py took 0.071 seconds
[2026-06-10T18:03:45.963+0000] {processor.py:161} INFO - Started process (PID=1484) to work on /home/airflow/.local/lib/python3.12/site-packages/airflow/example_dags/example_latest_only_with_trigger.py
[2026-06-10T18:03:45.964+0000] {processor.py:830} INFO - Processing file /home/airflow/.local/lib/python3.12/site-packages/airflow/example_dags/example_latest_only_with_trigger.py for tasks to queue
[2026-06-10T18:03:45.966+0000] {logging_mixin.py:188} INFO - [2026-06-10T18:03:45.965+0000] {dagbag.py:545} INFO - Filling up the DagBag from /home/airflow/.local/lib/python3.12/site-packages/airflow/example_dags/example_latest_only_with_trigger.py
[2026-06-10T18:03:45.971+0000] {processor.py:840} INFO - DAG(s) 'latest_only_with_trigger' retrieved from /home/airflow/.local/lib/python3.12/site-packages/airflow/example_dags/example_latest_only_with_trigger.py
[2026-06-10T18:03:45.987+0000] {logging_mixin.py:188} INFO - [2026-06-10T18:03:45.987+0000] {dag.py:3089} INFO - Sync 1 DAGs
[2026-06-10T18:03:46.005+0000] {logging_mixin.py:188} INFO - [2026-06-10T18:03:46.005+0000] {dag.py:3947} INFO - Setting next_dagrun for latest_only_with_trigger to 2026-06-10 12:00:00+00:00, run_after=2026-06-10 16:00:00+00:00
[2026-06-10T18:03:46.021+0000] {processor.py:183} INFO - Processing /home/airflow/.local/lib/python3.12/site-packages/airflow/example_dags/example_latest_only_with_trigger.py took 0.062 seconds
[2026-06-10T18:04:16.974+0000] {processor.py:161} INFO - Started process (PID=1545) to work on /home/airflow/.local/lib/python3.12/site-packages/airflow/example_dags/example_latest_only_with_trigger.py
[2026-06-10T18:04:16.975+0000] {processor.py:830} INFO - Processing file /home/airflow/.local/lib/python3.12/site-packages/airflow/example_dags/example_latest_only_with_trigger.py for tasks to queue
[2026-06-10T18:04:16.976+0000] {logging_mixin.py:188} INFO - [2026-06-10T18:04:16.976+0000] {dagbag.py:545} INFO - Filling up the DagBag from /home/airflow/.local/lib/python3.12/site-packages/airflow/example_dags/example_latest_only_with_trigger.py
[2026-06-10T18:04:16.981+0000] {processor.py:840} INFO - DAG(s) 'latest_only_with_trigger' retrieved from /home/airflow/.local/lib/python3.12/site-packages/airflow/example_dags/example_latest_only_with_trigger.py
[2026-06-10T18:04:16.998+0000] {logging_mixin.py:188} INFO - [2026-06-10T18:04:16.997+0000] {dag.py:3089} INFO - Sync 1 DAGs
[2026-06-10T18:04:17.016+0000] {logging_mixin.py:188} INFO - [2026-06-10T18:04:17.016+0000] {dag.py:3947} INFO - Setting next_dagrun for latest_only_with_trigger to 2026-06-10 12:00:00+00:00, run_after=2026-06-10 16:00:00+00:00
[2026-06-10T18:04:17.030+0000] {processor.py:183} INFO - Processing /home/airflow/.local/lib/python3.12/site-packages/airflow/example_dags/example_latest_only_with_trigger.py took 0.060 seconds
[2026-06-10T18:04:47.549+0000] {processor.py:161} INFO - Started process (PID=1606) to work on /home/airflow/.local/lib/python3.12/site-packages/airflow/example_dags/example_latest_only_with_trigger.py
[2026-06-10T18:04:47.550+0000] {processor.py:830} INFO - Processing file /home/airflow/.local/lib/python3.12/site-packages/airflow/example_dags/example_latest_only_with_trigger.py for tasks to queue
[2026-06-10T18:04:47.551+0000] {logging_mixin.py:188} INFO - [2026-06-10T18:04:47.551+0000] {dagbag.py:545} INFO - Filling up the DagBag from /home/airflow/.local/lib/python3.12/site-packages/airflow/example_dags/example_latest_only_with_trigger.py
[2026-06-10T18:04:47.556+0000] {processor.py:840} INFO - DAG(s) 'latest_only_with_trigger' retrieved from /home/airflow/.local/lib/python3.12/site-packages/airflow/example_dags/example_latest_only_with_trigger.py
[2026-06-10T18:04:47.573+0000] {logging_mixin.py:188} INFO - [2026-06-10T18:04:47.573+0000] {dag.py:3089} INFO - Sync 1 DAGs
[2026-06-10T18:04:47.592+0000] {logging_mixin.py:188} INFO - [2026-06-10T18:04:47.591+0000] {dag.py:3947} INFO - Setting next_dagrun for latest_only_with_trigger to 2026-06-10 12:00:00+00:00, run_after=2026-06-10 16:00:00+00:00
[2026-06-10T18:04:47.607+0000] {processor.py:183} INFO - Processing /home/airflow/.local/lib/python3.12/site-packages/airflow/example_dags/example_latest_only_with_trigger.py took 0.063 seconds
[2026-06-10T18:05:18.234+0000] {processor.py:161} INFO - Started process (PID=1667) to work on /home/airflow/.local/lib/python3.12/site-packages/airflow/example_dags/example_latest_only_with_trigger.py
[2026-06-10T18:05:18.235+0000] {processor.py:830} INFO - Processing file /home/airflow/.local/lib/python3.12/site-packages/airflow/example_dags/example_latest_only_with_trigger.py for tasks to queue
[2026-06-10T18:05:18.237+0000] {logging_mixin.py:188} INFO - [2026-06-10T18:05:18.236+0000] {dagbag.py:545} INFO - Filling up the DagBag from /home/airflow/.local/lib/python3.12/site-packages/airflow/example_dags/example_latest_only_with_trigger.py
[2026-06-10T18:05:18.242+0000] {processor.py:840} INFO - DAG(s) 'latest_only_with_trigger' retrieved from /home/airflow/.local/lib/python3.12/site-packages/airflow/example_dags/example_latest_only_with_trigger.py
[2026-06-10T18:05:18.259+0000] {logging_mixin.py:188} INFO - [2026-06-10T18:05:18.259+0000] {dag.py:3089} INFO - Sync 1 DAGs
[2026-06-10T18:05:18.278+0000] {logging_mixin.py:188} INFO - [2026-06-10T18:05:18.277+0000] {dag.py:3947} INFO - Setting next_dagrun for latest_only_with_trigger to 2026-06-10 12:00:00+00:00, run_after=2026-06-10 16:00:00+00:00
[2026-06-10T18:05:18.292+0000] {processor.py:183} INFO - Processing /home/airflow/.local/lib/python3.12/site-packages/airflow/example_dags/example_latest_only_with_trigger.py took 0.065 seconds
[2026-06-10T18:05:48.739+0000] {processor.py:161} INFO - Started process (PID=1728) to work on /home/airflow/.local/lib/python3.12/site-packages/airflow/example_dags/example_latest_only_with_trigger.py
[2026-06-10T18:05:48.740+0000] {processor.py:830} INFO - Processing file /home/airflow/.local/lib/python3.12/site-packages/airflow/example_dags/example_latest_only_with_trigger.py for tasks to queue
[2026-06-10T18:05:48.741+0000] {logging_mixin.py:188} INFO - [2026-06-10T18:05:48.741+0000] {dagbag.py:545} INFO - Filling up the DagBag from /home/airflow/.local/lib/python3.12/site-packages/airflow/example_dags/example_latest_only_with_trigger.py
[2026-06-10T18:05:48.747+0000] {processor.py:840} INFO - DAG(s) 'latest_only_with_trigger' retrieved from /home/airflow/.local/lib/python3.12/site-packages/airflow/example_dags/example_latest_only_with_trigger.py
[2026-06-10T18:05:48.763+0000] {logging_mixin.py:188} INFO - [2026-06-10T18:05:48.762+0000] {dag.py:3089} INFO - Sync 1 DAGs
[2026-06-10T18:05:48.781+0000] {logging_mixin.py:188} INFO - [2026-06-10T18:05:48.781+0000] {dag.py:3947} INFO - Setting next_dagrun for latest_only_with_trigger to 2026-06-10 12:00:00+00:00, run_after=2026-06-10 16:00:00+00:00
[2026-06-10T18:05:48.796+0000] {processor.py:183} INFO - Processing /home/airflow/.local/lib/python3.12/site-packages/airflow/example_dags/example_latest_only_with_trigger.py took 0.064 seconds
