[2026-06-10T17:52:05.312+0000] {processor.py:161} INFO - Started process (PID=87) to work on /home/airflow/.local/lib/python3.12/site-packages/airflow/example_dags/example_nested_branch_dag.py
[2026-06-10T17:52:05.313+0000] {processor.py:830} INFO - Processing file /home/airflow/.local/lib/python3.12/site-packages/airflow/example_dags/example_nested_branch_dag.py for tasks to queue
[2026-06-10T17:52:05.314+0000] {logging_mixin.py:188} INFO - [2026-06-10T17:52:05.314+0000] {dagbag.py:545} INFO - Filling up the DagBag from /home/airflow/.local/lib/python3.12/site-packages/airflow/example_dags/example_nested_branch_dag.py
[2026-06-10T17:52:05.325+0000] {processor.py:840} INFO - DAG(s) 'example_nested_branch_dag' retrieved from /home/airflow/.local/lib/python3.12/site-packages/airflow/example_dags/example_nested_branch_dag.py
[2026-06-10T17:52:05.649+0000] {logging_mixin.py:188} INFO - [2026-06-10T17:52:05.647+0000] {override.py:1858} INFO - Created Permission View: can edit on DAG:example_nested_branch_dag
[2026-06-10T17:52:05.688+0000] {logging_mixin.py:188} INFO - [2026-06-10T17:52:05.688+0000] {override.py:1858} INFO - Created Permission View: can read on DAG:example_nested_branch_dag
[2026-06-10T17:52:05.700+0000] {logging_mixin.py:188} INFO - [2026-06-10T17:52:05.700+0000] {override.py:1858} INFO - Created Permission View: can delete on DAG:example_nested_branch_dag
[2026-06-10T17:52:05.701+0000] {logging_mixin.py:188} INFO - [2026-06-10T17:52:05.700+0000] {dag.py:3089} INFO - Sync 1 DAGs
[2026-06-10T17:52:05.711+0000] {logging_mixin.py:188} INFO - [2026-06-10T17:52:05.711+0000] {dag.py:3111} INFO - Creating ORM DAG for example_nested_branch_dag
[2026-06-10T17:52:05.767+0000] {logging_mixin.py:188} INFO - [2026-06-10T17:52:05.767+0000] {dag.py:3947} INFO - Setting next_dagrun for example_nested_branch_dag to 2026-06-09 00:00:00+00:00, run_after=2026-06-10 00:00:00+00:00
[2026-06-10T17:52:05.792+0000] {processor.py:183} INFO - Processing /home/airflow/.local/lib/python3.12/site-packages/airflow/example_dags/example_nested_branch_dag.py took 0.484 seconds
[2026-06-10T17:52:36.382+0000] {processor.py:161} INFO - Started process (PID=148) to work on /home/airflow/.local/lib/python3.12/site-packages/airflow/example_dags/example_nested_branch_dag.py
[2026-06-10T17:52:36.414+0000] {processor.py:830} INFO - Processing file /home/airflow/.local/lib/python3.12/site-packages/airflow/example_dags/example_nested_branch_dag.py for tasks to queue
[2026-06-10T17:52:36.418+0000] {logging_mixin.py:188} INFO - [2026-06-10T17:52:36.417+0000] {dagbag.py:545} INFO - Filling up the DagBag from /home/airflow/.local/lib/python3.12/site-packages/airflow/example_dags/example_nested_branch_dag.py
[2026-06-10T17:52:36.427+0000] {processor.py:840} INFO - DAG(s) 'example_nested_branch_dag' retrieved from /home/airflow/.local/lib/python3.12/site-packages/airflow/example_dags/example_nested_branch_dag.py
[2026-06-10T17:52:36.445+0000] {logging_mixin.py:188} INFO - [2026-06-10T17:52:36.445+0000] {dag.py:3089} INFO - Sync 1 DAGs
[2026-06-10T17:52:36.466+0000] {logging_mixin.py:188} INFO - [2026-06-10T17:52:36.465+0000] {dag.py:3947} INFO - Setting next_dagrun for example_nested_branch_dag to 2026-06-09 00:00:00+00:00, run_after=2026-06-10 00:00:00+00:00
[2026-06-10T17:52:36.497+0000] {processor.py:183} INFO - Processing /home/airflow/.local/lib/python3.12/site-packages/airflow/example_dags/example_nested_branch_dag.py took 0.121 seconds
[2026-06-10T17:53:07.320+0000] {processor.py:161} INFO - Started process (PID=209) to work on /home/airflow/.local/lib/python3.12/site-packages/airflow/example_dags/example_nested_branch_dag.py
[2026-06-10T17:53:07.321+0000] {processor.py:830} INFO - Processing file /home/airflow/.local/lib/python3.12/site-packages/airflow/example_dags/example_nested_branch_dag.py for tasks to queue
[2026-06-10T17:53:07.323+0000] {logging_mixin.py:188} INFO - [2026-06-10T17:53:07.322+0000] {dagbag.py:545} INFO - Filling up the DagBag from /home/airflow/.local/lib/python3.12/site-packages/airflow/example_dags/example_nested_branch_dag.py
[2026-06-10T17:53:07.331+0000] {processor.py:840} INFO - DAG(s) 'example_nested_branch_dag' retrieved from /home/airflow/.local/lib/python3.12/site-packages/airflow/example_dags/example_nested_branch_dag.py
[2026-06-10T17:53:07.349+0000] {logging_mixin.py:188} INFO - [2026-06-10T17:53:07.349+0000] {dag.py:3089} INFO - Sync 1 DAGs
[2026-06-10T17:53:07.368+0000] {logging_mixin.py:188} INFO - [2026-06-10T17:53:07.368+0000] {dag.py:3947} INFO - Setting next_dagrun for example_nested_branch_dag to 2026-06-09 00:00:00+00:00, run_after=2026-06-10 00:00:00+00:00
[2026-06-10T17:53:07.383+0000] {processor.py:183} INFO - Processing /home/airflow/.local/lib/python3.12/site-packages/airflow/example_dags/example_nested_branch_dag.py took 0.067 seconds
[2026-06-10T17:53:37.879+0000] {processor.py:161} INFO - Started process (PID=270) to work on /home/airflow/.local/lib/python3.12/site-packages/airflow/example_dags/example_nested_branch_dag.py
[2026-06-10T17:53:37.879+0000] {processor.py:830} INFO - Processing file /home/airflow/.local/lib/python3.12/site-packages/airflow/example_dags/example_nested_branch_dag.py for tasks to queue
[2026-06-10T17:53:37.880+0000] {logging_mixin.py:188} INFO - [2026-06-10T17:53:37.880+0000] {dagbag.py:545} INFO - Filling up the DagBag from /home/airflow/.local/lib/python3.12/site-packages/airflow/example_dags/example_nested_branch_dag.py
[2026-06-10T17:53:37.889+0000] {processor.py:840} INFO - DAG(s) 'example_nested_branch_dag' retrieved from /home/airflow/.local/lib/python3.12/site-packages/airflow/example_dags/example_nested_branch_dag.py
[2026-06-10T17:53:37.907+0000] {logging_mixin.py:188} INFO - [2026-06-10T17:53:37.906+0000] {dag.py:3089} INFO - Sync 1 DAGs
[2026-06-10T17:53:37.926+0000] {logging_mixin.py:188} INFO - [2026-06-10T17:53:37.926+0000] {dag.py:3947} INFO - Setting next_dagrun for example_nested_branch_dag to 2026-06-09 00:00:00+00:00, run_after=2026-06-10 00:00:00+00:00
[2026-06-10T17:53:37.941+0000] {processor.py:183} INFO - Processing /home/airflow/.local/lib/python3.12/site-packages/airflow/example_dags/example_nested_branch_dag.py took 0.066 seconds
[2026-06-10T17:54:08.172+0000] {processor.py:161} INFO - Started process (PID=331) to work on /home/airflow/.local/lib/python3.12/site-packages/airflow/example_dags/example_nested_branch_dag.py
[2026-06-10T17:54:08.173+0000] {processor.py:830} INFO - Processing file /home/airflow/.local/lib/python3.12/site-packages/airflow/example_dags/example_nested_branch_dag.py for tasks to queue
[2026-06-10T17:54:08.175+0000] {logging_mixin.py:188} INFO - [2026-06-10T17:54:08.174+0000] {dagbag.py:545} INFO - Filling up the DagBag from /home/airflow/.local/lib/python3.12/site-packages/airflow/example_dags/example_nested_branch_dag.py
[2026-06-10T17:54:08.183+0000] {processor.py:840} INFO - DAG(s) 'example_nested_branch_dag' retrieved from /home/airflow/.local/lib/python3.12/site-packages/airflow/example_dags/example_nested_branch_dag.py
[2026-06-10T17:54:08.201+0000] {logging_mixin.py:188} INFO - [2026-06-10T17:54:08.201+0000] {dag.py:3089} INFO - Sync 1 DAGs
[2026-06-10T17:54:08.220+0000] {logging_mixin.py:188} INFO - [2026-06-10T17:54:08.220+0000] {dag.py:3947} INFO - Setting next_dagrun for example_nested_branch_dag to 2026-06-09 00:00:00+00:00, run_after=2026-06-10 00:00:00+00:00
[2026-06-10T17:54:08.235+0000] {processor.py:183} INFO - Processing /home/airflow/.local/lib/python3.12/site-packages/airflow/example_dags/example_nested_branch_dag.py took 0.067 seconds
[2026-06-10T17:54:38.844+0000] {processor.py:161} INFO - Started process (PID=392) to work on /home/airflow/.local/lib/python3.12/site-packages/airflow/example_dags/example_nested_branch_dag.py
[2026-06-10T17:54:38.844+0000] {processor.py:830} INFO - Processing file /home/airflow/.local/lib/python3.12/site-packages/airflow/example_dags/example_nested_branch_dag.py for tasks to queue
[2026-06-10T17:54:38.846+0000] {logging_mixin.py:188} INFO - [2026-06-10T17:54:38.845+0000] {dagbag.py:545} INFO - Filling up the DagBag from /home/airflow/.local/lib/python3.12/site-packages/airflow/example_dags/example_nested_branch_dag.py
[2026-06-10T17:54:38.856+0000] {processor.py:840} INFO - DAG(s) 'example_nested_branch_dag' retrieved from /home/airflow/.local/lib/python3.12/site-packages/airflow/example_dags/example_nested_branch_dag.py
[2026-06-10T17:54:38.876+0000] {logging_mixin.py:188} INFO - [2026-06-10T17:54:38.876+0000] {dag.py:3089} INFO - Sync 1 DAGs
[2026-06-10T17:54:38.896+0000] {logging_mixin.py:188} INFO - [2026-06-10T17:54:38.896+0000] {dag.py:3947} INFO - Setting next_dagrun for example_nested_branch_dag to 2026-06-09 00:00:00+00:00, run_after=2026-06-10 00:00:00+00:00
[2026-06-10T17:54:38.911+0000] {processor.py:183} INFO - Processing /home/airflow/.local/lib/python3.12/site-packages/airflow/example_dags/example_nested_branch_dag.py took 0.072 seconds
[2026-06-10T17:55:09.098+0000] {processor.py:161} INFO - Started process (PID=453) to work on /home/airflow/.local/lib/python3.12/site-packages/airflow/example_dags/example_nested_branch_dag.py
[2026-06-10T17:55:09.099+0000] {processor.py:830} INFO - Processing file /home/airflow/.local/lib/python3.12/site-packages/airflow/example_dags/example_nested_branch_dag.py for tasks to queue
[2026-06-10T17:55:09.100+0000] {logging_mixin.py:188} INFO - [2026-06-10T17:55:09.100+0000] {dagbag.py:545} INFO - Filling up the DagBag from /home/airflow/.local/lib/python3.12/site-packages/airflow/example_dags/example_nested_branch_dag.py
[2026-06-10T17:55:09.109+0000] {processor.py:840} INFO - DAG(s) 'example_nested_branch_dag' retrieved from /home/airflow/.local/lib/python3.12/site-packages/airflow/example_dags/example_nested_branch_dag.py
[2026-06-10T17:55:09.126+0000] {logging_mixin.py:188} INFO - [2026-06-10T17:55:09.126+0000] {dag.py:3089} INFO - Sync 1 DAGs
[2026-06-10T17:55:09.145+0000] {logging_mixin.py:188} INFO - [2026-06-10T17:55:09.145+0000] {dag.py:3947} INFO - Setting next_dagrun for example_nested_branch_dag to 2026-06-09 00:00:00+00:00, run_after=2026-06-10 00:00:00+00:00
[2026-06-10T17:55:09.161+0000] {processor.py:183} INFO - Processing /home/airflow/.local/lib/python3.12/site-packages/airflow/example_dags/example_nested_branch_dag.py took 0.068 seconds
[2026-06-10T17:55:39.479+0000] {processor.py:161} INFO - Started process (PID=514) to work on /home/airflow/.local/lib/python3.12/site-packages/airflow/example_dags/example_nested_branch_dag.py
[2026-06-10T17:55:39.480+0000] {processor.py:830} INFO - Processing file /home/airflow/.local/lib/python3.12/site-packages/airflow/example_dags/example_nested_branch_dag.py for tasks to queue
[2026-06-10T17:55:39.481+0000] {logging_mixin.py:188} INFO - [2026-06-10T17:55:39.481+0000] {dagbag.py:545} INFO - Filling up the DagBag from /home/airflow/.local/lib/python3.12/site-packages/airflow/example_dags/example_nested_branch_dag.py
[2026-06-10T17:55:39.494+0000] {processor.py:840} INFO - DAG(s) 'example_nested_branch_dag' retrieved from /home/airflow/.local/lib/python3.12/site-packages/airflow/example_dags/example_nested_branch_dag.py
[2026-06-10T17:55:39.512+0000] {logging_mixin.py:188} INFO - [2026-06-10T17:55:39.512+0000] {dag.py:3089} INFO - Sync 1 DAGs
[2026-06-10T17:55:39.531+0000] {logging_mixin.py:188} INFO - [2026-06-10T17:55:39.531+0000] {dag.py:3947} INFO - Setting next_dagrun for example_nested_branch_dag to 2026-06-09 00:00:00+00:00, run_after=2026-06-10 00:00:00+00:00
[2026-06-10T17:55:39.547+0000] {processor.py:183} INFO - Processing /home/airflow/.local/lib/python3.12/site-packages/airflow/example_dags/example_nested_branch_dag.py took 0.075 seconds
[2026-06-10T17:56:09.653+0000] {processor.py:161} INFO - Started process (PID=575) to work on /home/airflow/.local/lib/python3.12/site-packages/airflow/example_dags/example_nested_branch_dag.py
[2026-06-10T17:56:09.654+0000] {processor.py:830} INFO - Processing file /home/airflow/.local/lib/python3.12/site-packages/airflow/example_dags/example_nested_branch_dag.py for tasks to queue
[2026-06-10T17:56:09.655+0000] {logging_mixin.py:188} INFO - [2026-06-10T17:56:09.655+0000] {dagbag.py:545} INFO - Filling up the DagBag from /home/airflow/.local/lib/python3.12/site-packages/airflow/example_dags/example_nested_branch_dag.py
[2026-06-10T17:56:09.664+0000] {processor.py:840} INFO - DAG(s) 'example_nested_branch_dag' retrieved from /home/airflow/.local/lib/python3.12/site-packages/airflow/example_dags/example_nested_branch_dag.py
[2026-06-10T17:56:09.681+0000] {logging_mixin.py:188} INFO - [2026-06-10T17:56:09.681+0000] {dag.py:3089} INFO - Sync 1 DAGs
[2026-06-10T17:56:09.701+0000] {logging_mixin.py:188} INFO - [2026-06-10T17:56:09.700+0000] {dag.py:3947} INFO - Setting next_dagrun for example_nested_branch_dag to 2026-06-09 00:00:00+00:00, run_after=2026-06-10 00:00:00+00:00
[2026-06-10T17:56:09.715+0000] {processor.py:183} INFO - Processing /home/airflow/.local/lib/python3.12/site-packages/airflow/example_dags/example_nested_branch_dag.py took 0.067 seconds
[2026-06-10T17:56:39.801+0000] {processor.py:161} INFO - Started process (PID=636) to work on /home/airflow/.local/lib/python3.12/site-packages/airflow/example_dags/example_nested_branch_dag.py
[2026-06-10T17:56:39.802+0000] {processor.py:830} INFO - Processing file /home/airflow/.local/lib/python3.12/site-packages/airflow/example_dags/example_nested_branch_dag.py for tasks to queue
[2026-06-10T17:56:39.804+0000] {logging_mixin.py:188} INFO - [2026-06-10T17:56:39.804+0000] {dagbag.py:545} INFO - Filling up the DagBag from /home/airflow/.local/lib/python3.12/site-packages/airflow/example_dags/example_nested_branch_dag.py
[2026-06-10T17:56:39.814+0000] {processor.py:840} INFO - DAG(s) 'example_nested_branch_dag' retrieved from /home/airflow/.local/lib/python3.12/site-packages/airflow/example_dags/example_nested_branch_dag.py
[2026-06-10T17:56:39.832+0000] {logging_mixin.py:188} INFO - [2026-06-10T17:56:39.832+0000] {dag.py:3089} INFO - Sync 1 DAGs
[2026-06-10T17:56:39.853+0000] {logging_mixin.py:188} INFO - [2026-06-10T17:56:39.853+0000] {dag.py:3947} INFO - Setting next_dagrun for example_nested_branch_dag to 2026-06-09 00:00:00+00:00, run_after=2026-06-10 00:00:00+00:00
[2026-06-10T17:56:39.870+0000] {processor.py:183} INFO - Processing /home/airflow/.local/lib/python3.12/site-packages/airflow/example_dags/example_nested_branch_dag.py took 0.076 seconds
[2026-06-10T17:57:09.958+0000] {processor.py:161} INFO - Started process (PID=697) to work on /home/airflow/.local/lib/python3.12/site-packages/airflow/example_dags/example_nested_branch_dag.py
[2026-06-10T17:57:09.959+0000] {processor.py:830} INFO - Processing file /home/airflow/.local/lib/python3.12/site-packages/airflow/example_dags/example_nested_branch_dag.py for tasks to queue
[2026-06-10T17:57:09.960+0000] {logging_mixin.py:188} INFO - [2026-06-10T17:57:09.960+0000] {dagbag.py:545} INFO - Filling up the DagBag from /home/airflow/.local/lib/python3.12/site-packages/airflow/example_dags/example_nested_branch_dag.py
[2026-06-10T17:57:09.968+0000] {processor.py:840} INFO - DAG(s) 'example_nested_branch_dag' retrieved from /home/airflow/.local/lib/python3.12/site-packages/airflow/example_dags/example_nested_branch_dag.py
[2026-06-10T17:57:09.987+0000] {logging_mixin.py:188} INFO - [2026-06-10T17:57:09.987+0000] {dag.py:3089} INFO - Sync 1 DAGs
[2026-06-10T17:57:10.006+0000] {logging_mixin.py:188} INFO - [2026-06-10T17:57:10.006+0000] {dag.py:3947} INFO - Setting next_dagrun for example_nested_branch_dag to 2026-06-09 00:00:00+00:00, run_after=2026-06-10 00:00:00+00:00
[2026-06-10T17:57:10.031+0000] {processor.py:183} INFO - Processing /home/airflow/.local/lib/python3.12/site-packages/airflow/example_dags/example_nested_branch_dag.py took 0.078 seconds
[2026-06-10T17:57:40.069+0000] {processor.py:161} INFO - Started process (PID=758) to work on /home/airflow/.local/lib/python3.12/site-packages/airflow/example_dags/example_nested_branch_dag.py
[2026-06-10T17:57:40.070+0000] {processor.py:830} INFO - Processing file /home/airflow/.local/lib/python3.12/site-packages/airflow/example_dags/example_nested_branch_dag.py for tasks to queue
[2026-06-10T17:57:40.071+0000] {logging_mixin.py:188} INFO - [2026-06-10T17:57:40.071+0000] {dagbag.py:545} INFO - Filling up the DagBag from /home/airflow/.local/lib/python3.12/site-packages/airflow/example_dags/example_nested_branch_dag.py
[2026-06-10T17:57:40.081+0000] {processor.py:840} INFO - DAG(s) 'example_nested_branch_dag' retrieved from /home/airflow/.local/lib/python3.12/site-packages/airflow/example_dags/example_nested_branch_dag.py
[2026-06-10T17:57:40.100+0000] {logging_mixin.py:188} INFO - [2026-06-10T17:57:40.100+0000] {dag.py:3089} INFO - Sync 1 DAGs
[2026-06-10T17:57:40.122+0000] {logging_mixin.py:188} INFO - [2026-06-10T17:57:40.121+0000] {dag.py:3947} INFO - Setting next_dagrun for example_nested_branch_dag to 2026-06-09 00:00:00+00:00, run_after=2026-06-10 00:00:00+00:00
[2026-06-10T17:57:40.138+0000] {processor.py:183} INFO - Processing /home/airflow/.local/lib/python3.12/site-packages/airflow/example_dags/example_nested_branch_dag.py took 0.074 seconds
[2026-06-10T17:58:10.169+0000] {processor.py:161} INFO - Started process (PID=819) to work on /home/airflow/.local/lib/python3.12/site-packages/airflow/example_dags/example_nested_branch_dag.py
[2026-06-10T17:58:10.170+0000] {processor.py:830} INFO - Processing file /home/airflow/.local/lib/python3.12/site-packages/airflow/example_dags/example_nested_branch_dag.py for tasks to queue
[2026-06-10T17:58:10.171+0000] {logging_mixin.py:188} INFO - [2026-06-10T17:58:10.171+0000] {dagbag.py:545} INFO - Filling up the DagBag from /home/airflow/.local/lib/python3.12/site-packages/airflow/example_dags/example_nested_branch_dag.py
[2026-06-10T17:58:10.180+0000] {processor.py:840} INFO - DAG(s) 'example_nested_branch_dag' retrieved from /home/airflow/.local/lib/python3.12/site-packages/airflow/example_dags/example_nested_branch_dag.py
[2026-06-10T17:58:10.199+0000] {logging_mixin.py:188} INFO - [2026-06-10T17:58:10.198+0000] {dag.py:3089} INFO - Sync 1 DAGs
[2026-06-10T17:58:10.218+0000] {logging_mixin.py:188} INFO - [2026-06-10T17:58:10.218+0000] {dag.py:3947} INFO - Setting next_dagrun for example_nested_branch_dag to 2026-06-09 00:00:00+00:00, run_after=2026-06-10 00:00:00+00:00
[2026-06-10T17:58:10.363+0000] {processor.py:183} INFO - Processing /home/airflow/.local/lib/python3.12/site-packages/airflow/example_dags/example_nested_branch_dag.py took 0.198 seconds
[2026-06-10T17:58:40.656+0000] {processor.py:161} INFO - Started process (PID=880) to work on /home/airflow/.local/lib/python3.12/site-packages/airflow/example_dags/example_nested_branch_dag.py
[2026-06-10T17:58:40.873+0000] {processor.py:830} INFO - Processing file /home/airflow/.local/lib/python3.12/site-packages/airflow/example_dags/example_nested_branch_dag.py for tasks to queue
[2026-06-10T17:58:40.879+0000] {logging_mixin.py:188} INFO - [2026-06-10T17:58:40.878+0000] {dagbag.py:545} INFO - Filling up the DagBag from /home/airflow/.local/lib/python3.12/site-packages/airflow/example_dags/example_nested_branch_dag.py
[2026-06-10T17:58:40.912+0000] {processor.py:840} INFO - DAG(s) 'example_nested_branch_dag' retrieved from /home/airflow/.local/lib/python3.12/site-packages/airflow/example_dags/example_nested_branch_dag.py
[2026-06-10T17:58:40.937+0000] {logging_mixin.py:188} INFO - [2026-06-10T17:58:40.937+0000] {dag.py:3089} INFO - Sync 1 DAGs
[2026-06-10T17:58:40.958+0000] {logging_mixin.py:188} INFO - [2026-06-10T17:58:40.958+0000] {dag.py:3947} INFO - Setting next_dagrun for example_nested_branch_dag to 2026-06-09 00:00:00+00:00, run_after=2026-06-10 00:00:00+00:00
[2026-06-10T17:58:41.107+0000] {processor.py:183} INFO - Processing /home/airflow/.local/lib/python3.12/site-packages/airflow/example_dags/example_nested_branch_dag.py took 0.455 seconds
[2026-06-10T17:59:11.282+0000] {processor.py:161} INFO - Started process (PID=941) to work on /home/airflow/.local/lib/python3.12/site-packages/airflow/example_dags/example_nested_branch_dag.py
[2026-06-10T17:59:11.283+0000] {processor.py:830} INFO - Processing file /home/airflow/.local/lib/python3.12/site-packages/airflow/example_dags/example_nested_branch_dag.py for tasks to queue
[2026-06-10T17:59:11.286+0000] {logging_mixin.py:188} INFO - [2026-06-10T17:59:11.285+0000] {dagbag.py:545} INFO - Filling up the DagBag from /home/airflow/.local/lib/python3.12/site-packages/airflow/example_dags/example_nested_branch_dag.py
[2026-06-10T17:59:11.297+0000] {processor.py:840} INFO - DAG(s) 'example_nested_branch_dag' retrieved from /home/airflow/.local/lib/python3.12/site-packages/airflow/example_dags/example_nested_branch_dag.py
[2026-06-10T17:59:11.318+0000] {logging_mixin.py:188} INFO - [2026-06-10T17:59:11.318+0000] {dag.py:3089} INFO - Sync 1 DAGs
[2026-06-10T17:59:11.345+0000] {logging_mixin.py:188} INFO - [2026-06-10T17:59:11.344+0000] {dag.py:3947} INFO - Setting next_dagrun for example_nested_branch_dag to 2026-06-09 00:00:00+00:00, run_after=2026-06-10 00:00:00+00:00
[2026-06-10T17:59:11.366+0000] {processor.py:183} INFO - Processing /home/airflow/.local/lib/python3.12/site-packages/airflow/example_dags/example_nested_branch_dag.py took 0.089 seconds
[2026-06-10T17:59:41.705+0000] {processor.py:161} INFO - Started process (PID=1000) to work on /home/airflow/.local/lib/python3.12/site-packages/airflow/example_dags/example_nested_branch_dag.py
[2026-06-10T17:59:41.706+0000] {processor.py:830} INFO - Processing file /home/airflow/.local/lib/python3.12/site-packages/airflow/example_dags/example_nested_branch_dag.py for tasks to queue
[2026-06-10T17:59:41.707+0000] {logging_mixin.py:188} INFO - [2026-06-10T17:59:41.707+0000] {dagbag.py:545} INFO - Filling up the DagBag from /home/airflow/.local/lib/python3.12/site-packages/airflow/example_dags/example_nested_branch_dag.py
[2026-06-10T17:59:41.716+0000] {processor.py:840} INFO - DAG(s) 'example_nested_branch_dag' retrieved from /home/airflow/.local/lib/python3.12/site-packages/airflow/example_dags/example_nested_branch_dag.py
[2026-06-10T17:59:41.734+0000] {logging_mixin.py:188} INFO - [2026-06-10T17:59:41.734+0000] {dag.py:3089} INFO - Sync 1 DAGs
[2026-06-10T17:59:41.754+0000] {logging_mixin.py:188} INFO - [2026-06-10T17:59:41.754+0000] {dag.py:3947} INFO - Setting next_dagrun for example_nested_branch_dag to 2026-06-09 00:00:00+00:00, run_after=2026-06-10 00:00:00+00:00
[2026-06-10T17:59:41.769+0000] {processor.py:183} INFO - Processing /home/airflow/.local/lib/python3.12/site-packages/airflow/example_dags/example_nested_branch_dag.py took 0.068 seconds
[2026-06-10T18:00:12.424+0000] {processor.py:161} INFO - Started process (PID=1061) to work on /home/airflow/.local/lib/python3.12/site-packages/airflow/example_dags/example_nested_branch_dag.py
[2026-06-10T18:00:12.425+0000] {processor.py:830} INFO - Processing file /home/airflow/.local/lib/python3.12/site-packages/airflow/example_dags/example_nested_branch_dag.py for tasks to queue
[2026-06-10T18:00:12.426+0000] {logging_mixin.py:188} INFO - [2026-06-10T18:00:12.426+0000] {dagbag.py:545} INFO - Filling up the DagBag from /home/airflow/.local/lib/python3.12/site-packages/airflow/example_dags/example_nested_branch_dag.py
[2026-06-10T18:00:12.435+0000] {processor.py:840} INFO - DAG(s) 'example_nested_branch_dag' retrieved from /home/airflow/.local/lib/python3.12/site-packages/airflow/example_dags/example_nested_branch_dag.py
[2026-06-10T18:00:12.453+0000] {logging_mixin.py:188} INFO - [2026-06-10T18:00:12.453+0000] {dag.py:3089} INFO - Sync 1 DAGs
[2026-06-10T18:00:12.472+0000] {logging_mixin.py:188} INFO - [2026-06-10T18:00:12.472+0000] {dag.py:3947} INFO - Setting next_dagrun for example_nested_branch_dag to 2026-06-09 00:00:00+00:00, run_after=2026-06-10 00:00:00+00:00
[2026-06-10T18:00:12.490+0000] {processor.py:183} INFO - Processing /home/airflow/.local/lib/python3.12/site-packages/airflow/example_dags/example_nested_branch_dag.py took 0.070 seconds
[2026-06-10T18:00:43.622+0000] {processor.py:161} INFO - Started process (PID=1123) to work on /home/airflow/.local/lib/python3.12/site-packages/airflow/example_dags/example_nested_branch_dag.py
[2026-06-10T18:00:43.623+0000] {processor.py:830} INFO - Processing file /home/airflow/.local/lib/python3.12/site-packages/airflow/example_dags/example_nested_branch_dag.py for tasks to queue
[2026-06-10T18:00:43.625+0000] {logging_mixin.py:188} INFO - [2026-06-10T18:00:43.625+0000] {dagbag.py:545} INFO - Filling up the DagBag from /home/airflow/.local/lib/python3.12/site-packages/airflow/example_dags/example_nested_branch_dag.py
[2026-06-10T18:00:43.633+0000] {processor.py:840} INFO - DAG(s) 'example_nested_branch_dag' retrieved from /home/airflow/.local/lib/python3.12/site-packages/airflow/example_dags/example_nested_branch_dag.py
[2026-06-10T18:00:43.651+0000] {logging_mixin.py:188} INFO - [2026-06-10T18:00:43.650+0000] {dag.py:3089} INFO - Sync 1 DAGs
[2026-06-10T18:00:43.670+0000] {logging_mixin.py:188} INFO - [2026-06-10T18:00:43.670+0000] {dag.py:3947} INFO - Setting next_dagrun for example_nested_branch_dag to 2026-06-09 00:00:00+00:00, run_after=2026-06-10 00:00:00+00:00
[2026-06-10T18:00:43.685+0000] {processor.py:183} INFO - Processing /home/airflow/.local/lib/python3.12/site-packages/airflow/example_dags/example_nested_branch_dag.py took 0.067 seconds
[2026-06-10T18:01:14.239+0000] {processor.py:161} INFO - Started process (PID=1184) to work on /home/airflow/.local/lib/python3.12/site-packages/airflow/example_dags/example_nested_branch_dag.py
[2026-06-10T18:01:14.239+0000] {processor.py:830} INFO - Processing file /home/airflow/.local/lib/python3.12/site-packages/airflow/example_dags/example_nested_branch_dag.py for tasks to queue
[2026-06-10T18:01:14.241+0000] {logging_mixin.py:188} INFO - [2026-06-10T18:01:14.240+0000] {dagbag.py:545} INFO - Filling up the DagBag from /home/airflow/.local/lib/python3.12/site-packages/airflow/example_dags/example_nested_branch_dag.py
[2026-06-10T18:01:14.249+0000] {processor.py:840} INFO - DAG(s) 'example_nested_branch_dag' retrieved from /home/airflow/.local/lib/python3.12/site-packages/airflow/example_dags/example_nested_branch_dag.py
[2026-06-10T18:01:14.266+0000] {logging_mixin.py:188} INFO - [2026-06-10T18:01:14.266+0000] {dag.py:3089} INFO - Sync 1 DAGs
[2026-06-10T18:01:14.285+0000] {logging_mixin.py:188} INFO - [2026-06-10T18:01:14.285+0000] {dag.py:3947} INFO - Setting next_dagrun for example_nested_branch_dag to 2026-06-09 00:00:00+00:00, run_after=2026-06-10 00:00:00+00:00
[2026-06-10T18:01:14.300+0000] {processor.py:183} INFO - Processing /home/airflow/.local/lib/python3.12/site-packages/airflow/example_dags/example_nested_branch_dag.py took 0.066 seconds
[2026-06-10T18:01:44.754+0000] {processor.py:161} INFO - Started process (PID=1245) to work on /home/airflow/.local/lib/python3.12/site-packages/airflow/example_dags/example_nested_branch_dag.py
[2026-06-10T18:01:44.755+0000] {processor.py:830} INFO - Processing file /home/airflow/.local/lib/python3.12/site-packages/airflow/example_dags/example_nested_branch_dag.py for tasks to queue
[2026-06-10T18:01:44.757+0000] {logging_mixin.py:188} INFO - [2026-06-10T18:01:44.756+0000] {dagbag.py:545} INFO - Filling up the DagBag from /home/airflow/.local/lib/python3.12/site-packages/airflow/example_dags/example_nested_branch_dag.py
[2026-06-10T18:01:44.765+0000] {processor.py:840} INFO - DAG(s) 'example_nested_branch_dag' retrieved from /home/airflow/.local/lib/python3.12/site-packages/airflow/example_dags/example_nested_branch_dag.py
[2026-06-10T18:01:44.783+0000] {logging_mixin.py:188} INFO - [2026-06-10T18:01:44.782+0000] {dag.py:3089} INFO - Sync 1 DAGs
[2026-06-10T18:01:44.802+0000] {logging_mixin.py:188} INFO - [2026-06-10T18:01:44.802+0000] {dag.py:3947} INFO - Setting next_dagrun for example_nested_branch_dag to 2026-06-09 00:00:00+00:00, run_after=2026-06-10 00:00:00+00:00
[2026-06-10T18:01:44.817+0000] {processor.py:183} INFO - Processing /home/airflow/.local/lib/python3.12/site-packages/airflow/example_dags/example_nested_branch_dag.py took 0.068 seconds
[2026-06-10T18:02:15.344+0000] {processor.py:161} INFO - Started process (PID=1306) to work on /home/airflow/.local/lib/python3.12/site-packages/airflow/example_dags/example_nested_branch_dag.py
[2026-06-10T18:02:15.344+0000] {processor.py:830} INFO - Processing file /home/airflow/.local/lib/python3.12/site-packages/airflow/example_dags/example_nested_branch_dag.py for tasks to queue
[2026-06-10T18:02:15.346+0000] {logging_mixin.py:188} INFO - [2026-06-10T18:02:15.345+0000] {dagbag.py:545} INFO - Filling up the DagBag from /home/airflow/.local/lib/python3.12/site-packages/airflow/example_dags/example_nested_branch_dag.py
[2026-06-10T18:02:15.354+0000] {processor.py:840} INFO - DAG(s) 'example_nested_branch_dag' retrieved from /home/airflow/.local/lib/python3.12/site-packages/airflow/example_dags/example_nested_branch_dag.py
[2026-06-10T18:02:15.371+0000] {logging_mixin.py:188} INFO - [2026-06-10T18:02:15.371+0000] {dag.py:3089} INFO - Sync 1 DAGs
[2026-06-10T18:02:15.391+0000] {logging_mixin.py:188} INFO - [2026-06-10T18:02:15.391+0000] {dag.py:3947} INFO - Setting next_dagrun for example_nested_branch_dag to 2026-06-09 00:00:00+00:00, run_after=2026-06-10 00:00:00+00:00
[2026-06-10T18:02:15.405+0000] {processor.py:183} INFO - Processing /home/airflow/.local/lib/python3.12/site-packages/airflow/example_dags/example_nested_branch_dag.py took 0.066 seconds
[2026-06-10T18:02:45.789+0000] {processor.py:161} INFO - Started process (PID=1367) to work on /home/airflow/.local/lib/python3.12/site-packages/airflow/example_dags/example_nested_branch_dag.py
[2026-06-10T18:02:45.790+0000] {processor.py:830} INFO - Processing file /home/airflow/.local/lib/python3.12/site-packages/airflow/example_dags/example_nested_branch_dag.py for tasks to queue
[2026-06-10T18:02:45.791+0000] {logging_mixin.py:188} INFO - [2026-06-10T18:02:45.791+0000] {dagbag.py:545} INFO - Filling up the DagBag from /home/airflow/.local/lib/python3.12/site-packages/airflow/example_dags/example_nested_branch_dag.py
[2026-06-10T18:02:45.799+0000] {processor.py:840} INFO - DAG(s) 'example_nested_branch_dag' retrieved from /home/airflow/.local/lib/python3.12/site-packages/airflow/example_dags/example_nested_branch_dag.py
[2026-06-10T18:02:45.817+0000] {logging_mixin.py:188} INFO - [2026-06-10T18:02:45.816+0000] {dag.py:3089} INFO - Sync 1 DAGs
[2026-06-10T18:02:45.837+0000] {logging_mixin.py:188} INFO - [2026-06-10T18:02:45.836+0000] {dag.py:3947} INFO - Setting next_dagrun for example_nested_branch_dag to 2026-06-09 00:00:00+00:00, run_after=2026-06-10 00:00:00+00:00
[2026-06-10T18:02:45.851+0000] {processor.py:183} INFO - Processing /home/airflow/.local/lib/python3.12/site-packages/airflow/example_dags/example_nested_branch_dag.py took 0.067 seconds
[2026-06-10T18:03:16.403+0000] {processor.py:161} INFO - Started process (PID=1428) to work on /home/airflow/.local/lib/python3.12/site-packages/airflow/example_dags/example_nested_branch_dag.py
[2026-06-10T18:03:16.404+0000] {processor.py:830} INFO - Processing file /home/airflow/.local/lib/python3.12/site-packages/airflow/example_dags/example_nested_branch_dag.py for tasks to queue
[2026-06-10T18:03:16.405+0000] {logging_mixin.py:188} INFO - [2026-06-10T18:03:16.405+0000] {dagbag.py:545} INFO - Filling up the DagBag from /home/airflow/.local/lib/python3.12/site-packages/airflow/example_dags/example_nested_branch_dag.py
[2026-06-10T18:03:16.419+0000] {processor.py:840} INFO - DAG(s) 'example_nested_branch_dag' retrieved from /home/airflow/.local/lib/python3.12/site-packages/airflow/example_dags/example_nested_branch_dag.py
[2026-06-10T18:03:16.436+0000] {logging_mixin.py:188} INFO - [2026-06-10T18:03:16.436+0000] {dag.py:3089} INFO - Sync 1 DAGs
[2026-06-10T18:03:16.455+0000] {logging_mixin.py:188} INFO - [2026-06-10T18:03:16.455+0000] {dag.py:3947} INFO - Setting next_dagrun for example_nested_branch_dag to 2026-06-09 00:00:00+00:00, run_after=2026-06-10 00:00:00+00:00
[2026-06-10T18:03:16.472+0000] {processor.py:183} INFO - Processing /home/airflow/.local/lib/python3.12/site-packages/airflow/example_dags/example_nested_branch_dag.py took 0.073 seconds
[2026-06-10T18:03:47.228+0000] {processor.py:161} INFO - Started process (PID=1489) to work on /home/airflow/.local/lib/python3.12/site-packages/airflow/example_dags/example_nested_branch_dag.py
[2026-06-10T18:03:47.238+0000] {processor.py:830} INFO - Processing file /home/airflow/.local/lib/python3.12/site-packages/airflow/example_dags/example_nested_branch_dag.py for tasks to queue
[2026-06-10T18:03:47.239+0000] {logging_mixin.py:188} INFO - [2026-06-10T18:03:47.239+0000] {dagbag.py:545} INFO - Filling up the DagBag from /home/airflow/.local/lib/python3.12/site-packages/airflow/example_dags/example_nested_branch_dag.py
[2026-06-10T18:03:47.248+0000] {processor.py:840} INFO - DAG(s) 'example_nested_branch_dag' retrieved from /home/airflow/.local/lib/python3.12/site-packages/airflow/example_dags/example_nested_branch_dag.py
[2026-06-10T18:03:47.265+0000] {logging_mixin.py:188} INFO - [2026-06-10T18:03:47.265+0000] {dag.py:3089} INFO - Sync 1 DAGs
[2026-06-10T18:03:47.285+0000] {logging_mixin.py:188} INFO - [2026-06-10T18:03:47.285+0000] {dag.py:3947} INFO - Setting next_dagrun for example_nested_branch_dag to 2026-06-09 00:00:00+00:00, run_after=2026-06-10 00:00:00+00:00
[2026-06-10T18:03:47.305+0000] {processor.py:183} INFO - Processing /home/airflow/.local/lib/python3.12/site-packages/airflow/example_dags/example_nested_branch_dag.py took 0.081 seconds
[2026-06-10T18:04:18.251+0000] {processor.py:161} INFO - Started process (PID=1550) to work on /home/airflow/.local/lib/python3.12/site-packages/airflow/example_dags/example_nested_branch_dag.py
[2026-06-10T18:04:18.252+0000] {processor.py:830} INFO - Processing file /home/airflow/.local/lib/python3.12/site-packages/airflow/example_dags/example_nested_branch_dag.py for tasks to queue
[2026-06-10T18:04:18.253+0000] {logging_mixin.py:188} INFO - [2026-06-10T18:04:18.253+0000] {dagbag.py:545} INFO - Filling up the DagBag from /home/airflow/.local/lib/python3.12/site-packages/airflow/example_dags/example_nested_branch_dag.py
[2026-06-10T18:04:18.262+0000] {processor.py:840} INFO - DAG(s) 'example_nested_branch_dag' retrieved from /home/airflow/.local/lib/python3.12/site-packages/airflow/example_dags/example_nested_branch_dag.py
[2026-06-10T18:04:18.279+0000] {logging_mixin.py:188} INFO - [2026-06-10T18:04:18.279+0000] {dag.py:3089} INFO - Sync 1 DAGs
[2026-06-10T18:04:18.298+0000] {logging_mixin.py:188} INFO - [2026-06-10T18:04:18.298+0000] {dag.py:3947} INFO - Setting next_dagrun for example_nested_branch_dag to 2026-06-09 00:00:00+00:00, run_after=2026-06-10 00:00:00+00:00
[2026-06-10T18:04:18.312+0000] {processor.py:183} INFO - Processing /home/airflow/.local/lib/python3.12/site-packages/airflow/example_dags/example_nested_branch_dag.py took 0.065 seconds
[2026-06-10T18:04:48.934+0000] {processor.py:161} INFO - Started process (PID=1611) to work on /home/airflow/.local/lib/python3.12/site-packages/airflow/example_dags/example_nested_branch_dag.py
[2026-06-10T18:04:48.943+0000] {processor.py:830} INFO - Processing file /home/airflow/.local/lib/python3.12/site-packages/airflow/example_dags/example_nested_branch_dag.py for tasks to queue
[2026-06-10T18:04:48.944+0000] {logging_mixin.py:188} INFO - [2026-06-10T18:04:48.944+0000] {dagbag.py:545} INFO - Filling up the DagBag from /home/airflow/.local/lib/python3.12/site-packages/airflow/example_dags/example_nested_branch_dag.py
[2026-06-10T18:04:48.953+0000] {processor.py:840} INFO - DAG(s) 'example_nested_branch_dag' retrieved from /home/airflow/.local/lib/python3.12/site-packages/airflow/example_dags/example_nested_branch_dag.py
[2026-06-10T18:04:48.970+0000] {logging_mixin.py:188} INFO - [2026-06-10T18:04:48.970+0000] {dag.py:3089} INFO - Sync 1 DAGs
[2026-06-10T18:04:48.990+0000] {logging_mixin.py:188} INFO - [2026-06-10T18:04:48.989+0000] {dag.py:3947} INFO - Setting next_dagrun for example_nested_branch_dag to 2026-06-09 00:00:00+00:00, run_after=2026-06-10 00:00:00+00:00
[2026-06-10T18:04:49.008+0000] {processor.py:183} INFO - Processing /home/airflow/.local/lib/python3.12/site-packages/airflow/example_dags/example_nested_branch_dag.py took 0.079 seconds
[2026-06-10T18:05:19.488+0000] {processor.py:161} INFO - Started process (PID=1672) to work on /home/airflow/.local/lib/python3.12/site-packages/airflow/example_dags/example_nested_branch_dag.py
[2026-06-10T18:05:19.489+0000] {processor.py:830} INFO - Processing file /home/airflow/.local/lib/python3.12/site-packages/airflow/example_dags/example_nested_branch_dag.py for tasks to queue
[2026-06-10T18:05:19.490+0000] {logging_mixin.py:188} INFO - [2026-06-10T18:05:19.490+0000] {dagbag.py:545} INFO - Filling up the DagBag from /home/airflow/.local/lib/python3.12/site-packages/airflow/example_dags/example_nested_branch_dag.py
[2026-06-10T18:05:19.499+0000] {processor.py:840} INFO - DAG(s) 'example_nested_branch_dag' retrieved from /home/airflow/.local/lib/python3.12/site-packages/airflow/example_dags/example_nested_branch_dag.py
[2026-06-10T18:05:19.517+0000] {logging_mixin.py:188} INFO - [2026-06-10T18:05:19.517+0000] {dag.py:3089} INFO - Sync 1 DAGs
[2026-06-10T18:05:19.538+0000] {logging_mixin.py:188} INFO - [2026-06-10T18:05:19.538+0000] {dag.py:3947} INFO - Setting next_dagrun for example_nested_branch_dag to 2026-06-09 00:00:00+00:00, run_after=2026-06-10 00:00:00+00:00
[2026-06-10T18:05:19.577+0000] {processor.py:183} INFO - Processing /home/airflow/.local/lib/python3.12/site-packages/airflow/example_dags/example_nested_branch_dag.py took 0.093 seconds
[2026-06-10T18:05:50.019+0000] {processor.py:161} INFO - Started process (PID=1733) to work on /home/airflow/.local/lib/python3.12/site-packages/airflow/example_dags/example_nested_branch_dag.py
[2026-06-10T18:05:50.030+0000] {processor.py:830} INFO - Processing file /home/airflow/.local/lib/python3.12/site-packages/airflow/example_dags/example_nested_branch_dag.py for tasks to queue
[2026-06-10T18:05:50.031+0000] {logging_mixin.py:188} INFO - [2026-06-10T18:05:50.031+0000] {dagbag.py:545} INFO - Filling up the DagBag from /home/airflow/.local/lib/python3.12/site-packages/airflow/example_dags/example_nested_branch_dag.py
[2026-06-10T18:05:50.039+0000] {processor.py:840} INFO - DAG(s) 'example_nested_branch_dag' retrieved from /home/airflow/.local/lib/python3.12/site-packages/airflow/example_dags/example_nested_branch_dag.py
[2026-06-10T18:05:50.057+0000] {logging_mixin.py:188} INFO - [2026-06-10T18:05:50.057+0000] {dag.py:3089} INFO - Sync 1 DAGs
[2026-06-10T18:05:50.077+0000] {logging_mixin.py:188} INFO - [2026-06-10T18:05:50.077+0000] {dag.py:3947} INFO - Setting next_dagrun for example_nested_branch_dag to 2026-06-09 00:00:00+00:00, run_after=2026-06-10 00:00:00+00:00
[2026-06-10T18:05:50.092+0000] {processor.py:183} INFO - Processing /home/airflow/.local/lib/python3.12/site-packages/airflow/example_dags/example_nested_branch_dag.py took 0.078 seconds
