[2026-06-10T17:52:12.063+0000] {processor.py:161} INFO - Started process (PID=111) to work on /home/airflow/.local/lib/python3.12/site-packages/airflow/example_dags/example_subdag_operator.py
[2026-06-10T17:52:12.064+0000] {processor.py:830} INFO - Processing file /home/airflow/.local/lib/python3.12/site-packages/airflow/example_dags/example_subdag_operator.py for tasks to queue
[2026-06-10T17:52:12.065+0000] {logging_mixin.py:188} INFO - [2026-06-10T17:52:12.065+0000] {dagbag.py:545} INFO - Filling up the DagBag from /home/airflow/.local/lib/python3.12/site-packages/airflow/example_dags/example_subdag_operator.py
[2026-06-10T17:52:12.094+0000] {processor.py:840} INFO - DAG(s) 'example_subdag_operator.section-1', 'example_subdag_operator.section-2', 'example_subdag_operator' retrieved from /home/airflow/.local/lib/python3.12/site-packages/airflow/example_dags/example_subdag_operator.py
[2026-06-10T17:52:12.198+0000] {logging_mixin.py:188} INFO - [2026-06-10T17:52:12.198+0000] {override.py:1858} INFO - Created Permission View: can edit on DAG:example_subdag_operator
[2026-06-10T17:52:12.212+0000] {logging_mixin.py:188} INFO - [2026-06-10T17:52:12.211+0000] {override.py:1858} INFO - Created Permission View: can read on DAG:example_subdag_operator
[2026-06-10T17:52:12.221+0000] {logging_mixin.py:188} INFO - [2026-06-10T17:52:12.221+0000] {override.py:1858} INFO - Created Permission View: can delete on DAG:example_subdag_operator
[2026-06-10T17:52:12.222+0000] {logging_mixin.py:188} INFO - [2026-06-10T17:52:12.221+0000] {dag.py:3089} INFO - Sync 3 DAGs
[2026-06-10T17:52:12.233+0000] {logging_mixin.py:188} INFO - [2026-06-10T17:52:12.233+0000] {dag.py:3111} INFO - Creating ORM DAG for example_subdag_operator.section-1
[2026-06-10T17:52:12.234+0000] {logging_mixin.py:188} INFO - [2026-06-10T17:52:12.234+0000] {dag.py:3111} INFO - Creating ORM DAG for example_subdag_operator.section-2
[2026-06-10T17:52:12.235+0000] {logging_mixin.py:188} INFO - [2026-06-10T17:52:12.234+0000] {dag.py:3111} INFO - Creating ORM DAG for example_subdag_operator
[2026-06-10T17:52:12.242+0000] {logging_mixin.py:188} INFO - [2026-06-10T17:52:12.242+0000] {dag.py:3947} INFO - Setting next_dagrun for example_subdag_operator to 2022-01-01 00:00:00+00:00, run_after=2022-01-01 00:00:00+00:00
[2026-06-10T17:52:12.243+0000] {logging_mixin.py:188} INFO - [2026-06-10T17:52:12.243+0000] {dag.py:3947} INFO - Setting next_dagrun for example_subdag_operator.section-1 to None, run_after=None
[2026-06-10T17:52:12.243+0000] {logging_mixin.py:188} INFO - [2026-06-10T17:52:12.243+0000] {dag.py:3947} INFO - Setting next_dagrun for example_subdag_operator.section-2 to None, run_after=None
[2026-06-10T17:52:12.250+0000] {logging_mixin.py:188} INFO - [2026-06-10T17:52:12.250+0000] {dag.py:3089} INFO - Sync 2 DAGs
[2026-06-10T17:52:12.257+0000] {logging_mixin.py:188} INFO - [2026-06-10T17:52:12.257+0000] {dag.py:3947} INFO - Setting next_dagrun for example_subdag_operator.section-1 to None, run_after=None
[2026-06-10T17:52:12.262+0000] {logging_mixin.py:188} INFO - [2026-06-10T17:52:12.261+0000] {dag.py:3947} INFO - Setting next_dagrun for example_subdag_operator.section-2 to None, run_after=None
[2026-06-10T17:52:12.278+0000] {processor.py:183} INFO - Processing /home/airflow/.local/lib/python3.12/site-packages/airflow/example_dags/example_subdag_operator.py took 0.219 seconds
[2026-06-10T17:52:50.105+0000] {processor.py:161} INFO - Started process (PID=172) to work on /home/airflow/.local/lib/python3.12/site-packages/airflow/example_dags/example_subdag_operator.py
[2026-06-10T17:52:50.112+0000] {processor.py:830} INFO - Processing file /home/airflow/.local/lib/python3.12/site-packages/airflow/example_dags/example_subdag_operator.py for tasks to queue
[2026-06-10T17:52:50.115+0000] {logging_mixin.py:188} INFO - [2026-06-10T17:52:50.114+0000] {dagbag.py:545} INFO - Filling up the DagBag from /home/airflow/.local/lib/python3.12/site-packages/airflow/example_dags/example_subdag_operator.py
[2026-06-10T17:52:50.137+0000] {processor.py:840} INFO - DAG(s) 'example_subdag_operator.section-1', 'example_subdag_operator.section-2', 'example_subdag_operator' retrieved from /home/airflow/.local/lib/python3.12/site-packages/airflow/example_dags/example_subdag_operator.py
[2026-06-10T17:52:50.152+0000] {logging_mixin.py:188} INFO - [2026-06-10T17:52:50.152+0000] {dag.py:3089} INFO - Sync 3 DAGs
[2026-06-10T17:52:50.177+0000] {logging_mixin.py:188} INFO - [2026-06-10T17:52:50.177+0000] {dag.py:3947} INFO - Setting next_dagrun for example_subdag_operator to 2022-01-01 00:00:00+00:00, run_after=2022-01-01 00:00:00+00:00
[2026-06-10T17:52:50.181+0000] {logging_mixin.py:188} INFO - [2026-06-10T17:52:50.181+0000] {dag.py:3947} INFO - Setting next_dagrun for example_subdag_operator.section-1 to None, run_after=None
[2026-06-10T17:52:50.182+0000] {logging_mixin.py:188} INFO - [2026-06-10T17:52:50.182+0000] {dag.py:3947} INFO - Setting next_dagrun for example_subdag_operator.section-2 to None, run_after=None
[2026-06-10T17:52:50.188+0000] {logging_mixin.py:188} INFO - [2026-06-10T17:52:50.188+0000] {dag.py:3089} INFO - Sync 2 DAGs
[2026-06-10T17:52:50.196+0000] {logging_mixin.py:188} INFO - [2026-06-10T17:52:50.196+0000] {dag.py:3947} INFO - Setting next_dagrun for example_subdag_operator.section-1 to None, run_after=None
[2026-06-10T17:52:50.196+0000] {logging_mixin.py:188} INFO - [2026-06-10T17:52:50.196+0000] {dag.py:3947} INFO - Setting next_dagrun for example_subdag_operator.section-2 to None, run_after=None
[2026-06-10T17:52:50.222+0000] {processor.py:183} INFO - Processing /home/airflow/.local/lib/python3.12/site-packages/airflow/example_dags/example_subdag_operator.py took 0.122 seconds
[2026-06-10T17:53:20.607+0000] {processor.py:161} INFO - Started process (PID=233) to work on /home/airflow/.local/lib/python3.12/site-packages/airflow/example_dags/example_subdag_operator.py
[2026-06-10T17:53:20.608+0000] {processor.py:830} INFO - Processing file /home/airflow/.local/lib/python3.12/site-packages/airflow/example_dags/example_subdag_operator.py for tasks to queue
[2026-06-10T17:53:20.609+0000] {logging_mixin.py:188} INFO - [2026-06-10T17:53:20.609+0000] {dagbag.py:545} INFO - Filling up the DagBag from /home/airflow/.local/lib/python3.12/site-packages/airflow/example_dags/example_subdag_operator.py
[2026-06-10T17:53:20.628+0000] {processor.py:840} INFO - DAG(s) 'example_subdag_operator.section-1', 'example_subdag_operator.section-2', 'example_subdag_operator' retrieved from /home/airflow/.local/lib/python3.12/site-packages/airflow/example_dags/example_subdag_operator.py
[2026-06-10T17:53:20.642+0000] {logging_mixin.py:188} INFO - [2026-06-10T17:53:20.641+0000] {dag.py:3089} INFO - Sync 3 DAGs
[2026-06-10T17:53:20.661+0000] {logging_mixin.py:188} INFO - [2026-06-10T17:53:20.661+0000] {dag.py:3947} INFO - Setting next_dagrun for example_subdag_operator to 2022-01-01 00:00:00+00:00, run_after=2022-01-01 00:00:00+00:00
[2026-06-10T17:53:20.664+0000] {logging_mixin.py:188} INFO - [2026-06-10T17:53:20.664+0000] {dag.py:3947} INFO - Setting next_dagrun for example_subdag_operator.section-1 to None, run_after=None
[2026-06-10T17:53:20.665+0000] {logging_mixin.py:188} INFO - [2026-06-10T17:53:20.665+0000] {dag.py:3947} INFO - Setting next_dagrun for example_subdag_operator.section-2 to None, run_after=None
[2026-06-10T17:53:20.671+0000] {logging_mixin.py:188} INFO - [2026-06-10T17:53:20.671+0000] {dag.py:3089} INFO - Sync 2 DAGs
[2026-06-10T17:53:20.675+0000] {logging_mixin.py:188} INFO - [2026-06-10T17:53:20.675+0000] {dag.py:3947} INFO - Setting next_dagrun for example_subdag_operator.section-1 to None, run_after=None
[2026-06-10T17:53:20.676+0000] {logging_mixin.py:188} INFO - [2026-06-10T17:53:20.676+0000] {dag.py:3947} INFO - Setting next_dagrun for example_subdag_operator.section-2 to None, run_after=None
[2026-06-10T17:53:20.685+0000] {processor.py:183} INFO - Processing /home/airflow/.local/lib/python3.12/site-packages/airflow/example_dags/example_subdag_operator.py took 0.082 seconds
[2026-06-10T17:53:51.385+0000] {processor.py:161} INFO - Started process (PID=294) to work on /home/airflow/.local/lib/python3.12/site-packages/airflow/example_dags/example_subdag_operator.py
[2026-06-10T17:53:51.386+0000] {processor.py:830} INFO - Processing file /home/airflow/.local/lib/python3.12/site-packages/airflow/example_dags/example_subdag_operator.py for tasks to queue
[2026-06-10T17:53:51.387+0000] {logging_mixin.py:188} INFO - [2026-06-10T17:53:51.387+0000] {dagbag.py:545} INFO - Filling up the DagBag from /home/airflow/.local/lib/python3.12/site-packages/airflow/example_dags/example_subdag_operator.py
[2026-06-10T17:53:51.406+0000] {processor.py:840} INFO - DAG(s) 'example_subdag_operator.section-1', 'example_subdag_operator.section-2', 'example_subdag_operator' retrieved from /home/airflow/.local/lib/python3.12/site-packages/airflow/example_dags/example_subdag_operator.py
[2026-06-10T17:53:51.420+0000] {logging_mixin.py:188} INFO - [2026-06-10T17:53:51.420+0000] {dag.py:3089} INFO - Sync 3 DAGs
[2026-06-10T17:53:51.439+0000] {logging_mixin.py:188} INFO - [2026-06-10T17:53:51.438+0000] {dag.py:3947} INFO - Setting next_dagrun for example_subdag_operator to 2022-01-01 00:00:00+00:00, run_after=2022-01-01 00:00:00+00:00
[2026-06-10T17:53:51.442+0000] {logging_mixin.py:188} INFO - [2026-06-10T17:53:51.442+0000] {dag.py:3947} INFO - Setting next_dagrun for example_subdag_operator.section-1 to None, run_after=None
[2026-06-10T17:53:51.443+0000] {logging_mixin.py:188} INFO - [2026-06-10T17:53:51.443+0000] {dag.py:3947} INFO - Setting next_dagrun for example_subdag_operator.section-2 to None, run_after=None
[2026-06-10T17:53:51.448+0000] {logging_mixin.py:188} INFO - [2026-06-10T17:53:51.448+0000] {dag.py:3089} INFO - Sync 2 DAGs
[2026-06-10T17:53:51.452+0000] {logging_mixin.py:188} INFO - [2026-06-10T17:53:51.452+0000] {dag.py:3947} INFO - Setting next_dagrun for example_subdag_operator.section-1 to None, run_after=None
[2026-06-10T17:53:51.453+0000] {logging_mixin.py:188} INFO - [2026-06-10T17:53:51.452+0000] {dag.py:3947} INFO - Setting next_dagrun for example_subdag_operator.section-2 to None, run_after=None
[2026-06-10T17:53:51.461+0000] {processor.py:183} INFO - Processing /home/airflow/.local/lib/python3.12/site-packages/airflow/example_dags/example_subdag_operator.py took 0.081 seconds
[2026-06-10T17:54:21.567+0000] {processor.py:161} INFO - Started process (PID=356) to work on /home/airflow/.local/lib/python3.12/site-packages/airflow/example_dags/example_subdag_operator.py
[2026-06-10T17:54:21.568+0000] {processor.py:830} INFO - Processing file /home/airflow/.local/lib/python3.12/site-packages/airflow/example_dags/example_subdag_operator.py for tasks to queue
[2026-06-10T17:54:21.569+0000] {logging_mixin.py:188} INFO - [2026-06-10T17:54:21.569+0000] {dagbag.py:545} INFO - Filling up the DagBag from /home/airflow/.local/lib/python3.12/site-packages/airflow/example_dags/example_subdag_operator.py
[2026-06-10T17:54:21.589+0000] {processor.py:840} INFO - DAG(s) 'example_subdag_operator.section-1', 'example_subdag_operator.section-2', 'example_subdag_operator' retrieved from /home/airflow/.local/lib/python3.12/site-packages/airflow/example_dags/example_subdag_operator.py
[2026-06-10T17:54:21.602+0000] {logging_mixin.py:188} INFO - [2026-06-10T17:54:21.602+0000] {dag.py:3089} INFO - Sync 3 DAGs
[2026-06-10T17:54:21.622+0000] {logging_mixin.py:188} INFO - [2026-06-10T17:54:21.622+0000] {dag.py:3947} INFO - Setting next_dagrun for example_subdag_operator to 2022-01-01 00:00:00+00:00, run_after=2022-01-01 00:00:00+00:00
[2026-06-10T17:54:21.626+0000] {logging_mixin.py:188} INFO - [2026-06-10T17:54:21.626+0000] {dag.py:3947} INFO - Setting next_dagrun for example_subdag_operator.section-1 to None, run_after=None
[2026-06-10T17:54:21.627+0000] {logging_mixin.py:188} INFO - [2026-06-10T17:54:21.627+0000] {dag.py:3947} INFO - Setting next_dagrun for example_subdag_operator.section-2 to None, run_after=None
[2026-06-10T17:54:21.633+0000] {logging_mixin.py:188} INFO - [2026-06-10T17:54:21.633+0000] {dag.py:3089} INFO - Sync 2 DAGs
[2026-06-10T17:54:21.638+0000] {logging_mixin.py:188} INFO - [2026-06-10T17:54:21.637+0000] {dag.py:3947} INFO - Setting next_dagrun for example_subdag_operator.section-1 to None, run_after=None
[2026-06-10T17:54:21.638+0000] {logging_mixin.py:188} INFO - [2026-06-10T17:54:21.638+0000] {dag.py:3947} INFO - Setting next_dagrun for example_subdag_operator.section-2 to None, run_after=None
[2026-06-10T17:54:21.647+0000] {processor.py:183} INFO - Processing /home/airflow/.local/lib/python3.12/site-packages/airflow/example_dags/example_subdag_operator.py took 0.085 seconds
[2026-06-10T17:54:52.449+0000] {processor.py:161} INFO - Started process (PID=416) to work on /home/airflow/.local/lib/python3.12/site-packages/airflow/example_dags/example_subdag_operator.py
[2026-06-10T17:54:52.451+0000] {processor.py:830} INFO - Processing file /home/airflow/.local/lib/python3.12/site-packages/airflow/example_dags/example_subdag_operator.py for tasks to queue
[2026-06-10T17:54:52.452+0000] {logging_mixin.py:188} INFO - [2026-06-10T17:54:52.452+0000] {dagbag.py:545} INFO - Filling up the DagBag from /home/airflow/.local/lib/python3.12/site-packages/airflow/example_dags/example_subdag_operator.py
[2026-06-10T17:54:52.474+0000] {processor.py:840} INFO - DAG(s) 'example_subdag_operator.section-1', 'example_subdag_operator.section-2', 'example_subdag_operator' retrieved from /home/airflow/.local/lib/python3.12/site-packages/airflow/example_dags/example_subdag_operator.py
[2026-06-10T17:54:52.491+0000] {logging_mixin.py:188} INFO - [2026-06-10T17:54:52.491+0000] {dag.py:3089} INFO - Sync 3 DAGs
[2026-06-10T17:54:52.513+0000] {logging_mixin.py:188} INFO - [2026-06-10T17:54:52.513+0000] {dag.py:3947} INFO - Setting next_dagrun for example_subdag_operator to 2022-01-01 00:00:00+00:00, run_after=2022-01-01 00:00:00+00:00
[2026-06-10T17:54:52.517+0000] {logging_mixin.py:188} INFO - [2026-06-10T17:54:52.517+0000] {dag.py:3947} INFO - Setting next_dagrun for example_subdag_operator.section-1 to None, run_after=None
[2026-06-10T17:54:52.519+0000] {logging_mixin.py:188} INFO - [2026-06-10T17:54:52.518+0000] {dag.py:3947} INFO - Setting next_dagrun for example_subdag_operator.section-2 to None, run_after=None
[2026-06-10T17:54:52.525+0000] {logging_mixin.py:188} INFO - [2026-06-10T17:54:52.525+0000] {dag.py:3089} INFO - Sync 2 DAGs
[2026-06-10T17:54:52.531+0000] {logging_mixin.py:188} INFO - [2026-06-10T17:54:52.530+0000] {dag.py:3947} INFO - Setting next_dagrun for example_subdag_operator.section-1 to None, run_after=None
[2026-06-10T17:54:52.531+0000] {logging_mixin.py:188} INFO - [2026-06-10T17:54:52.531+0000] {dag.py:3947} INFO - Setting next_dagrun for example_subdag_operator.section-2 to None, run_after=None
[2026-06-10T17:54:52.542+0000] {processor.py:183} INFO - Processing /home/airflow/.local/lib/python3.12/site-packages/airflow/example_dags/example_subdag_operator.py took 0.098 seconds
[2026-06-10T17:55:23.557+0000] {processor.py:161} INFO - Started process (PID=477) to work on /home/airflow/.local/lib/python3.12/site-packages/airflow/example_dags/example_subdag_operator.py
[2026-06-10T17:55:23.557+0000] {processor.py:830} INFO - Processing file /home/airflow/.local/lib/python3.12/site-packages/airflow/example_dags/example_subdag_operator.py for tasks to queue
[2026-06-10T17:55:23.559+0000] {logging_mixin.py:188} INFO - [2026-06-10T17:55:23.559+0000] {dagbag.py:545} INFO - Filling up the DagBag from /home/airflow/.local/lib/python3.12/site-packages/airflow/example_dags/example_subdag_operator.py
[2026-06-10T17:55:23.579+0000] {processor.py:840} INFO - DAG(s) 'example_subdag_operator.section-1', 'example_subdag_operator.section-2', 'example_subdag_operator' retrieved from /home/airflow/.local/lib/python3.12/site-packages/airflow/example_dags/example_subdag_operator.py
[2026-06-10T17:55:23.593+0000] {logging_mixin.py:188} INFO - [2026-06-10T17:55:23.592+0000] {dag.py:3089} INFO - Sync 3 DAGs
[2026-06-10T17:55:23.611+0000] {logging_mixin.py:188} INFO - [2026-06-10T17:55:23.611+0000] {dag.py:3947} INFO - Setting next_dagrun for example_subdag_operator to 2022-01-01 00:00:00+00:00, run_after=2022-01-01 00:00:00+00:00
[2026-06-10T17:55:23.615+0000] {logging_mixin.py:188} INFO - [2026-06-10T17:55:23.615+0000] {dag.py:3947} INFO - Setting next_dagrun for example_subdag_operator.section-1 to None, run_after=None
[2026-06-10T17:55:23.616+0000] {logging_mixin.py:188} INFO - [2026-06-10T17:55:23.616+0000] {dag.py:3947} INFO - Setting next_dagrun for example_subdag_operator.section-2 to None, run_after=None
[2026-06-10T17:55:23.622+0000] {logging_mixin.py:188} INFO - [2026-06-10T17:55:23.621+0000] {dag.py:3089} INFO - Sync 2 DAGs
[2026-06-10T17:55:23.626+0000] {logging_mixin.py:188} INFO - [2026-06-10T17:55:23.625+0000] {dag.py:3947} INFO - Setting next_dagrun for example_subdag_operator.section-1 to None, run_after=None
[2026-06-10T17:55:23.626+0000] {logging_mixin.py:188} INFO - [2026-06-10T17:55:23.626+0000] {dag.py:3947} INFO - Setting next_dagrun for example_subdag_operator.section-2 to None, run_after=None
[2026-06-10T17:55:23.635+0000] {processor.py:183} INFO - Processing /home/airflow/.local/lib/python3.12/site-packages/airflow/example_dags/example_subdag_operator.py took 0.083 seconds
[2026-06-10T17:55:53.864+0000] {processor.py:161} INFO - Started process (PID=537) to work on /home/airflow/.local/lib/python3.12/site-packages/airflow/example_dags/example_subdag_operator.py
[2026-06-10T17:55:53.868+0000] {processor.py:830} INFO - Processing file /home/airflow/.local/lib/python3.12/site-packages/airflow/example_dags/example_subdag_operator.py for tasks to queue
[2026-06-10T17:55:53.870+0000] {logging_mixin.py:188} INFO - [2026-06-10T17:55:53.869+0000] {dagbag.py:545} INFO - Filling up the DagBag from /home/airflow/.local/lib/python3.12/site-packages/airflow/example_dags/example_subdag_operator.py
[2026-06-10T17:55:53.891+0000] {processor.py:840} INFO - DAG(s) 'example_subdag_operator.section-1', 'example_subdag_operator.section-2', 'example_subdag_operator' retrieved from /home/airflow/.local/lib/python3.12/site-packages/airflow/example_dags/example_subdag_operator.py
[2026-06-10T17:55:53.904+0000] {logging_mixin.py:188} INFO - [2026-06-10T17:55:53.904+0000] {dag.py:3089} INFO - Sync 3 DAGs
[2026-06-10T17:55:53.923+0000] {logging_mixin.py:188} INFO - [2026-06-10T17:55:53.923+0000] {dag.py:3947} INFO - Setting next_dagrun for example_subdag_operator to 2022-01-01 00:00:00+00:00, run_after=2022-01-01 00:00:00+00:00
[2026-06-10T17:55:53.926+0000] {logging_mixin.py:188} INFO - [2026-06-10T17:55:53.926+0000] {dag.py:3947} INFO - Setting next_dagrun for example_subdag_operator.section-1 to None, run_after=None
[2026-06-10T17:55:53.927+0000] {logging_mixin.py:188} INFO - [2026-06-10T17:55:53.927+0000] {dag.py:3947} INFO - Setting next_dagrun for example_subdag_operator.section-2 to None, run_after=None
[2026-06-10T17:55:53.932+0000] {logging_mixin.py:188} INFO - [2026-06-10T17:55:53.932+0000] {dag.py:3089} INFO - Sync 2 DAGs
[2026-06-10T17:55:53.937+0000] {logging_mixin.py:188} INFO - [2026-06-10T17:55:53.936+0000] {dag.py:3947} INFO - Setting next_dagrun for example_subdag_operator.section-1 to None, run_after=None
[2026-06-10T17:55:53.937+0000] {logging_mixin.py:188} INFO - [2026-06-10T17:55:53.937+0000] {dag.py:3947} INFO - Setting next_dagrun for example_subdag_operator.section-2 to None, run_after=None
[2026-06-10T17:55:53.958+0000] {processor.py:183} INFO - Processing /home/airflow/.local/lib/python3.12/site-packages/airflow/example_dags/example_subdag_operator.py took 0.099 seconds
[2026-06-10T17:56:24.047+0000] {processor.py:161} INFO - Started process (PID=598) to work on /home/airflow/.local/lib/python3.12/site-packages/airflow/example_dags/example_subdag_operator.py
[2026-06-10T17:56:24.047+0000] {processor.py:830} INFO - Processing file /home/airflow/.local/lib/python3.12/site-packages/airflow/example_dags/example_subdag_operator.py for tasks to queue
[2026-06-10T17:56:24.049+0000] {logging_mixin.py:188} INFO - [2026-06-10T17:56:24.049+0000] {dagbag.py:545} INFO - Filling up the DagBag from /home/airflow/.local/lib/python3.12/site-packages/airflow/example_dags/example_subdag_operator.py
[2026-06-10T17:56:24.067+0000] {processor.py:840} INFO - DAG(s) 'example_subdag_operator.section-1', 'example_subdag_operator.section-2', 'example_subdag_operator' retrieved from /home/airflow/.local/lib/python3.12/site-packages/airflow/example_dags/example_subdag_operator.py
[2026-06-10T17:56:24.079+0000] {logging_mixin.py:188} INFO - [2026-06-10T17:56:24.079+0000] {dag.py:3089} INFO - Sync 3 DAGs
[2026-06-10T17:56:24.097+0000] {logging_mixin.py:188} INFO - [2026-06-10T17:56:24.097+0000] {dag.py:3947} INFO - Setting next_dagrun for example_subdag_operator to 2022-01-01 00:00:00+00:00, run_after=2022-01-01 00:00:00+00:00
[2026-06-10T17:56:24.100+0000] {logging_mixin.py:188} INFO - [2026-06-10T17:56:24.100+0000] {dag.py:3947} INFO - Setting next_dagrun for example_subdag_operator.section-1 to None, run_after=None
[2026-06-10T17:56:24.101+0000] {logging_mixin.py:188} INFO - [2026-06-10T17:56:24.101+0000] {dag.py:3947} INFO - Setting next_dagrun for example_subdag_operator.section-2 to None, run_after=None
[2026-06-10T17:56:24.107+0000] {logging_mixin.py:188} INFO - [2026-06-10T17:56:24.106+0000] {dag.py:3089} INFO - Sync 2 DAGs
[2026-06-10T17:56:24.110+0000] {logging_mixin.py:188} INFO - [2026-06-10T17:56:24.110+0000] {dag.py:3947} INFO - Setting next_dagrun for example_subdag_operator.section-1 to None, run_after=None
[2026-06-10T17:56:24.111+0000] {logging_mixin.py:188} INFO - [2026-06-10T17:56:24.111+0000] {dag.py:3947} INFO - Setting next_dagrun for example_subdag_operator.section-2 to None, run_after=None
[2026-06-10T17:56:24.119+0000] {processor.py:183} INFO - Processing /home/airflow/.local/lib/python3.12/site-packages/airflow/example_dags/example_subdag_operator.py took 0.076 seconds
[2026-06-10T17:56:54.205+0000] {processor.py:161} INFO - Started process (PID=659) to work on /home/airflow/.local/lib/python3.12/site-packages/airflow/example_dags/example_subdag_operator.py
[2026-06-10T17:56:54.206+0000] {processor.py:830} INFO - Processing file /home/airflow/.local/lib/python3.12/site-packages/airflow/example_dags/example_subdag_operator.py for tasks to queue
[2026-06-10T17:56:54.207+0000] {logging_mixin.py:188} INFO - [2026-06-10T17:56:54.207+0000] {dagbag.py:545} INFO - Filling up the DagBag from /home/airflow/.local/lib/python3.12/site-packages/airflow/example_dags/example_subdag_operator.py
[2026-06-10T17:56:54.226+0000] {processor.py:840} INFO - DAG(s) 'example_subdag_operator.section-1', 'example_subdag_operator.section-2', 'example_subdag_operator' retrieved from /home/airflow/.local/lib/python3.12/site-packages/airflow/example_dags/example_subdag_operator.py
[2026-06-10T17:56:54.239+0000] {logging_mixin.py:188} INFO - [2026-06-10T17:56:54.239+0000] {dag.py:3089} INFO - Sync 3 DAGs
[2026-06-10T17:56:54.258+0000] {logging_mixin.py:188} INFO - [2026-06-10T17:56:54.258+0000] {dag.py:3947} INFO - Setting next_dagrun for example_subdag_operator to 2022-01-01 00:00:00+00:00, run_after=2022-01-01 00:00:00+00:00
[2026-06-10T17:56:54.261+0000] {logging_mixin.py:188} INFO - [2026-06-10T17:56:54.261+0000] {dag.py:3947} INFO - Setting next_dagrun for example_subdag_operator.section-1 to None, run_after=None
[2026-06-10T17:56:54.262+0000] {logging_mixin.py:188} INFO - [2026-06-10T17:56:54.262+0000] {dag.py:3947} INFO - Setting next_dagrun for example_subdag_operator.section-2 to None, run_after=None
[2026-06-10T17:56:54.267+0000] {logging_mixin.py:188} INFO - [2026-06-10T17:56:54.267+0000] {dag.py:3089} INFO - Sync 2 DAGs
[2026-06-10T17:56:54.272+0000] {logging_mixin.py:188} INFO - [2026-06-10T17:56:54.271+0000] {dag.py:3947} INFO - Setting next_dagrun for example_subdag_operator.section-1 to None, run_after=None
[2026-06-10T17:56:54.272+0000] {logging_mixin.py:188} INFO - [2026-06-10T17:56:54.272+0000] {dag.py:3947} INFO - Setting next_dagrun for example_subdag_operator.section-2 to None, run_after=None
[2026-06-10T17:56:54.281+0000] {processor.py:183} INFO - Processing /home/airflow/.local/lib/python3.12/site-packages/airflow/example_dags/example_subdag_operator.py took 0.080 seconds
[2026-06-10T17:57:24.733+0000] {processor.py:161} INFO - Started process (PID=720) to work on /home/airflow/.local/lib/python3.12/site-packages/airflow/example_dags/example_subdag_operator.py
[2026-06-10T17:57:24.734+0000] {processor.py:830} INFO - Processing file /home/airflow/.local/lib/python3.12/site-packages/airflow/example_dags/example_subdag_operator.py for tasks to queue
[2026-06-10T17:57:24.735+0000] {logging_mixin.py:188} INFO - [2026-06-10T17:57:24.735+0000] {dagbag.py:545} INFO - Filling up the DagBag from /home/airflow/.local/lib/python3.12/site-packages/airflow/example_dags/example_subdag_operator.py
[2026-06-10T17:57:24.754+0000] {processor.py:840} INFO - DAG(s) 'example_subdag_operator.section-1', 'example_subdag_operator.section-2', 'example_subdag_operator' retrieved from /home/airflow/.local/lib/python3.12/site-packages/airflow/example_dags/example_subdag_operator.py
[2026-06-10T17:57:24.768+0000] {logging_mixin.py:188} INFO - [2026-06-10T17:57:24.768+0000] {dag.py:3089} INFO - Sync 3 DAGs
[2026-06-10T17:57:24.787+0000] {logging_mixin.py:188} INFO - [2026-06-10T17:57:24.786+0000] {dag.py:3947} INFO - Setting next_dagrun for example_subdag_operator to 2022-01-01 00:00:00+00:00, run_after=2022-01-01 00:00:00+00:00
[2026-06-10T17:57:24.790+0000] {logging_mixin.py:188} INFO - [2026-06-10T17:57:24.790+0000] {dag.py:3947} INFO - Setting next_dagrun for example_subdag_operator.section-1 to None, run_after=None
[2026-06-10T17:57:24.791+0000] {logging_mixin.py:188} INFO - [2026-06-10T17:57:24.791+0000] {dag.py:3947} INFO - Setting next_dagrun for example_subdag_operator.section-2 to None, run_after=None
[2026-06-10T17:57:24.796+0000] {logging_mixin.py:188} INFO - [2026-06-10T17:57:24.796+0000] {dag.py:3089} INFO - Sync 2 DAGs
[2026-06-10T17:57:24.800+0000] {logging_mixin.py:188} INFO - [2026-06-10T17:57:24.800+0000] {dag.py:3947} INFO - Setting next_dagrun for example_subdag_operator.section-1 to None, run_after=None
[2026-06-10T17:57:24.801+0000] {logging_mixin.py:188} INFO - [2026-06-10T17:57:24.801+0000] {dag.py:3947} INFO - Setting next_dagrun for example_subdag_operator.section-2 to None, run_after=None
[2026-06-10T17:57:24.810+0000] {processor.py:183} INFO - Processing /home/airflow/.local/lib/python3.12/site-packages/airflow/example_dags/example_subdag_operator.py took 0.081 seconds
[2026-06-10T17:57:55.197+0000] {processor.py:161} INFO - Started process (PID=781) to work on /home/airflow/.local/lib/python3.12/site-packages/airflow/example_dags/example_subdag_operator.py
[2026-06-10T17:57:55.197+0000] {processor.py:830} INFO - Processing file /home/airflow/.local/lib/python3.12/site-packages/airflow/example_dags/example_subdag_operator.py for tasks to queue
[2026-06-10T17:57:55.199+0000] {logging_mixin.py:188} INFO - [2026-06-10T17:57:55.198+0000] {dagbag.py:545} INFO - Filling up the DagBag from /home/airflow/.local/lib/python3.12/site-packages/airflow/example_dags/example_subdag_operator.py
[2026-06-10T17:57:55.217+0000] {processor.py:840} INFO - DAG(s) 'example_subdag_operator.section-1', 'example_subdag_operator.section-2', 'example_subdag_operator' retrieved from /home/airflow/.local/lib/python3.12/site-packages/airflow/example_dags/example_subdag_operator.py
[2026-06-10T17:57:55.230+0000] {logging_mixin.py:188} INFO - [2026-06-10T17:57:55.230+0000] {dag.py:3089} INFO - Sync 3 DAGs
[2026-06-10T17:57:55.249+0000] {logging_mixin.py:188} INFO - [2026-06-10T17:57:55.248+0000] {dag.py:3947} INFO - Setting next_dagrun for example_subdag_operator to 2022-01-01 00:00:00+00:00, run_after=2022-01-01 00:00:00+00:00
[2026-06-10T17:57:55.252+0000] {logging_mixin.py:188} INFO - [2026-06-10T17:57:55.252+0000] {dag.py:3947} INFO - Setting next_dagrun for example_subdag_operator.section-1 to None, run_after=None
[2026-06-10T17:57:55.253+0000] {logging_mixin.py:188} INFO - [2026-06-10T17:57:55.253+0000] {dag.py:3947} INFO - Setting next_dagrun for example_subdag_operator.section-2 to None, run_after=None
[2026-06-10T17:57:55.260+0000] {logging_mixin.py:188} INFO - [2026-06-10T17:57:55.260+0000] {dag.py:3089} INFO - Sync 2 DAGs
[2026-06-10T17:57:55.264+0000] {logging_mixin.py:188} INFO - [2026-06-10T17:57:55.264+0000] {dag.py:3947} INFO - Setting next_dagrun for example_subdag_operator.section-1 to None, run_after=None
[2026-06-10T17:57:55.264+0000] {logging_mixin.py:188} INFO - [2026-06-10T17:57:55.264+0000] {dag.py:3947} INFO - Setting next_dagrun for example_subdag_operator.section-2 to None, run_after=None
[2026-06-10T17:57:55.273+0000] {processor.py:183} INFO - Processing /home/airflow/.local/lib/python3.12/site-packages/airflow/example_dags/example_subdag_operator.py took 0.080 seconds
[2026-06-10T17:58:25.368+0000] {processor.py:161} INFO - Started process (PID=842) to work on /home/airflow/.local/lib/python3.12/site-packages/airflow/example_dags/example_subdag_operator.py
[2026-06-10T17:58:25.369+0000] {processor.py:830} INFO - Processing file /home/airflow/.local/lib/python3.12/site-packages/airflow/example_dags/example_subdag_operator.py for tasks to queue
[2026-06-10T17:58:25.370+0000] {logging_mixin.py:188} INFO - [2026-06-10T17:58:25.370+0000] {dagbag.py:545} INFO - Filling up the DagBag from /home/airflow/.local/lib/python3.12/site-packages/airflow/example_dags/example_subdag_operator.py
[2026-06-10T17:58:25.389+0000] {processor.py:840} INFO - DAG(s) 'example_subdag_operator.section-1', 'example_subdag_operator.section-2', 'example_subdag_operator' retrieved from /home/airflow/.local/lib/python3.12/site-packages/airflow/example_dags/example_subdag_operator.py
[2026-06-10T17:58:25.403+0000] {logging_mixin.py:188} INFO - [2026-06-10T17:58:25.403+0000] {dag.py:3089} INFO - Sync 3 DAGs
[2026-06-10T17:58:25.422+0000] {logging_mixin.py:188} INFO - [2026-06-10T17:58:25.422+0000] {dag.py:3947} INFO - Setting next_dagrun for example_subdag_operator to 2022-01-01 00:00:00+00:00, run_after=2022-01-01 00:00:00+00:00
[2026-06-10T17:58:25.425+0000] {logging_mixin.py:188} INFO - [2026-06-10T17:58:25.425+0000] {dag.py:3947} INFO - Setting next_dagrun for example_subdag_operator.section-1 to None, run_after=None
[2026-06-10T17:58:25.426+0000] {logging_mixin.py:188} INFO - [2026-06-10T17:58:25.426+0000] {dag.py:3947} INFO - Setting next_dagrun for example_subdag_operator.section-2 to None, run_after=None
[2026-06-10T17:58:25.432+0000] {logging_mixin.py:188} INFO - [2026-06-10T17:58:25.432+0000] {dag.py:3089} INFO - Sync 2 DAGs
[2026-06-10T17:58:25.436+0000] {logging_mixin.py:188} INFO - [2026-06-10T17:58:25.436+0000] {dag.py:3947} INFO - Setting next_dagrun for example_subdag_operator.section-1 to None, run_after=None
[2026-06-10T17:58:25.437+0000] {logging_mixin.py:188} INFO - [2026-06-10T17:58:25.436+0000] {dag.py:3947} INFO - Setting next_dagrun for example_subdag_operator.section-2 to None, run_after=None
[2026-06-10T17:58:25.445+0000] {processor.py:183} INFO - Processing /home/airflow/.local/lib/python3.12/site-packages/airflow/example_dags/example_subdag_operator.py took 0.082 seconds
[2026-06-10T17:58:55.779+0000] {processor.py:161} INFO - Started process (PID=903) to work on /home/airflow/.local/lib/python3.12/site-packages/airflow/example_dags/example_subdag_operator.py
[2026-06-10T17:58:55.780+0000] {processor.py:830} INFO - Processing file /home/airflow/.local/lib/python3.12/site-packages/airflow/example_dags/example_subdag_operator.py for tasks to queue
[2026-06-10T17:58:55.781+0000] {logging_mixin.py:188} INFO - [2026-06-10T17:58:55.781+0000] {dagbag.py:545} INFO - Filling up the DagBag from /home/airflow/.local/lib/python3.12/site-packages/airflow/example_dags/example_subdag_operator.py
[2026-06-10T17:58:55.800+0000] {processor.py:840} INFO - DAG(s) 'example_subdag_operator.section-1', 'example_subdag_operator.section-2', 'example_subdag_operator' retrieved from /home/airflow/.local/lib/python3.12/site-packages/airflow/example_dags/example_subdag_operator.py
[2026-06-10T17:58:55.813+0000] {logging_mixin.py:188} INFO - [2026-06-10T17:58:55.813+0000] {dag.py:3089} INFO - Sync 3 DAGs
[2026-06-10T17:58:55.832+0000] {logging_mixin.py:188} INFO - [2026-06-10T17:58:55.832+0000] {dag.py:3947} INFO - Setting next_dagrun for example_subdag_operator to 2022-01-01 00:00:00+00:00, run_after=2022-01-01 00:00:00+00:00
[2026-06-10T17:58:55.836+0000] {logging_mixin.py:188} INFO - [2026-06-10T17:58:55.836+0000] {dag.py:3947} INFO - Setting next_dagrun for example_subdag_operator.section-1 to None, run_after=None
[2026-06-10T17:58:55.837+0000] {logging_mixin.py:188} INFO - [2026-06-10T17:58:55.837+0000] {dag.py:3947} INFO - Setting next_dagrun for example_subdag_operator.section-2 to None, run_after=None
[2026-06-10T17:58:55.844+0000] {logging_mixin.py:188} INFO - [2026-06-10T17:58:55.844+0000] {dag.py:3089} INFO - Sync 2 DAGs
[2026-06-10T17:58:55.848+0000] {logging_mixin.py:188} INFO - [2026-06-10T17:58:55.848+0000] {dag.py:3947} INFO - Setting next_dagrun for example_subdag_operator.section-1 to None, run_after=None
[2026-06-10T17:58:55.848+0000] {logging_mixin.py:188} INFO - [2026-06-10T17:58:55.848+0000] {dag.py:3947} INFO - Setting next_dagrun for example_subdag_operator.section-2 to None, run_after=None
[2026-06-10T17:58:55.857+0000] {processor.py:183} INFO - Processing /home/airflow/.local/lib/python3.12/site-packages/airflow/example_dags/example_subdag_operator.py took 0.083 seconds
[2026-06-10T17:59:25.933+0000] {processor.py:161} INFO - Started process (PID=964) to work on /home/airflow/.local/lib/python3.12/site-packages/airflow/example_dags/example_subdag_operator.py
[2026-06-10T17:59:25.935+0000] {processor.py:830} INFO - Processing file /home/airflow/.local/lib/python3.12/site-packages/airflow/example_dags/example_subdag_operator.py for tasks to queue
[2026-06-10T17:59:25.936+0000] {logging_mixin.py:188} INFO - [2026-06-10T17:59:25.936+0000] {dagbag.py:545} INFO - Filling up the DagBag from /home/airflow/.local/lib/python3.12/site-packages/airflow/example_dags/example_subdag_operator.py
[2026-06-10T17:59:25.954+0000] {processor.py:840} INFO - DAG(s) 'example_subdag_operator.section-1', 'example_subdag_operator.section-2', 'example_subdag_operator' retrieved from /home/airflow/.local/lib/python3.12/site-packages/airflow/example_dags/example_subdag_operator.py
[2026-06-10T17:59:25.967+0000] {logging_mixin.py:188} INFO - [2026-06-10T17:59:25.967+0000] {dag.py:3089} INFO - Sync 3 DAGs
[2026-06-10T17:59:25.986+0000] {logging_mixin.py:188} INFO - [2026-06-10T17:59:25.986+0000] {dag.py:3947} INFO - Setting next_dagrun for example_subdag_operator to 2022-01-01 00:00:00+00:00, run_after=2022-01-01 00:00:00+00:00
[2026-06-10T17:59:25.989+0000] {logging_mixin.py:188} INFO - [2026-06-10T17:59:25.989+0000] {dag.py:3947} INFO - Setting next_dagrun for example_subdag_operator.section-1 to None, run_after=None
[2026-06-10T17:59:25.990+0000] {logging_mixin.py:188} INFO - [2026-06-10T17:59:25.990+0000] {dag.py:3947} INFO - Setting next_dagrun for example_subdag_operator.section-2 to None, run_after=None
[2026-06-10T17:59:25.996+0000] {logging_mixin.py:188} INFO - [2026-06-10T17:59:25.996+0000] {dag.py:3089} INFO - Sync 2 DAGs
[2026-06-10T17:59:26.000+0000] {logging_mixin.py:188} INFO - [2026-06-10T17:59:26.000+0000] {dag.py:3947} INFO - Setting next_dagrun for example_subdag_operator.section-1 to None, run_after=None
[2026-06-10T17:59:26.000+0000] {logging_mixin.py:188} INFO - [2026-06-10T17:59:26.000+0000] {dag.py:3947} INFO - Setting next_dagrun for example_subdag_operator.section-2 to None, run_after=None
[2026-06-10T17:59:26.009+0000] {processor.py:183} INFO - Processing /home/airflow/.local/lib/python3.12/site-packages/airflow/example_dags/example_subdag_operator.py took 0.080 seconds
[2026-06-10T17:59:56.454+0000] {processor.py:161} INFO - Started process (PID=1025) to work on /home/airflow/.local/lib/python3.12/site-packages/airflow/example_dags/example_subdag_operator.py
[2026-06-10T17:59:56.455+0000] {processor.py:830} INFO - Processing file /home/airflow/.local/lib/python3.12/site-packages/airflow/example_dags/example_subdag_operator.py for tasks to queue
[2026-06-10T17:59:56.456+0000] {logging_mixin.py:188} INFO - [2026-06-10T17:59:56.456+0000] {dagbag.py:545} INFO - Filling up the DagBag from /home/airflow/.local/lib/python3.12/site-packages/airflow/example_dags/example_subdag_operator.py
[2026-06-10T17:59:56.475+0000] {processor.py:840} INFO - DAG(s) 'example_subdag_operator.section-1', 'example_subdag_operator.section-2', 'example_subdag_operator' retrieved from /home/airflow/.local/lib/python3.12/site-packages/airflow/example_dags/example_subdag_operator.py
[2026-06-10T17:59:56.490+0000] {logging_mixin.py:188} INFO - [2026-06-10T17:59:56.490+0000] {dag.py:3089} INFO - Sync 3 DAGs
[2026-06-10T17:59:56.635+0000] {logging_mixin.py:188} INFO - [2026-06-10T17:59:56.634+0000] {dag.py:3947} INFO - Setting next_dagrun for example_subdag_operator to 2022-01-01 00:00:00+00:00, run_after=2022-01-01 00:00:00+00:00
[2026-06-10T17:59:56.638+0000] {logging_mixin.py:188} INFO - [2026-06-10T17:59:56.638+0000] {dag.py:3947} INFO - Setting next_dagrun for example_subdag_operator.section-1 to None, run_after=None
[2026-06-10T17:59:56.639+0000] {logging_mixin.py:188} INFO - [2026-06-10T17:59:56.639+0000] {dag.py:3947} INFO - Setting next_dagrun for example_subdag_operator.section-2 to None, run_after=None
[2026-06-10T17:59:56.644+0000] {logging_mixin.py:188} INFO - [2026-06-10T17:59:56.644+0000] {dag.py:3089} INFO - Sync 2 DAGs
[2026-06-10T17:59:56.648+0000] {logging_mixin.py:188} INFO - [2026-06-10T17:59:56.648+0000] {dag.py:3947} INFO - Setting next_dagrun for example_subdag_operator.section-1 to None, run_after=None
[2026-06-10T17:59:56.649+0000] {logging_mixin.py:188} INFO - [2026-06-10T17:59:56.649+0000] {dag.py:3947} INFO - Setting next_dagrun for example_subdag_operator.section-2 to None, run_after=None
[2026-06-10T17:59:56.658+0000] {processor.py:183} INFO - Processing /home/airflow/.local/lib/python3.12/site-packages/airflow/example_dags/example_subdag_operator.py took 0.208 seconds
[2026-06-10T18:00:28.786+0000] {processor.py:161} INFO - Started process (PID=1086) to work on /home/airflow/.local/lib/python3.12/site-packages/airflow/example_dags/example_subdag_operator.py
[2026-06-10T18:00:28.787+0000] {processor.py:830} INFO - Processing file /home/airflow/.local/lib/python3.12/site-packages/airflow/example_dags/example_subdag_operator.py for tasks to queue
[2026-06-10T18:00:28.789+0000] {logging_mixin.py:188} INFO - [2026-06-10T18:00:28.789+0000] {dagbag.py:545} INFO - Filling up the DagBag from /home/airflow/.local/lib/python3.12/site-packages/airflow/example_dags/example_subdag_operator.py
[2026-06-10T18:00:28.811+0000] {processor.py:840} INFO - DAG(s) 'example_subdag_operator.section-1', 'example_subdag_operator.section-2', 'example_subdag_operator' retrieved from /home/airflow/.local/lib/python3.12/site-packages/airflow/example_dags/example_subdag_operator.py
[2026-06-10T18:00:28.824+0000] {logging_mixin.py:188} INFO - [2026-06-10T18:00:28.824+0000] {dag.py:3089} INFO - Sync 3 DAGs
[2026-06-10T18:00:28.973+0000] {logging_mixin.py:188} INFO - [2026-06-10T18:00:28.972+0000] {dag.py:3947} INFO - Setting next_dagrun for example_subdag_operator to 2022-01-01 00:00:00+00:00, run_after=2022-01-01 00:00:00+00:00
[2026-06-10T18:00:28.976+0000] {logging_mixin.py:188} INFO - [2026-06-10T18:00:28.976+0000] {dag.py:3947} INFO - Setting next_dagrun for example_subdag_operator.section-1 to None, run_after=None
[2026-06-10T18:00:28.977+0000] {logging_mixin.py:188} INFO - [2026-06-10T18:00:28.977+0000] {dag.py:3947} INFO - Setting next_dagrun for example_subdag_operator.section-2 to None, run_after=None
[2026-06-10T18:00:28.983+0000] {logging_mixin.py:188} INFO - [2026-06-10T18:00:28.982+0000] {dag.py:3089} INFO - Sync 2 DAGs
[2026-06-10T18:00:28.987+0000] {logging_mixin.py:188} INFO - [2026-06-10T18:00:28.987+0000] {dag.py:3947} INFO - Setting next_dagrun for example_subdag_operator.section-1 to None, run_after=None
[2026-06-10T18:00:28.987+0000] {logging_mixin.py:188} INFO - [2026-06-10T18:00:28.987+0000] {dag.py:3947} INFO - Setting next_dagrun for example_subdag_operator.section-2 to None, run_after=None
[2026-06-10T18:00:28.998+0000] {processor.py:183} INFO - Processing /home/airflow/.local/lib/python3.12/site-packages/airflow/example_dags/example_subdag_operator.py took 0.217 seconds
[2026-06-10T18:00:59.893+0000] {processor.py:161} INFO - Started process (PID=1148) to work on /home/airflow/.local/lib/python3.12/site-packages/airflow/example_dags/example_subdag_operator.py
[2026-06-10T18:00:59.894+0000] {processor.py:830} INFO - Processing file /home/airflow/.local/lib/python3.12/site-packages/airflow/example_dags/example_subdag_operator.py for tasks to queue
[2026-06-10T18:00:59.896+0000] {logging_mixin.py:188} INFO - [2026-06-10T18:00:59.895+0000] {dagbag.py:545} INFO - Filling up the DagBag from /home/airflow/.local/lib/python3.12/site-packages/airflow/example_dags/example_subdag_operator.py
[2026-06-10T18:00:59.917+0000] {processor.py:840} INFO - DAG(s) 'example_subdag_operator.section-1', 'example_subdag_operator.section-2', 'example_subdag_operator' retrieved from /home/airflow/.local/lib/python3.12/site-packages/airflow/example_dags/example_subdag_operator.py
[2026-06-10T18:00:59.932+0000] {logging_mixin.py:188} INFO - [2026-06-10T18:00:59.932+0000] {dag.py:3089} INFO - Sync 3 DAGs
[2026-06-10T18:00:59.951+0000] {logging_mixin.py:188} INFO - [2026-06-10T18:00:59.951+0000] {dag.py:3947} INFO - Setting next_dagrun for example_subdag_operator to 2022-01-01 00:00:00+00:00, run_after=2022-01-01 00:00:00+00:00
[2026-06-10T18:00:59.954+0000] {logging_mixin.py:188} INFO - [2026-06-10T18:00:59.954+0000] {dag.py:3947} INFO - Setting next_dagrun for example_subdag_operator.section-1 to None, run_after=None
[2026-06-10T18:00:59.955+0000] {logging_mixin.py:188} INFO - [2026-06-10T18:00:59.955+0000] {dag.py:3947} INFO - Setting next_dagrun for example_subdag_operator.section-2 to None, run_after=None
[2026-06-10T18:00:59.961+0000] {logging_mixin.py:188} INFO - [2026-06-10T18:00:59.960+0000] {dag.py:3089} INFO - Sync 2 DAGs
[2026-06-10T18:00:59.965+0000] {logging_mixin.py:188} INFO - [2026-06-10T18:00:59.964+0000] {dag.py:3947} INFO - Setting next_dagrun for example_subdag_operator.section-1 to None, run_after=None
[2026-06-10T18:00:59.965+0000] {logging_mixin.py:188} INFO - [2026-06-10T18:00:59.965+0000] {dag.py:3947} INFO - Setting next_dagrun for example_subdag_operator.section-2 to None, run_after=None
[2026-06-10T18:00:59.974+0000] {processor.py:183} INFO - Processing /home/airflow/.local/lib/python3.12/site-packages/airflow/example_dags/example_subdag_operator.py took 0.085 seconds
[2026-06-10T18:01:30.360+0000] {processor.py:161} INFO - Started process (PID=1209) to work on /home/airflow/.local/lib/python3.12/site-packages/airflow/example_dags/example_subdag_operator.py
[2026-06-10T18:01:30.361+0000] {processor.py:830} INFO - Processing file /home/airflow/.local/lib/python3.12/site-packages/airflow/example_dags/example_subdag_operator.py for tasks to queue
[2026-06-10T18:01:30.363+0000] {logging_mixin.py:188} INFO - [2026-06-10T18:01:30.363+0000] {dagbag.py:545} INFO - Filling up the DagBag from /home/airflow/.local/lib/python3.12/site-packages/airflow/example_dags/example_subdag_operator.py
[2026-06-10T18:01:30.385+0000] {processor.py:840} INFO - DAG(s) 'example_subdag_operator.section-1', 'example_subdag_operator.section-2', 'example_subdag_operator' retrieved from /home/airflow/.local/lib/python3.12/site-packages/airflow/example_dags/example_subdag_operator.py
[2026-06-10T18:01:30.399+0000] {logging_mixin.py:188} INFO - [2026-06-10T18:01:30.399+0000] {dag.py:3089} INFO - Sync 3 DAGs
[2026-06-10T18:01:30.419+0000] {logging_mixin.py:188} INFO - [2026-06-10T18:01:30.419+0000] {dag.py:3947} INFO - Setting next_dagrun for example_subdag_operator to 2022-01-01 00:00:00+00:00, run_after=2022-01-01 00:00:00+00:00
[2026-06-10T18:01:30.423+0000] {logging_mixin.py:188} INFO - [2026-06-10T18:01:30.423+0000] {dag.py:3947} INFO - Setting next_dagrun for example_subdag_operator.section-1 to None, run_after=None
[2026-06-10T18:01:30.424+0000] {logging_mixin.py:188} INFO - [2026-06-10T18:01:30.424+0000] {dag.py:3947} INFO - Setting next_dagrun for example_subdag_operator.section-2 to None, run_after=None
[2026-06-10T18:01:30.431+0000] {logging_mixin.py:188} INFO - [2026-06-10T18:01:30.431+0000] {dag.py:3089} INFO - Sync 2 DAGs
[2026-06-10T18:01:30.435+0000] {logging_mixin.py:188} INFO - [2026-06-10T18:01:30.435+0000] {dag.py:3947} INFO - Setting next_dagrun for example_subdag_operator.section-1 to None, run_after=None
[2026-06-10T18:01:30.436+0000] {logging_mixin.py:188} INFO - [2026-06-10T18:01:30.435+0000] {dag.py:3947} INFO - Setting next_dagrun for example_subdag_operator.section-2 to None, run_after=None
[2026-06-10T18:01:30.445+0000] {processor.py:183} INFO - Processing /home/airflow/.local/lib/python3.12/site-packages/airflow/example_dags/example_subdag_operator.py took 0.089 seconds
[2026-06-10T18:02:01.011+0000] {processor.py:161} INFO - Started process (PID=1270) to work on /home/airflow/.local/lib/python3.12/site-packages/airflow/example_dags/example_subdag_operator.py
[2026-06-10T18:02:01.012+0000] {processor.py:830} INFO - Processing file /home/airflow/.local/lib/python3.12/site-packages/airflow/example_dags/example_subdag_operator.py for tasks to queue
[2026-06-10T18:02:01.014+0000] {logging_mixin.py:188} INFO - [2026-06-10T18:02:01.013+0000] {dagbag.py:545} INFO - Filling up the DagBag from /home/airflow/.local/lib/python3.12/site-packages/airflow/example_dags/example_subdag_operator.py
[2026-06-10T18:02:01.032+0000] {processor.py:840} INFO - DAG(s) 'example_subdag_operator.section-1', 'example_subdag_operator.section-2', 'example_subdag_operator' retrieved from /home/airflow/.local/lib/python3.12/site-packages/airflow/example_dags/example_subdag_operator.py
[2026-06-10T18:02:01.046+0000] {logging_mixin.py:188} INFO - [2026-06-10T18:02:01.045+0000] {dag.py:3089} INFO - Sync 3 DAGs
[2026-06-10T18:02:01.064+0000] {logging_mixin.py:188} INFO - [2026-06-10T18:02:01.063+0000] {dag.py:3947} INFO - Setting next_dagrun for example_subdag_operator to 2022-01-01 00:00:00+00:00, run_after=2022-01-01 00:00:00+00:00
[2026-06-10T18:02:01.067+0000] {logging_mixin.py:188} INFO - [2026-06-10T18:02:01.067+0000] {dag.py:3947} INFO - Setting next_dagrun for example_subdag_operator.section-1 to None, run_after=None
[2026-06-10T18:02:01.068+0000] {logging_mixin.py:188} INFO - [2026-06-10T18:02:01.068+0000] {dag.py:3947} INFO - Setting next_dagrun for example_subdag_operator.section-2 to None, run_after=None
[2026-06-10T18:02:01.074+0000] {logging_mixin.py:188} INFO - [2026-06-10T18:02:01.074+0000] {dag.py:3089} INFO - Sync 2 DAGs
[2026-06-10T18:02:01.078+0000] {logging_mixin.py:188} INFO - [2026-06-10T18:02:01.078+0000] {dag.py:3947} INFO - Setting next_dagrun for example_subdag_operator.section-1 to None, run_after=None
[2026-06-10T18:02:01.078+0000] {logging_mixin.py:188} INFO - [2026-06-10T18:02:01.078+0000] {dag.py:3947} INFO - Setting next_dagrun for example_subdag_operator.section-2 to None, run_after=None
[2026-06-10T18:02:01.087+0000] {processor.py:183} INFO - Processing /home/airflow/.local/lib/python3.12/site-packages/airflow/example_dags/example_subdag_operator.py took 0.080 seconds
[2026-06-10T18:02:31.600+0000] {processor.py:161} INFO - Started process (PID=1331) to work on /home/airflow/.local/lib/python3.12/site-packages/airflow/example_dags/example_subdag_operator.py
[2026-06-10T18:02:31.602+0000] {processor.py:830} INFO - Processing file /home/airflow/.local/lib/python3.12/site-packages/airflow/example_dags/example_subdag_operator.py for tasks to queue
[2026-06-10T18:02:31.604+0000] {logging_mixin.py:188} INFO - [2026-06-10T18:02:31.604+0000] {dagbag.py:545} INFO - Filling up the DagBag from /home/airflow/.local/lib/python3.12/site-packages/airflow/example_dags/example_subdag_operator.py
[2026-06-10T18:02:31.626+0000] {processor.py:840} INFO - DAG(s) 'example_subdag_operator.section-1', 'example_subdag_operator.section-2', 'example_subdag_operator' retrieved from /home/airflow/.local/lib/python3.12/site-packages/airflow/example_dags/example_subdag_operator.py
[2026-06-10T18:02:31.640+0000] {logging_mixin.py:188} INFO - [2026-06-10T18:02:31.639+0000] {dag.py:3089} INFO - Sync 3 DAGs
[2026-06-10T18:02:31.658+0000] {logging_mixin.py:188} INFO - [2026-06-10T18:02:31.658+0000] {dag.py:3947} INFO - Setting next_dagrun for example_subdag_operator to 2022-01-01 00:00:00+00:00, run_after=2022-01-01 00:00:00+00:00
[2026-06-10T18:02:31.661+0000] {logging_mixin.py:188} INFO - [2026-06-10T18:02:31.661+0000] {dag.py:3947} INFO - Setting next_dagrun for example_subdag_operator.section-1 to None, run_after=None
[2026-06-10T18:02:31.662+0000] {logging_mixin.py:188} INFO - [2026-06-10T18:02:31.662+0000] {dag.py:3947} INFO - Setting next_dagrun for example_subdag_operator.section-2 to None, run_after=None
[2026-06-10T18:02:31.668+0000] {logging_mixin.py:188} INFO - [2026-06-10T18:02:31.668+0000] {dag.py:3089} INFO - Sync 2 DAGs
[2026-06-10T18:02:31.672+0000] {logging_mixin.py:188} INFO - [2026-06-10T18:02:31.672+0000] {dag.py:3947} INFO - Setting next_dagrun for example_subdag_operator.section-1 to None, run_after=None
[2026-06-10T18:02:31.673+0000] {logging_mixin.py:188} INFO - [2026-06-10T18:02:31.673+0000] {dag.py:3947} INFO - Setting next_dagrun for example_subdag_operator.section-2 to None, run_after=None
[2026-06-10T18:02:31.681+0000] {processor.py:183} INFO - Processing /home/airflow/.local/lib/python3.12/site-packages/airflow/example_dags/example_subdag_operator.py took 0.091 seconds
[2026-06-10T18:03:01.928+0000] {processor.py:161} INFO - Started process (PID=1392) to work on /home/airflow/.local/lib/python3.12/site-packages/airflow/example_dags/example_subdag_operator.py
[2026-06-10T18:03:01.929+0000] {processor.py:830} INFO - Processing file /home/airflow/.local/lib/python3.12/site-packages/airflow/example_dags/example_subdag_operator.py for tasks to queue
[2026-06-10T18:03:01.932+0000] {logging_mixin.py:188} INFO - [2026-06-10T18:03:01.931+0000] {dagbag.py:545} INFO - Filling up the DagBag from /home/airflow/.local/lib/python3.12/site-packages/airflow/example_dags/example_subdag_operator.py
[2026-06-10T18:03:01.955+0000] {processor.py:840} INFO - DAG(s) 'example_subdag_operator.section-1', 'example_subdag_operator.section-2', 'example_subdag_operator' retrieved from /home/airflow/.local/lib/python3.12/site-packages/airflow/example_dags/example_subdag_operator.py
[2026-06-10T18:03:01.968+0000] {logging_mixin.py:188} INFO - [2026-06-10T18:03:01.967+0000] {dag.py:3089} INFO - Sync 3 DAGs
[2026-06-10T18:03:01.986+0000] {logging_mixin.py:188} INFO - [2026-06-10T18:03:01.985+0000] {dag.py:3947} INFO - Setting next_dagrun for example_subdag_operator to 2022-01-01 00:00:00+00:00, run_after=2022-01-01 00:00:00+00:00
[2026-06-10T18:03:01.989+0000] {logging_mixin.py:188} INFO - [2026-06-10T18:03:01.989+0000] {dag.py:3947} INFO - Setting next_dagrun for example_subdag_operator.section-1 to None, run_after=None
[2026-06-10T18:03:01.990+0000] {logging_mixin.py:188} INFO - [2026-06-10T18:03:01.990+0000] {dag.py:3947} INFO - Setting next_dagrun for example_subdag_operator.section-2 to None, run_after=None
[2026-06-10T18:03:01.995+0000] {logging_mixin.py:188} INFO - [2026-06-10T18:03:01.995+0000] {dag.py:3089} INFO - Sync 2 DAGs
[2026-06-10T18:03:02.000+0000] {logging_mixin.py:188} INFO - [2026-06-10T18:03:01.999+0000] {dag.py:3947} INFO - Setting next_dagrun for example_subdag_operator.section-1 to None, run_after=None
[2026-06-10T18:03:02.000+0000] {logging_mixin.py:188} INFO - [2026-06-10T18:03:02.000+0000] {dag.py:3947} INFO - Setting next_dagrun for example_subdag_operator.section-2 to None, run_after=None
[2026-06-10T18:03:02.014+0000] {processor.py:183} INFO - Processing /home/airflow/.local/lib/python3.12/site-packages/airflow/example_dags/example_subdag_operator.py took 0.096 seconds
[2026-06-10T18:03:32.415+0000] {processor.py:161} INFO - Started process (PID=1459) to work on /home/airflow/.local/lib/python3.12/site-packages/airflow/example_dags/example_subdag_operator.py
[2026-06-10T18:03:32.417+0000] {processor.py:830} INFO - Processing file /home/airflow/.local/lib/python3.12/site-packages/airflow/example_dags/example_subdag_operator.py for tasks to queue
[2026-06-10T18:03:32.418+0000] {logging_mixin.py:188} INFO - [2026-06-10T18:03:32.418+0000] {dagbag.py:545} INFO - Filling up the DagBag from /home/airflow/.local/lib/python3.12/site-packages/airflow/example_dags/example_subdag_operator.py
[2026-06-10T18:03:32.437+0000] {processor.py:840} INFO - DAG(s) 'example_subdag_operator.section-1', 'example_subdag_operator.section-2', 'example_subdag_operator' retrieved from /home/airflow/.local/lib/python3.12/site-packages/airflow/example_dags/example_subdag_operator.py
[2026-06-10T18:03:32.451+0000] {logging_mixin.py:188} INFO - [2026-06-10T18:03:32.451+0000] {dag.py:3089} INFO - Sync 3 DAGs
[2026-06-10T18:03:32.469+0000] {logging_mixin.py:188} INFO - [2026-06-10T18:03:32.469+0000] {dag.py:3947} INFO - Setting next_dagrun for example_subdag_operator to 2022-01-01 00:00:00+00:00, run_after=2022-01-01 00:00:00+00:00
[2026-06-10T18:03:32.472+0000] {logging_mixin.py:188} INFO - [2026-06-10T18:03:32.472+0000] {dag.py:3947} INFO - Setting next_dagrun for example_subdag_operator.section-1 to None, run_after=None
[2026-06-10T18:03:32.473+0000] {logging_mixin.py:188} INFO - [2026-06-10T18:03:32.473+0000] {dag.py:3947} INFO - Setting next_dagrun for example_subdag_operator.section-2 to None, run_after=None
[2026-06-10T18:03:32.478+0000] {logging_mixin.py:188} INFO - [2026-06-10T18:03:32.478+0000] {dag.py:3089} INFO - Sync 2 DAGs
[2026-06-10T18:03:32.483+0000] {logging_mixin.py:188} INFO - [2026-06-10T18:03:32.482+0000] {dag.py:3947} INFO - Setting next_dagrun for example_subdag_operator.section-1 to None, run_after=None
[2026-06-10T18:03:32.483+0000] {logging_mixin.py:188} INFO - [2026-06-10T18:03:32.483+0000] {dag.py:3947} INFO - Setting next_dagrun for example_subdag_operator.section-2 to None, run_after=None
[2026-06-10T18:03:32.491+0000] {processor.py:183} INFO - Processing /home/airflow/.local/lib/python3.12/site-packages/airflow/example_dags/example_subdag_operator.py took 0.080 seconds
[2026-06-10T18:04:02.940+0000] {processor.py:161} INFO - Started process (PID=1520) to work on /home/airflow/.local/lib/python3.12/site-packages/airflow/example_dags/example_subdag_operator.py
[2026-06-10T18:04:02.940+0000] {processor.py:830} INFO - Processing file /home/airflow/.local/lib/python3.12/site-packages/airflow/example_dags/example_subdag_operator.py for tasks to queue
[2026-06-10T18:04:02.942+0000] {logging_mixin.py:188} INFO - [2026-06-10T18:04:02.941+0000] {dagbag.py:545} INFO - Filling up the DagBag from /home/airflow/.local/lib/python3.12/site-packages/airflow/example_dags/example_subdag_operator.py
[2026-06-10T18:04:02.961+0000] {processor.py:840} INFO - DAG(s) 'example_subdag_operator.section-1', 'example_subdag_operator.section-2', 'example_subdag_operator' retrieved from /home/airflow/.local/lib/python3.12/site-packages/airflow/example_dags/example_subdag_operator.py
[2026-06-10T18:04:02.974+0000] {logging_mixin.py:188} INFO - [2026-06-10T18:04:02.974+0000] {dag.py:3089} INFO - Sync 3 DAGs
[2026-06-10T18:04:02.992+0000] {logging_mixin.py:188} INFO - [2026-06-10T18:04:02.992+0000] {dag.py:3947} INFO - Setting next_dagrun for example_subdag_operator to 2022-01-01 00:00:00+00:00, run_after=2022-01-01 00:00:00+00:00
[2026-06-10T18:04:02.996+0000] {logging_mixin.py:188} INFO - [2026-06-10T18:04:02.996+0000] {dag.py:3947} INFO - Setting next_dagrun for example_subdag_operator.section-1 to None, run_after=None
[2026-06-10T18:04:02.997+0000] {logging_mixin.py:188} INFO - [2026-06-10T18:04:02.997+0000] {dag.py:3947} INFO - Setting next_dagrun for example_subdag_operator.section-2 to None, run_after=None
[2026-06-10T18:04:03.002+0000] {logging_mixin.py:188} INFO - [2026-06-10T18:04:03.002+0000] {dag.py:3089} INFO - Sync 2 DAGs
[2026-06-10T18:04:03.006+0000] {logging_mixin.py:188} INFO - [2026-06-10T18:04:03.006+0000] {dag.py:3947} INFO - Setting next_dagrun for example_subdag_operator.section-1 to None, run_after=None
[2026-06-10T18:04:03.006+0000] {logging_mixin.py:188} INFO - [2026-06-10T18:04:03.006+0000] {dag.py:3947} INFO - Setting next_dagrun for example_subdag_operator.section-2 to None, run_after=None
[2026-06-10T18:04:03.015+0000] {processor.py:183} INFO - Processing /home/airflow/.local/lib/python3.12/site-packages/airflow/example_dags/example_subdag_operator.py took 0.080 seconds
[2026-06-10T18:04:33.407+0000] {processor.py:161} INFO - Started process (PID=1581) to work on /home/airflow/.local/lib/python3.12/site-packages/airflow/example_dags/example_subdag_operator.py
[2026-06-10T18:04:33.409+0000] {processor.py:830} INFO - Processing file /home/airflow/.local/lib/python3.12/site-packages/airflow/example_dags/example_subdag_operator.py for tasks to queue
[2026-06-10T18:04:33.411+0000] {logging_mixin.py:188} INFO - [2026-06-10T18:04:33.411+0000] {dagbag.py:545} INFO - Filling up the DagBag from /home/airflow/.local/lib/python3.12/site-packages/airflow/example_dags/example_subdag_operator.py
[2026-06-10T18:04:33.435+0000] {processor.py:840} INFO - DAG(s) 'example_subdag_operator.section-1', 'example_subdag_operator.section-2', 'example_subdag_operator' retrieved from /home/airflow/.local/lib/python3.12/site-packages/airflow/example_dags/example_subdag_operator.py
[2026-06-10T18:04:33.449+0000] {logging_mixin.py:188} INFO - [2026-06-10T18:04:33.449+0000] {dag.py:3089} INFO - Sync 3 DAGs
[2026-06-10T18:04:33.467+0000] {logging_mixin.py:188} INFO - [2026-06-10T18:04:33.467+0000] {dag.py:3947} INFO - Setting next_dagrun for example_subdag_operator to 2022-01-01 00:00:00+00:00, run_after=2022-01-01 00:00:00+00:00
[2026-06-10T18:04:33.471+0000] {logging_mixin.py:188} INFO - [2026-06-10T18:04:33.470+0000] {dag.py:3947} INFO - Setting next_dagrun for example_subdag_operator.section-1 to None, run_after=None
[2026-06-10T18:04:33.472+0000] {logging_mixin.py:188} INFO - [2026-06-10T18:04:33.472+0000] {dag.py:3947} INFO - Setting next_dagrun for example_subdag_operator.section-2 to None, run_after=None
[2026-06-10T18:04:33.477+0000] {logging_mixin.py:188} INFO - [2026-06-10T18:04:33.477+0000] {dag.py:3089} INFO - Sync 2 DAGs
[2026-06-10T18:04:33.481+0000] {logging_mixin.py:188} INFO - [2026-06-10T18:04:33.481+0000] {dag.py:3947} INFO - Setting next_dagrun for example_subdag_operator.section-1 to None, run_after=None
[2026-06-10T18:04:33.481+0000] {logging_mixin.py:188} INFO - [2026-06-10T18:04:33.481+0000] {dag.py:3947} INFO - Setting next_dagrun for example_subdag_operator.section-2 to None, run_after=None
[2026-06-10T18:04:33.490+0000] {processor.py:183} INFO - Processing /home/airflow/.local/lib/python3.12/site-packages/airflow/example_dags/example_subdag_operator.py took 0.093 seconds
[2026-06-10T18:05:04.184+0000] {processor.py:161} INFO - Started process (PID=1642) to work on /home/airflow/.local/lib/python3.12/site-packages/airflow/example_dags/example_subdag_operator.py
[2026-06-10T18:05:04.185+0000] {processor.py:830} INFO - Processing file /home/airflow/.local/lib/python3.12/site-packages/airflow/example_dags/example_subdag_operator.py for tasks to queue
[2026-06-10T18:05:04.187+0000] {logging_mixin.py:188} INFO - [2026-06-10T18:05:04.186+0000] {dagbag.py:545} INFO - Filling up the DagBag from /home/airflow/.local/lib/python3.12/site-packages/airflow/example_dags/example_subdag_operator.py
[2026-06-10T18:05:04.206+0000] {processor.py:840} INFO - DAG(s) 'example_subdag_operator.section-1', 'example_subdag_operator.section-2', 'example_subdag_operator' retrieved from /home/airflow/.local/lib/python3.12/site-packages/airflow/example_dags/example_subdag_operator.py
[2026-06-10T18:05:04.219+0000] {logging_mixin.py:188} INFO - [2026-06-10T18:05:04.219+0000] {dag.py:3089} INFO - Sync 3 DAGs
[2026-06-10T18:05:04.237+0000] {logging_mixin.py:188} INFO - [2026-06-10T18:05:04.237+0000] {dag.py:3947} INFO - Setting next_dagrun for example_subdag_operator to 2022-01-01 00:00:00+00:00, run_after=2022-01-01 00:00:00+00:00
[2026-06-10T18:05:04.240+0000] {logging_mixin.py:188} INFO - [2026-06-10T18:05:04.240+0000] {dag.py:3947} INFO - Setting next_dagrun for example_subdag_operator.section-1 to None, run_after=None
[2026-06-10T18:05:04.241+0000] {logging_mixin.py:188} INFO - [2026-06-10T18:05:04.241+0000] {dag.py:3947} INFO - Setting next_dagrun for example_subdag_operator.section-2 to None, run_after=None
[2026-06-10T18:05:04.247+0000] {logging_mixin.py:188} INFO - [2026-06-10T18:05:04.246+0000] {dag.py:3089} INFO - Sync 2 DAGs
[2026-06-10T18:05:04.251+0000] {logging_mixin.py:188} INFO - [2026-06-10T18:05:04.251+0000] {dag.py:3947} INFO - Setting next_dagrun for example_subdag_operator.section-1 to None, run_after=None
[2026-06-10T18:05:04.251+0000] {logging_mixin.py:188} INFO - [2026-06-10T18:05:04.251+0000] {dag.py:3947} INFO - Setting next_dagrun for example_subdag_operator.section-2 to None, run_after=None
[2026-06-10T18:05:04.260+0000] {processor.py:183} INFO - Processing /home/airflow/.local/lib/python3.12/site-packages/airflow/example_dags/example_subdag_operator.py took 0.079 seconds
[2026-06-10T18:05:34.721+0000] {processor.py:161} INFO - Started process (PID=1703) to work on /home/airflow/.local/lib/python3.12/site-packages/airflow/example_dags/example_subdag_operator.py
[2026-06-10T18:05:34.722+0000] {processor.py:830} INFO - Processing file /home/airflow/.local/lib/python3.12/site-packages/airflow/example_dags/example_subdag_operator.py for tasks to queue
[2026-06-10T18:05:34.724+0000] {logging_mixin.py:188} INFO - [2026-06-10T18:05:34.724+0000] {dagbag.py:545} INFO - Filling up the DagBag from /home/airflow/.local/lib/python3.12/site-packages/airflow/example_dags/example_subdag_operator.py
[2026-06-10T18:05:34.747+0000] {processor.py:840} INFO - DAG(s) 'example_subdag_operator.section-1', 'example_subdag_operator.section-2', 'example_subdag_operator' retrieved from /home/airflow/.local/lib/python3.12/site-packages/airflow/example_dags/example_subdag_operator.py
[2026-06-10T18:05:34.760+0000] {logging_mixin.py:188} INFO - [2026-06-10T18:05:34.760+0000] {dag.py:3089} INFO - Sync 3 DAGs
[2026-06-10T18:05:34.778+0000] {logging_mixin.py:188} INFO - [2026-06-10T18:05:34.778+0000] {dag.py:3947} INFO - Setting next_dagrun for example_subdag_operator to 2022-01-01 00:00:00+00:00, run_after=2022-01-01 00:00:00+00:00
[2026-06-10T18:05:34.782+0000] {logging_mixin.py:188} INFO - [2026-06-10T18:05:34.782+0000] {dag.py:3947} INFO - Setting next_dagrun for example_subdag_operator.section-1 to None, run_after=None
[2026-06-10T18:05:34.783+0000] {logging_mixin.py:188} INFO - [2026-06-10T18:05:34.783+0000] {dag.py:3947} INFO - Setting next_dagrun for example_subdag_operator.section-2 to None, run_after=None
[2026-06-10T18:05:34.788+0000] {logging_mixin.py:188} INFO - [2026-06-10T18:05:34.788+0000] {dag.py:3089} INFO - Sync 2 DAGs
[2026-06-10T18:05:34.793+0000] {logging_mixin.py:188} INFO - [2026-06-10T18:05:34.792+0000] {dag.py:3947} INFO - Setting next_dagrun for example_subdag_operator.section-1 to None, run_after=None
[2026-06-10T18:05:34.793+0000] {logging_mixin.py:188} INFO - [2026-06-10T18:05:34.793+0000] {dag.py:3947} INFO - Setting next_dagrun for example_subdag_operator.section-2 to None, run_after=None
[2026-06-10T18:05:34.802+0000] {processor.py:183} INFO - Processing /home/airflow/.local/lib/python3.12/site-packages/airflow/example_dags/example_subdag_operator.py took 0.092 seconds
