[2026-06-10T17:52:06.323+0000] {processor.py:161} INFO - Started process (PID=90) to work on /home/airflow/.local/lib/python3.12/site-packages/airflow/example_dags/example_branch_operator.py
[2026-06-10T17:52:06.324+0000] {processor.py:830} INFO - Processing file /home/airflow/.local/lib/python3.12/site-packages/airflow/example_dags/example_branch_operator.py for tasks to queue
[2026-06-10T17:52:06.326+0000] {logging_mixin.py:188} INFO - [2026-06-10T17:52:06.325+0000] {dagbag.py:545} INFO - Filling up the DagBag from /home/airflow/.local/lib/python3.12/site-packages/airflow/example_dags/example_branch_operator.py
[2026-06-10T17:52:06.628+0000] {processor.py:840} INFO - DAG(s) 'example_branch_operator' retrieved from /home/airflow/.local/lib/python3.12/site-packages/airflow/example_dags/example_branch_operator.py
[2026-06-10T17:52:06.860+0000] {logging_mixin.py:188} INFO - [2026-06-10T17:52:06.859+0000] {override.py:1858} INFO - Created Permission View: can edit on DAG:example_branch_operator
[2026-06-10T17:52:07.003+0000] {logging_mixin.py:188} INFO - [2026-06-10T17:52:07.003+0000] {override.py:1858} INFO - Created Permission View: can read on DAG:example_branch_operator
[2026-06-10T17:52:07.063+0000] {logging_mixin.py:188} INFO - [2026-06-10T17:52:07.062+0000] {override.py:1858} INFO - Created Permission View: can delete on DAG:example_branch_operator
[2026-06-10T17:52:07.064+0000] {logging_mixin.py:188} INFO - [2026-06-10T17:52:07.064+0000] {dag.py:3089} INFO - Sync 1 DAGs
[2026-06-10T17:52:07.097+0000] {logging_mixin.py:188} INFO - [2026-06-10T17:52:07.096+0000] {dag.py:3111} INFO - Creating ORM DAG for example_branch_operator
[2026-06-10T17:52:07.149+0000] {logging_mixin.py:188} INFO - [2026-06-10T17:52:07.149+0000] {dag.py:3947} INFO - Setting next_dagrun for example_branch_operator to 2026-06-09 00:00:00+00:00, run_after=2026-06-10 00:00:00+00:00
[2026-06-10T17:52:07.170+0000] {processor.py:183} INFO - Processing /home/airflow/.local/lib/python3.12/site-packages/airflow/example_dags/example_branch_operator.py took 0.851 seconds
[2026-06-10T17:52:37.801+0000] {processor.py:161} INFO - Started process (PID=151) to work on /home/airflow/.local/lib/python3.12/site-packages/airflow/example_dags/example_branch_operator.py
[2026-06-10T17:52:37.803+0000] {processor.py:830} INFO - Processing file /home/airflow/.local/lib/python3.12/site-packages/airflow/example_dags/example_branch_operator.py for tasks to queue
[2026-06-10T17:52:37.804+0000] {logging_mixin.py:188} INFO - [2026-06-10T17:52:37.804+0000] {dagbag.py:545} INFO - Filling up the DagBag from /home/airflow/.local/lib/python3.12/site-packages/airflow/example_dags/example_branch_operator.py
[2026-06-10T17:52:37.821+0000] {processor.py:840} INFO - DAG(s) 'example_branch_operator' retrieved from /home/airflow/.local/lib/python3.12/site-packages/airflow/example_dags/example_branch_operator.py
[2026-06-10T17:52:37.850+0000] {logging_mixin.py:188} INFO - [2026-06-10T17:52:37.849+0000] {dag.py:3089} INFO - Sync 1 DAGs
[2026-06-10T17:52:37.875+0000] {logging_mixin.py:188} INFO - [2026-06-10T17:52:37.875+0000] {dag.py:3947} INFO - Setting next_dagrun for example_branch_operator to 2026-06-09 00:00:00+00:00, run_after=2026-06-10 00:00:00+00:00
[2026-06-10T17:52:37.915+0000] {processor.py:183} INFO - Processing /home/airflow/.local/lib/python3.12/site-packages/airflow/example_dags/example_branch_operator.py took 0.118 seconds
[2026-06-10T17:53:08.507+0000] {processor.py:161} INFO - Started process (PID=212) to work on /home/airflow/.local/lib/python3.12/site-packages/airflow/example_dags/example_branch_operator.py
[2026-06-10T17:53:08.509+0000] {processor.py:830} INFO - Processing file /home/airflow/.local/lib/python3.12/site-packages/airflow/example_dags/example_branch_operator.py for tasks to queue
[2026-06-10T17:53:08.511+0000] {logging_mixin.py:188} INFO - [2026-06-10T17:53:08.511+0000] {dagbag.py:545} INFO - Filling up the DagBag from /home/airflow/.local/lib/python3.12/site-packages/airflow/example_dags/example_branch_operator.py
[2026-06-10T17:53:08.533+0000] {processor.py:840} INFO - DAG(s) 'example_branch_operator' retrieved from /home/airflow/.local/lib/python3.12/site-packages/airflow/example_dags/example_branch_operator.py
[2026-06-10T17:53:08.557+0000] {logging_mixin.py:188} INFO - [2026-06-10T17:53:08.557+0000] {dag.py:3089} INFO - Sync 1 DAGs
[2026-06-10T17:53:08.577+0000] {logging_mixin.py:188} INFO - [2026-06-10T17:53:08.577+0000] {dag.py:3947} INFO - Setting next_dagrun for example_branch_operator to 2026-06-09 00:00:00+00:00, run_after=2026-06-10 00:00:00+00:00
[2026-06-10T17:53:08.592+0000] {processor.py:183} INFO - Processing /home/airflow/.local/lib/python3.12/site-packages/airflow/example_dags/example_branch_operator.py took 0.094 seconds
[2026-06-10T17:53:39.063+0000] {processor.py:161} INFO - Started process (PID=273) to work on /home/airflow/.local/lib/python3.12/site-packages/airflow/example_dags/example_branch_operator.py
[2026-06-10T17:53:39.064+0000] {processor.py:830} INFO - Processing file /home/airflow/.local/lib/python3.12/site-packages/airflow/example_dags/example_branch_operator.py for tasks to queue
[2026-06-10T17:53:39.066+0000] {logging_mixin.py:188} INFO - [2026-06-10T17:53:39.066+0000] {dagbag.py:545} INFO - Filling up the DagBag from /home/airflow/.local/lib/python3.12/site-packages/airflow/example_dags/example_branch_operator.py
[2026-06-10T17:53:39.085+0000] {processor.py:840} INFO - DAG(s) 'example_branch_operator' retrieved from /home/airflow/.local/lib/python3.12/site-packages/airflow/example_dags/example_branch_operator.py
[2026-06-10T17:53:39.110+0000] {logging_mixin.py:188} INFO - [2026-06-10T17:53:39.109+0000] {dag.py:3089} INFO - Sync 1 DAGs
[2026-06-10T17:53:39.129+0000] {logging_mixin.py:188} INFO - [2026-06-10T17:53:39.129+0000] {dag.py:3947} INFO - Setting next_dagrun for example_branch_operator to 2026-06-09 00:00:00+00:00, run_after=2026-06-10 00:00:00+00:00
[2026-06-10T17:53:39.148+0000] {processor.py:183} INFO - Processing /home/airflow/.local/lib/python3.12/site-packages/airflow/example_dags/example_branch_operator.py took 0.092 seconds
[2026-06-10T17:54:09.352+0000] {processor.py:161} INFO - Started process (PID=334) to work on /home/airflow/.local/lib/python3.12/site-packages/airflow/example_dags/example_branch_operator.py
[2026-06-10T17:54:09.354+0000] {processor.py:830} INFO - Processing file /home/airflow/.local/lib/python3.12/site-packages/airflow/example_dags/example_branch_operator.py for tasks to queue
[2026-06-10T17:54:09.355+0000] {logging_mixin.py:188} INFO - [2026-06-10T17:54:09.355+0000] {dagbag.py:545} INFO - Filling up the DagBag from /home/airflow/.local/lib/python3.12/site-packages/airflow/example_dags/example_branch_operator.py
[2026-06-10T17:54:09.369+0000] {processor.py:840} INFO - DAG(s) 'example_branch_operator' retrieved from /home/airflow/.local/lib/python3.12/site-packages/airflow/example_dags/example_branch_operator.py
[2026-06-10T17:54:09.394+0000] {logging_mixin.py:188} INFO - [2026-06-10T17:54:09.394+0000] {dag.py:3089} INFO - Sync 1 DAGs
[2026-06-10T17:54:09.414+0000] {logging_mixin.py:188} INFO - [2026-06-10T17:54:09.413+0000] {dag.py:3947} INFO - Setting next_dagrun for example_branch_operator to 2026-06-09 00:00:00+00:00, run_after=2026-06-10 00:00:00+00:00
[2026-06-10T17:54:09.428+0000] {processor.py:183} INFO - Processing /home/airflow/.local/lib/python3.12/site-packages/airflow/example_dags/example_branch_operator.py took 0.081 seconds
[2026-06-10T17:54:40.040+0000] {processor.py:161} INFO - Started process (PID=395) to work on /home/airflow/.local/lib/python3.12/site-packages/airflow/example_dags/example_branch_operator.py
[2026-06-10T17:54:40.041+0000] {processor.py:830} INFO - Processing file /home/airflow/.local/lib/python3.12/site-packages/airflow/example_dags/example_branch_operator.py for tasks to queue
[2026-06-10T17:54:40.043+0000] {logging_mixin.py:188} INFO - [2026-06-10T17:54:40.042+0000] {dagbag.py:545} INFO - Filling up the DagBag from /home/airflow/.local/lib/python3.12/site-packages/airflow/example_dags/example_branch_operator.py
[2026-06-10T17:54:40.060+0000] {processor.py:840} INFO - DAG(s) 'example_branch_operator' retrieved from /home/airflow/.local/lib/python3.12/site-packages/airflow/example_dags/example_branch_operator.py
[2026-06-10T17:54:40.084+0000] {logging_mixin.py:188} INFO - [2026-06-10T17:54:40.084+0000] {dag.py:3089} INFO - Sync 1 DAGs
[2026-06-10T17:54:40.104+0000] {logging_mixin.py:188} INFO - [2026-06-10T17:54:40.104+0000] {dag.py:3947} INFO - Setting next_dagrun for example_branch_operator to 2026-06-09 00:00:00+00:00, run_after=2026-06-10 00:00:00+00:00
[2026-06-10T17:54:40.119+0000] {processor.py:183} INFO - Processing /home/airflow/.local/lib/python3.12/site-packages/airflow/example_dags/example_branch_operator.py took 0.088 seconds
[2026-06-10T17:55:10.295+0000] {processor.py:161} INFO - Started process (PID=456) to work on /home/airflow/.local/lib/python3.12/site-packages/airflow/example_dags/example_branch_operator.py
[2026-06-10T17:55:10.296+0000] {processor.py:830} INFO - Processing file /home/airflow/.local/lib/python3.12/site-packages/airflow/example_dags/example_branch_operator.py for tasks to queue
[2026-06-10T17:55:10.299+0000] {logging_mixin.py:188} INFO - [2026-06-10T17:55:10.298+0000] {dagbag.py:545} INFO - Filling up the DagBag from /home/airflow/.local/lib/python3.12/site-packages/airflow/example_dags/example_branch_operator.py
[2026-06-10T17:55:10.319+0000] {processor.py:840} INFO - DAG(s) 'example_branch_operator' retrieved from /home/airflow/.local/lib/python3.12/site-packages/airflow/example_dags/example_branch_operator.py
[2026-06-10T17:55:10.344+0000] {logging_mixin.py:188} INFO - [2026-06-10T17:55:10.343+0000] {dag.py:3089} INFO - Sync 1 DAGs
[2026-06-10T17:55:10.365+0000] {logging_mixin.py:188} INFO - [2026-06-10T17:55:10.365+0000] {dag.py:3947} INFO - Setting next_dagrun for example_branch_operator to 2026-06-09 00:00:00+00:00, run_after=2026-06-10 00:00:00+00:00
[2026-06-10T17:55:10.380+0000] {processor.py:183} INFO - Processing /home/airflow/.local/lib/python3.12/site-packages/airflow/example_dags/example_branch_operator.py took 0.096 seconds
[2026-06-10T17:55:40.693+0000] {processor.py:161} INFO - Started process (PID=517) to work on /home/airflow/.local/lib/python3.12/site-packages/airflow/example_dags/example_branch_operator.py
[2026-06-10T17:55:40.694+0000] {processor.py:830} INFO - Processing file /home/airflow/.local/lib/python3.12/site-packages/airflow/example_dags/example_branch_operator.py for tasks to queue
[2026-06-10T17:55:40.696+0000] {logging_mixin.py:188} INFO - [2026-06-10T17:55:40.695+0000] {dagbag.py:545} INFO - Filling up the DagBag from /home/airflow/.local/lib/python3.12/site-packages/airflow/example_dags/example_branch_operator.py
[2026-06-10T17:55:40.720+0000] {processor.py:840} INFO - DAG(s) 'example_branch_operator' retrieved from /home/airflow/.local/lib/python3.12/site-packages/airflow/example_dags/example_branch_operator.py
[2026-06-10T17:55:40.745+0000] {logging_mixin.py:188} INFO - [2026-06-10T17:55:40.745+0000] {dag.py:3089} INFO - Sync 1 DAGs
[2026-06-10T17:55:40.765+0000] {logging_mixin.py:188} INFO - [2026-06-10T17:55:40.764+0000] {dag.py:3947} INFO - Setting next_dagrun for example_branch_operator to 2026-06-09 00:00:00+00:00, run_after=2026-06-10 00:00:00+00:00
[2026-06-10T17:55:40.790+0000] {processor.py:183} INFO - Processing /home/airflow/.local/lib/python3.12/site-packages/airflow/example_dags/example_branch_operator.py took 0.106 seconds
[2026-06-10T17:56:10.841+0000] {processor.py:161} INFO - Started process (PID=578) to work on /home/airflow/.local/lib/python3.12/site-packages/airflow/example_dags/example_branch_operator.py
[2026-06-10T17:56:10.842+0000] {processor.py:830} INFO - Processing file /home/airflow/.local/lib/python3.12/site-packages/airflow/example_dags/example_branch_operator.py for tasks to queue
[2026-06-10T17:56:10.845+0000] {logging_mixin.py:188} INFO - [2026-06-10T17:56:10.844+0000] {dagbag.py:545} INFO - Filling up the DagBag from /home/airflow/.local/lib/python3.12/site-packages/airflow/example_dags/example_branch_operator.py
[2026-06-10T17:56:10.863+0000] {processor.py:840} INFO - DAG(s) 'example_branch_operator' retrieved from /home/airflow/.local/lib/python3.12/site-packages/airflow/example_dags/example_branch_operator.py
[2026-06-10T17:56:10.888+0000] {logging_mixin.py:188} INFO - [2026-06-10T17:56:10.888+0000] {dag.py:3089} INFO - Sync 1 DAGs
[2026-06-10T17:56:10.907+0000] {logging_mixin.py:188} INFO - [2026-06-10T17:56:10.907+0000] {dag.py:3947} INFO - Setting next_dagrun for example_branch_operator to 2026-06-09 00:00:00+00:00, run_after=2026-06-10 00:00:00+00:00
[2026-06-10T17:56:10.922+0000] {processor.py:183} INFO - Processing /home/airflow/.local/lib/python3.12/site-packages/airflow/example_dags/example_branch_operator.py took 0.091 seconds
[2026-06-10T17:56:41.002+0000] {processor.py:161} INFO - Started process (PID=639) to work on /home/airflow/.local/lib/python3.12/site-packages/airflow/example_dags/example_branch_operator.py
[2026-06-10T17:56:41.003+0000] {processor.py:830} INFO - Processing file /home/airflow/.local/lib/python3.12/site-packages/airflow/example_dags/example_branch_operator.py for tasks to queue
[2026-06-10T17:56:41.005+0000] {logging_mixin.py:188} INFO - [2026-06-10T17:56:41.005+0000] {dagbag.py:545} INFO - Filling up the DagBag from /home/airflow/.local/lib/python3.12/site-packages/airflow/example_dags/example_branch_operator.py
[2026-06-10T17:56:41.025+0000] {processor.py:840} INFO - DAG(s) 'example_branch_operator' retrieved from /home/airflow/.local/lib/python3.12/site-packages/airflow/example_dags/example_branch_operator.py
[2026-06-10T17:56:41.051+0000] {logging_mixin.py:188} INFO - [2026-06-10T17:56:41.051+0000] {dag.py:3089} INFO - Sync 1 DAGs
[2026-06-10T17:56:41.071+0000] {logging_mixin.py:188} INFO - [2026-06-10T17:56:41.071+0000] {dag.py:3947} INFO - Setting next_dagrun for example_branch_operator to 2026-06-09 00:00:00+00:00, run_after=2026-06-10 00:00:00+00:00
[2026-06-10T17:56:41.086+0000] {processor.py:183} INFO - Processing /home/airflow/.local/lib/python3.12/site-packages/airflow/example_dags/example_branch_operator.py took 0.092 seconds
[2026-06-10T17:57:11.163+0000] {processor.py:161} INFO - Started process (PID=700) to work on /home/airflow/.local/lib/python3.12/site-packages/airflow/example_dags/example_branch_operator.py
[2026-06-10T17:57:11.164+0000] {processor.py:830} INFO - Processing file /home/airflow/.local/lib/python3.12/site-packages/airflow/example_dags/example_branch_operator.py for tasks to queue
[2026-06-10T17:57:11.166+0000] {logging_mixin.py:188} INFO - [2026-06-10T17:57:11.166+0000] {dagbag.py:545} INFO - Filling up the DagBag from /home/airflow/.local/lib/python3.12/site-packages/airflow/example_dags/example_branch_operator.py
[2026-06-10T17:57:11.184+0000] {processor.py:840} INFO - DAG(s) 'example_branch_operator' retrieved from /home/airflow/.local/lib/python3.12/site-packages/airflow/example_dags/example_branch_operator.py
[2026-06-10T17:57:11.208+0000] {logging_mixin.py:188} INFO - [2026-06-10T17:57:11.208+0000] {dag.py:3089} INFO - Sync 1 DAGs
[2026-06-10T17:57:11.227+0000] {logging_mixin.py:188} INFO - [2026-06-10T17:57:11.227+0000] {dag.py:3947} INFO - Setting next_dagrun for example_branch_operator to 2026-06-09 00:00:00+00:00, run_after=2026-06-10 00:00:00+00:00
[2026-06-10T17:57:11.242+0000] {processor.py:183} INFO - Processing /home/airflow/.local/lib/python3.12/site-packages/airflow/example_dags/example_branch_operator.py took 0.088 seconds
[2026-06-10T17:57:41.310+0000] {processor.py:161} INFO - Started process (PID=762) to work on /home/airflow/.local/lib/python3.12/site-packages/airflow/example_dags/example_branch_operator.py
[2026-06-10T17:57:41.311+0000] {processor.py:830} INFO - Processing file /home/airflow/.local/lib/python3.12/site-packages/airflow/example_dags/example_branch_operator.py for tasks to queue
[2026-06-10T17:57:41.312+0000] {logging_mixin.py:188} INFO - [2026-06-10T17:57:41.312+0000] {dagbag.py:545} INFO - Filling up the DagBag from /home/airflow/.local/lib/python3.12/site-packages/airflow/example_dags/example_branch_operator.py
[2026-06-10T17:57:41.327+0000] {processor.py:840} INFO - DAG(s) 'example_branch_operator' retrieved from /home/airflow/.local/lib/python3.12/site-packages/airflow/example_dags/example_branch_operator.py
[2026-06-10T17:57:41.352+0000] {logging_mixin.py:188} INFO - [2026-06-10T17:57:41.352+0000] {dag.py:3089} INFO - Sync 1 DAGs
[2026-06-10T17:57:41.371+0000] {logging_mixin.py:188} INFO - [2026-06-10T17:57:41.371+0000] {dag.py:3947} INFO - Setting next_dagrun for example_branch_operator to 2026-06-09 00:00:00+00:00, run_after=2026-06-10 00:00:00+00:00
[2026-06-10T17:57:41.387+0000] {processor.py:183} INFO - Processing /home/airflow/.local/lib/python3.12/site-packages/airflow/example_dags/example_branch_operator.py took 0.081 seconds
[2026-06-10T17:58:11.613+0000] {processor.py:161} INFO - Started process (PID=822) to work on /home/airflow/.local/lib/python3.12/site-packages/airflow/example_dags/example_branch_operator.py
[2026-06-10T17:58:11.615+0000] {processor.py:830} INFO - Processing file /home/airflow/.local/lib/python3.12/site-packages/airflow/example_dags/example_branch_operator.py for tasks to queue
[2026-06-10T17:58:11.617+0000] {logging_mixin.py:188} INFO - [2026-06-10T17:58:11.616+0000] {dagbag.py:545} INFO - Filling up the DagBag from /home/airflow/.local/lib/python3.12/site-packages/airflow/example_dags/example_branch_operator.py
[2026-06-10T17:58:11.634+0000] {processor.py:840} INFO - DAG(s) 'example_branch_operator' retrieved from /home/airflow/.local/lib/python3.12/site-packages/airflow/example_dags/example_branch_operator.py
[2026-06-10T17:58:11.658+0000] {logging_mixin.py:188} INFO - [2026-06-10T17:58:11.658+0000] {dag.py:3089} INFO - Sync 1 DAGs
[2026-06-10T17:58:11.806+0000] {logging_mixin.py:188} INFO - [2026-06-10T17:58:11.806+0000] {dag.py:3947} INFO - Setting next_dagrun for example_branch_operator to 2026-06-09 00:00:00+00:00, run_after=2026-06-10 00:00:00+00:00
[2026-06-10T17:58:11.821+0000] {processor.py:183} INFO - Processing /home/airflow/.local/lib/python3.12/site-packages/airflow/example_dags/example_branch_operator.py took 0.218 seconds
[2026-06-10T17:58:42.137+0000] {processor.py:161} INFO - Started process (PID=883) to work on /home/airflow/.local/lib/python3.12/site-packages/airflow/example_dags/example_branch_operator.py
[2026-06-10T17:58:42.138+0000] {processor.py:830} INFO - Processing file /home/airflow/.local/lib/python3.12/site-packages/airflow/example_dags/example_branch_operator.py for tasks to queue
[2026-06-10T17:58:42.139+0000] {logging_mixin.py:188} INFO - [2026-06-10T17:58:42.139+0000] {dagbag.py:545} INFO - Filling up the DagBag from /home/airflow/.local/lib/python3.12/site-packages/airflow/example_dags/example_branch_operator.py
[2026-06-10T17:58:42.155+0000] {processor.py:840} INFO - DAG(s) 'example_branch_operator' retrieved from /home/airflow/.local/lib/python3.12/site-packages/airflow/example_dags/example_branch_operator.py
[2026-06-10T17:58:42.181+0000] {logging_mixin.py:188} INFO - [2026-06-10T17:58:42.181+0000] {dag.py:3089} INFO - Sync 1 DAGs
[2026-06-10T17:58:42.345+0000] {logging_mixin.py:188} INFO - [2026-06-10T17:58:42.345+0000] {dag.py:3947} INFO - Setting next_dagrun for example_branch_operator to 2026-06-09 00:00:00+00:00, run_after=2026-06-10 00:00:00+00:00
[2026-06-10T17:58:42.360+0000] {processor.py:183} INFO - Processing /home/airflow/.local/lib/python3.12/site-packages/airflow/example_dags/example_branch_operator.py took 0.228 seconds
[2026-06-10T17:59:12.555+0000] {processor.py:161} INFO - Started process (PID=944) to work on /home/airflow/.local/lib/python3.12/site-packages/airflow/example_dags/example_branch_operator.py
[2026-06-10T17:59:12.562+0000] {processor.py:830} INFO - Processing file /home/airflow/.local/lib/python3.12/site-packages/airflow/example_dags/example_branch_operator.py for tasks to queue
[2026-06-10T17:59:12.563+0000] {logging_mixin.py:188} INFO - [2026-06-10T17:59:12.563+0000] {dagbag.py:545} INFO - Filling up the DagBag from /home/airflow/.local/lib/python3.12/site-packages/airflow/example_dags/example_branch_operator.py
[2026-06-10T17:59:12.585+0000] {processor.py:840} INFO - DAG(s) 'example_branch_operator' retrieved from /home/airflow/.local/lib/python3.12/site-packages/airflow/example_dags/example_branch_operator.py
[2026-06-10T17:59:12.611+0000] {logging_mixin.py:188} INFO - [2026-06-10T17:59:12.611+0000] {dag.py:3089} INFO - Sync 1 DAGs
[2026-06-10T17:59:12.631+0000] {logging_mixin.py:188} INFO - [2026-06-10T17:59:12.631+0000] {dag.py:3947} INFO - Setting next_dagrun for example_branch_operator to 2026-06-09 00:00:00+00:00, run_after=2026-06-10 00:00:00+00:00
[2026-06-10T17:59:12.769+0000] {processor.py:183} INFO - Processing /home/airflow/.local/lib/python3.12/site-packages/airflow/example_dags/example_branch_operator.py took 0.222 seconds
[2026-06-10T17:59:42.819+0000] {processor.py:161} INFO - Started process (PID=1003) to work on /home/airflow/.local/lib/python3.12/site-packages/airflow/example_dags/example_branch_operator.py
[2026-06-10T17:59:42.820+0000] {processor.py:830} INFO - Processing file /home/airflow/.local/lib/python3.12/site-packages/airflow/example_dags/example_branch_operator.py for tasks to queue
[2026-06-10T17:59:42.822+0000] {logging_mixin.py:188} INFO - [2026-06-10T17:59:42.821+0000] {dagbag.py:545} INFO - Filling up the DagBag from /home/airflow/.local/lib/python3.12/site-packages/airflow/example_dags/example_branch_operator.py
[2026-06-10T17:59:42.836+0000] {processor.py:840} INFO - DAG(s) 'example_branch_operator' retrieved from /home/airflow/.local/lib/python3.12/site-packages/airflow/example_dags/example_branch_operator.py
[2026-06-10T17:59:42.860+0000] {logging_mixin.py:188} INFO - [2026-06-10T17:59:42.860+0000] {dag.py:3089} INFO - Sync 1 DAGs
[2026-06-10T17:59:42.880+0000] {logging_mixin.py:188} INFO - [2026-06-10T17:59:42.879+0000] {dag.py:3947} INFO - Setting next_dagrun for example_branch_operator to 2026-06-09 00:00:00+00:00, run_after=2026-06-10 00:00:00+00:00
[2026-06-10T17:59:43.011+0000] {processor.py:183} INFO - Processing /home/airflow/.local/lib/python3.12/site-packages/airflow/example_dags/example_branch_operator.py took 0.197 seconds
[2026-06-10T18:00:13.527+0000] {processor.py:161} INFO - Started process (PID=1064) to work on /home/airflow/.local/lib/python3.12/site-packages/airflow/example_dags/example_branch_operator.py
[2026-06-10T18:00:13.528+0000] {processor.py:830} INFO - Processing file /home/airflow/.local/lib/python3.12/site-packages/airflow/example_dags/example_branch_operator.py for tasks to queue
[2026-06-10T18:00:13.529+0000] {logging_mixin.py:188} INFO - [2026-06-10T18:00:13.529+0000] {dagbag.py:545} INFO - Filling up the DagBag from /home/airflow/.local/lib/python3.12/site-packages/airflow/example_dags/example_branch_operator.py
[2026-06-10T18:00:13.550+0000] {processor.py:840} INFO - DAG(s) 'example_branch_operator' retrieved from /home/airflow/.local/lib/python3.12/site-packages/airflow/example_dags/example_branch_operator.py
[2026-06-10T18:00:13.575+0000] {logging_mixin.py:188} INFO - [2026-06-10T18:00:13.574+0000] {dag.py:3089} INFO - Sync 1 DAGs
[2026-06-10T18:00:13.594+0000] {logging_mixin.py:188} INFO - [2026-06-10T18:00:13.594+0000] {dag.py:3947} INFO - Setting next_dagrun for example_branch_operator to 2026-06-09 00:00:00+00:00, run_after=2026-06-10 00:00:00+00:00
[2026-06-10T18:00:13.612+0000] {processor.py:183} INFO - Processing /home/airflow/.local/lib/python3.12/site-packages/airflow/example_dags/example_branch_operator.py took 0.091 seconds
[2026-06-10T18:00:43.733+0000] {processor.py:161} INFO - Started process (PID=1126) to work on /home/airflow/.local/lib/python3.12/site-packages/airflow/example_dags/example_branch_operator.py
[2026-06-10T18:00:43.734+0000] {processor.py:830} INFO - Processing file /home/airflow/.local/lib/python3.12/site-packages/airflow/example_dags/example_branch_operator.py for tasks to queue
[2026-06-10T18:00:43.736+0000] {logging_mixin.py:188} INFO - [2026-06-10T18:00:43.736+0000] {dagbag.py:545} INFO - Filling up the DagBag from /home/airflow/.local/lib/python3.12/site-packages/airflow/example_dags/example_branch_operator.py
[2026-06-10T18:00:43.750+0000] {processor.py:840} INFO - DAG(s) 'example_branch_operator' retrieved from /home/airflow/.local/lib/python3.12/site-packages/airflow/example_dags/example_branch_operator.py
[2026-06-10T18:00:43.775+0000] {logging_mixin.py:188} INFO - [2026-06-10T18:00:43.775+0000] {dag.py:3089} INFO - Sync 1 DAGs
[2026-06-10T18:00:43.795+0000] {logging_mixin.py:188} INFO - [2026-06-10T18:00:43.795+0000] {dag.py:3947} INFO - Setting next_dagrun for example_branch_operator to 2026-06-09 00:00:00+00:00, run_after=2026-06-10 00:00:00+00:00
[2026-06-10T18:00:43.810+0000] {processor.py:183} INFO - Processing /home/airflow/.local/lib/python3.12/site-packages/airflow/example_dags/example_branch_operator.py took 0.081 seconds
[2026-06-10T18:01:14.343+0000] {processor.py:161} INFO - Started process (PID=1187) to work on /home/airflow/.local/lib/python3.12/site-packages/airflow/example_dags/example_branch_operator.py
[2026-06-10T18:01:14.343+0000] {processor.py:830} INFO - Processing file /home/airflow/.local/lib/python3.12/site-packages/airflow/example_dags/example_branch_operator.py for tasks to queue
[2026-06-10T18:01:14.345+0000] {logging_mixin.py:188} INFO - [2026-06-10T18:01:14.344+0000] {dagbag.py:545} INFO - Filling up the DagBag from /home/airflow/.local/lib/python3.12/site-packages/airflow/example_dags/example_branch_operator.py
[2026-06-10T18:01:14.358+0000] {processor.py:840} INFO - DAG(s) 'example_branch_operator' retrieved from /home/airflow/.local/lib/python3.12/site-packages/airflow/example_dags/example_branch_operator.py
[2026-06-10T18:01:14.383+0000] {logging_mixin.py:188} INFO - [2026-06-10T18:01:14.382+0000] {dag.py:3089} INFO - Sync 1 DAGs
[2026-06-10T18:01:14.402+0000] {logging_mixin.py:188} INFO - [2026-06-10T18:01:14.402+0000] {dag.py:3947} INFO - Setting next_dagrun for example_branch_operator to 2026-06-09 00:00:00+00:00, run_after=2026-06-10 00:00:00+00:00
[2026-06-10T18:01:14.416+0000] {processor.py:183} INFO - Processing /home/airflow/.local/lib/python3.12/site-packages/airflow/example_dags/example_branch_operator.py took 0.078 seconds
[2026-06-10T18:01:44.862+0000] {processor.py:161} INFO - Started process (PID=1248) to work on /home/airflow/.local/lib/python3.12/site-packages/airflow/example_dags/example_branch_operator.py
[2026-06-10T18:01:44.864+0000] {processor.py:830} INFO - Processing file /home/airflow/.local/lib/python3.12/site-packages/airflow/example_dags/example_branch_operator.py for tasks to queue
[2026-06-10T18:01:44.865+0000] {logging_mixin.py:188} INFO - [2026-06-10T18:01:44.865+0000] {dagbag.py:545} INFO - Filling up the DagBag from /home/airflow/.local/lib/python3.12/site-packages/airflow/example_dags/example_branch_operator.py
[2026-06-10T18:01:44.879+0000] {processor.py:840} INFO - DAG(s) 'example_branch_operator' retrieved from /home/airflow/.local/lib/python3.12/site-packages/airflow/example_dags/example_branch_operator.py
[2026-06-10T18:01:44.903+0000] {logging_mixin.py:188} INFO - [2026-06-10T18:01:44.903+0000] {dag.py:3089} INFO - Sync 1 DAGs
[2026-06-10T18:01:44.923+0000] {logging_mixin.py:188} INFO - [2026-06-10T18:01:44.923+0000] {dag.py:3947} INFO - Setting next_dagrun for example_branch_operator to 2026-06-09 00:00:00+00:00, run_after=2026-06-10 00:00:00+00:00
[2026-06-10T18:01:44.938+0000] {processor.py:183} INFO - Processing /home/airflow/.local/lib/python3.12/site-packages/airflow/example_dags/example_branch_operator.py took 0.080 seconds
[2026-06-10T18:02:15.449+0000] {processor.py:161} INFO - Started process (PID=1309) to work on /home/airflow/.local/lib/python3.12/site-packages/airflow/example_dags/example_branch_operator.py
[2026-06-10T18:02:15.449+0000] {processor.py:830} INFO - Processing file /home/airflow/.local/lib/python3.12/site-packages/airflow/example_dags/example_branch_operator.py for tasks to queue
[2026-06-10T18:02:15.450+0000] {logging_mixin.py:188} INFO - [2026-06-10T18:02:15.450+0000] {dagbag.py:545} INFO - Filling up the DagBag from /home/airflow/.local/lib/python3.12/site-packages/airflow/example_dags/example_branch_operator.py
[2026-06-10T18:02:15.464+0000] {processor.py:840} INFO - DAG(s) 'example_branch_operator' retrieved from /home/airflow/.local/lib/python3.12/site-packages/airflow/example_dags/example_branch_operator.py
[2026-06-10T18:02:15.489+0000] {logging_mixin.py:188} INFO - [2026-06-10T18:02:15.489+0000] {dag.py:3089} INFO - Sync 1 DAGs
[2026-06-10T18:02:15.509+0000] {logging_mixin.py:188} INFO - [2026-06-10T18:02:15.509+0000] {dag.py:3947} INFO - Setting next_dagrun for example_branch_operator to 2026-06-09 00:00:00+00:00, run_after=2026-06-10 00:00:00+00:00
[2026-06-10T18:02:15.524+0000] {processor.py:183} INFO - Processing /home/airflow/.local/lib/python3.12/site-packages/airflow/example_dags/example_branch_operator.py took 0.080 seconds
[2026-06-10T18:02:45.893+0000] {processor.py:161} INFO - Started process (PID=1370) to work on /home/airflow/.local/lib/python3.12/site-packages/airflow/example_dags/example_branch_operator.py
[2026-06-10T18:02:45.894+0000] {processor.py:830} INFO - Processing file /home/airflow/.local/lib/python3.12/site-packages/airflow/example_dags/example_branch_operator.py for tasks to queue
[2026-06-10T18:02:45.895+0000] {logging_mixin.py:188} INFO - [2026-06-10T18:02:45.895+0000] {dagbag.py:545} INFO - Filling up the DagBag from /home/airflow/.local/lib/python3.12/site-packages/airflow/example_dags/example_branch_operator.py
[2026-06-10T18:02:45.909+0000] {processor.py:840} INFO - DAG(s) 'example_branch_operator' retrieved from /home/airflow/.local/lib/python3.12/site-packages/airflow/example_dags/example_branch_operator.py
[2026-06-10T18:02:45.934+0000] {logging_mixin.py:188} INFO - [2026-06-10T18:02:45.934+0000] {dag.py:3089} INFO - Sync 1 DAGs
[2026-06-10T18:02:45.954+0000] {logging_mixin.py:188} INFO - [2026-06-10T18:02:45.954+0000] {dag.py:3947} INFO - Setting next_dagrun for example_branch_operator to 2026-06-09 00:00:00+00:00, run_after=2026-06-10 00:00:00+00:00
[2026-06-10T18:02:45.969+0000] {processor.py:183} INFO - Processing /home/airflow/.local/lib/python3.12/site-packages/airflow/example_dags/example_branch_operator.py took 0.080 seconds
[2026-06-10T18:03:16.579+0000] {processor.py:161} INFO - Started process (PID=1431) to work on /home/airflow/.local/lib/python3.12/site-packages/airflow/example_dags/example_branch_operator.py
[2026-06-10T18:03:16.580+0000] {processor.py:830} INFO - Processing file /home/airflow/.local/lib/python3.12/site-packages/airflow/example_dags/example_branch_operator.py for tasks to queue
[2026-06-10T18:03:16.581+0000] {logging_mixin.py:188} INFO - [2026-06-10T18:03:16.581+0000] {dagbag.py:545} INFO - Filling up the DagBag from /home/airflow/.local/lib/python3.12/site-packages/airflow/example_dags/example_branch_operator.py
[2026-06-10T18:03:16.595+0000] {processor.py:840} INFO - DAG(s) 'example_branch_operator' retrieved from /home/airflow/.local/lib/python3.12/site-packages/airflow/example_dags/example_branch_operator.py
[2026-06-10T18:03:16.620+0000] {logging_mixin.py:188} INFO - [2026-06-10T18:03:16.619+0000] {dag.py:3089} INFO - Sync 1 DAGs
[2026-06-10T18:03:16.639+0000] {logging_mixin.py:188} INFO - [2026-06-10T18:03:16.639+0000] {dag.py:3947} INFO - Setting next_dagrun for example_branch_operator to 2026-06-09 00:00:00+00:00, run_after=2026-06-10 00:00:00+00:00
[2026-06-10T18:03:16.655+0000] {processor.py:183} INFO - Processing /home/airflow/.local/lib/python3.12/site-packages/airflow/example_dags/example_branch_operator.py took 0.080 seconds
[2026-06-10T18:03:47.354+0000] {processor.py:161} INFO - Started process (PID=1492) to work on /home/airflow/.local/lib/python3.12/site-packages/airflow/example_dags/example_branch_operator.py
[2026-06-10T18:03:47.366+0000] {processor.py:830} INFO - Processing file /home/airflow/.local/lib/python3.12/site-packages/airflow/example_dags/example_branch_operator.py for tasks to queue
[2026-06-10T18:03:47.367+0000] {logging_mixin.py:188} INFO - [2026-06-10T18:03:47.367+0000] {dagbag.py:545} INFO - Filling up the DagBag from /home/airflow/.local/lib/python3.12/site-packages/airflow/example_dags/example_branch_operator.py
[2026-06-10T18:03:47.381+0000] {processor.py:840} INFO - DAG(s) 'example_branch_operator' retrieved from /home/airflow/.local/lib/python3.12/site-packages/airflow/example_dags/example_branch_operator.py
[2026-06-10T18:03:47.405+0000] {logging_mixin.py:188} INFO - [2026-06-10T18:03:47.405+0000] {dag.py:3089} INFO - Sync 1 DAGs
[2026-06-10T18:03:47.425+0000] {logging_mixin.py:188} INFO - [2026-06-10T18:03:47.425+0000] {dag.py:3947} INFO - Setting next_dagrun for example_branch_operator to 2026-06-09 00:00:00+00:00, run_after=2026-06-10 00:00:00+00:00
[2026-06-10T18:03:47.451+0000] {processor.py:183} INFO - Processing /home/airflow/.local/lib/python3.12/site-packages/airflow/example_dags/example_branch_operator.py took 0.101 seconds
[2026-06-10T18:04:18.351+0000] {processor.py:161} INFO - Started process (PID=1553) to work on /home/airflow/.local/lib/python3.12/site-packages/airflow/example_dags/example_branch_operator.py
[2026-06-10T18:04:18.352+0000] {processor.py:830} INFO - Processing file /home/airflow/.local/lib/python3.12/site-packages/airflow/example_dags/example_branch_operator.py for tasks to queue
[2026-06-10T18:04:18.353+0000] {logging_mixin.py:188} INFO - [2026-06-10T18:04:18.353+0000] {dagbag.py:545} INFO - Filling up the DagBag from /home/airflow/.local/lib/python3.12/site-packages/airflow/example_dags/example_branch_operator.py
[2026-06-10T18:04:18.367+0000] {processor.py:840} INFO - DAG(s) 'example_branch_operator' retrieved from /home/airflow/.local/lib/python3.12/site-packages/airflow/example_dags/example_branch_operator.py
[2026-06-10T18:04:18.391+0000] {logging_mixin.py:188} INFO - [2026-06-10T18:04:18.391+0000] {dag.py:3089} INFO - Sync 1 DAGs
[2026-06-10T18:04:18.410+0000] {logging_mixin.py:188} INFO - [2026-06-10T18:04:18.410+0000] {dag.py:3947} INFO - Setting next_dagrun for example_branch_operator to 2026-06-09 00:00:00+00:00, run_after=2026-06-10 00:00:00+00:00
[2026-06-10T18:04:18.426+0000] {processor.py:183} INFO - Processing /home/airflow/.local/lib/python3.12/site-packages/airflow/example_dags/example_branch_operator.py took 0.079 seconds
[2026-06-10T18:04:49.041+0000] {processor.py:161} INFO - Started process (PID=1614) to work on /home/airflow/.local/lib/python3.12/site-packages/airflow/example_dags/example_branch_operator.py
[2026-06-10T18:04:49.044+0000] {processor.py:830} INFO - Processing file /home/airflow/.local/lib/python3.12/site-packages/airflow/example_dags/example_branch_operator.py for tasks to queue
[2026-06-10T18:04:49.045+0000] {logging_mixin.py:188} INFO - [2026-06-10T18:04:49.045+0000] {dagbag.py:545} INFO - Filling up the DagBag from /home/airflow/.local/lib/python3.12/site-packages/airflow/example_dags/example_branch_operator.py
[2026-06-10T18:04:49.059+0000] {processor.py:840} INFO - DAG(s) 'example_branch_operator' retrieved from /home/airflow/.local/lib/python3.12/site-packages/airflow/example_dags/example_branch_operator.py
[2026-06-10T18:04:49.084+0000] {logging_mixin.py:188} INFO - [2026-06-10T18:04:49.084+0000] {dag.py:3089} INFO - Sync 1 DAGs
[2026-06-10T18:04:49.104+0000] {logging_mixin.py:188} INFO - [2026-06-10T18:04:49.104+0000] {dag.py:3947} INFO - Setting next_dagrun for example_branch_operator to 2026-06-09 00:00:00+00:00, run_after=2026-06-10 00:00:00+00:00
[2026-06-10T18:04:49.123+0000] {processor.py:183} INFO - Processing /home/airflow/.local/lib/python3.12/site-packages/airflow/example_dags/example_branch_operator.py took 0.086 seconds
[2026-06-10T18:05:19.611+0000] {processor.py:161} INFO - Started process (PID=1675) to work on /home/airflow/.local/lib/python3.12/site-packages/airflow/example_dags/example_branch_operator.py
[2026-06-10T18:05:19.611+0000] {processor.py:830} INFO - Processing file /home/airflow/.local/lib/python3.12/site-packages/airflow/example_dags/example_branch_operator.py for tasks to queue
[2026-06-10T18:05:19.613+0000] {logging_mixin.py:188} INFO - [2026-06-10T18:05:19.612+0000] {dagbag.py:545} INFO - Filling up the DagBag from /home/airflow/.local/lib/python3.12/site-packages/airflow/example_dags/example_branch_operator.py
[2026-06-10T18:05:19.627+0000] {processor.py:840} INFO - DAG(s) 'example_branch_operator' retrieved from /home/airflow/.local/lib/python3.12/site-packages/airflow/example_dags/example_branch_operator.py
[2026-06-10T18:05:19.651+0000] {logging_mixin.py:188} INFO - [2026-06-10T18:05:19.651+0000] {dag.py:3089} INFO - Sync 1 DAGs
[2026-06-10T18:05:19.671+0000] {logging_mixin.py:188} INFO - [2026-06-10T18:05:19.671+0000] {dag.py:3947} INFO - Setting next_dagrun for example_branch_operator to 2026-06-09 00:00:00+00:00, run_after=2026-06-10 00:00:00+00:00
[2026-06-10T18:05:19.687+0000] {processor.py:183} INFO - Processing /home/airflow/.local/lib/python3.12/site-packages/airflow/example_dags/example_branch_operator.py took 0.081 seconds
[2026-06-10T18:05:50.160+0000] {processor.py:161} INFO - Started process (PID=1736) to work on /home/airflow/.local/lib/python3.12/site-packages/airflow/example_dags/example_branch_operator.py
[2026-06-10T18:05:50.164+0000] {processor.py:830} INFO - Processing file /home/airflow/.local/lib/python3.12/site-packages/airflow/example_dags/example_branch_operator.py for tasks to queue
[2026-06-10T18:05:50.165+0000] {logging_mixin.py:188} INFO - [2026-06-10T18:05:50.165+0000] {dagbag.py:545} INFO - Filling up the DagBag from /home/airflow/.local/lib/python3.12/site-packages/airflow/example_dags/example_branch_operator.py
[2026-06-10T18:05:50.179+0000] {processor.py:840} INFO - DAG(s) 'example_branch_operator' retrieved from /home/airflow/.local/lib/python3.12/site-packages/airflow/example_dags/example_branch_operator.py
[2026-06-10T18:05:50.204+0000] {logging_mixin.py:188} INFO - [2026-06-10T18:05:50.203+0000] {dag.py:3089} INFO - Sync 1 DAGs
[2026-06-10T18:05:50.224+0000] {logging_mixin.py:188} INFO - [2026-06-10T18:05:50.224+0000] {dag.py:3947} INFO - Setting next_dagrun for example_branch_operator to 2026-06-09 00:00:00+00:00, run_after=2026-06-10 00:00:00+00:00
[2026-06-10T18:05:50.239+0000] {processor.py:183} INFO - Processing /home/airflow/.local/lib/python3.12/site-packages/airflow/example_dags/example_branch_operator.py took 0.083 seconds
