[2026-06-10T17:52:11.860+0000] {processor.py:161} INFO - Started process (PID=109) to work on /home/airflow/.local/lib/python3.12/site-packages/airflow/example_dags/example_python_decorator.py
[2026-06-10T17:52:11.861+0000] {processor.py:830} INFO - Processing file /home/airflow/.local/lib/python3.12/site-packages/airflow/example_dags/example_python_decorator.py for tasks to queue
[2026-06-10T17:52:11.862+0000] {logging_mixin.py:188} INFO - [2026-06-10T17:52:11.862+0000] {dagbag.py:545} INFO - Filling up the DagBag from /home/airflow/.local/lib/python3.12/site-packages/airflow/example_dags/example_python_decorator.py
[2026-06-10T17:52:11.875+0000] {processor.py:840} INFO - DAG(s) 'example_python_decorator' retrieved from /home/airflow/.local/lib/python3.12/site-packages/airflow/example_dags/example_python_decorator.py
[2026-06-10T17:52:11.977+0000] {logging_mixin.py:188} INFO - [2026-06-10T17:52:11.977+0000] {override.py:1858} INFO - Created Permission View: can edit on DAG:example_python_decorator
[2026-06-10T17:52:11.993+0000] {logging_mixin.py:188} INFO - [2026-06-10T17:52:11.992+0000] {override.py:1858} INFO - Created Permission View: can read on DAG:example_python_decorator
[2026-06-10T17:52:12.004+0000] {logging_mixin.py:188} INFO - [2026-06-10T17:52:12.003+0000] {override.py:1858} INFO - Created Permission View: can delete on DAG:example_python_decorator
[2026-06-10T17:52:12.004+0000] {logging_mixin.py:188} INFO - [2026-06-10T17:52:12.004+0000] {dag.py:3089} INFO - Sync 1 DAGs
[2026-06-10T17:52:12.015+0000] {logging_mixin.py:188} INFO - [2026-06-10T17:52:12.014+0000] {dag.py:3111} INFO - Creating ORM DAG for example_python_decorator
[2026-06-10T17:52:12.015+0000] {logging_mixin.py:188} INFO - [2026-06-10T17:52:12.015+0000] {dag.py:3947} INFO - Setting next_dagrun for example_python_decorator to None, run_after=None
[2026-06-10T17:52:12.033+0000] {processor.py:183} INFO - Processing /home/airflow/.local/lib/python3.12/site-packages/airflow/example_dags/example_python_decorator.py took 0.177 seconds
[2026-06-10T17:52:49.985+0000] {processor.py:161} INFO - Started process (PID=170) to work on /home/airflow/.local/lib/python3.12/site-packages/airflow/example_dags/example_python_decorator.py
[2026-06-10T17:52:49.992+0000] {processor.py:830} INFO - Processing file /home/airflow/.local/lib/python3.12/site-packages/airflow/example_dags/example_python_decorator.py for tasks to queue
[2026-06-10T17:52:49.994+0000] {logging_mixin.py:188} INFO - [2026-06-10T17:52:49.994+0000] {dagbag.py:545} INFO - Filling up the DagBag from /home/airflow/.local/lib/python3.12/site-packages/airflow/example_dags/example_python_decorator.py
[2026-06-10T17:52:50.006+0000] {processor.py:840} INFO - DAG(s) 'example_python_decorator' retrieved from /home/airflow/.local/lib/python3.12/site-packages/airflow/example_dags/example_python_decorator.py
[2026-06-10T17:52:50.026+0000] {logging_mixin.py:188} INFO - [2026-06-10T17:52:50.025+0000] {dag.py:3089} INFO - Sync 1 DAGs
[2026-06-10T17:52:50.037+0000] {logging_mixin.py:188} INFO - [2026-06-10T17:52:50.037+0000] {dag.py:3947} INFO - Setting next_dagrun for example_python_decorator to None, run_after=None
[2026-06-10T17:52:50.080+0000] {processor.py:183} INFO - Processing /home/airflow/.local/lib/python3.12/site-packages/airflow/example_dags/example_python_decorator.py took 0.100 seconds
[2026-06-10T17:53:20.522+0000] {processor.py:161} INFO - Started process (PID=231) to work on /home/airflow/.local/lib/python3.12/site-packages/airflow/example_dags/example_python_decorator.py
[2026-06-10T17:53:20.523+0000] {processor.py:830} INFO - Processing file /home/airflow/.local/lib/python3.12/site-packages/airflow/example_dags/example_python_decorator.py for tasks to queue
[2026-06-10T17:53:20.525+0000] {logging_mixin.py:188} INFO - [2026-06-10T17:53:20.524+0000] {dagbag.py:545} INFO - Filling up the DagBag from /home/airflow/.local/lib/python3.12/site-packages/airflow/example_dags/example_python_decorator.py
[2026-06-10T17:53:20.538+0000] {processor.py:840} INFO - DAG(s) 'example_python_decorator' retrieved from /home/airflow/.local/lib/python3.12/site-packages/airflow/example_dags/example_python_decorator.py
[2026-06-10T17:53:20.557+0000] {logging_mixin.py:188} INFO - [2026-06-10T17:53:20.557+0000] {dag.py:3089} INFO - Sync 1 DAGs
[2026-06-10T17:53:20.568+0000] {logging_mixin.py:188} INFO - [2026-06-10T17:53:20.568+0000] {dag.py:3947} INFO - Setting next_dagrun for example_python_decorator to None, run_after=None
[2026-06-10T17:53:20.584+0000] {processor.py:183} INFO - Processing /home/airflow/.local/lib/python3.12/site-packages/airflow/example_dags/example_python_decorator.py took 0.066 seconds
[2026-06-10T17:53:51.223+0000] {processor.py:161} INFO - Started process (PID=292) to work on /home/airflow/.local/lib/python3.12/site-packages/airflow/example_dags/example_python_decorator.py
[2026-06-10T17:53:51.224+0000] {processor.py:830} INFO - Processing file /home/airflow/.local/lib/python3.12/site-packages/airflow/example_dags/example_python_decorator.py for tasks to queue
[2026-06-10T17:53:51.226+0000] {logging_mixin.py:188} INFO - [2026-06-10T17:53:51.225+0000] {dagbag.py:545} INFO - Filling up the DagBag from /home/airflow/.local/lib/python3.12/site-packages/airflow/example_dags/example_python_decorator.py
[2026-06-10T17:53:51.238+0000] {processor.py:840} INFO - DAG(s) 'example_python_decorator' retrieved from /home/airflow/.local/lib/python3.12/site-packages/airflow/example_dags/example_python_decorator.py
[2026-06-10T17:53:51.258+0000] {logging_mixin.py:188} INFO - [2026-06-10T17:53:51.258+0000] {dag.py:3089} INFO - Sync 1 DAGs
[2026-06-10T17:53:51.271+0000] {logging_mixin.py:188} INFO - [2026-06-10T17:53:51.270+0000] {dag.py:3947} INFO - Setting next_dagrun for example_python_decorator to None, run_after=None
[2026-06-10T17:53:51.287+0000] {processor.py:183} INFO - Processing /home/airflow/.local/lib/python3.12/site-packages/airflow/example_dags/example_python_decorator.py took 0.069 seconds
[2026-06-10T17:54:21.321+0000] {processor.py:161} INFO - Started process (PID=352) to work on /home/airflow/.local/lib/python3.12/site-packages/airflow/example_dags/example_python_decorator.py
[2026-06-10T17:54:21.322+0000] {processor.py:830} INFO - Processing file /home/airflow/.local/lib/python3.12/site-packages/airflow/example_dags/example_python_decorator.py for tasks to queue
[2026-06-10T17:54:21.323+0000] {logging_mixin.py:188} INFO - [2026-06-10T17:54:21.323+0000] {dagbag.py:545} INFO - Filling up the DagBag from /home/airflow/.local/lib/python3.12/site-packages/airflow/example_dags/example_python_decorator.py
[2026-06-10T17:54:21.334+0000] {processor.py:840} INFO - DAG(s) 'example_python_decorator' retrieved from /home/airflow/.local/lib/python3.12/site-packages/airflow/example_dags/example_python_decorator.py
[2026-06-10T17:54:21.352+0000] {logging_mixin.py:188} INFO - [2026-06-10T17:54:21.352+0000] {dag.py:3089} INFO - Sync 1 DAGs
[2026-06-10T17:54:21.363+0000] {logging_mixin.py:188} INFO - [2026-06-10T17:54:21.363+0000] {dag.py:3947} INFO - Setting next_dagrun for example_python_decorator to None, run_after=None
[2026-06-10T17:54:21.377+0000] {processor.py:183} INFO - Processing /home/airflow/.local/lib/python3.12/site-packages/airflow/example_dags/example_python_decorator.py took 0.061 seconds
[2026-06-10T17:54:52.337+0000] {processor.py:161} INFO - Started process (PID=414) to work on /home/airflow/.local/lib/python3.12/site-packages/airflow/example_dags/example_python_decorator.py
[2026-06-10T17:54:52.338+0000] {processor.py:830} INFO - Processing file /home/airflow/.local/lib/python3.12/site-packages/airflow/example_dags/example_python_decorator.py for tasks to queue
[2026-06-10T17:54:52.340+0000] {logging_mixin.py:188} INFO - [2026-06-10T17:54:52.340+0000] {dagbag.py:545} INFO - Filling up the DagBag from /home/airflow/.local/lib/python3.12/site-packages/airflow/example_dags/example_python_decorator.py
[2026-06-10T17:54:52.356+0000] {processor.py:840} INFO - DAG(s) 'example_python_decorator' retrieved from /home/airflow/.local/lib/python3.12/site-packages/airflow/example_dags/example_python_decorator.py
[2026-06-10T17:54:52.381+0000] {logging_mixin.py:188} INFO - [2026-06-10T17:54:52.381+0000] {dag.py:3089} INFO - Sync 1 DAGs
[2026-06-10T17:54:52.394+0000] {logging_mixin.py:188} INFO - [2026-06-10T17:54:52.394+0000] {dag.py:3947} INFO - Setting next_dagrun for example_python_decorator to None, run_after=None
[2026-06-10T17:54:52.421+0000] {processor.py:183} INFO - Processing /home/airflow/.local/lib/python3.12/site-packages/airflow/example_dags/example_python_decorator.py took 0.089 seconds
[2026-06-10T17:55:23.399+0000] {processor.py:161} INFO - Started process (PID=475) to work on /home/airflow/.local/lib/python3.12/site-packages/airflow/example_dags/example_python_decorator.py
[2026-06-10T17:55:23.399+0000] {processor.py:830} INFO - Processing file /home/airflow/.local/lib/python3.12/site-packages/airflow/example_dags/example_python_decorator.py for tasks to queue
[2026-06-10T17:55:23.401+0000] {logging_mixin.py:188} INFO - [2026-06-10T17:55:23.400+0000] {dagbag.py:545} INFO - Filling up the DagBag from /home/airflow/.local/lib/python3.12/site-packages/airflow/example_dags/example_python_decorator.py
[2026-06-10T17:55:23.412+0000] {processor.py:840} INFO - DAG(s) 'example_python_decorator' retrieved from /home/airflow/.local/lib/python3.12/site-packages/airflow/example_dags/example_python_decorator.py
[2026-06-10T17:55:23.430+0000] {logging_mixin.py:188} INFO - [2026-06-10T17:55:23.430+0000] {dag.py:3089} INFO - Sync 1 DAGs
[2026-06-10T17:55:23.441+0000] {logging_mixin.py:188} INFO - [2026-06-10T17:55:23.441+0000] {dag.py:3947} INFO - Setting next_dagrun for example_python_decorator to None, run_after=None
[2026-06-10T17:55:23.456+0000] {processor.py:183} INFO - Processing /home/airflow/.local/lib/python3.12/site-packages/airflow/example_dags/example_python_decorator.py took 0.062 seconds
[2026-06-10T17:55:53.713+0000] {processor.py:161} INFO - Started process (PID=535) to work on /home/airflow/.local/lib/python3.12/site-packages/airflow/example_dags/example_python_decorator.py
[2026-06-10T17:55:53.719+0000] {processor.py:830} INFO - Processing file /home/airflow/.local/lib/python3.12/site-packages/airflow/example_dags/example_python_decorator.py for tasks to queue
[2026-06-10T17:55:53.720+0000] {logging_mixin.py:188} INFO - [2026-06-10T17:55:53.720+0000] {dagbag.py:545} INFO - Filling up the DagBag from /home/airflow/.local/lib/python3.12/site-packages/airflow/example_dags/example_python_decorator.py
[2026-06-10T17:55:53.734+0000] {processor.py:840} INFO - DAG(s) 'example_python_decorator' retrieved from /home/airflow/.local/lib/python3.12/site-packages/airflow/example_dags/example_python_decorator.py
[2026-06-10T17:55:53.791+0000] {logging_mixin.py:188} INFO - [2026-06-10T17:55:53.791+0000] {dag.py:3089} INFO - Sync 1 DAGs
[2026-06-10T17:55:53.802+0000] {logging_mixin.py:188} INFO - [2026-06-10T17:55:53.802+0000] {dag.py:3947} INFO - Setting next_dagrun for example_python_decorator to None, run_after=None
[2026-06-10T17:55:53.823+0000] {processor.py:183} INFO - Processing /home/airflow/.local/lib/python3.12/site-packages/airflow/example_dags/example_python_decorator.py took 0.115 seconds
[2026-06-10T17:56:23.897+0000] {processor.py:161} INFO - Started process (PID=596) to work on /home/airflow/.local/lib/python3.12/site-packages/airflow/example_dags/example_python_decorator.py
[2026-06-10T17:56:23.898+0000] {processor.py:830} INFO - Processing file /home/airflow/.local/lib/python3.12/site-packages/airflow/example_dags/example_python_decorator.py for tasks to queue
[2026-06-10T17:56:23.899+0000] {logging_mixin.py:188} INFO - [2026-06-10T17:56:23.899+0000] {dagbag.py:545} INFO - Filling up the DagBag from /home/airflow/.local/lib/python3.12/site-packages/airflow/example_dags/example_python_decorator.py
[2026-06-10T17:56:23.909+0000] {processor.py:840} INFO - DAG(s) 'example_python_decorator' retrieved from /home/airflow/.local/lib/python3.12/site-packages/airflow/example_dags/example_python_decorator.py
[2026-06-10T17:56:23.928+0000] {logging_mixin.py:188} INFO - [2026-06-10T17:56:23.927+0000] {dag.py:3089} INFO - Sync 1 DAGs
[2026-06-10T17:56:23.938+0000] {logging_mixin.py:188} INFO - [2026-06-10T17:56:23.938+0000] {dag.py:3947} INFO - Setting next_dagrun for example_python_decorator to None, run_after=None
[2026-06-10T17:56:23.953+0000] {processor.py:183} INFO - Processing /home/airflow/.local/lib/python3.12/site-packages/airflow/example_dags/example_python_decorator.py took 0.060 seconds
[2026-06-10T17:56:54.043+0000] {processor.py:161} INFO - Started process (PID=657) to work on /home/airflow/.local/lib/python3.12/site-packages/airflow/example_dags/example_python_decorator.py
[2026-06-10T17:56:54.044+0000] {processor.py:830} INFO - Processing file /home/airflow/.local/lib/python3.12/site-packages/airflow/example_dags/example_python_decorator.py for tasks to queue
[2026-06-10T17:56:54.045+0000] {logging_mixin.py:188} INFO - [2026-06-10T17:56:54.045+0000] {dagbag.py:545} INFO - Filling up the DagBag from /home/airflow/.local/lib/python3.12/site-packages/airflow/example_dags/example_python_decorator.py
[2026-06-10T17:56:54.056+0000] {processor.py:840} INFO - DAG(s) 'example_python_decorator' retrieved from /home/airflow/.local/lib/python3.12/site-packages/airflow/example_dags/example_python_decorator.py
[2026-06-10T17:56:54.075+0000] {logging_mixin.py:188} INFO - [2026-06-10T17:56:54.075+0000] {dag.py:3089} INFO - Sync 1 DAGs
[2026-06-10T17:56:54.087+0000] {logging_mixin.py:188} INFO - [2026-06-10T17:56:54.086+0000] {dag.py:3947} INFO - Setting next_dagrun for example_python_decorator to None, run_after=None
[2026-06-10T17:56:54.103+0000] {processor.py:183} INFO - Processing /home/airflow/.local/lib/python3.12/site-packages/airflow/example_dags/example_python_decorator.py took 0.064 seconds
[2026-06-10T17:57:24.570+0000] {processor.py:161} INFO - Started process (PID=718) to work on /home/airflow/.local/lib/python3.12/site-packages/airflow/example_dags/example_python_decorator.py
[2026-06-10T17:57:24.571+0000] {processor.py:830} INFO - Processing file /home/airflow/.local/lib/python3.12/site-packages/airflow/example_dags/example_python_decorator.py for tasks to queue
[2026-06-10T17:57:24.572+0000] {logging_mixin.py:188} INFO - [2026-06-10T17:57:24.572+0000] {dagbag.py:545} INFO - Filling up the DagBag from /home/airflow/.local/lib/python3.12/site-packages/airflow/example_dags/example_python_decorator.py
[2026-06-10T17:57:24.583+0000] {processor.py:840} INFO - DAG(s) 'example_python_decorator' retrieved from /home/airflow/.local/lib/python3.12/site-packages/airflow/example_dags/example_python_decorator.py
[2026-06-10T17:57:24.602+0000] {logging_mixin.py:188} INFO - [2026-06-10T17:57:24.602+0000] {dag.py:3089} INFO - Sync 1 DAGs
[2026-06-10T17:57:24.614+0000] {logging_mixin.py:188} INFO - [2026-06-10T17:57:24.613+0000] {dag.py:3947} INFO - Setting next_dagrun for example_python_decorator to None, run_after=None
[2026-06-10T17:57:24.630+0000] {processor.py:183} INFO - Processing /home/airflow/.local/lib/python3.12/site-packages/airflow/example_dags/example_python_decorator.py took 0.064 seconds
[2026-06-10T17:57:55.114+0000] {processor.py:161} INFO - Started process (PID=779) to work on /home/airflow/.local/lib/python3.12/site-packages/airflow/example_dags/example_python_decorator.py
[2026-06-10T17:57:55.115+0000] {processor.py:830} INFO - Processing file /home/airflow/.local/lib/python3.12/site-packages/airflow/example_dags/example_python_decorator.py for tasks to queue
[2026-06-10T17:57:55.117+0000] {logging_mixin.py:188} INFO - [2026-06-10T17:57:55.116+0000] {dagbag.py:545} INFO - Filling up the DagBag from /home/airflow/.local/lib/python3.12/site-packages/airflow/example_dags/example_python_decorator.py
[2026-06-10T17:57:55.127+0000] {processor.py:840} INFO - DAG(s) 'example_python_decorator' retrieved from /home/airflow/.local/lib/python3.12/site-packages/airflow/example_dags/example_python_decorator.py
[2026-06-10T17:57:55.146+0000] {logging_mixin.py:188} INFO - [2026-06-10T17:57:55.145+0000] {dag.py:3089} INFO - Sync 1 DAGs
[2026-06-10T17:57:55.157+0000] {logging_mixin.py:188} INFO - [2026-06-10T17:57:55.157+0000] {dag.py:3947} INFO - Setting next_dagrun for example_python_decorator to None, run_after=None
[2026-06-10T17:57:55.175+0000] {processor.py:183} INFO - Processing /home/airflow/.local/lib/python3.12/site-packages/airflow/example_dags/example_python_decorator.py took 0.066 seconds
[2026-06-10T17:58:25.264+0000] {processor.py:161} INFO - Started process (PID=840) to work on /home/airflow/.local/lib/python3.12/site-packages/airflow/example_dags/example_python_decorator.py
[2026-06-10T17:58:25.264+0000] {processor.py:830} INFO - Processing file /home/airflow/.local/lib/python3.12/site-packages/airflow/example_dags/example_python_decorator.py for tasks to queue
[2026-06-10T17:58:25.266+0000] {logging_mixin.py:188} INFO - [2026-06-10T17:58:25.265+0000] {dagbag.py:545} INFO - Filling up the DagBag from /home/airflow/.local/lib/python3.12/site-packages/airflow/example_dags/example_python_decorator.py
[2026-06-10T17:58:25.278+0000] {processor.py:840} INFO - DAG(s) 'example_python_decorator' retrieved from /home/airflow/.local/lib/python3.12/site-packages/airflow/example_dags/example_python_decorator.py
[2026-06-10T17:58:25.297+0000] {logging_mixin.py:188} INFO - [2026-06-10T17:58:25.297+0000] {dag.py:3089} INFO - Sync 1 DAGs
[2026-06-10T17:58:25.308+0000] {logging_mixin.py:188} INFO - [2026-06-10T17:58:25.308+0000] {dag.py:3947} INFO - Setting next_dagrun for example_python_decorator to None, run_after=None
[2026-06-10T17:58:25.323+0000] {processor.py:183} INFO - Processing /home/airflow/.local/lib/python3.12/site-packages/airflow/example_dags/example_python_decorator.py took 0.064 seconds
[2026-06-10T17:58:55.699+0000] {processor.py:161} INFO - Started process (PID=901) to work on /home/airflow/.local/lib/python3.12/site-packages/airflow/example_dags/example_python_decorator.py
[2026-06-10T17:58:55.701+0000] {processor.py:830} INFO - Processing file /home/airflow/.local/lib/python3.12/site-packages/airflow/example_dags/example_python_decorator.py for tasks to queue
[2026-06-10T17:58:55.702+0000] {logging_mixin.py:188} INFO - [2026-06-10T17:58:55.702+0000] {dagbag.py:545} INFO - Filling up the DagBag from /home/airflow/.local/lib/python3.12/site-packages/airflow/example_dags/example_python_decorator.py
[2026-06-10T17:58:55.713+0000] {processor.py:840} INFO - DAG(s) 'example_python_decorator' retrieved from /home/airflow/.local/lib/python3.12/site-packages/airflow/example_dags/example_python_decorator.py
[2026-06-10T17:58:55.731+0000] {logging_mixin.py:188} INFO - [2026-06-10T17:58:55.731+0000] {dag.py:3089} INFO - Sync 1 DAGs
[2026-06-10T17:58:55.743+0000] {logging_mixin.py:188} INFO - [2026-06-10T17:58:55.742+0000] {dag.py:3947} INFO - Setting next_dagrun for example_python_decorator to None, run_after=None
[2026-06-10T17:58:55.758+0000] {processor.py:183} INFO - Processing /home/airflow/.local/lib/python3.12/site-packages/airflow/example_dags/example_python_decorator.py took 0.063 seconds
[2026-06-10T17:59:25.852+0000] {processor.py:161} INFO - Started process (PID=962) to work on /home/airflow/.local/lib/python3.12/site-packages/airflow/example_dags/example_python_decorator.py
[2026-06-10T17:59:25.854+0000] {processor.py:830} INFO - Processing file /home/airflow/.local/lib/python3.12/site-packages/airflow/example_dags/example_python_decorator.py for tasks to queue
[2026-06-10T17:59:25.855+0000] {logging_mixin.py:188} INFO - [2026-06-10T17:59:25.855+0000] {dagbag.py:545} INFO - Filling up the DagBag from /home/airflow/.local/lib/python3.12/site-packages/airflow/example_dags/example_python_decorator.py
[2026-06-10T17:59:25.867+0000] {processor.py:840} INFO - DAG(s) 'example_python_decorator' retrieved from /home/airflow/.local/lib/python3.12/site-packages/airflow/example_dags/example_python_decorator.py
[2026-06-10T17:59:25.886+0000] {logging_mixin.py:188} INFO - [2026-06-10T17:59:25.885+0000] {dag.py:3089} INFO - Sync 1 DAGs
[2026-06-10T17:59:25.897+0000] {logging_mixin.py:188} INFO - [2026-06-10T17:59:25.897+0000] {dag.py:3947} INFO - Setting next_dagrun for example_python_decorator to None, run_after=None
[2026-06-10T17:59:25.912+0000] {processor.py:183} INFO - Processing /home/airflow/.local/lib/python3.12/site-packages/airflow/example_dags/example_python_decorator.py took 0.064 seconds
[2026-06-10T17:59:56.229+0000] {processor.py:161} INFO - Started process (PID=1023) to work on /home/airflow/.local/lib/python3.12/site-packages/airflow/example_dags/example_python_decorator.py
[2026-06-10T17:59:56.230+0000] {processor.py:830} INFO - Processing file /home/airflow/.local/lib/python3.12/site-packages/airflow/example_dags/example_python_decorator.py for tasks to queue
[2026-06-10T17:59:56.231+0000] {logging_mixin.py:188} INFO - [2026-06-10T17:59:56.231+0000] {dagbag.py:545} INFO - Filling up the DagBag from /home/airflow/.local/lib/python3.12/site-packages/airflow/example_dags/example_python_decorator.py
[2026-06-10T17:59:56.243+0000] {processor.py:840} INFO - DAG(s) 'example_python_decorator' retrieved from /home/airflow/.local/lib/python3.12/site-packages/airflow/example_dags/example_python_decorator.py
[2026-06-10T17:59:56.263+0000] {logging_mixin.py:188} INFO - [2026-06-10T17:59:56.263+0000] {dag.py:3089} INFO - Sync 1 DAGs
[2026-06-10T17:59:56.398+0000] {logging_mixin.py:188} INFO - [2026-06-10T17:59:56.398+0000] {dag.py:3947} INFO - Setting next_dagrun for example_python_decorator to None, run_after=None
[2026-06-10T17:59:56.429+0000] {processor.py:183} INFO - Processing /home/airflow/.local/lib/python3.12/site-packages/airflow/example_dags/example_python_decorator.py took 0.204 seconds
[2026-06-10T18:00:28.559+0000] {processor.py:161} INFO - Started process (PID=1084) to work on /home/airflow/.local/lib/python3.12/site-packages/airflow/example_dags/example_python_decorator.py
[2026-06-10T18:00:28.560+0000] {processor.py:830} INFO - Processing file /home/airflow/.local/lib/python3.12/site-packages/airflow/example_dags/example_python_decorator.py for tasks to queue
[2026-06-10T18:00:28.562+0000] {logging_mixin.py:188} INFO - [2026-06-10T18:00:28.562+0000] {dagbag.py:545} INFO - Filling up the DagBag from /home/airflow/.local/lib/python3.12/site-packages/airflow/example_dags/example_python_decorator.py
[2026-06-10T18:00:28.573+0000] {processor.py:840} INFO - DAG(s) 'example_python_decorator' retrieved from /home/airflow/.local/lib/python3.12/site-packages/airflow/example_dags/example_python_decorator.py
[2026-06-10T18:00:28.594+0000] {logging_mixin.py:188} INFO - [2026-06-10T18:00:28.594+0000] {dag.py:3089} INFO - Sync 1 DAGs
[2026-06-10T18:00:28.606+0000] {logging_mixin.py:188} INFO - [2026-06-10T18:00:28.606+0000] {dag.py:3947} INFO - Setting next_dagrun for example_python_decorator to None, run_after=None
[2026-06-10T18:00:28.754+0000] {processor.py:183} INFO - Processing /home/airflow/.local/lib/python3.12/site-packages/airflow/example_dags/example_python_decorator.py took 0.200 seconds
[2026-06-10T18:00:58.805+0000] {processor.py:161} INFO - Started process (PID=1146) to work on /home/airflow/.local/lib/python3.12/site-packages/airflow/example_dags/example_python_decorator.py
[2026-06-10T18:00:58.805+0000] {processor.py:830} INFO - Processing file /home/airflow/.local/lib/python3.12/site-packages/airflow/example_dags/example_python_decorator.py for tasks to queue
[2026-06-10T18:00:58.807+0000] {logging_mixin.py:188} INFO - [2026-06-10T18:00:58.807+0000] {dagbag.py:545} INFO - Filling up the DagBag from /home/airflow/.local/lib/python3.12/site-packages/airflow/example_dags/example_python_decorator.py
[2026-06-10T18:00:58.817+0000] {processor.py:840} INFO - DAG(s) 'example_python_decorator' retrieved from /home/airflow/.local/lib/python3.12/site-packages/airflow/example_dags/example_python_decorator.py
[2026-06-10T18:00:58.836+0000] {logging_mixin.py:188} INFO - [2026-06-10T18:00:58.836+0000] {dag.py:3089} INFO - Sync 1 DAGs
[2026-06-10T18:00:58.847+0000] {logging_mixin.py:188} INFO - [2026-06-10T18:00:58.846+0000] {dag.py:3947} INFO - Setting next_dagrun for example_python_decorator to None, run_after=None
[2026-06-10T18:00:58.861+0000] {processor.py:183} INFO - Processing /home/airflow/.local/lib/python3.12/site-packages/airflow/example_dags/example_python_decorator.py took 0.062 seconds
[2026-06-10T18:01:29.274+0000] {processor.py:161} INFO - Started process (PID=1207) to work on /home/airflow/.local/lib/python3.12/site-packages/airflow/example_dags/example_python_decorator.py
[2026-06-10T18:01:29.275+0000] {processor.py:830} INFO - Processing file /home/airflow/.local/lib/python3.12/site-packages/airflow/example_dags/example_python_decorator.py for tasks to queue
[2026-06-10T18:01:29.277+0000] {logging_mixin.py:188} INFO - [2026-06-10T18:01:29.276+0000] {dagbag.py:545} INFO - Filling up the DagBag from /home/airflow/.local/lib/python3.12/site-packages/airflow/example_dags/example_python_decorator.py
[2026-06-10T18:01:29.288+0000] {processor.py:840} INFO - DAG(s) 'example_python_decorator' retrieved from /home/airflow/.local/lib/python3.12/site-packages/airflow/example_dags/example_python_decorator.py
[2026-06-10T18:01:29.306+0000] {logging_mixin.py:188} INFO - [2026-06-10T18:01:29.306+0000] {dag.py:3089} INFO - Sync 1 DAGs
[2026-06-10T18:01:29.317+0000] {logging_mixin.py:188} INFO - [2026-06-10T18:01:29.317+0000] {dag.py:3947} INFO - Setting next_dagrun for example_python_decorator to None, run_after=None
[2026-06-10T18:01:29.333+0000] {processor.py:183} INFO - Processing /home/airflow/.local/lib/python3.12/site-packages/airflow/example_dags/example_python_decorator.py took 0.064 seconds
[2026-06-10T18:01:59.930+0000] {processor.py:161} INFO - Started process (PID=1268) to work on /home/airflow/.local/lib/python3.12/site-packages/airflow/example_dags/example_python_decorator.py
[2026-06-10T18:01:59.931+0000] {processor.py:830} INFO - Processing file /home/airflow/.local/lib/python3.12/site-packages/airflow/example_dags/example_python_decorator.py for tasks to queue
[2026-06-10T18:01:59.932+0000] {logging_mixin.py:188} INFO - [2026-06-10T18:01:59.932+0000] {dagbag.py:545} INFO - Filling up the DagBag from /home/airflow/.local/lib/python3.12/site-packages/airflow/example_dags/example_python_decorator.py
[2026-06-10T18:01:59.943+0000] {processor.py:840} INFO - DAG(s) 'example_python_decorator' retrieved from /home/airflow/.local/lib/python3.12/site-packages/airflow/example_dags/example_python_decorator.py
[2026-06-10T18:01:59.961+0000] {logging_mixin.py:188} INFO - [2026-06-10T18:01:59.961+0000] {dag.py:3089} INFO - Sync 1 DAGs
[2026-06-10T18:01:59.972+0000] {logging_mixin.py:188} INFO - [2026-06-10T18:01:59.971+0000] {dag.py:3947} INFO - Setting next_dagrun for example_python_decorator to None, run_after=None
[2026-06-10T18:01:59.987+0000] {processor.py:183} INFO - Processing /home/airflow/.local/lib/python3.12/site-packages/airflow/example_dags/example_python_decorator.py took 0.061 seconds
[2026-06-10T18:02:30.485+0000] {processor.py:161} INFO - Started process (PID=1329) to work on /home/airflow/.local/lib/python3.12/site-packages/airflow/example_dags/example_python_decorator.py
[2026-06-10T18:02:30.487+0000] {processor.py:830} INFO - Processing file /home/airflow/.local/lib/python3.12/site-packages/airflow/example_dags/example_python_decorator.py for tasks to queue
[2026-06-10T18:02:30.488+0000] {logging_mixin.py:188} INFO - [2026-06-10T18:02:30.488+0000] {dagbag.py:545} INFO - Filling up the DagBag from /home/airflow/.local/lib/python3.12/site-packages/airflow/example_dags/example_python_decorator.py
[2026-06-10T18:02:30.501+0000] {processor.py:840} INFO - DAG(s) 'example_python_decorator' retrieved from /home/airflow/.local/lib/python3.12/site-packages/airflow/example_dags/example_python_decorator.py
[2026-06-10T18:02:30.520+0000] {logging_mixin.py:188} INFO - [2026-06-10T18:02:30.520+0000] {dag.py:3089} INFO - Sync 1 DAGs
[2026-06-10T18:02:30.530+0000] {logging_mixin.py:188} INFO - [2026-06-10T18:02:30.530+0000] {dag.py:3947} INFO - Setting next_dagrun for example_python_decorator to None, run_after=None
[2026-06-10T18:02:30.546+0000] {processor.py:183} INFO - Processing /home/airflow/.local/lib/python3.12/site-packages/airflow/example_dags/example_python_decorator.py took 0.066 seconds
[2026-06-10T18:03:00.809+0000] {processor.py:161} INFO - Started process (PID=1390) to work on /home/airflow/.local/lib/python3.12/site-packages/airflow/example_dags/example_python_decorator.py
[2026-06-10T18:03:00.810+0000] {processor.py:830} INFO - Processing file /home/airflow/.local/lib/python3.12/site-packages/airflow/example_dags/example_python_decorator.py for tasks to queue
[2026-06-10T18:03:00.811+0000] {logging_mixin.py:188} INFO - [2026-06-10T18:03:00.811+0000] {dagbag.py:545} INFO - Filling up the DagBag from /home/airflow/.local/lib/python3.12/site-packages/airflow/example_dags/example_python_decorator.py
[2026-06-10T18:03:00.822+0000] {processor.py:840} INFO - DAG(s) 'example_python_decorator' retrieved from /home/airflow/.local/lib/python3.12/site-packages/airflow/example_dags/example_python_decorator.py
[2026-06-10T18:03:00.841+0000] {logging_mixin.py:188} INFO - [2026-06-10T18:03:00.840+0000] {dag.py:3089} INFO - Sync 1 DAGs
[2026-06-10T18:03:00.852+0000] {logging_mixin.py:188} INFO - [2026-06-10T18:03:00.852+0000] {dag.py:3947} INFO - Setting next_dagrun for example_python_decorator to None, run_after=None
[2026-06-10T18:03:00.874+0000] {processor.py:183} INFO - Processing /home/airflow/.local/lib/python3.12/site-packages/airflow/example_dags/example_python_decorator.py took 0.069 seconds
[2026-06-10T18:03:31.333+0000] {processor.py:161} INFO - Started process (PID=1451) to work on /home/airflow/.local/lib/python3.12/site-packages/airflow/example_dags/example_python_decorator.py
[2026-06-10T18:03:31.334+0000] {processor.py:830} INFO - Processing file /home/airflow/.local/lib/python3.12/site-packages/airflow/example_dags/example_python_decorator.py for tasks to queue
[2026-06-10T18:03:31.335+0000] {logging_mixin.py:188} INFO - [2026-06-10T18:03:31.335+0000] {dagbag.py:545} INFO - Filling up the DagBag from /home/airflow/.local/lib/python3.12/site-packages/airflow/example_dags/example_python_decorator.py
[2026-06-10T18:03:31.347+0000] {processor.py:840} INFO - DAG(s) 'example_python_decorator' retrieved from /home/airflow/.local/lib/python3.12/site-packages/airflow/example_dags/example_python_decorator.py
[2026-06-10T18:03:31.365+0000] {logging_mixin.py:188} INFO - [2026-06-10T18:03:31.365+0000] {dag.py:3089} INFO - Sync 1 DAGs
[2026-06-10T18:03:31.376+0000] {logging_mixin.py:188} INFO - [2026-06-10T18:03:31.376+0000] {dag.py:3947} INFO - Setting next_dagrun for example_python_decorator to None, run_after=None
[2026-06-10T18:03:31.390+0000] {processor.py:183} INFO - Processing /home/airflow/.local/lib/python3.12/site-packages/airflow/example_dags/example_python_decorator.py took 0.061 seconds
[2026-06-10T18:04:01.837+0000] {processor.py:161} INFO - Started process (PID=1512) to work on /home/airflow/.local/lib/python3.12/site-packages/airflow/example_dags/example_python_decorator.py
[2026-06-10T18:04:01.838+0000] {processor.py:830} INFO - Processing file /home/airflow/.local/lib/python3.12/site-packages/airflow/example_dags/example_python_decorator.py for tasks to queue
[2026-06-10T18:04:01.839+0000] {logging_mixin.py:188} INFO - [2026-06-10T18:04:01.839+0000] {dagbag.py:545} INFO - Filling up the DagBag from /home/airflow/.local/lib/python3.12/site-packages/airflow/example_dags/example_python_decorator.py
[2026-06-10T18:04:01.850+0000] {processor.py:840} INFO - DAG(s) 'example_python_decorator' retrieved from /home/airflow/.local/lib/python3.12/site-packages/airflow/example_dags/example_python_decorator.py
[2026-06-10T18:04:01.868+0000] {logging_mixin.py:188} INFO - [2026-06-10T18:04:01.868+0000] {dag.py:3089} INFO - Sync 1 DAGs
[2026-06-10T18:04:01.879+0000] {logging_mixin.py:188} INFO - [2026-06-10T18:04:01.879+0000] {dag.py:3947} INFO - Setting next_dagrun for example_python_decorator to None, run_after=None
[2026-06-10T18:04:01.894+0000] {processor.py:183} INFO - Processing /home/airflow/.local/lib/python3.12/site-packages/airflow/example_dags/example_python_decorator.py took 0.062 seconds
[2026-06-10T18:04:32.293+0000] {processor.py:161} INFO - Started process (PID=1573) to work on /home/airflow/.local/lib/python3.12/site-packages/airflow/example_dags/example_python_decorator.py
[2026-06-10T18:04:32.295+0000] {processor.py:830} INFO - Processing file /home/airflow/.local/lib/python3.12/site-packages/airflow/example_dags/example_python_decorator.py for tasks to queue
[2026-06-10T18:04:32.296+0000] {logging_mixin.py:188} INFO - [2026-06-10T18:04:32.296+0000] {dagbag.py:545} INFO - Filling up the DagBag from /home/airflow/.local/lib/python3.12/site-packages/airflow/example_dags/example_python_decorator.py
[2026-06-10T18:04:32.307+0000] {processor.py:840} INFO - DAG(s) 'example_python_decorator' retrieved from /home/airflow/.local/lib/python3.12/site-packages/airflow/example_dags/example_python_decorator.py
[2026-06-10T18:04:32.326+0000] {logging_mixin.py:188} INFO - [2026-06-10T18:04:32.325+0000] {dag.py:3089} INFO - Sync 1 DAGs
[2026-06-10T18:04:32.336+0000] {logging_mixin.py:188} INFO - [2026-06-10T18:04:32.336+0000] {dag.py:3947} INFO - Setting next_dagrun for example_python_decorator to None, run_after=None
[2026-06-10T18:04:32.352+0000] {processor.py:183} INFO - Processing /home/airflow/.local/lib/python3.12/site-packages/airflow/example_dags/example_python_decorator.py took 0.064 seconds
[2026-06-10T18:05:03.083+0000] {processor.py:161} INFO - Started process (PID=1640) to work on /home/airflow/.local/lib/python3.12/site-packages/airflow/example_dags/example_python_decorator.py
[2026-06-10T18:05:03.083+0000] {processor.py:830} INFO - Processing file /home/airflow/.local/lib/python3.12/site-packages/airflow/example_dags/example_python_decorator.py for tasks to queue
[2026-06-10T18:05:03.085+0000] {logging_mixin.py:188} INFO - [2026-06-10T18:05:03.084+0000] {dagbag.py:545} INFO - Filling up the DagBag from /home/airflow/.local/lib/python3.12/site-packages/airflow/example_dags/example_python_decorator.py
[2026-06-10T18:05:03.096+0000] {processor.py:840} INFO - DAG(s) 'example_python_decorator' retrieved from /home/airflow/.local/lib/python3.12/site-packages/airflow/example_dags/example_python_decorator.py
[2026-06-10T18:05:03.115+0000] {logging_mixin.py:188} INFO - [2026-06-10T18:05:03.114+0000] {dag.py:3089} INFO - Sync 1 DAGs
[2026-06-10T18:05:03.125+0000] {logging_mixin.py:188} INFO - [2026-06-10T18:05:03.125+0000] {dag.py:3947} INFO - Setting next_dagrun for example_python_decorator to None, run_after=None
[2026-06-10T18:05:03.140+0000] {processor.py:183} INFO - Processing /home/airflow/.local/lib/python3.12/site-packages/airflow/example_dags/example_python_decorator.py took 0.062 seconds
[2026-06-10T18:05:33.607+0000] {processor.py:161} INFO - Started process (PID=1701) to work on /home/airflow/.local/lib/python3.12/site-packages/airflow/example_dags/example_python_decorator.py
[2026-06-10T18:05:33.608+0000] {processor.py:830} INFO - Processing file /home/airflow/.local/lib/python3.12/site-packages/airflow/example_dags/example_python_decorator.py for tasks to queue
[2026-06-10T18:05:33.609+0000] {logging_mixin.py:188} INFO - [2026-06-10T18:05:33.609+0000] {dagbag.py:545} INFO - Filling up the DagBag from /home/airflow/.local/lib/python3.12/site-packages/airflow/example_dags/example_python_decorator.py
[2026-06-10T18:05:33.620+0000] {processor.py:840} INFO - DAG(s) 'example_python_decorator' retrieved from /home/airflow/.local/lib/python3.12/site-packages/airflow/example_dags/example_python_decorator.py
[2026-06-10T18:05:33.638+0000] {logging_mixin.py:188} INFO - [2026-06-10T18:05:33.638+0000] {dag.py:3089} INFO - Sync 1 DAGs
[2026-06-10T18:05:33.649+0000] {logging_mixin.py:188} INFO - [2026-06-10T18:05:33.649+0000] {dag.py:3947} INFO - Setting next_dagrun for example_python_decorator to None, run_after=None
[2026-06-10T18:05:33.664+0000] {processor.py:183} INFO - Processing /home/airflow/.local/lib/python3.12/site-packages/airflow/example_dags/example_python_decorator.py took 0.062 seconds
