[2026-06-10T17:51:59.640+0000] {processor.py:161} INFO - Started process (PID=73) to work on /home/airflow/.local/lib/python3.12/site-packages/airflow/example_dags/example_branch_labels.py
[2026-06-10T17:51:59.641+0000] {processor.py:830} INFO - Processing file /home/airflow/.local/lib/python3.12/site-packages/airflow/example_dags/example_branch_labels.py for tasks to queue
[2026-06-10T17:51:59.643+0000] {logging_mixin.py:188} INFO - [2026-06-10T17:51:59.643+0000] {dagbag.py:545} INFO - Filling up the DagBag from /home/airflow/.local/lib/python3.12/site-packages/airflow/example_dags/example_branch_labels.py
[2026-06-10T17:51:59.794+0000] {processor.py:840} INFO - DAG(s) 'example_branch_labels' retrieved from /home/airflow/.local/lib/python3.12/site-packages/airflow/example_dags/example_branch_labels.py
[2026-06-10T17:52:01.087+0000] {logging_mixin.py:188} INFO - [2026-06-10T17:52:01.086+0000] {override.py:1858} INFO - Created Permission View: can edit on DAG:example_branch_labels
[2026-06-10T17:52:01.110+0000] {logging_mixin.py:188} INFO - [2026-06-10T17:52:01.109+0000] {override.py:1858} INFO - Created Permission View: can read on DAG:example_branch_labels
[2026-06-10T17:52:01.130+0000] {logging_mixin.py:188} INFO - [2026-06-10T17:52:01.130+0000] {override.py:1858} INFO - Created Permission View: can delete on DAG:example_branch_labels
[2026-06-10T17:52:01.131+0000] {logging_mixin.py:188} INFO - [2026-06-10T17:52:01.131+0000] {dag.py:3089} INFO - Sync 1 DAGs
[2026-06-10T17:52:01.249+0000] {logging_mixin.py:188} INFO - [2026-06-10T17:52:01.249+0000] {dag.py:3111} INFO - Creating ORM DAG for example_branch_labels
[2026-06-10T17:52:01.513+0000] {logging_mixin.py:188} INFO - [2026-06-10T17:52:01.510+0000] {dag.py:3947} INFO - Setting next_dagrun for example_branch_labels to 2026-06-09 00:00:00+00:00, run_after=2026-06-10 00:00:00+00:00
[2026-06-10T17:52:01.533+0000] {processor.py:183} INFO - Processing /home/airflow/.local/lib/python3.12/site-packages/airflow/example_dags/example_branch_labels.py took 1.899 seconds
[2026-06-10T17:52:32.221+0000] {processor.py:161} INFO - Started process (PID=134) to work on /home/airflow/.local/lib/python3.12/site-packages/airflow/example_dags/example_branch_labels.py
[2026-06-10T17:52:32.229+0000] {processor.py:830} INFO - Processing file /home/airflow/.local/lib/python3.12/site-packages/airflow/example_dags/example_branch_labels.py for tasks to queue
[2026-06-10T17:52:32.230+0000] {logging_mixin.py:188} INFO - [2026-06-10T17:52:32.230+0000] {dagbag.py:545} INFO - Filling up the DagBag from /home/airflow/.local/lib/python3.12/site-packages/airflow/example_dags/example_branch_labels.py
[2026-06-10T17:52:32.236+0000] {processor.py:840} INFO - DAG(s) 'example_branch_labels' retrieved from /home/airflow/.local/lib/python3.12/site-packages/airflow/example_dags/example_branch_labels.py
[2026-06-10T17:52:32.254+0000] {logging_mixin.py:188} INFO - [2026-06-10T17:52:32.254+0000] {dag.py:3089} INFO - Sync 1 DAGs
[2026-06-10T17:52:32.274+0000] {logging_mixin.py:188} INFO - [2026-06-10T17:52:32.273+0000] {dag.py:3947} INFO - Setting next_dagrun for example_branch_labels to 2026-06-09 00:00:00+00:00, run_after=2026-06-10 00:00:00+00:00
[2026-06-10T17:52:32.299+0000] {processor.py:183} INFO - Processing /home/airflow/.local/lib/python3.12/site-packages/airflow/example_dags/example_branch_labels.py took 0.083 seconds
[2026-06-10T17:53:02.756+0000] {processor.py:161} INFO - Started process (PID=195) to work on /home/airflow/.local/lib/python3.12/site-packages/airflow/example_dags/example_branch_labels.py
[2026-06-10T17:53:02.757+0000] {processor.py:830} INFO - Processing file /home/airflow/.local/lib/python3.12/site-packages/airflow/example_dags/example_branch_labels.py for tasks to queue
[2026-06-10T17:53:02.758+0000] {logging_mixin.py:188} INFO - [2026-06-10T17:53:02.758+0000] {dagbag.py:545} INFO - Filling up the DagBag from /home/airflow/.local/lib/python3.12/site-packages/airflow/example_dags/example_branch_labels.py
[2026-06-10T17:53:02.765+0000] {processor.py:840} INFO - DAG(s) 'example_branch_labels' retrieved from /home/airflow/.local/lib/python3.12/site-packages/airflow/example_dags/example_branch_labels.py
[2026-06-10T17:53:02.782+0000] {logging_mixin.py:188} INFO - [2026-06-10T17:53:02.782+0000] {dag.py:3089} INFO - Sync 1 DAGs
[2026-06-10T17:53:02.802+0000] {logging_mixin.py:188} INFO - [2026-06-10T17:53:02.802+0000] {dag.py:3947} INFO - Setting next_dagrun for example_branch_labels to 2026-06-09 00:00:00+00:00, run_after=2026-06-10 00:00:00+00:00
[2026-06-10T17:53:02.817+0000] {processor.py:183} INFO - Processing /home/airflow/.local/lib/python3.12/site-packages/airflow/example_dags/example_branch_labels.py took 0.065 seconds
[2026-06-10T17:53:33.294+0000] {processor.py:161} INFO - Started process (PID=256) to work on /home/airflow/.local/lib/python3.12/site-packages/airflow/example_dags/example_branch_labels.py
[2026-06-10T17:53:33.294+0000] {processor.py:830} INFO - Processing file /home/airflow/.local/lib/python3.12/site-packages/airflow/example_dags/example_branch_labels.py for tasks to queue
[2026-06-10T17:53:33.296+0000] {logging_mixin.py:188} INFO - [2026-06-10T17:53:33.295+0000] {dagbag.py:545} INFO - Filling up the DagBag from /home/airflow/.local/lib/python3.12/site-packages/airflow/example_dags/example_branch_labels.py
[2026-06-10T17:53:33.303+0000] {processor.py:840} INFO - DAG(s) 'example_branch_labels' retrieved from /home/airflow/.local/lib/python3.12/site-packages/airflow/example_dags/example_branch_labels.py
[2026-06-10T17:53:33.319+0000] {logging_mixin.py:188} INFO - [2026-06-10T17:53:33.319+0000] {dag.py:3089} INFO - Sync 1 DAGs
[2026-06-10T17:53:33.339+0000] {logging_mixin.py:188} INFO - [2026-06-10T17:53:33.338+0000] {dag.py:3947} INFO - Setting next_dagrun for example_branch_labels to 2026-06-09 00:00:00+00:00, run_after=2026-06-10 00:00:00+00:00
[2026-06-10T17:53:33.354+0000] {processor.py:183} INFO - Processing /home/airflow/.local/lib/python3.12/site-packages/airflow/example_dags/example_branch_labels.py took 0.064 seconds
[2026-06-10T17:54:03.627+0000] {processor.py:161} INFO - Started process (PID=317) to work on /home/airflow/.local/lib/python3.12/site-packages/airflow/example_dags/example_branch_labels.py
[2026-06-10T17:54:03.628+0000] {processor.py:830} INFO - Processing file /home/airflow/.local/lib/python3.12/site-packages/airflow/example_dags/example_branch_labels.py for tasks to queue
[2026-06-10T17:54:03.630+0000] {logging_mixin.py:188} INFO - [2026-06-10T17:54:03.629+0000] {dagbag.py:545} INFO - Filling up the DagBag from /home/airflow/.local/lib/python3.12/site-packages/airflow/example_dags/example_branch_labels.py
[2026-06-10T17:54:03.638+0000] {processor.py:840} INFO - DAG(s) 'example_branch_labels' retrieved from /home/airflow/.local/lib/python3.12/site-packages/airflow/example_dags/example_branch_labels.py
[2026-06-10T17:54:03.655+0000] {logging_mixin.py:188} INFO - [2026-06-10T17:54:03.655+0000] {dag.py:3089} INFO - Sync 1 DAGs
[2026-06-10T17:54:03.674+0000] {logging_mixin.py:188} INFO - [2026-06-10T17:54:03.674+0000] {dag.py:3947} INFO - Setting next_dagrun for example_branch_labels to 2026-06-09 00:00:00+00:00, run_after=2026-06-10 00:00:00+00:00
[2026-06-10T17:54:03.689+0000] {processor.py:183} INFO - Processing /home/airflow/.local/lib/python3.12/site-packages/airflow/example_dags/example_branch_labels.py took 0.069 seconds
[2026-06-10T17:54:34.295+0000] {processor.py:161} INFO - Started process (PID=378) to work on /home/airflow/.local/lib/python3.12/site-packages/airflow/example_dags/example_branch_labels.py
[2026-06-10T17:54:34.295+0000] {processor.py:830} INFO - Processing file /home/airflow/.local/lib/python3.12/site-packages/airflow/example_dags/example_branch_labels.py for tasks to queue
[2026-06-10T17:54:34.296+0000] {logging_mixin.py:188} INFO - [2026-06-10T17:54:34.296+0000] {dagbag.py:545} INFO - Filling up the DagBag from /home/airflow/.local/lib/python3.12/site-packages/airflow/example_dags/example_branch_labels.py
[2026-06-10T17:54:34.303+0000] {processor.py:840} INFO - DAG(s) 'example_branch_labels' retrieved from /home/airflow/.local/lib/python3.12/site-packages/airflow/example_dags/example_branch_labels.py
[2026-06-10T17:54:34.320+0000] {logging_mixin.py:188} INFO - [2026-06-10T17:54:34.319+0000] {dag.py:3089} INFO - Sync 1 DAGs
[2026-06-10T17:54:34.339+0000] {logging_mixin.py:188} INFO - [2026-06-10T17:54:34.339+0000] {dag.py:3947} INFO - Setting next_dagrun for example_branch_labels to 2026-06-09 00:00:00+00:00, run_after=2026-06-10 00:00:00+00:00
[2026-06-10T17:54:34.354+0000] {processor.py:183} INFO - Processing /home/airflow/.local/lib/python3.12/site-packages/airflow/example_dags/example_branch_labels.py took 0.063 seconds
[2026-06-10T17:55:04.490+0000] {processor.py:161} INFO - Started process (PID=439) to work on /home/airflow/.local/lib/python3.12/site-packages/airflow/example_dags/example_branch_labels.py
[2026-06-10T17:55:04.492+0000] {processor.py:830} INFO - Processing file /home/airflow/.local/lib/python3.12/site-packages/airflow/example_dags/example_branch_labels.py for tasks to queue
[2026-06-10T17:55:04.494+0000] {logging_mixin.py:188} INFO - [2026-06-10T17:55:04.494+0000] {dagbag.py:545} INFO - Filling up the DagBag from /home/airflow/.local/lib/python3.12/site-packages/airflow/example_dags/example_branch_labels.py
[2026-06-10T17:55:04.504+0000] {processor.py:840} INFO - DAG(s) 'example_branch_labels' retrieved from /home/airflow/.local/lib/python3.12/site-packages/airflow/example_dags/example_branch_labels.py
[2026-06-10T17:55:04.522+0000] {logging_mixin.py:188} INFO - [2026-06-10T17:55:04.522+0000] {dag.py:3089} INFO - Sync 1 DAGs
[2026-06-10T17:55:04.542+0000] {logging_mixin.py:188} INFO - [2026-06-10T17:55:04.542+0000] {dag.py:3947} INFO - Setting next_dagrun for example_branch_labels to 2026-06-09 00:00:00+00:00, run_after=2026-06-10 00:00:00+00:00
[2026-06-10T17:55:04.557+0000] {processor.py:183} INFO - Processing /home/airflow/.local/lib/python3.12/site-packages/airflow/example_dags/example_branch_labels.py took 0.074 seconds
[2026-06-10T17:55:34.844+0000] {processor.py:161} INFO - Started process (PID=500) to work on /home/airflow/.local/lib/python3.12/site-packages/airflow/example_dags/example_branch_labels.py
[2026-06-10T17:55:34.845+0000] {processor.py:830} INFO - Processing file /home/airflow/.local/lib/python3.12/site-packages/airflow/example_dags/example_branch_labels.py for tasks to queue
[2026-06-10T17:55:34.848+0000] {logging_mixin.py:188} INFO - [2026-06-10T17:55:34.847+0000] {dagbag.py:545} INFO - Filling up the DagBag from /home/airflow/.local/lib/python3.12/site-packages/airflow/example_dags/example_branch_labels.py
[2026-06-10T17:55:34.863+0000] {processor.py:840} INFO - DAG(s) 'example_branch_labels' retrieved from /home/airflow/.local/lib/python3.12/site-packages/airflow/example_dags/example_branch_labels.py
[2026-06-10T17:55:34.881+0000] {logging_mixin.py:188} INFO - [2026-06-10T17:55:34.881+0000] {dag.py:3089} INFO - Sync 1 DAGs
[2026-06-10T17:55:34.902+0000] {logging_mixin.py:188} INFO - [2026-06-10T17:55:34.901+0000] {dag.py:3947} INFO - Setting next_dagrun for example_branch_labels to 2026-06-09 00:00:00+00:00, run_after=2026-06-10 00:00:00+00:00
[2026-06-10T17:55:34.918+0000] {processor.py:183} INFO - Processing /home/airflow/.local/lib/python3.12/site-packages/airflow/example_dags/example_branch_labels.py took 0.080 seconds
[2026-06-10T17:56:05.042+0000] {processor.py:161} INFO - Started process (PID=561) to work on /home/airflow/.local/lib/python3.12/site-packages/airflow/example_dags/example_branch_labels.py
[2026-06-10T17:56:05.043+0000] {processor.py:830} INFO - Processing file /home/airflow/.local/lib/python3.12/site-packages/airflow/example_dags/example_branch_labels.py for tasks to queue
[2026-06-10T17:56:05.045+0000] {logging_mixin.py:188} INFO - [2026-06-10T17:56:05.044+0000] {dagbag.py:545} INFO - Filling up the DagBag from /home/airflow/.local/lib/python3.12/site-packages/airflow/example_dags/example_branch_labels.py
[2026-06-10T17:56:05.052+0000] {processor.py:840} INFO - DAG(s) 'example_branch_labels' retrieved from /home/airflow/.local/lib/python3.12/site-packages/airflow/example_dags/example_branch_labels.py
[2026-06-10T17:56:05.073+0000] {logging_mixin.py:188} INFO - [2026-06-10T17:56:05.073+0000] {dag.py:3089} INFO - Sync 1 DAGs
[2026-06-10T17:56:05.095+0000] {logging_mixin.py:188} INFO - [2026-06-10T17:56:05.095+0000] {dag.py:3947} INFO - Setting next_dagrun for example_branch_labels to 2026-06-09 00:00:00+00:00, run_after=2026-06-10 00:00:00+00:00
[2026-06-10T17:56:05.112+0000] {processor.py:183} INFO - Processing /home/airflow/.local/lib/python3.12/site-packages/airflow/example_dags/example_branch_labels.py took 0.075 seconds
[2026-06-10T17:56:35.143+0000] {processor.py:161} INFO - Started process (PID=622) to work on /home/airflow/.local/lib/python3.12/site-packages/airflow/example_dags/example_branch_labels.py
[2026-06-10T17:56:35.143+0000] {processor.py:830} INFO - Processing file /home/airflow/.local/lib/python3.12/site-packages/airflow/example_dags/example_branch_labels.py for tasks to queue
[2026-06-10T17:56:35.145+0000] {logging_mixin.py:188} INFO - [2026-06-10T17:56:35.145+0000] {dagbag.py:545} INFO - Filling up the DagBag from /home/airflow/.local/lib/python3.12/site-packages/airflow/example_dags/example_branch_labels.py
[2026-06-10T17:56:35.151+0000] {processor.py:840} INFO - DAG(s) 'example_branch_labels' retrieved from /home/airflow/.local/lib/python3.12/site-packages/airflow/example_dags/example_branch_labels.py
[2026-06-10T17:56:35.169+0000] {logging_mixin.py:188} INFO - [2026-06-10T17:56:35.168+0000] {dag.py:3089} INFO - Sync 1 DAGs
[2026-06-10T17:56:35.188+0000] {logging_mixin.py:188} INFO - [2026-06-10T17:56:35.188+0000] {dag.py:3947} INFO - Setting next_dagrun for example_branch_labels to 2026-06-09 00:00:00+00:00, run_after=2026-06-10 00:00:00+00:00
[2026-06-10T17:56:35.202+0000] {processor.py:183} INFO - Processing /home/airflow/.local/lib/python3.12/site-packages/airflow/example_dags/example_branch_labels.py took 0.064 seconds
[2026-06-10T17:57:05.312+0000] {processor.py:161} INFO - Started process (PID=683) to work on /home/airflow/.local/lib/python3.12/site-packages/airflow/example_dags/example_branch_labels.py
[2026-06-10T17:57:05.313+0000] {processor.py:830} INFO - Processing file /home/airflow/.local/lib/python3.12/site-packages/airflow/example_dags/example_branch_labels.py for tasks to queue
[2026-06-10T17:57:05.315+0000] {logging_mixin.py:188} INFO - [2026-06-10T17:57:05.314+0000] {dagbag.py:545} INFO - Filling up the DagBag from /home/airflow/.local/lib/python3.12/site-packages/airflow/example_dags/example_branch_labels.py
[2026-06-10T17:57:05.321+0000] {processor.py:840} INFO - DAG(s) 'example_branch_labels' retrieved from /home/airflow/.local/lib/python3.12/site-packages/airflow/example_dags/example_branch_labels.py
[2026-06-10T17:57:05.340+0000] {logging_mixin.py:188} INFO - [2026-06-10T17:57:05.339+0000] {dag.py:3089} INFO - Sync 1 DAGs
[2026-06-10T17:57:05.362+0000] {logging_mixin.py:188} INFO - [2026-06-10T17:57:05.362+0000] {dag.py:3947} INFO - Setting next_dagrun for example_branch_labels to 2026-06-09 00:00:00+00:00, run_after=2026-06-10 00:00:00+00:00
[2026-06-10T17:57:05.377+0000] {processor.py:183} INFO - Processing /home/airflow/.local/lib/python3.12/site-packages/airflow/example_dags/example_branch_labels.py took 0.070 seconds
[2026-06-10T17:57:35.412+0000] {processor.py:161} INFO - Started process (PID=742) to work on /home/airflow/.local/lib/python3.12/site-packages/airflow/example_dags/example_branch_labels.py
[2026-06-10T17:57:35.412+0000] {processor.py:830} INFO - Processing file /home/airflow/.local/lib/python3.12/site-packages/airflow/example_dags/example_branch_labels.py for tasks to queue
[2026-06-10T17:57:35.414+0000] {logging_mixin.py:188} INFO - [2026-06-10T17:57:35.414+0000] {dagbag.py:545} INFO - Filling up the DagBag from /home/airflow/.local/lib/python3.12/site-packages/airflow/example_dags/example_branch_labels.py
[2026-06-10T17:57:35.421+0000] {processor.py:840} INFO - DAG(s) 'example_branch_labels' retrieved from /home/airflow/.local/lib/python3.12/site-packages/airflow/example_dags/example_branch_labels.py
[2026-06-10T17:57:35.438+0000] {logging_mixin.py:188} INFO - [2026-06-10T17:57:35.438+0000] {dag.py:3089} INFO - Sync 1 DAGs
[2026-06-10T17:57:35.458+0000] {logging_mixin.py:188} INFO - [2026-06-10T17:57:35.458+0000] {dag.py:3947} INFO - Setting next_dagrun for example_branch_labels to 2026-06-09 00:00:00+00:00, run_after=2026-06-10 00:00:00+00:00
[2026-06-10T17:57:35.473+0000] {processor.py:183} INFO - Processing /home/airflow/.local/lib/python3.12/site-packages/airflow/example_dags/example_branch_labels.py took 0.066 seconds
[2026-06-10T17:58:05.853+0000] {processor.py:161} INFO - Started process (PID=803) to work on /home/airflow/.local/lib/python3.12/site-packages/airflow/example_dags/example_branch_labels.py
[2026-06-10T17:58:05.854+0000] {processor.py:830} INFO - Processing file /home/airflow/.local/lib/python3.12/site-packages/airflow/example_dags/example_branch_labels.py for tasks to queue
[2026-06-10T17:58:05.856+0000] {logging_mixin.py:188} INFO - [2026-06-10T17:58:05.856+0000] {dagbag.py:545} INFO - Filling up the DagBag from /home/airflow/.local/lib/python3.12/site-packages/airflow/example_dags/example_branch_labels.py
[2026-06-10T17:58:05.863+0000] {processor.py:840} INFO - DAG(s) 'example_branch_labels' retrieved from /home/airflow/.local/lib/python3.12/site-packages/airflow/example_dags/example_branch_labels.py
[2026-06-10T17:58:05.879+0000] {logging_mixin.py:188} INFO - [2026-06-10T17:58:05.879+0000] {dag.py:3089} INFO - Sync 1 DAGs
[2026-06-10T17:58:05.899+0000] {logging_mixin.py:188} INFO - [2026-06-10T17:58:05.899+0000] {dag.py:3947} INFO - Setting next_dagrun for example_branch_labels to 2026-06-09 00:00:00+00:00, run_after=2026-06-10 00:00:00+00:00
[2026-06-10T17:58:05.914+0000] {processor.py:183} INFO - Processing /home/airflow/.local/lib/python3.12/site-packages/airflow/example_dags/example_branch_labels.py took 0.065 seconds
[2026-06-10T17:58:36.036+0000] {processor.py:161} INFO - Started process (PID=864) to work on /home/airflow/.local/lib/python3.12/site-packages/airflow/example_dags/example_branch_labels.py
[2026-06-10T17:58:36.036+0000] {processor.py:830} INFO - Processing file /home/airflow/.local/lib/python3.12/site-packages/airflow/example_dags/example_branch_labels.py for tasks to queue
[2026-06-10T17:58:36.039+0000] {logging_mixin.py:188} INFO - [2026-06-10T17:58:36.039+0000] {dagbag.py:545} INFO - Filling up the DagBag from /home/airflow/.local/lib/python3.12/site-packages/airflow/example_dags/example_branch_labels.py
[2026-06-10T17:58:36.047+0000] {processor.py:840} INFO - DAG(s) 'example_branch_labels' retrieved from /home/airflow/.local/lib/python3.12/site-packages/airflow/example_dags/example_branch_labels.py
[2026-06-10T17:58:36.064+0000] {logging_mixin.py:188} INFO - [2026-06-10T17:58:36.064+0000] {dag.py:3089} INFO - Sync 1 DAGs
[2026-06-10T17:58:36.085+0000] {logging_mixin.py:188} INFO - [2026-06-10T17:58:36.085+0000] {dag.py:3947} INFO - Setting next_dagrun for example_branch_labels to 2026-06-09 00:00:00+00:00, run_after=2026-06-10 00:00:00+00:00
[2026-06-10T17:58:36.100+0000] {processor.py:183} INFO - Processing /home/airflow/.local/lib/python3.12/site-packages/airflow/example_dags/example_branch_labels.py took 0.072 seconds
[2026-06-10T17:59:06.450+0000] {processor.py:161} INFO - Started process (PID=925) to work on /home/airflow/.local/lib/python3.12/site-packages/airflow/example_dags/example_branch_labels.py
[2026-06-10T17:59:06.451+0000] {processor.py:830} INFO - Processing file /home/airflow/.local/lib/python3.12/site-packages/airflow/example_dags/example_branch_labels.py for tasks to queue
[2026-06-10T17:59:06.453+0000] {logging_mixin.py:188} INFO - [2026-06-10T17:59:06.452+0000] {dagbag.py:545} INFO - Filling up the DagBag from /home/airflow/.local/lib/python3.12/site-packages/airflow/example_dags/example_branch_labels.py
[2026-06-10T17:59:06.459+0000] {processor.py:840} INFO - DAG(s) 'example_branch_labels' retrieved from /home/airflow/.local/lib/python3.12/site-packages/airflow/example_dags/example_branch_labels.py
[2026-06-10T17:59:06.477+0000] {logging_mixin.py:188} INFO - [2026-06-10T17:59:06.476+0000] {dag.py:3089} INFO - Sync 1 DAGs
[2026-06-10T17:59:06.496+0000] {logging_mixin.py:188} INFO - [2026-06-10T17:59:06.496+0000] {dag.py:3947} INFO - Setting next_dagrun for example_branch_labels to 2026-06-09 00:00:00+00:00, run_after=2026-06-10 00:00:00+00:00
[2026-06-10T17:59:06.511+0000] {processor.py:183} INFO - Processing /home/airflow/.local/lib/python3.12/site-packages/airflow/example_dags/example_branch_labels.py took 0.065 seconds
[2026-06-10T17:59:36.984+0000] {processor.py:161} INFO - Started process (PID=986) to work on /home/airflow/.local/lib/python3.12/site-packages/airflow/example_dags/example_branch_labels.py
[2026-06-10T17:59:36.985+0000] {processor.py:830} INFO - Processing file /home/airflow/.local/lib/python3.12/site-packages/airflow/example_dags/example_branch_labels.py for tasks to queue
[2026-06-10T17:59:36.986+0000] {logging_mixin.py:188} INFO - [2026-06-10T17:59:36.986+0000] {dagbag.py:545} INFO - Filling up the DagBag from /home/airflow/.local/lib/python3.12/site-packages/airflow/example_dags/example_branch_labels.py
[2026-06-10T17:59:36.994+0000] {processor.py:840} INFO - DAG(s) 'example_branch_labels' retrieved from /home/airflow/.local/lib/python3.12/site-packages/airflow/example_dags/example_branch_labels.py
[2026-06-10T17:59:37.010+0000] {logging_mixin.py:188} INFO - [2026-06-10T17:59:37.010+0000] {dag.py:3089} INFO - Sync 1 DAGs
[2026-06-10T17:59:37.030+0000] {logging_mixin.py:188} INFO - [2026-06-10T17:59:37.029+0000] {dag.py:3947} INFO - Setting next_dagrun for example_branch_labels to 2026-06-09 00:00:00+00:00, run_after=2026-06-10 00:00:00+00:00
[2026-06-10T17:59:37.047+0000] {processor.py:183} INFO - Processing /home/airflow/.local/lib/python3.12/site-packages/airflow/example_dags/example_branch_labels.py took 0.067 seconds
[2026-06-10T18:00:07.627+0000] {processor.py:161} INFO - Started process (PID=1047) to work on /home/airflow/.local/lib/python3.12/site-packages/airflow/example_dags/example_branch_labels.py
[2026-06-10T18:00:07.628+0000] {processor.py:830} INFO - Processing file /home/airflow/.local/lib/python3.12/site-packages/airflow/example_dags/example_branch_labels.py for tasks to queue
[2026-06-10T18:00:07.631+0000] {logging_mixin.py:188} INFO - [2026-06-10T18:00:07.631+0000] {dagbag.py:545} INFO - Filling up the DagBag from /home/airflow/.local/lib/python3.12/site-packages/airflow/example_dags/example_branch_labels.py
[2026-06-10T18:00:07.640+0000] {processor.py:840} INFO - DAG(s) 'example_branch_labels' retrieved from /home/airflow/.local/lib/python3.12/site-packages/airflow/example_dags/example_branch_labels.py
[2026-06-10T18:00:07.788+0000] {logging_mixin.py:188} INFO - [2026-06-10T18:00:07.788+0000] {dag.py:3089} INFO - Sync 1 DAGs
[2026-06-10T18:00:07.805+0000] {logging_mixin.py:188} INFO - [2026-06-10T18:00:07.804+0000] {dag.py:3947} INFO - Setting next_dagrun for example_branch_labels to 2026-06-09 00:00:00+00:00, run_after=2026-06-10 00:00:00+00:00
[2026-06-10T18:00:07.818+0000] {processor.py:183} INFO - Processing /home/airflow/.local/lib/python3.12/site-packages/airflow/example_dags/example_branch_labels.py took 0.198 seconds
[2026-06-10T18:00:38.188+0000] {processor.py:161} INFO - Started process (PID=1109) to work on /home/airflow/.local/lib/python3.12/site-packages/airflow/example_dags/example_branch_labels.py
[2026-06-10T18:00:38.190+0000] {processor.py:830} INFO - Processing file /home/airflow/.local/lib/python3.12/site-packages/airflow/example_dags/example_branch_labels.py for tasks to queue
[2026-06-10T18:00:38.192+0000] {logging_mixin.py:188} INFO - [2026-06-10T18:00:38.192+0000] {dagbag.py:545} INFO - Filling up the DagBag from /home/airflow/.local/lib/python3.12/site-packages/airflow/example_dags/example_branch_labels.py
[2026-06-10T18:00:38.200+0000] {processor.py:840} INFO - DAG(s) 'example_branch_labels' retrieved from /home/airflow/.local/lib/python3.12/site-packages/airflow/example_dags/example_branch_labels.py
[2026-06-10T18:00:38.350+0000] {logging_mixin.py:188} INFO - [2026-06-10T18:00:38.350+0000] {dag.py:3089} INFO - Sync 1 DAGs
[2026-06-10T18:00:38.367+0000] {logging_mixin.py:188} INFO - [2026-06-10T18:00:38.367+0000] {dag.py:3947} INFO - Setting next_dagrun for example_branch_labels to 2026-06-09 00:00:00+00:00, run_after=2026-06-10 00:00:00+00:00
[2026-06-10T18:00:38.381+0000] {processor.py:183} INFO - Processing /home/airflow/.local/lib/python3.12/site-packages/airflow/example_dags/example_branch_labels.py took 0.199 seconds
[2026-06-10T18:01:08.550+0000] {processor.py:161} INFO - Started process (PID=1170) to work on /home/airflow/.local/lib/python3.12/site-packages/airflow/example_dags/example_branch_labels.py
[2026-06-10T18:01:08.550+0000] {processor.py:830} INFO - Processing file /home/airflow/.local/lib/python3.12/site-packages/airflow/example_dags/example_branch_labels.py for tasks to queue
[2026-06-10T18:01:08.552+0000] {logging_mixin.py:188} INFO - [2026-06-10T18:01:08.552+0000] {dagbag.py:545} INFO - Filling up the DagBag from /home/airflow/.local/lib/python3.12/site-packages/airflow/example_dags/example_branch_labels.py
[2026-06-10T18:01:08.559+0000] {processor.py:840} INFO - DAG(s) 'example_branch_labels' retrieved from /home/airflow/.local/lib/python3.12/site-packages/airflow/example_dags/example_branch_labels.py
[2026-06-10T18:01:08.578+0000] {logging_mixin.py:188} INFO - [2026-06-10T18:01:08.578+0000] {dag.py:3089} INFO - Sync 1 DAGs
[2026-06-10T18:01:08.597+0000] {logging_mixin.py:188} INFO - [2026-06-10T18:01:08.597+0000] {dag.py:3947} INFO - Setting next_dagrun for example_branch_labels to 2026-06-09 00:00:00+00:00, run_after=2026-06-10 00:00:00+00:00
[2026-06-10T18:01:08.612+0000] {processor.py:183} INFO - Processing /home/airflow/.local/lib/python3.12/site-packages/airflow/example_dags/example_branch_labels.py took 0.069 seconds
[2026-06-10T18:01:39.107+0000] {processor.py:161} INFO - Started process (PID=1231) to work on /home/airflow/.local/lib/python3.12/site-packages/airflow/example_dags/example_branch_labels.py
[2026-06-10T18:01:39.108+0000] {processor.py:830} INFO - Processing file /home/airflow/.local/lib/python3.12/site-packages/airflow/example_dags/example_branch_labels.py for tasks to queue
[2026-06-10T18:01:39.109+0000] {logging_mixin.py:188} INFO - [2026-06-10T18:01:39.109+0000] {dagbag.py:545} INFO - Filling up the DagBag from /home/airflow/.local/lib/python3.12/site-packages/airflow/example_dags/example_branch_labels.py
[2026-06-10T18:01:39.116+0000] {processor.py:840} INFO - DAG(s) 'example_branch_labels' retrieved from /home/airflow/.local/lib/python3.12/site-packages/airflow/example_dags/example_branch_labels.py
[2026-06-10T18:01:39.132+0000] {logging_mixin.py:188} INFO - [2026-06-10T18:01:39.132+0000] {dag.py:3089} INFO - Sync 1 DAGs
[2026-06-10T18:01:39.152+0000] {logging_mixin.py:188} INFO - [2026-06-10T18:01:39.152+0000] {dag.py:3947} INFO - Setting next_dagrun for example_branch_labels to 2026-06-09 00:00:00+00:00, run_after=2026-06-10 00:00:00+00:00
[2026-06-10T18:01:39.167+0000] {processor.py:183} INFO - Processing /home/airflow/.local/lib/python3.12/site-packages/airflow/example_dags/example_branch_labels.py took 0.065 seconds
[2026-06-10T18:02:09.664+0000] {processor.py:161} INFO - Started process (PID=1292) to work on /home/airflow/.local/lib/python3.12/site-packages/airflow/example_dags/example_branch_labels.py
[2026-06-10T18:02:09.665+0000] {processor.py:830} INFO - Processing file /home/airflow/.local/lib/python3.12/site-packages/airflow/example_dags/example_branch_labels.py for tasks to queue
[2026-06-10T18:02:09.666+0000] {logging_mixin.py:188} INFO - [2026-06-10T18:02:09.666+0000] {dagbag.py:545} INFO - Filling up the DagBag from /home/airflow/.local/lib/python3.12/site-packages/airflow/example_dags/example_branch_labels.py
[2026-06-10T18:02:09.674+0000] {processor.py:840} INFO - DAG(s) 'example_branch_labels' retrieved from /home/airflow/.local/lib/python3.12/site-packages/airflow/example_dags/example_branch_labels.py
[2026-06-10T18:02:09.691+0000] {logging_mixin.py:188} INFO - [2026-06-10T18:02:09.691+0000] {dag.py:3089} INFO - Sync 1 DAGs
[2026-06-10T18:02:09.710+0000] {logging_mixin.py:188} INFO - [2026-06-10T18:02:09.710+0000] {dag.py:3947} INFO - Setting next_dagrun for example_branch_labels to 2026-06-09 00:00:00+00:00, run_after=2026-06-10 00:00:00+00:00
[2026-06-10T18:02:09.725+0000] {processor.py:183} INFO - Processing /home/airflow/.local/lib/python3.12/site-packages/airflow/example_dags/example_branch_labels.py took 0.069 seconds
[2026-06-10T18:02:40.197+0000] {processor.py:161} INFO - Started process (PID=1353) to work on /home/airflow/.local/lib/python3.12/site-packages/airflow/example_dags/example_branch_labels.py
[2026-06-10T18:02:40.198+0000] {processor.py:830} INFO - Processing file /home/airflow/.local/lib/python3.12/site-packages/airflow/example_dags/example_branch_labels.py for tasks to queue
[2026-06-10T18:02:40.200+0000] {logging_mixin.py:188} INFO - [2026-06-10T18:02:40.199+0000] {dagbag.py:545} INFO - Filling up the DagBag from /home/airflow/.local/lib/python3.12/site-packages/airflow/example_dags/example_branch_labels.py
[2026-06-10T18:02:40.206+0000] {processor.py:840} INFO - DAG(s) 'example_branch_labels' retrieved from /home/airflow/.local/lib/python3.12/site-packages/airflow/example_dags/example_branch_labels.py
[2026-06-10T18:02:40.223+0000] {logging_mixin.py:188} INFO - [2026-06-10T18:02:40.222+0000] {dag.py:3089} INFO - Sync 1 DAGs
[2026-06-10T18:02:40.242+0000] {logging_mixin.py:188} INFO - [2026-06-10T18:02:40.242+0000] {dag.py:3947} INFO - Setting next_dagrun for example_branch_labels to 2026-06-09 00:00:00+00:00, run_after=2026-06-10 00:00:00+00:00
[2026-06-10T18:02:40.256+0000] {processor.py:183} INFO - Processing /home/airflow/.local/lib/python3.12/site-packages/airflow/example_dags/example_branch_labels.py took 0.064 seconds
[2026-06-10T18:03:10.555+0000] {processor.py:161} INFO - Started process (PID=1414) to work on /home/airflow/.local/lib/python3.12/site-packages/airflow/example_dags/example_branch_labels.py
[2026-06-10T18:03:10.556+0000] {processor.py:830} INFO - Processing file /home/airflow/.local/lib/python3.12/site-packages/airflow/example_dags/example_branch_labels.py for tasks to queue
[2026-06-10T18:03:10.558+0000] {logging_mixin.py:188} INFO - [2026-06-10T18:03:10.557+0000] {dagbag.py:545} INFO - Filling up the DagBag from /home/airflow/.local/lib/python3.12/site-packages/airflow/example_dags/example_branch_labels.py
[2026-06-10T18:03:10.567+0000] {processor.py:840} INFO - DAG(s) 'example_branch_labels' retrieved from /home/airflow/.local/lib/python3.12/site-packages/airflow/example_dags/example_branch_labels.py
[2026-06-10T18:03:10.585+0000] {logging_mixin.py:188} INFO - [2026-06-10T18:03:10.584+0000] {dag.py:3089} INFO - Sync 1 DAGs
[2026-06-10T18:03:10.604+0000] {logging_mixin.py:188} INFO - [2026-06-10T18:03:10.604+0000] {dag.py:3947} INFO - Setting next_dagrun for example_branch_labels to 2026-06-09 00:00:00+00:00, run_after=2026-06-10 00:00:00+00:00
[2026-06-10T18:03:10.627+0000] {processor.py:183} INFO - Processing /home/airflow/.local/lib/python3.12/site-packages/airflow/example_dags/example_branch_labels.py took 0.077 seconds
[2026-06-10T18:03:41.033+0000] {processor.py:161} INFO - Started process (PID=1475) to work on /home/airflow/.local/lib/python3.12/site-packages/airflow/example_dags/example_branch_labels.py
[2026-06-10T18:03:41.313+0000] {processor.py:830} INFO - Processing file /home/airflow/.local/lib/python3.12/site-packages/airflow/example_dags/example_branch_labels.py for tasks to queue
[2026-06-10T18:03:41.319+0000] {logging_mixin.py:188} INFO - [2026-06-10T18:03:41.318+0000] {dagbag.py:545} INFO - Filling up the DagBag from /home/airflow/.local/lib/python3.12/site-packages/airflow/example_dags/example_branch_labels.py
[2026-06-10T18:03:41.351+0000] {processor.py:840} INFO - DAG(s) 'example_branch_labels' retrieved from /home/airflow/.local/lib/python3.12/site-packages/airflow/example_dags/example_branch_labels.py
[2026-06-10T18:03:41.388+0000] {logging_mixin.py:188} INFO - [2026-06-10T18:03:41.387+0000] {dag.py:3089} INFO - Sync 1 DAGs
[2026-06-10T18:03:41.436+0000] {logging_mixin.py:188} INFO - [2026-06-10T18:03:41.436+0000] {dag.py:3947} INFO - Setting next_dagrun for example_branch_labels to 2026-06-09 00:00:00+00:00, run_after=2026-06-10 00:00:00+00:00
[2026-06-10T18:03:41.583+0000] {processor.py:183} INFO - Processing /home/airflow/.local/lib/python3.12/site-packages/airflow/example_dags/example_branch_labels.py took 0.554 seconds
[2026-06-10T18:04:12.609+0000] {processor.py:161} INFO - Started process (PID=1536) to work on /home/airflow/.local/lib/python3.12/site-packages/airflow/example_dags/example_branch_labels.py
[2026-06-10T18:04:12.609+0000] {processor.py:830} INFO - Processing file /home/airflow/.local/lib/python3.12/site-packages/airflow/example_dags/example_branch_labels.py for tasks to queue
[2026-06-10T18:04:12.611+0000] {logging_mixin.py:188} INFO - [2026-06-10T18:04:12.611+0000] {dagbag.py:545} INFO - Filling up the DagBag from /home/airflow/.local/lib/python3.12/site-packages/airflow/example_dags/example_branch_labels.py
[2026-06-10T18:04:12.617+0000] {processor.py:840} INFO - DAG(s) 'example_branch_labels' retrieved from /home/airflow/.local/lib/python3.12/site-packages/airflow/example_dags/example_branch_labels.py
[2026-06-10T18:04:12.634+0000] {logging_mixin.py:188} INFO - [2026-06-10T18:04:12.634+0000] {dag.py:3089} INFO - Sync 1 DAGs
[2026-06-10T18:04:12.654+0000] {logging_mixin.py:188} INFO - [2026-06-10T18:04:12.654+0000] {dag.py:3947} INFO - Setting next_dagrun for example_branch_labels to 2026-06-09 00:00:00+00:00, run_after=2026-06-10 00:00:00+00:00
[2026-06-10T18:04:12.669+0000] {processor.py:183} INFO - Processing /home/airflow/.local/lib/python3.12/site-packages/airflow/example_dags/example_branch_labels.py took 0.065 seconds
[2026-06-10T18:04:43.116+0000] {processor.py:161} INFO - Started process (PID=1597) to work on /home/airflow/.local/lib/python3.12/site-packages/airflow/example_dags/example_branch_labels.py
[2026-06-10T18:04:43.117+0000] {processor.py:830} INFO - Processing file /home/airflow/.local/lib/python3.12/site-packages/airflow/example_dags/example_branch_labels.py for tasks to queue
[2026-06-10T18:04:43.119+0000] {logging_mixin.py:188} INFO - [2026-06-10T18:04:43.119+0000] {dagbag.py:545} INFO - Filling up the DagBag from /home/airflow/.local/lib/python3.12/site-packages/airflow/example_dags/example_branch_labels.py
[2026-06-10T18:04:43.127+0000] {processor.py:840} INFO - DAG(s) 'example_branch_labels' retrieved from /home/airflow/.local/lib/python3.12/site-packages/airflow/example_dags/example_branch_labels.py
[2026-06-10T18:04:43.146+0000] {logging_mixin.py:188} INFO - [2026-06-10T18:04:43.146+0000] {dag.py:3089} INFO - Sync 1 DAGs
[2026-06-10T18:04:43.166+0000] {logging_mixin.py:188} INFO - [2026-06-10T18:04:43.165+0000] {dag.py:3947} INFO - Setting next_dagrun for example_branch_labels to 2026-06-09 00:00:00+00:00, run_after=2026-06-10 00:00:00+00:00
[2026-06-10T18:04:43.181+0000] {processor.py:183} INFO - Processing /home/airflow/.local/lib/python3.12/site-packages/airflow/example_dags/example_branch_labels.py took 0.072 seconds
[2026-06-10T18:05:13.791+0000] {processor.py:161} INFO - Started process (PID=1658) to work on /home/airflow/.local/lib/python3.12/site-packages/airflow/example_dags/example_branch_labels.py
[2026-06-10T18:05:13.791+0000] {processor.py:830} INFO - Processing file /home/airflow/.local/lib/python3.12/site-packages/airflow/example_dags/example_branch_labels.py for tasks to queue
[2026-06-10T18:05:13.793+0000] {logging_mixin.py:188} INFO - [2026-06-10T18:05:13.792+0000] {dagbag.py:545} INFO - Filling up the DagBag from /home/airflow/.local/lib/python3.12/site-packages/airflow/example_dags/example_branch_labels.py
[2026-06-10T18:05:13.799+0000] {processor.py:840} INFO - DAG(s) 'example_branch_labels' retrieved from /home/airflow/.local/lib/python3.12/site-packages/airflow/example_dags/example_branch_labels.py
[2026-06-10T18:05:13.816+0000] {logging_mixin.py:188} INFO - [2026-06-10T18:05:13.815+0000] {dag.py:3089} INFO - Sync 1 DAGs
[2026-06-10T18:05:13.835+0000] {logging_mixin.py:188} INFO - [2026-06-10T18:05:13.835+0000] {dag.py:3947} INFO - Setting next_dagrun for example_branch_labels to 2026-06-09 00:00:00+00:00, run_after=2026-06-10 00:00:00+00:00
[2026-06-10T18:05:13.850+0000] {processor.py:183} INFO - Processing /home/airflow/.local/lib/python3.12/site-packages/airflow/example_dags/example_branch_labels.py took 0.065 seconds
[2026-06-10T18:05:44.392+0000] {processor.py:161} INFO - Started process (PID=1719) to work on /home/airflow/.local/lib/python3.12/site-packages/airflow/example_dags/example_branch_labels.py
[2026-06-10T18:05:44.393+0000] {processor.py:830} INFO - Processing file /home/airflow/.local/lib/python3.12/site-packages/airflow/example_dags/example_branch_labels.py for tasks to queue
[2026-06-10T18:05:44.394+0000] {logging_mixin.py:188} INFO - [2026-06-10T18:05:44.394+0000] {dagbag.py:545} INFO - Filling up the DagBag from /home/airflow/.local/lib/python3.12/site-packages/airflow/example_dags/example_branch_labels.py
[2026-06-10T18:05:44.400+0000] {processor.py:840} INFO - DAG(s) 'example_branch_labels' retrieved from /home/airflow/.local/lib/python3.12/site-packages/airflow/example_dags/example_branch_labels.py
[2026-06-10T18:05:44.417+0000] {logging_mixin.py:188} INFO - [2026-06-10T18:05:44.417+0000] {dag.py:3089} INFO - Sync 1 DAGs
[2026-06-10T18:05:44.437+0000] {logging_mixin.py:188} INFO - [2026-06-10T18:05:44.436+0000] {dag.py:3947} INFO - Setting next_dagrun for example_branch_labels to 2026-06-09 00:00:00+00:00, run_after=2026-06-10 00:00:00+00:00
[2026-06-10T18:05:44.452+0000] {processor.py:183} INFO - Processing /home/airflow/.local/lib/python3.12/site-packages/airflow/example_dags/example_branch_labels.py took 0.066 seconds
