[2026-06-10T17:52:05.111+0000] {processor.py:161} INFO - Started process (PID=86) to work on /home/airflow/.local/lib/python3.12/site-packages/airflow/example_dags/tutorial.py
[2026-06-10T17:52:05.111+0000] {processor.py:830} INFO - Processing file /home/airflow/.local/lib/python3.12/site-packages/airflow/example_dags/tutorial.py for tasks to queue
[2026-06-10T17:52:05.113+0000] {logging_mixin.py:188} INFO - [2026-06-10T17:52:05.113+0000] {dagbag.py:545} INFO - Filling up the DagBag from /home/airflow/.local/lib/python3.12/site-packages/airflow/example_dags/tutorial.py
[2026-06-10T17:52:05.120+0000] {processor.py:840} INFO - DAG(s) 'tutorial' retrieved from /home/airflow/.local/lib/python3.12/site-packages/airflow/example_dags/tutorial.py
[2026-06-10T17:52:05.229+0000] {logging_mixin.py:188} INFO - [2026-06-10T17:52:05.228+0000] {override.py:1858} INFO - Created Permission View: can edit on DAG:tutorial
[2026-06-10T17:52:05.241+0000] {logging_mixin.py:188} INFO - [2026-06-10T17:52:05.241+0000] {override.py:1858} INFO - Created Permission View: can read on DAG:tutorial
[2026-06-10T17:52:05.252+0000] {logging_mixin.py:188} INFO - [2026-06-10T17:52:05.252+0000] {override.py:1858} INFO - Created Permission View: can delete on DAG:tutorial
[2026-06-10T17:52:05.252+0000] {logging_mixin.py:188} INFO - [2026-06-10T17:52:05.252+0000] {dag.py:3089} INFO - Sync 1 DAGs
[2026-06-10T17:52:05.262+0000] {logging_mixin.py:188} INFO - [2026-06-10T17:52:05.262+0000] {dag.py:3111} INFO - Creating ORM DAG for tutorial
[2026-06-10T17:52:05.270+0000] {logging_mixin.py:188} INFO - [2026-06-10T17:52:05.270+0000] {dag.py:3947} INFO - Setting next_dagrun for tutorial to 2026-06-09 00:00:00+00:00, run_after=2026-06-10 00:00:00+00:00
[2026-06-10T17:52:05.289+0000] {processor.py:183} INFO - Processing /home/airflow/.local/lib/python3.12/site-packages/airflow/example_dags/tutorial.py took 0.182 seconds
[2026-06-10T17:52:35.356+0000] {processor.py:161} INFO - Started process (PID=146) to work on /home/airflow/.local/lib/python3.12/site-packages/airflow/example_dags/tutorial.py
[2026-06-10T17:52:35.358+0000] {processor.py:830} INFO - Processing file /home/airflow/.local/lib/python3.12/site-packages/airflow/example_dags/tutorial.py for tasks to queue
[2026-06-10T17:52:35.360+0000] {logging_mixin.py:188} INFO - [2026-06-10T17:52:35.360+0000] {dagbag.py:545} INFO - Filling up the DagBag from /home/airflow/.local/lib/python3.12/site-packages/airflow/example_dags/tutorial.py
[2026-06-10T17:52:35.366+0000] {processor.py:840} INFO - DAG(s) 'tutorial' retrieved from /home/airflow/.local/lib/python3.12/site-packages/airflow/example_dags/tutorial.py
[2026-06-10T17:52:35.382+0000] {logging_mixin.py:188} INFO - [2026-06-10T17:52:35.382+0000] {dag.py:3089} INFO - Sync 1 DAGs
[2026-06-10T17:52:35.401+0000] {logging_mixin.py:188} INFO - [2026-06-10T17:52:35.400+0000] {dag.py:3947} INFO - Setting next_dagrun for tutorial to 2026-06-09 00:00:00+00:00, run_after=2026-06-10 00:00:00+00:00
[2026-06-10T17:52:35.420+0000] {processor.py:183} INFO - Processing /home/airflow/.local/lib/python3.12/site-packages/airflow/example_dags/tutorial.py took 0.069 seconds
[2026-06-10T17:53:06.259+0000] {processor.py:161} INFO - Started process (PID=207) to work on /home/airflow/.local/lib/python3.12/site-packages/airflow/example_dags/tutorial.py
[2026-06-10T17:53:06.260+0000] {processor.py:830} INFO - Processing file /home/airflow/.local/lib/python3.12/site-packages/airflow/example_dags/tutorial.py for tasks to queue
[2026-06-10T17:53:06.261+0000] {logging_mixin.py:188} INFO - [2026-06-10T17:53:06.261+0000] {dagbag.py:545} INFO - Filling up the DagBag from /home/airflow/.local/lib/python3.12/site-packages/airflow/example_dags/tutorial.py
[2026-06-10T17:53:06.266+0000] {processor.py:840} INFO - DAG(s) 'tutorial' retrieved from /home/airflow/.local/lib/python3.12/site-packages/airflow/example_dags/tutorial.py
[2026-06-10T17:53:06.282+0000] {logging_mixin.py:188} INFO - [2026-06-10T17:53:06.282+0000] {dag.py:3089} INFO - Sync 1 DAGs
[2026-06-10T17:53:06.300+0000] {logging_mixin.py:188} INFO - [2026-06-10T17:53:06.300+0000] {dag.py:3947} INFO - Setting next_dagrun for tutorial to 2026-06-09 00:00:00+00:00, run_after=2026-06-10 00:00:00+00:00
[2026-06-10T17:53:06.314+0000] {processor.py:183} INFO - Processing /home/airflow/.local/lib/python3.12/site-packages/airflow/example_dags/tutorial.py took 0.060 seconds
[2026-06-10T17:53:36.816+0000] {processor.py:161} INFO - Started process (PID=268) to work on /home/airflow/.local/lib/python3.12/site-packages/airflow/example_dags/tutorial.py
[2026-06-10T17:53:36.817+0000] {processor.py:830} INFO - Processing file /home/airflow/.local/lib/python3.12/site-packages/airflow/example_dags/tutorial.py for tasks to queue
[2026-06-10T17:53:36.818+0000] {logging_mixin.py:188} INFO - [2026-06-10T17:53:36.818+0000] {dagbag.py:545} INFO - Filling up the DagBag from /home/airflow/.local/lib/python3.12/site-packages/airflow/example_dags/tutorial.py
[2026-06-10T17:53:36.823+0000] {processor.py:840} INFO - DAG(s) 'tutorial' retrieved from /home/airflow/.local/lib/python3.12/site-packages/airflow/example_dags/tutorial.py
[2026-06-10T17:53:36.839+0000] {logging_mixin.py:188} INFO - [2026-06-10T17:53:36.839+0000] {dag.py:3089} INFO - Sync 1 DAGs
[2026-06-10T17:53:36.857+0000] {logging_mixin.py:188} INFO - [2026-06-10T17:53:36.856+0000] {dag.py:3947} INFO - Setting next_dagrun for tutorial to 2026-06-09 00:00:00+00:00, run_after=2026-06-10 00:00:00+00:00
[2026-06-10T17:53:36.871+0000] {processor.py:183} INFO - Processing /home/airflow/.local/lib/python3.12/site-packages/airflow/example_dags/tutorial.py took 0.060 seconds
[2026-06-10T17:54:07.125+0000] {processor.py:161} INFO - Started process (PID=329) to work on /home/airflow/.local/lib/python3.12/site-packages/airflow/example_dags/tutorial.py
[2026-06-10T17:54:07.126+0000] {processor.py:830} INFO - Processing file /home/airflow/.local/lib/python3.12/site-packages/airflow/example_dags/tutorial.py for tasks to queue
[2026-06-10T17:54:07.127+0000] {logging_mixin.py:188} INFO - [2026-06-10T17:54:07.127+0000] {dagbag.py:545} INFO - Filling up the DagBag from /home/airflow/.local/lib/python3.12/site-packages/airflow/example_dags/tutorial.py
[2026-06-10T17:54:07.133+0000] {processor.py:840} INFO - DAG(s) 'tutorial' retrieved from /home/airflow/.local/lib/python3.12/site-packages/airflow/example_dags/tutorial.py
[2026-06-10T17:54:07.149+0000] {logging_mixin.py:188} INFO - [2026-06-10T17:54:07.148+0000] {dag.py:3089} INFO - Sync 1 DAGs
[2026-06-10T17:54:07.166+0000] {logging_mixin.py:188} INFO - [2026-06-10T17:54:07.166+0000] {dag.py:3947} INFO - Setting next_dagrun for tutorial to 2026-06-09 00:00:00+00:00, run_after=2026-06-10 00:00:00+00:00
[2026-06-10T17:54:07.181+0000] {processor.py:183} INFO - Processing /home/airflow/.local/lib/python3.12/site-packages/airflow/example_dags/tutorial.py took 0.060 seconds
[2026-06-10T17:54:37.797+0000] {processor.py:161} INFO - Started process (PID=390) to work on /home/airflow/.local/lib/python3.12/site-packages/airflow/example_dags/tutorial.py
[2026-06-10T17:54:37.798+0000] {processor.py:830} INFO - Processing file /home/airflow/.local/lib/python3.12/site-packages/airflow/example_dags/tutorial.py for tasks to queue
[2026-06-10T17:54:37.799+0000] {logging_mixin.py:188} INFO - [2026-06-10T17:54:37.799+0000] {dagbag.py:545} INFO - Filling up the DagBag from /home/airflow/.local/lib/python3.12/site-packages/airflow/example_dags/tutorial.py
[2026-06-10T17:54:37.804+0000] {processor.py:840} INFO - DAG(s) 'tutorial' retrieved from /home/airflow/.local/lib/python3.12/site-packages/airflow/example_dags/tutorial.py
[2026-06-10T17:54:37.820+0000] {logging_mixin.py:188} INFO - [2026-06-10T17:54:37.820+0000] {dag.py:3089} INFO - Sync 1 DAGs
[2026-06-10T17:54:37.838+0000] {logging_mixin.py:188} INFO - [2026-06-10T17:54:37.838+0000] {dag.py:3947} INFO - Setting next_dagrun for tutorial to 2026-06-09 00:00:00+00:00, run_after=2026-06-10 00:00:00+00:00
[2026-06-10T17:54:37.853+0000] {processor.py:183} INFO - Processing /home/airflow/.local/lib/python3.12/site-packages/airflow/example_dags/tutorial.py took 0.060 seconds
[2026-06-10T17:55:08.037+0000] {processor.py:161} INFO - Started process (PID=451) to work on /home/airflow/.local/lib/python3.12/site-packages/airflow/example_dags/tutorial.py
[2026-06-10T17:55:08.038+0000] {processor.py:830} INFO - Processing file /home/airflow/.local/lib/python3.12/site-packages/airflow/example_dags/tutorial.py for tasks to queue
[2026-06-10T17:55:08.040+0000] {logging_mixin.py:188} INFO - [2026-06-10T17:55:08.039+0000] {dagbag.py:545} INFO - Filling up the DagBag from /home/airflow/.local/lib/python3.12/site-packages/airflow/example_dags/tutorial.py
[2026-06-10T17:55:08.045+0000] {processor.py:840} INFO - DAG(s) 'tutorial' retrieved from /home/airflow/.local/lib/python3.12/site-packages/airflow/example_dags/tutorial.py
[2026-06-10T17:55:08.061+0000] {logging_mixin.py:188} INFO - [2026-06-10T17:55:08.060+0000] {dag.py:3089} INFO - Sync 1 DAGs
[2026-06-10T17:55:08.078+0000] {logging_mixin.py:188} INFO - [2026-06-10T17:55:08.078+0000] {dag.py:3947} INFO - Setting next_dagrun for tutorial to 2026-06-09 00:00:00+00:00, run_after=2026-06-10 00:00:00+00:00
[2026-06-10T17:55:08.093+0000] {processor.py:183} INFO - Processing /home/airflow/.local/lib/python3.12/site-packages/airflow/example_dags/tutorial.py took 0.060 seconds
[2026-06-10T17:55:38.404+0000] {processor.py:161} INFO - Started process (PID=512) to work on /home/airflow/.local/lib/python3.12/site-packages/airflow/example_dags/tutorial.py
[2026-06-10T17:55:38.404+0000] {processor.py:830} INFO - Processing file /home/airflow/.local/lib/python3.12/site-packages/airflow/example_dags/tutorial.py for tasks to queue
[2026-06-10T17:55:38.406+0000] {logging_mixin.py:188} INFO - [2026-06-10T17:55:38.405+0000] {dagbag.py:545} INFO - Filling up the DagBag from /home/airflow/.local/lib/python3.12/site-packages/airflow/example_dags/tutorial.py
[2026-06-10T17:55:38.412+0000] {processor.py:840} INFO - DAG(s) 'tutorial' retrieved from /home/airflow/.local/lib/python3.12/site-packages/airflow/example_dags/tutorial.py
[2026-06-10T17:55:38.428+0000] {logging_mixin.py:188} INFO - [2026-06-10T17:55:38.428+0000] {dag.py:3089} INFO - Sync 1 DAGs
[2026-06-10T17:55:38.446+0000] {logging_mixin.py:188} INFO - [2026-06-10T17:55:38.446+0000] {dag.py:3947} INFO - Setting next_dagrun for tutorial to 2026-06-09 00:00:00+00:00, run_after=2026-06-10 00:00:00+00:00
[2026-06-10T17:55:38.462+0000] {processor.py:183} INFO - Processing /home/airflow/.local/lib/python3.12/site-packages/airflow/example_dags/tutorial.py took 0.063 seconds
[2026-06-10T17:56:08.587+0000] {processor.py:161} INFO - Started process (PID=573) to work on /home/airflow/.local/lib/python3.12/site-packages/airflow/example_dags/tutorial.py
[2026-06-10T17:56:08.588+0000] {processor.py:830} INFO - Processing file /home/airflow/.local/lib/python3.12/site-packages/airflow/example_dags/tutorial.py for tasks to queue
[2026-06-10T17:56:08.589+0000] {logging_mixin.py:188} INFO - [2026-06-10T17:56:08.589+0000] {dagbag.py:545} INFO - Filling up the DagBag from /home/airflow/.local/lib/python3.12/site-packages/airflow/example_dags/tutorial.py
[2026-06-10T17:56:08.594+0000] {processor.py:840} INFO - DAG(s) 'tutorial' retrieved from /home/airflow/.local/lib/python3.12/site-packages/airflow/example_dags/tutorial.py
[2026-06-10T17:56:08.610+0000] {logging_mixin.py:188} INFO - [2026-06-10T17:56:08.610+0000] {dag.py:3089} INFO - Sync 1 DAGs
[2026-06-10T17:56:08.628+0000] {logging_mixin.py:188} INFO - [2026-06-10T17:56:08.628+0000] {dag.py:3947} INFO - Setting next_dagrun for tutorial to 2026-06-09 00:00:00+00:00, run_after=2026-06-10 00:00:00+00:00
[2026-06-10T17:56:08.643+0000] {processor.py:183} INFO - Processing /home/airflow/.local/lib/python3.12/site-packages/airflow/example_dags/tutorial.py took 0.060 seconds
[2026-06-10T17:56:38.724+0000] {processor.py:161} INFO - Started process (PID=634) to work on /home/airflow/.local/lib/python3.12/site-packages/airflow/example_dags/tutorial.py
[2026-06-10T17:56:38.725+0000] {processor.py:830} INFO - Processing file /home/airflow/.local/lib/python3.12/site-packages/airflow/example_dags/tutorial.py for tasks to queue
[2026-06-10T17:56:38.726+0000] {logging_mixin.py:188} INFO - [2026-06-10T17:56:38.726+0000] {dagbag.py:545} INFO - Filling up the DagBag from /home/airflow/.local/lib/python3.12/site-packages/airflow/example_dags/tutorial.py
[2026-06-10T17:56:38.731+0000] {processor.py:840} INFO - DAG(s) 'tutorial' retrieved from /home/airflow/.local/lib/python3.12/site-packages/airflow/example_dags/tutorial.py
[2026-06-10T17:56:38.747+0000] {logging_mixin.py:188} INFO - [2026-06-10T17:56:38.747+0000] {dag.py:3089} INFO - Sync 1 DAGs
[2026-06-10T17:56:38.765+0000] {logging_mixin.py:188} INFO - [2026-06-10T17:56:38.764+0000] {dag.py:3947} INFO - Setting next_dagrun for tutorial to 2026-06-09 00:00:00+00:00, run_after=2026-06-10 00:00:00+00:00
[2026-06-10T17:56:38.779+0000] {processor.py:183} INFO - Processing /home/airflow/.local/lib/python3.12/site-packages/airflow/example_dags/tutorial.py took 0.059 seconds
[2026-06-10T17:57:08.915+0000] {processor.py:161} INFO - Started process (PID=695) to work on /home/airflow/.local/lib/python3.12/site-packages/airflow/example_dags/tutorial.py
[2026-06-10T17:57:08.916+0000] {processor.py:830} INFO - Processing file /home/airflow/.local/lib/python3.12/site-packages/airflow/example_dags/tutorial.py for tasks to queue
[2026-06-10T17:57:08.917+0000] {logging_mixin.py:188} INFO - [2026-06-10T17:57:08.917+0000] {dagbag.py:545} INFO - Filling up the DagBag from /home/airflow/.local/lib/python3.12/site-packages/airflow/example_dags/tutorial.py
[2026-06-10T17:57:08.922+0000] {processor.py:840} INFO - DAG(s) 'tutorial' retrieved from /home/airflow/.local/lib/python3.12/site-packages/airflow/example_dags/tutorial.py
[2026-06-10T17:57:08.938+0000] {logging_mixin.py:188} INFO - [2026-06-10T17:57:08.938+0000] {dag.py:3089} INFO - Sync 1 DAGs
[2026-06-10T17:57:08.956+0000] {logging_mixin.py:188} INFO - [2026-06-10T17:57:08.956+0000] {dag.py:3947} INFO - Setting next_dagrun for tutorial to 2026-06-09 00:00:00+00:00, run_after=2026-06-10 00:00:00+00:00
[2026-06-10T17:57:08.974+0000] {processor.py:183} INFO - Processing /home/airflow/.local/lib/python3.12/site-packages/airflow/example_dags/tutorial.py took 0.064 seconds
[2026-06-10T17:57:39.024+0000] {processor.py:161} INFO - Started process (PID=756) to work on /home/airflow/.local/lib/python3.12/site-packages/airflow/example_dags/tutorial.py
[2026-06-10T17:57:39.025+0000] {processor.py:830} INFO - Processing file /home/airflow/.local/lib/python3.12/site-packages/airflow/example_dags/tutorial.py for tasks to queue
[2026-06-10T17:57:39.027+0000] {logging_mixin.py:188} INFO - [2026-06-10T17:57:39.026+0000] {dagbag.py:545} INFO - Filling up the DagBag from /home/airflow/.local/lib/python3.12/site-packages/airflow/example_dags/tutorial.py
[2026-06-10T17:57:39.031+0000] {processor.py:840} INFO - DAG(s) 'tutorial' retrieved from /home/airflow/.local/lib/python3.12/site-packages/airflow/example_dags/tutorial.py
[2026-06-10T17:57:39.048+0000] {logging_mixin.py:188} INFO - [2026-06-10T17:57:39.048+0000] {dag.py:3089} INFO - Sync 1 DAGs
[2026-06-10T17:57:39.067+0000] {logging_mixin.py:188} INFO - [2026-06-10T17:57:39.067+0000] {dag.py:3947} INFO - Setting next_dagrun for tutorial to 2026-06-09 00:00:00+00:00, run_after=2026-06-10 00:00:00+00:00
[2026-06-10T17:57:39.083+0000] {processor.py:183} INFO - Processing /home/airflow/.local/lib/python3.12/site-packages/airflow/example_dags/tutorial.py took 0.063 seconds
[2026-06-10T17:58:09.965+0000] {processor.py:161} INFO - Started process (PID=817) to work on /home/airflow/.local/lib/python3.12/site-packages/airflow/example_dags/tutorial.py
[2026-06-10T17:58:09.966+0000] {processor.py:830} INFO - Processing file /home/airflow/.local/lib/python3.12/site-packages/airflow/example_dags/tutorial.py for tasks to queue
[2026-06-10T17:58:09.967+0000] {logging_mixin.py:188} INFO - [2026-06-10T17:58:09.967+0000] {dagbag.py:545} INFO - Filling up the DagBag from /home/airflow/.local/lib/python3.12/site-packages/airflow/example_dags/tutorial.py
[2026-06-10T17:58:09.972+0000] {processor.py:840} INFO - DAG(s) 'tutorial' retrieved from /home/airflow/.local/lib/python3.12/site-packages/airflow/example_dags/tutorial.py
[2026-06-10T17:58:09.989+0000] {logging_mixin.py:188} INFO - [2026-06-10T17:58:09.988+0000] {dag.py:3089} INFO - Sync 1 DAGs
[2026-06-10T17:58:10.007+0000] {logging_mixin.py:188} INFO - [2026-06-10T17:58:10.007+0000] {dag.py:3947} INFO - Setting next_dagrun for tutorial to 2026-06-09 00:00:00+00:00, run_after=2026-06-10 00:00:00+00:00
[2026-06-10T17:58:10.141+0000] {processor.py:183} INFO - Processing /home/airflow/.local/lib/python3.12/site-packages/airflow/example_dags/tutorial.py took 0.180 seconds
[2026-06-10T17:58:40.436+0000] {processor.py:161} INFO - Started process (PID=878) to work on /home/airflow/.local/lib/python3.12/site-packages/airflow/example_dags/tutorial.py
[2026-06-10T17:58:40.437+0000] {processor.py:830} INFO - Processing file /home/airflow/.local/lib/python3.12/site-packages/airflow/example_dags/tutorial.py for tasks to queue
[2026-06-10T17:58:40.438+0000] {logging_mixin.py:188} INFO - [2026-06-10T17:58:40.438+0000] {dagbag.py:545} INFO - Filling up the DagBag from /home/airflow/.local/lib/python3.12/site-packages/airflow/example_dags/tutorial.py
[2026-06-10T17:58:40.443+0000] {processor.py:840} INFO - DAG(s) 'tutorial' retrieved from /home/airflow/.local/lib/python3.12/site-packages/airflow/example_dags/tutorial.py
[2026-06-10T17:58:40.460+0000] {logging_mixin.py:188} INFO - [2026-06-10T17:58:40.460+0000] {dag.py:3089} INFO - Sync 1 DAGs
[2026-06-10T17:58:40.481+0000] {logging_mixin.py:188} INFO - [2026-06-10T17:58:40.480+0000] {dag.py:3947} INFO - Setting next_dagrun for tutorial to 2026-06-09 00:00:00+00:00, run_after=2026-06-10 00:00:00+00:00
[2026-06-10T17:58:40.632+0000] {processor.py:183} INFO - Processing /home/airflow/.local/lib/python3.12/site-packages/airflow/example_dags/tutorial.py took 0.201 seconds
[2026-06-10T17:59:11.036+0000] {processor.py:161} INFO - Started process (PID=937) to work on /home/airflow/.local/lib/python3.12/site-packages/airflow/example_dags/tutorial.py
[2026-06-10T17:59:11.038+0000] {processor.py:830} INFO - Processing file /home/airflow/.local/lib/python3.12/site-packages/airflow/example_dags/tutorial.py for tasks to queue
[2026-06-10T17:59:11.039+0000] {logging_mixin.py:188} INFO - [2026-06-10T17:59:11.039+0000] {dagbag.py:545} INFO - Filling up the DagBag from /home/airflow/.local/lib/python3.12/site-packages/airflow/example_dags/tutorial.py
[2026-06-10T17:59:11.045+0000] {processor.py:840} INFO - DAG(s) 'tutorial' retrieved from /home/airflow/.local/lib/python3.12/site-packages/airflow/example_dags/tutorial.py
[2026-06-10T17:59:11.070+0000] {logging_mixin.py:188} INFO - [2026-06-10T17:59:11.069+0000] {dag.py:3089} INFO - Sync 1 DAGs
[2026-06-10T17:59:11.092+0000] {logging_mixin.py:188} INFO - [2026-06-10T17:59:11.092+0000] {dag.py:3947} INFO - Setting next_dagrun for tutorial to 2026-06-09 00:00:00+00:00, run_after=2026-06-10 00:00:00+00:00
[2026-06-10T17:59:11.112+0000] {processor.py:183} INFO - Processing /home/airflow/.local/lib/python3.12/site-packages/airflow/example_dags/tutorial.py took 0.081 seconds
[2026-06-10T17:59:41.654+0000] {processor.py:161} INFO - Started process (PID=999) to work on /home/airflow/.local/lib/python3.12/site-packages/airflow/example_dags/tutorial.py
[2026-06-10T17:59:41.656+0000] {processor.py:830} INFO - Processing file /home/airflow/.local/lib/python3.12/site-packages/airflow/example_dags/tutorial.py for tasks to queue
[2026-06-10T17:59:41.657+0000] {logging_mixin.py:188} INFO - [2026-06-10T17:59:41.657+0000] {dagbag.py:545} INFO - Filling up the DagBag from /home/airflow/.local/lib/python3.12/site-packages/airflow/example_dags/tutorial.py
[2026-06-10T17:59:41.662+0000] {processor.py:840} INFO - DAG(s) 'tutorial' retrieved from /home/airflow/.local/lib/python3.12/site-packages/airflow/example_dags/tutorial.py
[2026-06-10T17:59:41.678+0000] {logging_mixin.py:188} INFO - [2026-06-10T17:59:41.678+0000] {dag.py:3089} INFO - Sync 1 DAGs
[2026-06-10T17:59:41.696+0000] {logging_mixin.py:188} INFO - [2026-06-10T17:59:41.696+0000] {dag.py:3947} INFO - Setting next_dagrun for tutorial to 2026-06-09 00:00:00+00:00, run_after=2026-06-10 00:00:00+00:00
[2026-06-10T17:59:41.711+0000] {processor.py:183} INFO - Processing /home/airflow/.local/lib/python3.12/site-packages/airflow/example_dags/tutorial.py took 0.061 seconds
[2026-06-10T18:00:12.370+0000] {processor.py:161} INFO - Started process (PID=1060) to work on /home/airflow/.local/lib/python3.12/site-packages/airflow/example_dags/tutorial.py
[2026-06-10T18:00:12.371+0000] {processor.py:830} INFO - Processing file /home/airflow/.local/lib/python3.12/site-packages/airflow/example_dags/tutorial.py for tasks to queue
[2026-06-10T18:00:12.372+0000] {logging_mixin.py:188} INFO - [2026-06-10T18:00:12.372+0000] {dagbag.py:545} INFO - Filling up the DagBag from /home/airflow/.local/lib/python3.12/site-packages/airflow/example_dags/tutorial.py
[2026-06-10T18:00:12.377+0000] {processor.py:840} INFO - DAG(s) 'tutorial' retrieved from /home/airflow/.local/lib/python3.12/site-packages/airflow/example_dags/tutorial.py
[2026-06-10T18:00:12.393+0000] {logging_mixin.py:188} INFO - [2026-06-10T18:00:12.393+0000] {dag.py:3089} INFO - Sync 1 DAGs
[2026-06-10T18:00:12.412+0000] {logging_mixin.py:188} INFO - [2026-06-10T18:00:12.411+0000] {dag.py:3947} INFO - Setting next_dagrun for tutorial to 2026-06-09 00:00:00+00:00, run_after=2026-06-10 00:00:00+00:00
[2026-06-10T18:00:12.430+0000] {processor.py:183} INFO - Processing /home/airflow/.local/lib/python3.12/site-packages/airflow/example_dags/tutorial.py took 0.064 seconds
[2026-06-10T18:00:43.577+0000] {processor.py:161} INFO - Started process (PID=1122) to work on /home/airflow/.local/lib/python3.12/site-packages/airflow/example_dags/tutorial.py
[2026-06-10T18:00:43.579+0000] {processor.py:830} INFO - Processing file /home/airflow/.local/lib/python3.12/site-packages/airflow/example_dags/tutorial.py for tasks to queue
[2026-06-10T18:00:43.580+0000] {logging_mixin.py:188} INFO - [2026-06-10T18:00:43.580+0000] {dagbag.py:545} INFO - Filling up the DagBag from /home/airflow/.local/lib/python3.12/site-packages/airflow/example_dags/tutorial.py
[2026-06-10T18:00:43.585+0000] {processor.py:840} INFO - DAG(s) 'tutorial' retrieved from /home/airflow/.local/lib/python3.12/site-packages/airflow/example_dags/tutorial.py
[2026-06-10T18:00:43.601+0000] {logging_mixin.py:188} INFO - [2026-06-10T18:00:43.600+0000] {dag.py:3089} INFO - Sync 1 DAGs
[2026-06-10T18:00:43.619+0000] {logging_mixin.py:188} INFO - [2026-06-10T18:00:43.619+0000] {dag.py:3947} INFO - Setting next_dagrun for tutorial to 2026-06-09 00:00:00+00:00, run_after=2026-06-10 00:00:00+00:00
[2026-06-10T18:00:43.635+0000] {processor.py:183} INFO - Processing /home/airflow/.local/lib/python3.12/site-packages/airflow/example_dags/tutorial.py took 0.061 seconds
[2026-06-10T18:01:14.187+0000] {processor.py:161} INFO - Started process (PID=1183) to work on /home/airflow/.local/lib/python3.12/site-packages/airflow/example_dags/tutorial.py
[2026-06-10T18:01:14.187+0000] {processor.py:830} INFO - Processing file /home/airflow/.local/lib/python3.12/site-packages/airflow/example_dags/tutorial.py for tasks to queue
[2026-06-10T18:01:14.189+0000] {logging_mixin.py:188} INFO - [2026-06-10T18:01:14.189+0000] {dagbag.py:545} INFO - Filling up the DagBag from /home/airflow/.local/lib/python3.12/site-packages/airflow/example_dags/tutorial.py
[2026-06-10T18:01:14.193+0000] {processor.py:840} INFO - DAG(s) 'tutorial' retrieved from /home/airflow/.local/lib/python3.12/site-packages/airflow/example_dags/tutorial.py
[2026-06-10T18:01:14.209+0000] {logging_mixin.py:188} INFO - [2026-06-10T18:01:14.209+0000] {dag.py:3089} INFO - Sync 1 DAGs
[2026-06-10T18:01:14.228+0000] {logging_mixin.py:188} INFO - [2026-06-10T18:01:14.227+0000] {dag.py:3947} INFO - Setting next_dagrun for tutorial to 2026-06-09 00:00:00+00:00, run_after=2026-06-10 00:00:00+00:00
[2026-06-10T18:01:14.243+0000] {processor.py:183} INFO - Processing /home/airflow/.local/lib/python3.12/site-packages/airflow/example_dags/tutorial.py took 0.061 seconds
[2026-06-10T18:01:44.703+0000] {processor.py:161} INFO - Started process (PID=1244) to work on /home/airflow/.local/lib/python3.12/site-packages/airflow/example_dags/tutorial.py
[2026-06-10T18:01:44.704+0000] {processor.py:830} INFO - Processing file /home/airflow/.local/lib/python3.12/site-packages/airflow/example_dags/tutorial.py for tasks to queue
[2026-06-10T18:01:44.705+0000] {logging_mixin.py:188} INFO - [2026-06-10T18:01:44.705+0000] {dagbag.py:545} INFO - Filling up the DagBag from /home/airflow/.local/lib/python3.12/site-packages/airflow/example_dags/tutorial.py
[2026-06-10T18:01:44.710+0000] {processor.py:840} INFO - DAG(s) 'tutorial' retrieved from /home/airflow/.local/lib/python3.12/site-packages/airflow/example_dags/tutorial.py
[2026-06-10T18:01:44.727+0000] {logging_mixin.py:188} INFO - [2026-06-10T18:01:44.727+0000] {dag.py:3089} INFO - Sync 1 DAGs
[2026-06-10T18:01:44.746+0000] {logging_mixin.py:188} INFO - [2026-06-10T18:01:44.745+0000] {dag.py:3947} INFO - Setting next_dagrun for tutorial to 2026-06-09 00:00:00+00:00, run_after=2026-06-10 00:00:00+00:00
[2026-06-10T18:01:44.761+0000] {processor.py:183} INFO - Processing /home/airflow/.local/lib/python3.12/site-packages/airflow/example_dags/tutorial.py took 0.063 seconds
[2026-06-10T18:02:15.293+0000] {processor.py:161} INFO - Started process (PID=1305) to work on /home/airflow/.local/lib/python3.12/site-packages/airflow/example_dags/tutorial.py
[2026-06-10T18:02:15.294+0000] {processor.py:830} INFO - Processing file /home/airflow/.local/lib/python3.12/site-packages/airflow/example_dags/tutorial.py for tasks to queue
[2026-06-10T18:02:15.295+0000] {logging_mixin.py:188} INFO - [2026-06-10T18:02:15.295+0000] {dagbag.py:545} INFO - Filling up the DagBag from /home/airflow/.local/lib/python3.12/site-packages/airflow/example_dags/tutorial.py
[2026-06-10T18:02:15.300+0000] {processor.py:840} INFO - DAG(s) 'tutorial' retrieved from /home/airflow/.local/lib/python3.12/site-packages/airflow/example_dags/tutorial.py
[2026-06-10T18:02:15.315+0000] {logging_mixin.py:188} INFO - [2026-06-10T18:02:15.315+0000] {dag.py:3089} INFO - Sync 1 DAGs
[2026-06-10T18:02:15.334+0000] {logging_mixin.py:188} INFO - [2026-06-10T18:02:15.334+0000] {dag.py:3947} INFO - Setting next_dagrun for tutorial to 2026-06-09 00:00:00+00:00, run_after=2026-06-10 00:00:00+00:00
[2026-06-10T18:02:15.349+0000] {processor.py:183} INFO - Processing /home/airflow/.local/lib/python3.12/site-packages/airflow/example_dags/tutorial.py took 0.060 seconds
[2026-06-10T18:02:45.734+0000] {processor.py:161} INFO - Started process (PID=1366) to work on /home/airflow/.local/lib/python3.12/site-packages/airflow/example_dags/tutorial.py
[2026-06-10T18:02:45.735+0000] {processor.py:830} INFO - Processing file /home/airflow/.local/lib/python3.12/site-packages/airflow/example_dags/tutorial.py for tasks to queue
[2026-06-10T18:02:45.736+0000] {logging_mixin.py:188} INFO - [2026-06-10T18:02:45.736+0000] {dagbag.py:545} INFO - Filling up the DagBag from /home/airflow/.local/lib/python3.12/site-packages/airflow/example_dags/tutorial.py
[2026-06-10T18:02:45.741+0000] {processor.py:840} INFO - DAG(s) 'tutorial' retrieved from /home/airflow/.local/lib/python3.12/site-packages/airflow/example_dags/tutorial.py
[2026-06-10T18:02:45.757+0000] {logging_mixin.py:188} INFO - [2026-06-10T18:02:45.757+0000] {dag.py:3089} INFO - Sync 1 DAGs
[2026-06-10T18:02:45.776+0000] {logging_mixin.py:188} INFO - [2026-06-10T18:02:45.776+0000] {dag.py:3947} INFO - Setting next_dagrun for tutorial to 2026-06-09 00:00:00+00:00, run_after=2026-06-10 00:00:00+00:00
[2026-06-10T18:02:45.792+0000] {processor.py:183} INFO - Processing /home/airflow/.local/lib/python3.12/site-packages/airflow/example_dags/tutorial.py took 0.062 seconds
[2026-06-10T18:03:16.332+0000] {processor.py:161} INFO - Started process (PID=1427) to work on /home/airflow/.local/lib/python3.12/site-packages/airflow/example_dags/tutorial.py
[2026-06-10T18:03:16.333+0000] {processor.py:830} INFO - Processing file /home/airflow/.local/lib/python3.12/site-packages/airflow/example_dags/tutorial.py for tasks to queue
[2026-06-10T18:03:16.334+0000] {logging_mixin.py:188} INFO - [2026-06-10T18:03:16.334+0000] {dagbag.py:545} INFO - Filling up the DagBag from /home/airflow/.local/lib/python3.12/site-packages/airflow/example_dags/tutorial.py
[2026-06-10T18:03:16.341+0000] {processor.py:840} INFO - DAG(s) 'tutorial' retrieved from /home/airflow/.local/lib/python3.12/site-packages/airflow/example_dags/tutorial.py
[2026-06-10T18:03:16.357+0000] {logging_mixin.py:188} INFO - [2026-06-10T18:03:16.357+0000] {dag.py:3089} INFO - Sync 1 DAGs
[2026-06-10T18:03:16.375+0000] {logging_mixin.py:188} INFO - [2026-06-10T18:03:16.375+0000] {dag.py:3947} INFO - Setting next_dagrun for tutorial to 2026-06-09 00:00:00+00:00, run_after=2026-06-10 00:00:00+00:00
[2026-06-10T18:03:16.391+0000] {processor.py:183} INFO - Processing /home/airflow/.local/lib/python3.12/site-packages/airflow/example_dags/tutorial.py took 0.062 seconds
[2026-06-10T18:03:47.161+0000] {processor.py:161} INFO - Started process (PID=1488) to work on /home/airflow/.local/lib/python3.12/site-packages/airflow/example_dags/tutorial.py
[2026-06-10T18:03:47.165+0000] {processor.py:830} INFO - Processing file /home/airflow/.local/lib/python3.12/site-packages/airflow/example_dags/tutorial.py for tasks to queue
[2026-06-10T18:03:47.166+0000] {logging_mixin.py:188} INFO - [2026-06-10T18:03:47.166+0000] {dagbag.py:545} INFO - Filling up the DagBag from /home/airflow/.local/lib/python3.12/site-packages/airflow/example_dags/tutorial.py
[2026-06-10T18:03:47.171+0000] {processor.py:840} INFO - DAG(s) 'tutorial' retrieved from /home/airflow/.local/lib/python3.12/site-packages/airflow/example_dags/tutorial.py
[2026-06-10T18:03:47.186+0000] {logging_mixin.py:188} INFO - [2026-06-10T18:03:47.186+0000] {dag.py:3089} INFO - Sync 1 DAGs
[2026-06-10T18:03:47.204+0000] {logging_mixin.py:188} INFO - [2026-06-10T18:03:47.204+0000] {dag.py:3947} INFO - Setting next_dagrun for tutorial to 2026-06-09 00:00:00+00:00, run_after=2026-06-10 00:00:00+00:00
[2026-06-10T18:03:47.231+0000] {processor.py:183} INFO - Processing /home/airflow/.local/lib/python3.12/site-packages/airflow/example_dags/tutorial.py took 0.075 seconds
[2026-06-10T18:04:18.195+0000] {processor.py:161} INFO - Started process (PID=1549) to work on /home/airflow/.local/lib/python3.12/site-packages/airflow/example_dags/tutorial.py
[2026-06-10T18:04:18.196+0000] {processor.py:830} INFO - Processing file /home/airflow/.local/lib/python3.12/site-packages/airflow/example_dags/tutorial.py for tasks to queue
[2026-06-10T18:04:18.197+0000] {logging_mixin.py:188} INFO - [2026-06-10T18:04:18.197+0000] {dagbag.py:545} INFO - Filling up the DagBag from /home/airflow/.local/lib/python3.12/site-packages/airflow/example_dags/tutorial.py
[2026-06-10T18:04:18.202+0000] {processor.py:840} INFO - DAG(s) 'tutorial' retrieved from /home/airflow/.local/lib/python3.12/site-packages/airflow/example_dags/tutorial.py
[2026-06-10T18:04:18.218+0000] {logging_mixin.py:188} INFO - [2026-06-10T18:04:18.217+0000] {dag.py:3089} INFO - Sync 1 DAGs
[2026-06-10T18:04:18.236+0000] {logging_mixin.py:188} INFO - [2026-06-10T18:04:18.236+0000] {dag.py:3947} INFO - Setting next_dagrun for tutorial to 2026-06-09 00:00:00+00:00, run_after=2026-06-10 00:00:00+00:00
[2026-06-10T18:04:18.251+0000] {processor.py:183} INFO - Processing /home/airflow/.local/lib/python3.12/site-packages/airflow/example_dags/tutorial.py took 0.060 seconds
[2026-06-10T18:04:48.787+0000] {processor.py:161} INFO - Started process (PID=1610) to work on /home/airflow/.local/lib/python3.12/site-packages/airflow/example_dags/tutorial.py
[2026-06-10T18:04:48.806+0000] {processor.py:830} INFO - Processing file /home/airflow/.local/lib/python3.12/site-packages/airflow/example_dags/tutorial.py for tasks to queue
[2026-06-10T18:04:48.807+0000] {logging_mixin.py:188} INFO - [2026-06-10T18:04:48.807+0000] {dagbag.py:545} INFO - Filling up the DagBag from /home/airflow/.local/lib/python3.12/site-packages/airflow/example_dags/tutorial.py
[2026-06-10T18:04:48.813+0000] {processor.py:840} INFO - DAG(s) 'tutorial' retrieved from /home/airflow/.local/lib/python3.12/site-packages/airflow/example_dags/tutorial.py
[2026-06-10T18:04:48.831+0000] {logging_mixin.py:188} INFO - [2026-06-10T18:04:48.831+0000] {dag.py:3089} INFO - Sync 1 DAGs
[2026-06-10T18:04:48.877+0000] {logging_mixin.py:188} INFO - [2026-06-10T18:04:48.877+0000] {dag.py:3947} INFO - Setting next_dagrun for tutorial to 2026-06-09 00:00:00+00:00, run_after=2026-06-10 00:00:00+00:00
[2026-06-10T18:04:48.912+0000] {processor.py:183} INFO - Processing /home/airflow/.local/lib/python3.12/site-packages/airflow/example_dags/tutorial.py took 0.130 seconds
[2026-06-10T18:05:19.430+0000] {processor.py:161} INFO - Started process (PID=1671) to work on /home/airflow/.local/lib/python3.12/site-packages/airflow/example_dags/tutorial.py
[2026-06-10T18:05:19.431+0000] {processor.py:830} INFO - Processing file /home/airflow/.local/lib/python3.12/site-packages/airflow/example_dags/tutorial.py for tasks to queue
[2026-06-10T18:05:19.432+0000] {logging_mixin.py:188} INFO - [2026-06-10T18:05:19.432+0000] {dagbag.py:545} INFO - Filling up the DagBag from /home/airflow/.local/lib/python3.12/site-packages/airflow/example_dags/tutorial.py
[2026-06-10T18:05:19.437+0000] {processor.py:840} INFO - DAG(s) 'tutorial' retrieved from /home/airflow/.local/lib/python3.12/site-packages/airflow/example_dags/tutorial.py
[2026-06-10T18:05:19.453+0000] {logging_mixin.py:188} INFO - [2026-06-10T18:05:19.453+0000] {dag.py:3089} INFO - Sync 1 DAGs
[2026-06-10T18:05:19.472+0000] {logging_mixin.py:188} INFO - [2026-06-10T18:05:19.472+0000] {dag.py:3947} INFO - Setting next_dagrun for tutorial to 2026-06-09 00:00:00+00:00, run_after=2026-06-10 00:00:00+00:00
[2026-06-10T18:05:19.502+0000] {processor.py:183} INFO - Processing /home/airflow/.local/lib/python3.12/site-packages/airflow/example_dags/tutorial.py took 0.077 seconds
[2026-06-10T18:05:49.964+0000] {processor.py:161} INFO - Started process (PID=1732) to work on /home/airflow/.local/lib/python3.12/site-packages/airflow/example_dags/tutorial.py
[2026-06-10T18:05:49.968+0000] {processor.py:830} INFO - Processing file /home/airflow/.local/lib/python3.12/site-packages/airflow/example_dags/tutorial.py for tasks to queue
[2026-06-10T18:05:49.970+0000] {logging_mixin.py:188} INFO - [2026-06-10T18:05:49.970+0000] {dagbag.py:545} INFO - Filling up the DagBag from /home/airflow/.local/lib/python3.12/site-packages/airflow/example_dags/tutorial.py
[2026-06-10T18:05:49.974+0000] {processor.py:840} INFO - DAG(s) 'tutorial' retrieved from /home/airflow/.local/lib/python3.12/site-packages/airflow/example_dags/tutorial.py
[2026-06-10T18:05:49.991+0000] {logging_mixin.py:188} INFO - [2026-06-10T18:05:49.991+0000] {dag.py:3089} INFO - Sync 1 DAGs
[2026-06-10T18:05:50.010+0000] {logging_mixin.py:188} INFO - [2026-06-10T18:05:50.010+0000] {dag.py:3947} INFO - Setting next_dagrun for tutorial to 2026-06-09 00:00:00+00:00, run_after=2026-06-10 00:00:00+00:00
[2026-06-10T18:05:50.036+0000] {processor.py:183} INFO - Processing /home/airflow/.local/lib/python3.12/site-packages/airflow/example_dags/tutorial.py took 0.077 seconds
