[2026-06-10T17:52:01.691+0000] {processor.py:161} INFO - Started process (PID=74) to work on /home/airflow/.local/lib/python3.12/site-packages/airflow/example_dags/tutorial_taskflow_api.py
[2026-06-10T17:52:01.691+0000] {processor.py:830} INFO - Processing file /home/airflow/.local/lib/python3.12/site-packages/airflow/example_dags/tutorial_taskflow_api.py for tasks to queue
[2026-06-10T17:52:01.693+0000] {logging_mixin.py:188} INFO - [2026-06-10T17:52:01.692+0000] {dagbag.py:545} INFO - Filling up the DagBag from /home/airflow/.local/lib/python3.12/site-packages/airflow/example_dags/tutorial_taskflow_api.py
[2026-06-10T17:52:01.742+0000] {processor.py:840} INFO - DAG(s) 'tutorial_taskflow_api' retrieved from /home/airflow/.local/lib/python3.12/site-packages/airflow/example_dags/tutorial_taskflow_api.py
[2026-06-10T17:52:01.864+0000] {logging_mixin.py:188} INFO - [2026-06-10T17:52:01.863+0000] {override.py:1858} INFO - Created Permission View: can edit on DAG:tutorial_taskflow_api
[2026-06-10T17:52:01.879+0000] {logging_mixin.py:188} INFO - [2026-06-10T17:52:01.878+0000] {override.py:1858} INFO - Created Permission View: can read on DAG:tutorial_taskflow_api
[2026-06-10T17:52:01.890+0000] {logging_mixin.py:188} INFO - [2026-06-10T17:52:01.889+0000] {override.py:1858} INFO - Created Permission View: can delete on DAG:tutorial_taskflow_api
[2026-06-10T17:52:01.890+0000] {logging_mixin.py:188} INFO - [2026-06-10T17:52:01.890+0000] {dag.py:3089} INFO - Sync 1 DAGs
[2026-06-10T17:52:01.901+0000] {logging_mixin.py:188} INFO - [2026-06-10T17:52:01.901+0000] {dag.py:3111} INFO - Creating ORM DAG for tutorial_taskflow_api
[2026-06-10T17:52:01.902+0000] {logging_mixin.py:188} INFO - [2026-06-10T17:52:01.901+0000] {dag.py:3947} INFO - Setting next_dagrun for tutorial_taskflow_api to None, run_after=None
[2026-06-10T17:52:01.942+0000] {processor.py:183} INFO - Processing /home/airflow/.local/lib/python3.12/site-packages/airflow/example_dags/tutorial_taskflow_api.py took 0.255 seconds
[2026-06-10T17:52:32.228+0000] {processor.py:161} INFO - Started process (PID=135) to work on /home/airflow/.local/lib/python3.12/site-packages/airflow/example_dags/tutorial_taskflow_api.py
[2026-06-10T17:52:32.231+0000] {processor.py:830} INFO - Processing file /home/airflow/.local/lib/python3.12/site-packages/airflow/example_dags/tutorial_taskflow_api.py for tasks to queue
[2026-06-10T17:52:32.232+0000] {logging_mixin.py:188} INFO - [2026-06-10T17:52:32.232+0000] {dagbag.py:545} INFO - Filling up the DagBag from /home/airflow/.local/lib/python3.12/site-packages/airflow/example_dags/tutorial_taskflow_api.py
[2026-06-10T17:52:32.237+0000] {processor.py:840} INFO - DAG(s) 'tutorial_taskflow_api' retrieved from /home/airflow/.local/lib/python3.12/site-packages/airflow/example_dags/tutorial_taskflow_api.py
[2026-06-10T17:52:32.254+0000] {logging_mixin.py:188} INFO - [2026-06-10T17:52:32.254+0000] {dag.py:3089} INFO - Sync 1 DAGs
[2026-06-10T17:52:32.265+0000] {logging_mixin.py:188} INFO - [2026-06-10T17:52:32.265+0000] {dag.py:3947} INFO - Setting next_dagrun for tutorial_taskflow_api to None, run_after=None
[2026-06-10T17:52:32.285+0000] {processor.py:183} INFO - Processing /home/airflow/.local/lib/python3.12/site-packages/airflow/example_dags/tutorial_taskflow_api.py took 0.062 seconds
[2026-06-10T17:53:02.818+0000] {processor.py:161} INFO - Started process (PID=196) to work on /home/airflow/.local/lib/python3.12/site-packages/airflow/example_dags/tutorial_taskflow_api.py
[2026-06-10T17:53:02.819+0000] {processor.py:830} INFO - Processing file /home/airflow/.local/lib/python3.12/site-packages/airflow/example_dags/tutorial_taskflow_api.py for tasks to queue
[2026-06-10T17:53:02.820+0000] {logging_mixin.py:188} INFO - [2026-06-10T17:53:02.820+0000] {dagbag.py:545} INFO - Filling up the DagBag from /home/airflow/.local/lib/python3.12/site-packages/airflow/example_dags/tutorial_taskflow_api.py
[2026-06-10T17:53:02.826+0000] {processor.py:840} INFO - DAG(s) 'tutorial_taskflow_api' retrieved from /home/airflow/.local/lib/python3.12/site-packages/airflow/example_dags/tutorial_taskflow_api.py
[2026-06-10T17:53:02.841+0000] {logging_mixin.py:188} INFO - [2026-06-10T17:53:02.841+0000] {dag.py:3089} INFO - Sync 1 DAGs
[2026-06-10T17:53:02.852+0000] {logging_mixin.py:188} INFO - [2026-06-10T17:53:02.851+0000] {dag.py:3947} INFO - Setting next_dagrun for tutorial_taskflow_api to None, run_after=None
[2026-06-10T17:53:02.866+0000] {processor.py:183} INFO - Processing /home/airflow/.local/lib/python3.12/site-packages/airflow/example_dags/tutorial_taskflow_api.py took 0.052 seconds
[2026-06-10T17:53:33.355+0000] {processor.py:161} INFO - Started process (PID=257) to work on /home/airflow/.local/lib/python3.12/site-packages/airflow/example_dags/tutorial_taskflow_api.py
[2026-06-10T17:53:33.356+0000] {processor.py:830} INFO - Processing file /home/airflow/.local/lib/python3.12/site-packages/airflow/example_dags/tutorial_taskflow_api.py for tasks to queue
[2026-06-10T17:53:33.357+0000] {logging_mixin.py:188} INFO - [2026-06-10T17:53:33.357+0000] {dagbag.py:545} INFO - Filling up the DagBag from /home/airflow/.local/lib/python3.12/site-packages/airflow/example_dags/tutorial_taskflow_api.py
[2026-06-10T17:53:33.363+0000] {processor.py:840} INFO - DAG(s) 'tutorial_taskflow_api' retrieved from /home/airflow/.local/lib/python3.12/site-packages/airflow/example_dags/tutorial_taskflow_api.py
[2026-06-10T17:53:33.379+0000] {logging_mixin.py:188} INFO - [2026-06-10T17:53:33.379+0000] {dag.py:3089} INFO - Sync 1 DAGs
[2026-06-10T17:53:33.390+0000] {logging_mixin.py:188} INFO - [2026-06-10T17:53:33.390+0000] {dag.py:3947} INFO - Setting next_dagrun for tutorial_taskflow_api to None, run_after=None
[2026-06-10T17:53:33.405+0000] {processor.py:183} INFO - Processing /home/airflow/.local/lib/python3.12/site-packages/airflow/example_dags/tutorial_taskflow_api.py took 0.054 seconds
[2026-06-10T17:54:03.691+0000] {processor.py:161} INFO - Started process (PID=318) to work on /home/airflow/.local/lib/python3.12/site-packages/airflow/example_dags/tutorial_taskflow_api.py
[2026-06-10T17:54:03.692+0000] {processor.py:830} INFO - Processing file /home/airflow/.local/lib/python3.12/site-packages/airflow/example_dags/tutorial_taskflow_api.py for tasks to queue
[2026-06-10T17:54:03.694+0000] {logging_mixin.py:188} INFO - [2026-06-10T17:54:03.693+0000] {dagbag.py:545} INFO - Filling up the DagBag from /home/airflow/.local/lib/python3.12/site-packages/airflow/example_dags/tutorial_taskflow_api.py
[2026-06-10T17:54:03.700+0000] {processor.py:840} INFO - DAG(s) 'tutorial_taskflow_api' retrieved from /home/airflow/.local/lib/python3.12/site-packages/airflow/example_dags/tutorial_taskflow_api.py
[2026-06-10T17:54:03.715+0000] {logging_mixin.py:188} INFO - [2026-06-10T17:54:03.715+0000] {dag.py:3089} INFO - Sync 1 DAGs
[2026-06-10T17:54:03.726+0000] {logging_mixin.py:188} INFO - [2026-06-10T17:54:03.726+0000] {dag.py:3947} INFO - Setting next_dagrun for tutorial_taskflow_api to None, run_after=None
[2026-06-10T17:54:03.740+0000] {processor.py:183} INFO - Processing /home/airflow/.local/lib/python3.12/site-packages/airflow/example_dags/tutorial_taskflow_api.py took 0.053 seconds
[2026-06-10T17:54:34.356+0000] {processor.py:161} INFO - Started process (PID=379) to work on /home/airflow/.local/lib/python3.12/site-packages/airflow/example_dags/tutorial_taskflow_api.py
[2026-06-10T17:54:34.357+0000] {processor.py:830} INFO - Processing file /home/airflow/.local/lib/python3.12/site-packages/airflow/example_dags/tutorial_taskflow_api.py for tasks to queue
[2026-06-10T17:54:34.358+0000] {logging_mixin.py:188} INFO - [2026-06-10T17:54:34.358+0000] {dagbag.py:545} INFO - Filling up the DagBag from /home/airflow/.local/lib/python3.12/site-packages/airflow/example_dags/tutorial_taskflow_api.py
[2026-06-10T17:54:34.363+0000] {processor.py:840} INFO - DAG(s) 'tutorial_taskflow_api' retrieved from /home/airflow/.local/lib/python3.12/site-packages/airflow/example_dags/tutorial_taskflow_api.py
[2026-06-10T17:54:34.379+0000] {logging_mixin.py:188} INFO - [2026-06-10T17:54:34.378+0000] {dag.py:3089} INFO - Sync 1 DAGs
[2026-06-10T17:54:34.389+0000] {logging_mixin.py:188} INFO - [2026-06-10T17:54:34.389+0000] {dag.py:3947} INFO - Setting next_dagrun for tutorial_taskflow_api to None, run_after=None
[2026-06-10T17:54:34.404+0000] {processor.py:183} INFO - Processing /home/airflow/.local/lib/python3.12/site-packages/airflow/example_dags/tutorial_taskflow_api.py took 0.052 seconds
[2026-06-10T17:55:04.559+0000] {processor.py:161} INFO - Started process (PID=440) to work on /home/airflow/.local/lib/python3.12/site-packages/airflow/example_dags/tutorial_taskflow_api.py
[2026-06-10T17:55:04.560+0000] {processor.py:830} INFO - Processing file /home/airflow/.local/lib/python3.12/site-packages/airflow/example_dags/tutorial_taskflow_api.py for tasks to queue
[2026-06-10T17:55:04.562+0000] {logging_mixin.py:188} INFO - [2026-06-10T17:55:04.561+0000] {dagbag.py:545} INFO - Filling up the DagBag from /home/airflow/.local/lib/python3.12/site-packages/airflow/example_dags/tutorial_taskflow_api.py
[2026-06-10T17:55:04.567+0000] {processor.py:840} INFO - DAG(s) 'tutorial_taskflow_api' retrieved from /home/airflow/.local/lib/python3.12/site-packages/airflow/example_dags/tutorial_taskflow_api.py
[2026-06-10T17:55:04.582+0000] {logging_mixin.py:188} INFO - [2026-06-10T17:55:04.582+0000] {dag.py:3089} INFO - Sync 1 DAGs
[2026-06-10T17:55:04.593+0000] {logging_mixin.py:188} INFO - [2026-06-10T17:55:04.593+0000] {dag.py:3947} INFO - Setting next_dagrun for tutorial_taskflow_api to None, run_after=None
[2026-06-10T17:55:04.607+0000] {processor.py:183} INFO - Processing /home/airflow/.local/lib/python3.12/site-packages/airflow/example_dags/tutorial_taskflow_api.py took 0.053 seconds
[2026-06-10T17:55:34.916+0000] {processor.py:161} INFO - Started process (PID=501) to work on /home/airflow/.local/lib/python3.12/site-packages/airflow/example_dags/tutorial_taskflow_api.py
[2026-06-10T17:55:34.917+0000] {processor.py:830} INFO - Processing file /home/airflow/.local/lib/python3.12/site-packages/airflow/example_dags/tutorial_taskflow_api.py for tasks to queue
[2026-06-10T17:55:34.918+0000] {logging_mixin.py:188} INFO - [2026-06-10T17:55:34.918+0000] {dagbag.py:545} INFO - Filling up the DagBag from /home/airflow/.local/lib/python3.12/site-packages/airflow/example_dags/tutorial_taskflow_api.py
[2026-06-10T17:55:34.928+0000] {processor.py:840} INFO - DAG(s) 'tutorial_taskflow_api' retrieved from /home/airflow/.local/lib/python3.12/site-packages/airflow/example_dags/tutorial_taskflow_api.py
[2026-06-10T17:55:34.943+0000] {logging_mixin.py:188} INFO - [2026-06-10T17:55:34.943+0000] {dag.py:3089} INFO - Sync 1 DAGs
[2026-06-10T17:55:34.954+0000] {logging_mixin.py:188} INFO - [2026-06-10T17:55:34.954+0000] {dag.py:3947} INFO - Setting next_dagrun for tutorial_taskflow_api to None, run_after=None
[2026-06-10T17:55:34.978+0000] {processor.py:183} INFO - Processing /home/airflow/.local/lib/python3.12/site-packages/airflow/example_dags/tutorial_taskflow_api.py took 0.067 seconds
[2026-06-10T17:56:05.114+0000] {processor.py:161} INFO - Started process (PID=562) to work on /home/airflow/.local/lib/python3.12/site-packages/airflow/example_dags/tutorial_taskflow_api.py
[2026-06-10T17:56:05.115+0000] {processor.py:830} INFO - Processing file /home/airflow/.local/lib/python3.12/site-packages/airflow/example_dags/tutorial_taskflow_api.py for tasks to queue
[2026-06-10T17:56:05.117+0000] {logging_mixin.py:188} INFO - [2026-06-10T17:56:05.117+0000] {dagbag.py:545} INFO - Filling up the DagBag from /home/airflow/.local/lib/python3.12/site-packages/airflow/example_dags/tutorial_taskflow_api.py
[2026-06-10T17:56:05.123+0000] {processor.py:840} INFO - DAG(s) 'tutorial_taskflow_api' retrieved from /home/airflow/.local/lib/python3.12/site-packages/airflow/example_dags/tutorial_taskflow_api.py
[2026-06-10T17:56:05.139+0000] {logging_mixin.py:188} INFO - [2026-06-10T17:56:05.139+0000] {dag.py:3089} INFO - Sync 1 DAGs
[2026-06-10T17:56:05.152+0000] {logging_mixin.py:188} INFO - [2026-06-10T17:56:05.151+0000] {dag.py:3947} INFO - Setting next_dagrun for tutorial_taskflow_api to None, run_after=None
[2026-06-10T17:56:05.169+0000] {processor.py:183} INFO - Processing /home/airflow/.local/lib/python3.12/site-packages/airflow/example_dags/tutorial_taskflow_api.py took 0.059 seconds
[2026-06-10T17:56:35.205+0000] {processor.py:161} INFO - Started process (PID=623) to work on /home/airflow/.local/lib/python3.12/site-packages/airflow/example_dags/tutorial_taskflow_api.py
[2026-06-10T17:56:35.206+0000] {processor.py:830} INFO - Processing file /home/airflow/.local/lib/python3.12/site-packages/airflow/example_dags/tutorial_taskflow_api.py for tasks to queue
[2026-06-10T17:56:35.207+0000] {logging_mixin.py:188} INFO - [2026-06-10T17:56:35.207+0000] {dagbag.py:545} INFO - Filling up the DagBag from /home/airflow/.local/lib/python3.12/site-packages/airflow/example_dags/tutorial_taskflow_api.py
[2026-06-10T17:56:35.213+0000] {processor.py:840} INFO - DAG(s) 'tutorial_taskflow_api' retrieved from /home/airflow/.local/lib/python3.12/site-packages/airflow/example_dags/tutorial_taskflow_api.py
[2026-06-10T17:56:35.228+0000] {logging_mixin.py:188} INFO - [2026-06-10T17:56:35.228+0000] {dag.py:3089} INFO - Sync 1 DAGs
[2026-06-10T17:56:35.239+0000] {logging_mixin.py:188} INFO - [2026-06-10T17:56:35.238+0000] {dag.py:3947} INFO - Setting next_dagrun for tutorial_taskflow_api to None, run_after=None
[2026-06-10T17:56:35.254+0000] {processor.py:183} INFO - Processing /home/airflow/.local/lib/python3.12/site-packages/airflow/example_dags/tutorial_taskflow_api.py took 0.053 seconds
[2026-06-10T17:57:05.401+0000] {processor.py:161} INFO - Started process (PID=684) to work on /home/airflow/.local/lib/python3.12/site-packages/airflow/example_dags/tutorial_taskflow_api.py
[2026-06-10T17:57:05.402+0000] {processor.py:830} INFO - Processing file /home/airflow/.local/lib/python3.12/site-packages/airflow/example_dags/tutorial_taskflow_api.py for tasks to queue
[2026-06-10T17:57:05.404+0000] {logging_mixin.py:188} INFO - [2026-06-10T17:57:05.404+0000] {dagbag.py:545} INFO - Filling up the DagBag from /home/airflow/.local/lib/python3.12/site-packages/airflow/example_dags/tutorial_taskflow_api.py
[2026-06-10T17:57:05.409+0000] {processor.py:840} INFO - DAG(s) 'tutorial_taskflow_api' retrieved from /home/airflow/.local/lib/python3.12/site-packages/airflow/example_dags/tutorial_taskflow_api.py
[2026-06-10T17:57:05.426+0000] {logging_mixin.py:188} INFO - [2026-06-10T17:57:05.426+0000] {dag.py:3089} INFO - Sync 1 DAGs
[2026-06-10T17:57:05.437+0000] {logging_mixin.py:188} INFO - [2026-06-10T17:57:05.437+0000] {dag.py:3947} INFO - Setting next_dagrun for tutorial_taskflow_api to None, run_after=None
[2026-06-10T17:57:05.453+0000] {processor.py:183} INFO - Processing /home/airflow/.local/lib/python3.12/site-packages/airflow/example_dags/tutorial_taskflow_api.py took 0.057 seconds
[2026-06-10T17:57:35.474+0000] {processor.py:161} INFO - Started process (PID=743) to work on /home/airflow/.local/lib/python3.12/site-packages/airflow/example_dags/tutorial_taskflow_api.py
[2026-06-10T17:57:35.474+0000] {processor.py:830} INFO - Processing file /home/airflow/.local/lib/python3.12/site-packages/airflow/example_dags/tutorial_taskflow_api.py for tasks to queue
[2026-06-10T17:57:35.476+0000] {logging_mixin.py:188} INFO - [2026-06-10T17:57:35.476+0000] {dagbag.py:545} INFO - Filling up the DagBag from /home/airflow/.local/lib/python3.12/site-packages/airflow/example_dags/tutorial_taskflow_api.py
[2026-06-10T17:57:35.481+0000] {processor.py:840} INFO - DAG(s) 'tutorial_taskflow_api' retrieved from /home/airflow/.local/lib/python3.12/site-packages/airflow/example_dags/tutorial_taskflow_api.py
[2026-06-10T17:57:35.496+0000] {logging_mixin.py:188} INFO - [2026-06-10T17:57:35.496+0000] {dag.py:3089} INFO - Sync 1 DAGs
[2026-06-10T17:57:35.507+0000] {logging_mixin.py:188} INFO - [2026-06-10T17:57:35.507+0000] {dag.py:3947} INFO - Setting next_dagrun for tutorial_taskflow_api to None, run_after=None
[2026-06-10T17:57:35.521+0000] {processor.py:183} INFO - Processing /home/airflow/.local/lib/python3.12/site-packages/airflow/example_dags/tutorial_taskflow_api.py took 0.052 seconds
[2026-06-10T17:58:05.914+0000] {processor.py:161} INFO - Started process (PID=804) to work on /home/airflow/.local/lib/python3.12/site-packages/airflow/example_dags/tutorial_taskflow_api.py
[2026-06-10T17:58:05.918+0000] {processor.py:830} INFO - Processing file /home/airflow/.local/lib/python3.12/site-packages/airflow/example_dags/tutorial_taskflow_api.py for tasks to queue
[2026-06-10T17:58:05.920+0000] {logging_mixin.py:188} INFO - [2026-06-10T17:58:05.920+0000] {dagbag.py:545} INFO - Filling up the DagBag from /home/airflow/.local/lib/python3.12/site-packages/airflow/example_dags/tutorial_taskflow_api.py
[2026-06-10T17:58:05.925+0000] {processor.py:840} INFO - DAG(s) 'tutorial_taskflow_api' retrieved from /home/airflow/.local/lib/python3.12/site-packages/airflow/example_dags/tutorial_taskflow_api.py
[2026-06-10T17:58:05.941+0000] {logging_mixin.py:188} INFO - [2026-06-10T17:58:05.940+0000] {dag.py:3089} INFO - Sync 1 DAGs
[2026-06-10T17:58:05.952+0000] {logging_mixin.py:188} INFO - [2026-06-10T17:58:05.952+0000] {dag.py:3947} INFO - Setting next_dagrun for tutorial_taskflow_api to None, run_after=None
[2026-06-10T17:58:05.968+0000] {processor.py:183} INFO - Processing /home/airflow/.local/lib/python3.12/site-packages/airflow/example_dags/tutorial_taskflow_api.py took 0.058 seconds
[2026-06-10T17:58:36.103+0000] {processor.py:161} INFO - Started process (PID=865) to work on /home/airflow/.local/lib/python3.12/site-packages/airflow/example_dags/tutorial_taskflow_api.py
[2026-06-10T17:58:36.103+0000] {processor.py:830} INFO - Processing file /home/airflow/.local/lib/python3.12/site-packages/airflow/example_dags/tutorial_taskflow_api.py for tasks to queue
[2026-06-10T17:58:36.105+0000] {logging_mixin.py:188} INFO - [2026-06-10T17:58:36.105+0000] {dagbag.py:545} INFO - Filling up the DagBag from /home/airflow/.local/lib/python3.12/site-packages/airflow/example_dags/tutorial_taskflow_api.py
[2026-06-10T17:58:36.110+0000] {processor.py:840} INFO - DAG(s) 'tutorial_taskflow_api' retrieved from /home/airflow/.local/lib/python3.12/site-packages/airflow/example_dags/tutorial_taskflow_api.py
[2026-06-10T17:58:36.125+0000] {logging_mixin.py:188} INFO - [2026-06-10T17:58:36.125+0000] {dag.py:3089} INFO - Sync 1 DAGs
[2026-06-10T17:58:36.136+0000] {logging_mixin.py:188} INFO - [2026-06-10T17:58:36.136+0000] {dag.py:3947} INFO - Setting next_dagrun for tutorial_taskflow_api to None, run_after=None
[2026-06-10T17:58:36.150+0000] {processor.py:183} INFO - Processing /home/airflow/.local/lib/python3.12/site-packages/airflow/example_dags/tutorial_taskflow_api.py took 0.052 seconds
[2026-06-10T17:59:06.513+0000] {processor.py:161} INFO - Started process (PID=926) to work on /home/airflow/.local/lib/python3.12/site-packages/airflow/example_dags/tutorial_taskflow_api.py
[2026-06-10T17:59:06.514+0000] {processor.py:830} INFO - Processing file /home/airflow/.local/lib/python3.12/site-packages/airflow/example_dags/tutorial_taskflow_api.py for tasks to queue
[2026-06-10T17:59:06.516+0000] {logging_mixin.py:188} INFO - [2026-06-10T17:59:06.515+0000] {dagbag.py:545} INFO - Filling up the DagBag from /home/airflow/.local/lib/python3.12/site-packages/airflow/example_dags/tutorial_taskflow_api.py
[2026-06-10T17:59:06.521+0000] {processor.py:840} INFO - DAG(s) 'tutorial_taskflow_api' retrieved from /home/airflow/.local/lib/python3.12/site-packages/airflow/example_dags/tutorial_taskflow_api.py
[2026-06-10T17:59:06.536+0000] {logging_mixin.py:188} INFO - [2026-06-10T17:59:06.536+0000] {dag.py:3089} INFO - Sync 1 DAGs
[2026-06-10T17:59:06.547+0000] {logging_mixin.py:188} INFO - [2026-06-10T17:59:06.547+0000] {dag.py:3947} INFO - Setting next_dagrun for tutorial_taskflow_api to None, run_after=None
[2026-06-10T17:59:06.561+0000] {processor.py:183} INFO - Processing /home/airflow/.local/lib/python3.12/site-packages/airflow/example_dags/tutorial_taskflow_api.py took 0.053 seconds
[2026-06-10T17:59:37.048+0000] {processor.py:161} INFO - Started process (PID=987) to work on /home/airflow/.local/lib/python3.12/site-packages/airflow/example_dags/tutorial_taskflow_api.py
[2026-06-10T17:59:37.050+0000] {processor.py:830} INFO - Processing file /home/airflow/.local/lib/python3.12/site-packages/airflow/example_dags/tutorial_taskflow_api.py for tasks to queue
[2026-06-10T17:59:37.052+0000] {logging_mixin.py:188} INFO - [2026-06-10T17:59:37.051+0000] {dagbag.py:545} INFO - Filling up the DagBag from /home/airflow/.local/lib/python3.12/site-packages/airflow/example_dags/tutorial_taskflow_api.py
[2026-06-10T17:59:37.058+0000] {processor.py:840} INFO - DAG(s) 'tutorial_taskflow_api' retrieved from /home/airflow/.local/lib/python3.12/site-packages/airflow/example_dags/tutorial_taskflow_api.py
[2026-06-10T17:59:37.073+0000] {logging_mixin.py:188} INFO - [2026-06-10T17:59:37.073+0000] {dag.py:3089} INFO - Sync 1 DAGs
[2026-06-10T17:59:37.084+0000] {logging_mixin.py:188} INFO - [2026-06-10T17:59:37.083+0000] {dag.py:3947} INFO - Setting next_dagrun for tutorial_taskflow_api to None, run_after=None
[2026-06-10T17:59:37.101+0000] {processor.py:183} INFO - Processing /home/airflow/.local/lib/python3.12/site-packages/airflow/example_dags/tutorial_taskflow_api.py took 0.057 seconds
[2026-06-10T18:00:07.825+0000] {processor.py:161} INFO - Started process (PID=1048) to work on /home/airflow/.local/lib/python3.12/site-packages/airflow/example_dags/tutorial_taskflow_api.py
[2026-06-10T18:00:07.826+0000] {processor.py:830} INFO - Processing file /home/airflow/.local/lib/python3.12/site-packages/airflow/example_dags/tutorial_taskflow_api.py for tasks to queue
[2026-06-10T18:00:07.828+0000] {logging_mixin.py:188} INFO - [2026-06-10T18:00:07.828+0000] {dagbag.py:545} INFO - Filling up the DagBag from /home/airflow/.local/lib/python3.12/site-packages/airflow/example_dags/tutorial_taskflow_api.py
[2026-06-10T18:00:07.833+0000] {processor.py:840} INFO - DAG(s) 'tutorial_taskflow_api' retrieved from /home/airflow/.local/lib/python3.12/site-packages/airflow/example_dags/tutorial_taskflow_api.py
[2026-06-10T18:00:07.964+0000] {logging_mixin.py:188} INFO - [2026-06-10T18:00:07.963+0000] {dag.py:3089} INFO - Sync 1 DAGs
[2026-06-10T18:00:07.972+0000] {logging_mixin.py:188} INFO - [2026-06-10T18:00:07.972+0000] {dag.py:3947} INFO - Setting next_dagrun for tutorial_taskflow_api to None, run_after=None
[2026-06-10T18:00:07.985+0000] {processor.py:183} INFO - Processing /home/airflow/.local/lib/python3.12/site-packages/airflow/example_dags/tutorial_taskflow_api.py took 0.164 seconds
[2026-06-10T18:00:38.389+0000] {processor.py:161} INFO - Started process (PID=1110) to work on /home/airflow/.local/lib/python3.12/site-packages/airflow/example_dags/tutorial_taskflow_api.py
[2026-06-10T18:00:38.390+0000] {processor.py:830} INFO - Processing file /home/airflow/.local/lib/python3.12/site-packages/airflow/example_dags/tutorial_taskflow_api.py for tasks to queue
[2026-06-10T18:00:38.392+0000] {logging_mixin.py:188} INFO - [2026-06-10T18:00:38.392+0000] {dagbag.py:545} INFO - Filling up the DagBag from /home/airflow/.local/lib/python3.12/site-packages/airflow/example_dags/tutorial_taskflow_api.py
[2026-06-10T18:00:38.397+0000] {processor.py:840} INFO - DAG(s) 'tutorial_taskflow_api' retrieved from /home/airflow/.local/lib/python3.12/site-packages/airflow/example_dags/tutorial_taskflow_api.py
[2026-06-10T18:00:38.529+0000] {logging_mixin.py:188} INFO - [2026-06-10T18:00:38.529+0000] {dag.py:3089} INFO - Sync 1 DAGs
[2026-06-10T18:00:38.538+0000] {logging_mixin.py:188} INFO - [2026-06-10T18:00:38.538+0000] {dag.py:3947} INFO - Setting next_dagrun for tutorial_taskflow_api to None, run_after=None
[2026-06-10T18:00:38.551+0000] {processor.py:183} INFO - Processing /home/airflow/.local/lib/python3.12/site-packages/airflow/example_dags/tutorial_taskflow_api.py took 0.166 seconds
[2026-06-10T18:01:08.615+0000] {processor.py:161} INFO - Started process (PID=1171) to work on /home/airflow/.local/lib/python3.12/site-packages/airflow/example_dags/tutorial_taskflow_api.py
[2026-06-10T18:01:08.615+0000] {processor.py:830} INFO - Processing file /home/airflow/.local/lib/python3.12/site-packages/airflow/example_dags/tutorial_taskflow_api.py for tasks to queue
[2026-06-10T18:01:08.617+0000] {logging_mixin.py:188} INFO - [2026-06-10T18:01:08.617+0000] {dagbag.py:545} INFO - Filling up the DagBag from /home/airflow/.local/lib/python3.12/site-packages/airflow/example_dags/tutorial_taskflow_api.py
[2026-06-10T18:01:08.622+0000] {processor.py:840} INFO - DAG(s) 'tutorial_taskflow_api' retrieved from /home/airflow/.local/lib/python3.12/site-packages/airflow/example_dags/tutorial_taskflow_api.py
[2026-06-10T18:01:08.637+0000] {logging_mixin.py:188} INFO - [2026-06-10T18:01:08.637+0000] {dag.py:3089} INFO - Sync 1 DAGs
[2026-06-10T18:01:08.648+0000] {logging_mixin.py:188} INFO - [2026-06-10T18:01:08.648+0000] {dag.py:3947} INFO - Setting next_dagrun for tutorial_taskflow_api to None, run_after=None
[2026-06-10T18:01:08.662+0000] {processor.py:183} INFO - Processing /home/airflow/.local/lib/python3.12/site-packages/airflow/example_dags/tutorial_taskflow_api.py took 0.052 seconds
[2026-06-10T18:01:39.171+0000] {processor.py:161} INFO - Started process (PID=1232) to work on /home/airflow/.local/lib/python3.12/site-packages/airflow/example_dags/tutorial_taskflow_api.py
[2026-06-10T18:01:39.172+0000] {processor.py:830} INFO - Processing file /home/airflow/.local/lib/python3.12/site-packages/airflow/example_dags/tutorial_taskflow_api.py for tasks to queue
[2026-06-10T18:01:39.173+0000] {logging_mixin.py:188} INFO - [2026-06-10T18:01:39.173+0000] {dagbag.py:545} INFO - Filling up the DagBag from /home/airflow/.local/lib/python3.12/site-packages/airflow/example_dags/tutorial_taskflow_api.py
[2026-06-10T18:01:39.178+0000] {processor.py:840} INFO - DAG(s) 'tutorial_taskflow_api' retrieved from /home/airflow/.local/lib/python3.12/site-packages/airflow/example_dags/tutorial_taskflow_api.py
[2026-06-10T18:01:39.193+0000] {logging_mixin.py:188} INFO - [2026-06-10T18:01:39.193+0000] {dag.py:3089} INFO - Sync 1 DAGs
[2026-06-10T18:01:39.204+0000] {logging_mixin.py:188} INFO - [2026-06-10T18:01:39.204+0000] {dag.py:3947} INFO - Setting next_dagrun for tutorial_taskflow_api to None, run_after=None
[2026-06-10T18:01:39.218+0000] {processor.py:183} INFO - Processing /home/airflow/.local/lib/python3.12/site-packages/airflow/example_dags/tutorial_taskflow_api.py took 0.052 seconds
[2026-06-10T18:02:09.729+0000] {processor.py:161} INFO - Started process (PID=1293) to work on /home/airflow/.local/lib/python3.12/site-packages/airflow/example_dags/tutorial_taskflow_api.py
[2026-06-10T18:02:09.729+0000] {processor.py:830} INFO - Processing file /home/airflow/.local/lib/python3.12/site-packages/airflow/example_dags/tutorial_taskflow_api.py for tasks to queue
[2026-06-10T18:02:09.731+0000] {logging_mixin.py:188} INFO - [2026-06-10T18:02:09.730+0000] {dagbag.py:545} INFO - Filling up the DagBag from /home/airflow/.local/lib/python3.12/site-packages/airflow/example_dags/tutorial_taskflow_api.py
[2026-06-10T18:02:09.736+0000] {processor.py:840} INFO - DAG(s) 'tutorial_taskflow_api' retrieved from /home/airflow/.local/lib/python3.12/site-packages/airflow/example_dags/tutorial_taskflow_api.py
[2026-06-10T18:02:09.751+0000] {logging_mixin.py:188} INFO - [2026-06-10T18:02:09.751+0000] {dag.py:3089} INFO - Sync 1 DAGs
[2026-06-10T18:02:09.761+0000] {logging_mixin.py:188} INFO - [2026-06-10T18:02:09.761+0000] {dag.py:3947} INFO - Setting next_dagrun for tutorial_taskflow_api to None, run_after=None
[2026-06-10T18:02:09.776+0000] {processor.py:183} INFO - Processing /home/airflow/.local/lib/python3.12/site-packages/airflow/example_dags/tutorial_taskflow_api.py took 0.053 seconds
[2026-06-10T18:02:40.260+0000] {processor.py:161} INFO - Started process (PID=1354) to work on /home/airflow/.local/lib/python3.12/site-packages/airflow/example_dags/tutorial_taskflow_api.py
[2026-06-10T18:02:40.261+0000] {processor.py:830} INFO - Processing file /home/airflow/.local/lib/python3.12/site-packages/airflow/example_dags/tutorial_taskflow_api.py for tasks to queue
[2026-06-10T18:02:40.263+0000] {logging_mixin.py:188} INFO - [2026-06-10T18:02:40.262+0000] {dagbag.py:545} INFO - Filling up the DagBag from /home/airflow/.local/lib/python3.12/site-packages/airflow/example_dags/tutorial_taskflow_api.py
[2026-06-10T18:02:40.268+0000] {processor.py:840} INFO - DAG(s) 'tutorial_taskflow_api' retrieved from /home/airflow/.local/lib/python3.12/site-packages/airflow/example_dags/tutorial_taskflow_api.py
[2026-06-10T18:02:40.283+0000] {logging_mixin.py:188} INFO - [2026-06-10T18:02:40.283+0000] {dag.py:3089} INFO - Sync 1 DAGs
[2026-06-10T18:02:40.293+0000] {logging_mixin.py:188} INFO - [2026-06-10T18:02:40.293+0000] {dag.py:3947} INFO - Setting next_dagrun for tutorial_taskflow_api to None, run_after=None
[2026-06-10T18:02:40.308+0000] {processor.py:183} INFO - Processing /home/airflow/.local/lib/python3.12/site-packages/airflow/example_dags/tutorial_taskflow_api.py took 0.053 seconds
[2026-06-10T18:03:10.635+0000] {processor.py:161} INFO - Started process (PID=1415) to work on /home/airflow/.local/lib/python3.12/site-packages/airflow/example_dags/tutorial_taskflow_api.py
[2026-06-10T18:03:10.636+0000] {processor.py:830} INFO - Processing file /home/airflow/.local/lib/python3.12/site-packages/airflow/example_dags/tutorial_taskflow_api.py for tasks to queue
[2026-06-10T18:03:10.637+0000] {logging_mixin.py:188} INFO - [2026-06-10T18:03:10.637+0000] {dagbag.py:545} INFO - Filling up the DagBag from /home/airflow/.local/lib/python3.12/site-packages/airflow/example_dags/tutorial_taskflow_api.py
[2026-06-10T18:03:10.645+0000] {processor.py:840} INFO - DAG(s) 'tutorial_taskflow_api' retrieved from /home/airflow/.local/lib/python3.12/site-packages/airflow/example_dags/tutorial_taskflow_api.py
[2026-06-10T18:03:10.660+0000] {logging_mixin.py:188} INFO - [2026-06-10T18:03:10.660+0000] {dag.py:3089} INFO - Sync 1 DAGs
[2026-06-10T18:03:10.671+0000] {logging_mixin.py:188} INFO - [2026-06-10T18:03:10.671+0000] {dag.py:3947} INFO - Setting next_dagrun for tutorial_taskflow_api to None, run_after=None
[2026-06-10T18:03:10.702+0000] {processor.py:183} INFO - Processing /home/airflow/.local/lib/python3.12/site-packages/airflow/example_dags/tutorial_taskflow_api.py took 0.072 seconds
[2026-06-10T18:03:41.616+0000] {processor.py:161} INFO - Started process (PID=1476) to work on /home/airflow/.local/lib/python3.12/site-packages/airflow/example_dags/tutorial_taskflow_api.py
[2026-06-10T18:03:41.634+0000] {processor.py:830} INFO - Processing file /home/airflow/.local/lib/python3.12/site-packages/airflow/example_dags/tutorial_taskflow_api.py for tasks to queue
[2026-06-10T18:03:41.636+0000] {logging_mixin.py:188} INFO - [2026-06-10T18:03:41.636+0000] {dagbag.py:545} INFO - Filling up the DagBag from /home/airflow/.local/lib/python3.12/site-packages/airflow/example_dags/tutorial_taskflow_api.py
[2026-06-10T18:03:41.645+0000] {processor.py:840} INFO - DAG(s) 'tutorial_taskflow_api' retrieved from /home/airflow/.local/lib/python3.12/site-packages/airflow/example_dags/tutorial_taskflow_api.py
[2026-06-10T18:03:41.660+0000] {logging_mixin.py:188} INFO - [2026-06-10T18:03:41.660+0000] {dag.py:3089} INFO - Sync 1 DAGs
[2026-06-10T18:03:41.670+0000] {logging_mixin.py:188} INFO - [2026-06-10T18:03:41.670+0000] {dag.py:3947} INFO - Setting next_dagrun for tutorial_taskflow_api to None, run_after=None
[2026-06-10T18:03:41.700+0000] {processor.py:183} INFO - Processing /home/airflow/.local/lib/python3.12/site-packages/airflow/example_dags/tutorial_taskflow_api.py took 0.092 seconds
[2026-06-10T18:04:12.671+0000] {processor.py:161} INFO - Started process (PID=1537) to work on /home/airflow/.local/lib/python3.12/site-packages/airflow/example_dags/tutorial_taskflow_api.py
[2026-06-10T18:04:12.672+0000] {processor.py:830} INFO - Processing file /home/airflow/.local/lib/python3.12/site-packages/airflow/example_dags/tutorial_taskflow_api.py for tasks to queue
[2026-06-10T18:04:12.673+0000] {logging_mixin.py:188} INFO - [2026-06-10T18:04:12.673+0000] {dagbag.py:545} INFO - Filling up the DagBag from /home/airflow/.local/lib/python3.12/site-packages/airflow/example_dags/tutorial_taskflow_api.py
[2026-06-10T18:04:12.678+0000] {processor.py:840} INFO - DAG(s) 'tutorial_taskflow_api' retrieved from /home/airflow/.local/lib/python3.12/site-packages/airflow/example_dags/tutorial_taskflow_api.py
[2026-06-10T18:04:12.694+0000] {logging_mixin.py:188} INFO - [2026-06-10T18:04:12.694+0000] {dag.py:3089} INFO - Sync 1 DAGs
[2026-06-10T18:04:12.704+0000] {logging_mixin.py:188} INFO - [2026-06-10T18:04:12.704+0000] {dag.py:3947} INFO - Setting next_dagrun for tutorial_taskflow_api to None, run_after=None
[2026-06-10T18:04:12.719+0000] {processor.py:183} INFO - Processing /home/airflow/.local/lib/python3.12/site-packages/airflow/example_dags/tutorial_taskflow_api.py took 0.053 seconds
[2026-06-10T18:04:43.184+0000] {processor.py:161} INFO - Started process (PID=1598) to work on /home/airflow/.local/lib/python3.12/site-packages/airflow/example_dags/tutorial_taskflow_api.py
[2026-06-10T18:04:43.185+0000] {processor.py:830} INFO - Processing file /home/airflow/.local/lib/python3.12/site-packages/airflow/example_dags/tutorial_taskflow_api.py for tasks to queue
[2026-06-10T18:04:43.187+0000] {logging_mixin.py:188} INFO - [2026-06-10T18:04:43.186+0000] {dagbag.py:545} INFO - Filling up the DagBag from /home/airflow/.local/lib/python3.12/site-packages/airflow/example_dags/tutorial_taskflow_api.py
[2026-06-10T18:04:43.192+0000] {processor.py:840} INFO - DAG(s) 'tutorial_taskflow_api' retrieved from /home/airflow/.local/lib/python3.12/site-packages/airflow/example_dags/tutorial_taskflow_api.py
[2026-06-10T18:04:43.209+0000] {logging_mixin.py:188} INFO - [2026-06-10T18:04:43.208+0000] {dag.py:3089} INFO - Sync 1 DAGs
[2026-06-10T18:04:43.220+0000] {logging_mixin.py:188} INFO - [2026-06-10T18:04:43.219+0000] {dag.py:3947} INFO - Setting next_dagrun for tutorial_taskflow_api to None, run_after=None
[2026-06-10T18:04:43.234+0000] {processor.py:183} INFO - Processing /home/airflow/.local/lib/python3.12/site-packages/airflow/example_dags/tutorial_taskflow_api.py took 0.055 seconds
[2026-06-10T18:05:13.851+0000] {processor.py:161} INFO - Started process (PID=1659) to work on /home/airflow/.local/lib/python3.12/site-packages/airflow/example_dags/tutorial_taskflow_api.py
[2026-06-10T18:05:13.852+0000] {processor.py:830} INFO - Processing file /home/airflow/.local/lib/python3.12/site-packages/airflow/example_dags/tutorial_taskflow_api.py for tasks to queue
[2026-06-10T18:05:13.853+0000] {logging_mixin.py:188} INFO - [2026-06-10T18:05:13.853+0000] {dagbag.py:545} INFO - Filling up the DagBag from /home/airflow/.local/lib/python3.12/site-packages/airflow/example_dags/tutorial_taskflow_api.py
[2026-06-10T18:05:13.858+0000] {processor.py:840} INFO - DAG(s) 'tutorial_taskflow_api' retrieved from /home/airflow/.local/lib/python3.12/site-packages/airflow/example_dags/tutorial_taskflow_api.py
[2026-06-10T18:05:13.873+0000] {logging_mixin.py:188} INFO - [2026-06-10T18:05:13.873+0000] {dag.py:3089} INFO - Sync 1 DAGs
[2026-06-10T18:05:13.884+0000] {logging_mixin.py:188} INFO - [2026-06-10T18:05:13.884+0000] {dag.py:3947} INFO - Setting next_dagrun for tutorial_taskflow_api to None, run_after=None
[2026-06-10T18:05:13.899+0000] {processor.py:183} INFO - Processing /home/airflow/.local/lib/python3.12/site-packages/airflow/example_dags/tutorial_taskflow_api.py took 0.052 seconds
[2026-06-10T18:05:44.456+0000] {processor.py:161} INFO - Started process (PID=1720) to work on /home/airflow/.local/lib/python3.12/site-packages/airflow/example_dags/tutorial_taskflow_api.py
[2026-06-10T18:05:44.457+0000] {processor.py:830} INFO - Processing file /home/airflow/.local/lib/python3.12/site-packages/airflow/example_dags/tutorial_taskflow_api.py for tasks to queue
[2026-06-10T18:05:44.458+0000] {logging_mixin.py:188} INFO - [2026-06-10T18:05:44.458+0000] {dagbag.py:545} INFO - Filling up the DagBag from /home/airflow/.local/lib/python3.12/site-packages/airflow/example_dags/tutorial_taskflow_api.py
[2026-06-10T18:05:44.463+0000] {processor.py:840} INFO - DAG(s) 'tutorial_taskflow_api' retrieved from /home/airflow/.local/lib/python3.12/site-packages/airflow/example_dags/tutorial_taskflow_api.py
[2026-06-10T18:05:44.478+0000] {logging_mixin.py:188} INFO - [2026-06-10T18:05:44.478+0000] {dag.py:3089} INFO - Sync 1 DAGs
[2026-06-10T18:05:44.489+0000] {logging_mixin.py:188} INFO - [2026-06-10T18:05:44.489+0000] {dag.py:3947} INFO - Setting next_dagrun for tutorial_taskflow_api to None, run_after=None
[2026-06-10T18:05:44.503+0000] {processor.py:183} INFO - Processing /home/airflow/.local/lib/python3.12/site-packages/airflow/example_dags/tutorial_taskflow_api.py took 0.052 seconds
