[2026-06-08T14:23:42.251+0000] {local_task_job_runner.py:120} INFO - ::group::Pre task execution logs
[2026-06-08T14:23:42.270+0000] {taskinstance.py:2076} INFO - Dependencies all met for dep_context=non-requeueable deps ti=<TaskInstance: sales_order_pipeline.run_spark manual__2026-06-08T14:23:40.702534+00:00 [queued]>
[2026-06-08T14:23:42.276+0000] {taskinstance.py:2076} INFO - Dependencies all met for dep_context=requeueable deps ti=<TaskInstance: sales_order_pipeline.run_spark manual__2026-06-08T14:23:40.702534+00:00 [queued]>
[2026-06-08T14:23:42.276+0000] {taskinstance.py:2306} INFO - Starting attempt 1 of 1
[2026-06-08T14:23:42.286+0000] {taskinstance.py:2330} INFO - Executing <Task(BashOperator): run_spark> on 2026-06-08 14:23:40.702534+00:00
[2026-06-08T14:23:42.293+0000] {warnings.py:112} WARNING - /home/***/.local/lib/python3.12/site-packages/***/task/task_runner/standard_task_runner.py:62: DeprecationWarning: This process (pid=10002) is multi-threaded, use of fork() may lead to deadlocks in the child.
  pid = os.fork()

[2026-06-08T14:23:42.294+0000] {standard_task_runner.py:64} INFO - Started process 10004 to run task
[2026-06-08T14:23:42.294+0000] {standard_task_runner.py:90} INFO - Running: ['***', 'tasks', 'run', 'sales_order_pipeline', 'run_spark', 'manual__2026-06-08T14:23:40.702534+00:00', '--job-id', '22', '--raw', '--subdir', 'DAGS_FOLDER/test_dag.py', '--cfg-path', '/tmp/tmpslfrjr92']
[2026-06-08T14:23:42.296+0000] {standard_task_runner.py:91} INFO - Job 22: Subtask run_spark
[2026-06-08T14:23:42.333+0000] {task_command.py:426} INFO - Running <TaskInstance: sales_order_pipeline.run_spark manual__2026-06-08T14:23:40.702534+00:00 [running]> on host 626747883bb5
[2026-06-08T14:23:42.400+0000] {taskinstance.py:2648} INFO - Exporting env vars: AIRFLOW_CTX_DAG_OWNER='***' AIRFLOW_CTX_DAG_ID='sales_order_pipeline' AIRFLOW_CTX_TASK_ID='run_spark' AIRFLOW_CTX_EXECUTION_DATE='2026-06-08T14:23:40.702534+00:00' AIRFLOW_CTX_TRY_NUMBER='1' AIRFLOW_CTX_DAG_RUN_ID='manual__2026-06-08T14:23:40.702534+00:00'
[2026-06-08T14:23:42.401+0000] {taskinstance.py:430} INFO - ::endgroup::
[2026-06-08T14:23:42.401+0000] {subprocess.py:63} INFO - Tmp dir root location: /tmp
[2026-06-08T14:23:42.402+0000] {subprocess.py:75} INFO - Running command: ['/usr/bin/bash', '-c', '\n        spark-submit         --master spark://soumeshchnandradas-H310M-H:7077         /opt/***/dags/test_pyspark.py\n        ']
[2026-06-08T14:23:42.415+0000] {subprocess.py:86} INFO - Output:
[2026-06-08T14:23:42.417+0000] {subprocess.py:93} INFO - /usr/bin/bash: line 2: spark-submit: command not found
[2026-06-08T14:23:42.417+0000] {subprocess.py:97} INFO - Command exited with return code 127
[2026-06-08T14:23:42.418+0000] {taskinstance.py:441} INFO - ::group::Post task execution logs
[2026-06-08T14:23:42.425+0000] {taskinstance.py:2905} ERROR - Task failed with exception
Traceback (most recent call last):
  File "/home/airflow/.local/lib/python3.12/site-packages/airflow/models/taskinstance.py", line 465, in _execute_task
    result = _execute_callable(context=context, **execute_callable_kwargs)
             ^^^^^^^^^^^^^^^^^^^^^^^^^^^^^^^^^^^^^^^^^^^^^^^^^^^^^^^^^^^^^
  File "/home/airflow/.local/lib/python3.12/site-packages/airflow/models/taskinstance.py", line 432, in _execute_callable
    return execute_callable(context=context, **execute_callable_kwargs)
           ^^^^^^^^^^^^^^^^^^^^^^^^^^^^^^^^^^^^^^^^^^^^^^^^^^^^^^^^^^^^
  File "/home/airflow/.local/lib/python3.12/site-packages/airflow/models/baseoperator.py", line 401, in wrapper
    return func(self, *args, **kwargs)
           ^^^^^^^^^^^^^^^^^^^^^^^^^^^
  File "/home/airflow/.local/lib/python3.12/site-packages/airflow/operators/bash.py", line 243, in execute
    raise AirflowException(
airflow.exceptions.AirflowException: Bash command failed. The command returned a non-zero exit code 127.
[2026-06-08T14:23:42.431+0000] {taskinstance.py:1206} INFO - Marking task as FAILED. dag_id=sales_order_pipeline, task_id=run_spark, run_id=manual__2026-06-08T14:23:40.702534+00:00, execution_date=20260608T142340, start_date=20260608T142342, end_date=20260608T142342
[2026-06-08T14:23:42.440+0000] {standard_task_runner.py:110} ERROR - Failed to execute job 22 for task run_spark (Bash command failed. The command returned a non-zero exit code 127.; 10004)
[2026-06-08T14:23:42.467+0000] {local_task_job_runner.py:243} INFO - Task exited with return code 1
[2026-06-08T14:23:42.479+0000] {taskinstance.py:3503} INFO - 0 downstream tasks scheduled from follow-on schedule check
[2026-06-08T14:23:42.481+0000] {local_task_job_runner.py:222} INFO - ::endgroup::
