[2026-06-03T06:03:07.783+0000] {processor.py:161} INFO - Started process (PID=55) to work on /home/airflow/.local/lib/python3.12/site-packages/airflow/example_dags/example_branch_operator_decorator.py
[2026-06-03T06:03:07.783+0000] {processor.py:830} INFO - Processing file /home/airflow/.local/lib/python3.12/site-packages/airflow/example_dags/example_branch_operator_decorator.py for tasks to queue
[2026-06-03T06:03:07.785+0000] {logging_mixin.py:188} INFO - [2026-06-03T06:03:07.785+0000] {dagbag.py:545} INFO - Filling up the DagBag from /home/airflow/.local/lib/python3.12/site-packages/airflow/example_dags/example_branch_operator_decorator.py
[2026-06-03T06:03:07.809+0000] {processor.py:840} INFO - DAG(s) 'example_branch_python_operator_decorator' retrieved from /home/airflow/.local/lib/python3.12/site-packages/airflow/example_dags/example_branch_operator_decorator.py
[2026-06-03T06:03:07.923+0000] {logging_mixin.py:188} INFO - [2026-06-03T06:03:07.922+0000] {dag.py:3089} INFO - Sync 1 DAGs
[2026-06-03T06:03:07.947+0000] {logging_mixin.py:188} INFO - [2026-06-03T06:03:07.947+0000] {dag.py:3947} INFO - Setting next_dagrun for example_branch_python_operator_decorator to 2026-06-02 00:00:00+00:00, run_after=2026-06-03 00:00:00+00:00
[2026-06-03T06:03:07.972+0000] {processor.py:183} INFO - Processing /home/airflow/.local/lib/python3.12/site-packages/airflow/example_dags/example_branch_operator_decorator.py took 0.194 seconds
[2026-06-03T06:03:38.030+0000] {processor.py:161} INFO - Started process (PID=114) to work on /home/airflow/.local/lib/python3.12/site-packages/airflow/example_dags/example_branch_operator_decorator.py
[2026-06-03T06:03:38.030+0000] {processor.py:830} INFO - Processing file /home/airflow/.local/lib/python3.12/site-packages/airflow/example_dags/example_branch_operator_decorator.py for tasks to queue
[2026-06-03T06:03:38.031+0000] {logging_mixin.py:188} INFO - [2026-06-03T06:03:38.031+0000] {dagbag.py:545} INFO - Filling up the DagBag from /home/airflow/.local/lib/python3.12/site-packages/airflow/example_dags/example_branch_operator_decorator.py
[2026-06-03T06:03:38.048+0000] {processor.py:840} INFO - DAG(s) 'example_branch_python_operator_decorator' retrieved from /home/airflow/.local/lib/python3.12/site-packages/airflow/example_dags/example_branch_operator_decorator.py
[2026-06-03T06:03:38.071+0000] {logging_mixin.py:188} INFO - [2026-06-03T06:03:38.071+0000] {dag.py:3089} INFO - Sync 1 DAGs
[2026-06-03T06:03:38.089+0000] {logging_mixin.py:188} INFO - [2026-06-03T06:03:38.088+0000] {dag.py:3947} INFO - Setting next_dagrun for example_branch_python_operator_decorator to 2026-06-02 00:00:00+00:00, run_after=2026-06-03 00:00:00+00:00
[2026-06-03T06:03:38.103+0000] {processor.py:183} INFO - Processing /home/airflow/.local/lib/python3.12/site-packages/airflow/example_dags/example_branch_operator_decorator.py took 0.078 seconds
[2026-06-03T06:04:08.358+0000] {processor.py:161} INFO - Started process (PID=172) to work on /home/airflow/.local/lib/python3.12/site-packages/airflow/example_dags/example_branch_operator_decorator.py
[2026-06-03T06:04:08.359+0000] {processor.py:830} INFO - Processing file /home/airflow/.local/lib/python3.12/site-packages/airflow/example_dags/example_branch_operator_decorator.py for tasks to queue
[2026-06-03T06:04:08.360+0000] {logging_mixin.py:188} INFO - [2026-06-03T06:04:08.360+0000] {dagbag.py:545} INFO - Filling up the DagBag from /home/airflow/.local/lib/python3.12/site-packages/airflow/example_dags/example_branch_operator_decorator.py
[2026-06-03T06:04:08.377+0000] {processor.py:840} INFO - DAG(s) 'example_branch_python_operator_decorator' retrieved from /home/airflow/.local/lib/python3.12/site-packages/airflow/example_dags/example_branch_operator_decorator.py
[2026-06-03T06:04:08.401+0000] {logging_mixin.py:188} INFO - [2026-06-03T06:04:08.401+0000] {dag.py:3089} INFO - Sync 1 DAGs
[2026-06-03T06:04:08.419+0000] {logging_mixin.py:188} INFO - [2026-06-03T06:04:08.419+0000] {dag.py:3947} INFO - Setting next_dagrun for example_branch_python_operator_decorator to 2026-06-02 00:00:00+00:00, run_after=2026-06-03 00:00:00+00:00
[2026-06-03T06:04:08.434+0000] {processor.py:183} INFO - Processing /home/airflow/.local/lib/python3.12/site-packages/airflow/example_dags/example_branch_operator_decorator.py took 0.081 seconds
[2026-06-03T06:04:38.562+0000] {processor.py:161} INFO - Started process (PID=230) to work on /home/airflow/.local/lib/python3.12/site-packages/airflow/example_dags/example_branch_operator_decorator.py
[2026-06-03T06:04:38.563+0000] {processor.py:830} INFO - Processing file /home/airflow/.local/lib/python3.12/site-packages/airflow/example_dags/example_branch_operator_decorator.py for tasks to queue
[2026-06-03T06:04:38.564+0000] {logging_mixin.py:188} INFO - [2026-06-03T06:04:38.564+0000] {dagbag.py:545} INFO - Filling up the DagBag from /home/airflow/.local/lib/python3.12/site-packages/airflow/example_dags/example_branch_operator_decorator.py
[2026-06-03T06:04:38.581+0000] {processor.py:840} INFO - DAG(s) 'example_branch_python_operator_decorator' retrieved from /home/airflow/.local/lib/python3.12/site-packages/airflow/example_dags/example_branch_operator_decorator.py
[2026-06-03T06:04:38.605+0000] {logging_mixin.py:188} INFO - [2026-06-03T06:04:38.605+0000] {dag.py:3089} INFO - Sync 1 DAGs
[2026-06-03T06:04:38.624+0000] {logging_mixin.py:188} INFO - [2026-06-03T06:04:38.624+0000] {dag.py:3947} INFO - Setting next_dagrun for example_branch_python_operator_decorator to 2026-06-02 00:00:00+00:00, run_after=2026-06-03 00:00:00+00:00
[2026-06-03T06:04:38.638+0000] {processor.py:183} INFO - Processing /home/airflow/.local/lib/python3.12/site-packages/airflow/example_dags/example_branch_operator_decorator.py took 0.081 seconds
[2026-06-03T06:05:09.132+0000] {processor.py:161} INFO - Started process (PID=287) to work on /home/airflow/.local/lib/python3.12/site-packages/airflow/example_dags/example_branch_operator_decorator.py
[2026-06-03T06:05:09.133+0000] {processor.py:830} INFO - Processing file /home/airflow/.local/lib/python3.12/site-packages/airflow/example_dags/example_branch_operator_decorator.py for tasks to queue
[2026-06-03T06:05:09.134+0000] {logging_mixin.py:188} INFO - [2026-06-03T06:05:09.134+0000] {dagbag.py:545} INFO - Filling up the DagBag from /home/airflow/.local/lib/python3.12/site-packages/airflow/example_dags/example_branch_operator_decorator.py
[2026-06-03T06:05:09.152+0000] {processor.py:840} INFO - DAG(s) 'example_branch_python_operator_decorator' retrieved from /home/airflow/.local/lib/python3.12/site-packages/airflow/example_dags/example_branch_operator_decorator.py
[2026-06-03T06:05:09.176+0000] {logging_mixin.py:188} INFO - [2026-06-03T06:05:09.176+0000] {dag.py:3089} INFO - Sync 1 DAGs
[2026-06-03T06:05:09.195+0000] {logging_mixin.py:188} INFO - [2026-06-03T06:05:09.195+0000] {dag.py:3947} INFO - Setting next_dagrun for example_branch_python_operator_decorator to 2026-06-02 00:00:00+00:00, run_after=2026-06-03 00:00:00+00:00
[2026-06-03T06:05:09.210+0000] {processor.py:183} INFO - Processing /home/airflow/.local/lib/python3.12/site-packages/airflow/example_dags/example_branch_operator_decorator.py took 0.082 seconds
[2026-06-03T06:05:39.499+0000] {processor.py:161} INFO - Started process (PID=345) to work on /home/airflow/.local/lib/python3.12/site-packages/airflow/example_dags/example_branch_operator_decorator.py
[2026-06-03T06:05:39.501+0000] {processor.py:830} INFO - Processing file /home/airflow/.local/lib/python3.12/site-packages/airflow/example_dags/example_branch_operator_decorator.py for tasks to queue
[2026-06-03T06:05:39.502+0000] {logging_mixin.py:188} INFO - [2026-06-03T06:05:39.502+0000] {dagbag.py:545} INFO - Filling up the DagBag from /home/airflow/.local/lib/python3.12/site-packages/airflow/example_dags/example_branch_operator_decorator.py
[2026-06-03T06:05:39.526+0000] {processor.py:840} INFO - DAG(s) 'example_branch_python_operator_decorator' retrieved from /home/airflow/.local/lib/python3.12/site-packages/airflow/example_dags/example_branch_operator_decorator.py
[2026-06-03T06:05:39.553+0000] {logging_mixin.py:188} INFO - [2026-06-03T06:05:39.552+0000] {dag.py:3089} INFO - Sync 1 DAGs
[2026-06-03T06:05:39.572+0000] {logging_mixin.py:188} INFO - [2026-06-03T06:05:39.572+0000] {dag.py:3947} INFO - Setting next_dagrun for example_branch_python_operator_decorator to 2026-06-02 00:00:00+00:00, run_after=2026-06-03 00:00:00+00:00
[2026-06-03T06:05:39.587+0000] {processor.py:183} INFO - Processing /home/airflow/.local/lib/python3.12/site-packages/airflow/example_dags/example_branch_operator_decorator.py took 0.093 seconds
[2026-06-03T06:06:10.062+0000] {processor.py:161} INFO - Started process (PID=403) to work on /home/airflow/.local/lib/python3.12/site-packages/airflow/example_dags/example_branch_operator_decorator.py
[2026-06-03T06:06:10.064+0000] {processor.py:830} INFO - Processing file /home/airflow/.local/lib/python3.12/site-packages/airflow/example_dags/example_branch_operator_decorator.py for tasks to queue
[2026-06-03T06:06:10.066+0000] {logging_mixin.py:188} INFO - [2026-06-03T06:06:10.065+0000] {dagbag.py:545} INFO - Filling up the DagBag from /home/airflow/.local/lib/python3.12/site-packages/airflow/example_dags/example_branch_operator_decorator.py
[2026-06-03T06:06:10.090+0000] {processor.py:840} INFO - DAG(s) 'example_branch_python_operator_decorator' retrieved from /home/airflow/.local/lib/python3.12/site-packages/airflow/example_dags/example_branch_operator_decorator.py
[2026-06-03T06:06:10.121+0000] {logging_mixin.py:188} INFO - [2026-06-03T06:06:10.120+0000] {dag.py:3089} INFO - Sync 1 DAGs
[2026-06-03T06:06:10.146+0000] {logging_mixin.py:188} INFO - [2026-06-03T06:06:10.145+0000] {dag.py:3947} INFO - Setting next_dagrun for example_branch_python_operator_decorator to 2026-06-02 00:00:00+00:00, run_after=2026-06-03 00:00:00+00:00
[2026-06-03T06:06:10.170+0000] {processor.py:183} INFO - Processing /home/airflow/.local/lib/python3.12/site-packages/airflow/example_dags/example_branch_operator_decorator.py took 0.113 seconds
[2026-06-03T06:06:41.107+0000] {processor.py:161} INFO - Started process (PID=461) to work on /home/airflow/.local/lib/python3.12/site-packages/airflow/example_dags/example_branch_operator_decorator.py
[2026-06-03T06:06:41.108+0000] {processor.py:830} INFO - Processing file /home/airflow/.local/lib/python3.12/site-packages/airflow/example_dags/example_branch_operator_decorator.py for tasks to queue
[2026-06-03T06:06:41.109+0000] {logging_mixin.py:188} INFO - [2026-06-03T06:06:41.109+0000] {dagbag.py:545} INFO - Filling up the DagBag from /home/airflow/.local/lib/python3.12/site-packages/airflow/example_dags/example_branch_operator_decorator.py
[2026-06-03T06:06:41.126+0000] {processor.py:840} INFO - DAG(s) 'example_branch_python_operator_decorator' retrieved from /home/airflow/.local/lib/python3.12/site-packages/airflow/example_dags/example_branch_operator_decorator.py
[2026-06-03T06:06:41.150+0000] {logging_mixin.py:188} INFO - [2026-06-03T06:06:41.149+0000] {dag.py:3089} INFO - Sync 1 DAGs
[2026-06-03T06:06:41.168+0000] {logging_mixin.py:188} INFO - [2026-06-03T06:06:41.168+0000] {dag.py:3947} INFO - Setting next_dagrun for example_branch_python_operator_decorator to 2026-06-02 00:00:00+00:00, run_after=2026-06-03 00:00:00+00:00
[2026-06-03T06:06:41.184+0000] {processor.py:183} INFO - Processing /home/airflow/.local/lib/python3.12/site-packages/airflow/example_dags/example_branch_operator_decorator.py took 0.082 seconds
[2026-06-03T06:07:11.299+0000] {processor.py:161} INFO - Started process (PID=519) to work on /home/airflow/.local/lib/python3.12/site-packages/airflow/example_dags/example_branch_operator_decorator.py
[2026-06-03T06:07:11.300+0000] {processor.py:830} INFO - Processing file /home/airflow/.local/lib/python3.12/site-packages/airflow/example_dags/example_branch_operator_decorator.py for tasks to queue
[2026-06-03T06:07:11.301+0000] {logging_mixin.py:188} INFO - [2026-06-03T06:07:11.301+0000] {dagbag.py:545} INFO - Filling up the DagBag from /home/airflow/.local/lib/python3.12/site-packages/airflow/example_dags/example_branch_operator_decorator.py
[2026-06-03T06:07:11.318+0000] {processor.py:840} INFO - DAG(s) 'example_branch_python_operator_decorator' retrieved from /home/airflow/.local/lib/python3.12/site-packages/airflow/example_dags/example_branch_operator_decorator.py
[2026-06-03T06:07:11.342+0000] {logging_mixin.py:188} INFO - [2026-06-03T06:07:11.341+0000] {dag.py:3089} INFO - Sync 1 DAGs
[2026-06-03T06:07:11.360+0000] {logging_mixin.py:188} INFO - [2026-06-03T06:07:11.360+0000] {dag.py:3947} INFO - Setting next_dagrun for example_branch_python_operator_decorator to 2026-06-02 00:00:00+00:00, run_after=2026-06-03 00:00:00+00:00
[2026-06-03T06:07:11.375+0000] {processor.py:183} INFO - Processing /home/airflow/.local/lib/python3.12/site-packages/airflow/example_dags/example_branch_operator_decorator.py took 0.080 seconds
[2026-06-03T06:07:41.609+0000] {processor.py:161} INFO - Started process (PID=577) to work on /home/airflow/.local/lib/python3.12/site-packages/airflow/example_dags/example_branch_operator_decorator.py
[2026-06-03T06:07:41.611+0000] {processor.py:830} INFO - Processing file /home/airflow/.local/lib/python3.12/site-packages/airflow/example_dags/example_branch_operator_decorator.py for tasks to queue
[2026-06-03T06:07:41.613+0000] {logging_mixin.py:188} INFO - [2026-06-03T06:07:41.612+0000] {dagbag.py:545} INFO - Filling up the DagBag from /home/airflow/.local/lib/python3.12/site-packages/airflow/example_dags/example_branch_operator_decorator.py
[2026-06-03T06:07:41.638+0000] {processor.py:840} INFO - DAG(s) 'example_branch_python_operator_decorator' retrieved from /home/airflow/.local/lib/python3.12/site-packages/airflow/example_dags/example_branch_operator_decorator.py
[2026-06-03T06:07:41.662+0000] {logging_mixin.py:188} INFO - [2026-06-03T06:07:41.662+0000] {dag.py:3089} INFO - Sync 1 DAGs
[2026-06-03T06:07:41.681+0000] {logging_mixin.py:188} INFO - [2026-06-03T06:07:41.681+0000] {dag.py:3947} INFO - Setting next_dagrun for example_branch_python_operator_decorator to 2026-06-02 00:00:00+00:00, run_after=2026-06-03 00:00:00+00:00
[2026-06-03T06:07:41.699+0000] {processor.py:183} INFO - Processing /home/airflow/.local/lib/python3.12/site-packages/airflow/example_dags/example_branch_operator_decorator.py took 0.097 seconds
[2026-06-03T06:08:12.013+0000] {processor.py:161} INFO - Started process (PID=635) to work on /home/airflow/.local/lib/python3.12/site-packages/airflow/example_dags/example_branch_operator_decorator.py
[2026-06-03T06:08:12.014+0000] {processor.py:830} INFO - Processing file /home/airflow/.local/lib/python3.12/site-packages/airflow/example_dags/example_branch_operator_decorator.py for tasks to queue
[2026-06-03T06:08:12.016+0000] {logging_mixin.py:188} INFO - [2026-06-03T06:08:12.016+0000] {dagbag.py:545} INFO - Filling up the DagBag from /home/airflow/.local/lib/python3.12/site-packages/airflow/example_dags/example_branch_operator_decorator.py
[2026-06-03T06:08:12.043+0000] {processor.py:840} INFO - DAG(s) 'example_branch_python_operator_decorator' retrieved from /home/airflow/.local/lib/python3.12/site-packages/airflow/example_dags/example_branch_operator_decorator.py
[2026-06-03T06:08:12.066+0000] {logging_mixin.py:188} INFO - [2026-06-03T06:08:12.065+0000] {dag.py:3089} INFO - Sync 1 DAGs
[2026-06-03T06:08:12.084+0000] {logging_mixin.py:188} INFO - [2026-06-03T06:08:12.084+0000] {dag.py:3947} INFO - Setting next_dagrun for example_branch_python_operator_decorator to 2026-06-02 00:00:00+00:00, run_after=2026-06-03 00:00:00+00:00
[2026-06-03T06:08:12.100+0000] {processor.py:183} INFO - Processing /home/airflow/.local/lib/python3.12/site-packages/airflow/example_dags/example_branch_operator_decorator.py took 0.098 seconds
[2026-06-03T06:08:42.696+0000] {processor.py:161} INFO - Started process (PID=693) to work on /home/airflow/.local/lib/python3.12/site-packages/airflow/example_dags/example_branch_operator_decorator.py
[2026-06-03T06:08:42.827+0000] {processor.py:830} INFO - Processing file /home/airflow/.local/lib/python3.12/site-packages/airflow/example_dags/example_branch_operator_decorator.py for tasks to queue
[2026-06-03T06:08:42.829+0000] {logging_mixin.py:188} INFO - [2026-06-03T06:08:42.828+0000] {dagbag.py:545} INFO - Filling up the DagBag from /home/airflow/.local/lib/python3.12/site-packages/airflow/example_dags/example_branch_operator_decorator.py
[2026-06-03T06:08:42.846+0000] {processor.py:840} INFO - DAG(s) 'example_branch_python_operator_decorator' retrieved from /home/airflow/.local/lib/python3.12/site-packages/airflow/example_dags/example_branch_operator_decorator.py
[2026-06-03T06:08:42.871+0000] {logging_mixin.py:188} INFO - [2026-06-03T06:08:42.870+0000] {dag.py:3089} INFO - Sync 1 DAGs
[2026-06-03T06:08:42.890+0000] {logging_mixin.py:188} INFO - [2026-06-03T06:08:42.890+0000] {dag.py:3947} INFO - Setting next_dagrun for example_branch_python_operator_decorator to 2026-06-02 00:00:00+00:00, run_after=2026-06-03 00:00:00+00:00
[2026-06-03T06:08:43.170+0000] {processor.py:183} INFO - Processing /home/airflow/.local/lib/python3.12/site-packages/airflow/example_dags/example_branch_operator_decorator.py took 0.479 seconds
[2026-06-03T06:09:15.471+0000] {processor.py:161} INFO - Started process (PID=756) to work on /home/airflow/.local/lib/python3.12/site-packages/airflow/example_dags/example_branch_operator_decorator.py
[2026-06-03T06:09:15.472+0000] {processor.py:830} INFO - Processing file /home/airflow/.local/lib/python3.12/site-packages/airflow/example_dags/example_branch_operator_decorator.py for tasks to queue
[2026-06-03T06:09:15.473+0000] {logging_mixin.py:188} INFO - [2026-06-03T06:09:15.473+0000] {dagbag.py:545} INFO - Filling up the DagBag from /home/airflow/.local/lib/python3.12/site-packages/airflow/example_dags/example_branch_operator_decorator.py
[2026-06-03T06:09:15.493+0000] {processor.py:840} INFO - DAG(s) 'example_branch_python_operator_decorator' retrieved from /home/airflow/.local/lib/python3.12/site-packages/airflow/example_dags/example_branch_operator_decorator.py
[2026-06-03T06:09:15.517+0000] {logging_mixin.py:188} INFO - [2026-06-03T06:09:15.517+0000] {dag.py:3089} INFO - Sync 1 DAGs
[2026-06-03T06:09:15.535+0000] {logging_mixin.py:188} INFO - [2026-06-03T06:09:15.535+0000] {dag.py:3947} INFO - Setting next_dagrun for example_branch_python_operator_decorator to 2026-06-02 00:00:00+00:00, run_after=2026-06-03 00:00:00+00:00
[2026-06-03T06:09:15.554+0000] {processor.py:183} INFO - Processing /home/airflow/.local/lib/python3.12/site-packages/airflow/example_dags/example_branch_operator_decorator.py took 0.088 seconds
[2026-06-03T06:09:45.705+0000] {processor.py:161} INFO - Started process (PID=814) to work on /home/airflow/.local/lib/python3.12/site-packages/airflow/example_dags/example_branch_operator_decorator.py
[2026-06-03T06:09:45.706+0000] {processor.py:830} INFO - Processing file /home/airflow/.local/lib/python3.12/site-packages/airflow/example_dags/example_branch_operator_decorator.py for tasks to queue
[2026-06-03T06:09:45.708+0000] {logging_mixin.py:188} INFO - [2026-06-03T06:09:45.708+0000] {dagbag.py:545} INFO - Filling up the DagBag from /home/airflow/.local/lib/python3.12/site-packages/airflow/example_dags/example_branch_operator_decorator.py
[2026-06-03T06:09:45.729+0000] {processor.py:840} INFO - DAG(s) 'example_branch_python_operator_decorator' retrieved from /home/airflow/.local/lib/python3.12/site-packages/airflow/example_dags/example_branch_operator_decorator.py
[2026-06-03T06:09:45.753+0000] {logging_mixin.py:188} INFO - [2026-06-03T06:09:45.753+0000] {dag.py:3089} INFO - Sync 1 DAGs
[2026-06-03T06:09:45.772+0000] {logging_mixin.py:188} INFO - [2026-06-03T06:09:45.772+0000] {dag.py:3947} INFO - Setting next_dagrun for example_branch_python_operator_decorator to 2026-06-02 00:00:00+00:00, run_after=2026-06-03 00:00:00+00:00
[2026-06-03T06:09:45.786+0000] {processor.py:183} INFO - Processing /home/airflow/.local/lib/python3.12/site-packages/airflow/example_dags/example_branch_operator_decorator.py took 0.087 seconds
[2026-06-03T06:10:16.393+0000] {processor.py:161} INFO - Started process (PID=871) to work on /home/airflow/.local/lib/python3.12/site-packages/airflow/example_dags/example_branch_operator_decorator.py
[2026-06-03T06:10:16.394+0000] {processor.py:830} INFO - Processing file /home/airflow/.local/lib/python3.12/site-packages/airflow/example_dags/example_branch_operator_decorator.py for tasks to queue
[2026-06-03T06:10:16.395+0000] {logging_mixin.py:188} INFO - [2026-06-03T06:10:16.395+0000] {dagbag.py:545} INFO - Filling up the DagBag from /home/airflow/.local/lib/python3.12/site-packages/airflow/example_dags/example_branch_operator_decorator.py
[2026-06-03T06:10:16.413+0000] {processor.py:840} INFO - DAG(s) 'example_branch_python_operator_decorator' retrieved from /home/airflow/.local/lib/python3.12/site-packages/airflow/example_dags/example_branch_operator_decorator.py
[2026-06-03T06:10:16.437+0000] {logging_mixin.py:188} INFO - [2026-06-03T06:10:16.436+0000] {dag.py:3089} INFO - Sync 1 DAGs
[2026-06-03T06:10:16.455+0000] {logging_mixin.py:188} INFO - [2026-06-03T06:10:16.455+0000] {dag.py:3947} INFO - Setting next_dagrun for example_branch_python_operator_decorator to 2026-06-02 00:00:00+00:00, run_after=2026-06-03 00:00:00+00:00
[2026-06-03T06:10:16.472+0000] {processor.py:183} INFO - Processing /home/airflow/.local/lib/python3.12/site-packages/airflow/example_dags/example_branch_operator_decorator.py took 0.084 seconds
[2026-06-03T06:10:46.795+0000] {processor.py:161} INFO - Started process (PID=929) to work on /home/airflow/.local/lib/python3.12/site-packages/airflow/example_dags/example_branch_operator_decorator.py
[2026-06-03T06:10:46.797+0000] {processor.py:830} INFO - Processing file /home/airflow/.local/lib/python3.12/site-packages/airflow/example_dags/example_branch_operator_decorator.py for tasks to queue
[2026-06-03T06:10:46.798+0000] {logging_mixin.py:188} INFO - [2026-06-03T06:10:46.798+0000] {dagbag.py:545} INFO - Filling up the DagBag from /home/airflow/.local/lib/python3.12/site-packages/airflow/example_dags/example_branch_operator_decorator.py
[2026-06-03T06:10:46.815+0000] {processor.py:840} INFO - DAG(s) 'example_branch_python_operator_decorator' retrieved from /home/airflow/.local/lib/python3.12/site-packages/airflow/example_dags/example_branch_operator_decorator.py
[2026-06-03T06:10:46.839+0000] {logging_mixin.py:188} INFO - [2026-06-03T06:10:46.838+0000] {dag.py:3089} INFO - Sync 1 DAGs
[2026-06-03T06:10:46.858+0000] {logging_mixin.py:188} INFO - [2026-06-03T06:10:46.858+0000] {dag.py:3947} INFO - Setting next_dagrun for example_branch_python_operator_decorator to 2026-06-02 00:00:00+00:00, run_after=2026-06-03 00:00:00+00:00
[2026-06-03T06:10:46.873+0000] {processor.py:183} INFO - Processing /home/airflow/.local/lib/python3.12/site-packages/airflow/example_dags/example_branch_operator_decorator.py took 0.082 seconds
[2026-06-03T06:11:17.236+0000] {processor.py:161} INFO - Started process (PID=987) to work on /home/airflow/.local/lib/python3.12/site-packages/airflow/example_dags/example_branch_operator_decorator.py
[2026-06-03T06:11:17.237+0000] {processor.py:830} INFO - Processing file /home/airflow/.local/lib/python3.12/site-packages/airflow/example_dags/example_branch_operator_decorator.py for tasks to queue
[2026-06-03T06:11:17.238+0000] {logging_mixin.py:188} INFO - [2026-06-03T06:11:17.238+0000] {dagbag.py:545} INFO - Filling up the DagBag from /home/airflow/.local/lib/python3.12/site-packages/airflow/example_dags/example_branch_operator_decorator.py
[2026-06-03T06:11:17.256+0000] {processor.py:840} INFO - DAG(s) 'example_branch_python_operator_decorator' retrieved from /home/airflow/.local/lib/python3.12/site-packages/airflow/example_dags/example_branch_operator_decorator.py
[2026-06-03T06:11:17.280+0000] {logging_mixin.py:188} INFO - [2026-06-03T06:11:17.280+0000] {dag.py:3089} INFO - Sync 1 DAGs
[2026-06-03T06:11:17.299+0000] {logging_mixin.py:188} INFO - [2026-06-03T06:11:17.299+0000] {dag.py:3947} INFO - Setting next_dagrun for example_branch_python_operator_decorator to 2026-06-02 00:00:00+00:00, run_after=2026-06-03 00:00:00+00:00
[2026-06-03T06:11:17.317+0000] {processor.py:183} INFO - Processing /home/airflow/.local/lib/python3.12/site-packages/airflow/example_dags/example_branch_operator_decorator.py took 0.086 seconds
[2026-06-03T06:11:47.636+0000] {processor.py:161} INFO - Started process (PID=1045) to work on /home/airflow/.local/lib/python3.12/site-packages/airflow/example_dags/example_branch_operator_decorator.py
[2026-06-03T06:11:47.636+0000] {processor.py:830} INFO - Processing file /home/airflow/.local/lib/python3.12/site-packages/airflow/example_dags/example_branch_operator_decorator.py for tasks to queue
[2026-06-03T06:11:47.638+0000] {logging_mixin.py:188} INFO - [2026-06-03T06:11:47.638+0000] {dagbag.py:545} INFO - Filling up the DagBag from /home/airflow/.local/lib/python3.12/site-packages/airflow/example_dags/example_branch_operator_decorator.py
[2026-06-03T06:11:47.656+0000] {processor.py:840} INFO - DAG(s) 'example_branch_python_operator_decorator' retrieved from /home/airflow/.local/lib/python3.12/site-packages/airflow/example_dags/example_branch_operator_decorator.py
[2026-06-03T06:11:47.680+0000] {logging_mixin.py:188} INFO - [2026-06-03T06:11:47.680+0000] {dag.py:3089} INFO - Sync 1 DAGs
[2026-06-03T06:11:47.704+0000] {logging_mixin.py:188} INFO - [2026-06-03T06:11:47.704+0000] {dag.py:3947} INFO - Setting next_dagrun for example_branch_python_operator_decorator to 2026-06-02 00:00:00+00:00, run_after=2026-06-03 00:00:00+00:00
[2026-06-03T06:11:47.720+0000] {processor.py:183} INFO - Processing /home/airflow/.local/lib/python3.12/site-packages/airflow/example_dags/example_branch_operator_decorator.py took 0.090 seconds
[2026-06-03T06:12:18.004+0000] {processor.py:161} INFO - Started process (PID=1103) to work on /home/airflow/.local/lib/python3.12/site-packages/airflow/example_dags/example_branch_operator_decorator.py
[2026-06-03T06:12:18.005+0000] {processor.py:830} INFO - Processing file /home/airflow/.local/lib/python3.12/site-packages/airflow/example_dags/example_branch_operator_decorator.py for tasks to queue
[2026-06-03T06:12:18.006+0000] {logging_mixin.py:188} INFO - [2026-06-03T06:12:18.006+0000] {dagbag.py:545} INFO - Filling up the DagBag from /home/airflow/.local/lib/python3.12/site-packages/airflow/example_dags/example_branch_operator_decorator.py
[2026-06-03T06:12:18.023+0000] {processor.py:840} INFO - DAG(s) 'example_branch_python_operator_decorator' retrieved from /home/airflow/.local/lib/python3.12/site-packages/airflow/example_dags/example_branch_operator_decorator.py
[2026-06-03T06:12:18.047+0000] {logging_mixin.py:188} INFO - [2026-06-03T06:12:18.047+0000] {dag.py:3089} INFO - Sync 1 DAGs
[2026-06-03T06:12:18.066+0000] {logging_mixin.py:188} INFO - [2026-06-03T06:12:18.066+0000] {dag.py:3947} INFO - Setting next_dagrun for example_branch_python_operator_decorator to 2026-06-02 00:00:00+00:00, run_after=2026-06-03 00:00:00+00:00
[2026-06-03T06:12:18.080+0000] {processor.py:183} INFO - Processing /home/airflow/.local/lib/python3.12/site-packages/airflow/example_dags/example_branch_operator_decorator.py took 0.081 seconds
[2026-06-03T06:12:48.354+0000] {processor.py:161} INFO - Started process (PID=1161) to work on /home/airflow/.local/lib/python3.12/site-packages/airflow/example_dags/example_branch_operator_decorator.py
[2026-06-03T06:12:48.354+0000] {processor.py:830} INFO - Processing file /home/airflow/.local/lib/python3.12/site-packages/airflow/example_dags/example_branch_operator_decorator.py for tasks to queue
[2026-06-03T06:12:48.356+0000] {logging_mixin.py:188} INFO - [2026-06-03T06:12:48.355+0000] {dagbag.py:545} INFO - Filling up the DagBag from /home/airflow/.local/lib/python3.12/site-packages/airflow/example_dags/example_branch_operator_decorator.py
[2026-06-03T06:12:48.375+0000] {processor.py:840} INFO - DAG(s) 'example_branch_python_operator_decorator' retrieved from /home/airflow/.local/lib/python3.12/site-packages/airflow/example_dags/example_branch_operator_decorator.py
[2026-06-03T06:12:48.399+0000] {logging_mixin.py:188} INFO - [2026-06-03T06:12:48.398+0000] {dag.py:3089} INFO - Sync 1 DAGs
[2026-06-03T06:12:48.417+0000] {logging_mixin.py:188} INFO - [2026-06-03T06:12:48.417+0000] {dag.py:3947} INFO - Setting next_dagrun for example_branch_python_operator_decorator to 2026-06-02 00:00:00+00:00, run_after=2026-06-03 00:00:00+00:00
[2026-06-03T06:12:48.432+0000] {processor.py:183} INFO - Processing /home/airflow/.local/lib/python3.12/site-packages/airflow/example_dags/example_branch_operator_decorator.py took 0.083 seconds
[2026-06-03T06:13:18.631+0000] {processor.py:161} INFO - Started process (PID=1219) to work on /home/airflow/.local/lib/python3.12/site-packages/airflow/example_dags/example_branch_operator_decorator.py
[2026-06-03T06:13:18.631+0000] {processor.py:830} INFO - Processing file /home/airflow/.local/lib/python3.12/site-packages/airflow/example_dags/example_branch_operator_decorator.py for tasks to queue
[2026-06-03T06:13:18.633+0000] {logging_mixin.py:188} INFO - [2026-06-03T06:13:18.632+0000] {dagbag.py:545} INFO - Filling up the DagBag from /home/airflow/.local/lib/python3.12/site-packages/airflow/example_dags/example_branch_operator_decorator.py
[2026-06-03T06:13:18.650+0000] {processor.py:840} INFO - DAG(s) 'example_branch_python_operator_decorator' retrieved from /home/airflow/.local/lib/python3.12/site-packages/airflow/example_dags/example_branch_operator_decorator.py
[2026-06-03T06:13:18.674+0000] {logging_mixin.py:188} INFO - [2026-06-03T06:13:18.674+0000] {dag.py:3089} INFO - Sync 1 DAGs
[2026-06-03T06:13:18.694+0000] {logging_mixin.py:188} INFO - [2026-06-03T06:13:18.694+0000] {dag.py:3947} INFO - Setting next_dagrun for example_branch_python_operator_decorator to 2026-06-02 00:00:00+00:00, run_after=2026-06-03 00:00:00+00:00
[2026-06-03T06:13:18.709+0000] {processor.py:183} INFO - Processing /home/airflow/.local/lib/python3.12/site-packages/airflow/example_dags/example_branch_operator_decorator.py took 0.084 seconds
[2026-06-03T06:13:48.843+0000] {processor.py:161} INFO - Started process (PID=1277) to work on /home/airflow/.local/lib/python3.12/site-packages/airflow/example_dags/example_branch_operator_decorator.py
[2026-06-03T06:13:48.845+0000] {processor.py:830} INFO - Processing file /home/airflow/.local/lib/python3.12/site-packages/airflow/example_dags/example_branch_operator_decorator.py for tasks to queue
[2026-06-03T06:13:48.846+0000] {logging_mixin.py:188} INFO - [2026-06-03T06:13:48.846+0000] {dagbag.py:545} INFO - Filling up the DagBag from /home/airflow/.local/lib/python3.12/site-packages/airflow/example_dags/example_branch_operator_decorator.py
[2026-06-03T06:13:48.863+0000] {processor.py:840} INFO - DAG(s) 'example_branch_python_operator_decorator' retrieved from /home/airflow/.local/lib/python3.12/site-packages/airflow/example_dags/example_branch_operator_decorator.py
[2026-06-03T06:13:48.887+0000] {logging_mixin.py:188} INFO - [2026-06-03T06:13:48.886+0000] {dag.py:3089} INFO - Sync 1 DAGs
[2026-06-03T06:13:48.906+0000] {logging_mixin.py:188} INFO - [2026-06-03T06:13:48.906+0000] {dag.py:3947} INFO - Setting next_dagrun for example_branch_python_operator_decorator to 2026-06-02 00:00:00+00:00, run_after=2026-06-03 00:00:00+00:00
[2026-06-03T06:13:48.921+0000] {processor.py:183} INFO - Processing /home/airflow/.local/lib/python3.12/site-packages/airflow/example_dags/example_branch_operator_decorator.py took 0.082 seconds
[2026-06-03T06:14:19.201+0000] {processor.py:161} INFO - Started process (PID=1335) to work on /home/airflow/.local/lib/python3.12/site-packages/airflow/example_dags/example_branch_operator_decorator.py
[2026-06-03T06:14:19.201+0000] {processor.py:830} INFO - Processing file /home/airflow/.local/lib/python3.12/site-packages/airflow/example_dags/example_branch_operator_decorator.py for tasks to queue
[2026-06-03T06:14:19.203+0000] {logging_mixin.py:188} INFO - [2026-06-03T06:14:19.202+0000] {dagbag.py:545} INFO - Filling up the DagBag from /home/airflow/.local/lib/python3.12/site-packages/airflow/example_dags/example_branch_operator_decorator.py
[2026-06-03T06:14:19.220+0000] {processor.py:840} INFO - DAG(s) 'example_branch_python_operator_decorator' retrieved from /home/airflow/.local/lib/python3.12/site-packages/airflow/example_dags/example_branch_operator_decorator.py
[2026-06-03T06:14:19.243+0000] {logging_mixin.py:188} INFO - [2026-06-03T06:14:19.243+0000] {dag.py:3089} INFO - Sync 1 DAGs
[2026-06-03T06:14:19.263+0000] {logging_mixin.py:188} INFO - [2026-06-03T06:14:19.262+0000] {dag.py:3947} INFO - Setting next_dagrun for example_branch_python_operator_decorator to 2026-06-02 00:00:00+00:00, run_after=2026-06-03 00:00:00+00:00
[2026-06-03T06:14:19.277+0000] {processor.py:183} INFO - Processing /home/airflow/.local/lib/python3.12/site-packages/airflow/example_dags/example_branch_operator_decorator.py took 0.081 seconds
[2026-06-03T06:14:49.507+0000] {processor.py:161} INFO - Started process (PID=1393) to work on /home/airflow/.local/lib/python3.12/site-packages/airflow/example_dags/example_branch_operator_decorator.py
[2026-06-03T06:14:49.508+0000] {processor.py:830} INFO - Processing file /home/airflow/.local/lib/python3.12/site-packages/airflow/example_dags/example_branch_operator_decorator.py for tasks to queue
[2026-06-03T06:14:49.509+0000] {logging_mixin.py:188} INFO - [2026-06-03T06:14:49.509+0000] {dagbag.py:545} INFO - Filling up the DagBag from /home/airflow/.local/lib/python3.12/site-packages/airflow/example_dags/example_branch_operator_decorator.py
[2026-06-03T06:14:49.527+0000] {processor.py:840} INFO - DAG(s) 'example_branch_python_operator_decorator' retrieved from /home/airflow/.local/lib/python3.12/site-packages/airflow/example_dags/example_branch_operator_decorator.py
[2026-06-03T06:14:49.551+0000] {logging_mixin.py:188} INFO - [2026-06-03T06:14:49.551+0000] {dag.py:3089} INFO - Sync 1 DAGs
[2026-06-03T06:14:49.570+0000] {logging_mixin.py:188} INFO - [2026-06-03T06:14:49.570+0000] {dag.py:3947} INFO - Setting next_dagrun for example_branch_python_operator_decorator to 2026-06-02 00:00:00+00:00, run_after=2026-06-03 00:00:00+00:00
[2026-06-03T06:14:49.586+0000] {processor.py:183} INFO - Processing /home/airflow/.local/lib/python3.12/site-packages/airflow/example_dags/example_branch_operator_decorator.py took 0.084 seconds
[2026-06-03T06:15:19.791+0000] {processor.py:161} INFO - Started process (PID=1451) to work on /home/airflow/.local/lib/python3.12/site-packages/airflow/example_dags/example_branch_operator_decorator.py
[2026-06-03T06:15:19.791+0000] {processor.py:830} INFO - Processing file /home/airflow/.local/lib/python3.12/site-packages/airflow/example_dags/example_branch_operator_decorator.py for tasks to queue
[2026-06-03T06:15:19.792+0000] {logging_mixin.py:188} INFO - [2026-06-03T06:15:19.792+0000] {dagbag.py:545} INFO - Filling up the DagBag from /home/airflow/.local/lib/python3.12/site-packages/airflow/example_dags/example_branch_operator_decorator.py
[2026-06-03T06:15:19.810+0000] {processor.py:840} INFO - DAG(s) 'example_branch_python_operator_decorator' retrieved from /home/airflow/.local/lib/python3.12/site-packages/airflow/example_dags/example_branch_operator_decorator.py
[2026-06-03T06:15:19.833+0000] {logging_mixin.py:188} INFO - [2026-06-03T06:15:19.833+0000] {dag.py:3089} INFO - Sync 1 DAGs
[2026-06-03T06:15:19.851+0000] {logging_mixin.py:188} INFO - [2026-06-03T06:15:19.851+0000] {dag.py:3947} INFO - Setting next_dagrun for example_branch_python_operator_decorator to 2026-06-02 00:00:00+00:00, run_after=2026-06-03 00:00:00+00:00
[2026-06-03T06:15:19.866+0000] {processor.py:183} INFO - Processing /home/airflow/.local/lib/python3.12/site-packages/airflow/example_dags/example_branch_operator_decorator.py took 0.080 seconds
[2026-06-03T06:15:50.225+0000] {processor.py:161} INFO - Started process (PID=1509) to work on /home/airflow/.local/lib/python3.12/site-packages/airflow/example_dags/example_branch_operator_decorator.py
[2026-06-03T06:15:50.226+0000] {processor.py:830} INFO - Processing file /home/airflow/.local/lib/python3.12/site-packages/airflow/example_dags/example_branch_operator_decorator.py for tasks to queue
[2026-06-03T06:15:50.227+0000] {logging_mixin.py:188} INFO - [2026-06-03T06:15:50.227+0000] {dagbag.py:545} INFO - Filling up the DagBag from /home/airflow/.local/lib/python3.12/site-packages/airflow/example_dags/example_branch_operator_decorator.py
[2026-06-03T06:15:50.244+0000] {processor.py:840} INFO - DAG(s) 'example_branch_python_operator_decorator' retrieved from /home/airflow/.local/lib/python3.12/site-packages/airflow/example_dags/example_branch_operator_decorator.py
[2026-06-03T06:15:50.267+0000] {logging_mixin.py:188} INFO - [2026-06-03T06:15:50.267+0000] {dag.py:3089} INFO - Sync 1 DAGs
[2026-06-03T06:15:50.286+0000] {logging_mixin.py:188} INFO - [2026-06-03T06:15:50.285+0000] {dag.py:3947} INFO - Setting next_dagrun for example_branch_python_operator_decorator to 2026-06-02 00:00:00+00:00, run_after=2026-06-03 00:00:00+00:00
[2026-06-03T06:15:50.301+0000] {processor.py:183} INFO - Processing /home/airflow/.local/lib/python3.12/site-packages/airflow/example_dags/example_branch_operator_decorator.py took 0.081 seconds
[2026-06-03T06:16:20.557+0000] {processor.py:161} INFO - Started process (PID=1567) to work on /home/airflow/.local/lib/python3.12/site-packages/airflow/example_dags/example_branch_operator_decorator.py
[2026-06-03T06:16:20.558+0000] {processor.py:830} INFO - Processing file /home/airflow/.local/lib/python3.12/site-packages/airflow/example_dags/example_branch_operator_decorator.py for tasks to queue
[2026-06-03T06:16:20.559+0000] {logging_mixin.py:188} INFO - [2026-06-03T06:16:20.559+0000] {dagbag.py:545} INFO - Filling up the DagBag from /home/airflow/.local/lib/python3.12/site-packages/airflow/example_dags/example_branch_operator_decorator.py
[2026-06-03T06:16:20.576+0000] {processor.py:840} INFO - DAG(s) 'example_branch_python_operator_decorator' retrieved from /home/airflow/.local/lib/python3.12/site-packages/airflow/example_dags/example_branch_operator_decorator.py
[2026-06-03T06:16:20.600+0000] {logging_mixin.py:188} INFO - [2026-06-03T06:16:20.600+0000] {dag.py:3089} INFO - Sync 1 DAGs
[2026-06-03T06:16:20.619+0000] {logging_mixin.py:188} INFO - [2026-06-03T06:16:20.618+0000] {dag.py:3947} INFO - Setting next_dagrun for example_branch_python_operator_decorator to 2026-06-02 00:00:00+00:00, run_after=2026-06-03 00:00:00+00:00
[2026-06-03T06:16:20.633+0000] {processor.py:183} INFO - Processing /home/airflow/.local/lib/python3.12/site-packages/airflow/example_dags/example_branch_operator_decorator.py took 0.081 seconds
[2026-06-03T06:16:51.030+0000] {processor.py:161} INFO - Started process (PID=1624) to work on /home/airflow/.local/lib/python3.12/site-packages/airflow/example_dags/example_branch_operator_decorator.py
[2026-06-03T06:16:51.031+0000] {processor.py:830} INFO - Processing file /home/airflow/.local/lib/python3.12/site-packages/airflow/example_dags/example_branch_operator_decorator.py for tasks to queue
[2026-06-03T06:16:51.032+0000] {logging_mixin.py:188} INFO - [2026-06-03T06:16:51.032+0000] {dagbag.py:545} INFO - Filling up the DagBag from /home/airflow/.local/lib/python3.12/site-packages/airflow/example_dags/example_branch_operator_decorator.py
[2026-06-03T06:16:51.049+0000] {processor.py:840} INFO - DAG(s) 'example_branch_python_operator_decorator' retrieved from /home/airflow/.local/lib/python3.12/site-packages/airflow/example_dags/example_branch_operator_decorator.py
[2026-06-03T06:16:51.073+0000] {logging_mixin.py:188} INFO - [2026-06-03T06:16:51.073+0000] {dag.py:3089} INFO - Sync 1 DAGs
[2026-06-03T06:16:51.092+0000] {logging_mixin.py:188} INFO - [2026-06-03T06:16:51.092+0000] {dag.py:3947} INFO - Setting next_dagrun for example_branch_python_operator_decorator to 2026-06-02 00:00:00+00:00, run_after=2026-06-03 00:00:00+00:00
[2026-06-03T06:16:51.108+0000] {processor.py:183} INFO - Processing /home/airflow/.local/lib/python3.12/site-packages/airflow/example_dags/example_branch_operator_decorator.py took 0.082 seconds
[2026-06-03T06:17:21.505+0000] {processor.py:161} INFO - Started process (PID=1682) to work on /home/airflow/.local/lib/python3.12/site-packages/airflow/example_dags/example_branch_operator_decorator.py
[2026-06-03T06:17:21.506+0000] {processor.py:830} INFO - Processing file /home/airflow/.local/lib/python3.12/site-packages/airflow/example_dags/example_branch_operator_decorator.py for tasks to queue
[2026-06-03T06:17:21.508+0000] {logging_mixin.py:188} INFO - [2026-06-03T06:17:21.507+0000] {dagbag.py:545} INFO - Filling up the DagBag from /home/airflow/.local/lib/python3.12/site-packages/airflow/example_dags/example_branch_operator_decorator.py
[2026-06-03T06:17:21.525+0000] {processor.py:840} INFO - DAG(s) 'example_branch_python_operator_decorator' retrieved from /home/airflow/.local/lib/python3.12/site-packages/airflow/example_dags/example_branch_operator_decorator.py
[2026-06-03T06:17:21.549+0000] {logging_mixin.py:188} INFO - [2026-06-03T06:17:21.548+0000] {dag.py:3089} INFO - Sync 1 DAGs
[2026-06-03T06:17:21.679+0000] {logging_mixin.py:188} INFO - [2026-06-03T06:17:21.678+0000] {dag.py:3947} INFO - Setting next_dagrun for example_branch_python_operator_decorator to 2026-06-02 00:00:00+00:00, run_after=2026-06-03 00:00:00+00:00
[2026-06-03T06:17:21.693+0000] {processor.py:183} INFO - Processing /home/airflow/.local/lib/python3.12/site-packages/airflow/example_dags/example_branch_operator_decorator.py took 0.193 seconds
[2026-06-03T06:17:52.633+0000] {processor.py:161} INFO - Started process (PID=1739) to work on /home/airflow/.local/lib/python3.12/site-packages/airflow/example_dags/example_branch_operator_decorator.py
[2026-06-03T06:17:52.634+0000] {processor.py:830} INFO - Processing file /home/airflow/.local/lib/python3.12/site-packages/airflow/example_dags/example_branch_operator_decorator.py for tasks to queue
[2026-06-03T06:17:52.635+0000] {logging_mixin.py:188} INFO - [2026-06-03T06:17:52.635+0000] {dagbag.py:545} INFO - Filling up the DagBag from /home/airflow/.local/lib/python3.12/site-packages/airflow/example_dags/example_branch_operator_decorator.py
[2026-06-03T06:17:52.652+0000] {processor.py:840} INFO - DAG(s) 'example_branch_python_operator_decorator' retrieved from /home/airflow/.local/lib/python3.12/site-packages/airflow/example_dags/example_branch_operator_decorator.py
[2026-06-03T06:17:52.675+0000] {logging_mixin.py:188} INFO - [2026-06-03T06:17:52.675+0000] {dag.py:3089} INFO - Sync 1 DAGs
[2026-06-03T06:17:52.695+0000] {logging_mixin.py:188} INFO - [2026-06-03T06:17:52.694+0000] {dag.py:3947} INFO - Setting next_dagrun for example_branch_python_operator_decorator to 2026-06-02 00:00:00+00:00, run_after=2026-06-03 00:00:00+00:00
[2026-06-03T06:17:52.828+0000] {processor.py:183} INFO - Processing /home/airflow/.local/lib/python3.12/site-packages/airflow/example_dags/example_branch_operator_decorator.py took 0.200 seconds
[2026-06-03T06:18:22.861+0000] {processor.py:161} INFO - Started process (PID=1797) to work on /home/airflow/.local/lib/python3.12/site-packages/airflow/example_dags/example_branch_operator_decorator.py
[2026-06-03T06:18:22.862+0000] {processor.py:830} INFO - Processing file /home/airflow/.local/lib/python3.12/site-packages/airflow/example_dags/example_branch_operator_decorator.py for tasks to queue
[2026-06-03T06:18:22.863+0000] {logging_mixin.py:188} INFO - [2026-06-03T06:18:22.863+0000] {dagbag.py:545} INFO - Filling up the DagBag from /home/airflow/.local/lib/python3.12/site-packages/airflow/example_dags/example_branch_operator_decorator.py
[2026-06-03T06:18:22.880+0000] {processor.py:840} INFO - DAG(s) 'example_branch_python_operator_decorator' retrieved from /home/airflow/.local/lib/python3.12/site-packages/airflow/example_dags/example_branch_operator_decorator.py
[2026-06-03T06:18:22.902+0000] {logging_mixin.py:188} INFO - [2026-06-03T06:18:22.902+0000] {dag.py:3089} INFO - Sync 1 DAGs
[2026-06-03T06:18:22.920+0000] {logging_mixin.py:188} INFO - [2026-06-03T06:18:22.920+0000] {dag.py:3947} INFO - Setting next_dagrun for example_branch_python_operator_decorator to 2026-06-02 00:00:00+00:00, run_after=2026-06-03 00:00:00+00:00
[2026-06-03T06:18:22.934+0000] {processor.py:183} INFO - Processing /home/airflow/.local/lib/python3.12/site-packages/airflow/example_dags/example_branch_operator_decorator.py took 0.078 seconds
[2026-06-03T06:18:53.242+0000] {processor.py:161} INFO - Started process (PID=1855) to work on /home/airflow/.local/lib/python3.12/site-packages/airflow/example_dags/example_branch_operator_decorator.py
[2026-06-03T06:18:53.242+0000] {processor.py:830} INFO - Processing file /home/airflow/.local/lib/python3.12/site-packages/airflow/example_dags/example_branch_operator_decorator.py for tasks to queue
[2026-06-03T06:18:53.244+0000] {logging_mixin.py:188} INFO - [2026-06-03T06:18:53.243+0000] {dagbag.py:545} INFO - Filling up the DagBag from /home/airflow/.local/lib/python3.12/site-packages/airflow/example_dags/example_branch_operator_decorator.py
[2026-06-03T06:18:53.261+0000] {processor.py:840} INFO - DAG(s) 'example_branch_python_operator_decorator' retrieved from /home/airflow/.local/lib/python3.12/site-packages/airflow/example_dags/example_branch_operator_decorator.py
[2026-06-03T06:18:53.284+0000] {logging_mixin.py:188} INFO - [2026-06-03T06:18:53.284+0000] {dag.py:3089} INFO - Sync 1 DAGs
[2026-06-03T06:18:53.303+0000] {logging_mixin.py:188} INFO - [2026-06-03T06:18:53.302+0000] {dag.py:3947} INFO - Setting next_dagrun for example_branch_python_operator_decorator to 2026-06-02 00:00:00+00:00, run_after=2026-06-03 00:00:00+00:00
[2026-06-03T06:18:53.318+0000] {processor.py:183} INFO - Processing /home/airflow/.local/lib/python3.12/site-packages/airflow/example_dags/example_branch_operator_decorator.py took 0.080 seconds
[2026-06-03T06:19:24.025+0000] {processor.py:161} INFO - Started process (PID=1913) to work on /home/airflow/.local/lib/python3.12/site-packages/airflow/example_dags/example_branch_operator_decorator.py
[2026-06-03T06:19:24.026+0000] {processor.py:830} INFO - Processing file /home/airflow/.local/lib/python3.12/site-packages/airflow/example_dags/example_branch_operator_decorator.py for tasks to queue
[2026-06-03T06:19:24.027+0000] {logging_mixin.py:188} INFO - [2026-06-03T06:19:24.027+0000] {dagbag.py:545} INFO - Filling up the DagBag from /home/airflow/.local/lib/python3.12/site-packages/airflow/example_dags/example_branch_operator_decorator.py
[2026-06-03T06:19:24.045+0000] {processor.py:840} INFO - DAG(s) 'example_branch_python_operator_decorator' retrieved from /home/airflow/.local/lib/python3.12/site-packages/airflow/example_dags/example_branch_operator_decorator.py
[2026-06-03T06:19:24.070+0000] {logging_mixin.py:188} INFO - [2026-06-03T06:19:24.069+0000] {dag.py:3089} INFO - Sync 1 DAGs
[2026-06-03T06:19:24.089+0000] {logging_mixin.py:188} INFO - [2026-06-03T06:19:24.089+0000] {dag.py:3947} INFO - Setting next_dagrun for example_branch_python_operator_decorator to 2026-06-02 00:00:00+00:00, run_after=2026-06-03 00:00:00+00:00
[2026-06-03T06:19:24.106+0000] {processor.py:183} INFO - Processing /home/airflow/.local/lib/python3.12/site-packages/airflow/example_dags/example_branch_operator_decorator.py took 0.085 seconds
[2026-06-03T06:19:54.233+0000] {processor.py:161} INFO - Started process (PID=1971) to work on /home/airflow/.local/lib/python3.12/site-packages/airflow/example_dags/example_branch_operator_decorator.py
[2026-06-03T06:19:54.233+0000] {processor.py:830} INFO - Processing file /home/airflow/.local/lib/python3.12/site-packages/airflow/example_dags/example_branch_operator_decorator.py for tasks to queue
[2026-06-03T06:19:54.235+0000] {logging_mixin.py:188} INFO - [2026-06-03T06:19:54.234+0000] {dagbag.py:545} INFO - Filling up the DagBag from /home/airflow/.local/lib/python3.12/site-packages/airflow/example_dags/example_branch_operator_decorator.py
[2026-06-03T06:19:54.252+0000] {processor.py:840} INFO - DAG(s) 'example_branch_python_operator_decorator' retrieved from /home/airflow/.local/lib/python3.12/site-packages/airflow/example_dags/example_branch_operator_decorator.py
[2026-06-03T06:19:54.407+0000] {logging_mixin.py:188} INFO - [2026-06-03T06:19:54.407+0000] {dag.py:3089} INFO - Sync 1 DAGs
[2026-06-03T06:19:54.424+0000] {logging_mixin.py:188} INFO - [2026-06-03T06:19:54.424+0000] {dag.py:3947} INFO - Setting next_dagrun for example_branch_python_operator_decorator to 2026-06-02 00:00:00+00:00, run_after=2026-06-03 00:00:00+00:00
[2026-06-03T06:19:54.439+0000] {processor.py:183} INFO - Processing /home/airflow/.local/lib/python3.12/site-packages/airflow/example_dags/example_branch_operator_decorator.py took 0.211 seconds
[2026-06-03T06:20:24.987+0000] {processor.py:161} INFO - Started process (PID=2029) to work on /home/airflow/.local/lib/python3.12/site-packages/airflow/example_dags/example_branch_operator_decorator.py
[2026-06-03T06:20:24.988+0000] {processor.py:830} INFO - Processing file /home/airflow/.local/lib/python3.12/site-packages/airflow/example_dags/example_branch_operator_decorator.py for tasks to queue
[2026-06-03T06:20:24.990+0000] {logging_mixin.py:188} INFO - [2026-06-03T06:20:24.989+0000] {dagbag.py:545} INFO - Filling up the DagBag from /home/airflow/.local/lib/python3.12/site-packages/airflow/example_dags/example_branch_operator_decorator.py
[2026-06-03T06:20:25.006+0000] {processor.py:840} INFO - DAG(s) 'example_branch_python_operator_decorator' retrieved from /home/airflow/.local/lib/python3.12/site-packages/airflow/example_dags/example_branch_operator_decorator.py
[2026-06-03T06:20:25.029+0000] {logging_mixin.py:188} INFO - [2026-06-03T06:20:25.029+0000] {dag.py:3089} INFO - Sync 1 DAGs
[2026-06-03T06:20:25.050+0000] {logging_mixin.py:188} INFO - [2026-06-03T06:20:25.049+0000] {dag.py:3947} INFO - Setting next_dagrun for example_branch_python_operator_decorator to 2026-06-02 00:00:00+00:00, run_after=2026-06-03 00:00:00+00:00
[2026-06-03T06:20:25.064+0000] {processor.py:183} INFO - Processing /home/airflow/.local/lib/python3.12/site-packages/airflow/example_dags/example_branch_operator_decorator.py took 0.082 seconds
[2026-06-03T06:20:55.283+0000] {processor.py:161} INFO - Started process (PID=2087) to work on /home/airflow/.local/lib/python3.12/site-packages/airflow/example_dags/example_branch_operator_decorator.py
[2026-06-03T06:20:55.284+0000] {processor.py:830} INFO - Processing file /home/airflow/.local/lib/python3.12/site-packages/airflow/example_dags/example_branch_operator_decorator.py for tasks to queue
[2026-06-03T06:20:55.285+0000] {logging_mixin.py:188} INFO - [2026-06-03T06:20:55.285+0000] {dagbag.py:545} INFO - Filling up the DagBag from /home/airflow/.local/lib/python3.12/site-packages/airflow/example_dags/example_branch_operator_decorator.py
[2026-06-03T06:20:55.302+0000] {processor.py:840} INFO - DAG(s) 'example_branch_python_operator_decorator' retrieved from /home/airflow/.local/lib/python3.12/site-packages/airflow/example_dags/example_branch_operator_decorator.py
[2026-06-03T06:20:55.325+0000] {logging_mixin.py:188} INFO - [2026-06-03T06:20:55.325+0000] {dag.py:3089} INFO - Sync 1 DAGs
[2026-06-03T06:20:55.345+0000] {logging_mixin.py:188} INFO - [2026-06-03T06:20:55.344+0000] {dag.py:3947} INFO - Setting next_dagrun for example_branch_python_operator_decorator to 2026-06-02 00:00:00+00:00, run_after=2026-06-03 00:00:00+00:00
[2026-06-03T06:20:55.360+0000] {processor.py:183} INFO - Processing /home/airflow/.local/lib/python3.12/site-packages/airflow/example_dags/example_branch_operator_decorator.py took 0.082 seconds
[2026-06-03T06:21:25.606+0000] {processor.py:161} INFO - Started process (PID=2145) to work on /home/airflow/.local/lib/python3.12/site-packages/airflow/example_dags/example_branch_operator_decorator.py
[2026-06-03T06:21:25.607+0000] {processor.py:830} INFO - Processing file /home/airflow/.local/lib/python3.12/site-packages/airflow/example_dags/example_branch_operator_decorator.py for tasks to queue
[2026-06-03T06:21:25.609+0000] {logging_mixin.py:188} INFO - [2026-06-03T06:21:25.609+0000] {dagbag.py:545} INFO - Filling up the DagBag from /home/airflow/.local/lib/python3.12/site-packages/airflow/example_dags/example_branch_operator_decorator.py
[2026-06-03T06:21:25.626+0000] {processor.py:840} INFO - DAG(s) 'example_branch_python_operator_decorator' retrieved from /home/airflow/.local/lib/python3.12/site-packages/airflow/example_dags/example_branch_operator_decorator.py
[2026-06-03T06:21:25.650+0000] {logging_mixin.py:188} INFO - [2026-06-03T06:21:25.650+0000] {dag.py:3089} INFO - Sync 1 DAGs
[2026-06-03T06:21:25.670+0000] {logging_mixin.py:188} INFO - [2026-06-03T06:21:25.670+0000] {dag.py:3947} INFO - Setting next_dagrun for example_branch_python_operator_decorator to 2026-06-02 00:00:00+00:00, run_after=2026-06-03 00:00:00+00:00
[2026-06-03T06:21:25.685+0000] {processor.py:183} INFO - Processing /home/airflow/.local/lib/python3.12/site-packages/airflow/example_dags/example_branch_operator_decorator.py took 0.083 seconds
[2026-06-03T06:21:56.053+0000] {processor.py:161} INFO - Started process (PID=2203) to work on /home/airflow/.local/lib/python3.12/site-packages/airflow/example_dags/example_branch_operator_decorator.py
[2026-06-03T06:21:56.054+0000] {processor.py:830} INFO - Processing file /home/airflow/.local/lib/python3.12/site-packages/airflow/example_dags/example_branch_operator_decorator.py for tasks to queue
[2026-06-03T06:21:56.055+0000] {logging_mixin.py:188} INFO - [2026-06-03T06:21:56.055+0000] {dagbag.py:545} INFO - Filling up the DagBag from /home/airflow/.local/lib/python3.12/site-packages/airflow/example_dags/example_branch_operator_decorator.py
[2026-06-03T06:21:56.073+0000] {processor.py:840} INFO - DAG(s) 'example_branch_python_operator_decorator' retrieved from /home/airflow/.local/lib/python3.12/site-packages/airflow/example_dags/example_branch_operator_decorator.py
[2026-06-03T06:21:56.098+0000] {logging_mixin.py:188} INFO - [2026-06-03T06:21:56.098+0000] {dag.py:3089} INFO - Sync 1 DAGs
[2026-06-03T06:21:56.117+0000] {logging_mixin.py:188} INFO - [2026-06-03T06:21:56.117+0000] {dag.py:3947} INFO - Setting next_dagrun for example_branch_python_operator_decorator to 2026-06-02 00:00:00+00:00, run_after=2026-06-03 00:00:00+00:00
[2026-06-03T06:21:56.137+0000] {processor.py:183} INFO - Processing /home/airflow/.local/lib/python3.12/site-packages/airflow/example_dags/example_branch_operator_decorator.py took 0.088 seconds
[2026-06-03T06:22:38.202+0000] {processor.py:161} INFO - Started process (PID=2262) to work on /home/airflow/.local/lib/python3.12/site-packages/airflow/example_dags/example_branch_operator_decorator.py
[2026-06-03T06:22:38.207+0000] {processor.py:830} INFO - Processing file /home/airflow/.local/lib/python3.12/site-packages/airflow/example_dags/example_branch_operator_decorator.py for tasks to queue
[2026-06-03T06:22:38.208+0000] {logging_mixin.py:188} INFO - [2026-06-03T06:22:38.208+0000] {dagbag.py:545} INFO - Filling up the DagBag from /home/airflow/.local/lib/python3.12/site-packages/airflow/example_dags/example_branch_operator_decorator.py
[2026-06-03T06:22:38.234+0000] {processor.py:840} INFO - DAG(s) 'example_branch_python_operator_decorator' retrieved from /home/airflow/.local/lib/python3.12/site-packages/airflow/example_dags/example_branch_operator_decorator.py
[2026-06-03T06:22:38.263+0000] {logging_mixin.py:188} INFO - [2026-06-03T06:22:38.263+0000] {dag.py:3089} INFO - Sync 1 DAGs
[2026-06-03T06:22:38.289+0000] {logging_mixin.py:188} INFO - [2026-06-03T06:22:38.289+0000] {dag.py:3947} INFO - Setting next_dagrun for example_branch_python_operator_decorator to 2026-06-02 00:00:00+00:00, run_after=2026-06-03 00:00:00+00:00
[2026-06-03T06:22:38.311+0000] {processor.py:183} INFO - Processing /home/airflow/.local/lib/python3.12/site-packages/airflow/example_dags/example_branch_operator_decorator.py took 0.115 seconds
[2026-06-03T06:23:08.638+0000] {processor.py:161} INFO - Started process (PID=2320) to work on /home/airflow/.local/lib/python3.12/site-packages/airflow/example_dags/example_branch_operator_decorator.py
[2026-06-03T06:23:08.640+0000] {processor.py:830} INFO - Processing file /home/airflow/.local/lib/python3.12/site-packages/airflow/example_dags/example_branch_operator_decorator.py for tasks to queue
[2026-06-03T06:23:08.641+0000] {logging_mixin.py:188} INFO - [2026-06-03T06:23:08.641+0000] {dagbag.py:545} INFO - Filling up the DagBag from /home/airflow/.local/lib/python3.12/site-packages/airflow/example_dags/example_branch_operator_decorator.py
[2026-06-03T06:23:08.658+0000] {processor.py:840} INFO - DAG(s) 'example_branch_python_operator_decorator' retrieved from /home/airflow/.local/lib/python3.12/site-packages/airflow/example_dags/example_branch_operator_decorator.py
[2026-06-03T06:23:08.682+0000] {logging_mixin.py:188} INFO - [2026-06-03T06:23:08.682+0000] {dag.py:3089} INFO - Sync 1 DAGs
[2026-06-03T06:23:08.702+0000] {logging_mixin.py:188} INFO - [2026-06-03T06:23:08.702+0000] {dag.py:3947} INFO - Setting next_dagrun for example_branch_python_operator_decorator to 2026-06-02 00:00:00+00:00, run_after=2026-06-03 00:00:00+00:00
[2026-06-03T06:23:08.718+0000] {processor.py:183} INFO - Processing /home/airflow/.local/lib/python3.12/site-packages/airflow/example_dags/example_branch_operator_decorator.py took 0.084 seconds
[2026-06-03T06:23:39.110+0000] {processor.py:161} INFO - Started process (PID=2379) to work on /home/airflow/.local/lib/python3.12/site-packages/airflow/example_dags/example_branch_operator_decorator.py
[2026-06-03T06:23:39.111+0000] {processor.py:830} INFO - Processing file /home/airflow/.local/lib/python3.12/site-packages/airflow/example_dags/example_branch_operator_decorator.py for tasks to queue
[2026-06-03T06:23:39.112+0000] {logging_mixin.py:188} INFO - [2026-06-03T06:23:39.112+0000] {dagbag.py:545} INFO - Filling up the DagBag from /home/airflow/.local/lib/python3.12/site-packages/airflow/example_dags/example_branch_operator_decorator.py
[2026-06-03T06:23:39.130+0000] {processor.py:840} INFO - DAG(s) 'example_branch_python_operator_decorator' retrieved from /home/airflow/.local/lib/python3.12/site-packages/airflow/example_dags/example_branch_operator_decorator.py
[2026-06-03T06:23:39.154+0000] {logging_mixin.py:188} INFO - [2026-06-03T06:23:39.154+0000] {dag.py:3089} INFO - Sync 1 DAGs
[2026-06-03T06:23:39.173+0000] {logging_mixin.py:188} INFO - [2026-06-03T06:23:39.173+0000] {dag.py:3947} INFO - Setting next_dagrun for example_branch_python_operator_decorator to 2026-06-02 00:00:00+00:00, run_after=2026-06-03 00:00:00+00:00
[2026-06-03T06:23:39.190+0000] {processor.py:183} INFO - Processing /home/airflow/.local/lib/python3.12/site-packages/airflow/example_dags/example_branch_operator_decorator.py took 0.085 seconds
[2026-06-03T06:24:09.399+0000] {processor.py:161} INFO - Started process (PID=2436) to work on /home/airflow/.local/lib/python3.12/site-packages/airflow/example_dags/example_branch_operator_decorator.py
[2026-06-03T06:24:09.400+0000] {processor.py:830} INFO - Processing file /home/airflow/.local/lib/python3.12/site-packages/airflow/example_dags/example_branch_operator_decorator.py for tasks to queue
[2026-06-03T06:24:09.401+0000] {logging_mixin.py:188} INFO - [2026-06-03T06:24:09.401+0000] {dagbag.py:545} INFO - Filling up the DagBag from /home/airflow/.local/lib/python3.12/site-packages/airflow/example_dags/example_branch_operator_decorator.py
[2026-06-03T06:24:09.419+0000] {processor.py:840} INFO - DAG(s) 'example_branch_python_operator_decorator' retrieved from /home/airflow/.local/lib/python3.12/site-packages/airflow/example_dags/example_branch_operator_decorator.py
[2026-06-03T06:24:09.443+0000] {logging_mixin.py:188} INFO - [2026-06-03T06:24:09.443+0000] {dag.py:3089} INFO - Sync 1 DAGs
[2026-06-03T06:24:09.462+0000] {logging_mixin.py:188} INFO - [2026-06-03T06:24:09.462+0000] {dag.py:3947} INFO - Setting next_dagrun for example_branch_python_operator_decorator to 2026-06-02 00:00:00+00:00, run_after=2026-06-03 00:00:00+00:00
[2026-06-03T06:24:09.478+0000] {processor.py:183} INFO - Processing /home/airflow/.local/lib/python3.12/site-packages/airflow/example_dags/example_branch_operator_decorator.py took 0.085 seconds
[2026-06-03T06:24:39.995+0000] {processor.py:161} INFO - Started process (PID=2494) to work on /home/airflow/.local/lib/python3.12/site-packages/airflow/example_dags/example_branch_operator_decorator.py
[2026-06-03T06:24:39.996+0000] {processor.py:830} INFO - Processing file /home/airflow/.local/lib/python3.12/site-packages/airflow/example_dags/example_branch_operator_decorator.py for tasks to queue
[2026-06-03T06:24:39.997+0000] {logging_mixin.py:188} INFO - [2026-06-03T06:24:39.997+0000] {dagbag.py:545} INFO - Filling up the DagBag from /home/airflow/.local/lib/python3.12/site-packages/airflow/example_dags/example_branch_operator_decorator.py
[2026-06-03T06:24:40.015+0000] {processor.py:840} INFO - DAG(s) 'example_branch_python_operator_decorator' retrieved from /home/airflow/.local/lib/python3.12/site-packages/airflow/example_dags/example_branch_operator_decorator.py
[2026-06-03T06:24:40.039+0000] {logging_mixin.py:188} INFO - [2026-06-03T06:24:40.039+0000] {dag.py:3089} INFO - Sync 1 DAGs
[2026-06-03T06:24:40.058+0000] {logging_mixin.py:188} INFO - [2026-06-03T06:24:40.058+0000] {dag.py:3947} INFO - Setting next_dagrun for example_branch_python_operator_decorator to 2026-06-02 00:00:00+00:00, run_after=2026-06-03 00:00:00+00:00
[2026-06-03T06:24:40.074+0000] {processor.py:183} INFO - Processing /home/airflow/.local/lib/python3.12/site-packages/airflow/example_dags/example_branch_operator_decorator.py took 0.084 seconds
[2026-06-03T06:25:10.416+0000] {processor.py:161} INFO - Started process (PID=2552) to work on /home/airflow/.local/lib/python3.12/site-packages/airflow/example_dags/example_branch_operator_decorator.py
[2026-06-03T06:25:10.418+0000] {processor.py:830} INFO - Processing file /home/airflow/.local/lib/python3.12/site-packages/airflow/example_dags/example_branch_operator_decorator.py for tasks to queue
[2026-06-03T06:25:10.420+0000] {logging_mixin.py:188} INFO - [2026-06-03T06:25:10.420+0000] {dagbag.py:545} INFO - Filling up the DagBag from /home/airflow/.local/lib/python3.12/site-packages/airflow/example_dags/example_branch_operator_decorator.py
[2026-06-03T06:25:10.440+0000] {processor.py:840} INFO - DAG(s) 'example_branch_python_operator_decorator' retrieved from /home/airflow/.local/lib/python3.12/site-packages/airflow/example_dags/example_branch_operator_decorator.py
[2026-06-03T06:25:10.464+0000] {logging_mixin.py:188} INFO - [2026-06-03T06:25:10.463+0000] {dag.py:3089} INFO - Sync 1 DAGs
[2026-06-03T06:25:10.487+0000] {logging_mixin.py:188} INFO - [2026-06-03T06:25:10.486+0000] {dag.py:3947} INFO - Setting next_dagrun for example_branch_python_operator_decorator to 2026-06-02 00:00:00+00:00, run_after=2026-06-03 00:00:00+00:00
[2026-06-03T06:25:10.502+0000] {processor.py:183} INFO - Processing /home/airflow/.local/lib/python3.12/site-packages/airflow/example_dags/example_branch_operator_decorator.py took 0.092 seconds
[2026-06-03T06:25:40.800+0000] {processor.py:161} INFO - Started process (PID=2610) to work on /home/airflow/.local/lib/python3.12/site-packages/airflow/example_dags/example_branch_operator_decorator.py
[2026-06-03T06:25:40.800+0000] {processor.py:830} INFO - Processing file /home/airflow/.local/lib/python3.12/site-packages/airflow/example_dags/example_branch_operator_decorator.py for tasks to queue
[2026-06-03T06:25:40.802+0000] {logging_mixin.py:188} INFO - [2026-06-03T06:25:40.801+0000] {dagbag.py:545} INFO - Filling up the DagBag from /home/airflow/.local/lib/python3.12/site-packages/airflow/example_dags/example_branch_operator_decorator.py
[2026-06-03T06:25:40.819+0000] {processor.py:840} INFO - DAG(s) 'example_branch_python_operator_decorator' retrieved from /home/airflow/.local/lib/python3.12/site-packages/airflow/example_dags/example_branch_operator_decorator.py
[2026-06-03T06:25:40.843+0000] {logging_mixin.py:188} INFO - [2026-06-03T06:25:40.843+0000] {dag.py:3089} INFO - Sync 1 DAGs
[2026-06-03T06:25:40.862+0000] {logging_mixin.py:188} INFO - [2026-06-03T06:25:40.862+0000] {dag.py:3947} INFO - Setting next_dagrun for example_branch_python_operator_decorator to 2026-06-02 00:00:00+00:00, run_after=2026-06-03 00:00:00+00:00
[2026-06-03T06:25:40.879+0000] {processor.py:183} INFO - Processing /home/airflow/.local/lib/python3.12/site-packages/airflow/example_dags/example_branch_operator_decorator.py took 0.084 seconds
[2026-06-03T06:26:11.288+0000] {processor.py:161} INFO - Started process (PID=2668) to work on /home/airflow/.local/lib/python3.12/site-packages/airflow/example_dags/example_branch_operator_decorator.py
[2026-06-03T06:26:11.289+0000] {processor.py:830} INFO - Processing file /home/airflow/.local/lib/python3.12/site-packages/airflow/example_dags/example_branch_operator_decorator.py for tasks to queue
[2026-06-03T06:26:11.290+0000] {logging_mixin.py:188} INFO - [2026-06-03T06:26:11.290+0000] {dagbag.py:545} INFO - Filling up the DagBag from /home/airflow/.local/lib/python3.12/site-packages/airflow/example_dags/example_branch_operator_decorator.py
[2026-06-03T06:26:11.307+0000] {processor.py:840} INFO - DAG(s) 'example_branch_python_operator_decorator' retrieved from /home/airflow/.local/lib/python3.12/site-packages/airflow/example_dags/example_branch_operator_decorator.py
[2026-06-03T06:26:11.331+0000] {logging_mixin.py:188} INFO - [2026-06-03T06:26:11.331+0000] {dag.py:3089} INFO - Sync 1 DAGs
[2026-06-03T06:26:11.350+0000] {logging_mixin.py:188} INFO - [2026-06-03T06:26:11.350+0000] {dag.py:3947} INFO - Setting next_dagrun for example_branch_python_operator_decorator to 2026-06-02 00:00:00+00:00, run_after=2026-06-03 00:00:00+00:00
[2026-06-03T06:26:11.365+0000] {processor.py:183} INFO - Processing /home/airflow/.local/lib/python3.12/site-packages/airflow/example_dags/example_branch_operator_decorator.py took 0.082 seconds
[2026-06-03T06:26:41.548+0000] {processor.py:161} INFO - Started process (PID=2725) to work on /home/airflow/.local/lib/python3.12/site-packages/airflow/example_dags/example_branch_operator_decorator.py
[2026-06-03T06:26:41.549+0000] {processor.py:830} INFO - Processing file /home/airflow/.local/lib/python3.12/site-packages/airflow/example_dags/example_branch_operator_decorator.py for tasks to queue
[2026-06-03T06:26:41.551+0000] {logging_mixin.py:188} INFO - [2026-06-03T06:26:41.551+0000] {dagbag.py:545} INFO - Filling up the DagBag from /home/airflow/.local/lib/python3.12/site-packages/airflow/example_dags/example_branch_operator_decorator.py
[2026-06-03T06:26:41.570+0000] {processor.py:840} INFO - DAG(s) 'example_branch_python_operator_decorator' retrieved from /home/airflow/.local/lib/python3.12/site-packages/airflow/example_dags/example_branch_operator_decorator.py
[2026-06-03T06:26:41.594+0000] {logging_mixin.py:188} INFO - [2026-06-03T06:26:41.593+0000] {dag.py:3089} INFO - Sync 1 DAGs
[2026-06-03T06:26:41.613+0000] {logging_mixin.py:188} INFO - [2026-06-03T06:26:41.613+0000] {dag.py:3947} INFO - Setting next_dagrun for example_branch_python_operator_decorator to 2026-06-02 00:00:00+00:00, run_after=2026-06-03 00:00:00+00:00
[2026-06-03T06:26:41.629+0000] {processor.py:183} INFO - Processing /home/airflow/.local/lib/python3.12/site-packages/airflow/example_dags/example_branch_operator_decorator.py took 0.086 seconds
