[2026-06-03T06:03:07.006+0000] {processor.py:161} INFO - Started process (PID=44) to work on /home/airflow/.local/lib/python3.12/site-packages/airflow/example_dags/example_branch_labels.py
[2026-06-03T06:03:07.007+0000] {processor.py:830} INFO - Processing file /home/airflow/.local/lib/python3.12/site-packages/airflow/example_dags/example_branch_labels.py for tasks to queue
[2026-06-03T06:03:07.008+0000] {logging_mixin.py:188} INFO - [2026-06-03T06:03:07.008+0000] {dagbag.py:545} INFO - Filling up the DagBag from /home/airflow/.local/lib/python3.12/site-packages/airflow/example_dags/example_branch_labels.py
[2026-06-03T06:03:07.029+0000] {processor.py:840} INFO - DAG(s) 'example_branch_labels' retrieved from /home/airflow/.local/lib/python3.12/site-packages/airflow/example_dags/example_branch_labels.py
[2026-06-03T06:03:07.083+0000] {logging_mixin.py:188} INFO - [2026-06-03T06:03:07.083+0000] {dag.py:3089} INFO - Sync 1 DAGs
[2026-06-03T06:03:07.109+0000] {logging_mixin.py:188} INFO - [2026-06-03T06:03:07.108+0000] {dag.py:3947} INFO - Setting next_dagrun for example_branch_labels to 2026-06-02 00:00:00+00:00, run_after=2026-06-03 00:00:00+00:00
[2026-06-03T06:03:07.126+0000] {processor.py:183} INFO - Processing /home/airflow/.local/lib/python3.12/site-packages/airflow/example_dags/example_branch_labels.py took 0.124 seconds
[2026-06-03T06:03:37.388+0000] {processor.py:161} INFO - Started process (PID=102) to work on /home/airflow/.local/lib/python3.12/site-packages/airflow/example_dags/example_branch_labels.py
[2026-06-03T06:03:37.388+0000] {processor.py:830} INFO - Processing file /home/airflow/.local/lib/python3.12/site-packages/airflow/example_dags/example_branch_labels.py for tasks to queue
[2026-06-03T06:03:37.390+0000] {logging_mixin.py:188} INFO - [2026-06-03T06:03:37.389+0000] {dagbag.py:545} INFO - Filling up the DagBag from /home/airflow/.local/lib/python3.12/site-packages/airflow/example_dags/example_branch_labels.py
[2026-06-03T06:03:37.396+0000] {processor.py:840} INFO - DAG(s) 'example_branch_labels' retrieved from /home/airflow/.local/lib/python3.12/site-packages/airflow/example_dags/example_branch_labels.py
[2026-06-03T06:03:37.412+0000] {logging_mixin.py:188} INFO - [2026-06-03T06:03:37.412+0000] {dag.py:3089} INFO - Sync 1 DAGs
[2026-06-03T06:03:37.431+0000] {logging_mixin.py:188} INFO - [2026-06-03T06:03:37.431+0000] {dag.py:3947} INFO - Setting next_dagrun for example_branch_labels to 2026-06-02 00:00:00+00:00, run_after=2026-06-03 00:00:00+00:00
[2026-06-03T06:03:37.445+0000] {processor.py:183} INFO - Processing /home/airflow/.local/lib/python3.12/site-packages/airflow/example_dags/example_branch_labels.py took 0.062 seconds
[2026-06-03T06:04:07.756+0000] {processor.py:161} INFO - Started process (PID=160) to work on /home/airflow/.local/lib/python3.12/site-packages/airflow/example_dags/example_branch_labels.py
[2026-06-03T06:04:07.758+0000] {processor.py:830} INFO - Processing file /home/airflow/.local/lib/python3.12/site-packages/airflow/example_dags/example_branch_labels.py for tasks to queue
[2026-06-03T06:04:07.759+0000] {logging_mixin.py:188} INFO - [2026-06-03T06:04:07.759+0000] {dagbag.py:545} INFO - Filling up the DagBag from /home/airflow/.local/lib/python3.12/site-packages/airflow/example_dags/example_branch_labels.py
[2026-06-03T06:04:07.765+0000] {processor.py:840} INFO - DAG(s) 'example_branch_labels' retrieved from /home/airflow/.local/lib/python3.12/site-packages/airflow/example_dags/example_branch_labels.py
[2026-06-03T06:04:07.781+0000] {logging_mixin.py:188} INFO - [2026-06-03T06:04:07.781+0000] {dag.py:3089} INFO - Sync 1 DAGs
[2026-06-03T06:04:07.800+0000] {logging_mixin.py:188} INFO - [2026-06-03T06:04:07.800+0000] {dag.py:3947} INFO - Setting next_dagrun for example_branch_labels to 2026-06-02 00:00:00+00:00, run_after=2026-06-03 00:00:00+00:00
[2026-06-03T06:04:07.814+0000] {processor.py:183} INFO - Processing /home/airflow/.local/lib/python3.12/site-packages/airflow/example_dags/example_branch_labels.py took 0.062 seconds
[2026-06-03T06:04:38.089+0000] {processor.py:161} INFO - Started process (PID=218) to work on /home/airflow/.local/lib/python3.12/site-packages/airflow/example_dags/example_branch_labels.py
[2026-06-03T06:04:38.090+0000] {processor.py:830} INFO - Processing file /home/airflow/.local/lib/python3.12/site-packages/airflow/example_dags/example_branch_labels.py for tasks to queue
[2026-06-03T06:04:38.092+0000] {logging_mixin.py:188} INFO - [2026-06-03T06:04:38.091+0000] {dagbag.py:545} INFO - Filling up the DagBag from /home/airflow/.local/lib/python3.12/site-packages/airflow/example_dags/example_branch_labels.py
[2026-06-03T06:04:38.098+0000] {processor.py:840} INFO - DAG(s) 'example_branch_labels' retrieved from /home/airflow/.local/lib/python3.12/site-packages/airflow/example_dags/example_branch_labels.py
[2026-06-03T06:04:38.116+0000] {logging_mixin.py:188} INFO - [2026-06-03T06:04:38.116+0000] {dag.py:3089} INFO - Sync 1 DAGs
[2026-06-03T06:04:38.136+0000] {logging_mixin.py:188} INFO - [2026-06-03T06:04:38.136+0000] {dag.py:3947} INFO - Setting next_dagrun for example_branch_labels to 2026-06-02 00:00:00+00:00, run_after=2026-06-03 00:00:00+00:00
[2026-06-03T06:04:38.152+0000] {processor.py:183} INFO - Processing /home/airflow/.local/lib/python3.12/site-packages/airflow/example_dags/example_branch_labels.py took 0.067 seconds
[2026-06-03T06:05:08.570+0000] {processor.py:161} INFO - Started process (PID=276) to work on /home/airflow/.local/lib/python3.12/site-packages/airflow/example_dags/example_branch_labels.py
[2026-06-03T06:05:08.572+0000] {processor.py:830} INFO - Processing file /home/airflow/.local/lib/python3.12/site-packages/airflow/example_dags/example_branch_labels.py for tasks to queue
[2026-06-03T06:05:08.574+0000] {logging_mixin.py:188} INFO - [2026-06-03T06:05:08.574+0000] {dagbag.py:545} INFO - Filling up the DagBag from /home/airflow/.local/lib/python3.12/site-packages/airflow/example_dags/example_branch_labels.py
[2026-06-03T06:05:08.583+0000] {processor.py:840} INFO - DAG(s) 'example_branch_labels' retrieved from /home/airflow/.local/lib/python3.12/site-packages/airflow/example_dags/example_branch_labels.py
[2026-06-03T06:05:08.599+0000] {logging_mixin.py:188} INFO - [2026-06-03T06:05:08.599+0000] {dag.py:3089} INFO - Sync 1 DAGs
[2026-06-03T06:05:08.624+0000] {logging_mixin.py:188} INFO - [2026-06-03T06:05:08.624+0000] {dag.py:3947} INFO - Setting next_dagrun for example_branch_labels to 2026-06-02 00:00:00+00:00, run_after=2026-06-03 00:00:00+00:00
[2026-06-03T06:05:08.641+0000] {processor.py:183} INFO - Processing /home/airflow/.local/lib/python3.12/site-packages/airflow/example_dags/example_branch_labels.py took 0.079 seconds
[2026-06-03T06:05:39.039+0000] {processor.py:161} INFO - Started process (PID=334) to work on /home/airflow/.local/lib/python3.12/site-packages/airflow/example_dags/example_branch_labels.py
[2026-06-03T06:05:39.040+0000] {processor.py:830} INFO - Processing file /home/airflow/.local/lib/python3.12/site-packages/airflow/example_dags/example_branch_labels.py for tasks to queue
[2026-06-03T06:05:39.042+0000] {logging_mixin.py:188} INFO - [2026-06-03T06:05:39.041+0000] {dagbag.py:545} INFO - Filling up the DagBag from /home/airflow/.local/lib/python3.12/site-packages/airflow/example_dags/example_branch_labels.py
[2026-06-03T06:05:39.047+0000] {processor.py:840} INFO - DAG(s) 'example_branch_labels' retrieved from /home/airflow/.local/lib/python3.12/site-packages/airflow/example_dags/example_branch_labels.py
[2026-06-03T06:05:39.064+0000] {logging_mixin.py:188} INFO - [2026-06-03T06:05:39.064+0000] {dag.py:3089} INFO - Sync 1 DAGs
[2026-06-03T06:05:39.083+0000] {logging_mixin.py:188} INFO - [2026-06-03T06:05:39.082+0000] {dag.py:3947} INFO - Setting next_dagrun for example_branch_labels to 2026-06-02 00:00:00+00:00, run_after=2026-06-03 00:00:00+00:00
[2026-06-03T06:05:39.098+0000] {processor.py:183} INFO - Processing /home/airflow/.local/lib/python3.12/site-packages/airflow/example_dags/example_branch_labels.py took 0.064 seconds
[2026-06-03T06:06:09.366+0000] {processor.py:161} INFO - Started process (PID=392) to work on /home/airflow/.local/lib/python3.12/site-packages/airflow/example_dags/example_branch_labels.py
[2026-06-03T06:06:09.367+0000] {processor.py:830} INFO - Processing file /home/airflow/.local/lib/python3.12/site-packages/airflow/example_dags/example_branch_labels.py for tasks to queue
[2026-06-03T06:06:09.369+0000] {logging_mixin.py:188} INFO - [2026-06-03T06:06:09.369+0000] {dagbag.py:545} INFO - Filling up the DagBag from /home/airflow/.local/lib/python3.12/site-packages/airflow/example_dags/example_branch_labels.py
[2026-06-03T06:06:09.377+0000] {processor.py:840} INFO - DAG(s) 'example_branch_labels' retrieved from /home/airflow/.local/lib/python3.12/site-packages/airflow/example_dags/example_branch_labels.py
[2026-06-03T06:06:09.403+0000] {logging_mixin.py:188} INFO - [2026-06-03T06:06:09.402+0000] {dag.py:3089} INFO - Sync 1 DAGs
[2026-06-03T06:06:09.430+0000] {logging_mixin.py:188} INFO - [2026-06-03T06:06:09.430+0000] {dag.py:3947} INFO - Setting next_dagrun for example_branch_labels to 2026-06-02 00:00:00+00:00, run_after=2026-06-03 00:00:00+00:00
[2026-06-03T06:06:09.451+0000] {processor.py:183} INFO - Processing /home/airflow/.local/lib/python3.12/site-packages/airflow/example_dags/example_branch_labels.py took 0.091 seconds
[2026-06-03T06:06:39.627+0000] {processor.py:161} INFO - Started process (PID=450) to work on /home/airflow/.local/lib/python3.12/site-packages/airflow/example_dags/example_branch_labels.py
[2026-06-03T06:06:39.628+0000] {processor.py:830} INFO - Processing file /home/airflow/.local/lib/python3.12/site-packages/airflow/example_dags/example_branch_labels.py for tasks to queue
[2026-06-03T06:06:39.629+0000] {logging_mixin.py:188} INFO - [2026-06-03T06:06:39.629+0000] {dagbag.py:545} INFO - Filling up the DagBag from /home/airflow/.local/lib/python3.12/site-packages/airflow/example_dags/example_branch_labels.py
[2026-06-03T06:06:39.636+0000] {processor.py:840} INFO - DAG(s) 'example_branch_labels' retrieved from /home/airflow/.local/lib/python3.12/site-packages/airflow/example_dags/example_branch_labels.py
[2026-06-03T06:06:39.653+0000] {logging_mixin.py:188} INFO - [2026-06-03T06:06:39.653+0000] {dag.py:3089} INFO - Sync 1 DAGs
[2026-06-03T06:06:39.673+0000] {logging_mixin.py:188} INFO - [2026-06-03T06:06:39.673+0000] {dag.py:3947} INFO - Setting next_dagrun for example_branch_labels to 2026-06-02 00:00:00+00:00, run_after=2026-06-03 00:00:00+00:00
[2026-06-03T06:06:39.689+0000] {processor.py:183} INFO - Processing /home/airflow/.local/lib/python3.12/site-packages/airflow/example_dags/example_branch_labels.py took 0.067 seconds
[2026-06-03T06:07:09.836+0000] {processor.py:161} INFO - Started process (PID=508) to work on /home/airflow/.local/lib/python3.12/site-packages/airflow/example_dags/example_branch_labels.py
[2026-06-03T06:07:09.836+0000] {processor.py:830} INFO - Processing file /home/airflow/.local/lib/python3.12/site-packages/airflow/example_dags/example_branch_labels.py for tasks to queue
[2026-06-03T06:07:09.838+0000] {logging_mixin.py:188} INFO - [2026-06-03T06:07:09.837+0000] {dagbag.py:545} INFO - Filling up the DagBag from /home/airflow/.local/lib/python3.12/site-packages/airflow/example_dags/example_branch_labels.py
[2026-06-03T06:07:09.844+0000] {processor.py:840} INFO - DAG(s) 'example_branch_labels' retrieved from /home/airflow/.local/lib/python3.12/site-packages/airflow/example_dags/example_branch_labels.py
[2026-06-03T06:07:09.862+0000] {logging_mixin.py:188} INFO - [2026-06-03T06:07:09.861+0000] {dag.py:3089} INFO - Sync 1 DAGs
[2026-06-03T06:07:09.881+0000] {logging_mixin.py:188} INFO - [2026-06-03T06:07:09.880+0000] {dag.py:3947} INFO - Setting next_dagrun for example_branch_labels to 2026-06-02 00:00:00+00:00, run_after=2026-06-03 00:00:00+00:00
[2026-06-03T06:07:09.895+0000] {processor.py:183} INFO - Processing /home/airflow/.local/lib/python3.12/site-packages/airflow/example_dags/example_branch_labels.py took 0.064 seconds
[2026-06-03T06:07:40.135+0000] {processor.py:161} INFO - Started process (PID=566) to work on /home/airflow/.local/lib/python3.12/site-packages/airflow/example_dags/example_branch_labels.py
[2026-06-03T06:07:40.136+0000] {processor.py:830} INFO - Processing file /home/airflow/.local/lib/python3.12/site-packages/airflow/example_dags/example_branch_labels.py for tasks to queue
[2026-06-03T06:07:40.139+0000] {logging_mixin.py:188} INFO - [2026-06-03T06:07:40.138+0000] {dagbag.py:545} INFO - Filling up the DagBag from /home/airflow/.local/lib/python3.12/site-packages/airflow/example_dags/example_branch_labels.py
[2026-06-03T06:07:40.148+0000] {processor.py:840} INFO - DAG(s) 'example_branch_labels' retrieved from /home/airflow/.local/lib/python3.12/site-packages/airflow/example_dags/example_branch_labels.py
[2026-06-03T06:07:40.166+0000] {logging_mixin.py:188} INFO - [2026-06-03T06:07:40.166+0000] {dag.py:3089} INFO - Sync 1 DAGs
[2026-06-03T06:07:40.185+0000] {logging_mixin.py:188} INFO - [2026-06-03T06:07:40.185+0000] {dag.py:3947} INFO - Setting next_dagrun for example_branch_labels to 2026-06-02 00:00:00+00:00, run_after=2026-06-03 00:00:00+00:00
[2026-06-03T06:07:40.200+0000] {processor.py:183} INFO - Processing /home/airflow/.local/lib/python3.12/site-packages/airflow/example_dags/example_branch_labels.py took 0.079 seconds
[2026-06-03T06:08:10.515+0000] {processor.py:161} INFO - Started process (PID=624) to work on /home/airflow/.local/lib/python3.12/site-packages/airflow/example_dags/example_branch_labels.py
[2026-06-03T06:08:10.516+0000] {processor.py:830} INFO - Processing file /home/airflow/.local/lib/python3.12/site-packages/airflow/example_dags/example_branch_labels.py for tasks to queue
[2026-06-03T06:08:10.519+0000] {logging_mixin.py:188} INFO - [2026-06-03T06:08:10.518+0000] {dagbag.py:545} INFO - Filling up the DagBag from /home/airflow/.local/lib/python3.12/site-packages/airflow/example_dags/example_branch_labels.py
[2026-06-03T06:08:10.527+0000] {processor.py:840} INFO - DAG(s) 'example_branch_labels' retrieved from /home/airflow/.local/lib/python3.12/site-packages/airflow/example_dags/example_branch_labels.py
[2026-06-03T06:08:10.546+0000] {logging_mixin.py:188} INFO - [2026-06-03T06:08:10.545+0000] {dag.py:3089} INFO - Sync 1 DAGs
[2026-06-03T06:08:10.565+0000] {logging_mixin.py:188} INFO - [2026-06-03T06:08:10.565+0000] {dag.py:3947} INFO - Setting next_dagrun for example_branch_labels to 2026-06-02 00:00:00+00:00, run_after=2026-06-03 00:00:00+00:00
[2026-06-03T06:08:10.579+0000] {processor.py:183} INFO - Processing /home/airflow/.local/lib/python3.12/site-packages/airflow/example_dags/example_branch_labels.py took 0.072 seconds
[2026-06-03T06:08:41.010+0000] {processor.py:161} INFO - Started process (PID=682) to work on /home/airflow/.local/lib/python3.12/site-packages/airflow/example_dags/example_branch_labels.py
[2026-06-03T06:08:41.878+0000] {processor.py:830} INFO - Processing file /home/airflow/.local/lib/python3.12/site-packages/airflow/example_dags/example_branch_labels.py for tasks to queue
[2026-06-03T06:08:41.883+0000] {logging_mixin.py:188} INFO - [2026-06-03T06:08:41.883+0000] {dagbag.py:545} INFO - Filling up the DagBag from /home/airflow/.local/lib/python3.12/site-packages/airflow/example_dags/example_branch_labels.py
[2026-06-03T06:08:41.890+0000] {processor.py:840} INFO - DAG(s) 'example_branch_labels' retrieved from /home/airflow/.local/lib/python3.12/site-packages/airflow/example_dags/example_branch_labels.py
[2026-06-03T06:08:41.910+0000] {logging_mixin.py:188} INFO - [2026-06-03T06:08:41.910+0000] {dag.py:3089} INFO - Sync 1 DAGs
[2026-06-03T06:08:41.983+0000] {logging_mixin.py:188} INFO - [2026-06-03T06:08:41.983+0000] {dag.py:3947} INFO - Setting next_dagrun for example_branch_labels to 2026-06-02 00:00:00+00:00, run_after=2026-06-03 00:00:00+00:00
[2026-06-03T06:08:42.047+0000] {processor.py:183} INFO - Processing /home/airflow/.local/lib/python3.12/site-packages/airflow/example_dags/example_branch_labels.py took 1.073 seconds
[2026-06-03T06:09:12.137+0000] {processor.py:161} INFO - Started process (PID=740) to work on /home/airflow/.local/lib/python3.12/site-packages/airflow/example_dags/example_branch_labels.py
[2026-06-03T06:09:14.825+0000] {processor.py:830} INFO - Processing file /home/airflow/.local/lib/python3.12/site-packages/airflow/example_dags/example_branch_labels.py for tasks to queue
[2026-06-03T06:09:14.830+0000] {logging_mixin.py:188} INFO - [2026-06-03T06:09:14.830+0000] {dagbag.py:545} INFO - Filling up the DagBag from /home/airflow/.local/lib/python3.12/site-packages/airflow/example_dags/example_branch_labels.py
[2026-06-03T06:09:14.840+0000] {processor.py:840} INFO - DAG(s) 'example_branch_labels' retrieved from /home/airflow/.local/lib/python3.12/site-packages/airflow/example_dags/example_branch_labels.py
[2026-06-03T06:09:14.864+0000] {logging_mixin.py:188} INFO - [2026-06-03T06:09:14.864+0000] {dag.py:3089} INFO - Sync 1 DAGs
[2026-06-03T06:09:14.886+0000] {logging_mixin.py:188} INFO - [2026-06-03T06:09:14.885+0000] {dag.py:3947} INFO - Setting next_dagrun for example_branch_labels to 2026-06-02 00:00:00+00:00, run_after=2026-06-03 00:00:00+00:00
[2026-06-03T06:09:14.907+0000] {processor.py:183} INFO - Processing /home/airflow/.local/lib/python3.12/site-packages/airflow/example_dags/example_branch_labels.py took 2.783 seconds
[2026-06-03T06:09:45.257+0000] {processor.py:161} INFO - Started process (PID=803) to work on /home/airflow/.local/lib/python3.12/site-packages/airflow/example_dags/example_branch_labels.py
[2026-06-03T06:09:45.261+0000] {processor.py:830} INFO - Processing file /home/airflow/.local/lib/python3.12/site-packages/airflow/example_dags/example_branch_labels.py for tasks to queue
[2026-06-03T06:09:45.263+0000] {logging_mixin.py:188} INFO - [2026-06-03T06:09:45.263+0000] {dagbag.py:545} INFO - Filling up the DagBag from /home/airflow/.local/lib/python3.12/site-packages/airflow/example_dags/example_branch_labels.py
[2026-06-03T06:09:45.271+0000] {processor.py:840} INFO - DAG(s) 'example_branch_labels' retrieved from /home/airflow/.local/lib/python3.12/site-packages/airflow/example_dags/example_branch_labels.py
[2026-06-03T06:09:45.289+0000] {logging_mixin.py:188} INFO - [2026-06-03T06:09:45.288+0000] {dag.py:3089} INFO - Sync 1 DAGs
[2026-06-03T06:09:45.308+0000] {logging_mixin.py:188} INFO - [2026-06-03T06:09:45.308+0000] {dag.py:3947} INFO - Setting next_dagrun for example_branch_labels to 2026-06-02 00:00:00+00:00, run_after=2026-06-03 00:00:00+00:00
[2026-06-03T06:09:45.322+0000] {processor.py:183} INFO - Processing /home/airflow/.local/lib/python3.12/site-packages/airflow/example_dags/example_branch_labels.py took 0.075 seconds
[2026-06-03T06:10:15.856+0000] {processor.py:161} INFO - Started process (PID=860) to work on /home/airflow/.local/lib/python3.12/site-packages/airflow/example_dags/example_branch_labels.py
[2026-06-03T06:10:15.856+0000] {processor.py:830} INFO - Processing file /home/airflow/.local/lib/python3.12/site-packages/airflow/example_dags/example_branch_labels.py for tasks to queue
[2026-06-03T06:10:15.858+0000] {logging_mixin.py:188} INFO - [2026-06-03T06:10:15.857+0000] {dagbag.py:545} INFO - Filling up the DagBag from /home/airflow/.local/lib/python3.12/site-packages/airflow/example_dags/example_branch_labels.py
[2026-06-03T06:10:15.864+0000] {processor.py:840} INFO - DAG(s) 'example_branch_labels' retrieved from /home/airflow/.local/lib/python3.12/site-packages/airflow/example_dags/example_branch_labels.py
[2026-06-03T06:10:15.881+0000] {logging_mixin.py:188} INFO - [2026-06-03T06:10:15.880+0000] {dag.py:3089} INFO - Sync 1 DAGs
[2026-06-03T06:10:15.900+0000] {logging_mixin.py:188} INFO - [2026-06-03T06:10:15.900+0000] {dag.py:3947} INFO - Setting next_dagrun for example_branch_labels to 2026-06-02 00:00:00+00:00, run_after=2026-06-03 00:00:00+00:00
[2026-06-03T06:10:15.918+0000] {processor.py:183} INFO - Processing /home/airflow/.local/lib/python3.12/site-packages/airflow/example_dags/example_branch_labels.py took 0.067 seconds
[2026-06-03T06:10:46.274+0000] {processor.py:161} INFO - Started process (PID=918) to work on /home/airflow/.local/lib/python3.12/site-packages/airflow/example_dags/example_branch_labels.py
[2026-06-03T06:10:46.275+0000] {processor.py:830} INFO - Processing file /home/airflow/.local/lib/python3.12/site-packages/airflow/example_dags/example_branch_labels.py for tasks to queue
[2026-06-03T06:10:46.276+0000] {logging_mixin.py:188} INFO - [2026-06-03T06:10:46.276+0000] {dagbag.py:545} INFO - Filling up the DagBag from /home/airflow/.local/lib/python3.12/site-packages/airflow/example_dags/example_branch_labels.py
[2026-06-03T06:10:46.283+0000] {processor.py:840} INFO - DAG(s) 'example_branch_labels' retrieved from /home/airflow/.local/lib/python3.12/site-packages/airflow/example_dags/example_branch_labels.py
[2026-06-03T06:10:46.300+0000] {logging_mixin.py:188} INFO - [2026-06-03T06:10:46.300+0000] {dag.py:3089} INFO - Sync 1 DAGs
[2026-06-03T06:10:46.319+0000] {logging_mixin.py:188} INFO - [2026-06-03T06:10:46.318+0000] {dag.py:3947} INFO - Setting next_dagrun for example_branch_labels to 2026-06-02 00:00:00+00:00, run_after=2026-06-03 00:00:00+00:00
[2026-06-03T06:10:46.333+0000] {processor.py:183} INFO - Processing /home/airflow/.local/lib/python3.12/site-packages/airflow/example_dags/example_branch_labels.py took 0.063 seconds
[2026-06-03T06:11:16.755+0000] {processor.py:161} INFO - Started process (PID=976) to work on /home/airflow/.local/lib/python3.12/site-packages/airflow/example_dags/example_branch_labels.py
[2026-06-03T06:11:16.756+0000] {processor.py:830} INFO - Processing file /home/airflow/.local/lib/python3.12/site-packages/airflow/example_dags/example_branch_labels.py for tasks to queue
[2026-06-03T06:11:16.759+0000] {logging_mixin.py:188} INFO - [2026-06-03T06:11:16.758+0000] {dagbag.py:545} INFO - Filling up the DagBag from /home/airflow/.local/lib/python3.12/site-packages/airflow/example_dags/example_branch_labels.py
[2026-06-03T06:11:16.766+0000] {processor.py:840} INFO - DAG(s) 'example_branch_labels' retrieved from /home/airflow/.local/lib/python3.12/site-packages/airflow/example_dags/example_branch_labels.py
[2026-06-03T06:11:16.782+0000] {logging_mixin.py:188} INFO - [2026-06-03T06:11:16.782+0000] {dag.py:3089} INFO - Sync 1 DAGs
[2026-06-03T06:11:16.801+0000] {logging_mixin.py:188} INFO - [2026-06-03T06:11:16.801+0000] {dag.py:3947} INFO - Setting next_dagrun for example_branch_labels to 2026-06-02 00:00:00+00:00, run_after=2026-06-03 00:00:00+00:00
[2026-06-03T06:11:16.815+0000] {processor.py:183} INFO - Processing /home/airflow/.local/lib/python3.12/site-packages/airflow/example_dags/example_branch_labels.py took 0.069 seconds
[2026-06-03T06:11:47.131+0000] {processor.py:161} INFO - Started process (PID=1034) to work on /home/airflow/.local/lib/python3.12/site-packages/airflow/example_dags/example_branch_labels.py
[2026-06-03T06:11:47.133+0000] {processor.py:830} INFO - Processing file /home/airflow/.local/lib/python3.12/site-packages/airflow/example_dags/example_branch_labels.py for tasks to queue
[2026-06-03T06:11:47.134+0000] {logging_mixin.py:188} INFO - [2026-06-03T06:11:47.134+0000] {dagbag.py:545} INFO - Filling up the DagBag from /home/airflow/.local/lib/python3.12/site-packages/airflow/example_dags/example_branch_labels.py
[2026-06-03T06:11:47.142+0000] {processor.py:840} INFO - DAG(s) 'example_branch_labels' retrieved from /home/airflow/.local/lib/python3.12/site-packages/airflow/example_dags/example_branch_labels.py
[2026-06-03T06:11:47.159+0000] {logging_mixin.py:188} INFO - [2026-06-03T06:11:47.159+0000] {dag.py:3089} INFO - Sync 1 DAGs
[2026-06-03T06:11:47.178+0000] {logging_mixin.py:188} INFO - [2026-06-03T06:11:47.178+0000] {dag.py:3947} INFO - Setting next_dagrun for example_branch_labels to 2026-06-02 00:00:00+00:00, run_after=2026-06-03 00:00:00+00:00
[2026-06-03T06:11:47.193+0000] {processor.py:183} INFO - Processing /home/airflow/.local/lib/python3.12/site-packages/airflow/example_dags/example_branch_labels.py took 0.067 seconds
[2026-06-03T06:12:17.567+0000] {processor.py:161} INFO - Started process (PID=1092) to work on /home/airflow/.local/lib/python3.12/site-packages/airflow/example_dags/example_branch_labels.py
[2026-06-03T06:12:17.568+0000] {processor.py:830} INFO - Processing file /home/airflow/.local/lib/python3.12/site-packages/airflow/example_dags/example_branch_labels.py for tasks to queue
[2026-06-03T06:12:17.569+0000] {logging_mixin.py:188} INFO - [2026-06-03T06:12:17.569+0000] {dagbag.py:545} INFO - Filling up the DagBag from /home/airflow/.local/lib/python3.12/site-packages/airflow/example_dags/example_branch_labels.py
[2026-06-03T06:12:17.575+0000] {processor.py:840} INFO - DAG(s) 'example_branch_labels' retrieved from /home/airflow/.local/lib/python3.12/site-packages/airflow/example_dags/example_branch_labels.py
[2026-06-03T06:12:17.593+0000] {logging_mixin.py:188} INFO - [2026-06-03T06:12:17.592+0000] {dag.py:3089} INFO - Sync 1 DAGs
[2026-06-03T06:12:17.611+0000] {logging_mixin.py:188} INFO - [2026-06-03T06:12:17.611+0000] {dag.py:3947} INFO - Setting next_dagrun for example_branch_labels to 2026-06-02 00:00:00+00:00, run_after=2026-06-03 00:00:00+00:00
[2026-06-03T06:12:17.625+0000] {processor.py:183} INFO - Processing /home/airflow/.local/lib/python3.12/site-packages/airflow/example_dags/example_branch_labels.py took 0.063 seconds
[2026-06-03T06:12:47.911+0000] {processor.py:161} INFO - Started process (PID=1150) to work on /home/airflow/.local/lib/python3.12/site-packages/airflow/example_dags/example_branch_labels.py
[2026-06-03T06:12:47.912+0000] {processor.py:830} INFO - Processing file /home/airflow/.local/lib/python3.12/site-packages/airflow/example_dags/example_branch_labels.py for tasks to queue
[2026-06-03T06:12:47.915+0000] {logging_mixin.py:188} INFO - [2026-06-03T06:12:47.914+0000] {dagbag.py:545} INFO - Filling up the DagBag from /home/airflow/.local/lib/python3.12/site-packages/airflow/example_dags/example_branch_labels.py
[2026-06-03T06:12:47.924+0000] {processor.py:840} INFO - DAG(s) 'example_branch_labels' retrieved from /home/airflow/.local/lib/python3.12/site-packages/airflow/example_dags/example_branch_labels.py
[2026-06-03T06:12:47.942+0000] {logging_mixin.py:188} INFO - [2026-06-03T06:12:47.942+0000] {dag.py:3089} INFO - Sync 1 DAGs
[2026-06-03T06:12:47.961+0000] {logging_mixin.py:188} INFO - [2026-06-03T06:12:47.961+0000] {dag.py:3947} INFO - Setting next_dagrun for example_branch_labels to 2026-06-02 00:00:00+00:00, run_after=2026-06-03 00:00:00+00:00
[2026-06-03T06:12:47.975+0000] {processor.py:183} INFO - Processing /home/airflow/.local/lib/python3.12/site-packages/airflow/example_dags/example_branch_labels.py took 0.079 seconds
[2026-06-03T06:13:18.158+0000] {processor.py:161} INFO - Started process (PID=1208) to work on /home/airflow/.local/lib/python3.12/site-packages/airflow/example_dags/example_branch_labels.py
[2026-06-03T06:13:18.159+0000] {processor.py:830} INFO - Processing file /home/airflow/.local/lib/python3.12/site-packages/airflow/example_dags/example_branch_labels.py for tasks to queue
[2026-06-03T06:13:18.162+0000] {logging_mixin.py:188} INFO - [2026-06-03T06:13:18.161+0000] {dagbag.py:545} INFO - Filling up the DagBag from /home/airflow/.local/lib/python3.12/site-packages/airflow/example_dags/example_branch_labels.py
[2026-06-03T06:13:18.169+0000] {processor.py:840} INFO - DAG(s) 'example_branch_labels' retrieved from /home/airflow/.local/lib/python3.12/site-packages/airflow/example_dags/example_branch_labels.py
[2026-06-03T06:13:18.187+0000] {logging_mixin.py:188} INFO - [2026-06-03T06:13:18.186+0000] {dag.py:3089} INFO - Sync 1 DAGs
[2026-06-03T06:13:18.207+0000] {logging_mixin.py:188} INFO - [2026-06-03T06:13:18.206+0000] {dag.py:3947} INFO - Setting next_dagrun for example_branch_labels to 2026-06-02 00:00:00+00:00, run_after=2026-06-03 00:00:00+00:00
[2026-06-03T06:13:18.221+0000] {processor.py:183} INFO - Processing /home/airflow/.local/lib/python3.12/site-packages/airflow/example_dags/example_branch_labels.py took 0.071 seconds
[2026-06-03T06:13:48.449+0000] {processor.py:161} INFO - Started process (PID=1266) to work on /home/airflow/.local/lib/python3.12/site-packages/airflow/example_dags/example_branch_labels.py
[2026-06-03T06:13:48.451+0000] {processor.py:830} INFO - Processing file /home/airflow/.local/lib/python3.12/site-packages/airflow/example_dags/example_branch_labels.py for tasks to queue
[2026-06-03T06:13:48.452+0000] {logging_mixin.py:188} INFO - [2026-06-03T06:13:48.452+0000] {dagbag.py:545} INFO - Filling up the DagBag from /home/airflow/.local/lib/python3.12/site-packages/airflow/example_dags/example_branch_labels.py
[2026-06-03T06:13:48.458+0000] {processor.py:840} INFO - DAG(s) 'example_branch_labels' retrieved from /home/airflow/.local/lib/python3.12/site-packages/airflow/example_dags/example_branch_labels.py
[2026-06-03T06:13:48.475+0000] {logging_mixin.py:188} INFO - [2026-06-03T06:13:48.475+0000] {dag.py:3089} INFO - Sync 1 DAGs
[2026-06-03T06:13:48.493+0000] {logging_mixin.py:188} INFO - [2026-06-03T06:13:48.493+0000] {dag.py:3947} INFO - Setting next_dagrun for example_branch_labels to 2026-06-02 00:00:00+00:00, run_after=2026-06-03 00:00:00+00:00
[2026-06-03T06:13:48.509+0000] {processor.py:183} INFO - Processing /home/airflow/.local/lib/python3.12/site-packages/airflow/example_dags/example_branch_labels.py took 0.064 seconds
[2026-06-03T06:14:18.723+0000] {processor.py:161} INFO - Started process (PID=1324) to work on /home/airflow/.local/lib/python3.12/site-packages/airflow/example_dags/example_branch_labels.py
[2026-06-03T06:14:18.724+0000] {processor.py:830} INFO - Processing file /home/airflow/.local/lib/python3.12/site-packages/airflow/example_dags/example_branch_labels.py for tasks to queue
[2026-06-03T06:14:18.727+0000] {logging_mixin.py:188} INFO - [2026-06-03T06:14:18.726+0000] {dagbag.py:545} INFO - Filling up the DagBag from /home/airflow/.local/lib/python3.12/site-packages/airflow/example_dags/example_branch_labels.py
[2026-06-03T06:14:18.736+0000] {processor.py:840} INFO - DAG(s) 'example_branch_labels' retrieved from /home/airflow/.local/lib/python3.12/site-packages/airflow/example_dags/example_branch_labels.py
[2026-06-03T06:14:18.754+0000] {logging_mixin.py:188} INFO - [2026-06-03T06:14:18.754+0000] {dag.py:3089} INFO - Sync 1 DAGs
[2026-06-03T06:14:18.773+0000] {logging_mixin.py:188} INFO - [2026-06-03T06:14:18.773+0000] {dag.py:3947} INFO - Setting next_dagrun for example_branch_labels to 2026-06-02 00:00:00+00:00, run_after=2026-06-03 00:00:00+00:00
[2026-06-03T06:14:18.787+0000] {processor.py:183} INFO - Processing /home/airflow/.local/lib/python3.12/site-packages/airflow/example_dags/example_branch_labels.py took 0.077 seconds
[2026-06-03T06:14:49.048+0000] {processor.py:161} INFO - Started process (PID=1382) to work on /home/airflow/.local/lib/python3.12/site-packages/airflow/example_dags/example_branch_labels.py
[2026-06-03T06:14:49.050+0000] {processor.py:830} INFO - Processing file /home/airflow/.local/lib/python3.12/site-packages/airflow/example_dags/example_branch_labels.py for tasks to queue
[2026-06-03T06:14:49.051+0000] {logging_mixin.py:188} INFO - [2026-06-03T06:14:49.051+0000] {dagbag.py:545} INFO - Filling up the DagBag from /home/airflow/.local/lib/python3.12/site-packages/airflow/example_dags/example_branch_labels.py
[2026-06-03T06:14:49.058+0000] {processor.py:840} INFO - DAG(s) 'example_branch_labels' retrieved from /home/airflow/.local/lib/python3.12/site-packages/airflow/example_dags/example_branch_labels.py
[2026-06-03T06:14:49.076+0000] {logging_mixin.py:188} INFO - [2026-06-03T06:14:49.075+0000] {dag.py:3089} INFO - Sync 1 DAGs
[2026-06-03T06:14:49.095+0000] {logging_mixin.py:188} INFO - [2026-06-03T06:14:49.094+0000] {dag.py:3947} INFO - Setting next_dagrun for example_branch_labels to 2026-06-02 00:00:00+00:00, run_after=2026-06-03 00:00:00+00:00
[2026-06-03T06:14:49.109+0000] {processor.py:183} INFO - Processing /home/airflow/.local/lib/python3.12/site-packages/airflow/example_dags/example_branch_labels.py took 0.066 seconds
[2026-06-03T06:15:19.354+0000] {processor.py:161} INFO - Started process (PID=1440) to work on /home/airflow/.local/lib/python3.12/site-packages/airflow/example_dags/example_branch_labels.py
[2026-06-03T06:15:19.354+0000] {processor.py:830} INFO - Processing file /home/airflow/.local/lib/python3.12/site-packages/airflow/example_dags/example_branch_labels.py for tasks to queue
[2026-06-03T06:15:19.356+0000] {logging_mixin.py:188} INFO - [2026-06-03T06:15:19.355+0000] {dagbag.py:545} INFO - Filling up the DagBag from /home/airflow/.local/lib/python3.12/site-packages/airflow/example_dags/example_branch_labels.py
[2026-06-03T06:15:19.362+0000] {processor.py:840} INFO - DAG(s) 'example_branch_labels' retrieved from /home/airflow/.local/lib/python3.12/site-packages/airflow/example_dags/example_branch_labels.py
[2026-06-03T06:15:19.379+0000] {logging_mixin.py:188} INFO - [2026-06-03T06:15:19.378+0000] {dag.py:3089} INFO - Sync 1 DAGs
[2026-06-03T06:15:19.397+0000] {logging_mixin.py:188} INFO - [2026-06-03T06:15:19.397+0000] {dag.py:3947} INFO - Setting next_dagrun for example_branch_labels to 2026-06-02 00:00:00+00:00, run_after=2026-06-03 00:00:00+00:00
[2026-06-03T06:15:19.411+0000] {processor.py:183} INFO - Processing /home/airflow/.local/lib/python3.12/site-packages/airflow/example_dags/example_branch_labels.py took 0.062 seconds
[2026-06-03T06:15:49.697+0000] {processor.py:161} INFO - Started process (PID=1498) to work on /home/airflow/.local/lib/python3.12/site-packages/airflow/example_dags/example_branch_labels.py
[2026-06-03T06:15:49.698+0000] {processor.py:830} INFO - Processing file /home/airflow/.local/lib/python3.12/site-packages/airflow/example_dags/example_branch_labels.py for tasks to queue
[2026-06-03T06:15:49.700+0000] {logging_mixin.py:188} INFO - [2026-06-03T06:15:49.699+0000] {dagbag.py:545} INFO - Filling up the DagBag from /home/airflow/.local/lib/python3.12/site-packages/airflow/example_dags/example_branch_labels.py
[2026-06-03T06:15:49.706+0000] {processor.py:840} INFO - DAG(s) 'example_branch_labels' retrieved from /home/airflow/.local/lib/python3.12/site-packages/airflow/example_dags/example_branch_labels.py
[2026-06-03T06:15:49.722+0000] {logging_mixin.py:188} INFO - [2026-06-03T06:15:49.722+0000] {dag.py:3089} INFO - Sync 1 DAGs
[2026-06-03T06:15:49.741+0000] {logging_mixin.py:188} INFO - [2026-06-03T06:15:49.741+0000] {dag.py:3947} INFO - Setting next_dagrun for example_branch_labels to 2026-06-02 00:00:00+00:00, run_after=2026-06-03 00:00:00+00:00
[2026-06-03T06:15:49.755+0000] {processor.py:183} INFO - Processing /home/airflow/.local/lib/python3.12/site-packages/airflow/example_dags/example_branch_labels.py took 0.063 seconds
[2026-06-03T06:16:20.124+0000] {processor.py:161} INFO - Started process (PID=1556) to work on /home/airflow/.local/lib/python3.12/site-packages/airflow/example_dags/example_branch_labels.py
[2026-06-03T06:16:20.124+0000] {processor.py:830} INFO - Processing file /home/airflow/.local/lib/python3.12/site-packages/airflow/example_dags/example_branch_labels.py for tasks to queue
[2026-06-03T06:16:20.125+0000] {logging_mixin.py:188} INFO - [2026-06-03T06:16:20.125+0000] {dagbag.py:545} INFO - Filling up the DagBag from /home/airflow/.local/lib/python3.12/site-packages/airflow/example_dags/example_branch_labels.py
[2026-06-03T06:16:20.131+0000] {processor.py:840} INFO - DAG(s) 'example_branch_labels' retrieved from /home/airflow/.local/lib/python3.12/site-packages/airflow/example_dags/example_branch_labels.py
[2026-06-03T06:16:20.148+0000] {logging_mixin.py:188} INFO - [2026-06-03T06:16:20.148+0000] {dag.py:3089} INFO - Sync 1 DAGs
[2026-06-03T06:16:20.168+0000] {logging_mixin.py:188} INFO - [2026-06-03T06:16:20.167+0000] {dag.py:3947} INFO - Setting next_dagrun for example_branch_labels to 2026-06-02 00:00:00+00:00, run_after=2026-06-03 00:00:00+00:00
[2026-06-03T06:16:20.182+0000] {processor.py:183} INFO - Processing /home/airflow/.local/lib/python3.12/site-packages/airflow/example_dags/example_branch_labels.py took 0.063 seconds
[2026-06-03T06:16:50.484+0000] {processor.py:161} INFO - Started process (PID=1613) to work on /home/airflow/.local/lib/python3.12/site-packages/airflow/example_dags/example_branch_labels.py
[2026-06-03T06:16:50.485+0000] {processor.py:830} INFO - Processing file /home/airflow/.local/lib/python3.12/site-packages/airflow/example_dags/example_branch_labels.py for tasks to queue
[2026-06-03T06:16:50.488+0000] {logging_mixin.py:188} INFO - [2026-06-03T06:16:50.487+0000] {dagbag.py:545} INFO - Filling up the DagBag from /home/airflow/.local/lib/python3.12/site-packages/airflow/example_dags/example_branch_labels.py
[2026-06-03T06:16:50.494+0000] {processor.py:840} INFO - DAG(s) 'example_branch_labels' retrieved from /home/airflow/.local/lib/python3.12/site-packages/airflow/example_dags/example_branch_labels.py
[2026-06-03T06:16:50.511+0000] {logging_mixin.py:188} INFO - [2026-06-03T06:16:50.511+0000] {dag.py:3089} INFO - Sync 1 DAGs
[2026-06-03T06:16:50.529+0000] {logging_mixin.py:188} INFO - [2026-06-03T06:16:50.529+0000] {dag.py:3947} INFO - Setting next_dagrun for example_branch_labels to 2026-06-02 00:00:00+00:00, run_after=2026-06-03 00:00:00+00:00
[2026-06-03T06:16:50.544+0000] {processor.py:183} INFO - Processing /home/airflow/.local/lib/python3.12/site-packages/airflow/example_dags/example_branch_labels.py took 0.065 seconds
[2026-06-03T06:17:20.819+0000] {processor.py:161} INFO - Started process (PID=1671) to work on /home/airflow/.local/lib/python3.12/site-packages/airflow/example_dags/example_branch_labels.py
[2026-06-03T06:17:20.819+0000] {processor.py:830} INFO - Processing file /home/airflow/.local/lib/python3.12/site-packages/airflow/example_dags/example_branch_labels.py for tasks to queue
[2026-06-03T06:17:20.821+0000] {logging_mixin.py:188} INFO - [2026-06-03T06:17:20.821+0000] {dagbag.py:545} INFO - Filling up the DagBag from /home/airflow/.local/lib/python3.12/site-packages/airflow/example_dags/example_branch_labels.py
[2026-06-03T06:17:20.827+0000] {processor.py:840} INFO - DAG(s) 'example_branch_labels' retrieved from /home/airflow/.local/lib/python3.12/site-packages/airflow/example_dags/example_branch_labels.py
[2026-06-03T06:17:20.844+0000] {logging_mixin.py:188} INFO - [2026-06-03T06:17:20.843+0000] {dag.py:3089} INFO - Sync 1 DAGs
[2026-06-03T06:17:20.862+0000] {logging_mixin.py:188} INFO - [2026-06-03T06:17:20.862+0000] {dag.py:3947} INFO - Setting next_dagrun for example_branch_labels to 2026-06-02 00:00:00+00:00, run_after=2026-06-03 00:00:00+00:00
[2026-06-03T06:17:20.876+0000] {processor.py:183} INFO - Processing /home/airflow/.local/lib/python3.12/site-packages/airflow/example_dags/example_branch_labels.py took 0.069 seconds
[2026-06-03T06:17:51.226+0000] {processor.py:161} INFO - Started process (PID=1728) to work on /home/airflow/.local/lib/python3.12/site-packages/airflow/example_dags/example_branch_labels.py
[2026-06-03T06:17:51.227+0000] {processor.py:830} INFO - Processing file /home/airflow/.local/lib/python3.12/site-packages/airflow/example_dags/example_branch_labels.py for tasks to queue
[2026-06-03T06:17:51.229+0000] {logging_mixin.py:188} INFO - [2026-06-03T06:17:51.229+0000] {dagbag.py:545} INFO - Filling up the DagBag from /home/airflow/.local/lib/python3.12/site-packages/airflow/example_dags/example_branch_labels.py
[2026-06-03T06:17:51.235+0000] {processor.py:840} INFO - DAG(s) 'example_branch_labels' retrieved from /home/airflow/.local/lib/python3.12/site-packages/airflow/example_dags/example_branch_labels.py
[2026-06-03T06:17:51.252+0000] {logging_mixin.py:188} INFO - [2026-06-03T06:17:51.251+0000] {dag.py:3089} INFO - Sync 1 DAGs
[2026-06-03T06:17:51.270+0000] {logging_mixin.py:188} INFO - [2026-06-03T06:17:51.270+0000] {dag.py:3947} INFO - Setting next_dagrun for example_branch_labels to 2026-06-02 00:00:00+00:00, run_after=2026-06-03 00:00:00+00:00
[2026-06-03T06:17:51.285+0000] {processor.py:183} INFO - Processing /home/airflow/.local/lib/python3.12/site-packages/airflow/example_dags/example_branch_labels.py took 0.064 seconds
[2026-06-03T06:18:21.396+0000] {processor.py:161} INFO - Started process (PID=1786) to work on /home/airflow/.local/lib/python3.12/site-packages/airflow/example_dags/example_branch_labels.py
[2026-06-03T06:18:21.397+0000] {processor.py:830} INFO - Processing file /home/airflow/.local/lib/python3.12/site-packages/airflow/example_dags/example_branch_labels.py for tasks to queue
[2026-06-03T06:18:21.398+0000] {logging_mixin.py:188} INFO - [2026-06-03T06:18:21.398+0000] {dagbag.py:545} INFO - Filling up the DagBag from /home/airflow/.local/lib/python3.12/site-packages/airflow/example_dags/example_branch_labels.py
[2026-06-03T06:18:21.404+0000] {processor.py:840} INFO - DAG(s) 'example_branch_labels' retrieved from /home/airflow/.local/lib/python3.12/site-packages/airflow/example_dags/example_branch_labels.py
[2026-06-03T06:18:21.421+0000] {logging_mixin.py:188} INFO - [2026-06-03T06:18:21.420+0000] {dag.py:3089} INFO - Sync 1 DAGs
[2026-06-03T06:18:21.439+0000] {logging_mixin.py:188} INFO - [2026-06-03T06:18:21.439+0000] {dag.py:3947} INFO - Setting next_dagrun for example_branch_labels to 2026-06-02 00:00:00+00:00, run_after=2026-06-03 00:00:00+00:00
[2026-06-03T06:18:21.454+0000] {processor.py:183} INFO - Processing /home/airflow/.local/lib/python3.12/site-packages/airflow/example_dags/example_branch_labels.py took 0.062 seconds
[2026-06-03T06:18:51.833+0000] {processor.py:161} INFO - Started process (PID=1844) to work on /home/airflow/.local/lib/python3.12/site-packages/airflow/example_dags/example_branch_labels.py
[2026-06-03T06:18:51.834+0000] {processor.py:830} INFO - Processing file /home/airflow/.local/lib/python3.12/site-packages/airflow/example_dags/example_branch_labels.py for tasks to queue
[2026-06-03T06:18:51.836+0000] {logging_mixin.py:188} INFO - [2026-06-03T06:18:51.836+0000] {dagbag.py:545} INFO - Filling up the DagBag from /home/airflow/.local/lib/python3.12/site-packages/airflow/example_dags/example_branch_labels.py
[2026-06-03T06:18:51.842+0000] {processor.py:840} INFO - DAG(s) 'example_branch_labels' retrieved from /home/airflow/.local/lib/python3.12/site-packages/airflow/example_dags/example_branch_labels.py
[2026-06-03T06:18:51.858+0000] {logging_mixin.py:188} INFO - [2026-06-03T06:18:51.858+0000] {dag.py:3089} INFO - Sync 1 DAGs
[2026-06-03T06:18:51.876+0000] {logging_mixin.py:188} INFO - [2026-06-03T06:18:51.876+0000] {dag.py:3947} INFO - Setting next_dagrun for example_branch_labels to 2026-06-02 00:00:00+00:00, run_after=2026-06-03 00:00:00+00:00
[2026-06-03T06:18:51.890+0000] {processor.py:183} INFO - Processing /home/airflow/.local/lib/python3.12/site-packages/airflow/example_dags/example_branch_labels.py took 0.062 seconds
[2026-06-03T06:19:21.981+0000] {processor.py:161} INFO - Started process (PID=1902) to work on /home/airflow/.local/lib/python3.12/site-packages/airflow/example_dags/example_branch_labels.py
[2026-06-03T06:19:21.982+0000] {processor.py:830} INFO - Processing file /home/airflow/.local/lib/python3.12/site-packages/airflow/example_dags/example_branch_labels.py for tasks to queue
[2026-06-03T06:19:21.984+0000] {logging_mixin.py:188} INFO - [2026-06-03T06:19:21.983+0000] {dagbag.py:545} INFO - Filling up the DagBag from /home/airflow/.local/lib/python3.12/site-packages/airflow/example_dags/example_branch_labels.py
[2026-06-03T06:19:21.990+0000] {processor.py:840} INFO - DAG(s) 'example_branch_labels' retrieved from /home/airflow/.local/lib/python3.12/site-packages/airflow/example_dags/example_branch_labels.py
[2026-06-03T06:19:22.008+0000] {logging_mixin.py:188} INFO - [2026-06-03T06:19:22.007+0000] {dag.py:3089} INFO - Sync 1 DAGs
[2026-06-03T06:19:22.154+0000] {logging_mixin.py:188} INFO - [2026-06-03T06:19:22.154+0000] {dag.py:3947} INFO - Setting next_dagrun for example_branch_labels to 2026-06-02 00:00:00+00:00, run_after=2026-06-03 00:00:00+00:00
[2026-06-03T06:19:22.168+0000] {processor.py:183} INFO - Processing /home/airflow/.local/lib/python3.12/site-packages/airflow/example_dags/example_branch_labels.py took 0.191 seconds
[2026-06-03T06:19:52.250+0000] {processor.py:161} INFO - Started process (PID=1960) to work on /home/airflow/.local/lib/python3.12/site-packages/airflow/example_dags/example_branch_labels.py
[2026-06-03T06:19:52.252+0000] {processor.py:830} INFO - Processing file /home/airflow/.local/lib/python3.12/site-packages/airflow/example_dags/example_branch_labels.py for tasks to queue
[2026-06-03T06:19:52.254+0000] {logging_mixin.py:188} INFO - [2026-06-03T06:19:52.254+0000] {dagbag.py:545} INFO - Filling up the DagBag from /home/airflow/.local/lib/python3.12/site-packages/airflow/example_dags/example_branch_labels.py
[2026-06-03T06:19:52.264+0000] {processor.py:840} INFO - DAG(s) 'example_branch_labels' retrieved from /home/airflow/.local/lib/python3.12/site-packages/airflow/example_dags/example_branch_labels.py
[2026-06-03T06:19:52.283+0000] {logging_mixin.py:188} INFO - [2026-06-03T06:19:52.283+0000] {dag.py:3089} INFO - Sync 1 DAGs
[2026-06-03T06:19:52.424+0000] {logging_mixin.py:188} INFO - [2026-06-03T06:19:52.423+0000] {dag.py:3947} INFO - Setting next_dagrun for example_branch_labels to 2026-06-02 00:00:00+00:00, run_after=2026-06-03 00:00:00+00:00
[2026-06-03T06:19:52.437+0000] {processor.py:183} INFO - Processing /home/airflow/.local/lib/python3.12/site-packages/airflow/example_dags/example_branch_labels.py took 0.201 seconds
[2026-06-03T06:20:22.489+0000] {processor.py:161} INFO - Started process (PID=2018) to work on /home/airflow/.local/lib/python3.12/site-packages/airflow/example_dags/example_branch_labels.py
[2026-06-03T06:20:22.490+0000] {processor.py:830} INFO - Processing file /home/airflow/.local/lib/python3.12/site-packages/airflow/example_dags/example_branch_labels.py for tasks to queue
[2026-06-03T06:20:22.492+0000] {logging_mixin.py:188} INFO - [2026-06-03T06:20:22.491+0000] {dagbag.py:545} INFO - Filling up the DagBag from /home/airflow/.local/lib/python3.12/site-packages/airflow/example_dags/example_branch_labels.py
[2026-06-03T06:20:22.497+0000] {processor.py:840} INFO - DAG(s) 'example_branch_labels' retrieved from /home/airflow/.local/lib/python3.12/site-packages/airflow/example_dags/example_branch_labels.py
[2026-06-03T06:20:22.514+0000] {logging_mixin.py:188} INFO - [2026-06-03T06:20:22.514+0000] {dag.py:3089} INFO - Sync 1 DAGs
[2026-06-03T06:20:22.534+0000] {logging_mixin.py:188} INFO - [2026-06-03T06:20:22.534+0000] {dag.py:3947} INFO - Setting next_dagrun for example_branch_labels to 2026-06-02 00:00:00+00:00, run_after=2026-06-03 00:00:00+00:00
[2026-06-03T06:20:22.549+0000] {processor.py:183} INFO - Processing /home/airflow/.local/lib/python3.12/site-packages/airflow/example_dags/example_branch_labels.py took 0.065 seconds
[2026-06-03T06:20:52.776+0000] {processor.py:161} INFO - Started process (PID=2076) to work on /home/airflow/.local/lib/python3.12/site-packages/airflow/example_dags/example_branch_labels.py
[2026-06-03T06:20:52.777+0000] {processor.py:830} INFO - Processing file /home/airflow/.local/lib/python3.12/site-packages/airflow/example_dags/example_branch_labels.py for tasks to queue
[2026-06-03T06:20:52.779+0000] {logging_mixin.py:188} INFO - [2026-06-03T06:20:52.779+0000] {dagbag.py:545} INFO - Filling up the DagBag from /home/airflow/.local/lib/python3.12/site-packages/airflow/example_dags/example_branch_labels.py
[2026-06-03T06:20:52.785+0000] {processor.py:840} INFO - DAG(s) 'example_branch_labels' retrieved from /home/airflow/.local/lib/python3.12/site-packages/airflow/example_dags/example_branch_labels.py
[2026-06-03T06:20:52.802+0000] {logging_mixin.py:188} INFO - [2026-06-03T06:20:52.802+0000] {dag.py:3089} INFO - Sync 1 DAGs
[2026-06-03T06:20:52.820+0000] {logging_mixin.py:188} INFO - [2026-06-03T06:20:52.820+0000] {dag.py:3947} INFO - Setting next_dagrun for example_branch_labels to 2026-06-02 00:00:00+00:00, run_after=2026-06-03 00:00:00+00:00
[2026-06-03T06:20:52.836+0000] {processor.py:183} INFO - Processing /home/airflow/.local/lib/python3.12/site-packages/airflow/example_dags/example_branch_labels.py took 0.065 seconds
[2026-06-03T06:21:23.114+0000] {processor.py:161} INFO - Started process (PID=2134) to work on /home/airflow/.local/lib/python3.12/site-packages/airflow/example_dags/example_branch_labels.py
[2026-06-03T06:21:23.115+0000] {processor.py:830} INFO - Processing file /home/airflow/.local/lib/python3.12/site-packages/airflow/example_dags/example_branch_labels.py for tasks to queue
[2026-06-03T06:21:23.117+0000] {logging_mixin.py:188} INFO - [2026-06-03T06:21:23.116+0000] {dagbag.py:545} INFO - Filling up the DagBag from /home/airflow/.local/lib/python3.12/site-packages/airflow/example_dags/example_branch_labels.py
[2026-06-03T06:21:23.123+0000] {processor.py:840} INFO - DAG(s) 'example_branch_labels' retrieved from /home/airflow/.local/lib/python3.12/site-packages/airflow/example_dags/example_branch_labels.py
[2026-06-03T06:21:23.139+0000] {logging_mixin.py:188} INFO - [2026-06-03T06:21:23.139+0000] {dag.py:3089} INFO - Sync 1 DAGs
[2026-06-03T06:21:23.157+0000] {logging_mixin.py:188} INFO - [2026-06-03T06:21:23.157+0000] {dag.py:3947} INFO - Setting next_dagrun for example_branch_labels to 2026-06-02 00:00:00+00:00, run_after=2026-06-03 00:00:00+00:00
[2026-06-03T06:21:23.172+0000] {processor.py:183} INFO - Processing /home/airflow/.local/lib/python3.12/site-packages/airflow/example_dags/example_branch_labels.py took 0.063 seconds
[2026-06-03T06:21:53.408+0000] {processor.py:161} INFO - Started process (PID=2192) to work on /home/airflow/.local/lib/python3.12/site-packages/airflow/example_dags/example_branch_labels.py
[2026-06-03T06:21:53.434+0000] {processor.py:830} INFO - Processing file /home/airflow/.local/lib/python3.12/site-packages/airflow/example_dags/example_branch_labels.py for tasks to queue
[2026-06-03T06:21:53.436+0000] {logging_mixin.py:188} INFO - [2026-06-03T06:21:53.436+0000] {dagbag.py:545} INFO - Filling up the DagBag from /home/airflow/.local/lib/python3.12/site-packages/airflow/example_dags/example_branch_labels.py
[2026-06-03T06:21:53.443+0000] {processor.py:840} INFO - DAG(s) 'example_branch_labels' retrieved from /home/airflow/.local/lib/python3.12/site-packages/airflow/example_dags/example_branch_labels.py
[2026-06-03T06:21:53.459+0000] {logging_mixin.py:188} INFO - [2026-06-03T06:21:53.459+0000] {dag.py:3089} INFO - Sync 1 DAGs
[2026-06-03T06:21:53.479+0000] {logging_mixin.py:188} INFO - [2026-06-03T06:21:53.478+0000] {dag.py:3947} INFO - Setting next_dagrun for example_branch_labels to 2026-06-02 00:00:00+00:00, run_after=2026-06-03 00:00:00+00:00
[2026-06-03T06:21:53.526+0000] {processor.py:183} INFO - Processing /home/airflow/.local/lib/python3.12/site-packages/airflow/example_dags/example_branch_labels.py took 0.122 seconds
[2026-06-03T06:22:24.272+0000] {processor.py:161} INFO - Started process (PID=2251) to work on /home/airflow/.local/lib/python3.12/site-packages/airflow/example_dags/example_branch_labels.py
[2026-06-03T06:22:24.397+0000] {processor.py:830} INFO - Processing file /home/airflow/.local/lib/python3.12/site-packages/airflow/example_dags/example_branch_labels.py for tasks to queue
[2026-06-03T06:22:24.405+0000] {logging_mixin.py:188} INFO - [2026-06-03T06:22:24.404+0000] {dagbag.py:545} INFO - Filling up the DagBag from /home/airflow/.local/lib/python3.12/site-packages/airflow/example_dags/example_branch_labels.py
[2026-06-03T06:22:24.428+0000] {processor.py:840} INFO - DAG(s) 'example_branch_labels' retrieved from /home/airflow/.local/lib/python3.12/site-packages/airflow/example_dags/example_branch_labels.py
[2026-06-03T06:22:24.595+0000] {logging_mixin.py:188} INFO - [2026-06-03T06:22:24.595+0000] {dag.py:3089} INFO - Sync 1 DAGs
[2026-06-03T06:22:26.095+0000] {logging_mixin.py:188} INFO - [2026-06-03T06:22:26.094+0000] {dag.py:3947} INFO - Setting next_dagrun for example_branch_labels to 2026-06-02 00:00:00+00:00, run_after=2026-06-03 00:00:00+00:00
[2026-06-03T06:22:29.054+0000] {processor.py:183} INFO - Processing /home/airflow/.local/lib/python3.12/site-packages/airflow/example_dags/example_branch_labels.py took 4.787 seconds
[2026-06-03T06:22:59.138+0000] {processor.py:161} INFO - Started process (PID=2309) to work on /home/airflow/.local/lib/python3.12/site-packages/airflow/example_dags/example_branch_labels.py
[2026-06-03T06:22:59.139+0000] {processor.py:830} INFO - Processing file /home/airflow/.local/lib/python3.12/site-packages/airflow/example_dags/example_branch_labels.py for tasks to queue
[2026-06-03T06:22:59.141+0000] {logging_mixin.py:188} INFO - [2026-06-03T06:22:59.141+0000] {dagbag.py:545} INFO - Filling up the DagBag from /home/airflow/.local/lib/python3.12/site-packages/airflow/example_dags/example_branch_labels.py
[2026-06-03T06:22:59.148+0000] {processor.py:840} INFO - DAG(s) 'example_branch_labels' retrieved from /home/airflow/.local/lib/python3.12/site-packages/airflow/example_dags/example_branch_labels.py
[2026-06-03T06:22:59.165+0000] {logging_mixin.py:188} INFO - [2026-06-03T06:22:59.165+0000] {dag.py:3089} INFO - Sync 1 DAGs
[2026-06-03T06:22:59.185+0000] {logging_mixin.py:188} INFO - [2026-06-03T06:22:59.185+0000] {dag.py:3947} INFO - Setting next_dagrun for example_branch_labels to 2026-06-02 00:00:00+00:00, run_after=2026-06-03 00:00:00+00:00
[2026-06-03T06:22:59.200+0000] {processor.py:183} INFO - Processing /home/airflow/.local/lib/python3.12/site-packages/airflow/example_dags/example_branch_labels.py took 0.068 seconds
[2026-06-03T06:23:29.529+0000] {processor.py:161} INFO - Started process (PID=2367) to work on /home/airflow/.local/lib/python3.12/site-packages/airflow/example_dags/example_branch_labels.py
[2026-06-03T06:23:29.530+0000] {processor.py:830} INFO - Processing file /home/airflow/.local/lib/python3.12/site-packages/airflow/example_dags/example_branch_labels.py for tasks to queue
[2026-06-03T06:23:29.531+0000] {logging_mixin.py:188} INFO - [2026-06-03T06:23:29.531+0000] {dagbag.py:545} INFO - Filling up the DagBag from /home/airflow/.local/lib/python3.12/site-packages/airflow/example_dags/example_branch_labels.py
[2026-06-03T06:23:29.537+0000] {processor.py:840} INFO - DAG(s) 'example_branch_labels' retrieved from /home/airflow/.local/lib/python3.12/site-packages/airflow/example_dags/example_branch_labels.py
[2026-06-03T06:23:29.554+0000] {logging_mixin.py:188} INFO - [2026-06-03T06:23:29.554+0000] {dag.py:3089} INFO - Sync 1 DAGs
[2026-06-03T06:23:29.574+0000] {logging_mixin.py:188} INFO - [2026-06-03T06:23:29.574+0000] {dag.py:3947} INFO - Setting next_dagrun for example_branch_labels to 2026-06-02 00:00:00+00:00, run_after=2026-06-03 00:00:00+00:00
[2026-06-03T06:23:29.589+0000] {processor.py:183} INFO - Processing /home/airflow/.local/lib/python3.12/site-packages/airflow/example_dags/example_branch_labels.py took 0.064 seconds
[2026-06-03T06:23:59.879+0000] {processor.py:161} INFO - Started process (PID=2425) to work on /home/airflow/.local/lib/python3.12/site-packages/airflow/example_dags/example_branch_labels.py
[2026-06-03T06:23:59.886+0000] {processor.py:830} INFO - Processing file /home/airflow/.local/lib/python3.12/site-packages/airflow/example_dags/example_branch_labels.py for tasks to queue
[2026-06-03T06:23:59.888+0000] {logging_mixin.py:188} INFO - [2026-06-03T06:23:59.887+0000] {dagbag.py:545} INFO - Filling up the DagBag from /home/airflow/.local/lib/python3.12/site-packages/airflow/example_dags/example_branch_labels.py
[2026-06-03T06:23:59.894+0000] {processor.py:840} INFO - DAG(s) 'example_branch_labels' retrieved from /home/airflow/.local/lib/python3.12/site-packages/airflow/example_dags/example_branch_labels.py
[2026-06-03T06:23:59.912+0000] {logging_mixin.py:188} INFO - [2026-06-03T06:23:59.912+0000] {dag.py:3089} INFO - Sync 1 DAGs
[2026-06-03T06:23:59.934+0000] {logging_mixin.py:188} INFO - [2026-06-03T06:23:59.934+0000] {dag.py:3947} INFO - Setting next_dagrun for example_branch_labels to 2026-06-02 00:00:00+00:00, run_after=2026-06-03 00:00:00+00:00
[2026-06-03T06:23:59.950+0000] {processor.py:183} INFO - Processing /home/airflow/.local/lib/python3.12/site-packages/airflow/example_dags/example_branch_labels.py took 0.075 seconds
[2026-06-03T06:24:30.415+0000] {processor.py:161} INFO - Started process (PID=2483) to work on /home/airflow/.local/lib/python3.12/site-packages/airflow/example_dags/example_branch_labels.py
[2026-06-03T06:24:30.416+0000] {processor.py:830} INFO - Processing file /home/airflow/.local/lib/python3.12/site-packages/airflow/example_dags/example_branch_labels.py for tasks to queue
[2026-06-03T06:24:30.417+0000] {logging_mixin.py:188} INFO - [2026-06-03T06:24:30.417+0000] {dagbag.py:545} INFO - Filling up the DagBag from /home/airflow/.local/lib/python3.12/site-packages/airflow/example_dags/example_branch_labels.py
[2026-06-03T06:24:30.423+0000] {processor.py:840} INFO - DAG(s) 'example_branch_labels' retrieved from /home/airflow/.local/lib/python3.12/site-packages/airflow/example_dags/example_branch_labels.py
[2026-06-03T06:24:30.440+0000] {logging_mixin.py:188} INFO - [2026-06-03T06:24:30.440+0000] {dag.py:3089} INFO - Sync 1 DAGs
[2026-06-03T06:24:30.459+0000] {logging_mixin.py:188} INFO - [2026-06-03T06:24:30.459+0000] {dag.py:3947} INFO - Setting next_dagrun for example_branch_labels to 2026-06-02 00:00:00+00:00, run_after=2026-06-03 00:00:00+00:00
[2026-06-03T06:24:30.474+0000] {processor.py:183} INFO - Processing /home/airflow/.local/lib/python3.12/site-packages/airflow/example_dags/example_branch_labels.py took 0.064 seconds
[2026-06-03T06:25:00.841+0000] {processor.py:161} INFO - Started process (PID=2541) to work on /home/airflow/.local/lib/python3.12/site-packages/airflow/example_dags/example_branch_labels.py
[2026-06-03T06:25:00.843+0000] {processor.py:830} INFO - Processing file /home/airflow/.local/lib/python3.12/site-packages/airflow/example_dags/example_branch_labels.py for tasks to queue
[2026-06-03T06:25:00.844+0000] {logging_mixin.py:188} INFO - [2026-06-03T06:25:00.844+0000] {dagbag.py:545} INFO - Filling up the DagBag from /home/airflow/.local/lib/python3.12/site-packages/airflow/example_dags/example_branch_labels.py
[2026-06-03T06:25:00.852+0000] {processor.py:840} INFO - DAG(s) 'example_branch_labels' retrieved from /home/airflow/.local/lib/python3.12/site-packages/airflow/example_dags/example_branch_labels.py
[2026-06-03T06:25:00.873+0000] {logging_mixin.py:188} INFO - [2026-06-03T06:25:00.873+0000] {dag.py:3089} INFO - Sync 1 DAGs
[2026-06-03T06:25:00.896+0000] {logging_mixin.py:188} INFO - [2026-06-03T06:25:00.896+0000] {dag.py:3947} INFO - Setting next_dagrun for example_branch_labels to 2026-06-02 00:00:00+00:00, run_after=2026-06-03 00:00:00+00:00
[2026-06-03T06:25:00.911+0000] {processor.py:183} INFO - Processing /home/airflow/.local/lib/python3.12/site-packages/airflow/example_dags/example_branch_labels.py took 0.076 seconds
[2026-06-03T06:25:31.290+0000] {processor.py:161} INFO - Started process (PID=2599) to work on /home/airflow/.local/lib/python3.12/site-packages/airflow/example_dags/example_branch_labels.py
[2026-06-03T06:25:31.290+0000] {processor.py:830} INFO - Processing file /home/airflow/.local/lib/python3.12/site-packages/airflow/example_dags/example_branch_labels.py for tasks to queue
[2026-06-03T06:25:31.292+0000] {logging_mixin.py:188} INFO - [2026-06-03T06:25:31.291+0000] {dagbag.py:545} INFO - Filling up the DagBag from /home/airflow/.local/lib/python3.12/site-packages/airflow/example_dags/example_branch_labels.py
[2026-06-03T06:25:31.298+0000] {processor.py:840} INFO - DAG(s) 'example_branch_labels' retrieved from /home/airflow/.local/lib/python3.12/site-packages/airflow/example_dags/example_branch_labels.py
[2026-06-03T06:25:31.316+0000] {logging_mixin.py:188} INFO - [2026-06-03T06:25:31.315+0000] {dag.py:3089} INFO - Sync 1 DAGs
[2026-06-03T06:25:31.335+0000] {logging_mixin.py:188} INFO - [2026-06-03T06:25:31.335+0000] {dag.py:3947} INFO - Setting next_dagrun for example_branch_labels to 2026-06-02 00:00:00+00:00, run_after=2026-06-03 00:00:00+00:00
[2026-06-03T06:25:31.354+0000] {processor.py:183} INFO - Processing /home/airflow/.local/lib/python3.12/site-packages/airflow/example_dags/example_branch_labels.py took 0.069 seconds
[2026-06-03T06:26:01.661+0000] {processor.py:161} INFO - Started process (PID=2656) to work on /home/airflow/.local/lib/python3.12/site-packages/airflow/example_dags/example_branch_labels.py
[2026-06-03T06:26:01.662+0000] {processor.py:830} INFO - Processing file /home/airflow/.local/lib/python3.12/site-packages/airflow/example_dags/example_branch_labels.py for tasks to queue
[2026-06-03T06:26:01.664+0000] {logging_mixin.py:188} INFO - [2026-06-03T06:26:01.664+0000] {dagbag.py:545} INFO - Filling up the DagBag from /home/airflow/.local/lib/python3.12/site-packages/airflow/example_dags/example_branch_labels.py
[2026-06-03T06:26:01.670+0000] {processor.py:840} INFO - DAG(s) 'example_branch_labels' retrieved from /home/airflow/.local/lib/python3.12/site-packages/airflow/example_dags/example_branch_labels.py
[2026-06-03T06:26:01.687+0000] {logging_mixin.py:188} INFO - [2026-06-03T06:26:01.686+0000] {dag.py:3089} INFO - Sync 1 DAGs
[2026-06-03T06:26:01.705+0000] {logging_mixin.py:188} INFO - [2026-06-03T06:26:01.705+0000] {dag.py:3947} INFO - Setting next_dagrun for example_branch_labels to 2026-06-02 00:00:00+00:00, run_after=2026-06-03 00:00:00+00:00
[2026-06-03T06:26:01.721+0000] {processor.py:183} INFO - Processing /home/airflow/.local/lib/python3.12/site-packages/airflow/example_dags/example_branch_labels.py took 0.065 seconds
[2026-06-03T06:26:32.018+0000] {processor.py:161} INFO - Started process (PID=2714) to work on /home/airflow/.local/lib/python3.12/site-packages/airflow/example_dags/example_branch_labels.py
[2026-06-03T06:26:32.019+0000] {processor.py:830} INFO - Processing file /home/airflow/.local/lib/python3.12/site-packages/airflow/example_dags/example_branch_labels.py for tasks to queue
[2026-06-03T06:26:32.021+0000] {logging_mixin.py:188} INFO - [2026-06-03T06:26:32.021+0000] {dagbag.py:545} INFO - Filling up the DagBag from /home/airflow/.local/lib/python3.12/site-packages/airflow/example_dags/example_branch_labels.py
[2026-06-03T06:26:32.028+0000] {processor.py:840} INFO - DAG(s) 'example_branch_labels' retrieved from /home/airflow/.local/lib/python3.12/site-packages/airflow/example_dags/example_branch_labels.py
[2026-06-03T06:26:32.046+0000] {logging_mixin.py:188} INFO - [2026-06-03T06:26:32.046+0000] {dag.py:3089} INFO - Sync 1 DAGs
[2026-06-03T06:26:32.065+0000] {logging_mixin.py:188} INFO - [2026-06-03T06:26:32.065+0000] {dag.py:3947} INFO - Setting next_dagrun for example_branch_labels to 2026-06-02 00:00:00+00:00, run_after=2026-06-03 00:00:00+00:00
[2026-06-03T06:26:32.080+0000] {processor.py:183} INFO - Processing /home/airflow/.local/lib/python3.12/site-packages/airflow/example_dags/example_branch_labels.py took 0.076 seconds
[2026-06-03T06:27:02.505+0000] {processor.py:161} INFO - Started process (PID=2772) to work on /home/airflow/.local/lib/python3.12/site-packages/airflow/example_dags/example_branch_labels.py
[2026-06-03T06:27:02.506+0000] {processor.py:830} INFO - Processing file /home/airflow/.local/lib/python3.12/site-packages/airflow/example_dags/example_branch_labels.py for tasks to queue
[2026-06-03T06:27:02.507+0000] {logging_mixin.py:188} INFO - [2026-06-03T06:27:02.507+0000] {dagbag.py:545} INFO - Filling up the DagBag from /home/airflow/.local/lib/python3.12/site-packages/airflow/example_dags/example_branch_labels.py
[2026-06-03T06:27:02.514+0000] {processor.py:840} INFO - DAG(s) 'example_branch_labels' retrieved from /home/airflow/.local/lib/python3.12/site-packages/airflow/example_dags/example_branch_labels.py
[2026-06-03T06:27:02.531+0000] {logging_mixin.py:188} INFO - [2026-06-03T06:27:02.531+0000] {dag.py:3089} INFO - Sync 1 DAGs
[2026-06-03T06:27:02.549+0000] {logging_mixin.py:188} INFO - [2026-06-03T06:27:02.549+0000] {dag.py:3947} INFO - Setting next_dagrun for example_branch_labels to 2026-06-02 00:00:00+00:00, run_after=2026-06-03 00:00:00+00:00
[2026-06-03T06:27:02.563+0000] {processor.py:183} INFO - Processing /home/airflow/.local/lib/python3.12/site-packages/airflow/example_dags/example_branch_labels.py took 0.064 seconds
