[2026-06-03T06:03:08.057+0000] {processor.py:161} INFO - Started process (PID=59) to work on /home/airflow/.local/lib/python3.12/site-packages/airflow/example_dags/example_external_task_marker_dag.py
[2026-06-03T06:03:08.058+0000] {processor.py:830} INFO - Processing file /home/airflow/.local/lib/python3.12/site-packages/airflow/example_dags/example_external_task_marker_dag.py for tasks to queue
[2026-06-03T06:03:08.062+0000] {logging_mixin.py:188} INFO - [2026-06-03T06:03:08.062+0000] {dagbag.py:545} INFO - Filling up the DagBag from /home/airflow/.local/lib/python3.12/site-packages/airflow/example_dags/example_external_task_marker_dag.py
[2026-06-03T06:03:08.071+0000] {processor.py:840} INFO - DAG(s) 'example_external_task_marker_parent', 'example_external_task_marker_child' retrieved from /home/airflow/.local/lib/python3.12/site-packages/airflow/example_dags/example_external_task_marker_dag.py
[2026-06-03T06:03:08.095+0000] {logging_mixin.py:188} INFO - [2026-06-03T06:03:08.095+0000] {dag.py:3089} INFO - Sync 2 DAGs
[2026-06-03T06:03:08.109+0000] {logging_mixin.py:188} INFO - [2026-06-03T06:03:08.109+0000] {dag.py:3947} INFO - Setting next_dagrun for example_external_task_marker_child to None, run_after=None
[2026-06-03T06:03:08.113+0000] {logging_mixin.py:188} INFO - [2026-06-03T06:03:08.112+0000] {dag.py:3947} INFO - Setting next_dagrun for example_external_task_marker_parent to None, run_after=None
[2026-06-03T06:03:08.128+0000] {processor.py:183} INFO - Processing /home/airflow/.local/lib/python3.12/site-packages/airflow/example_dags/example_external_task_marker_dag.py took 0.080 seconds
[2026-06-03T06:03:38.195+0000] {processor.py:161} INFO - Started process (PID=117) to work on /home/airflow/.local/lib/python3.12/site-packages/airflow/example_dags/example_external_task_marker_dag.py
[2026-06-03T06:03:38.196+0000] {processor.py:830} INFO - Processing file /home/airflow/.local/lib/python3.12/site-packages/airflow/example_dags/example_external_task_marker_dag.py for tasks to queue
[2026-06-03T06:03:38.197+0000] {logging_mixin.py:188} INFO - [2026-06-03T06:03:38.197+0000] {dagbag.py:545} INFO - Filling up the DagBag from /home/airflow/.local/lib/python3.12/site-packages/airflow/example_dags/example_external_task_marker_dag.py
[2026-06-03T06:03:38.202+0000] {processor.py:840} INFO - DAG(s) 'example_external_task_marker_parent', 'example_external_task_marker_child' retrieved from /home/airflow/.local/lib/python3.12/site-packages/airflow/example_dags/example_external_task_marker_dag.py
[2026-06-03T06:03:38.220+0000] {logging_mixin.py:188} INFO - [2026-06-03T06:03:38.220+0000] {dag.py:3089} INFO - Sync 2 DAGs
[2026-06-03T06:03:38.230+0000] {logging_mixin.py:188} INFO - [2026-06-03T06:03:38.230+0000] {dag.py:3947} INFO - Setting next_dagrun for example_external_task_marker_child to None, run_after=None
[2026-06-03T06:03:38.234+0000] {logging_mixin.py:188} INFO - [2026-06-03T06:03:38.233+0000] {dag.py:3947} INFO - Setting next_dagrun for example_external_task_marker_parent to None, run_after=None
[2026-06-03T06:03:38.246+0000] {processor.py:183} INFO - Processing /home/airflow/.local/lib/python3.12/site-packages/airflow/example_dags/example_external_task_marker_dag.py took 0.056 seconds
[2026-06-03T06:04:08.454+0000] {processor.py:161} INFO - Started process (PID=175) to work on /home/airflow/.local/lib/python3.12/site-packages/airflow/example_dags/example_external_task_marker_dag.py
[2026-06-03T06:04:08.455+0000] {processor.py:830} INFO - Processing file /home/airflow/.local/lib/python3.12/site-packages/airflow/example_dags/example_external_task_marker_dag.py for tasks to queue
[2026-06-03T06:04:08.456+0000] {logging_mixin.py:188} INFO - [2026-06-03T06:04:08.456+0000] {dagbag.py:545} INFO - Filling up the DagBag from /home/airflow/.local/lib/python3.12/site-packages/airflow/example_dags/example_external_task_marker_dag.py
[2026-06-03T06:04:08.461+0000] {processor.py:840} INFO - DAG(s) 'example_external_task_marker_parent', 'example_external_task_marker_child' retrieved from /home/airflow/.local/lib/python3.12/site-packages/airflow/example_dags/example_external_task_marker_dag.py
[2026-06-03T06:04:08.479+0000] {logging_mixin.py:188} INFO - [2026-06-03T06:04:08.479+0000] {dag.py:3089} INFO - Sync 2 DAGs
[2026-06-03T06:04:08.490+0000] {logging_mixin.py:188} INFO - [2026-06-03T06:04:08.490+0000] {dag.py:3947} INFO - Setting next_dagrun for example_external_task_marker_child to None, run_after=None
[2026-06-03T06:04:08.493+0000] {logging_mixin.py:188} INFO - [2026-06-03T06:04:08.493+0000] {dag.py:3947} INFO - Setting next_dagrun for example_external_task_marker_parent to None, run_after=None
[2026-06-03T06:04:08.506+0000] {processor.py:183} INFO - Processing /home/airflow/.local/lib/python3.12/site-packages/airflow/example_dags/example_external_task_marker_dag.py took 0.056 seconds
[2026-06-03T06:04:38.690+0000] {processor.py:161} INFO - Started process (PID=233) to work on /home/airflow/.local/lib/python3.12/site-packages/airflow/example_dags/example_external_task_marker_dag.py
[2026-06-03T06:04:38.691+0000] {processor.py:830} INFO - Processing file /home/airflow/.local/lib/python3.12/site-packages/airflow/example_dags/example_external_task_marker_dag.py for tasks to queue
[2026-06-03T06:04:38.692+0000] {logging_mixin.py:188} INFO - [2026-06-03T06:04:38.692+0000] {dagbag.py:545} INFO - Filling up the DagBag from /home/airflow/.local/lib/python3.12/site-packages/airflow/example_dags/example_external_task_marker_dag.py
[2026-06-03T06:04:38.697+0000] {processor.py:840} INFO - DAG(s) 'example_external_task_marker_parent', 'example_external_task_marker_child' retrieved from /home/airflow/.local/lib/python3.12/site-packages/airflow/example_dags/example_external_task_marker_dag.py
[2026-06-03T06:04:38.715+0000] {logging_mixin.py:188} INFO - [2026-06-03T06:04:38.715+0000] {dag.py:3089} INFO - Sync 2 DAGs
[2026-06-03T06:04:38.726+0000] {logging_mixin.py:188} INFO - [2026-06-03T06:04:38.726+0000] {dag.py:3947} INFO - Setting next_dagrun for example_external_task_marker_child to None, run_after=None
[2026-06-03T06:04:38.729+0000] {logging_mixin.py:188} INFO - [2026-06-03T06:04:38.729+0000] {dag.py:3947} INFO - Setting next_dagrun for example_external_task_marker_parent to None, run_after=None
[2026-06-03T06:04:38.743+0000] {processor.py:183} INFO - Processing /home/airflow/.local/lib/python3.12/site-packages/airflow/example_dags/example_external_task_marker_dag.py took 0.058 seconds
[2026-06-03T06:05:09.295+0000] {processor.py:161} INFO - Started process (PID=291) to work on /home/airflow/.local/lib/python3.12/site-packages/airflow/example_dags/example_external_task_marker_dag.py
[2026-06-03T06:05:09.296+0000] {processor.py:830} INFO - Processing file /home/airflow/.local/lib/python3.12/site-packages/airflow/example_dags/example_external_task_marker_dag.py for tasks to queue
[2026-06-03T06:05:09.298+0000] {logging_mixin.py:188} INFO - [2026-06-03T06:05:09.298+0000] {dagbag.py:545} INFO - Filling up the DagBag from /home/airflow/.local/lib/python3.12/site-packages/airflow/example_dags/example_external_task_marker_dag.py
[2026-06-03T06:05:09.303+0000] {processor.py:840} INFO - DAG(s) 'example_external_task_marker_parent', 'example_external_task_marker_child' retrieved from /home/airflow/.local/lib/python3.12/site-packages/airflow/example_dags/example_external_task_marker_dag.py
[2026-06-03T06:05:09.323+0000] {logging_mixin.py:188} INFO - [2026-06-03T06:05:09.323+0000] {dag.py:3089} INFO - Sync 2 DAGs
[2026-06-03T06:05:09.336+0000] {logging_mixin.py:188} INFO - [2026-06-03T06:05:09.336+0000] {dag.py:3947} INFO - Setting next_dagrun for example_external_task_marker_child to None, run_after=None
[2026-06-03T06:05:09.339+0000] {logging_mixin.py:188} INFO - [2026-06-03T06:05:09.339+0000] {dag.py:3947} INFO - Setting next_dagrun for example_external_task_marker_parent to None, run_after=None
[2026-06-03T06:05:09.354+0000] {processor.py:183} INFO - Processing /home/airflow/.local/lib/python3.12/site-packages/airflow/example_dags/example_external_task_marker_dag.py took 0.064 seconds
[2026-06-03T06:05:39.682+0000] {processor.py:161} INFO - Started process (PID=349) to work on /home/airflow/.local/lib/python3.12/site-packages/airflow/example_dags/example_external_task_marker_dag.py
[2026-06-03T06:05:39.682+0000] {processor.py:830} INFO - Processing file /home/airflow/.local/lib/python3.12/site-packages/airflow/example_dags/example_external_task_marker_dag.py for tasks to queue
[2026-06-03T06:05:39.684+0000] {logging_mixin.py:188} INFO - [2026-06-03T06:05:39.683+0000] {dagbag.py:545} INFO - Filling up the DagBag from /home/airflow/.local/lib/python3.12/site-packages/airflow/example_dags/example_external_task_marker_dag.py
[2026-06-03T06:05:39.689+0000] {processor.py:840} INFO - DAG(s) 'example_external_task_marker_parent', 'example_external_task_marker_child' retrieved from /home/airflow/.local/lib/python3.12/site-packages/airflow/example_dags/example_external_task_marker_dag.py
[2026-06-03T06:05:39.708+0000] {logging_mixin.py:188} INFO - [2026-06-03T06:05:39.708+0000] {dag.py:3089} INFO - Sync 2 DAGs
[2026-06-03T06:05:39.720+0000] {logging_mixin.py:188} INFO - [2026-06-03T06:05:39.720+0000] {dag.py:3947} INFO - Setting next_dagrun for example_external_task_marker_child to None, run_after=None
[2026-06-03T06:05:39.723+0000] {logging_mixin.py:188} INFO - [2026-06-03T06:05:39.723+0000] {dag.py:3947} INFO - Setting next_dagrun for example_external_task_marker_parent to None, run_after=None
[2026-06-03T06:05:39.736+0000] {processor.py:183} INFO - Processing /home/airflow/.local/lib/python3.12/site-packages/airflow/example_dags/example_external_task_marker_dag.py took 0.060 seconds
[2026-06-03T06:06:10.406+0000] {processor.py:161} INFO - Started process (PID=407) to work on /home/airflow/.local/lib/python3.12/site-packages/airflow/example_dags/example_external_task_marker_dag.py
[2026-06-03T06:06:10.408+0000] {processor.py:830} INFO - Processing file /home/airflow/.local/lib/python3.12/site-packages/airflow/example_dags/example_external_task_marker_dag.py for tasks to queue
[2026-06-03T06:06:10.410+0000] {logging_mixin.py:188} INFO - [2026-06-03T06:06:10.410+0000] {dagbag.py:545} INFO - Filling up the DagBag from /home/airflow/.local/lib/python3.12/site-packages/airflow/example_dags/example_external_task_marker_dag.py
[2026-06-03T06:06:10.416+0000] {processor.py:840} INFO - DAG(s) 'example_external_task_marker_parent', 'example_external_task_marker_child' retrieved from /home/airflow/.local/lib/python3.12/site-packages/airflow/example_dags/example_external_task_marker_dag.py
[2026-06-03T06:06:10.444+0000] {logging_mixin.py:188} INFO - [2026-06-03T06:06:10.443+0000] {dag.py:3089} INFO - Sync 2 DAGs
[2026-06-03T06:06:10.458+0000] {logging_mixin.py:188} INFO - [2026-06-03T06:06:10.458+0000] {dag.py:3947} INFO - Setting next_dagrun for example_external_task_marker_child to None, run_after=None
[2026-06-03T06:06:10.463+0000] {logging_mixin.py:188} INFO - [2026-06-03T06:06:10.463+0000] {dag.py:3947} INFO - Setting next_dagrun for example_external_task_marker_parent to None, run_after=None
[2026-06-03T06:06:10.481+0000] {processor.py:183} INFO - Processing /home/airflow/.local/lib/python3.12/site-packages/airflow/example_dags/example_external_task_marker_dag.py took 0.083 seconds
[2026-06-03T06:06:41.263+0000] {processor.py:161} INFO - Started process (PID=465) to work on /home/airflow/.local/lib/python3.12/site-packages/airflow/example_dags/example_external_task_marker_dag.py
[2026-06-03T06:06:41.263+0000] {processor.py:830} INFO - Processing file /home/airflow/.local/lib/python3.12/site-packages/airflow/example_dags/example_external_task_marker_dag.py for tasks to queue
[2026-06-03T06:06:41.265+0000] {logging_mixin.py:188} INFO - [2026-06-03T06:06:41.264+0000] {dagbag.py:545} INFO - Filling up the DagBag from /home/airflow/.local/lib/python3.12/site-packages/airflow/example_dags/example_external_task_marker_dag.py
[2026-06-03T06:06:41.270+0000] {processor.py:840} INFO - DAG(s) 'example_external_task_marker_child', 'example_external_task_marker_parent' retrieved from /home/airflow/.local/lib/python3.12/site-packages/airflow/example_dags/example_external_task_marker_dag.py
[2026-06-03T06:06:41.288+0000] {logging_mixin.py:188} INFO - [2026-06-03T06:06:41.288+0000] {dag.py:3089} INFO - Sync 2 DAGs
[2026-06-03T06:06:41.299+0000] {logging_mixin.py:188} INFO - [2026-06-03T06:06:41.298+0000] {dag.py:3947} INFO - Setting next_dagrun for example_external_task_marker_child to None, run_after=None
[2026-06-03T06:06:41.302+0000] {logging_mixin.py:188} INFO - [2026-06-03T06:06:41.302+0000] {dag.py:3947} INFO - Setting next_dagrun for example_external_task_marker_parent to None, run_after=None
[2026-06-03T06:06:41.314+0000] {processor.py:183} INFO - Processing /home/airflow/.local/lib/python3.12/site-packages/airflow/example_dags/example_external_task_marker_dag.py took 0.056 seconds
[2026-06-03T06:07:11.455+0000] {processor.py:161} INFO - Started process (PID=523) to work on /home/airflow/.local/lib/python3.12/site-packages/airflow/example_dags/example_external_task_marker_dag.py
[2026-06-03T06:07:11.456+0000] {processor.py:830} INFO - Processing file /home/airflow/.local/lib/python3.12/site-packages/airflow/example_dags/example_external_task_marker_dag.py for tasks to queue
[2026-06-03T06:07:11.457+0000] {logging_mixin.py:188} INFO - [2026-06-03T06:07:11.457+0000] {dagbag.py:545} INFO - Filling up the DagBag from /home/airflow/.local/lib/python3.12/site-packages/airflow/example_dags/example_external_task_marker_dag.py
[2026-06-03T06:07:11.462+0000] {processor.py:840} INFO - DAG(s) 'example_external_task_marker_parent', 'example_external_task_marker_child' retrieved from /home/airflow/.local/lib/python3.12/site-packages/airflow/example_dags/example_external_task_marker_dag.py
[2026-06-03T06:07:11.480+0000] {logging_mixin.py:188} INFO - [2026-06-03T06:07:11.480+0000] {dag.py:3089} INFO - Sync 2 DAGs
[2026-06-03T06:07:11.491+0000] {logging_mixin.py:188} INFO - [2026-06-03T06:07:11.491+0000] {dag.py:3947} INFO - Setting next_dagrun for example_external_task_marker_child to None, run_after=None
[2026-06-03T06:07:11.494+0000] {logging_mixin.py:188} INFO - [2026-06-03T06:07:11.494+0000] {dag.py:3947} INFO - Setting next_dagrun for example_external_task_marker_parent to None, run_after=None
[2026-06-03T06:07:11.507+0000] {processor.py:183} INFO - Processing /home/airflow/.local/lib/python3.12/site-packages/airflow/example_dags/example_external_task_marker_dag.py took 0.057 seconds
[2026-06-03T06:07:41.777+0000] {processor.py:161} INFO - Started process (PID=581) to work on /home/airflow/.local/lib/python3.12/site-packages/airflow/example_dags/example_external_task_marker_dag.py
[2026-06-03T06:07:41.777+0000] {processor.py:830} INFO - Processing file /home/airflow/.local/lib/python3.12/site-packages/airflow/example_dags/example_external_task_marker_dag.py for tasks to queue
[2026-06-03T06:07:41.778+0000] {logging_mixin.py:188} INFO - [2026-06-03T06:07:41.778+0000] {dagbag.py:545} INFO - Filling up the DagBag from /home/airflow/.local/lib/python3.12/site-packages/airflow/example_dags/example_external_task_marker_dag.py
[2026-06-03T06:07:41.783+0000] {processor.py:840} INFO - DAG(s) 'example_external_task_marker_child', 'example_external_task_marker_parent' retrieved from /home/airflow/.local/lib/python3.12/site-packages/airflow/example_dags/example_external_task_marker_dag.py
[2026-06-03T06:07:41.801+0000] {logging_mixin.py:188} INFO - [2026-06-03T06:07:41.801+0000] {dag.py:3089} INFO - Sync 2 DAGs
[2026-06-03T06:07:41.812+0000] {logging_mixin.py:188} INFO - [2026-06-03T06:07:41.811+0000] {dag.py:3947} INFO - Setting next_dagrun for example_external_task_marker_child to None, run_after=None
[2026-06-03T06:07:41.815+0000] {logging_mixin.py:188} INFO - [2026-06-03T06:07:41.815+0000] {dag.py:3947} INFO - Setting next_dagrun for example_external_task_marker_parent to None, run_after=None
[2026-06-03T06:07:41.828+0000] {processor.py:183} INFO - Processing /home/airflow/.local/lib/python3.12/site-packages/airflow/example_dags/example_external_task_marker_dag.py took 0.056 seconds
[2026-06-03T06:08:12.182+0000] {processor.py:161} INFO - Started process (PID=639) to work on /home/airflow/.local/lib/python3.12/site-packages/airflow/example_dags/example_external_task_marker_dag.py
[2026-06-03T06:08:12.182+0000] {processor.py:830} INFO - Processing file /home/airflow/.local/lib/python3.12/site-packages/airflow/example_dags/example_external_task_marker_dag.py for tasks to queue
[2026-06-03T06:08:12.184+0000] {logging_mixin.py:188} INFO - [2026-06-03T06:08:12.184+0000] {dagbag.py:545} INFO - Filling up the DagBag from /home/airflow/.local/lib/python3.12/site-packages/airflow/example_dags/example_external_task_marker_dag.py
[2026-06-03T06:08:12.189+0000] {processor.py:840} INFO - DAG(s) 'example_external_task_marker_child', 'example_external_task_marker_parent' retrieved from /home/airflow/.local/lib/python3.12/site-packages/airflow/example_dags/example_external_task_marker_dag.py
[2026-06-03T06:08:12.207+0000] {logging_mixin.py:188} INFO - [2026-06-03T06:08:12.207+0000] {dag.py:3089} INFO - Sync 2 DAGs
[2026-06-03T06:08:12.219+0000] {logging_mixin.py:188} INFO - [2026-06-03T06:08:12.219+0000] {dag.py:3947} INFO - Setting next_dagrun for example_external_task_marker_child to None, run_after=None
[2026-06-03T06:08:12.222+0000] {logging_mixin.py:188} INFO - [2026-06-03T06:08:12.222+0000] {dag.py:3947} INFO - Setting next_dagrun for example_external_task_marker_parent to None, run_after=None
[2026-06-03T06:08:12.236+0000] {processor.py:183} INFO - Processing /home/airflow/.local/lib/python3.12/site-packages/airflow/example_dags/example_external_task_marker_dag.py took 0.059 seconds
[2026-06-03T06:08:43.587+0000] {processor.py:161} INFO - Started process (PID=703) to work on /home/airflow/.local/lib/python3.12/site-packages/airflow/example_dags/example_external_task_marker_dag.py
[2026-06-03T06:08:43.587+0000] {processor.py:830} INFO - Processing file /home/airflow/.local/lib/python3.12/site-packages/airflow/example_dags/example_external_task_marker_dag.py for tasks to queue
[2026-06-03T06:08:43.589+0000] {logging_mixin.py:188} INFO - [2026-06-03T06:08:43.588+0000] {dagbag.py:545} INFO - Filling up the DagBag from /home/airflow/.local/lib/python3.12/site-packages/airflow/example_dags/example_external_task_marker_dag.py
[2026-06-03T06:08:43.595+0000] {processor.py:840} INFO - DAG(s) 'example_external_task_marker_child', 'example_external_task_marker_parent' retrieved from /home/airflow/.local/lib/python3.12/site-packages/airflow/example_dags/example_external_task_marker_dag.py
[2026-06-03T06:08:43.639+0000] {logging_mixin.py:188} INFO - [2026-06-03T06:08:43.638+0000] {dag.py:3089} INFO - Sync 2 DAGs
[2026-06-03T06:08:43.657+0000] {logging_mixin.py:188} INFO - [2026-06-03T06:08:43.654+0000] {dag.py:3947} INFO - Setting next_dagrun for example_external_task_marker_child to None, run_after=None
[2026-06-03T06:08:43.662+0000] {logging_mixin.py:188} INFO - [2026-06-03T06:08:43.662+0000] {dag.py:3947} INFO - Setting next_dagrun for example_external_task_marker_parent to None, run_after=None
[2026-06-03T06:08:43.729+0000] {processor.py:183} INFO - Processing /home/airflow/.local/lib/python3.12/site-packages/airflow/example_dags/example_external_task_marker_dag.py took 0.147 seconds
[2026-06-03T06:09:15.654+0000] {processor.py:161} INFO - Started process (PID=760) to work on /home/airflow/.local/lib/python3.12/site-packages/airflow/example_dags/example_external_task_marker_dag.py
[2026-06-03T06:09:15.657+0000] {processor.py:830} INFO - Processing file /home/airflow/.local/lib/python3.12/site-packages/airflow/example_dags/example_external_task_marker_dag.py for tasks to queue
[2026-06-03T06:09:15.658+0000] {logging_mixin.py:188} INFO - [2026-06-03T06:09:15.658+0000] {dagbag.py:545} INFO - Filling up the DagBag from /home/airflow/.local/lib/python3.12/site-packages/airflow/example_dags/example_external_task_marker_dag.py
[2026-06-03T06:09:15.664+0000] {processor.py:840} INFO - DAG(s) 'example_external_task_marker_parent', 'example_external_task_marker_child' retrieved from /home/airflow/.local/lib/python3.12/site-packages/airflow/example_dags/example_external_task_marker_dag.py
[2026-06-03T06:09:15.686+0000] {logging_mixin.py:188} INFO - [2026-06-03T06:09:15.685+0000] {dag.py:3089} INFO - Sync 2 DAGs
[2026-06-03T06:09:15.697+0000] {logging_mixin.py:188} INFO - [2026-06-03T06:09:15.697+0000] {dag.py:3947} INFO - Setting next_dagrun for example_external_task_marker_child to None, run_after=None
[2026-06-03T06:09:15.700+0000] {logging_mixin.py:188} INFO - [2026-06-03T06:09:15.700+0000] {dag.py:3947} INFO - Setting next_dagrun for example_external_task_marker_parent to None, run_after=None
[2026-06-03T06:09:15.719+0000] {processor.py:183} INFO - Processing /home/airflow/.local/lib/python3.12/site-packages/airflow/example_dags/example_external_task_marker_dag.py took 0.069 seconds
[2026-06-03T06:09:45.882+0000] {processor.py:161} INFO - Started process (PID=818) to work on /home/airflow/.local/lib/python3.12/site-packages/airflow/example_dags/example_external_task_marker_dag.py
[2026-06-03T06:09:45.883+0000] {processor.py:830} INFO - Processing file /home/airflow/.local/lib/python3.12/site-packages/airflow/example_dags/example_external_task_marker_dag.py for tasks to queue
[2026-06-03T06:09:45.884+0000] {logging_mixin.py:188} INFO - [2026-06-03T06:09:45.884+0000] {dagbag.py:545} INFO - Filling up the DagBag from /home/airflow/.local/lib/python3.12/site-packages/airflow/example_dags/example_external_task_marker_dag.py
[2026-06-03T06:09:45.889+0000] {processor.py:840} INFO - DAG(s) 'example_external_task_marker_child', 'example_external_task_marker_parent' retrieved from /home/airflow/.local/lib/python3.12/site-packages/airflow/example_dags/example_external_task_marker_dag.py
[2026-06-03T06:09:45.908+0000] {logging_mixin.py:188} INFO - [2026-06-03T06:09:45.908+0000] {dag.py:3089} INFO - Sync 2 DAGs
[2026-06-03T06:09:45.920+0000] {logging_mixin.py:188} INFO - [2026-06-03T06:09:45.920+0000] {dag.py:3947} INFO - Setting next_dagrun for example_external_task_marker_child to None, run_after=None
[2026-06-03T06:09:45.924+0000] {logging_mixin.py:188} INFO - [2026-06-03T06:09:45.924+0000] {dag.py:3947} INFO - Setting next_dagrun for example_external_task_marker_parent to None, run_after=None
[2026-06-03T06:09:45.938+0000] {processor.py:183} INFO - Processing /home/airflow/.local/lib/python3.12/site-packages/airflow/example_dags/example_external_task_marker_dag.py took 0.061 seconds
[2026-06-03T06:10:16.556+0000] {processor.py:161} INFO - Started process (PID=875) to work on /home/airflow/.local/lib/python3.12/site-packages/airflow/example_dags/example_external_task_marker_dag.py
[2026-06-03T06:10:16.556+0000] {processor.py:830} INFO - Processing file /home/airflow/.local/lib/python3.12/site-packages/airflow/example_dags/example_external_task_marker_dag.py for tasks to queue
[2026-06-03T06:10:16.558+0000] {logging_mixin.py:188} INFO - [2026-06-03T06:10:16.557+0000] {dagbag.py:545} INFO - Filling up the DagBag from /home/airflow/.local/lib/python3.12/site-packages/airflow/example_dags/example_external_task_marker_dag.py
[2026-06-03T06:10:16.562+0000] {processor.py:840} INFO - DAG(s) 'example_external_task_marker_parent', 'example_external_task_marker_child' retrieved from /home/airflow/.local/lib/python3.12/site-packages/airflow/example_dags/example_external_task_marker_dag.py
[2026-06-03T06:10:16.580+0000] {logging_mixin.py:188} INFO - [2026-06-03T06:10:16.580+0000] {dag.py:3089} INFO - Sync 2 DAGs
[2026-06-03T06:10:16.591+0000] {logging_mixin.py:188} INFO - [2026-06-03T06:10:16.591+0000] {dag.py:3947} INFO - Setting next_dagrun for example_external_task_marker_child to None, run_after=None
[2026-06-03T06:10:16.594+0000] {logging_mixin.py:188} INFO - [2026-06-03T06:10:16.594+0000] {dag.py:3947} INFO - Setting next_dagrun for example_external_task_marker_parent to None, run_after=None
[2026-06-03T06:10:16.610+0000] {processor.py:183} INFO - Processing /home/airflow/.local/lib/python3.12/site-packages/airflow/example_dags/example_external_task_marker_dag.py took 0.059 seconds
[2026-06-03T06:10:46.954+0000] {processor.py:161} INFO - Started process (PID=933) to work on /home/airflow/.local/lib/python3.12/site-packages/airflow/example_dags/example_external_task_marker_dag.py
[2026-06-03T06:10:46.954+0000] {processor.py:830} INFO - Processing file /home/airflow/.local/lib/python3.12/site-packages/airflow/example_dags/example_external_task_marker_dag.py for tasks to queue
[2026-06-03T06:10:46.956+0000] {logging_mixin.py:188} INFO - [2026-06-03T06:10:46.956+0000] {dagbag.py:545} INFO - Filling up the DagBag from /home/airflow/.local/lib/python3.12/site-packages/airflow/example_dags/example_external_task_marker_dag.py
[2026-06-03T06:10:46.961+0000] {processor.py:840} INFO - DAG(s) 'example_external_task_marker_parent', 'example_external_task_marker_child' retrieved from /home/airflow/.local/lib/python3.12/site-packages/airflow/example_dags/example_external_task_marker_dag.py
[2026-06-03T06:10:46.979+0000] {logging_mixin.py:188} INFO - [2026-06-03T06:10:46.979+0000] {dag.py:3089} INFO - Sync 2 DAGs
[2026-06-03T06:10:46.990+0000] {logging_mixin.py:188} INFO - [2026-06-03T06:10:46.990+0000] {dag.py:3947} INFO - Setting next_dagrun for example_external_task_marker_child to None, run_after=None
[2026-06-03T06:10:46.993+0000] {logging_mixin.py:188} INFO - [2026-06-03T06:10:46.993+0000] {dag.py:3947} INFO - Setting next_dagrun for example_external_task_marker_parent to None, run_after=None
[2026-06-03T06:10:47.006+0000] {processor.py:183} INFO - Processing /home/airflow/.local/lib/python3.12/site-packages/airflow/example_dags/example_external_task_marker_dag.py took 0.057 seconds
[2026-06-03T06:11:17.414+0000] {processor.py:161} INFO - Started process (PID=991) to work on /home/airflow/.local/lib/python3.12/site-packages/airflow/example_dags/example_external_task_marker_dag.py
[2026-06-03T06:11:17.414+0000] {processor.py:830} INFO - Processing file /home/airflow/.local/lib/python3.12/site-packages/airflow/example_dags/example_external_task_marker_dag.py for tasks to queue
[2026-06-03T06:11:17.415+0000] {logging_mixin.py:188} INFO - [2026-06-03T06:11:17.415+0000] {dagbag.py:545} INFO - Filling up the DagBag from /home/airflow/.local/lib/python3.12/site-packages/airflow/example_dags/example_external_task_marker_dag.py
[2026-06-03T06:11:17.420+0000] {processor.py:840} INFO - DAG(s) 'example_external_task_marker_parent', 'example_external_task_marker_child' retrieved from /home/airflow/.local/lib/python3.12/site-packages/airflow/example_dags/example_external_task_marker_dag.py
[2026-06-03T06:11:17.438+0000] {logging_mixin.py:188} INFO - [2026-06-03T06:11:17.437+0000] {dag.py:3089} INFO - Sync 2 DAGs
[2026-06-03T06:11:17.448+0000] {logging_mixin.py:188} INFO - [2026-06-03T06:11:17.448+0000] {dag.py:3947} INFO - Setting next_dagrun for example_external_task_marker_child to None, run_after=None
[2026-06-03T06:11:17.451+0000] {logging_mixin.py:188} INFO - [2026-06-03T06:11:17.451+0000] {dag.py:3947} INFO - Setting next_dagrun for example_external_task_marker_parent to None, run_after=None
[2026-06-03T06:11:17.465+0000] {processor.py:183} INFO - Processing /home/airflow/.local/lib/python3.12/site-packages/airflow/example_dags/example_external_task_marker_dag.py took 0.056 seconds
[2026-06-03T06:11:47.815+0000] {processor.py:161} INFO - Started process (PID=1049) to work on /home/airflow/.local/lib/python3.12/site-packages/airflow/example_dags/example_external_task_marker_dag.py
[2026-06-03T06:11:47.816+0000] {processor.py:830} INFO - Processing file /home/airflow/.local/lib/python3.12/site-packages/airflow/example_dags/example_external_task_marker_dag.py for tasks to queue
[2026-06-03T06:11:47.817+0000] {logging_mixin.py:188} INFO - [2026-06-03T06:11:47.817+0000] {dagbag.py:545} INFO - Filling up the DagBag from /home/airflow/.local/lib/python3.12/site-packages/airflow/example_dags/example_external_task_marker_dag.py
[2026-06-03T06:11:47.822+0000] {processor.py:840} INFO - DAG(s) 'example_external_task_marker_child', 'example_external_task_marker_parent' retrieved from /home/airflow/.local/lib/python3.12/site-packages/airflow/example_dags/example_external_task_marker_dag.py
[2026-06-03T06:11:47.841+0000] {logging_mixin.py:188} INFO - [2026-06-03T06:11:47.840+0000] {dag.py:3089} INFO - Sync 2 DAGs
[2026-06-03T06:11:47.851+0000] {logging_mixin.py:188} INFO - [2026-06-03T06:11:47.851+0000] {dag.py:3947} INFO - Setting next_dagrun for example_external_task_marker_child to None, run_after=None
[2026-06-03T06:11:47.854+0000] {logging_mixin.py:188} INFO - [2026-06-03T06:11:47.854+0000] {dag.py:3947} INFO - Setting next_dagrun for example_external_task_marker_parent to None, run_after=None
[2026-06-03T06:11:47.868+0000] {processor.py:183} INFO - Processing /home/airflow/.local/lib/python3.12/site-packages/airflow/example_dags/example_external_task_marker_dag.py took 0.057 seconds
[2026-06-03T06:12:18.174+0000] {processor.py:161} INFO - Started process (PID=1107) to work on /home/airflow/.local/lib/python3.12/site-packages/airflow/example_dags/example_external_task_marker_dag.py
[2026-06-03T06:12:18.175+0000] {processor.py:830} INFO - Processing file /home/airflow/.local/lib/python3.12/site-packages/airflow/example_dags/example_external_task_marker_dag.py for tasks to queue
[2026-06-03T06:12:18.176+0000] {logging_mixin.py:188} INFO - [2026-06-03T06:12:18.176+0000] {dagbag.py:545} INFO - Filling up the DagBag from /home/airflow/.local/lib/python3.12/site-packages/airflow/example_dags/example_external_task_marker_dag.py
[2026-06-03T06:12:18.181+0000] {processor.py:840} INFO - DAG(s) 'example_external_task_marker_child', 'example_external_task_marker_parent' retrieved from /home/airflow/.local/lib/python3.12/site-packages/airflow/example_dags/example_external_task_marker_dag.py
[2026-06-03T06:12:18.198+0000] {logging_mixin.py:188} INFO - [2026-06-03T06:12:18.198+0000] {dag.py:3089} INFO - Sync 2 DAGs
[2026-06-03T06:12:18.208+0000] {logging_mixin.py:188} INFO - [2026-06-03T06:12:18.208+0000] {dag.py:3947} INFO - Setting next_dagrun for example_external_task_marker_child to None, run_after=None
[2026-06-03T06:12:18.211+0000] {logging_mixin.py:188} INFO - [2026-06-03T06:12:18.211+0000] {dag.py:3947} INFO - Setting next_dagrun for example_external_task_marker_parent to None, run_after=None
[2026-06-03T06:12:18.224+0000] {processor.py:183} INFO - Processing /home/airflow/.local/lib/python3.12/site-packages/airflow/example_dags/example_external_task_marker_dag.py took 0.054 seconds
[2026-06-03T06:12:48.526+0000] {processor.py:161} INFO - Started process (PID=1165) to work on /home/airflow/.local/lib/python3.12/site-packages/airflow/example_dags/example_external_task_marker_dag.py
[2026-06-03T06:12:48.527+0000] {processor.py:830} INFO - Processing file /home/airflow/.local/lib/python3.12/site-packages/airflow/example_dags/example_external_task_marker_dag.py for tasks to queue
[2026-06-03T06:12:48.529+0000] {logging_mixin.py:188} INFO - [2026-06-03T06:12:48.528+0000] {dagbag.py:545} INFO - Filling up the DagBag from /home/airflow/.local/lib/python3.12/site-packages/airflow/example_dags/example_external_task_marker_dag.py
[2026-06-03T06:12:48.533+0000] {processor.py:840} INFO - DAG(s) 'example_external_task_marker_parent', 'example_external_task_marker_child' retrieved from /home/airflow/.local/lib/python3.12/site-packages/airflow/example_dags/example_external_task_marker_dag.py
[2026-06-03T06:12:48.551+0000] {logging_mixin.py:188} INFO - [2026-06-03T06:12:48.551+0000] {dag.py:3089} INFO - Sync 2 DAGs
[2026-06-03T06:12:48.562+0000] {logging_mixin.py:188} INFO - [2026-06-03T06:12:48.561+0000] {dag.py:3947} INFO - Setting next_dagrun for example_external_task_marker_child to None, run_after=None
[2026-06-03T06:12:48.565+0000] {logging_mixin.py:188} INFO - [2026-06-03T06:12:48.564+0000] {dag.py:3947} INFO - Setting next_dagrun for example_external_task_marker_parent to None, run_after=None
[2026-06-03T06:12:48.577+0000] {processor.py:183} INFO - Processing /home/airflow/.local/lib/python3.12/site-packages/airflow/example_dags/example_external_task_marker_dag.py took 0.056 seconds
[2026-06-03T06:13:18.803+0000] {processor.py:161} INFO - Started process (PID=1223) to work on /home/airflow/.local/lib/python3.12/site-packages/airflow/example_dags/example_external_task_marker_dag.py
[2026-06-03T06:13:18.804+0000] {processor.py:830} INFO - Processing file /home/airflow/.local/lib/python3.12/site-packages/airflow/example_dags/example_external_task_marker_dag.py for tasks to queue
[2026-06-03T06:13:18.805+0000] {logging_mixin.py:188} INFO - [2026-06-03T06:13:18.805+0000] {dagbag.py:545} INFO - Filling up the DagBag from /home/airflow/.local/lib/python3.12/site-packages/airflow/example_dags/example_external_task_marker_dag.py
[2026-06-03T06:13:18.809+0000] {processor.py:840} INFO - DAG(s) 'example_external_task_marker_parent', 'example_external_task_marker_child' retrieved from /home/airflow/.local/lib/python3.12/site-packages/airflow/example_dags/example_external_task_marker_dag.py
[2026-06-03T06:13:18.828+0000] {logging_mixin.py:188} INFO - [2026-06-03T06:13:18.827+0000] {dag.py:3089} INFO - Sync 2 DAGs
[2026-06-03T06:13:18.839+0000] {logging_mixin.py:188} INFO - [2026-06-03T06:13:18.838+0000] {dag.py:3947} INFO - Setting next_dagrun for example_external_task_marker_child to None, run_after=None
[2026-06-03T06:13:18.842+0000] {logging_mixin.py:188} INFO - [2026-06-03T06:13:18.842+0000] {dag.py:3947} INFO - Setting next_dagrun for example_external_task_marker_parent to None, run_after=None
[2026-06-03T06:13:18.855+0000] {processor.py:183} INFO - Processing /home/airflow/.local/lib/python3.12/site-packages/airflow/example_dags/example_external_task_marker_dag.py took 0.057 seconds
[2026-06-03T06:13:49.015+0000] {processor.py:161} INFO - Started process (PID=1281) to work on /home/airflow/.local/lib/python3.12/site-packages/airflow/example_dags/example_external_task_marker_dag.py
[2026-06-03T06:13:49.016+0000] {processor.py:830} INFO - Processing file /home/airflow/.local/lib/python3.12/site-packages/airflow/example_dags/example_external_task_marker_dag.py for tasks to queue
[2026-06-03T06:13:49.017+0000] {logging_mixin.py:188} INFO - [2026-06-03T06:13:49.017+0000] {dagbag.py:545} INFO - Filling up the DagBag from /home/airflow/.local/lib/python3.12/site-packages/airflow/example_dags/example_external_task_marker_dag.py
[2026-06-03T06:13:49.022+0000] {processor.py:840} INFO - DAG(s) 'example_external_task_marker_child', 'example_external_task_marker_parent' retrieved from /home/airflow/.local/lib/python3.12/site-packages/airflow/example_dags/example_external_task_marker_dag.py
[2026-06-03T06:13:49.040+0000] {logging_mixin.py:188} INFO - [2026-06-03T06:13:49.040+0000] {dag.py:3089} INFO - Sync 2 DAGs
[2026-06-03T06:13:49.051+0000] {logging_mixin.py:188} INFO - [2026-06-03T06:13:49.051+0000] {dag.py:3947} INFO - Setting next_dagrun for example_external_task_marker_child to None, run_after=None
[2026-06-03T06:13:49.054+0000] {logging_mixin.py:188} INFO - [2026-06-03T06:13:49.054+0000] {dag.py:3947} INFO - Setting next_dagrun for example_external_task_marker_parent to None, run_after=None
[2026-06-03T06:13:49.067+0000] {processor.py:183} INFO - Processing /home/airflow/.local/lib/python3.12/site-packages/airflow/example_dags/example_external_task_marker_dag.py took 0.057 seconds
[2026-06-03T06:14:19.380+0000] {processor.py:161} INFO - Started process (PID=1339) to work on /home/airflow/.local/lib/python3.12/site-packages/airflow/example_dags/example_external_task_marker_dag.py
[2026-06-03T06:14:19.381+0000] {processor.py:830} INFO - Processing file /home/airflow/.local/lib/python3.12/site-packages/airflow/example_dags/example_external_task_marker_dag.py for tasks to queue
[2026-06-03T06:14:19.382+0000] {logging_mixin.py:188} INFO - [2026-06-03T06:14:19.382+0000] {dagbag.py:545} INFO - Filling up the DagBag from /home/airflow/.local/lib/python3.12/site-packages/airflow/example_dags/example_external_task_marker_dag.py
[2026-06-03T06:14:19.387+0000] {processor.py:840} INFO - DAG(s) 'example_external_task_marker_parent', 'example_external_task_marker_child' retrieved from /home/airflow/.local/lib/python3.12/site-packages/airflow/example_dags/example_external_task_marker_dag.py
[2026-06-03T06:14:19.407+0000] {logging_mixin.py:188} INFO - [2026-06-03T06:14:19.407+0000] {dag.py:3089} INFO - Sync 2 DAGs
[2026-06-03T06:14:19.418+0000] {logging_mixin.py:188} INFO - [2026-06-03T06:14:19.418+0000] {dag.py:3947} INFO - Setting next_dagrun for example_external_task_marker_child to None, run_after=None
[2026-06-03T06:14:19.422+0000] {logging_mixin.py:188} INFO - [2026-06-03T06:14:19.422+0000] {dag.py:3947} INFO - Setting next_dagrun for example_external_task_marker_parent to None, run_after=None
[2026-06-03T06:14:19.435+0000] {processor.py:183} INFO - Processing /home/airflow/.local/lib/python3.12/site-packages/airflow/example_dags/example_external_task_marker_dag.py took 0.060 seconds
[2026-06-03T06:14:49.681+0000] {processor.py:161} INFO - Started process (PID=1397) to work on /home/airflow/.local/lib/python3.12/site-packages/airflow/example_dags/example_external_task_marker_dag.py
[2026-06-03T06:14:49.682+0000] {processor.py:830} INFO - Processing file /home/airflow/.local/lib/python3.12/site-packages/airflow/example_dags/example_external_task_marker_dag.py for tasks to queue
[2026-06-03T06:14:49.683+0000] {logging_mixin.py:188} INFO - [2026-06-03T06:14:49.683+0000] {dagbag.py:545} INFO - Filling up the DagBag from /home/airflow/.local/lib/python3.12/site-packages/airflow/example_dags/example_external_task_marker_dag.py
[2026-06-03T06:14:49.688+0000] {processor.py:840} INFO - DAG(s) 'example_external_task_marker_parent', 'example_external_task_marker_child' retrieved from /home/airflow/.local/lib/python3.12/site-packages/airflow/example_dags/example_external_task_marker_dag.py
[2026-06-03T06:14:49.707+0000] {logging_mixin.py:188} INFO - [2026-06-03T06:14:49.706+0000] {dag.py:3089} INFO - Sync 2 DAGs
[2026-06-03T06:14:49.718+0000] {logging_mixin.py:188} INFO - [2026-06-03T06:14:49.717+0000] {dag.py:3947} INFO - Setting next_dagrun for example_external_task_marker_child to None, run_after=None
[2026-06-03T06:14:49.721+0000] {logging_mixin.py:188} INFO - [2026-06-03T06:14:49.721+0000] {dag.py:3947} INFO - Setting next_dagrun for example_external_task_marker_parent to None, run_after=None
[2026-06-03T06:14:49.734+0000] {processor.py:183} INFO - Processing /home/airflow/.local/lib/python3.12/site-packages/airflow/example_dags/example_external_task_marker_dag.py took 0.058 seconds
[2026-06-03T06:15:19.967+0000] {processor.py:161} INFO - Started process (PID=1455) to work on /home/airflow/.local/lib/python3.12/site-packages/airflow/example_dags/example_external_task_marker_dag.py
[2026-06-03T06:15:19.968+0000] {processor.py:830} INFO - Processing file /home/airflow/.local/lib/python3.12/site-packages/airflow/example_dags/example_external_task_marker_dag.py for tasks to queue
[2026-06-03T06:15:19.970+0000] {logging_mixin.py:188} INFO - [2026-06-03T06:15:19.969+0000] {dagbag.py:545} INFO - Filling up the DagBag from /home/airflow/.local/lib/python3.12/site-packages/airflow/example_dags/example_external_task_marker_dag.py
[2026-06-03T06:15:19.975+0000] {processor.py:840} INFO - DAG(s) 'example_external_task_marker_parent', 'example_external_task_marker_child' retrieved from /home/airflow/.local/lib/python3.12/site-packages/airflow/example_dags/example_external_task_marker_dag.py
[2026-06-03T06:15:19.996+0000] {logging_mixin.py:188} INFO - [2026-06-03T06:15:19.996+0000] {dag.py:3089} INFO - Sync 2 DAGs
[2026-06-03T06:15:20.009+0000] {logging_mixin.py:188} INFO - [2026-06-03T06:15:20.009+0000] {dag.py:3947} INFO - Setting next_dagrun for example_external_task_marker_child to None, run_after=None
[2026-06-03T06:15:20.013+0000] {logging_mixin.py:188} INFO - [2026-06-03T06:15:20.013+0000] {dag.py:3947} INFO - Setting next_dagrun for example_external_task_marker_parent to None, run_after=None
[2026-06-03T06:15:20.028+0000] {processor.py:183} INFO - Processing /home/airflow/.local/lib/python3.12/site-packages/airflow/example_dags/example_external_task_marker_dag.py took 0.066 seconds
[2026-06-03T06:15:50.381+0000] {processor.py:161} INFO - Started process (PID=1513) to work on /home/airflow/.local/lib/python3.12/site-packages/airflow/example_dags/example_external_task_marker_dag.py
[2026-06-03T06:15:50.381+0000] {processor.py:830} INFO - Processing file /home/airflow/.local/lib/python3.12/site-packages/airflow/example_dags/example_external_task_marker_dag.py for tasks to queue
[2026-06-03T06:15:50.383+0000] {logging_mixin.py:188} INFO - [2026-06-03T06:15:50.383+0000] {dagbag.py:545} INFO - Filling up the DagBag from /home/airflow/.local/lib/python3.12/site-packages/airflow/example_dags/example_external_task_marker_dag.py
[2026-06-03T06:15:50.387+0000] {processor.py:840} INFO - DAG(s) 'example_external_task_marker_child', 'example_external_task_marker_parent' retrieved from /home/airflow/.local/lib/python3.12/site-packages/airflow/example_dags/example_external_task_marker_dag.py
[2026-06-03T06:15:50.405+0000] {logging_mixin.py:188} INFO - [2026-06-03T06:15:50.405+0000] {dag.py:3089} INFO - Sync 2 DAGs
[2026-06-03T06:15:50.416+0000] {logging_mixin.py:188} INFO - [2026-06-03T06:15:50.415+0000] {dag.py:3947} INFO - Setting next_dagrun for example_external_task_marker_child to None, run_after=None
[2026-06-03T06:15:50.419+0000] {logging_mixin.py:188} INFO - [2026-06-03T06:15:50.418+0000] {dag.py:3947} INFO - Setting next_dagrun for example_external_task_marker_parent to None, run_after=None
[2026-06-03T06:15:50.431+0000] {processor.py:183} INFO - Processing /home/airflow/.local/lib/python3.12/site-packages/airflow/example_dags/example_external_task_marker_dag.py took 0.055 seconds
[2026-06-03T06:16:20.799+0000] {processor.py:161} INFO - Started process (PID=1571) to work on /home/airflow/.local/lib/python3.12/site-packages/airflow/example_dags/example_external_task_marker_dag.py
[2026-06-03T06:16:20.800+0000] {processor.py:830} INFO - Processing file /home/airflow/.local/lib/python3.12/site-packages/airflow/example_dags/example_external_task_marker_dag.py for tasks to queue
[2026-06-03T06:16:20.802+0000] {logging_mixin.py:188} INFO - [2026-06-03T06:16:20.801+0000] {dagbag.py:545} INFO - Filling up the DagBag from /home/airflow/.local/lib/python3.12/site-packages/airflow/example_dags/example_external_task_marker_dag.py
[2026-06-03T06:16:20.806+0000] {processor.py:840} INFO - DAG(s) 'example_external_task_marker_child', 'example_external_task_marker_parent' retrieved from /home/airflow/.local/lib/python3.12/site-packages/airflow/example_dags/example_external_task_marker_dag.py
[2026-06-03T06:16:20.825+0000] {logging_mixin.py:188} INFO - [2026-06-03T06:16:20.825+0000] {dag.py:3089} INFO - Sync 2 DAGs
[2026-06-03T06:16:20.835+0000] {logging_mixin.py:188} INFO - [2026-06-03T06:16:20.835+0000] {dag.py:3947} INFO - Setting next_dagrun for example_external_task_marker_child to None, run_after=None
[2026-06-03T06:16:20.838+0000] {logging_mixin.py:188} INFO - [2026-06-03T06:16:20.838+0000] {dag.py:3947} INFO - Setting next_dagrun for example_external_task_marker_parent to None, run_after=None
[2026-06-03T06:16:20.851+0000] {processor.py:183} INFO - Processing /home/airflow/.local/lib/python3.12/site-packages/airflow/example_dags/example_external_task_marker_dag.py took 0.057 seconds
[2026-06-03T06:16:51.202+0000] {processor.py:161} INFO - Started process (PID=1628) to work on /home/airflow/.local/lib/python3.12/site-packages/airflow/example_dags/example_external_task_marker_dag.py
[2026-06-03T06:16:51.202+0000] {processor.py:830} INFO - Processing file /home/airflow/.local/lib/python3.12/site-packages/airflow/example_dags/example_external_task_marker_dag.py for tasks to queue
[2026-06-03T06:16:51.204+0000] {logging_mixin.py:188} INFO - [2026-06-03T06:16:51.203+0000] {dagbag.py:545} INFO - Filling up the DagBag from /home/airflow/.local/lib/python3.12/site-packages/airflow/example_dags/example_external_task_marker_dag.py
[2026-06-03T06:16:51.208+0000] {processor.py:840} INFO - DAG(s) 'example_external_task_marker_child', 'example_external_task_marker_parent' retrieved from /home/airflow/.local/lib/python3.12/site-packages/airflow/example_dags/example_external_task_marker_dag.py
[2026-06-03T06:16:51.226+0000] {logging_mixin.py:188} INFO - [2026-06-03T06:16:51.226+0000] {dag.py:3089} INFO - Sync 2 DAGs
[2026-06-03T06:16:51.237+0000] {logging_mixin.py:188} INFO - [2026-06-03T06:16:51.237+0000] {dag.py:3947} INFO - Setting next_dagrun for example_external_task_marker_child to None, run_after=None
[2026-06-03T06:16:51.240+0000] {logging_mixin.py:188} INFO - [2026-06-03T06:16:51.240+0000] {dag.py:3947} INFO - Setting next_dagrun for example_external_task_marker_parent to None, run_after=None
[2026-06-03T06:16:51.253+0000] {processor.py:183} INFO - Processing /home/airflow/.local/lib/python3.12/site-packages/airflow/example_dags/example_external_task_marker_dag.py took 0.056 seconds
[2026-06-03T06:17:21.910+0000] {processor.py:161} INFO - Started process (PID=1686) to work on /home/airflow/.local/lib/python3.12/site-packages/airflow/example_dags/example_external_task_marker_dag.py
[2026-06-03T06:17:21.911+0000] {processor.py:830} INFO - Processing file /home/airflow/.local/lib/python3.12/site-packages/airflow/example_dags/example_external_task_marker_dag.py for tasks to queue
[2026-06-03T06:17:21.912+0000] {logging_mixin.py:188} INFO - [2026-06-03T06:17:21.912+0000] {dagbag.py:545} INFO - Filling up the DagBag from /home/airflow/.local/lib/python3.12/site-packages/airflow/example_dags/example_external_task_marker_dag.py
[2026-06-03T06:17:21.917+0000] {processor.py:840} INFO - DAG(s) 'example_external_task_marker_parent', 'example_external_task_marker_child' retrieved from /home/airflow/.local/lib/python3.12/site-packages/airflow/example_dags/example_external_task_marker_dag.py
[2026-06-03T06:17:21.935+0000] {logging_mixin.py:188} INFO - [2026-06-03T06:17:21.935+0000] {dag.py:3089} INFO - Sync 2 DAGs
[2026-06-03T06:17:21.946+0000] {logging_mixin.py:188} INFO - [2026-06-03T06:17:21.946+0000] {dag.py:3947} INFO - Setting next_dagrun for example_external_task_marker_child to None, run_after=None
[2026-06-03T06:17:21.949+0000] {logging_mixin.py:188} INFO - [2026-06-03T06:17:21.949+0000] {dag.py:3947} INFO - Setting next_dagrun for example_external_task_marker_parent to None, run_after=None
[2026-06-03T06:17:22.077+0000] {processor.py:183} INFO - Processing /home/airflow/.local/lib/python3.12/site-packages/airflow/example_dags/example_external_task_marker_dag.py took 0.172 seconds
[2026-06-03T06:17:52.929+0000] {processor.py:161} INFO - Started process (PID=1743) to work on /home/airflow/.local/lib/python3.12/site-packages/airflow/example_dags/example_external_task_marker_dag.py
[2026-06-03T06:17:52.930+0000] {processor.py:830} INFO - Processing file /home/airflow/.local/lib/python3.12/site-packages/airflow/example_dags/example_external_task_marker_dag.py for tasks to queue
[2026-06-03T06:17:52.931+0000] {logging_mixin.py:188} INFO - [2026-06-03T06:17:52.931+0000] {dagbag.py:545} INFO - Filling up the DagBag from /home/airflow/.local/lib/python3.12/site-packages/airflow/example_dags/example_external_task_marker_dag.py
[2026-06-03T06:17:52.936+0000] {processor.py:840} INFO - DAG(s) 'example_external_task_marker_parent', 'example_external_task_marker_child' retrieved from /home/airflow/.local/lib/python3.12/site-packages/airflow/example_dags/example_external_task_marker_dag.py
[2026-06-03T06:17:52.953+0000] {logging_mixin.py:188} INFO - [2026-06-03T06:17:52.953+0000] {dag.py:3089} INFO - Sync 2 DAGs
[2026-06-03T06:17:52.964+0000] {logging_mixin.py:188} INFO - [2026-06-03T06:17:52.964+0000] {dag.py:3947} INFO - Setting next_dagrun for example_external_task_marker_child to None, run_after=None
[2026-06-03T06:17:52.967+0000] {logging_mixin.py:188} INFO - [2026-06-03T06:17:52.967+0000] {dag.py:3947} INFO - Setting next_dagrun for example_external_task_marker_parent to None, run_after=None
[2026-06-03T06:17:52.982+0000] {processor.py:183} INFO - Processing /home/airflow/.local/lib/python3.12/site-packages/airflow/example_dags/example_external_task_marker_dag.py took 0.057 seconds
[2026-06-03T06:18:23.108+0000] {processor.py:161} INFO - Started process (PID=1801) to work on /home/airflow/.local/lib/python3.12/site-packages/airflow/example_dags/example_external_task_marker_dag.py
[2026-06-03T06:18:23.110+0000] {processor.py:830} INFO - Processing file /home/airflow/.local/lib/python3.12/site-packages/airflow/example_dags/example_external_task_marker_dag.py for tasks to queue
[2026-06-03T06:18:23.111+0000] {logging_mixin.py:188} INFO - [2026-06-03T06:18:23.111+0000] {dagbag.py:545} INFO - Filling up the DagBag from /home/airflow/.local/lib/python3.12/site-packages/airflow/example_dags/example_external_task_marker_dag.py
[2026-06-03T06:18:23.115+0000] {processor.py:840} INFO - DAG(s) 'example_external_task_marker_child', 'example_external_task_marker_parent' retrieved from /home/airflow/.local/lib/python3.12/site-packages/airflow/example_dags/example_external_task_marker_dag.py
[2026-06-03T06:18:23.132+0000] {logging_mixin.py:188} INFO - [2026-06-03T06:18:23.132+0000] {dag.py:3089} INFO - Sync 2 DAGs
[2026-06-03T06:18:23.142+0000] {logging_mixin.py:188} INFO - [2026-06-03T06:18:23.142+0000] {dag.py:3947} INFO - Setting next_dagrun for example_external_task_marker_child to None, run_after=None
[2026-06-03T06:18:23.145+0000] {logging_mixin.py:188} INFO - [2026-06-03T06:18:23.145+0000] {dag.py:3947} INFO - Setting next_dagrun for example_external_task_marker_parent to None, run_after=None
[2026-06-03T06:18:23.159+0000] {processor.py:183} INFO - Processing /home/airflow/.local/lib/python3.12/site-packages/airflow/example_dags/example_external_task_marker_dag.py took 0.055 seconds
[2026-06-03T06:18:53.411+0000] {processor.py:161} INFO - Started process (PID=1859) to work on /home/airflow/.local/lib/python3.12/site-packages/airflow/example_dags/example_external_task_marker_dag.py
[2026-06-03T06:18:53.411+0000] {processor.py:830} INFO - Processing file /home/airflow/.local/lib/python3.12/site-packages/airflow/example_dags/example_external_task_marker_dag.py for tasks to queue
[2026-06-03T06:18:53.413+0000] {logging_mixin.py:188} INFO - [2026-06-03T06:18:53.412+0000] {dagbag.py:545} INFO - Filling up the DagBag from /home/airflow/.local/lib/python3.12/site-packages/airflow/example_dags/example_external_task_marker_dag.py
[2026-06-03T06:18:53.417+0000] {processor.py:840} INFO - DAG(s) 'example_external_task_marker_parent', 'example_external_task_marker_child' retrieved from /home/airflow/.local/lib/python3.12/site-packages/airflow/example_dags/example_external_task_marker_dag.py
[2026-06-03T06:18:53.435+0000] {logging_mixin.py:188} INFO - [2026-06-03T06:18:53.435+0000] {dag.py:3089} INFO - Sync 2 DAGs
[2026-06-03T06:18:53.446+0000] {logging_mixin.py:188} INFO - [2026-06-03T06:18:53.446+0000] {dag.py:3947} INFO - Setting next_dagrun for example_external_task_marker_child to None, run_after=None
[2026-06-03T06:18:53.449+0000] {logging_mixin.py:188} INFO - [2026-06-03T06:18:53.449+0000] {dag.py:3947} INFO - Setting next_dagrun for example_external_task_marker_parent to None, run_after=None
[2026-06-03T06:18:53.464+0000] {processor.py:183} INFO - Processing /home/airflow/.local/lib/python3.12/site-packages/airflow/example_dags/example_external_task_marker_dag.py took 0.058 seconds
[2026-06-03T06:19:24.281+0000] {processor.py:161} INFO - Started process (PID=1917) to work on /home/airflow/.local/lib/python3.12/site-packages/airflow/example_dags/example_external_task_marker_dag.py
[2026-06-03T06:19:24.282+0000] {processor.py:830} INFO - Processing file /home/airflow/.local/lib/python3.12/site-packages/airflow/example_dags/example_external_task_marker_dag.py for tasks to queue
[2026-06-03T06:19:24.283+0000] {logging_mixin.py:188} INFO - [2026-06-03T06:19:24.283+0000] {dagbag.py:545} INFO - Filling up the DagBag from /home/airflow/.local/lib/python3.12/site-packages/airflow/example_dags/example_external_task_marker_dag.py
[2026-06-03T06:19:24.287+0000] {processor.py:840} INFO - DAG(s) 'example_external_task_marker_parent', 'example_external_task_marker_child' retrieved from /home/airflow/.local/lib/python3.12/site-packages/airflow/example_dags/example_external_task_marker_dag.py
[2026-06-03T06:19:24.305+0000] {logging_mixin.py:188} INFO - [2026-06-03T06:19:24.304+0000] {dag.py:3089} INFO - Sync 2 DAGs
[2026-06-03T06:19:24.315+0000] {logging_mixin.py:188} INFO - [2026-06-03T06:19:24.315+0000] {dag.py:3947} INFO - Setting next_dagrun for example_external_task_marker_child to None, run_after=None
[2026-06-03T06:19:24.318+0000] {logging_mixin.py:188} INFO - [2026-06-03T06:19:24.318+0000] {dag.py:3947} INFO - Setting next_dagrun for example_external_task_marker_parent to None, run_after=None
[2026-06-03T06:19:24.331+0000] {processor.py:183} INFO - Processing /home/airflow/.local/lib/python3.12/site-packages/airflow/example_dags/example_external_task_marker_dag.py took 0.054 seconds
[2026-06-03T06:19:54.663+0000] {processor.py:161} INFO - Started process (PID=1975) to work on /home/airflow/.local/lib/python3.12/site-packages/airflow/example_dags/example_external_task_marker_dag.py
[2026-06-03T06:19:54.663+0000] {processor.py:830} INFO - Processing file /home/airflow/.local/lib/python3.12/site-packages/airflow/example_dags/example_external_task_marker_dag.py for tasks to queue
[2026-06-03T06:19:54.664+0000] {logging_mixin.py:188} INFO - [2026-06-03T06:19:54.664+0000] {dagbag.py:545} INFO - Filling up the DagBag from /home/airflow/.local/lib/python3.12/site-packages/airflow/example_dags/example_external_task_marker_dag.py
[2026-06-03T06:19:54.669+0000] {processor.py:840} INFO - DAG(s) 'example_external_task_marker_child', 'example_external_task_marker_parent' retrieved from /home/airflow/.local/lib/python3.12/site-packages/airflow/example_dags/example_external_task_marker_dag.py
[2026-06-03T06:19:54.688+0000] {logging_mixin.py:188} INFO - [2026-06-03T06:19:54.688+0000] {dag.py:3089} INFO - Sync 2 DAGs
[2026-06-03T06:19:54.823+0000] {logging_mixin.py:188} INFO - [2026-06-03T06:19:54.823+0000] {dag.py:3947} INFO - Setting next_dagrun for example_external_task_marker_child to None, run_after=None
[2026-06-03T06:19:54.826+0000] {logging_mixin.py:188} INFO - [2026-06-03T06:19:54.826+0000] {dag.py:3947} INFO - Setting next_dagrun for example_external_task_marker_parent to None, run_after=None
[2026-06-03T06:19:54.839+0000] {processor.py:183} INFO - Processing /home/airflow/.local/lib/python3.12/site-packages/airflow/example_dags/example_external_task_marker_dag.py took 0.181 seconds
[2026-06-03T06:20:25.163+0000] {processor.py:161} INFO - Started process (PID=2033) to work on /home/airflow/.local/lib/python3.12/site-packages/airflow/example_dags/example_external_task_marker_dag.py
[2026-06-03T06:20:25.164+0000] {processor.py:830} INFO - Processing file /home/airflow/.local/lib/python3.12/site-packages/airflow/example_dags/example_external_task_marker_dag.py for tasks to queue
[2026-06-03T06:20:25.165+0000] {logging_mixin.py:188} INFO - [2026-06-03T06:20:25.165+0000] {dagbag.py:545} INFO - Filling up the DagBag from /home/airflow/.local/lib/python3.12/site-packages/airflow/example_dags/example_external_task_marker_dag.py
[2026-06-03T06:20:25.170+0000] {processor.py:840} INFO - DAG(s) 'example_external_task_marker_parent', 'example_external_task_marker_child' retrieved from /home/airflow/.local/lib/python3.12/site-packages/airflow/example_dags/example_external_task_marker_dag.py
[2026-06-03T06:20:25.188+0000] {logging_mixin.py:188} INFO - [2026-06-03T06:20:25.187+0000] {dag.py:3089} INFO - Sync 2 DAGs
[2026-06-03T06:20:25.198+0000] {logging_mixin.py:188} INFO - [2026-06-03T06:20:25.198+0000] {dag.py:3947} INFO - Setting next_dagrun for example_external_task_marker_child to None, run_after=None
[2026-06-03T06:20:25.201+0000] {logging_mixin.py:188} INFO - [2026-06-03T06:20:25.201+0000] {dag.py:3947} INFO - Setting next_dagrun for example_external_task_marker_parent to None, run_after=None
[2026-06-03T06:20:25.214+0000] {processor.py:183} INFO - Processing /home/airflow/.local/lib/python3.12/site-packages/airflow/example_dags/example_external_task_marker_dag.py took 0.056 seconds
[2026-06-03T06:20:55.461+0000] {processor.py:161} INFO - Started process (PID=2091) to work on /home/airflow/.local/lib/python3.12/site-packages/airflow/example_dags/example_external_task_marker_dag.py
[2026-06-03T06:20:55.462+0000] {processor.py:830} INFO - Processing file /home/airflow/.local/lib/python3.12/site-packages/airflow/example_dags/example_external_task_marker_dag.py for tasks to queue
[2026-06-03T06:20:55.463+0000] {logging_mixin.py:188} INFO - [2026-06-03T06:20:55.463+0000] {dagbag.py:545} INFO - Filling up the DagBag from /home/airflow/.local/lib/python3.12/site-packages/airflow/example_dags/example_external_task_marker_dag.py
[2026-06-03T06:20:55.468+0000] {processor.py:840} INFO - DAG(s) 'example_external_task_marker_child', 'example_external_task_marker_parent' retrieved from /home/airflow/.local/lib/python3.12/site-packages/airflow/example_dags/example_external_task_marker_dag.py
[2026-06-03T06:20:55.486+0000] {logging_mixin.py:188} INFO - [2026-06-03T06:20:55.485+0000] {dag.py:3089} INFO - Sync 2 DAGs
[2026-06-03T06:20:55.497+0000] {logging_mixin.py:188} INFO - [2026-06-03T06:20:55.496+0000] {dag.py:3947} INFO - Setting next_dagrun for example_external_task_marker_child to None, run_after=None
[2026-06-03T06:20:55.500+0000] {logging_mixin.py:188} INFO - [2026-06-03T06:20:55.500+0000] {dag.py:3947} INFO - Setting next_dagrun for example_external_task_marker_parent to None, run_after=None
[2026-06-03T06:20:55.513+0000] {processor.py:183} INFO - Processing /home/airflow/.local/lib/python3.12/site-packages/airflow/example_dags/example_external_task_marker_dag.py took 0.057 seconds
[2026-06-03T06:21:25.786+0000] {processor.py:161} INFO - Started process (PID=2149) to work on /home/airflow/.local/lib/python3.12/site-packages/airflow/example_dags/example_external_task_marker_dag.py
[2026-06-03T06:21:25.787+0000] {processor.py:830} INFO - Processing file /home/airflow/.local/lib/python3.12/site-packages/airflow/example_dags/example_external_task_marker_dag.py for tasks to queue
[2026-06-03T06:21:25.788+0000] {logging_mixin.py:188} INFO - [2026-06-03T06:21:25.788+0000] {dagbag.py:545} INFO - Filling up the DagBag from /home/airflow/.local/lib/python3.12/site-packages/airflow/example_dags/example_external_task_marker_dag.py
[2026-06-03T06:21:25.794+0000] {processor.py:840} INFO - DAG(s) 'example_external_task_marker_parent', 'example_external_task_marker_child' retrieved from /home/airflow/.local/lib/python3.12/site-packages/airflow/example_dags/example_external_task_marker_dag.py
[2026-06-03T06:21:25.812+0000] {logging_mixin.py:188} INFO - [2026-06-03T06:21:25.812+0000] {dag.py:3089} INFO - Sync 2 DAGs
[2026-06-03T06:21:25.823+0000] {logging_mixin.py:188} INFO - [2026-06-03T06:21:25.822+0000] {dag.py:3947} INFO - Setting next_dagrun for example_external_task_marker_child to None, run_after=None
[2026-06-03T06:21:25.826+0000] {logging_mixin.py:188} INFO - [2026-06-03T06:21:25.826+0000] {dag.py:3947} INFO - Setting next_dagrun for example_external_task_marker_parent to None, run_after=None
[2026-06-03T06:21:25.842+0000] {processor.py:183} INFO - Processing /home/airflow/.local/lib/python3.12/site-packages/airflow/example_dags/example_external_task_marker_dag.py took 0.060 seconds
[2026-06-03T06:21:56.253+0000] {processor.py:161} INFO - Started process (PID=2207) to work on /home/airflow/.local/lib/python3.12/site-packages/airflow/example_dags/example_external_task_marker_dag.py
[2026-06-03T06:21:56.254+0000] {processor.py:830} INFO - Processing file /home/airflow/.local/lib/python3.12/site-packages/airflow/example_dags/example_external_task_marker_dag.py for tasks to queue
[2026-06-03T06:21:56.255+0000] {logging_mixin.py:188} INFO - [2026-06-03T06:21:56.255+0000] {dagbag.py:545} INFO - Filling up the DagBag from /home/airflow/.local/lib/python3.12/site-packages/airflow/example_dags/example_external_task_marker_dag.py
[2026-06-03T06:21:56.260+0000] {processor.py:840} INFO - DAG(s) 'example_external_task_marker_child', 'example_external_task_marker_parent' retrieved from /home/airflow/.local/lib/python3.12/site-packages/airflow/example_dags/example_external_task_marker_dag.py
[2026-06-03T06:21:56.279+0000] {logging_mixin.py:188} INFO - [2026-06-03T06:21:56.279+0000] {dag.py:3089} INFO - Sync 2 DAGs
[2026-06-03T06:21:56.290+0000] {logging_mixin.py:188} INFO - [2026-06-03T06:21:56.290+0000] {dag.py:3947} INFO - Setting next_dagrun for example_external_task_marker_child to None, run_after=None
[2026-06-03T06:21:56.294+0000] {logging_mixin.py:188} INFO - [2026-06-03T06:21:56.293+0000] {dag.py:3947} INFO - Setting next_dagrun for example_external_task_marker_parent to None, run_after=None
[2026-06-03T06:21:56.335+0000] {processor.py:183} INFO - Processing /home/airflow/.local/lib/python3.12/site-packages/airflow/example_dags/example_external_task_marker_dag.py took 0.087 seconds
[2026-06-03T06:22:38.413+0000] {processor.py:161} INFO - Started process (PID=2266) to work on /home/airflow/.local/lib/python3.12/site-packages/airflow/example_dags/example_external_task_marker_dag.py
[2026-06-03T06:22:38.414+0000] {processor.py:830} INFO - Processing file /home/airflow/.local/lib/python3.12/site-packages/airflow/example_dags/example_external_task_marker_dag.py for tasks to queue
[2026-06-03T06:22:38.417+0000] {logging_mixin.py:188} INFO - [2026-06-03T06:22:38.417+0000] {dagbag.py:545} INFO - Filling up the DagBag from /home/airflow/.local/lib/python3.12/site-packages/airflow/example_dags/example_external_task_marker_dag.py
[2026-06-03T06:22:38.422+0000] {processor.py:840} INFO - DAG(s) 'example_external_task_marker_parent', 'example_external_task_marker_child' retrieved from /home/airflow/.local/lib/python3.12/site-packages/airflow/example_dags/example_external_task_marker_dag.py
[2026-06-03T06:22:38.447+0000] {logging_mixin.py:188} INFO - [2026-06-03T06:22:38.447+0000] {dag.py:3089} INFO - Sync 2 DAGs
[2026-06-03T06:22:38.459+0000] {logging_mixin.py:188} INFO - [2026-06-03T06:22:38.459+0000] {dag.py:3947} INFO - Setting next_dagrun for example_external_task_marker_child to None, run_after=None
[2026-06-03T06:22:38.463+0000] {logging_mixin.py:188} INFO - [2026-06-03T06:22:38.463+0000] {dag.py:3947} INFO - Setting next_dagrun for example_external_task_marker_parent to None, run_after=None
[2026-06-03T06:22:38.477+0000] {processor.py:183} INFO - Processing /home/airflow/.local/lib/python3.12/site-packages/airflow/example_dags/example_external_task_marker_dag.py took 0.070 seconds
[2026-06-03T06:23:08.805+0000] {processor.py:161} INFO - Started process (PID=2324) to work on /home/airflow/.local/lib/python3.12/site-packages/airflow/example_dags/example_external_task_marker_dag.py
[2026-06-03T06:23:08.806+0000] {processor.py:830} INFO - Processing file /home/airflow/.local/lib/python3.12/site-packages/airflow/example_dags/example_external_task_marker_dag.py for tasks to queue
[2026-06-03T06:23:08.807+0000] {logging_mixin.py:188} INFO - [2026-06-03T06:23:08.807+0000] {dagbag.py:545} INFO - Filling up the DagBag from /home/airflow/.local/lib/python3.12/site-packages/airflow/example_dags/example_external_task_marker_dag.py
[2026-06-03T06:23:08.811+0000] {processor.py:840} INFO - DAG(s) 'example_external_task_marker_parent', 'example_external_task_marker_child' retrieved from /home/airflow/.local/lib/python3.12/site-packages/airflow/example_dags/example_external_task_marker_dag.py
[2026-06-03T06:23:08.830+0000] {logging_mixin.py:188} INFO - [2026-06-03T06:23:08.830+0000] {dag.py:3089} INFO - Sync 2 DAGs
[2026-06-03T06:23:08.842+0000] {logging_mixin.py:188} INFO - [2026-06-03T06:23:08.842+0000] {dag.py:3947} INFO - Setting next_dagrun for example_external_task_marker_child to None, run_after=None
[2026-06-03T06:23:08.845+0000] {logging_mixin.py:188} INFO - [2026-06-03T06:23:08.845+0000] {dag.py:3947} INFO - Setting next_dagrun for example_external_task_marker_parent to None, run_after=None
[2026-06-03T06:23:08.859+0000] {processor.py:183} INFO - Processing /home/airflow/.local/lib/python3.12/site-packages/airflow/example_dags/example_external_task_marker_dag.py took 0.059 seconds
[2026-06-03T06:23:39.212+0000] {processor.py:161} INFO - Started process (PID=2382) to work on /home/airflow/.local/lib/python3.12/site-packages/airflow/example_dags/example_external_task_marker_dag.py
[2026-06-03T06:23:39.213+0000] {processor.py:830} INFO - Processing file /home/airflow/.local/lib/python3.12/site-packages/airflow/example_dags/example_external_task_marker_dag.py for tasks to queue
[2026-06-03T06:23:39.215+0000] {logging_mixin.py:188} INFO - [2026-06-03T06:23:39.215+0000] {dagbag.py:545} INFO - Filling up the DagBag from /home/airflow/.local/lib/python3.12/site-packages/airflow/example_dags/example_external_task_marker_dag.py
[2026-06-03T06:23:39.220+0000] {processor.py:840} INFO - DAG(s) 'example_external_task_marker_parent', 'example_external_task_marker_child' retrieved from /home/airflow/.local/lib/python3.12/site-packages/airflow/example_dags/example_external_task_marker_dag.py
[2026-06-03T06:23:39.240+0000] {logging_mixin.py:188} INFO - [2026-06-03T06:23:39.239+0000] {dag.py:3089} INFO - Sync 2 DAGs
[2026-06-03T06:23:39.252+0000] {logging_mixin.py:188} INFO - [2026-06-03T06:23:39.252+0000] {dag.py:3947} INFO - Setting next_dagrun for example_external_task_marker_child to None, run_after=None
[2026-06-03T06:23:39.255+0000] {logging_mixin.py:188} INFO - [2026-06-03T06:23:39.255+0000] {dag.py:3947} INFO - Setting next_dagrun for example_external_task_marker_parent to None, run_after=None
[2026-06-03T06:23:39.270+0000] {processor.py:183} INFO - Processing /home/airflow/.local/lib/python3.12/site-packages/airflow/example_dags/example_external_task_marker_dag.py took 0.062 seconds
[2026-06-03T06:24:09.565+0000] {processor.py:161} INFO - Started process (PID=2440) to work on /home/airflow/.local/lib/python3.12/site-packages/airflow/example_dags/example_external_task_marker_dag.py
[2026-06-03T06:24:09.566+0000] {processor.py:830} INFO - Processing file /home/airflow/.local/lib/python3.12/site-packages/airflow/example_dags/example_external_task_marker_dag.py for tasks to queue
[2026-06-03T06:24:09.567+0000] {logging_mixin.py:188} INFO - [2026-06-03T06:24:09.567+0000] {dagbag.py:545} INFO - Filling up the DagBag from /home/airflow/.local/lib/python3.12/site-packages/airflow/example_dags/example_external_task_marker_dag.py
[2026-06-03T06:24:09.572+0000] {processor.py:840} INFO - DAG(s) 'example_external_task_marker_parent', 'example_external_task_marker_child' retrieved from /home/airflow/.local/lib/python3.12/site-packages/airflow/example_dags/example_external_task_marker_dag.py
[2026-06-03T06:24:09.590+0000] {logging_mixin.py:188} INFO - [2026-06-03T06:24:09.590+0000] {dag.py:3089} INFO - Sync 2 DAGs
[2026-06-03T06:24:09.602+0000] {logging_mixin.py:188} INFO - [2026-06-03T06:24:09.602+0000] {dag.py:3947} INFO - Setting next_dagrun for example_external_task_marker_child to None, run_after=None
[2026-06-03T06:24:09.605+0000] {logging_mixin.py:188} INFO - [2026-06-03T06:24:09.605+0000] {dag.py:3947} INFO - Setting next_dagrun for example_external_task_marker_parent to None, run_after=None
[2026-06-03T06:24:09.619+0000] {processor.py:183} INFO - Processing /home/airflow/.local/lib/python3.12/site-packages/airflow/example_dags/example_external_task_marker_dag.py took 0.059 seconds
[2026-06-03T06:24:40.159+0000] {processor.py:161} INFO - Started process (PID=2498) to work on /home/airflow/.local/lib/python3.12/site-packages/airflow/example_dags/example_external_task_marker_dag.py
[2026-06-03T06:24:40.160+0000] {processor.py:830} INFO - Processing file /home/airflow/.local/lib/python3.12/site-packages/airflow/example_dags/example_external_task_marker_dag.py for tasks to queue
[2026-06-03T06:24:40.161+0000] {logging_mixin.py:188} INFO - [2026-06-03T06:24:40.161+0000] {dagbag.py:545} INFO - Filling up the DagBag from /home/airflow/.local/lib/python3.12/site-packages/airflow/example_dags/example_external_task_marker_dag.py
[2026-06-03T06:24:40.168+0000] {processor.py:840} INFO - DAG(s) 'example_external_task_marker_parent', 'example_external_task_marker_child' retrieved from /home/airflow/.local/lib/python3.12/site-packages/airflow/example_dags/example_external_task_marker_dag.py
[2026-06-03T06:24:40.187+0000] {logging_mixin.py:188} INFO - [2026-06-03T06:24:40.187+0000] {dag.py:3089} INFO - Sync 2 DAGs
[2026-06-03T06:24:40.198+0000] {logging_mixin.py:188} INFO - [2026-06-03T06:24:40.197+0000] {dag.py:3947} INFO - Setting next_dagrun for example_external_task_marker_child to None, run_after=None
[2026-06-03T06:24:40.201+0000] {logging_mixin.py:188} INFO - [2026-06-03T06:24:40.201+0000] {dag.py:3947} INFO - Setting next_dagrun for example_external_task_marker_parent to None, run_after=None
[2026-06-03T06:24:40.215+0000] {processor.py:183} INFO - Processing /home/airflow/.local/lib/python3.12/site-packages/airflow/example_dags/example_external_task_marker_dag.py took 0.060 seconds
[2026-06-03T06:25:10.585+0000] {processor.py:161} INFO - Started process (PID=2556) to work on /home/airflow/.local/lib/python3.12/site-packages/airflow/example_dags/example_external_task_marker_dag.py
[2026-06-03T06:25:10.586+0000] {processor.py:830} INFO - Processing file /home/airflow/.local/lib/python3.12/site-packages/airflow/example_dags/example_external_task_marker_dag.py for tasks to queue
[2026-06-03T06:25:10.588+0000] {logging_mixin.py:188} INFO - [2026-06-03T06:25:10.587+0000] {dagbag.py:545} INFO - Filling up the DagBag from /home/airflow/.local/lib/python3.12/site-packages/airflow/example_dags/example_external_task_marker_dag.py
[2026-06-03T06:25:10.593+0000] {processor.py:840} INFO - DAG(s) 'example_external_task_marker_child', 'example_external_task_marker_parent' retrieved from /home/airflow/.local/lib/python3.12/site-packages/airflow/example_dags/example_external_task_marker_dag.py
[2026-06-03T06:25:10.612+0000] {logging_mixin.py:188} INFO - [2026-06-03T06:25:10.612+0000] {dag.py:3089} INFO - Sync 2 DAGs
[2026-06-03T06:25:10.623+0000] {logging_mixin.py:188} INFO - [2026-06-03T06:25:10.623+0000] {dag.py:3947} INFO - Setting next_dagrun for example_external_task_marker_child to None, run_after=None
[2026-06-03T06:25:10.627+0000] {logging_mixin.py:188} INFO - [2026-06-03T06:25:10.627+0000] {dag.py:3947} INFO - Setting next_dagrun for example_external_task_marker_parent to None, run_after=None
[2026-06-03T06:25:10.641+0000] {processor.py:183} INFO - Processing /home/airflow/.local/lib/python3.12/site-packages/airflow/example_dags/example_external_task_marker_dag.py took 0.061 seconds
[2026-06-03T06:25:40.974+0000] {processor.py:161} INFO - Started process (PID=2614) to work on /home/airflow/.local/lib/python3.12/site-packages/airflow/example_dags/example_external_task_marker_dag.py
[2026-06-03T06:25:40.975+0000] {processor.py:830} INFO - Processing file /home/airflow/.local/lib/python3.12/site-packages/airflow/example_dags/example_external_task_marker_dag.py for tasks to queue
[2026-06-03T06:25:40.976+0000] {logging_mixin.py:188} INFO - [2026-06-03T06:25:40.976+0000] {dagbag.py:545} INFO - Filling up the DagBag from /home/airflow/.local/lib/python3.12/site-packages/airflow/example_dags/example_external_task_marker_dag.py
[2026-06-03T06:25:40.980+0000] {processor.py:840} INFO - DAG(s) 'example_external_task_marker_parent', 'example_external_task_marker_child' retrieved from /home/airflow/.local/lib/python3.12/site-packages/airflow/example_dags/example_external_task_marker_dag.py
[2026-06-03T06:25:40.999+0000] {logging_mixin.py:188} INFO - [2026-06-03T06:25:40.999+0000] {dag.py:3089} INFO - Sync 2 DAGs
[2026-06-03T06:25:41.010+0000] {logging_mixin.py:188} INFO - [2026-06-03T06:25:41.010+0000] {dag.py:3947} INFO - Setting next_dagrun for example_external_task_marker_child to None, run_after=None
[2026-06-03T06:25:41.013+0000] {logging_mixin.py:188} INFO - [2026-06-03T06:25:41.013+0000] {dag.py:3947} INFO - Setting next_dagrun for example_external_task_marker_parent to None, run_after=None
[2026-06-03T06:25:41.029+0000] {processor.py:183} INFO - Processing /home/airflow/.local/lib/python3.12/site-packages/airflow/example_dags/example_external_task_marker_dag.py took 0.059 seconds
[2026-06-03T06:26:11.386+0000] {processor.py:161} INFO - Started process (PID=2671) to work on /home/airflow/.local/lib/python3.12/site-packages/airflow/example_dags/example_external_task_marker_dag.py
[2026-06-03T06:26:11.387+0000] {processor.py:830} INFO - Processing file /home/airflow/.local/lib/python3.12/site-packages/airflow/example_dags/example_external_task_marker_dag.py for tasks to queue
[2026-06-03T06:26:11.388+0000] {logging_mixin.py:188} INFO - [2026-06-03T06:26:11.388+0000] {dagbag.py:545} INFO - Filling up the DagBag from /home/airflow/.local/lib/python3.12/site-packages/airflow/example_dags/example_external_task_marker_dag.py
[2026-06-03T06:26:11.393+0000] {processor.py:840} INFO - DAG(s) 'example_external_task_marker_child', 'example_external_task_marker_parent' retrieved from /home/airflow/.local/lib/python3.12/site-packages/airflow/example_dags/example_external_task_marker_dag.py
[2026-06-03T06:26:11.411+0000] {logging_mixin.py:188} INFO - [2026-06-03T06:26:11.411+0000] {dag.py:3089} INFO - Sync 2 DAGs
[2026-06-03T06:26:11.422+0000] {logging_mixin.py:188} INFO - [2026-06-03T06:26:11.422+0000] {dag.py:3947} INFO - Setting next_dagrun for example_external_task_marker_child to None, run_after=None
[2026-06-03T06:26:11.425+0000] {logging_mixin.py:188} INFO - [2026-06-03T06:26:11.425+0000] {dag.py:3947} INFO - Setting next_dagrun for example_external_task_marker_parent to None, run_after=None
[2026-06-03T06:26:11.438+0000] {processor.py:183} INFO - Processing /home/airflow/.local/lib/python3.12/site-packages/airflow/example_dags/example_external_task_marker_dag.py took 0.056 seconds
[2026-06-03T06:26:41.719+0000] {processor.py:161} INFO - Started process (PID=2729) to work on /home/airflow/.local/lib/python3.12/site-packages/airflow/example_dags/example_external_task_marker_dag.py
[2026-06-03T06:26:41.720+0000] {processor.py:830} INFO - Processing file /home/airflow/.local/lib/python3.12/site-packages/airflow/example_dags/example_external_task_marker_dag.py for tasks to queue
[2026-06-03T06:26:41.721+0000] {logging_mixin.py:188} INFO - [2026-06-03T06:26:41.721+0000] {dagbag.py:545} INFO - Filling up the DagBag from /home/airflow/.local/lib/python3.12/site-packages/airflow/example_dags/example_external_task_marker_dag.py
[2026-06-03T06:26:41.726+0000] {processor.py:840} INFO - DAG(s) 'example_external_task_marker_parent', 'example_external_task_marker_child' retrieved from /home/airflow/.local/lib/python3.12/site-packages/airflow/example_dags/example_external_task_marker_dag.py
[2026-06-03T06:26:41.745+0000] {logging_mixin.py:188} INFO - [2026-06-03T06:26:41.744+0000] {dag.py:3089} INFO - Sync 2 DAGs
[2026-06-03T06:26:41.757+0000] {logging_mixin.py:188} INFO - [2026-06-03T06:26:41.756+0000] {dag.py:3947} INFO - Setting next_dagrun for example_external_task_marker_child to None, run_after=None
[2026-06-03T06:26:41.760+0000] {logging_mixin.py:188} INFO - [2026-06-03T06:26:41.760+0000] {dag.py:3947} INFO - Setting next_dagrun for example_external_task_marker_parent to None, run_after=None
[2026-06-03T06:26:41.774+0000] {processor.py:183} INFO - Processing /home/airflow/.local/lib/python3.12/site-packages/airflow/example_dags/example_external_task_marker_dag.py took 0.060 seconds
