[2026-06-03T06:03:08.712+0000] {processor.py:161} INFO - Started process (PID=71) to work on /home/airflow/.local/lib/python3.12/site-packages/airflow/example_dags/example_complex.py
[2026-06-03T06:03:08.712+0000] {processor.py:830} INFO - Processing file /home/airflow/.local/lib/python3.12/site-packages/airflow/example_dags/example_complex.py for tasks to queue
[2026-06-03T06:03:08.714+0000] {logging_mixin.py:188} INFO - [2026-06-03T06:03:08.713+0000] {dagbag.py:545} INFO - Filling up the DagBag from /home/airflow/.local/lib/python3.12/site-packages/airflow/example_dags/example_complex.py
[2026-06-03T06:03:08.726+0000] {processor.py:840} INFO - DAG(s) 'example_complex' retrieved from /home/airflow/.local/lib/python3.12/site-packages/airflow/example_dags/example_complex.py
[2026-06-03T06:03:08.755+0000] {logging_mixin.py:188} INFO - [2026-06-03T06:03:08.755+0000] {dag.py:3089} INFO - Sync 1 DAGs
[2026-06-03T06:03:08.767+0000] {logging_mixin.py:188} INFO - [2026-06-03T06:03:08.767+0000] {dag.py:3947} INFO - Setting next_dagrun for example_complex to None, run_after=None
[2026-06-03T06:03:08.786+0000] {processor.py:183} INFO - Processing /home/airflow/.local/lib/python3.12/site-packages/airflow/example_dags/example_complex.py took 0.079 seconds
[2026-06-03T06:03:39.658+0000] {processor.py:161} INFO - Started process (PID=129) to work on /home/airflow/.local/lib/python3.12/site-packages/airflow/example_dags/example_complex.py
[2026-06-03T06:03:39.659+0000] {processor.py:830} INFO - Processing file /home/airflow/.local/lib/python3.12/site-packages/airflow/example_dags/example_complex.py for tasks to queue
[2026-06-03T06:03:39.660+0000] {logging_mixin.py:188} INFO - [2026-06-03T06:03:39.660+0000] {dagbag.py:545} INFO - Filling up the DagBag from /home/airflow/.local/lib/python3.12/site-packages/airflow/example_dags/example_complex.py
[2026-06-03T06:03:39.669+0000] {processor.py:840} INFO - DAG(s) 'example_complex' retrieved from /home/airflow/.local/lib/python3.12/site-packages/airflow/example_dags/example_complex.py
[2026-06-03T06:03:39.695+0000] {logging_mixin.py:188} INFO - [2026-06-03T06:03:39.695+0000] {dag.py:3089} INFO - Sync 1 DAGs
[2026-06-03T06:03:39.705+0000] {logging_mixin.py:188} INFO - [2026-06-03T06:03:39.705+0000] {dag.py:3947} INFO - Setting next_dagrun for example_complex to None, run_after=None
[2026-06-03T06:03:39.720+0000] {processor.py:183} INFO - Processing /home/airflow/.local/lib/python3.12/site-packages/airflow/example_dags/example_complex.py took 0.067 seconds
[2026-06-03T06:04:09.930+0000] {processor.py:161} INFO - Started process (PID=187) to work on /home/airflow/.local/lib/python3.12/site-packages/airflow/example_dags/example_complex.py
[2026-06-03T06:04:09.931+0000] {processor.py:830} INFO - Processing file /home/airflow/.local/lib/python3.12/site-packages/airflow/example_dags/example_complex.py for tasks to queue
[2026-06-03T06:04:09.932+0000] {logging_mixin.py:188} INFO - [2026-06-03T06:04:09.932+0000] {dagbag.py:545} INFO - Filling up the DagBag from /home/airflow/.local/lib/python3.12/site-packages/airflow/example_dags/example_complex.py
[2026-06-03T06:04:09.941+0000] {processor.py:840} INFO - DAG(s) 'example_complex' retrieved from /home/airflow/.local/lib/python3.12/site-packages/airflow/example_dags/example_complex.py
[2026-06-03T06:04:09.966+0000] {logging_mixin.py:188} INFO - [2026-06-03T06:04:09.966+0000] {dag.py:3089} INFO - Sync 1 DAGs
[2026-06-03T06:04:09.976+0000] {logging_mixin.py:188} INFO - [2026-06-03T06:04:09.976+0000] {dag.py:3947} INFO - Setting next_dagrun for example_complex to None, run_after=None
[2026-06-03T06:04:09.990+0000] {processor.py:183} INFO - Processing /home/airflow/.local/lib/python3.12/site-packages/airflow/example_dags/example_complex.py took 0.065 seconds
[2026-06-03T06:04:40.176+0000] {processor.py:161} INFO - Started process (PID=245) to work on /home/airflow/.local/lib/python3.12/site-packages/airflow/example_dags/example_complex.py
[2026-06-03T06:04:40.176+0000] {processor.py:830} INFO - Processing file /home/airflow/.local/lib/python3.12/site-packages/airflow/example_dags/example_complex.py for tasks to queue
[2026-06-03T06:04:40.178+0000] {logging_mixin.py:188} INFO - [2026-06-03T06:04:40.177+0000] {dagbag.py:545} INFO - Filling up the DagBag from /home/airflow/.local/lib/python3.12/site-packages/airflow/example_dags/example_complex.py
[2026-06-03T06:04:40.186+0000] {processor.py:840} INFO - DAG(s) 'example_complex' retrieved from /home/airflow/.local/lib/python3.12/site-packages/airflow/example_dags/example_complex.py
[2026-06-03T06:04:40.212+0000] {logging_mixin.py:188} INFO - [2026-06-03T06:04:40.212+0000] {dag.py:3089} INFO - Sync 1 DAGs
[2026-06-03T06:04:40.222+0000] {logging_mixin.py:188} INFO - [2026-06-03T06:04:40.222+0000] {dag.py:3947} INFO - Setting next_dagrun for example_complex to None, run_after=None
[2026-06-03T06:04:40.236+0000] {processor.py:183} INFO - Processing /home/airflow/.local/lib/python3.12/site-packages/airflow/example_dags/example_complex.py took 0.065 seconds
[2026-06-03T06:05:10.793+0000] {processor.py:161} INFO - Started process (PID=303) to work on /home/airflow/.local/lib/python3.12/site-packages/airflow/example_dags/example_complex.py
[2026-06-03T06:05:10.794+0000] {processor.py:830} INFO - Processing file /home/airflow/.local/lib/python3.12/site-packages/airflow/example_dags/example_complex.py for tasks to queue
[2026-06-03T06:05:10.796+0000] {logging_mixin.py:188} INFO - [2026-06-03T06:05:10.796+0000] {dagbag.py:545} INFO - Filling up the DagBag from /home/airflow/.local/lib/python3.12/site-packages/airflow/example_dags/example_complex.py
[2026-06-03T06:05:10.808+0000] {processor.py:840} INFO - DAG(s) 'example_complex' retrieved from /home/airflow/.local/lib/python3.12/site-packages/airflow/example_dags/example_complex.py
[2026-06-03T06:05:10.836+0000] {logging_mixin.py:188} INFO - [2026-06-03T06:05:10.836+0000] {dag.py:3089} INFO - Sync 1 DAGs
[2026-06-03T06:05:10.846+0000] {logging_mixin.py:188} INFO - [2026-06-03T06:05:10.846+0000] {dag.py:3947} INFO - Setting next_dagrun for example_complex to None, run_after=None
[2026-06-03T06:05:10.866+0000] {processor.py:183} INFO - Processing /home/airflow/.local/lib/python3.12/site-packages/airflow/example_dags/example_complex.py took 0.078 seconds
[2026-06-03T06:05:41.214+0000] {processor.py:161} INFO - Started process (PID=361) to work on /home/airflow/.local/lib/python3.12/site-packages/airflow/example_dags/example_complex.py
[2026-06-03T06:05:41.215+0000] {processor.py:830} INFO - Processing file /home/airflow/.local/lib/python3.12/site-packages/airflow/example_dags/example_complex.py for tasks to queue
[2026-06-03T06:05:41.218+0000] {logging_mixin.py:188} INFO - [2026-06-03T06:05:41.218+0000] {dagbag.py:545} INFO - Filling up the DagBag from /home/airflow/.local/lib/python3.12/site-packages/airflow/example_dags/example_complex.py
[2026-06-03T06:05:41.229+0000] {processor.py:840} INFO - DAG(s) 'example_complex' retrieved from /home/airflow/.local/lib/python3.12/site-packages/airflow/example_dags/example_complex.py
[2026-06-03T06:05:41.256+0000] {logging_mixin.py:188} INFO - [2026-06-03T06:05:41.256+0000] {dag.py:3089} INFO - Sync 1 DAGs
[2026-06-03T06:05:41.266+0000] {logging_mixin.py:188} INFO - [2026-06-03T06:05:41.266+0000] {dag.py:3947} INFO - Setting next_dagrun for example_complex to None, run_after=None
[2026-06-03T06:05:41.281+0000] {processor.py:183} INFO - Processing /home/airflow/.local/lib/python3.12/site-packages/airflow/example_dags/example_complex.py took 0.074 seconds
[2026-06-03T06:06:12.024+0000] {processor.py:161} INFO - Started process (PID=419) to work on /home/airflow/.local/lib/python3.12/site-packages/airflow/example_dags/example_complex.py
[2026-06-03T06:06:12.024+0000] {processor.py:830} INFO - Processing file /home/airflow/.local/lib/python3.12/site-packages/airflow/example_dags/example_complex.py for tasks to queue
[2026-06-03T06:06:12.026+0000] {logging_mixin.py:188} INFO - [2026-06-03T06:06:12.025+0000] {dagbag.py:545} INFO - Filling up the DagBag from /home/airflow/.local/lib/python3.12/site-packages/airflow/example_dags/example_complex.py
[2026-06-03T06:06:12.034+0000] {processor.py:840} INFO - DAG(s) 'example_complex' retrieved from /home/airflow/.local/lib/python3.12/site-packages/airflow/example_dags/example_complex.py
[2026-06-03T06:06:12.060+0000] {logging_mixin.py:188} INFO - [2026-06-03T06:06:12.060+0000] {dag.py:3089} INFO - Sync 1 DAGs
[2026-06-03T06:06:12.071+0000] {logging_mixin.py:188} INFO - [2026-06-03T06:06:12.071+0000] {dag.py:3947} INFO - Setting next_dagrun for example_complex to None, run_after=None
[2026-06-03T06:06:12.086+0000] {processor.py:183} INFO - Processing /home/airflow/.local/lib/python3.12/site-packages/airflow/example_dags/example_complex.py took 0.067 seconds
[2026-06-03T06:06:42.728+0000] {processor.py:161} INFO - Started process (PID=477) to work on /home/airflow/.local/lib/python3.12/site-packages/airflow/example_dags/example_complex.py
[2026-06-03T06:06:42.729+0000] {processor.py:830} INFO - Processing file /home/airflow/.local/lib/python3.12/site-packages/airflow/example_dags/example_complex.py for tasks to queue
[2026-06-03T06:06:42.730+0000] {logging_mixin.py:188} INFO - [2026-06-03T06:06:42.730+0000] {dagbag.py:545} INFO - Filling up the DagBag from /home/airflow/.local/lib/python3.12/site-packages/airflow/example_dags/example_complex.py
[2026-06-03T06:06:42.739+0000] {processor.py:840} INFO - DAG(s) 'example_complex' retrieved from /home/airflow/.local/lib/python3.12/site-packages/airflow/example_dags/example_complex.py
[2026-06-03T06:06:42.765+0000] {logging_mixin.py:188} INFO - [2026-06-03T06:06:42.764+0000] {dag.py:3089} INFO - Sync 1 DAGs
[2026-06-03T06:06:42.775+0000] {logging_mixin.py:188} INFO - [2026-06-03T06:06:42.775+0000] {dag.py:3947} INFO - Setting next_dagrun for example_complex to None, run_after=None
[2026-06-03T06:06:42.789+0000] {processor.py:183} INFO - Processing /home/airflow/.local/lib/python3.12/site-packages/airflow/example_dags/example_complex.py took 0.066 seconds
[2026-06-03T06:07:12.935+0000] {processor.py:161} INFO - Started process (PID=535) to work on /home/airflow/.local/lib/python3.12/site-packages/airflow/example_dags/example_complex.py
[2026-06-03T06:07:12.936+0000] {processor.py:830} INFO - Processing file /home/airflow/.local/lib/python3.12/site-packages/airflow/example_dags/example_complex.py for tasks to queue
[2026-06-03T06:07:12.938+0000] {logging_mixin.py:188} INFO - [2026-06-03T06:07:12.937+0000] {dagbag.py:545} INFO - Filling up the DagBag from /home/airflow/.local/lib/python3.12/site-packages/airflow/example_dags/example_complex.py
[2026-06-03T06:07:12.948+0000] {processor.py:840} INFO - DAG(s) 'example_complex' retrieved from /home/airflow/.local/lib/python3.12/site-packages/airflow/example_dags/example_complex.py
[2026-06-03T06:07:12.976+0000] {logging_mixin.py:188} INFO - [2026-06-03T06:07:12.975+0000] {dag.py:3089} INFO - Sync 1 DAGs
[2026-06-03T06:07:12.986+0000] {logging_mixin.py:188} INFO - [2026-06-03T06:07:12.985+0000] {dag.py:3947} INFO - Setting next_dagrun for example_complex to None, run_after=None
[2026-06-03T06:07:13.001+0000] {processor.py:183} INFO - Processing /home/airflow/.local/lib/python3.12/site-packages/airflow/example_dags/example_complex.py took 0.072 seconds
[2026-06-03T06:07:43.235+0000] {processor.py:161} INFO - Started process (PID=593) to work on /home/airflow/.local/lib/python3.12/site-packages/airflow/example_dags/example_complex.py
[2026-06-03T06:07:43.236+0000] {processor.py:830} INFO - Processing file /home/airflow/.local/lib/python3.12/site-packages/airflow/example_dags/example_complex.py for tasks to queue
[2026-06-03T06:07:43.237+0000] {logging_mixin.py:188} INFO - [2026-06-03T06:07:43.237+0000] {dagbag.py:545} INFO - Filling up the DagBag from /home/airflow/.local/lib/python3.12/site-packages/airflow/example_dags/example_complex.py
[2026-06-03T06:07:43.246+0000] {processor.py:840} INFO - DAG(s) 'example_complex' retrieved from /home/airflow/.local/lib/python3.12/site-packages/airflow/example_dags/example_complex.py
[2026-06-03T06:07:43.272+0000] {logging_mixin.py:188} INFO - [2026-06-03T06:07:43.272+0000] {dag.py:3089} INFO - Sync 1 DAGs
[2026-06-03T06:07:43.283+0000] {logging_mixin.py:188} INFO - [2026-06-03T06:07:43.282+0000] {dag.py:3947} INFO - Setting next_dagrun for example_complex to None, run_after=None
[2026-06-03T06:07:43.297+0000] {processor.py:183} INFO - Processing /home/airflow/.local/lib/python3.12/site-packages/airflow/example_dags/example_complex.py took 0.067 seconds
[2026-06-03T06:08:13.677+0000] {processor.py:161} INFO - Started process (PID=657) to work on /home/airflow/.local/lib/python3.12/site-packages/airflow/example_dags/example_complex.py
[2026-06-03T06:08:13.677+0000] {processor.py:830} INFO - Processing file /home/airflow/.local/lib/python3.12/site-packages/airflow/example_dags/example_complex.py for tasks to queue
[2026-06-03T06:08:13.678+0000] {logging_mixin.py:188} INFO - [2026-06-03T06:08:13.678+0000] {dagbag.py:545} INFO - Filling up the DagBag from /home/airflow/.local/lib/python3.12/site-packages/airflow/example_dags/example_complex.py
[2026-06-03T06:08:13.687+0000] {processor.py:840} INFO - DAG(s) 'example_complex' retrieved from /home/airflow/.local/lib/python3.12/site-packages/airflow/example_dags/example_complex.py
[2026-06-03T06:08:13.713+0000] {logging_mixin.py:188} INFO - [2026-06-03T06:08:13.713+0000] {dag.py:3089} INFO - Sync 1 DAGs
[2026-06-03T06:08:13.723+0000] {logging_mixin.py:188} INFO - [2026-06-03T06:08:13.723+0000] {dag.py:3947} INFO - Setting next_dagrun for example_complex to None, run_after=None
[2026-06-03T06:08:13.738+0000] {processor.py:183} INFO - Processing /home/airflow/.local/lib/python3.12/site-packages/airflow/example_dags/example_complex.py took 0.066 seconds
[2026-06-03T06:08:45.261+0000] {processor.py:161} INFO - Started process (PID=715) to work on /home/airflow/.local/lib/python3.12/site-packages/airflow/example_dags/example_complex.py
[2026-06-03T06:08:45.262+0000] {processor.py:830} INFO - Processing file /home/airflow/.local/lib/python3.12/site-packages/airflow/example_dags/example_complex.py for tasks to queue
[2026-06-03T06:08:45.264+0000] {logging_mixin.py:188} INFO - [2026-06-03T06:08:45.263+0000] {dagbag.py:545} INFO - Filling up the DagBag from /home/airflow/.local/lib/python3.12/site-packages/airflow/example_dags/example_complex.py
[2026-06-03T06:08:45.273+0000] {processor.py:840} INFO - DAG(s) 'example_complex' retrieved from /home/airflow/.local/lib/python3.12/site-packages/airflow/example_dags/example_complex.py
[2026-06-03T06:08:45.302+0000] {logging_mixin.py:188} INFO - [2026-06-03T06:08:45.302+0000] {dag.py:3089} INFO - Sync 1 DAGs
[2026-06-03T06:08:45.320+0000] {logging_mixin.py:188} INFO - [2026-06-03T06:08:45.320+0000] {dag.py:3947} INFO - Setting next_dagrun for example_complex to None, run_after=None
[2026-06-03T06:08:45.417+0000] {processor.py:183} INFO - Processing /home/airflow/.local/lib/python3.12/site-packages/airflow/example_dags/example_complex.py took 0.160 seconds
[2026-06-03T06:09:16.259+0000] {processor.py:161} INFO - Started process (PID=772) to work on /home/airflow/.local/lib/python3.12/site-packages/airflow/example_dags/example_complex.py
[2026-06-03T06:09:16.262+0000] {processor.py:830} INFO - Processing file /home/airflow/.local/lib/python3.12/site-packages/airflow/example_dags/example_complex.py for tasks to queue
[2026-06-03T06:09:16.263+0000] {logging_mixin.py:188} INFO - [2026-06-03T06:09:16.263+0000] {dagbag.py:545} INFO - Filling up the DagBag from /home/airflow/.local/lib/python3.12/site-packages/airflow/example_dags/example_complex.py
[2026-06-03T06:09:16.272+0000] {processor.py:840} INFO - DAG(s) 'example_complex' retrieved from /home/airflow/.local/lib/python3.12/site-packages/airflow/example_dags/example_complex.py
[2026-06-03T06:09:16.299+0000] {logging_mixin.py:188} INFO - [2026-06-03T06:09:16.298+0000] {dag.py:3089} INFO - Sync 1 DAGs
[2026-06-03T06:09:16.309+0000] {logging_mixin.py:188} INFO - [2026-06-03T06:09:16.309+0000] {dag.py:3947} INFO - Setting next_dagrun for example_complex to None, run_after=None
[2026-06-03T06:09:16.325+0000] {processor.py:183} INFO - Processing /home/airflow/.local/lib/python3.12/site-packages/airflow/example_dags/example_complex.py took 0.070 seconds
[2026-06-03T06:09:46.453+0000] {processor.py:161} INFO - Started process (PID=830) to work on /home/airflow/.local/lib/python3.12/site-packages/airflow/example_dags/example_complex.py
[2026-06-03T06:09:46.454+0000] {processor.py:830} INFO - Processing file /home/airflow/.local/lib/python3.12/site-packages/airflow/example_dags/example_complex.py for tasks to queue
[2026-06-03T06:09:46.455+0000] {logging_mixin.py:188} INFO - [2026-06-03T06:09:46.455+0000] {dagbag.py:545} INFO - Filling up the DagBag from /home/airflow/.local/lib/python3.12/site-packages/airflow/example_dags/example_complex.py
[2026-06-03T06:09:46.464+0000] {processor.py:840} INFO - DAG(s) 'example_complex' retrieved from /home/airflow/.local/lib/python3.12/site-packages/airflow/example_dags/example_complex.py
[2026-06-03T06:09:46.490+0000] {logging_mixin.py:188} INFO - [2026-06-03T06:09:46.489+0000] {dag.py:3089} INFO - Sync 1 DAGs
[2026-06-03T06:09:46.500+0000] {logging_mixin.py:188} INFO - [2026-06-03T06:09:46.500+0000] {dag.py:3947} INFO - Setting next_dagrun for example_complex to None, run_after=None
[2026-06-03T06:09:46.515+0000] {processor.py:183} INFO - Processing /home/airflow/.local/lib/python3.12/site-packages/airflow/example_dags/example_complex.py took 0.066 seconds
[2026-06-03T06:10:17.036+0000] {processor.py:161} INFO - Started process (PID=887) to work on /home/airflow/.local/lib/python3.12/site-packages/airflow/example_dags/example_complex.py
[2026-06-03T06:10:17.037+0000] {processor.py:830} INFO - Processing file /home/airflow/.local/lib/python3.12/site-packages/airflow/example_dags/example_complex.py for tasks to queue
[2026-06-03T06:10:17.038+0000] {logging_mixin.py:188} INFO - [2026-06-03T06:10:17.038+0000] {dagbag.py:545} INFO - Filling up the DagBag from /home/airflow/.local/lib/python3.12/site-packages/airflow/example_dags/example_complex.py
[2026-06-03T06:10:17.047+0000] {processor.py:840} INFO - DAG(s) 'example_complex' retrieved from /home/airflow/.local/lib/python3.12/site-packages/airflow/example_dags/example_complex.py
[2026-06-03T06:10:17.074+0000] {logging_mixin.py:188} INFO - [2026-06-03T06:10:17.074+0000] {dag.py:3089} INFO - Sync 1 DAGs
[2026-06-03T06:10:17.084+0000] {logging_mixin.py:188} INFO - [2026-06-03T06:10:17.084+0000] {dag.py:3947} INFO - Setting next_dagrun for example_complex to None, run_after=None
[2026-06-03T06:10:17.101+0000] {processor.py:183} INFO - Processing /home/airflow/.local/lib/python3.12/site-packages/airflow/example_dags/example_complex.py took 0.070 seconds
[2026-06-03T06:10:47.493+0000] {processor.py:161} INFO - Started process (PID=945) to work on /home/airflow/.local/lib/python3.12/site-packages/airflow/example_dags/example_complex.py
[2026-06-03T06:10:47.493+0000] {processor.py:830} INFO - Processing file /home/airflow/.local/lib/python3.12/site-packages/airflow/example_dags/example_complex.py for tasks to queue
[2026-06-03T06:10:47.495+0000] {logging_mixin.py:188} INFO - [2026-06-03T06:10:47.494+0000] {dagbag.py:545} INFO - Filling up the DagBag from /home/airflow/.local/lib/python3.12/site-packages/airflow/example_dags/example_complex.py
[2026-06-03T06:10:47.503+0000] {processor.py:840} INFO - DAG(s) 'example_complex' retrieved from /home/airflow/.local/lib/python3.12/site-packages/airflow/example_dags/example_complex.py
[2026-06-03T06:10:47.530+0000] {logging_mixin.py:188} INFO - [2026-06-03T06:10:47.530+0000] {dag.py:3089} INFO - Sync 1 DAGs
[2026-06-03T06:10:47.540+0000] {logging_mixin.py:188} INFO - [2026-06-03T06:10:47.540+0000] {dag.py:3947} INFO - Setting next_dagrun for example_complex to None, run_after=None
[2026-06-03T06:10:47.555+0000] {processor.py:183} INFO - Processing /home/airflow/.local/lib/python3.12/site-packages/airflow/example_dags/example_complex.py took 0.067 seconds
[2026-06-03T06:11:17.933+0000] {processor.py:161} INFO - Started process (PID=1003) to work on /home/airflow/.local/lib/python3.12/site-packages/airflow/example_dags/example_complex.py
[2026-06-03T06:11:17.934+0000] {processor.py:830} INFO - Processing file /home/airflow/.local/lib/python3.12/site-packages/airflow/example_dags/example_complex.py for tasks to queue
[2026-06-03T06:11:17.935+0000] {logging_mixin.py:188} INFO - [2026-06-03T06:11:17.935+0000] {dagbag.py:545} INFO - Filling up the DagBag from /home/airflow/.local/lib/python3.12/site-packages/airflow/example_dags/example_complex.py
[2026-06-03T06:11:17.944+0000] {processor.py:840} INFO - DAG(s) 'example_complex' retrieved from /home/airflow/.local/lib/python3.12/site-packages/airflow/example_dags/example_complex.py
[2026-06-03T06:11:17.970+0000] {logging_mixin.py:188} INFO - [2026-06-03T06:11:17.970+0000] {dag.py:3089} INFO - Sync 1 DAGs
[2026-06-03T06:11:17.981+0000] {logging_mixin.py:188} INFO - [2026-06-03T06:11:17.981+0000] {dag.py:3947} INFO - Setting next_dagrun for example_complex to None, run_after=None
[2026-06-03T06:11:17.995+0000] {processor.py:183} INFO - Processing /home/airflow/.local/lib/python3.12/site-packages/airflow/example_dags/example_complex.py took 0.067 seconds
[2026-06-03T06:11:48.356+0000] {processor.py:161} INFO - Started process (PID=1061) to work on /home/airflow/.local/lib/python3.12/site-packages/airflow/example_dags/example_complex.py
[2026-06-03T06:11:48.356+0000] {processor.py:830} INFO - Processing file /home/airflow/.local/lib/python3.12/site-packages/airflow/example_dags/example_complex.py for tasks to queue
[2026-06-03T06:11:48.358+0000] {logging_mixin.py:188} INFO - [2026-06-03T06:11:48.357+0000] {dagbag.py:545} INFO - Filling up the DagBag from /home/airflow/.local/lib/python3.12/site-packages/airflow/example_dags/example_complex.py
[2026-06-03T06:11:48.366+0000] {processor.py:840} INFO - DAG(s) 'example_complex' retrieved from /home/airflow/.local/lib/python3.12/site-packages/airflow/example_dags/example_complex.py
[2026-06-03T06:11:48.392+0000] {logging_mixin.py:188} INFO - [2026-06-03T06:11:48.392+0000] {dag.py:3089} INFO - Sync 1 DAGs
[2026-06-03T06:11:48.402+0000] {logging_mixin.py:188} INFO - [2026-06-03T06:11:48.402+0000] {dag.py:3947} INFO - Setting next_dagrun for example_complex to None, run_after=None
[2026-06-03T06:11:48.417+0000] {processor.py:183} INFO - Processing /home/airflow/.local/lib/python3.12/site-packages/airflow/example_dags/example_complex.py took 0.066 seconds
[2026-06-03T06:12:18.690+0000] {processor.py:161} INFO - Started process (PID=1119) to work on /home/airflow/.local/lib/python3.12/site-packages/airflow/example_dags/example_complex.py
[2026-06-03T06:12:18.691+0000] {processor.py:830} INFO - Processing file /home/airflow/.local/lib/python3.12/site-packages/airflow/example_dags/example_complex.py for tasks to queue
[2026-06-03T06:12:18.693+0000] {logging_mixin.py:188} INFO - [2026-06-03T06:12:18.692+0000] {dagbag.py:545} INFO - Filling up the DagBag from /home/airflow/.local/lib/python3.12/site-packages/airflow/example_dags/example_complex.py
[2026-06-03T06:12:18.701+0000] {processor.py:840} INFO - DAG(s) 'example_complex' retrieved from /home/airflow/.local/lib/python3.12/site-packages/airflow/example_dags/example_complex.py
[2026-06-03T06:12:18.727+0000] {logging_mixin.py:188} INFO - [2026-06-03T06:12:18.727+0000] {dag.py:3089} INFO - Sync 1 DAGs
[2026-06-03T06:12:18.737+0000] {logging_mixin.py:188} INFO - [2026-06-03T06:12:18.737+0000] {dag.py:3947} INFO - Setting next_dagrun for example_complex to None, run_after=None
[2026-06-03T06:12:18.752+0000] {processor.py:183} INFO - Processing /home/airflow/.local/lib/python3.12/site-packages/airflow/example_dags/example_complex.py took 0.066 seconds
[2026-06-03T06:12:49.047+0000] {processor.py:161} INFO - Started process (PID=1177) to work on /home/airflow/.local/lib/python3.12/site-packages/airflow/example_dags/example_complex.py
[2026-06-03T06:12:49.048+0000] {processor.py:830} INFO - Processing file /home/airflow/.local/lib/python3.12/site-packages/airflow/example_dags/example_complex.py for tasks to queue
[2026-06-03T06:12:49.049+0000] {logging_mixin.py:188} INFO - [2026-06-03T06:12:49.049+0000] {dagbag.py:545} INFO - Filling up the DagBag from /home/airflow/.local/lib/python3.12/site-packages/airflow/example_dags/example_complex.py
[2026-06-03T06:12:49.058+0000] {processor.py:840} INFO - DAG(s) 'example_complex' retrieved from /home/airflow/.local/lib/python3.12/site-packages/airflow/example_dags/example_complex.py
[2026-06-03T06:12:49.084+0000] {logging_mixin.py:188} INFO - [2026-06-03T06:12:49.083+0000] {dag.py:3089} INFO - Sync 1 DAGs
[2026-06-03T06:12:49.093+0000] {logging_mixin.py:188} INFO - [2026-06-03T06:12:49.093+0000] {dag.py:3947} INFO - Setting next_dagrun for example_complex to None, run_after=None
[2026-06-03T06:12:49.108+0000] {processor.py:183} INFO - Processing /home/airflow/.local/lib/python3.12/site-packages/airflow/example_dags/example_complex.py took 0.065 seconds
[2026-06-03T06:13:19.286+0000] {processor.py:161} INFO - Started process (PID=1235) to work on /home/airflow/.local/lib/python3.12/site-packages/airflow/example_dags/example_complex.py
[2026-06-03T06:13:19.286+0000] {processor.py:830} INFO - Processing file /home/airflow/.local/lib/python3.12/site-packages/airflow/example_dags/example_complex.py for tasks to queue
[2026-06-03T06:13:19.288+0000] {logging_mixin.py:188} INFO - [2026-06-03T06:13:19.287+0000] {dagbag.py:545} INFO - Filling up the DagBag from /home/airflow/.local/lib/python3.12/site-packages/airflow/example_dags/example_complex.py
[2026-06-03T06:13:19.297+0000] {processor.py:840} INFO - DAG(s) 'example_complex' retrieved from /home/airflow/.local/lib/python3.12/site-packages/airflow/example_dags/example_complex.py
[2026-06-03T06:13:19.324+0000] {logging_mixin.py:188} INFO - [2026-06-03T06:13:19.324+0000] {dag.py:3089} INFO - Sync 1 DAGs
[2026-06-03T06:13:19.335+0000] {logging_mixin.py:188} INFO - [2026-06-03T06:13:19.335+0000] {dag.py:3947} INFO - Setting next_dagrun for example_complex to None, run_after=None
[2026-06-03T06:13:19.350+0000] {processor.py:183} INFO - Processing /home/airflow/.local/lib/python3.12/site-packages/airflow/example_dags/example_complex.py took 0.069 seconds
[2026-06-03T06:13:49.494+0000] {processor.py:161} INFO - Started process (PID=1293) to work on /home/airflow/.local/lib/python3.12/site-packages/airflow/example_dags/example_complex.py
[2026-06-03T06:13:49.494+0000] {processor.py:830} INFO - Processing file /home/airflow/.local/lib/python3.12/site-packages/airflow/example_dags/example_complex.py for tasks to queue
[2026-06-03T06:13:49.496+0000] {logging_mixin.py:188} INFO - [2026-06-03T06:13:49.495+0000] {dagbag.py:545} INFO - Filling up the DagBag from /home/airflow/.local/lib/python3.12/site-packages/airflow/example_dags/example_complex.py
[2026-06-03T06:13:49.504+0000] {processor.py:840} INFO - DAG(s) 'example_complex' retrieved from /home/airflow/.local/lib/python3.12/site-packages/airflow/example_dags/example_complex.py
[2026-06-03T06:13:49.531+0000] {logging_mixin.py:188} INFO - [2026-06-03T06:13:49.531+0000] {dag.py:3089} INFO - Sync 1 DAGs
[2026-06-03T06:13:49.541+0000] {logging_mixin.py:188} INFO - [2026-06-03T06:13:49.541+0000] {dag.py:3947} INFO - Setting next_dagrun for example_complex to None, run_after=None
[2026-06-03T06:13:49.556+0000] {processor.py:183} INFO - Processing /home/airflow/.local/lib/python3.12/site-packages/airflow/example_dags/example_complex.py took 0.066 seconds
[2026-06-03T06:14:19.865+0000] {processor.py:161} INFO - Started process (PID=1351) to work on /home/airflow/.local/lib/python3.12/site-packages/airflow/example_dags/example_complex.py
[2026-06-03T06:14:19.866+0000] {processor.py:830} INFO - Processing file /home/airflow/.local/lib/python3.12/site-packages/airflow/example_dags/example_complex.py for tasks to queue
[2026-06-03T06:14:19.867+0000] {logging_mixin.py:188} INFO - [2026-06-03T06:14:19.867+0000] {dagbag.py:545} INFO - Filling up the DagBag from /home/airflow/.local/lib/python3.12/site-packages/airflow/example_dags/example_complex.py
[2026-06-03T06:14:19.876+0000] {processor.py:840} INFO - DAG(s) 'example_complex' retrieved from /home/airflow/.local/lib/python3.12/site-packages/airflow/example_dags/example_complex.py
[2026-06-03T06:14:19.901+0000] {logging_mixin.py:188} INFO - [2026-06-03T06:14:19.901+0000] {dag.py:3089} INFO - Sync 1 DAGs
[2026-06-03T06:14:19.912+0000] {logging_mixin.py:188} INFO - [2026-06-03T06:14:19.911+0000] {dag.py:3947} INFO - Setting next_dagrun for example_complex to None, run_after=None
[2026-06-03T06:14:19.926+0000] {processor.py:183} INFO - Processing /home/airflow/.local/lib/python3.12/site-packages/airflow/example_dags/example_complex.py took 0.065 seconds
[2026-06-03T06:14:50.251+0000] {processor.py:161} INFO - Started process (PID=1409) to work on /home/airflow/.local/lib/python3.12/site-packages/airflow/example_dags/example_complex.py
[2026-06-03T06:14:50.252+0000] {processor.py:830} INFO - Processing file /home/airflow/.local/lib/python3.12/site-packages/airflow/example_dags/example_complex.py for tasks to queue
[2026-06-03T06:14:50.253+0000] {logging_mixin.py:188} INFO - [2026-06-03T06:14:50.253+0000] {dagbag.py:545} INFO - Filling up the DagBag from /home/airflow/.local/lib/python3.12/site-packages/airflow/example_dags/example_complex.py
[2026-06-03T06:14:50.262+0000] {processor.py:840} INFO - DAG(s) 'example_complex' retrieved from /home/airflow/.local/lib/python3.12/site-packages/airflow/example_dags/example_complex.py
[2026-06-03T06:14:50.291+0000] {logging_mixin.py:188} INFO - [2026-06-03T06:14:50.290+0000] {dag.py:3089} INFO - Sync 1 DAGs
[2026-06-03T06:14:50.301+0000] {logging_mixin.py:188} INFO - [2026-06-03T06:14:50.301+0000] {dag.py:3947} INFO - Setting next_dagrun for example_complex to None, run_after=None
[2026-06-03T06:14:50.316+0000] {processor.py:183} INFO - Processing /home/airflow/.local/lib/python3.12/site-packages/airflow/example_dags/example_complex.py took 0.070 seconds
[2026-06-03T06:15:20.446+0000] {processor.py:161} INFO - Started process (PID=1467) to work on /home/airflow/.local/lib/python3.12/site-packages/airflow/example_dags/example_complex.py
[2026-06-03T06:15:20.447+0000] {processor.py:830} INFO - Processing file /home/airflow/.local/lib/python3.12/site-packages/airflow/example_dags/example_complex.py for tasks to queue
[2026-06-03T06:15:20.448+0000] {logging_mixin.py:188} INFO - [2026-06-03T06:15:20.448+0000] {dagbag.py:545} INFO - Filling up the DagBag from /home/airflow/.local/lib/python3.12/site-packages/airflow/example_dags/example_complex.py
[2026-06-03T06:15:20.457+0000] {processor.py:840} INFO - DAG(s) 'example_complex' retrieved from /home/airflow/.local/lib/python3.12/site-packages/airflow/example_dags/example_complex.py
[2026-06-03T06:15:20.484+0000] {logging_mixin.py:188} INFO - [2026-06-03T06:15:20.484+0000] {dag.py:3089} INFO - Sync 1 DAGs
[2026-06-03T06:15:20.495+0000] {logging_mixin.py:188} INFO - [2026-06-03T06:15:20.495+0000] {dag.py:3947} INFO - Setting next_dagrun for example_complex to None, run_after=None
[2026-06-03T06:15:20.511+0000] {processor.py:183} INFO - Processing /home/airflow/.local/lib/python3.12/site-packages/airflow/example_dags/example_complex.py took 0.070 seconds
[2026-06-03T06:15:50.913+0000] {processor.py:161} INFO - Started process (PID=1525) to work on /home/airflow/.local/lib/python3.12/site-packages/airflow/example_dags/example_complex.py
[2026-06-03T06:15:50.914+0000] {processor.py:830} INFO - Processing file /home/airflow/.local/lib/python3.12/site-packages/airflow/example_dags/example_complex.py for tasks to queue
[2026-06-03T06:15:50.915+0000] {logging_mixin.py:188} INFO - [2026-06-03T06:15:50.915+0000] {dagbag.py:545} INFO - Filling up the DagBag from /home/airflow/.local/lib/python3.12/site-packages/airflow/example_dags/example_complex.py
[2026-06-03T06:15:50.924+0000] {processor.py:840} INFO - DAG(s) 'example_complex' retrieved from /home/airflow/.local/lib/python3.12/site-packages/airflow/example_dags/example_complex.py
[2026-06-03T06:15:50.950+0000] {logging_mixin.py:188} INFO - [2026-06-03T06:15:50.949+0000] {dag.py:3089} INFO - Sync 1 DAGs
[2026-06-03T06:15:50.960+0000] {logging_mixin.py:188} INFO - [2026-06-03T06:15:50.960+0000] {dag.py:3947} INFO - Setting next_dagrun for example_complex to None, run_after=None
[2026-06-03T06:15:50.975+0000] {processor.py:183} INFO - Processing /home/airflow/.local/lib/python3.12/site-packages/airflow/example_dags/example_complex.py took 0.066 seconds
[2026-06-03T06:16:21.273+0000] {processor.py:161} INFO - Started process (PID=1583) to work on /home/airflow/.local/lib/python3.12/site-packages/airflow/example_dags/example_complex.py
[2026-06-03T06:16:21.274+0000] {processor.py:830} INFO - Processing file /home/airflow/.local/lib/python3.12/site-packages/airflow/example_dags/example_complex.py for tasks to queue
[2026-06-03T06:16:21.275+0000] {logging_mixin.py:188} INFO - [2026-06-03T06:16:21.275+0000] {dagbag.py:545} INFO - Filling up the DagBag from /home/airflow/.local/lib/python3.12/site-packages/airflow/example_dags/example_complex.py
[2026-06-03T06:16:21.284+0000] {processor.py:840} INFO - DAG(s) 'example_complex' retrieved from /home/airflow/.local/lib/python3.12/site-packages/airflow/example_dags/example_complex.py
[2026-06-03T06:16:21.310+0000] {logging_mixin.py:188} INFO - [2026-06-03T06:16:21.310+0000] {dag.py:3089} INFO - Sync 1 DAGs
[2026-06-03T06:16:21.320+0000] {logging_mixin.py:188} INFO - [2026-06-03T06:16:21.320+0000] {dag.py:3947} INFO - Setting next_dagrun for example_complex to None, run_after=None
[2026-06-03T06:16:21.334+0000] {processor.py:183} INFO - Processing /home/airflow/.local/lib/python3.12/site-packages/airflow/example_dags/example_complex.py took 0.065 seconds
[2026-06-03T06:16:51.666+0000] {processor.py:161} INFO - Started process (PID=1640) to work on /home/airflow/.local/lib/python3.12/site-packages/airflow/example_dags/example_complex.py
[2026-06-03T06:16:51.667+0000] {processor.py:830} INFO - Processing file /home/airflow/.local/lib/python3.12/site-packages/airflow/example_dags/example_complex.py for tasks to queue
[2026-06-03T06:16:51.668+0000] {logging_mixin.py:188} INFO - [2026-06-03T06:16:51.668+0000] {dagbag.py:545} INFO - Filling up the DagBag from /home/airflow/.local/lib/python3.12/site-packages/airflow/example_dags/example_complex.py
[2026-06-03T06:16:51.677+0000] {processor.py:840} INFO - DAG(s) 'example_complex' retrieved from /home/airflow/.local/lib/python3.12/site-packages/airflow/example_dags/example_complex.py
[2026-06-03T06:16:51.703+0000] {logging_mixin.py:188} INFO - [2026-06-03T06:16:51.702+0000] {dag.py:3089} INFO - Sync 1 DAGs
[2026-06-03T06:16:51.712+0000] {logging_mixin.py:188} INFO - [2026-06-03T06:16:51.712+0000] {dag.py:3947} INFO - Setting next_dagrun for example_complex to None, run_after=None
[2026-06-03T06:16:51.727+0000] {processor.py:183} INFO - Processing /home/airflow/.local/lib/python3.12/site-packages/airflow/example_dags/example_complex.py took 0.065 seconds
[2026-06-03T06:17:22.794+0000] {processor.py:161} INFO - Started process (PID=1698) to work on /home/airflow/.local/lib/python3.12/site-packages/airflow/example_dags/example_complex.py
[2026-06-03T06:17:22.795+0000] {processor.py:830} INFO - Processing file /home/airflow/.local/lib/python3.12/site-packages/airflow/example_dags/example_complex.py for tasks to queue
[2026-06-03T06:17:22.796+0000] {logging_mixin.py:188} INFO - [2026-06-03T06:17:22.796+0000] {dagbag.py:545} INFO - Filling up the DagBag from /home/airflow/.local/lib/python3.12/site-packages/airflow/example_dags/example_complex.py
[2026-06-03T06:17:22.805+0000] {processor.py:840} INFO - DAG(s) 'example_complex' retrieved from /home/airflow/.local/lib/python3.12/site-packages/airflow/example_dags/example_complex.py
[2026-06-03T06:17:22.831+0000] {logging_mixin.py:188} INFO - [2026-06-03T06:17:22.830+0000] {dag.py:3089} INFO - Sync 1 DAGs
[2026-06-03T06:17:22.841+0000] {logging_mixin.py:188} INFO - [2026-06-03T06:17:22.840+0000] {dag.py:3947} INFO - Setting next_dagrun for example_complex to None, run_after=None
[2026-06-03T06:17:22.855+0000] {processor.py:183} INFO - Processing /home/airflow/.local/lib/python3.12/site-packages/airflow/example_dags/example_complex.py took 0.066 seconds
[2026-06-03T06:17:53.906+0000] {processor.py:161} INFO - Started process (PID=1755) to work on /home/airflow/.local/lib/python3.12/site-packages/airflow/example_dags/example_complex.py
[2026-06-03T06:17:53.906+0000] {processor.py:830} INFO - Processing file /home/airflow/.local/lib/python3.12/site-packages/airflow/example_dags/example_complex.py for tasks to queue
[2026-06-03T06:17:53.908+0000] {logging_mixin.py:188} INFO - [2026-06-03T06:17:53.907+0000] {dagbag.py:545} INFO - Filling up the DagBag from /home/airflow/.local/lib/python3.12/site-packages/airflow/example_dags/example_complex.py
[2026-06-03T06:17:53.917+0000] {processor.py:840} INFO - DAG(s) 'example_complex' retrieved from /home/airflow/.local/lib/python3.12/site-packages/airflow/example_dags/example_complex.py
[2026-06-03T06:17:53.944+0000] {logging_mixin.py:188} INFO - [2026-06-03T06:17:53.943+0000] {dag.py:3089} INFO - Sync 1 DAGs
[2026-06-03T06:17:54.070+0000] {logging_mixin.py:188} INFO - [2026-06-03T06:17:54.070+0000] {dag.py:3947} INFO - Setting next_dagrun for example_complex to None, run_after=None
[2026-06-03T06:17:54.084+0000] {processor.py:183} INFO - Processing /home/airflow/.local/lib/python3.12/site-packages/airflow/example_dags/example_complex.py took 0.183 seconds
[2026-06-03T06:18:24.720+0000] {processor.py:161} INFO - Started process (PID=1813) to work on /home/airflow/.local/lib/python3.12/site-packages/airflow/example_dags/example_complex.py
[2026-06-03T06:18:24.721+0000] {processor.py:830} INFO - Processing file /home/airflow/.local/lib/python3.12/site-packages/airflow/example_dags/example_complex.py for tasks to queue
[2026-06-03T06:18:24.723+0000] {logging_mixin.py:188} INFO - [2026-06-03T06:18:24.722+0000] {dagbag.py:545} INFO - Filling up the DagBag from /home/airflow/.local/lib/python3.12/site-packages/airflow/example_dags/example_complex.py
[2026-06-03T06:18:24.731+0000] {processor.py:840} INFO - DAG(s) 'example_complex' retrieved from /home/airflow/.local/lib/python3.12/site-packages/airflow/example_dags/example_complex.py
[2026-06-03T06:18:24.757+0000] {logging_mixin.py:188} INFO - [2026-06-03T06:18:24.757+0000] {dag.py:3089} INFO - Sync 1 DAGs
[2026-06-03T06:18:24.767+0000] {logging_mixin.py:188} INFO - [2026-06-03T06:18:24.767+0000] {dag.py:3947} INFO - Setting next_dagrun for example_complex to None, run_after=None
[2026-06-03T06:18:24.783+0000] {processor.py:183} INFO - Processing /home/airflow/.local/lib/python3.12/site-packages/airflow/example_dags/example_complex.py took 0.067 seconds
[2026-06-03T06:18:54.885+0000] {processor.py:161} INFO - Started process (PID=1871) to work on /home/airflow/.local/lib/python3.12/site-packages/airflow/example_dags/example_complex.py
[2026-06-03T06:18:54.886+0000] {processor.py:830} INFO - Processing file /home/airflow/.local/lib/python3.12/site-packages/airflow/example_dags/example_complex.py for tasks to queue
[2026-06-03T06:18:54.887+0000] {logging_mixin.py:188} INFO - [2026-06-03T06:18:54.887+0000] {dagbag.py:545} INFO - Filling up the DagBag from /home/airflow/.local/lib/python3.12/site-packages/airflow/example_dags/example_complex.py
[2026-06-03T06:18:54.896+0000] {processor.py:840} INFO - DAG(s) 'example_complex' retrieved from /home/airflow/.local/lib/python3.12/site-packages/airflow/example_dags/example_complex.py
[2026-06-03T06:18:54.923+0000] {logging_mixin.py:188} INFO - [2026-06-03T06:18:54.922+0000] {dag.py:3089} INFO - Sync 1 DAGs
[2026-06-03T06:18:54.933+0000] {logging_mixin.py:188} INFO - [2026-06-03T06:18:54.933+0000] {dag.py:3947} INFO - Setting next_dagrun for example_complex to None, run_after=None
[2026-06-03T06:18:54.948+0000] {processor.py:183} INFO - Processing /home/airflow/.local/lib/python3.12/site-packages/airflow/example_dags/example_complex.py took 0.067 seconds
[2026-06-03T06:19:25.834+0000] {processor.py:161} INFO - Started process (PID=1929) to work on /home/airflow/.local/lib/python3.12/site-packages/airflow/example_dags/example_complex.py
[2026-06-03T06:19:25.835+0000] {processor.py:830} INFO - Processing file /home/airflow/.local/lib/python3.12/site-packages/airflow/example_dags/example_complex.py for tasks to queue
[2026-06-03T06:19:25.836+0000] {logging_mixin.py:188} INFO - [2026-06-03T06:19:25.836+0000] {dagbag.py:545} INFO - Filling up the DagBag from /home/airflow/.local/lib/python3.12/site-packages/airflow/example_dags/example_complex.py
[2026-06-03T06:19:25.845+0000] {processor.py:840} INFO - DAG(s) 'example_complex' retrieved from /home/airflow/.local/lib/python3.12/site-packages/airflow/example_dags/example_complex.py
[2026-06-03T06:19:25.872+0000] {logging_mixin.py:188} INFO - [2026-06-03T06:19:25.871+0000] {dag.py:3089} INFO - Sync 1 DAGs
[2026-06-03T06:19:25.882+0000] {logging_mixin.py:188} INFO - [2026-06-03T06:19:25.882+0000] {dag.py:3947} INFO - Setting next_dagrun for example_complex to None, run_after=None
[2026-06-03T06:19:25.896+0000] {processor.py:183} INFO - Processing /home/airflow/.local/lib/python3.12/site-packages/airflow/example_dags/example_complex.py took 0.067 seconds
[2026-06-03T06:19:57.050+0000] {processor.py:161} INFO - Started process (PID=1987) to work on /home/airflow/.local/lib/python3.12/site-packages/airflow/example_dags/example_complex.py
[2026-06-03T06:19:57.051+0000] {processor.py:830} INFO - Processing file /home/airflow/.local/lib/python3.12/site-packages/airflow/example_dags/example_complex.py for tasks to queue
[2026-06-03T06:19:57.052+0000] {logging_mixin.py:188} INFO - [2026-06-03T06:19:57.052+0000] {dagbag.py:545} INFO - Filling up the DagBag from /home/airflow/.local/lib/python3.12/site-packages/airflow/example_dags/example_complex.py
[2026-06-03T06:19:57.180+0000] {processor.py:840} INFO - DAG(s) 'example_complex' retrieved from /home/airflow/.local/lib/python3.12/site-packages/airflow/example_dags/example_complex.py
[2026-06-03T06:19:57.204+0000] {logging_mixin.py:188} INFO - [2026-06-03T06:19:57.204+0000] {dag.py:3089} INFO - Sync 1 DAGs
[2026-06-03T06:19:57.213+0000] {logging_mixin.py:188} INFO - [2026-06-03T06:19:57.213+0000] {dag.py:3947} INFO - Setting next_dagrun for example_complex to None, run_after=None
[2026-06-03T06:19:57.228+0000] {processor.py:183} INFO - Processing /home/airflow/.local/lib/python3.12/site-packages/airflow/example_dags/example_complex.py took 0.183 seconds
[2026-06-03T06:20:27.646+0000] {processor.py:161} INFO - Started process (PID=2045) to work on /home/airflow/.local/lib/python3.12/site-packages/airflow/example_dags/example_complex.py
[2026-06-03T06:20:27.647+0000] {processor.py:830} INFO - Processing file /home/airflow/.local/lib/python3.12/site-packages/airflow/example_dags/example_complex.py for tasks to queue
[2026-06-03T06:20:27.648+0000] {logging_mixin.py:188} INFO - [2026-06-03T06:20:27.648+0000] {dagbag.py:545} INFO - Filling up the DagBag from /home/airflow/.local/lib/python3.12/site-packages/airflow/example_dags/example_complex.py
[2026-06-03T06:20:27.657+0000] {processor.py:840} INFO - DAG(s) 'example_complex' retrieved from /home/airflow/.local/lib/python3.12/site-packages/airflow/example_dags/example_complex.py
[2026-06-03T06:20:27.684+0000] {logging_mixin.py:188} INFO - [2026-06-03T06:20:27.684+0000] {dag.py:3089} INFO - Sync 1 DAGs
[2026-06-03T06:20:27.695+0000] {logging_mixin.py:188} INFO - [2026-06-03T06:20:27.694+0000] {dag.py:3947} INFO - Setting next_dagrun for example_complex to None, run_after=None
[2026-06-03T06:20:27.710+0000] {processor.py:183} INFO - Processing /home/airflow/.local/lib/python3.12/site-packages/airflow/example_dags/example_complex.py took 0.069 seconds
[2026-06-03T06:20:57.965+0000] {processor.py:161} INFO - Started process (PID=2103) to work on /home/airflow/.local/lib/python3.12/site-packages/airflow/example_dags/example_complex.py
[2026-06-03T06:20:57.967+0000] {processor.py:830} INFO - Processing file /home/airflow/.local/lib/python3.12/site-packages/airflow/example_dags/example_complex.py for tasks to queue
[2026-06-03T06:20:57.968+0000] {logging_mixin.py:188} INFO - [2026-06-03T06:20:57.968+0000] {dagbag.py:545} INFO - Filling up the DagBag from /home/airflow/.local/lib/python3.12/site-packages/airflow/example_dags/example_complex.py
[2026-06-03T06:20:57.976+0000] {processor.py:840} INFO - DAG(s) 'example_complex' retrieved from /home/airflow/.local/lib/python3.12/site-packages/airflow/example_dags/example_complex.py
[2026-06-03T06:20:58.003+0000] {logging_mixin.py:188} INFO - [2026-06-03T06:20:58.003+0000] {dag.py:3089} INFO - Sync 1 DAGs
[2026-06-03T06:20:58.014+0000] {logging_mixin.py:188} INFO - [2026-06-03T06:20:58.013+0000] {dag.py:3947} INFO - Setting next_dagrun for example_complex to None, run_after=None
[2026-06-03T06:20:58.028+0000] {processor.py:183} INFO - Processing /home/airflow/.local/lib/python3.12/site-packages/airflow/example_dags/example_complex.py took 0.067 seconds
[2026-06-03T06:21:28.322+0000] {processor.py:161} INFO - Started process (PID=2161) to work on /home/airflow/.local/lib/python3.12/site-packages/airflow/example_dags/example_complex.py
[2026-06-03T06:21:28.323+0000] {processor.py:830} INFO - Processing file /home/airflow/.local/lib/python3.12/site-packages/airflow/example_dags/example_complex.py for tasks to queue
[2026-06-03T06:21:28.324+0000] {logging_mixin.py:188} INFO - [2026-06-03T06:21:28.324+0000] {dagbag.py:545} INFO - Filling up the DagBag from /home/airflow/.local/lib/python3.12/site-packages/airflow/example_dags/example_complex.py
[2026-06-03T06:21:28.332+0000] {processor.py:840} INFO - DAG(s) 'example_complex' retrieved from /home/airflow/.local/lib/python3.12/site-packages/airflow/example_dags/example_complex.py
[2026-06-03T06:21:28.359+0000] {logging_mixin.py:188} INFO - [2026-06-03T06:21:28.359+0000] {dag.py:3089} INFO - Sync 1 DAGs
[2026-06-03T06:21:28.369+0000] {logging_mixin.py:188} INFO - [2026-06-03T06:21:28.369+0000] {dag.py:3947} INFO - Setting next_dagrun for example_complex to None, run_after=None
[2026-06-03T06:21:28.387+0000] {processor.py:183} INFO - Processing /home/airflow/.local/lib/python3.12/site-packages/airflow/example_dags/example_complex.py took 0.070 seconds
[2026-06-03T06:21:58.963+0000] {processor.py:161} INFO - Started process (PID=2219) to work on /home/airflow/.local/lib/python3.12/site-packages/airflow/example_dags/example_complex.py
[2026-06-03T06:21:58.964+0000] {processor.py:830} INFO - Processing file /home/airflow/.local/lib/python3.12/site-packages/airflow/example_dags/example_complex.py for tasks to queue
[2026-06-03T06:21:58.965+0000] {logging_mixin.py:188} INFO - [2026-06-03T06:21:58.965+0000] {dagbag.py:545} INFO - Filling up the DagBag from /home/airflow/.local/lib/python3.12/site-packages/airflow/example_dags/example_complex.py
[2026-06-03T06:21:58.975+0000] {processor.py:840} INFO - DAG(s) 'example_complex' retrieved from /home/airflow/.local/lib/python3.12/site-packages/airflow/example_dags/example_complex.py
[2026-06-03T06:21:59.002+0000] {logging_mixin.py:188} INFO - [2026-06-03T06:21:59.002+0000] {dag.py:3089} INFO - Sync 1 DAGs
[2026-06-03T06:21:59.013+0000] {logging_mixin.py:188} INFO - [2026-06-03T06:21:59.013+0000] {dag.py:3947} INFO - Setting next_dagrun for example_complex to None, run_after=None
[2026-06-03T06:21:59.030+0000] {processor.py:183} INFO - Processing /home/airflow/.local/lib/python3.12/site-packages/airflow/example_dags/example_complex.py took 0.073 seconds
[2026-06-03T06:22:39.015+0000] {processor.py:161} INFO - Started process (PID=2278) to work on /home/airflow/.local/lib/python3.12/site-packages/airflow/example_dags/example_complex.py
[2026-06-03T06:22:39.021+0000] {processor.py:830} INFO - Processing file /home/airflow/.local/lib/python3.12/site-packages/airflow/example_dags/example_complex.py for tasks to queue
[2026-06-03T06:22:39.023+0000] {logging_mixin.py:188} INFO - [2026-06-03T06:22:39.022+0000] {dagbag.py:545} INFO - Filling up the DagBag from /home/airflow/.local/lib/python3.12/site-packages/airflow/example_dags/example_complex.py
[2026-06-03T06:22:39.032+0000] {processor.py:840} INFO - DAG(s) 'example_complex' retrieved from /home/airflow/.local/lib/python3.12/site-packages/airflow/example_dags/example_complex.py
[2026-06-03T06:22:39.061+0000] {logging_mixin.py:188} INFO - [2026-06-03T06:22:39.061+0000] {dag.py:3089} INFO - Sync 1 DAGs
[2026-06-03T06:22:39.072+0000] {logging_mixin.py:188} INFO - [2026-06-03T06:22:39.072+0000] {dag.py:3947} INFO - Setting next_dagrun for example_complex to None, run_after=None
[2026-06-03T06:22:39.095+0000] {processor.py:183} INFO - Processing /home/airflow/.local/lib/python3.12/site-packages/airflow/example_dags/example_complex.py took 0.085 seconds
[2026-06-03T06:23:09.318+0000] {processor.py:161} INFO - Started process (PID=2336) to work on /home/airflow/.local/lib/python3.12/site-packages/airflow/example_dags/example_complex.py
[2026-06-03T06:23:09.319+0000] {processor.py:830} INFO - Processing file /home/airflow/.local/lib/python3.12/site-packages/airflow/example_dags/example_complex.py for tasks to queue
[2026-06-03T06:23:09.320+0000] {logging_mixin.py:188} INFO - [2026-06-03T06:23:09.320+0000] {dagbag.py:545} INFO - Filling up the DagBag from /home/airflow/.local/lib/python3.12/site-packages/airflow/example_dags/example_complex.py
[2026-06-03T06:23:09.329+0000] {processor.py:840} INFO - DAG(s) 'example_complex' retrieved from /home/airflow/.local/lib/python3.12/site-packages/airflow/example_dags/example_complex.py
[2026-06-03T06:23:09.357+0000] {logging_mixin.py:188} INFO - [2026-06-03T06:23:09.357+0000] {dag.py:3089} INFO - Sync 1 DAGs
[2026-06-03T06:23:09.368+0000] {logging_mixin.py:188} INFO - [2026-06-03T06:23:09.368+0000] {dag.py:3947} INFO - Setting next_dagrun for example_complex to None, run_after=None
[2026-06-03T06:23:09.384+0000] {processor.py:183} INFO - Processing /home/airflow/.local/lib/python3.12/site-packages/airflow/example_dags/example_complex.py took 0.072 seconds
[2026-06-03T06:23:39.723+0000] {processor.py:161} INFO - Started process (PID=2394) to work on /home/airflow/.local/lib/python3.12/site-packages/airflow/example_dags/example_complex.py
[2026-06-03T06:23:39.723+0000] {processor.py:830} INFO - Processing file /home/airflow/.local/lib/python3.12/site-packages/airflow/example_dags/example_complex.py for tasks to queue
[2026-06-03T06:23:39.724+0000] {logging_mixin.py:188} INFO - [2026-06-03T06:23:39.724+0000] {dagbag.py:545} INFO - Filling up the DagBag from /home/airflow/.local/lib/python3.12/site-packages/airflow/example_dags/example_complex.py
[2026-06-03T06:23:39.733+0000] {processor.py:840} INFO - DAG(s) 'example_complex' retrieved from /home/airflow/.local/lib/python3.12/site-packages/airflow/example_dags/example_complex.py
[2026-06-03T06:23:39.760+0000] {logging_mixin.py:188} INFO - [2026-06-03T06:23:39.760+0000] {dag.py:3089} INFO - Sync 1 DAGs
[2026-06-03T06:23:39.771+0000] {logging_mixin.py:188} INFO - [2026-06-03T06:23:39.771+0000] {dag.py:3947} INFO - Setting next_dagrun for example_complex to None, run_after=None
[2026-06-03T06:23:39.787+0000] {processor.py:183} INFO - Processing /home/airflow/.local/lib/python3.12/site-packages/airflow/example_dags/example_complex.py took 0.069 seconds
[2026-06-03T06:24:10.209+0000] {processor.py:161} INFO - Started process (PID=2452) to work on /home/airflow/.local/lib/python3.12/site-packages/airflow/example_dags/example_complex.py
[2026-06-03T06:24:10.210+0000] {processor.py:830} INFO - Processing file /home/airflow/.local/lib/python3.12/site-packages/airflow/example_dags/example_complex.py for tasks to queue
[2026-06-03T06:24:10.211+0000] {logging_mixin.py:188} INFO - [2026-06-03T06:24:10.211+0000] {dagbag.py:545} INFO - Filling up the DagBag from /home/airflow/.local/lib/python3.12/site-packages/airflow/example_dags/example_complex.py
[2026-06-03T06:24:10.220+0000] {processor.py:840} INFO - DAG(s) 'example_complex' retrieved from /home/airflow/.local/lib/python3.12/site-packages/airflow/example_dags/example_complex.py
[2026-06-03T06:24:10.249+0000] {logging_mixin.py:188} INFO - [2026-06-03T06:24:10.249+0000] {dag.py:3089} INFO - Sync 1 DAGs
[2026-06-03T06:24:10.259+0000] {logging_mixin.py:188} INFO - [2026-06-03T06:24:10.259+0000] {dag.py:3947} INFO - Setting next_dagrun for example_complex to None, run_after=None
[2026-06-03T06:24:10.277+0000] {processor.py:183} INFO - Processing /home/airflow/.local/lib/python3.12/site-packages/airflow/example_dags/example_complex.py took 0.074 seconds
[2026-06-03T06:24:40.717+0000] {processor.py:161} INFO - Started process (PID=2510) to work on /home/airflow/.local/lib/python3.12/site-packages/airflow/example_dags/example_complex.py
[2026-06-03T06:24:40.717+0000] {processor.py:830} INFO - Processing file /home/airflow/.local/lib/python3.12/site-packages/airflow/example_dags/example_complex.py for tasks to queue
[2026-06-03T06:24:40.719+0000] {logging_mixin.py:188} INFO - [2026-06-03T06:24:40.718+0000] {dagbag.py:545} INFO - Filling up the DagBag from /home/airflow/.local/lib/python3.12/site-packages/airflow/example_dags/example_complex.py
[2026-06-03T06:24:40.727+0000] {processor.py:840} INFO - DAG(s) 'example_complex' retrieved from /home/airflow/.local/lib/python3.12/site-packages/airflow/example_dags/example_complex.py
[2026-06-03T06:24:40.754+0000] {logging_mixin.py:188} INFO - [2026-06-03T06:24:40.754+0000] {dag.py:3089} INFO - Sync 1 DAGs
[2026-06-03T06:24:40.764+0000] {logging_mixin.py:188} INFO - [2026-06-03T06:24:40.764+0000] {dag.py:3947} INFO - Setting next_dagrun for example_complex to None, run_after=None
[2026-06-03T06:24:40.780+0000] {processor.py:183} INFO - Processing /home/airflow/.local/lib/python3.12/site-packages/airflow/example_dags/example_complex.py took 0.067 seconds
[2026-06-03T06:25:11.161+0000] {processor.py:161} INFO - Started process (PID=2568) to work on /home/airflow/.local/lib/python3.12/site-packages/airflow/example_dags/example_complex.py
[2026-06-03T06:25:11.162+0000] {processor.py:830} INFO - Processing file /home/airflow/.local/lib/python3.12/site-packages/airflow/example_dags/example_complex.py for tasks to queue
[2026-06-03T06:25:11.163+0000] {logging_mixin.py:188} INFO - [2026-06-03T06:25:11.163+0000] {dagbag.py:545} INFO - Filling up the DagBag from /home/airflow/.local/lib/python3.12/site-packages/airflow/example_dags/example_complex.py
[2026-06-03T06:25:11.172+0000] {processor.py:840} INFO - DAG(s) 'example_complex' retrieved from /home/airflow/.local/lib/python3.12/site-packages/airflow/example_dags/example_complex.py
[2026-06-03T06:25:11.199+0000] {logging_mixin.py:188} INFO - [2026-06-03T06:25:11.199+0000] {dag.py:3089} INFO - Sync 1 DAGs
[2026-06-03T06:25:11.215+0000] {logging_mixin.py:188} INFO - [2026-06-03T06:25:11.215+0000] {dag.py:3947} INFO - Setting next_dagrun for example_complex to None, run_after=None
[2026-06-03T06:25:11.236+0000] {processor.py:183} INFO - Processing /home/airflow/.local/lib/python3.12/site-packages/airflow/example_dags/example_complex.py took 0.080 seconds
[2026-06-03T06:25:41.465+0000] {processor.py:161} INFO - Started process (PID=2626) to work on /home/airflow/.local/lib/python3.12/site-packages/airflow/example_dags/example_complex.py
[2026-06-03T06:25:41.466+0000] {processor.py:830} INFO - Processing file /home/airflow/.local/lib/python3.12/site-packages/airflow/example_dags/example_complex.py for tasks to queue
[2026-06-03T06:25:41.467+0000] {logging_mixin.py:188} INFO - [2026-06-03T06:25:41.467+0000] {dagbag.py:545} INFO - Filling up the DagBag from /home/airflow/.local/lib/python3.12/site-packages/airflow/example_dags/example_complex.py
[2026-06-03T06:25:41.476+0000] {processor.py:840} INFO - DAG(s) 'example_complex' retrieved from /home/airflow/.local/lib/python3.12/site-packages/airflow/example_dags/example_complex.py
[2026-06-03T06:25:41.503+0000] {logging_mixin.py:188} INFO - [2026-06-03T06:25:41.502+0000] {dag.py:3089} INFO - Sync 1 DAGs
[2026-06-03T06:25:41.513+0000] {logging_mixin.py:188} INFO - [2026-06-03T06:25:41.513+0000] {dag.py:3947} INFO - Setting next_dagrun for example_complex to None, run_after=None
[2026-06-03T06:25:41.531+0000] {processor.py:183} INFO - Processing /home/airflow/.local/lib/python3.12/site-packages/airflow/example_dags/example_complex.py took 0.070 seconds
[2026-06-03T06:26:11.879+0000] {processor.py:161} INFO - Started process (PID=2683) to work on /home/airflow/.local/lib/python3.12/site-packages/airflow/example_dags/example_complex.py
[2026-06-03T06:26:11.881+0000] {processor.py:830} INFO - Processing file /home/airflow/.local/lib/python3.12/site-packages/airflow/example_dags/example_complex.py for tasks to queue
[2026-06-03T06:26:11.882+0000] {logging_mixin.py:188} INFO - [2026-06-03T06:26:11.882+0000] {dagbag.py:545} INFO - Filling up the DagBag from /home/airflow/.local/lib/python3.12/site-packages/airflow/example_dags/example_complex.py
[2026-06-03T06:26:11.891+0000] {processor.py:840} INFO - DAG(s) 'example_complex' retrieved from /home/airflow/.local/lib/python3.12/site-packages/airflow/example_dags/example_complex.py
[2026-06-03T06:26:11.918+0000] {logging_mixin.py:188} INFO - [2026-06-03T06:26:11.918+0000] {dag.py:3089} INFO - Sync 1 DAGs
[2026-06-03T06:26:11.929+0000] {logging_mixin.py:188} INFO - [2026-06-03T06:26:11.928+0000] {dag.py:3947} INFO - Setting next_dagrun for example_complex to None, run_after=None
[2026-06-03T06:26:11.944+0000] {processor.py:183} INFO - Processing /home/airflow/.local/lib/python3.12/site-packages/airflow/example_dags/example_complex.py took 0.069 seconds
[2026-06-03T06:26:42.293+0000] {processor.py:161} INFO - Started process (PID=2741) to work on /home/airflow/.local/lib/python3.12/site-packages/airflow/example_dags/example_complex.py
[2026-06-03T06:26:42.294+0000] {processor.py:830} INFO - Processing file /home/airflow/.local/lib/python3.12/site-packages/airflow/example_dags/example_complex.py for tasks to queue
[2026-06-03T06:26:42.295+0000] {logging_mixin.py:188} INFO - [2026-06-03T06:26:42.295+0000] {dagbag.py:545} INFO - Filling up the DagBag from /home/airflow/.local/lib/python3.12/site-packages/airflow/example_dags/example_complex.py
[2026-06-03T06:26:42.304+0000] {processor.py:840} INFO - DAG(s) 'example_complex' retrieved from /home/airflow/.local/lib/python3.12/site-packages/airflow/example_dags/example_complex.py
[2026-06-03T06:26:42.332+0000] {logging_mixin.py:188} INFO - [2026-06-03T06:26:42.332+0000] {dag.py:3089} INFO - Sync 1 DAGs
[2026-06-03T06:26:42.345+0000] {logging_mixin.py:188} INFO - [2026-06-03T06:26:42.345+0000] {dag.py:3947} INFO - Setting next_dagrun for example_complex to None, run_after=None
[2026-06-03T06:26:42.408+0000] {processor.py:183} INFO - Processing /home/airflow/.local/lib/python3.12/site-packages/airflow/example_dags/example_complex.py took 0.119 seconds
