[2026-06-03T06:03:08.108+0000] {processor.py:161} INFO - Started process (PID=60) to work on /home/airflow/.local/lib/python3.12/site-packages/airflow/example_dags/example_latest_only.py
[2026-06-03T06:03:08.109+0000] {processor.py:830} INFO - Processing file /home/airflow/.local/lib/python3.12/site-packages/airflow/example_dags/example_latest_only.py for tasks to queue
[2026-06-03T06:03:08.111+0000] {logging_mixin.py:188} INFO - [2026-06-03T06:03:08.110+0000] {dagbag.py:545} INFO - Filling up the DagBag from /home/airflow/.local/lib/python3.12/site-packages/airflow/example_dags/example_latest_only.py
[2026-06-03T06:03:08.118+0000] {processor.py:840} INFO - DAG(s) 'latest_only' retrieved from /home/airflow/.local/lib/python3.12/site-packages/airflow/example_dags/example_latest_only.py
[2026-06-03T06:03:08.135+0000] {logging_mixin.py:188} INFO - [2026-06-03T06:03:08.135+0000] {dag.py:3089} INFO - Sync 1 DAGs
[2026-06-03T06:03:08.156+0000] {logging_mixin.py:188} INFO - [2026-06-03T06:03:08.156+0000] {dag.py:3947} INFO - Setting next_dagrun for latest_only to 2026-06-03 00:00:00+00:00, run_after=2026-06-03 04:00:00+00:00
[2026-06-03T06:03:08.175+0000] {processor.py:183} INFO - Processing /home/airflow/.local/lib/python3.12/site-packages/airflow/example_dags/example_latest_only.py took 0.072 seconds
[2026-06-03T06:03:38.206+0000] {processor.py:161} INFO - Started process (PID=118) to work on /home/airflow/.local/lib/python3.12/site-packages/airflow/example_dags/example_latest_only.py
[2026-06-03T06:03:38.207+0000] {processor.py:830} INFO - Processing file /home/airflow/.local/lib/python3.12/site-packages/airflow/example_dags/example_latest_only.py for tasks to queue
[2026-06-03T06:03:38.208+0000] {logging_mixin.py:188} INFO - [2026-06-03T06:03:38.208+0000] {dagbag.py:545} INFO - Filling up the DagBag from /home/airflow/.local/lib/python3.12/site-packages/airflow/example_dags/example_latest_only.py
[2026-06-03T06:03:38.211+0000] {processor.py:840} INFO - DAG(s) 'latest_only' retrieved from /home/airflow/.local/lib/python3.12/site-packages/airflow/example_dags/example_latest_only.py
[2026-06-03T06:03:38.227+0000] {logging_mixin.py:188} INFO - [2026-06-03T06:03:38.227+0000] {dag.py:3089} INFO - Sync 1 DAGs
[2026-06-03T06:03:38.245+0000] {logging_mixin.py:188} INFO - [2026-06-03T06:03:38.245+0000] {dag.py:3947} INFO - Setting next_dagrun for latest_only to 2026-06-03 00:00:00+00:00, run_after=2026-06-03 04:00:00+00:00
[2026-06-03T06:03:38.259+0000] {processor.py:183} INFO - Processing /home/airflow/.local/lib/python3.12/site-packages/airflow/example_dags/example_latest_only.py took 0.058 seconds
[2026-06-03T06:04:08.514+0000] {processor.py:161} INFO - Started process (PID=176) to work on /home/airflow/.local/lib/python3.12/site-packages/airflow/example_dags/example_latest_only.py
[2026-06-03T06:04:08.515+0000] {processor.py:830} INFO - Processing file /home/airflow/.local/lib/python3.12/site-packages/airflow/example_dags/example_latest_only.py for tasks to queue
[2026-06-03T06:04:08.516+0000] {logging_mixin.py:188} INFO - [2026-06-03T06:04:08.516+0000] {dagbag.py:545} INFO - Filling up the DagBag from /home/airflow/.local/lib/python3.12/site-packages/airflow/example_dags/example_latest_only.py
[2026-06-03T06:04:08.519+0000] {processor.py:840} INFO - DAG(s) 'latest_only' retrieved from /home/airflow/.local/lib/python3.12/site-packages/airflow/example_dags/example_latest_only.py
[2026-06-03T06:04:08.534+0000] {logging_mixin.py:188} INFO - [2026-06-03T06:04:08.533+0000] {dag.py:3089} INFO - Sync 1 DAGs
[2026-06-03T06:04:08.551+0000] {logging_mixin.py:188} INFO - [2026-06-03T06:04:08.551+0000] {dag.py:3947} INFO - Setting next_dagrun for latest_only to 2026-06-03 00:00:00+00:00, run_after=2026-06-03 04:00:00+00:00
[2026-06-03T06:04:08.565+0000] {processor.py:183} INFO - Processing /home/airflow/.local/lib/python3.12/site-packages/airflow/example_dags/example_latest_only.py took 0.055 seconds
[2026-06-03T06:04:38.739+0000] {processor.py:161} INFO - Started process (PID=234) to work on /home/airflow/.local/lib/python3.12/site-packages/airflow/example_dags/example_latest_only.py
[2026-06-03T06:04:38.740+0000] {processor.py:830} INFO - Processing file /home/airflow/.local/lib/python3.12/site-packages/airflow/example_dags/example_latest_only.py for tasks to queue
[2026-06-03T06:04:38.741+0000] {logging_mixin.py:188} INFO - [2026-06-03T06:04:38.741+0000] {dagbag.py:545} INFO - Filling up the DagBag from /home/airflow/.local/lib/python3.12/site-packages/airflow/example_dags/example_latest_only.py
[2026-06-03T06:04:38.745+0000] {processor.py:840} INFO - DAG(s) 'latest_only' retrieved from /home/airflow/.local/lib/python3.12/site-packages/airflow/example_dags/example_latest_only.py
[2026-06-03T06:04:38.760+0000] {logging_mixin.py:188} INFO - [2026-06-03T06:04:38.760+0000] {dag.py:3089} INFO - Sync 1 DAGs
[2026-06-03T06:04:38.777+0000] {logging_mixin.py:188} INFO - [2026-06-03T06:04:38.777+0000] {dag.py:3947} INFO - Setting next_dagrun for latest_only to 2026-06-03 00:00:00+00:00, run_after=2026-06-03 04:00:00+00:00
[2026-06-03T06:04:38.791+0000] {processor.py:183} INFO - Processing /home/airflow/.local/lib/python3.12/site-packages/airflow/example_dags/example_latest_only.py took 0.056 seconds
[2026-06-03T06:05:09.317+0000] {processor.py:161} INFO - Started process (PID=292) to work on /home/airflow/.local/lib/python3.12/site-packages/airflow/example_dags/example_latest_only.py
[2026-06-03T06:05:09.318+0000] {processor.py:830} INFO - Processing file /home/airflow/.local/lib/python3.12/site-packages/airflow/example_dags/example_latest_only.py for tasks to queue
[2026-06-03T06:05:09.320+0000] {logging_mixin.py:188} INFO - [2026-06-03T06:05:09.319+0000] {dagbag.py:545} INFO - Filling up the DagBag from /home/airflow/.local/lib/python3.12/site-packages/airflow/example_dags/example_latest_only.py
[2026-06-03T06:05:09.324+0000] {processor.py:840} INFO - DAG(s) 'latest_only' retrieved from /home/airflow/.local/lib/python3.12/site-packages/airflow/example_dags/example_latest_only.py
[2026-06-03T06:05:09.342+0000] {logging_mixin.py:188} INFO - [2026-06-03T06:05:09.342+0000] {dag.py:3089} INFO - Sync 1 DAGs
[2026-06-03T06:05:09.363+0000] {logging_mixin.py:188} INFO - [2026-06-03T06:05:09.363+0000] {dag.py:3947} INFO - Setting next_dagrun for latest_only to 2026-06-03 00:00:00+00:00, run_after=2026-06-03 04:00:00+00:00
[2026-06-03T06:05:09.380+0000] {processor.py:183} INFO - Processing /home/airflow/.local/lib/python3.12/site-packages/airflow/example_dags/example_latest_only.py took 0.069 seconds
[2026-06-03T06:05:39.701+0000] {processor.py:161} INFO - Started process (PID=350) to work on /home/airflow/.local/lib/python3.12/site-packages/airflow/example_dags/example_latest_only.py
[2026-06-03T06:05:39.702+0000] {processor.py:830} INFO - Processing file /home/airflow/.local/lib/python3.12/site-packages/airflow/example_dags/example_latest_only.py for tasks to queue
[2026-06-03T06:05:39.704+0000] {logging_mixin.py:188} INFO - [2026-06-03T06:05:39.703+0000] {dagbag.py:545} INFO - Filling up the DagBag from /home/airflow/.local/lib/python3.12/site-packages/airflow/example_dags/example_latest_only.py
[2026-06-03T06:05:39.708+0000] {processor.py:840} INFO - DAG(s) 'latest_only' retrieved from /home/airflow/.local/lib/python3.12/site-packages/airflow/example_dags/example_latest_only.py
[2026-06-03T06:05:39.724+0000] {logging_mixin.py:188} INFO - [2026-06-03T06:05:39.724+0000] {dag.py:3089} INFO - Sync 1 DAGs
[2026-06-03T06:05:39.744+0000] {logging_mixin.py:188} INFO - [2026-06-03T06:05:39.744+0000] {dag.py:3947} INFO - Setting next_dagrun for latest_only to 2026-06-03 00:00:00+00:00, run_after=2026-06-03 04:00:00+00:00
[2026-06-03T06:05:39.761+0000] {processor.py:183} INFO - Processing /home/airflow/.local/lib/python3.12/site-packages/airflow/example_dags/example_latest_only.py took 0.065 seconds
[2026-06-03T06:06:10.415+0000] {processor.py:161} INFO - Started process (PID=408) to work on /home/airflow/.local/lib/python3.12/site-packages/airflow/example_dags/example_latest_only.py
[2026-06-03T06:06:10.417+0000] {processor.py:830} INFO - Processing file /home/airflow/.local/lib/python3.12/site-packages/airflow/example_dags/example_latest_only.py for tasks to queue
[2026-06-03T06:06:10.419+0000] {logging_mixin.py:188} INFO - [2026-06-03T06:06:10.418+0000] {dagbag.py:545} INFO - Filling up the DagBag from /home/airflow/.local/lib/python3.12/site-packages/airflow/example_dags/example_latest_only.py
[2026-06-03T06:06:10.424+0000] {processor.py:840} INFO - DAG(s) 'latest_only' retrieved from /home/airflow/.local/lib/python3.12/site-packages/airflow/example_dags/example_latest_only.py
[2026-06-03T06:06:10.447+0000] {logging_mixin.py:188} INFO - [2026-06-03T06:06:10.447+0000] {dag.py:3089} INFO - Sync 1 DAGs
[2026-06-03T06:06:10.473+0000] {logging_mixin.py:188} INFO - [2026-06-03T06:06:10.473+0000] {dag.py:3947} INFO - Setting next_dagrun for latest_only to 2026-06-03 00:00:00+00:00, run_after=2026-06-03 04:00:00+00:00
[2026-06-03T06:06:10.494+0000] {processor.py:183} INFO - Processing /home/airflow/.local/lib/python3.12/site-packages/airflow/example_dags/example_latest_only.py took 0.084 seconds
[2026-06-03T06:06:41.285+0000] {processor.py:161} INFO - Started process (PID=466) to work on /home/airflow/.local/lib/python3.12/site-packages/airflow/example_dags/example_latest_only.py
[2026-06-03T06:06:41.286+0000] {processor.py:830} INFO - Processing file /home/airflow/.local/lib/python3.12/site-packages/airflow/example_dags/example_latest_only.py for tasks to queue
[2026-06-03T06:06:41.287+0000] {logging_mixin.py:188} INFO - [2026-06-03T06:06:41.287+0000] {dagbag.py:545} INFO - Filling up the DagBag from /home/airflow/.local/lib/python3.12/site-packages/airflow/example_dags/example_latest_only.py
[2026-06-03T06:06:41.291+0000] {processor.py:840} INFO - DAG(s) 'latest_only' retrieved from /home/airflow/.local/lib/python3.12/site-packages/airflow/example_dags/example_latest_only.py
[2026-06-03T06:06:41.306+0000] {logging_mixin.py:188} INFO - [2026-06-03T06:06:41.306+0000] {dag.py:3089} INFO - Sync 1 DAGs
[2026-06-03T06:06:41.324+0000] {logging_mixin.py:188} INFO - [2026-06-03T06:06:41.324+0000] {dag.py:3947} INFO - Setting next_dagrun for latest_only to 2026-06-03 00:00:00+00:00, run_after=2026-06-03 04:00:00+00:00
[2026-06-03T06:06:41.338+0000] {processor.py:183} INFO - Processing /home/airflow/.local/lib/python3.12/site-packages/airflow/example_dags/example_latest_only.py took 0.057 seconds
[2026-06-03T06:07:11.477+0000] {processor.py:161} INFO - Started process (PID=524) to work on /home/airflow/.local/lib/python3.12/site-packages/airflow/example_dags/example_latest_only.py
[2026-06-03T06:07:11.478+0000] {processor.py:830} INFO - Processing file /home/airflow/.local/lib/python3.12/site-packages/airflow/example_dags/example_latest_only.py for tasks to queue
[2026-06-03T06:07:11.479+0000] {logging_mixin.py:188} INFO - [2026-06-03T06:07:11.479+0000] {dagbag.py:545} INFO - Filling up the DagBag from /home/airflow/.local/lib/python3.12/site-packages/airflow/example_dags/example_latest_only.py
[2026-06-03T06:07:11.483+0000] {processor.py:840} INFO - DAG(s) 'latest_only' retrieved from /home/airflow/.local/lib/python3.12/site-packages/airflow/example_dags/example_latest_only.py
[2026-06-03T06:07:11.498+0000] {logging_mixin.py:188} INFO - [2026-06-03T06:07:11.498+0000] {dag.py:3089} INFO - Sync 1 DAGs
[2026-06-03T06:07:11.516+0000] {logging_mixin.py:188} INFO - [2026-06-03T06:07:11.516+0000] {dag.py:3947} INFO - Setting next_dagrun for latest_only to 2026-06-03 00:00:00+00:00, run_after=2026-06-03 04:00:00+00:00
[2026-06-03T06:07:11.530+0000] {processor.py:183} INFO - Processing /home/airflow/.local/lib/python3.12/site-packages/airflow/example_dags/example_latest_only.py took 0.058 seconds
[2026-06-03T06:07:41.800+0000] {processor.py:161} INFO - Started process (PID=582) to work on /home/airflow/.local/lib/python3.12/site-packages/airflow/example_dags/example_latest_only.py
[2026-06-03T06:07:41.801+0000] {processor.py:830} INFO - Processing file /home/airflow/.local/lib/python3.12/site-packages/airflow/example_dags/example_latest_only.py for tasks to queue
[2026-06-03T06:07:41.802+0000] {logging_mixin.py:188} INFO - [2026-06-03T06:07:41.802+0000] {dagbag.py:545} INFO - Filling up the DagBag from /home/airflow/.local/lib/python3.12/site-packages/airflow/example_dags/example_latest_only.py
[2026-06-03T06:07:41.805+0000] {processor.py:840} INFO - DAG(s) 'latest_only' retrieved from /home/airflow/.local/lib/python3.12/site-packages/airflow/example_dags/example_latest_only.py
[2026-06-03T06:07:41.820+0000] {logging_mixin.py:188} INFO - [2026-06-03T06:07:41.820+0000] {dag.py:3089} INFO - Sync 1 DAGs
[2026-06-03T06:07:41.838+0000] {logging_mixin.py:188} INFO - [2026-06-03T06:07:41.838+0000] {dag.py:3947} INFO - Setting next_dagrun for latest_only to 2026-06-03 00:00:00+00:00, run_after=2026-06-03 04:00:00+00:00
[2026-06-03T06:07:41.852+0000] {processor.py:183} INFO - Processing /home/airflow/.local/lib/python3.12/site-packages/airflow/example_dags/example_latest_only.py took 0.056 seconds
[2026-06-03T06:08:12.200+0000] {processor.py:161} INFO - Started process (PID=640) to work on /home/airflow/.local/lib/python3.12/site-packages/airflow/example_dags/example_latest_only.py
[2026-06-03T06:08:12.201+0000] {processor.py:830} INFO - Processing file /home/airflow/.local/lib/python3.12/site-packages/airflow/example_dags/example_latest_only.py for tasks to queue
[2026-06-03T06:08:12.202+0000] {logging_mixin.py:188} INFO - [2026-06-03T06:08:12.202+0000] {dagbag.py:545} INFO - Filling up the DagBag from /home/airflow/.local/lib/python3.12/site-packages/airflow/example_dags/example_latest_only.py
[2026-06-03T06:08:12.206+0000] {processor.py:840} INFO - DAG(s) 'latest_only' retrieved from /home/airflow/.local/lib/python3.12/site-packages/airflow/example_dags/example_latest_only.py
[2026-06-03T06:08:12.222+0000] {logging_mixin.py:188} INFO - [2026-06-03T06:08:12.222+0000] {dag.py:3089} INFO - Sync 1 DAGs
[2026-06-03T06:08:12.240+0000] {logging_mixin.py:188} INFO - [2026-06-03T06:08:12.239+0000] {dag.py:3947} INFO - Setting next_dagrun for latest_only to 2026-06-03 00:00:00+00:00, run_after=2026-06-03 04:00:00+00:00
[2026-06-03T06:08:12.254+0000] {processor.py:183} INFO - Processing /home/airflow/.local/lib/python3.12/site-packages/airflow/example_dags/example_latest_only.py took 0.058 seconds
[2026-06-03T06:08:43.682+0000] {processor.py:161} INFO - Started process (PID=704) to work on /home/airflow/.local/lib/python3.12/site-packages/airflow/example_dags/example_latest_only.py
[2026-06-03T06:08:43.706+0000] {processor.py:830} INFO - Processing file /home/airflow/.local/lib/python3.12/site-packages/airflow/example_dags/example_latest_only.py for tasks to queue
[2026-06-03T06:08:43.707+0000] {logging_mixin.py:188} INFO - [2026-06-03T06:08:43.707+0000] {dagbag.py:545} INFO - Filling up the DagBag from /home/airflow/.local/lib/python3.12/site-packages/airflow/example_dags/example_latest_only.py
[2026-06-03T06:08:43.711+0000] {processor.py:840} INFO - DAG(s) 'latest_only' retrieved from /home/airflow/.local/lib/python3.12/site-packages/airflow/example_dags/example_latest_only.py
[2026-06-03T06:08:43.728+0000] {logging_mixin.py:188} INFO - [2026-06-03T06:08:43.728+0000] {dag.py:3089} INFO - Sync 1 DAGs
[2026-06-03T06:08:43.747+0000] {logging_mixin.py:188} INFO - [2026-06-03T06:08:43.747+0000] {dag.py:3947} INFO - Setting next_dagrun for latest_only to 2026-06-03 00:00:00+00:00, run_after=2026-06-03 04:00:00+00:00
[2026-06-03T06:08:43.780+0000] {processor.py:183} INFO - Processing /home/airflow/.local/lib/python3.12/site-packages/airflow/example_dags/example_latest_only.py took 0.105 seconds
[2026-06-03T06:09:15.681+0000] {processor.py:161} INFO - Started process (PID=761) to work on /home/airflow/.local/lib/python3.12/site-packages/airflow/example_dags/example_latest_only.py
[2026-06-03T06:09:15.682+0000] {processor.py:830} INFO - Processing file /home/airflow/.local/lib/python3.12/site-packages/airflow/example_dags/example_latest_only.py for tasks to queue
[2026-06-03T06:09:15.684+0000] {logging_mixin.py:188} INFO - [2026-06-03T06:09:15.684+0000] {dagbag.py:545} INFO - Filling up the DagBag from /home/airflow/.local/lib/python3.12/site-packages/airflow/example_dags/example_latest_only.py
[2026-06-03T06:09:15.688+0000] {processor.py:840} INFO - DAG(s) 'latest_only' retrieved from /home/airflow/.local/lib/python3.12/site-packages/airflow/example_dags/example_latest_only.py
[2026-06-03T06:09:15.703+0000] {logging_mixin.py:188} INFO - [2026-06-03T06:09:15.703+0000] {dag.py:3089} INFO - Sync 1 DAGs
[2026-06-03T06:09:15.722+0000] {logging_mixin.py:188} INFO - [2026-06-03T06:09:15.722+0000] {dag.py:3947} INFO - Setting next_dagrun for latest_only to 2026-06-03 00:00:00+00:00, run_after=2026-06-03 04:00:00+00:00
[2026-06-03T06:09:15.738+0000] {processor.py:183} INFO - Processing /home/airflow/.local/lib/python3.12/site-packages/airflow/example_dags/example_latest_only.py took 0.061 seconds
[2026-06-03T06:09:45.904+0000] {processor.py:161} INFO - Started process (PID=819) to work on /home/airflow/.local/lib/python3.12/site-packages/airflow/example_dags/example_latest_only.py
[2026-06-03T06:09:45.905+0000] {processor.py:830} INFO - Processing file /home/airflow/.local/lib/python3.12/site-packages/airflow/example_dags/example_latest_only.py for tasks to queue
[2026-06-03T06:09:45.907+0000] {logging_mixin.py:188} INFO - [2026-06-03T06:09:45.906+0000] {dagbag.py:545} INFO - Filling up the DagBag from /home/airflow/.local/lib/python3.12/site-packages/airflow/example_dags/example_latest_only.py
[2026-06-03T06:09:45.911+0000] {processor.py:840} INFO - DAG(s) 'latest_only' retrieved from /home/airflow/.local/lib/python3.12/site-packages/airflow/example_dags/example_latest_only.py
[2026-06-03T06:09:45.927+0000] {logging_mixin.py:188} INFO - [2026-06-03T06:09:45.927+0000] {dag.py:3089} INFO - Sync 1 DAGs
[2026-06-03T06:09:45.947+0000] {logging_mixin.py:188} INFO - [2026-06-03T06:09:45.946+0000] {dag.py:3947} INFO - Setting next_dagrun for latest_only to 2026-06-03 00:00:00+00:00, run_after=2026-06-03 04:00:00+00:00
[2026-06-03T06:09:45.963+0000] {processor.py:183} INFO - Processing /home/airflow/.local/lib/python3.12/site-packages/airflow/example_dags/example_latest_only.py took 0.063 seconds
[2026-06-03T06:10:16.574+0000] {processor.py:161} INFO - Started process (PID=876) to work on /home/airflow/.local/lib/python3.12/site-packages/airflow/example_dags/example_latest_only.py
[2026-06-03T06:10:16.575+0000] {processor.py:830} INFO - Processing file /home/airflow/.local/lib/python3.12/site-packages/airflow/example_dags/example_latest_only.py for tasks to queue
[2026-06-03T06:10:16.576+0000] {logging_mixin.py:188} INFO - [2026-06-03T06:10:16.576+0000] {dagbag.py:545} INFO - Filling up the DagBag from /home/airflow/.local/lib/python3.12/site-packages/airflow/example_dags/example_latest_only.py
[2026-06-03T06:10:16.580+0000] {processor.py:840} INFO - DAG(s) 'latest_only' retrieved from /home/airflow/.local/lib/python3.12/site-packages/airflow/example_dags/example_latest_only.py
[2026-06-03T06:10:16.595+0000] {logging_mixin.py:188} INFO - [2026-06-03T06:10:16.594+0000] {dag.py:3089} INFO - Sync 1 DAGs
[2026-06-03T06:10:16.613+0000] {logging_mixin.py:188} INFO - [2026-06-03T06:10:16.612+0000] {dag.py:3947} INFO - Setting next_dagrun for latest_only to 2026-06-03 00:00:00+00:00, run_after=2026-06-03 04:00:00+00:00
[2026-06-03T06:10:16.630+0000] {processor.py:183} INFO - Processing /home/airflow/.local/lib/python3.12/site-packages/airflow/example_dags/example_latest_only.py took 0.060 seconds
[2026-06-03T06:10:46.975+0000] {processor.py:161} INFO - Started process (PID=934) to work on /home/airflow/.local/lib/python3.12/site-packages/airflow/example_dags/example_latest_only.py
[2026-06-03T06:10:46.976+0000] {processor.py:830} INFO - Processing file /home/airflow/.local/lib/python3.12/site-packages/airflow/example_dags/example_latest_only.py for tasks to queue
[2026-06-03T06:10:46.977+0000] {logging_mixin.py:188} INFO - [2026-06-03T06:10:46.977+0000] {dagbag.py:545} INFO - Filling up the DagBag from /home/airflow/.local/lib/python3.12/site-packages/airflow/example_dags/example_latest_only.py
[2026-06-03T06:10:46.981+0000] {processor.py:840} INFO - DAG(s) 'latest_only' retrieved from /home/airflow/.local/lib/python3.12/site-packages/airflow/example_dags/example_latest_only.py
[2026-06-03T06:10:46.996+0000] {logging_mixin.py:188} INFO - [2026-06-03T06:10:46.996+0000] {dag.py:3089} INFO - Sync 1 DAGs
[2026-06-03T06:10:47.014+0000] {logging_mixin.py:188} INFO - [2026-06-03T06:10:47.014+0000] {dag.py:3947} INFO - Setting next_dagrun for latest_only to 2026-06-03 00:00:00+00:00, run_after=2026-06-03 04:00:00+00:00
[2026-06-03T06:10:47.029+0000] {processor.py:183} INFO - Processing /home/airflow/.local/lib/python3.12/site-packages/airflow/example_dags/example_latest_only.py took 0.059 seconds
[2026-06-03T06:11:17.483+0000] {processor.py:161} INFO - Started process (PID=992) to work on /home/airflow/.local/lib/python3.12/site-packages/airflow/example_dags/example_latest_only.py
[2026-06-03T06:11:17.484+0000] {processor.py:830} INFO - Processing file /home/airflow/.local/lib/python3.12/site-packages/airflow/example_dags/example_latest_only.py for tasks to queue
[2026-06-03T06:11:17.485+0000] {logging_mixin.py:188} INFO - [2026-06-03T06:11:17.485+0000] {dagbag.py:545} INFO - Filling up the DagBag from /home/airflow/.local/lib/python3.12/site-packages/airflow/example_dags/example_latest_only.py
[2026-06-03T06:11:17.489+0000] {processor.py:840} INFO - DAG(s) 'latest_only' retrieved from /home/airflow/.local/lib/python3.12/site-packages/airflow/example_dags/example_latest_only.py
[2026-06-03T06:11:17.504+0000] {logging_mixin.py:188} INFO - [2026-06-03T06:11:17.503+0000] {dag.py:3089} INFO - Sync 1 DAGs
[2026-06-03T06:11:17.520+0000] {logging_mixin.py:188} INFO - [2026-06-03T06:11:17.520+0000] {dag.py:3947} INFO - Setting next_dagrun for latest_only to 2026-06-03 00:00:00+00:00, run_after=2026-06-03 04:00:00+00:00
[2026-06-03T06:11:17.534+0000] {processor.py:183} INFO - Processing /home/airflow/.local/lib/python3.12/site-packages/airflow/example_dags/example_latest_only.py took 0.055 seconds
[2026-06-03T06:11:47.886+0000] {processor.py:161} INFO - Started process (PID=1050) to work on /home/airflow/.local/lib/python3.12/site-packages/airflow/example_dags/example_latest_only.py
[2026-06-03T06:11:47.887+0000] {processor.py:830} INFO - Processing file /home/airflow/.local/lib/python3.12/site-packages/airflow/example_dags/example_latest_only.py for tasks to queue
[2026-06-03T06:11:47.889+0000] {logging_mixin.py:188} INFO - [2026-06-03T06:11:47.889+0000] {dagbag.py:545} INFO - Filling up the DagBag from /home/airflow/.local/lib/python3.12/site-packages/airflow/example_dags/example_latest_only.py
[2026-06-03T06:11:47.892+0000] {processor.py:840} INFO - DAG(s) 'latest_only' retrieved from /home/airflow/.local/lib/python3.12/site-packages/airflow/example_dags/example_latest_only.py
[2026-06-03T06:11:47.907+0000] {logging_mixin.py:188} INFO - [2026-06-03T06:11:47.907+0000] {dag.py:3089} INFO - Sync 1 DAGs
[2026-06-03T06:11:47.925+0000] {logging_mixin.py:188} INFO - [2026-06-03T06:11:47.925+0000] {dag.py:3947} INFO - Setting next_dagrun for latest_only to 2026-06-03 00:00:00+00:00, run_after=2026-06-03 04:00:00+00:00
[2026-06-03T06:11:47.940+0000] {processor.py:183} INFO - Processing /home/airflow/.local/lib/python3.12/site-packages/airflow/example_dags/example_latest_only.py took 0.058 seconds
[2026-06-03T06:12:18.242+0000] {processor.py:161} INFO - Started process (PID=1108) to work on /home/airflow/.local/lib/python3.12/site-packages/airflow/example_dags/example_latest_only.py
[2026-06-03T06:12:18.243+0000] {processor.py:830} INFO - Processing file /home/airflow/.local/lib/python3.12/site-packages/airflow/example_dags/example_latest_only.py for tasks to queue
[2026-06-03T06:12:18.244+0000] {logging_mixin.py:188} INFO - [2026-06-03T06:12:18.244+0000] {dagbag.py:545} INFO - Filling up the DagBag from /home/airflow/.local/lib/python3.12/site-packages/airflow/example_dags/example_latest_only.py
[2026-06-03T06:12:18.248+0000] {processor.py:840} INFO - DAG(s) 'latest_only' retrieved from /home/airflow/.local/lib/python3.12/site-packages/airflow/example_dags/example_latest_only.py
[2026-06-03T06:12:18.262+0000] {logging_mixin.py:188} INFO - [2026-06-03T06:12:18.262+0000] {dag.py:3089} INFO - Sync 1 DAGs
[2026-06-03T06:12:18.279+0000] {logging_mixin.py:188} INFO - [2026-06-03T06:12:18.279+0000] {dag.py:3947} INFO - Setting next_dagrun for latest_only to 2026-06-03 00:00:00+00:00, run_after=2026-06-03 04:00:00+00:00
[2026-06-03T06:12:18.293+0000] {processor.py:183} INFO - Processing /home/airflow/.local/lib/python3.12/site-packages/airflow/example_dags/example_latest_only.py took 0.055 seconds
[2026-06-03T06:12:48.595+0000] {processor.py:161} INFO - Started process (PID=1166) to work on /home/airflow/.local/lib/python3.12/site-packages/airflow/example_dags/example_latest_only.py
[2026-06-03T06:12:48.597+0000] {processor.py:830} INFO - Processing file /home/airflow/.local/lib/python3.12/site-packages/airflow/example_dags/example_latest_only.py for tasks to queue
[2026-06-03T06:12:48.598+0000] {logging_mixin.py:188} INFO - [2026-06-03T06:12:48.598+0000] {dagbag.py:545} INFO - Filling up the DagBag from /home/airflow/.local/lib/python3.12/site-packages/airflow/example_dags/example_latest_only.py
[2026-06-03T06:12:48.601+0000] {processor.py:840} INFO - DAG(s) 'latest_only' retrieved from /home/airflow/.local/lib/python3.12/site-packages/airflow/example_dags/example_latest_only.py
[2026-06-03T06:12:48.616+0000] {logging_mixin.py:188} INFO - [2026-06-03T06:12:48.616+0000] {dag.py:3089} INFO - Sync 1 DAGs
[2026-06-03T06:12:48.633+0000] {logging_mixin.py:188} INFO - [2026-06-03T06:12:48.633+0000] {dag.py:3947} INFO - Setting next_dagrun for latest_only to 2026-06-03 00:00:00+00:00, run_after=2026-06-03 04:00:00+00:00
[2026-06-03T06:12:48.647+0000] {processor.py:183} INFO - Processing /home/airflow/.local/lib/python3.12/site-packages/airflow/example_dags/example_latest_only.py took 0.056 seconds
[2026-06-03T06:13:18.839+0000] {processor.py:161} INFO - Started process (PID=1224) to work on /home/airflow/.local/lib/python3.12/site-packages/airflow/example_dags/example_latest_only.py
[2026-06-03T06:13:18.840+0000] {processor.py:830} INFO - Processing file /home/airflow/.local/lib/python3.12/site-packages/airflow/example_dags/example_latest_only.py for tasks to queue
[2026-06-03T06:13:18.841+0000] {logging_mixin.py:188} INFO - [2026-06-03T06:13:18.841+0000] {dagbag.py:545} INFO - Filling up the DagBag from /home/airflow/.local/lib/python3.12/site-packages/airflow/example_dags/example_latest_only.py
[2026-06-03T06:13:18.845+0000] {processor.py:840} INFO - DAG(s) 'latest_only' retrieved from /home/airflow/.local/lib/python3.12/site-packages/airflow/example_dags/example_latest_only.py
[2026-06-03T06:13:18.860+0000] {logging_mixin.py:188} INFO - [2026-06-03T06:13:18.860+0000] {dag.py:3089} INFO - Sync 1 DAGs
[2026-06-03T06:13:18.878+0000] {logging_mixin.py:188} INFO - [2026-06-03T06:13:18.878+0000] {dag.py:3947} INFO - Setting next_dagrun for latest_only to 2026-06-03 00:00:00+00:00, run_after=2026-06-03 04:00:00+00:00
[2026-06-03T06:13:18.893+0000] {processor.py:183} INFO - Processing /home/airflow/.local/lib/python3.12/site-packages/airflow/example_dags/example_latest_only.py took 0.058 seconds
[2026-06-03T06:13:49.051+0000] {processor.py:161} INFO - Started process (PID=1282) to work on /home/airflow/.local/lib/python3.12/site-packages/airflow/example_dags/example_latest_only.py
[2026-06-03T06:13:49.052+0000] {processor.py:830} INFO - Processing file /home/airflow/.local/lib/python3.12/site-packages/airflow/example_dags/example_latest_only.py for tasks to queue
[2026-06-03T06:13:49.054+0000] {logging_mixin.py:188} INFO - [2026-06-03T06:13:49.054+0000] {dagbag.py:545} INFO - Filling up the DagBag from /home/airflow/.local/lib/python3.12/site-packages/airflow/example_dags/example_latest_only.py
[2026-06-03T06:13:49.057+0000] {processor.py:840} INFO - DAG(s) 'latest_only' retrieved from /home/airflow/.local/lib/python3.12/site-packages/airflow/example_dags/example_latest_only.py
[2026-06-03T06:13:49.073+0000] {logging_mixin.py:188} INFO - [2026-06-03T06:13:49.072+0000] {dag.py:3089} INFO - Sync 1 DAGs
[2026-06-03T06:13:49.091+0000] {logging_mixin.py:188} INFO - [2026-06-03T06:13:49.091+0000] {dag.py:3947} INFO - Setting next_dagrun for latest_only to 2026-06-03 00:00:00+00:00, run_after=2026-06-03 04:00:00+00:00
[2026-06-03T06:13:49.106+0000] {processor.py:183} INFO - Processing /home/airflow/.local/lib/python3.12/site-packages/airflow/example_dags/example_latest_only.py took 0.059 seconds
[2026-06-03T06:14:19.426+0000] {processor.py:161} INFO - Started process (PID=1340) to work on /home/airflow/.local/lib/python3.12/site-packages/airflow/example_dags/example_latest_only.py
[2026-06-03T06:14:19.427+0000] {processor.py:830} INFO - Processing file /home/airflow/.local/lib/python3.12/site-packages/airflow/example_dags/example_latest_only.py for tasks to queue
[2026-06-03T06:14:19.428+0000] {logging_mixin.py:188} INFO - [2026-06-03T06:14:19.428+0000] {dagbag.py:545} INFO - Filling up the DagBag from /home/airflow/.local/lib/python3.12/site-packages/airflow/example_dags/example_latest_only.py
[2026-06-03T06:14:19.432+0000] {processor.py:840} INFO - DAG(s) 'latest_only' retrieved from /home/airflow/.local/lib/python3.12/site-packages/airflow/example_dags/example_latest_only.py
[2026-06-03T06:14:19.448+0000] {logging_mixin.py:188} INFO - [2026-06-03T06:14:19.448+0000] {dag.py:3089} INFO - Sync 1 DAGs
[2026-06-03T06:14:19.466+0000] {logging_mixin.py:188} INFO - [2026-06-03T06:14:19.466+0000] {dag.py:3947} INFO - Setting next_dagrun for latest_only to 2026-06-03 00:00:00+00:00, run_after=2026-06-03 04:00:00+00:00
[2026-06-03T06:14:19.481+0000] {processor.py:183} INFO - Processing /home/airflow/.local/lib/python3.12/site-packages/airflow/example_dags/example_latest_only.py took 0.060 seconds
[2026-06-03T06:14:49.702+0000] {processor.py:161} INFO - Started process (PID=1398) to work on /home/airflow/.local/lib/python3.12/site-packages/airflow/example_dags/example_latest_only.py
[2026-06-03T06:14:49.702+0000] {processor.py:830} INFO - Processing file /home/airflow/.local/lib/python3.12/site-packages/airflow/example_dags/example_latest_only.py for tasks to queue
[2026-06-03T06:14:49.704+0000] {logging_mixin.py:188} INFO - [2026-06-03T06:14:49.704+0000] {dagbag.py:545} INFO - Filling up the DagBag from /home/airflow/.local/lib/python3.12/site-packages/airflow/example_dags/example_latest_only.py
[2026-06-03T06:14:49.707+0000] {processor.py:840} INFO - DAG(s) 'latest_only' retrieved from /home/airflow/.local/lib/python3.12/site-packages/airflow/example_dags/example_latest_only.py
[2026-06-03T06:14:49.723+0000] {logging_mixin.py:188} INFO - [2026-06-03T06:14:49.722+0000] {dag.py:3089} INFO - Sync 1 DAGs
[2026-06-03T06:14:49.741+0000] {logging_mixin.py:188} INFO - [2026-06-03T06:14:49.741+0000] {dag.py:3947} INFO - Setting next_dagrun for latest_only to 2026-06-03 00:00:00+00:00, run_after=2026-06-03 04:00:00+00:00
[2026-06-03T06:14:49.756+0000] {processor.py:183} INFO - Processing /home/airflow/.local/lib/python3.12/site-packages/airflow/example_dags/example_latest_only.py took 0.059 seconds
[2026-06-03T06:15:19.986+0000] {processor.py:161} INFO - Started process (PID=1456) to work on /home/airflow/.local/lib/python3.12/site-packages/airflow/example_dags/example_latest_only.py
[2026-06-03T06:15:19.987+0000] {processor.py:830} INFO - Processing file /home/airflow/.local/lib/python3.12/site-packages/airflow/example_dags/example_latest_only.py for tasks to queue
[2026-06-03T06:15:19.988+0000] {logging_mixin.py:188} INFO - [2026-06-03T06:15:19.988+0000] {dagbag.py:545} INFO - Filling up the DagBag from /home/airflow/.local/lib/python3.12/site-packages/airflow/example_dags/example_latest_only.py
[2026-06-03T06:15:19.992+0000] {processor.py:840} INFO - DAG(s) 'latest_only' retrieved from /home/airflow/.local/lib/python3.12/site-packages/airflow/example_dags/example_latest_only.py
[2026-06-03T06:15:20.012+0000] {logging_mixin.py:188} INFO - [2026-06-03T06:15:20.011+0000] {dag.py:3089} INFO - Sync 1 DAGs
[2026-06-03T06:15:20.031+0000] {logging_mixin.py:188} INFO - [2026-06-03T06:15:20.031+0000] {dag.py:3947} INFO - Setting next_dagrun for latest_only to 2026-06-03 00:00:00+00:00, run_after=2026-06-03 04:00:00+00:00
[2026-06-03T06:15:20.046+0000] {processor.py:183} INFO - Processing /home/airflow/.local/lib/python3.12/site-packages/airflow/example_dags/example_latest_only.py took 0.066 seconds
[2026-06-03T06:15:50.400+0000] {processor.py:161} INFO - Started process (PID=1514) to work on /home/airflow/.local/lib/python3.12/site-packages/airflow/example_dags/example_latest_only.py
[2026-06-03T06:15:50.401+0000] {processor.py:830} INFO - Processing file /home/airflow/.local/lib/python3.12/site-packages/airflow/example_dags/example_latest_only.py for tasks to queue
[2026-06-03T06:15:50.402+0000] {logging_mixin.py:188} INFO - [2026-06-03T06:15:50.402+0000] {dagbag.py:545} INFO - Filling up the DagBag from /home/airflow/.local/lib/python3.12/site-packages/airflow/example_dags/example_latest_only.py
[2026-06-03T06:15:50.406+0000] {processor.py:840} INFO - DAG(s) 'latest_only' retrieved from /home/airflow/.local/lib/python3.12/site-packages/airflow/example_dags/example_latest_only.py
[2026-06-03T06:15:50.421+0000] {logging_mixin.py:188} INFO - [2026-06-03T06:15:50.421+0000] {dag.py:3089} INFO - Sync 1 DAGs
[2026-06-03T06:15:50.439+0000] {logging_mixin.py:188} INFO - [2026-06-03T06:15:50.438+0000] {dag.py:3947} INFO - Setting next_dagrun for latest_only to 2026-06-03 00:00:00+00:00, run_after=2026-06-03 04:00:00+00:00
[2026-06-03T06:15:50.455+0000] {processor.py:183} INFO - Processing /home/airflow/.local/lib/python3.12/site-packages/airflow/example_dags/example_latest_only.py took 0.060 seconds
[2026-06-03T06:16:20.804+0000] {processor.py:161} INFO - Started process (PID=1572) to work on /home/airflow/.local/lib/python3.12/site-packages/airflow/example_dags/example_latest_only.py
[2026-06-03T06:16:20.804+0000] {processor.py:830} INFO - Processing file /home/airflow/.local/lib/python3.12/site-packages/airflow/example_dags/example_latest_only.py for tasks to queue
[2026-06-03T06:16:20.806+0000] {logging_mixin.py:188} INFO - [2026-06-03T06:16:20.805+0000] {dagbag.py:545} INFO - Filling up the DagBag from /home/airflow/.local/lib/python3.12/site-packages/airflow/example_dags/example_latest_only.py
[2026-06-03T06:16:20.809+0000] {processor.py:840} INFO - DAG(s) 'latest_only' retrieved from /home/airflow/.local/lib/python3.12/site-packages/airflow/example_dags/example_latest_only.py
[2026-06-03T06:16:20.824+0000] {logging_mixin.py:188} INFO - [2026-06-03T06:16:20.824+0000] {dag.py:3089} INFO - Sync 1 DAGs
[2026-06-03T06:16:20.841+0000] {logging_mixin.py:188} INFO - [2026-06-03T06:16:20.841+0000] {dag.py:3947} INFO - Setting next_dagrun for latest_only to 2026-06-03 00:00:00+00:00, run_after=2026-06-03 04:00:00+00:00
[2026-06-03T06:16:20.856+0000] {processor.py:183} INFO - Processing /home/airflow/.local/lib/python3.12/site-packages/airflow/example_dags/example_latest_only.py took 0.056 seconds
[2026-06-03T06:16:51.216+0000] {processor.py:161} INFO - Started process (PID=1629) to work on /home/airflow/.local/lib/python3.12/site-packages/airflow/example_dags/example_latest_only.py
[2026-06-03T06:16:51.216+0000] {processor.py:830} INFO - Processing file /home/airflow/.local/lib/python3.12/site-packages/airflow/example_dags/example_latest_only.py for tasks to queue
[2026-06-03T06:16:51.217+0000] {logging_mixin.py:188} INFO - [2026-06-03T06:16:51.217+0000] {dagbag.py:545} INFO - Filling up the DagBag from /home/airflow/.local/lib/python3.12/site-packages/airflow/example_dags/example_latest_only.py
[2026-06-03T06:16:51.221+0000] {processor.py:840} INFO - DAG(s) 'latest_only' retrieved from /home/airflow/.local/lib/python3.12/site-packages/airflow/example_dags/example_latest_only.py
[2026-06-03T06:16:51.236+0000] {logging_mixin.py:188} INFO - [2026-06-03T06:16:51.236+0000] {dag.py:3089} INFO - Sync 1 DAGs
[2026-06-03T06:16:51.254+0000] {logging_mixin.py:188} INFO - [2026-06-03T06:16:51.253+0000] {dag.py:3947} INFO - Setting next_dagrun for latest_only to 2026-06-03 00:00:00+00:00, run_after=2026-06-03 04:00:00+00:00
[2026-06-03T06:16:51.268+0000] {processor.py:183} INFO - Processing /home/airflow/.local/lib/python3.12/site-packages/airflow/example_dags/example_latest_only.py took 0.057 seconds
[2026-06-03T06:17:21.963+0000] {processor.py:161} INFO - Started process (PID=1687) to work on /home/airflow/.local/lib/python3.12/site-packages/airflow/example_dags/example_latest_only.py
[2026-06-03T06:17:21.964+0000] {processor.py:830} INFO - Processing file /home/airflow/.local/lib/python3.12/site-packages/airflow/example_dags/example_latest_only.py for tasks to queue
[2026-06-03T06:17:21.965+0000] {logging_mixin.py:188} INFO - [2026-06-03T06:17:21.965+0000] {dagbag.py:545} INFO - Filling up the DagBag from /home/airflow/.local/lib/python3.12/site-packages/airflow/example_dags/example_latest_only.py
[2026-06-03T06:17:21.969+0000] {processor.py:840} INFO - DAG(s) 'latest_only' retrieved from /home/airflow/.local/lib/python3.12/site-packages/airflow/example_dags/example_latest_only.py
[2026-06-03T06:17:21.986+0000] {logging_mixin.py:188} INFO - [2026-06-03T06:17:21.985+0000] {dag.py:3089} INFO - Sync 1 DAGs
[2026-06-03T06:17:22.118+0000] {logging_mixin.py:188} INFO - [2026-06-03T06:17:22.117+0000] {dag.py:3947} INFO - Setting next_dagrun for latest_only to 2026-06-03 00:00:00+00:00, run_after=2026-06-03 04:00:00+00:00
[2026-06-03T06:17:22.132+0000] {processor.py:183} INFO - Processing /home/airflow/.local/lib/python3.12/site-packages/airflow/example_dags/example_latest_only.py took 0.173 seconds
[2026-06-03T06:17:52.979+0000] {processor.py:161} INFO - Started process (PID=1744) to work on /home/airflow/.local/lib/python3.12/site-packages/airflow/example_dags/example_latest_only.py
[2026-06-03T06:17:52.979+0000] {processor.py:830} INFO - Processing file /home/airflow/.local/lib/python3.12/site-packages/airflow/example_dags/example_latest_only.py for tasks to queue
[2026-06-03T06:17:52.980+0000] {logging_mixin.py:188} INFO - [2026-06-03T06:17:52.980+0000] {dagbag.py:545} INFO - Filling up the DagBag from /home/airflow/.local/lib/python3.12/site-packages/airflow/example_dags/example_latest_only.py
[2026-06-03T06:17:52.984+0000] {processor.py:840} INFO - DAG(s) 'latest_only' retrieved from /home/airflow/.local/lib/python3.12/site-packages/airflow/example_dags/example_latest_only.py
[2026-06-03T06:17:52.999+0000] {logging_mixin.py:188} INFO - [2026-06-03T06:17:52.999+0000] {dag.py:3089} INFO - Sync 1 DAGs
[2026-06-03T06:17:53.017+0000] {logging_mixin.py:188} INFO - [2026-06-03T06:17:53.017+0000] {dag.py:3947} INFO - Setting next_dagrun for latest_only to 2026-06-03 00:00:00+00:00, run_after=2026-06-03 04:00:00+00:00
[2026-06-03T06:17:53.033+0000] {processor.py:183} INFO - Processing /home/airflow/.local/lib/python3.12/site-packages/airflow/example_dags/example_latest_only.py took 0.059 seconds
[2026-06-03T06:18:23.178+0000] {processor.py:161} INFO - Started process (PID=1802) to work on /home/airflow/.local/lib/python3.12/site-packages/airflow/example_dags/example_latest_only.py
[2026-06-03T06:18:23.179+0000] {processor.py:830} INFO - Processing file /home/airflow/.local/lib/python3.12/site-packages/airflow/example_dags/example_latest_only.py for tasks to queue
[2026-06-03T06:18:23.180+0000] {logging_mixin.py:188} INFO - [2026-06-03T06:18:23.180+0000] {dagbag.py:545} INFO - Filling up the DagBag from /home/airflow/.local/lib/python3.12/site-packages/airflow/example_dags/example_latest_only.py
[2026-06-03T06:18:23.184+0000] {processor.py:840} INFO - DAG(s) 'latest_only' retrieved from /home/airflow/.local/lib/python3.12/site-packages/airflow/example_dags/example_latest_only.py
[2026-06-03T06:18:23.200+0000] {logging_mixin.py:188} INFO - [2026-06-03T06:18:23.199+0000] {dag.py:3089} INFO - Sync 1 DAGs
[2026-06-03T06:18:23.217+0000] {logging_mixin.py:188} INFO - [2026-06-03T06:18:23.217+0000] {dag.py:3947} INFO - Setting next_dagrun for latest_only to 2026-06-03 00:00:00+00:00, run_after=2026-06-03 04:00:00+00:00
[2026-06-03T06:18:23.231+0000] {processor.py:183} INFO - Processing /home/airflow/.local/lib/python3.12/site-packages/airflow/example_dags/example_latest_only.py took 0.058 seconds
[2026-06-03T06:18:53.467+0000] {processor.py:161} INFO - Started process (PID=1860) to work on /home/airflow/.local/lib/python3.12/site-packages/airflow/example_dags/example_latest_only.py
[2026-06-03T06:18:53.468+0000] {processor.py:830} INFO - Processing file /home/airflow/.local/lib/python3.12/site-packages/airflow/example_dags/example_latest_only.py for tasks to queue
[2026-06-03T06:18:53.469+0000] {logging_mixin.py:188} INFO - [2026-06-03T06:18:53.469+0000] {dagbag.py:545} INFO - Filling up the DagBag from /home/airflow/.local/lib/python3.12/site-packages/airflow/example_dags/example_latest_only.py
[2026-06-03T06:18:53.473+0000] {processor.py:840} INFO - DAG(s) 'latest_only' retrieved from /home/airflow/.local/lib/python3.12/site-packages/airflow/example_dags/example_latest_only.py
[2026-06-03T06:18:53.487+0000] {logging_mixin.py:188} INFO - [2026-06-03T06:18:53.487+0000] {dag.py:3089} INFO - Sync 1 DAGs
[2026-06-03T06:18:53.505+0000] {logging_mixin.py:188} INFO - [2026-06-03T06:18:53.505+0000] {dag.py:3947} INFO - Setting next_dagrun for latest_only to 2026-06-03 00:00:00+00:00, run_after=2026-06-03 04:00:00+00:00
[2026-06-03T06:18:53.519+0000] {processor.py:183} INFO - Processing /home/airflow/.local/lib/python3.12/site-packages/airflow/example_dags/example_latest_only.py took 0.057 seconds
[2026-06-03T06:19:24.350+0000] {processor.py:161} INFO - Started process (PID=1918) to work on /home/airflow/.local/lib/python3.12/site-packages/airflow/example_dags/example_latest_only.py
[2026-06-03T06:19:24.351+0000] {processor.py:830} INFO - Processing file /home/airflow/.local/lib/python3.12/site-packages/airflow/example_dags/example_latest_only.py for tasks to queue
[2026-06-03T06:19:24.353+0000] {logging_mixin.py:188} INFO - [2026-06-03T06:19:24.352+0000] {dagbag.py:545} INFO - Filling up the DagBag from /home/airflow/.local/lib/python3.12/site-packages/airflow/example_dags/example_latest_only.py
[2026-06-03T06:19:24.356+0000] {processor.py:840} INFO - DAG(s) 'latest_only' retrieved from /home/airflow/.local/lib/python3.12/site-packages/airflow/example_dags/example_latest_only.py
[2026-06-03T06:19:24.371+0000] {logging_mixin.py:188} INFO - [2026-06-03T06:19:24.371+0000] {dag.py:3089} INFO - Sync 1 DAGs
[2026-06-03T06:19:24.388+0000] {logging_mixin.py:188} INFO - [2026-06-03T06:19:24.388+0000] {dag.py:3947} INFO - Setting next_dagrun for latest_only to 2026-06-03 00:00:00+00:00, run_after=2026-06-03 04:00:00+00:00
[2026-06-03T06:19:24.402+0000] {processor.py:183} INFO - Processing /home/airflow/.local/lib/python3.12/site-packages/airflow/example_dags/example_latest_only.py took 0.057 seconds
[2026-06-03T06:19:54.854+0000] {processor.py:161} INFO - Started process (PID=1976) to work on /home/airflow/.local/lib/python3.12/site-packages/airflow/example_dags/example_latest_only.py
[2026-06-03T06:19:54.855+0000] {processor.py:830} INFO - Processing file /home/airflow/.local/lib/python3.12/site-packages/airflow/example_dags/example_latest_only.py for tasks to queue
[2026-06-03T06:19:54.856+0000] {logging_mixin.py:188} INFO - [2026-06-03T06:19:54.856+0000] {dagbag.py:545} INFO - Filling up the DagBag from /home/airflow/.local/lib/python3.12/site-packages/airflow/example_dags/example_latest_only.py
[2026-06-03T06:19:54.860+0000] {processor.py:840} INFO - DAG(s) 'latest_only' retrieved from /home/airflow/.local/lib/python3.12/site-packages/airflow/example_dags/example_latest_only.py
[2026-06-03T06:19:54.876+0000] {logging_mixin.py:188} INFO - [2026-06-03T06:19:54.875+0000] {dag.py:3089} INFO - Sync 1 DAGs
[2026-06-03T06:19:55.003+0000] {logging_mixin.py:188} INFO - [2026-06-03T06:19:55.003+0000] {dag.py:3947} INFO - Setting next_dagrun for latest_only to 2026-06-03 00:00:00+00:00, run_after=2026-06-03 04:00:00+00:00
[2026-06-03T06:19:55.017+0000] {processor.py:183} INFO - Processing /home/airflow/.local/lib/python3.12/site-packages/airflow/example_dags/example_latest_only.py took 0.168 seconds
[2026-06-03T06:20:25.218+0000] {processor.py:161} INFO - Started process (PID=2034) to work on /home/airflow/.local/lib/python3.12/site-packages/airflow/example_dags/example_latest_only.py
[2026-06-03T06:20:25.219+0000] {processor.py:830} INFO - Processing file /home/airflow/.local/lib/python3.12/site-packages/airflow/example_dags/example_latest_only.py for tasks to queue
[2026-06-03T06:20:25.220+0000] {logging_mixin.py:188} INFO - [2026-06-03T06:20:25.220+0000] {dagbag.py:545} INFO - Filling up the DagBag from /home/airflow/.local/lib/python3.12/site-packages/airflow/example_dags/example_latest_only.py
[2026-06-03T06:20:25.224+0000] {processor.py:840} INFO - DAG(s) 'latest_only' retrieved from /home/airflow/.local/lib/python3.12/site-packages/airflow/example_dags/example_latest_only.py
[2026-06-03T06:20:25.239+0000] {logging_mixin.py:188} INFO - [2026-06-03T06:20:25.239+0000] {dag.py:3089} INFO - Sync 1 DAGs
[2026-06-03T06:20:25.257+0000] {logging_mixin.py:188} INFO - [2026-06-03T06:20:25.256+0000] {dag.py:3947} INFO - Setting next_dagrun for latest_only to 2026-06-03 00:00:00+00:00, run_after=2026-06-03 04:00:00+00:00
[2026-06-03T06:20:25.271+0000] {processor.py:183} INFO - Processing /home/airflow/.local/lib/python3.12/site-packages/airflow/example_dags/example_latest_only.py took 0.057 seconds
[2026-06-03T06:20:55.515+0000] {processor.py:161} INFO - Started process (PID=2092) to work on /home/airflow/.local/lib/python3.12/site-packages/airflow/example_dags/example_latest_only.py
[2026-06-03T06:20:55.516+0000] {processor.py:830} INFO - Processing file /home/airflow/.local/lib/python3.12/site-packages/airflow/example_dags/example_latest_only.py for tasks to queue
[2026-06-03T06:20:55.517+0000] {logging_mixin.py:188} INFO - [2026-06-03T06:20:55.517+0000] {dagbag.py:545} INFO - Filling up the DagBag from /home/airflow/.local/lib/python3.12/site-packages/airflow/example_dags/example_latest_only.py
[2026-06-03T06:20:55.521+0000] {processor.py:840} INFO - DAG(s) 'latest_only' retrieved from /home/airflow/.local/lib/python3.12/site-packages/airflow/example_dags/example_latest_only.py
[2026-06-03T06:20:55.536+0000] {logging_mixin.py:188} INFO - [2026-06-03T06:20:55.536+0000] {dag.py:3089} INFO - Sync 1 DAGs
[2026-06-03T06:20:55.556+0000] {logging_mixin.py:188} INFO - [2026-06-03T06:20:55.555+0000] {dag.py:3947} INFO - Setting next_dagrun for latest_only to 2026-06-03 00:00:00+00:00, run_after=2026-06-03 04:00:00+00:00
[2026-06-03T06:20:55.571+0000] {processor.py:183} INFO - Processing /home/airflow/.local/lib/python3.12/site-packages/airflow/example_dags/example_latest_only.py took 0.061 seconds
[2026-06-03T06:21:25.840+0000] {processor.py:161} INFO - Started process (PID=2150) to work on /home/airflow/.local/lib/python3.12/site-packages/airflow/example_dags/example_latest_only.py
[2026-06-03T06:21:25.841+0000] {processor.py:830} INFO - Processing file /home/airflow/.local/lib/python3.12/site-packages/airflow/example_dags/example_latest_only.py for tasks to queue
[2026-06-03T06:21:25.843+0000] {logging_mixin.py:188} INFO - [2026-06-03T06:21:25.842+0000] {dagbag.py:545} INFO - Filling up the DagBag from /home/airflow/.local/lib/python3.12/site-packages/airflow/example_dags/example_latest_only.py
[2026-06-03T06:21:25.846+0000] {processor.py:840} INFO - DAG(s) 'latest_only' retrieved from /home/airflow/.local/lib/python3.12/site-packages/airflow/example_dags/example_latest_only.py
[2026-06-03T06:21:25.861+0000] {logging_mixin.py:188} INFO - [2026-06-03T06:21:25.861+0000] {dag.py:3089} INFO - Sync 1 DAGs
[2026-06-03T06:21:25.879+0000] {logging_mixin.py:188} INFO - [2026-06-03T06:21:25.879+0000] {dag.py:3947} INFO - Setting next_dagrun for latest_only to 2026-06-03 00:00:00+00:00, run_after=2026-06-03 04:00:00+00:00
[2026-06-03T06:21:25.898+0000] {processor.py:183} INFO - Processing /home/airflow/.local/lib/python3.12/site-packages/airflow/example_dags/example_latest_only.py took 0.062 seconds
[2026-06-03T06:21:56.339+0000] {processor.py:161} INFO - Started process (PID=2208) to work on /home/airflow/.local/lib/python3.12/site-packages/airflow/example_dags/example_latest_only.py
[2026-06-03T06:21:56.340+0000] {processor.py:830} INFO - Processing file /home/airflow/.local/lib/python3.12/site-packages/airflow/example_dags/example_latest_only.py for tasks to queue
[2026-06-03T06:21:56.341+0000] {logging_mixin.py:188} INFO - [2026-06-03T06:21:56.341+0000] {dagbag.py:545} INFO - Filling up the DagBag from /home/airflow/.local/lib/python3.12/site-packages/airflow/example_dags/example_latest_only.py
[2026-06-03T06:21:56.345+0000] {processor.py:840} INFO - DAG(s) 'latest_only' retrieved from /home/airflow/.local/lib/python3.12/site-packages/airflow/example_dags/example_latest_only.py
[2026-06-03T06:21:56.361+0000] {logging_mixin.py:188} INFO - [2026-06-03T06:21:56.360+0000] {dag.py:3089} INFO - Sync 1 DAGs
[2026-06-03T06:21:56.380+0000] {logging_mixin.py:188} INFO - [2026-06-03T06:21:56.380+0000] {dag.py:3947} INFO - Setting next_dagrun for latest_only to 2026-06-03 00:00:00+00:00, run_after=2026-06-03 04:00:00+00:00
[2026-06-03T06:21:56.404+0000] {processor.py:183} INFO - Processing /home/airflow/.local/lib/python3.12/site-packages/airflow/example_dags/example_latest_only.py took 0.070 seconds
[2026-06-03T06:22:38.448+0000] {processor.py:161} INFO - Started process (PID=2267) to work on /home/airflow/.local/lib/python3.12/site-packages/airflow/example_dags/example_latest_only.py
[2026-06-03T06:22:38.466+0000] {processor.py:830} INFO - Processing file /home/airflow/.local/lib/python3.12/site-packages/airflow/example_dags/example_latest_only.py for tasks to queue
[2026-06-03T06:22:38.468+0000] {logging_mixin.py:188} INFO - [2026-06-03T06:22:38.467+0000] {dagbag.py:545} INFO - Filling up the DagBag from /home/airflow/.local/lib/python3.12/site-packages/airflow/example_dags/example_latest_only.py
[2026-06-03T06:22:38.472+0000] {processor.py:840} INFO - DAG(s) 'latest_only' retrieved from /home/airflow/.local/lib/python3.12/site-packages/airflow/example_dags/example_latest_only.py
[2026-06-03T06:22:38.491+0000] {logging_mixin.py:188} INFO - [2026-06-03T06:22:38.491+0000] {dag.py:3089} INFO - Sync 1 DAGs
[2026-06-03T06:22:38.513+0000] {logging_mixin.py:188} INFO - [2026-06-03T06:22:38.512+0000] {dag.py:3947} INFO - Setting next_dagrun for latest_only to 2026-06-03 00:00:00+00:00, run_after=2026-06-03 04:00:00+00:00
[2026-06-03T06:22:38.533+0000] {processor.py:183} INFO - Processing /home/airflow/.local/lib/python3.12/site-packages/airflow/example_dags/example_latest_only.py took 0.092 seconds
[2026-06-03T06:23:08.826+0000] {processor.py:161} INFO - Started process (PID=2325) to work on /home/airflow/.local/lib/python3.12/site-packages/airflow/example_dags/example_latest_only.py
[2026-06-03T06:23:08.827+0000] {processor.py:830} INFO - Processing file /home/airflow/.local/lib/python3.12/site-packages/airflow/example_dags/example_latest_only.py for tasks to queue
[2026-06-03T06:23:08.828+0000] {logging_mixin.py:188} INFO - [2026-06-03T06:23:08.828+0000] {dagbag.py:545} INFO - Filling up the DagBag from /home/airflow/.local/lib/python3.12/site-packages/airflow/example_dags/example_latest_only.py
[2026-06-03T06:23:08.832+0000] {processor.py:840} INFO - DAG(s) 'latest_only' retrieved from /home/airflow/.local/lib/python3.12/site-packages/airflow/example_dags/example_latest_only.py
[2026-06-03T06:23:08.848+0000] {logging_mixin.py:188} INFO - [2026-06-03T06:23:08.848+0000] {dag.py:3089} INFO - Sync 1 DAGs
[2026-06-03T06:23:08.867+0000] {logging_mixin.py:188} INFO - [2026-06-03T06:23:08.867+0000] {dag.py:3947} INFO - Setting next_dagrun for latest_only to 2026-06-03 00:00:00+00:00, run_after=2026-06-03 04:00:00+00:00
[2026-06-03T06:23:08.883+0000] {processor.py:183} INFO - Processing /home/airflow/.local/lib/python3.12/site-packages/airflow/example_dags/example_latest_only.py took 0.062 seconds
[2026-06-03T06:23:39.280+0000] {processor.py:161} INFO - Started process (PID=2383) to work on /home/airflow/.local/lib/python3.12/site-packages/airflow/example_dags/example_latest_only.py
[2026-06-03T06:23:39.280+0000] {processor.py:830} INFO - Processing file /home/airflow/.local/lib/python3.12/site-packages/airflow/example_dags/example_latest_only.py for tasks to queue
[2026-06-03T06:23:39.282+0000] {logging_mixin.py:188} INFO - [2026-06-03T06:23:39.282+0000] {dagbag.py:545} INFO - Filling up the DagBag from /home/airflow/.local/lib/python3.12/site-packages/airflow/example_dags/example_latest_only.py
[2026-06-03T06:23:39.286+0000] {processor.py:840} INFO - DAG(s) 'latest_only' retrieved from /home/airflow/.local/lib/python3.12/site-packages/airflow/example_dags/example_latest_only.py
[2026-06-03T06:23:39.302+0000] {logging_mixin.py:188} INFO - [2026-06-03T06:23:39.302+0000] {dag.py:3089} INFO - Sync 1 DAGs
[2026-06-03T06:23:39.321+0000] {logging_mixin.py:188} INFO - [2026-06-03T06:23:39.321+0000] {dag.py:3947} INFO - Setting next_dagrun for latest_only to 2026-06-03 00:00:00+00:00, run_after=2026-06-03 04:00:00+00:00
[2026-06-03T06:23:39.337+0000] {processor.py:183} INFO - Processing /home/airflow/.local/lib/python3.12/site-packages/airflow/example_dags/example_latest_only.py took 0.062 seconds
[2026-06-03T06:24:09.586+0000] {processor.py:161} INFO - Started process (PID=2441) to work on /home/airflow/.local/lib/python3.12/site-packages/airflow/example_dags/example_latest_only.py
[2026-06-03T06:24:09.587+0000] {processor.py:830} INFO - Processing file /home/airflow/.local/lib/python3.12/site-packages/airflow/example_dags/example_latest_only.py for tasks to queue
[2026-06-03T06:24:09.588+0000] {logging_mixin.py:188} INFO - [2026-06-03T06:24:09.588+0000] {dagbag.py:545} INFO - Filling up the DagBag from /home/airflow/.local/lib/python3.12/site-packages/airflow/example_dags/example_latest_only.py
[2026-06-03T06:24:09.592+0000] {processor.py:840} INFO - DAG(s) 'latest_only' retrieved from /home/airflow/.local/lib/python3.12/site-packages/airflow/example_dags/example_latest_only.py
[2026-06-03T06:24:09.608+0000] {logging_mixin.py:188} INFO - [2026-06-03T06:24:09.608+0000] {dag.py:3089} INFO - Sync 1 DAGs
[2026-06-03T06:24:09.627+0000] {logging_mixin.py:188} INFO - [2026-06-03T06:24:09.626+0000] {dag.py:3947} INFO - Setting next_dagrun for latest_only to 2026-06-03 00:00:00+00:00, run_after=2026-06-03 04:00:00+00:00
[2026-06-03T06:24:09.643+0000] {processor.py:183} INFO - Processing /home/airflow/.local/lib/python3.12/site-packages/airflow/example_dags/example_latest_only.py took 0.062 seconds
[2026-06-03T06:24:40.182+0000] {processor.py:161} INFO - Started process (PID=2499) to work on /home/airflow/.local/lib/python3.12/site-packages/airflow/example_dags/example_latest_only.py
[2026-06-03T06:24:40.182+0000] {processor.py:830} INFO - Processing file /home/airflow/.local/lib/python3.12/site-packages/airflow/example_dags/example_latest_only.py for tasks to queue
[2026-06-03T06:24:40.184+0000] {logging_mixin.py:188} INFO - [2026-06-03T06:24:40.183+0000] {dagbag.py:545} INFO - Filling up the DagBag from /home/airflow/.local/lib/python3.12/site-packages/airflow/example_dags/example_latest_only.py
[2026-06-03T06:24:40.188+0000] {processor.py:840} INFO - DAG(s) 'latest_only' retrieved from /home/airflow/.local/lib/python3.12/site-packages/airflow/example_dags/example_latest_only.py
[2026-06-03T06:24:40.203+0000] {logging_mixin.py:188} INFO - [2026-06-03T06:24:40.202+0000] {dag.py:3089} INFO - Sync 1 DAGs
[2026-06-03T06:24:40.222+0000] {logging_mixin.py:188} INFO - [2026-06-03T06:24:40.222+0000] {dag.py:3947} INFO - Setting next_dagrun for latest_only to 2026-06-03 00:00:00+00:00, run_after=2026-06-03 04:00:00+00:00
[2026-06-03T06:24:40.252+0000] {processor.py:183} INFO - Processing /home/airflow/.local/lib/python3.12/site-packages/airflow/example_dags/example_latest_only.py took 0.075 seconds
[2026-06-03T06:25:10.610+0000] {processor.py:161} INFO - Started process (PID=2557) to work on /home/airflow/.local/lib/python3.12/site-packages/airflow/example_dags/example_latest_only.py
[2026-06-03T06:25:10.612+0000] {processor.py:830} INFO - Processing file /home/airflow/.local/lib/python3.12/site-packages/airflow/example_dags/example_latest_only.py for tasks to queue
[2026-06-03T06:25:10.613+0000] {logging_mixin.py:188} INFO - [2026-06-03T06:25:10.613+0000] {dagbag.py:545} INFO - Filling up the DagBag from /home/airflow/.local/lib/python3.12/site-packages/airflow/example_dags/example_latest_only.py
[2026-06-03T06:25:10.616+0000] {processor.py:840} INFO - DAG(s) 'latest_only' retrieved from /home/airflow/.local/lib/python3.12/site-packages/airflow/example_dags/example_latest_only.py
[2026-06-03T06:25:10.632+0000] {logging_mixin.py:188} INFO - [2026-06-03T06:25:10.632+0000] {dag.py:3089} INFO - Sync 1 DAGs
[2026-06-03T06:25:10.650+0000] {logging_mixin.py:188} INFO - [2026-06-03T06:25:10.650+0000] {dag.py:3947} INFO - Setting next_dagrun for latest_only to 2026-06-03 00:00:00+00:00, run_after=2026-06-03 04:00:00+00:00
[2026-06-03T06:25:10.666+0000] {processor.py:183} INFO - Processing /home/airflow/.local/lib/python3.12/site-packages/airflow/example_dags/example_latest_only.py took 0.060 seconds
[2026-06-03T06:25:40.987+0000] {processor.py:161} INFO - Started process (PID=2615) to work on /home/airflow/.local/lib/python3.12/site-packages/airflow/example_dags/example_latest_only.py
[2026-06-03T06:25:40.987+0000] {processor.py:830} INFO - Processing file /home/airflow/.local/lib/python3.12/site-packages/airflow/example_dags/example_latest_only.py for tasks to queue
[2026-06-03T06:25:40.989+0000] {logging_mixin.py:188} INFO - [2026-06-03T06:25:40.988+0000] {dagbag.py:545} INFO - Filling up the DagBag from /home/airflow/.local/lib/python3.12/site-packages/airflow/example_dags/example_latest_only.py
[2026-06-03T06:25:40.992+0000] {processor.py:840} INFO - DAG(s) 'latest_only' retrieved from /home/airflow/.local/lib/python3.12/site-packages/airflow/example_dags/example_latest_only.py
[2026-06-03T06:25:41.008+0000] {logging_mixin.py:188} INFO - [2026-06-03T06:25:41.008+0000] {dag.py:3089} INFO - Sync 1 DAGs
[2026-06-03T06:25:41.026+0000] {logging_mixin.py:188} INFO - [2026-06-03T06:25:41.025+0000] {dag.py:3947} INFO - Setting next_dagrun for latest_only to 2026-06-03 00:00:00+00:00, run_after=2026-06-03 04:00:00+00:00
[2026-06-03T06:25:41.043+0000] {processor.py:183} INFO - Processing /home/airflow/.local/lib/python3.12/site-packages/airflow/example_dags/example_latest_only.py took 0.061 seconds
[2026-06-03T06:26:11.450+0000] {processor.py:161} INFO - Started process (PID=2672) to work on /home/airflow/.local/lib/python3.12/site-packages/airflow/example_dags/example_latest_only.py
[2026-06-03T06:26:11.451+0000] {processor.py:830} INFO - Processing file /home/airflow/.local/lib/python3.12/site-packages/airflow/example_dags/example_latest_only.py for tasks to queue
[2026-06-03T06:26:11.452+0000] {logging_mixin.py:188} INFO - [2026-06-03T06:26:11.452+0000] {dagbag.py:545} INFO - Filling up the DagBag from /home/airflow/.local/lib/python3.12/site-packages/airflow/example_dags/example_latest_only.py
[2026-06-03T06:26:11.455+0000] {processor.py:840} INFO - DAG(s) 'latest_only' retrieved from /home/airflow/.local/lib/python3.12/site-packages/airflow/example_dags/example_latest_only.py
[2026-06-03T06:26:11.470+0000] {logging_mixin.py:188} INFO - [2026-06-03T06:26:11.470+0000] {dag.py:3089} INFO - Sync 1 DAGs
[2026-06-03T06:26:11.488+0000] {logging_mixin.py:188} INFO - [2026-06-03T06:26:11.488+0000] {dag.py:3947} INFO - Setting next_dagrun for latest_only to 2026-06-03 00:00:00+00:00, run_after=2026-06-03 04:00:00+00:00
[2026-06-03T06:26:11.503+0000] {processor.py:183} INFO - Processing /home/airflow/.local/lib/python3.12/site-packages/airflow/example_dags/example_latest_only.py took 0.058 seconds
[2026-06-03T06:26:41.738+0000] {processor.py:161} INFO - Started process (PID=2730) to work on /home/airflow/.local/lib/python3.12/site-packages/airflow/example_dags/example_latest_only.py
[2026-06-03T06:26:41.739+0000] {processor.py:830} INFO - Processing file /home/airflow/.local/lib/python3.12/site-packages/airflow/example_dags/example_latest_only.py for tasks to queue
[2026-06-03T06:26:41.740+0000] {logging_mixin.py:188} INFO - [2026-06-03T06:26:41.740+0000] {dagbag.py:545} INFO - Filling up the DagBag from /home/airflow/.local/lib/python3.12/site-packages/airflow/example_dags/example_latest_only.py
[2026-06-03T06:26:41.744+0000] {processor.py:840} INFO - DAG(s) 'latest_only' retrieved from /home/airflow/.local/lib/python3.12/site-packages/airflow/example_dags/example_latest_only.py
[2026-06-03T06:26:41.760+0000] {logging_mixin.py:188} INFO - [2026-06-03T06:26:41.760+0000] {dag.py:3089} INFO - Sync 1 DAGs
[2026-06-03T06:26:41.779+0000] {logging_mixin.py:188} INFO - [2026-06-03T06:26:41.779+0000] {dag.py:3947} INFO - Setting next_dagrun for latest_only to 2026-06-03 00:00:00+00:00, run_after=2026-06-03 04:00:00+00:00
[2026-06-03T06:26:41.794+0000] {processor.py:183} INFO - Processing /home/airflow/.local/lib/python3.12/site-packages/airflow/example_dags/example_latest_only.py took 0.061 seconds
