[2026-06-03T06:03:08.501+0000] {processor.py:161} INFO - Started process (PID=67) to work on /home/airflow/.local/lib/python3.12/site-packages/airflow/example_dags/example_branch_python_dop_operator_3.py
[2026-06-03T06:03:08.502+0000] {processor.py:830} INFO - Processing file /home/airflow/.local/lib/python3.12/site-packages/airflow/example_dags/example_branch_python_dop_operator_3.py for tasks to queue
[2026-06-03T06:03:08.503+0000] {logging_mixin.py:188} INFO - [2026-06-03T06:03:08.503+0000] {dagbag.py:545} INFO - Filling up the DagBag from /home/airflow/.local/lib/python3.12/site-packages/airflow/example_dags/example_branch_python_dop_operator_3.py
[2026-06-03T06:03:08.514+0000] {processor.py:840} INFO - DAG(s) 'example_branch_dop_operator_v3' retrieved from /home/airflow/.local/lib/python3.12/site-packages/airflow/example_dags/example_branch_python_dop_operator_3.py
[2026-06-03T06:03:08.534+0000] {logging_mixin.py:188} INFO - [2026-06-03T06:03:08.534+0000] {dag.py:3089} INFO - Sync 1 DAGs
[2026-06-03T06:03:08.561+0000] {logging_mixin.py:188} INFO - [2026-06-03T06:03:08.560+0000] {dag.py:3947} INFO - Setting next_dagrun for example_branch_dop_operator_v3 to 2026-06-03 06:02:00+00:00, run_after=2026-06-03 06:03:00+00:00
[2026-06-03T06:03:08.578+0000] {processor.py:183} INFO - Processing /home/airflow/.local/lib/python3.12/site-packages/airflow/example_dags/example_branch_python_dop_operator_3.py took 0.082 seconds
[2026-06-03T06:03:39.499+0000] {processor.py:161} INFO - Started process (PID=125) to work on /home/airflow/.local/lib/python3.12/site-packages/airflow/example_dags/example_branch_python_dop_operator_3.py
[2026-06-03T06:03:39.500+0000] {processor.py:830} INFO - Processing file /home/airflow/.local/lib/python3.12/site-packages/airflow/example_dags/example_branch_python_dop_operator_3.py for tasks to queue
[2026-06-03T06:03:39.501+0000] {logging_mixin.py:188} INFO - [2026-06-03T06:03:39.501+0000] {dagbag.py:545} INFO - Filling up the DagBag from /home/airflow/.local/lib/python3.12/site-packages/airflow/example_dags/example_branch_python_dop_operator_3.py
[2026-06-03T06:03:39.508+0000] {processor.py:840} INFO - DAG(s) 'example_branch_dop_operator_v3' retrieved from /home/airflow/.local/lib/python3.12/site-packages/airflow/example_dags/example_branch_python_dop_operator_3.py
[2026-06-03T06:03:39.524+0000] {logging_mixin.py:188} INFO - [2026-06-03T06:03:39.523+0000] {dag.py:3089} INFO - Sync 1 DAGs
[2026-06-03T06:03:39.544+0000] {logging_mixin.py:188} INFO - [2026-06-03T06:03:39.544+0000] {dag.py:3947} INFO - Setting next_dagrun for example_branch_dop_operator_v3 to 2026-06-03 06:02:00+00:00, run_after=2026-06-03 06:03:00+00:00
[2026-06-03T06:03:39.561+0000] {processor.py:183} INFO - Processing /home/airflow/.local/lib/python3.12/site-packages/airflow/example_dags/example_branch_python_dop_operator_3.py took 0.066 seconds
[2026-06-03T06:04:09.775+0000] {processor.py:161} INFO - Started process (PID=183) to work on /home/airflow/.local/lib/python3.12/site-packages/airflow/example_dags/example_branch_python_dop_operator_3.py
[2026-06-03T06:04:09.776+0000] {processor.py:830} INFO - Processing file /home/airflow/.local/lib/python3.12/site-packages/airflow/example_dags/example_branch_python_dop_operator_3.py for tasks to queue
[2026-06-03T06:04:09.777+0000] {logging_mixin.py:188} INFO - [2026-06-03T06:04:09.777+0000] {dagbag.py:545} INFO - Filling up the DagBag from /home/airflow/.local/lib/python3.12/site-packages/airflow/example_dags/example_branch_python_dop_operator_3.py
[2026-06-03T06:04:09.784+0000] {processor.py:840} INFO - DAG(s) 'example_branch_dop_operator_v3' retrieved from /home/airflow/.local/lib/python3.12/site-packages/airflow/example_dags/example_branch_python_dop_operator_3.py
[2026-06-03T06:04:09.799+0000] {logging_mixin.py:188} INFO - [2026-06-03T06:04:09.799+0000] {dag.py:3089} INFO - Sync 1 DAGs
[2026-06-03T06:04:09.819+0000] {logging_mixin.py:188} INFO - [2026-06-03T06:04:09.819+0000] {dag.py:3947} INFO - Setting next_dagrun for example_branch_dop_operator_v3 to 2026-06-03 06:03:00+00:00, run_after=2026-06-03 06:04:00+00:00
[2026-06-03T06:04:09.834+0000] {processor.py:183} INFO - Processing /home/airflow/.local/lib/python3.12/site-packages/airflow/example_dags/example_branch_python_dop_operator_3.py took 0.064 seconds
[2026-06-03T06:04:40.021+0000] {processor.py:161} INFO - Started process (PID=241) to work on /home/airflow/.local/lib/python3.12/site-packages/airflow/example_dags/example_branch_python_dop_operator_3.py
[2026-06-03T06:04:40.022+0000] {processor.py:830} INFO - Processing file /home/airflow/.local/lib/python3.12/site-packages/airflow/example_dags/example_branch_python_dop_operator_3.py for tasks to queue
[2026-06-03T06:04:40.023+0000] {logging_mixin.py:188} INFO - [2026-06-03T06:04:40.023+0000] {dagbag.py:545} INFO - Filling up the DagBag from /home/airflow/.local/lib/python3.12/site-packages/airflow/example_dags/example_branch_python_dop_operator_3.py
[2026-06-03T06:04:40.030+0000] {processor.py:840} INFO - DAG(s) 'example_branch_dop_operator_v3' retrieved from /home/airflow/.local/lib/python3.12/site-packages/airflow/example_dags/example_branch_python_dop_operator_3.py
[2026-06-03T06:04:40.045+0000] {logging_mixin.py:188} INFO - [2026-06-03T06:04:40.044+0000] {dag.py:3089} INFO - Sync 1 DAGs
[2026-06-03T06:04:40.065+0000] {logging_mixin.py:188} INFO - [2026-06-03T06:04:40.065+0000] {dag.py:3947} INFO - Setting next_dagrun for example_branch_dop_operator_v3 to 2026-06-03 06:03:00+00:00, run_after=2026-06-03 06:04:00+00:00
[2026-06-03T06:04:40.080+0000] {processor.py:183} INFO - Processing /home/airflow/.local/lib/python3.12/site-packages/airflow/example_dags/example_branch_python_dop_operator_3.py took 0.064 seconds
[2026-06-03T06:05:10.627+0000] {processor.py:161} INFO - Started process (PID=299) to work on /home/airflow/.local/lib/python3.12/site-packages/airflow/example_dags/example_branch_python_dop_operator_3.py
[2026-06-03T06:05:10.628+0000] {processor.py:830} INFO - Processing file /home/airflow/.local/lib/python3.12/site-packages/airflow/example_dags/example_branch_python_dop_operator_3.py for tasks to queue
[2026-06-03T06:05:10.629+0000] {logging_mixin.py:188} INFO - [2026-06-03T06:05:10.629+0000] {dagbag.py:545} INFO - Filling up the DagBag from /home/airflow/.local/lib/python3.12/site-packages/airflow/example_dags/example_branch_python_dop_operator_3.py
[2026-06-03T06:05:10.636+0000] {processor.py:840} INFO - DAG(s) 'example_branch_dop_operator_v3' retrieved from /home/airflow/.local/lib/python3.12/site-packages/airflow/example_dags/example_branch_python_dop_operator_3.py
[2026-06-03T06:05:10.651+0000] {logging_mixin.py:188} INFO - [2026-06-03T06:05:10.651+0000] {dag.py:3089} INFO - Sync 1 DAGs
[2026-06-03T06:05:10.672+0000] {logging_mixin.py:188} INFO - [2026-06-03T06:05:10.672+0000] {dag.py:3947} INFO - Setting next_dagrun for example_branch_dop_operator_v3 to 2026-06-03 06:04:00+00:00, run_after=2026-06-03 06:05:00+00:00
[2026-06-03T06:05:10.687+0000] {processor.py:183} INFO - Processing /home/airflow/.local/lib/python3.12/site-packages/airflow/example_dags/example_branch_python_dop_operator_3.py took 0.065 seconds
[2026-06-03T06:05:41.047+0000] {processor.py:161} INFO - Started process (PID=357) to work on /home/airflow/.local/lib/python3.12/site-packages/airflow/example_dags/example_branch_python_dop_operator_3.py
[2026-06-03T06:05:41.048+0000] {processor.py:830} INFO - Processing file /home/airflow/.local/lib/python3.12/site-packages/airflow/example_dags/example_branch_python_dop_operator_3.py for tasks to queue
[2026-06-03T06:05:41.052+0000] {logging_mixin.py:188} INFO - [2026-06-03T06:05:41.052+0000] {dagbag.py:545} INFO - Filling up the DagBag from /home/airflow/.local/lib/python3.12/site-packages/airflow/example_dags/example_branch_python_dop_operator_3.py
[2026-06-03T06:05:41.059+0000] {processor.py:840} INFO - DAG(s) 'example_branch_dop_operator_v3' retrieved from /home/airflow/.local/lib/python3.12/site-packages/airflow/example_dags/example_branch_python_dop_operator_3.py
[2026-06-03T06:05:41.074+0000] {logging_mixin.py:188} INFO - [2026-06-03T06:05:41.074+0000] {dag.py:3089} INFO - Sync 1 DAGs
[2026-06-03T06:05:41.097+0000] {logging_mixin.py:188} INFO - [2026-06-03T06:05:41.097+0000] {dag.py:3947} INFO - Setting next_dagrun for example_branch_dop_operator_v3 to 2026-06-03 06:04:00+00:00, run_after=2026-06-03 06:05:00+00:00
[2026-06-03T06:05:41.112+0000] {processor.py:183} INFO - Processing /home/airflow/.local/lib/python3.12/site-packages/airflow/example_dags/example_branch_python_dop_operator_3.py took 0.071 seconds
[2026-06-03T06:06:11.859+0000] {processor.py:161} INFO - Started process (PID=415) to work on /home/airflow/.local/lib/python3.12/site-packages/airflow/example_dags/example_branch_python_dop_operator_3.py
[2026-06-03T06:06:11.860+0000] {processor.py:830} INFO - Processing file /home/airflow/.local/lib/python3.12/site-packages/airflow/example_dags/example_branch_python_dop_operator_3.py for tasks to queue
[2026-06-03T06:06:11.861+0000] {logging_mixin.py:188} INFO - [2026-06-03T06:06:11.861+0000] {dagbag.py:545} INFO - Filling up the DagBag from /home/airflow/.local/lib/python3.12/site-packages/airflow/example_dags/example_branch_python_dop_operator_3.py
[2026-06-03T06:06:11.868+0000] {processor.py:840} INFO - DAG(s) 'example_branch_dop_operator_v3' retrieved from /home/airflow/.local/lib/python3.12/site-packages/airflow/example_dags/example_branch_python_dop_operator_3.py
[2026-06-03T06:06:11.883+0000] {logging_mixin.py:188} INFO - [2026-06-03T06:06:11.883+0000] {dag.py:3089} INFO - Sync 1 DAGs
[2026-06-03T06:06:11.905+0000] {logging_mixin.py:188} INFO - [2026-06-03T06:06:11.904+0000] {dag.py:3947} INFO - Setting next_dagrun for example_branch_dop_operator_v3 to 2026-06-03 06:05:00+00:00, run_after=2026-06-03 06:06:00+00:00
[2026-06-03T06:06:11.920+0000] {processor.py:183} INFO - Processing /home/airflow/.local/lib/python3.12/site-packages/airflow/example_dags/example_branch_python_dop_operator_3.py took 0.065 seconds
[2026-06-03T06:06:42.571+0000] {processor.py:161} INFO - Started process (PID=473) to work on /home/airflow/.local/lib/python3.12/site-packages/airflow/example_dags/example_branch_python_dop_operator_3.py
[2026-06-03T06:06:42.572+0000] {processor.py:830} INFO - Processing file /home/airflow/.local/lib/python3.12/site-packages/airflow/example_dags/example_branch_python_dop_operator_3.py for tasks to queue
[2026-06-03T06:06:42.573+0000] {logging_mixin.py:188} INFO - [2026-06-03T06:06:42.573+0000] {dagbag.py:545} INFO - Filling up the DagBag from /home/airflow/.local/lib/python3.12/site-packages/airflow/example_dags/example_branch_python_dop_operator_3.py
[2026-06-03T06:06:42.580+0000] {processor.py:840} INFO - DAG(s) 'example_branch_dop_operator_v3' retrieved from /home/airflow/.local/lib/python3.12/site-packages/airflow/example_dags/example_branch_python_dop_operator_3.py
[2026-06-03T06:06:42.595+0000] {logging_mixin.py:188} INFO - [2026-06-03T06:06:42.595+0000] {dag.py:3089} INFO - Sync 1 DAGs
[2026-06-03T06:06:42.616+0000] {logging_mixin.py:188} INFO - [2026-06-03T06:06:42.616+0000] {dag.py:3947} INFO - Setting next_dagrun for example_branch_dop_operator_v3 to 2026-06-03 06:05:00+00:00, run_after=2026-06-03 06:06:00+00:00
[2026-06-03T06:06:42.631+0000] {processor.py:183} INFO - Processing /home/airflow/.local/lib/python3.12/site-packages/airflow/example_dags/example_branch_python_dop_operator_3.py took 0.065 seconds
[2026-06-03T06:07:12.777+0000] {processor.py:161} INFO - Started process (PID=531) to work on /home/airflow/.local/lib/python3.12/site-packages/airflow/example_dags/example_branch_python_dop_operator_3.py
[2026-06-03T06:07:12.777+0000] {processor.py:830} INFO - Processing file /home/airflow/.local/lib/python3.12/site-packages/airflow/example_dags/example_branch_python_dop_operator_3.py for tasks to queue
[2026-06-03T06:07:12.779+0000] {logging_mixin.py:188} INFO - [2026-06-03T06:07:12.778+0000] {dagbag.py:545} INFO - Filling up the DagBag from /home/airflow/.local/lib/python3.12/site-packages/airflow/example_dags/example_branch_python_dop_operator_3.py
[2026-06-03T06:07:12.786+0000] {processor.py:840} INFO - DAG(s) 'example_branch_dop_operator_v3' retrieved from /home/airflow/.local/lib/python3.12/site-packages/airflow/example_dags/example_branch_python_dop_operator_3.py
[2026-06-03T06:07:12.800+0000] {logging_mixin.py:188} INFO - [2026-06-03T06:07:12.800+0000] {dag.py:3089} INFO - Sync 1 DAGs
[2026-06-03T06:07:12.821+0000] {logging_mixin.py:188} INFO - [2026-06-03T06:07:12.821+0000] {dag.py:3947} INFO - Setting next_dagrun for example_branch_dop_operator_v3 to 2026-06-03 06:06:00+00:00, run_after=2026-06-03 06:07:00+00:00
[2026-06-03T06:07:12.836+0000] {processor.py:183} INFO - Processing /home/airflow/.local/lib/python3.12/site-packages/airflow/example_dags/example_branch_python_dop_operator_3.py took 0.063 seconds
[2026-06-03T06:07:43.081+0000] {processor.py:161} INFO - Started process (PID=589) to work on /home/airflow/.local/lib/python3.12/site-packages/airflow/example_dags/example_branch_python_dop_operator_3.py
[2026-06-03T06:07:43.082+0000] {processor.py:830} INFO - Processing file /home/airflow/.local/lib/python3.12/site-packages/airflow/example_dags/example_branch_python_dop_operator_3.py for tasks to queue
[2026-06-03T06:07:43.083+0000] {logging_mixin.py:188} INFO - [2026-06-03T06:07:43.083+0000] {dagbag.py:545} INFO - Filling up the DagBag from /home/airflow/.local/lib/python3.12/site-packages/airflow/example_dags/example_branch_python_dop_operator_3.py
[2026-06-03T06:07:43.090+0000] {processor.py:840} INFO - DAG(s) 'example_branch_dop_operator_v3' retrieved from /home/airflow/.local/lib/python3.12/site-packages/airflow/example_dags/example_branch_python_dop_operator_3.py
[2026-06-03T06:07:43.104+0000] {logging_mixin.py:188} INFO - [2026-06-03T06:07:43.104+0000] {dag.py:3089} INFO - Sync 1 DAGs
[2026-06-03T06:07:43.125+0000] {logging_mixin.py:188} INFO - [2026-06-03T06:07:43.125+0000] {dag.py:3947} INFO - Setting next_dagrun for example_branch_dop_operator_v3 to 2026-06-03 06:06:00+00:00, run_after=2026-06-03 06:07:00+00:00
[2026-06-03T06:07:43.139+0000] {processor.py:183} INFO - Processing /home/airflow/.local/lib/python3.12/site-packages/airflow/example_dags/example_branch_python_dop_operator_3.py took 0.063 seconds
[2026-06-03T06:08:13.519+0000] {processor.py:161} INFO - Started process (PID=653) to work on /home/airflow/.local/lib/python3.12/site-packages/airflow/example_dags/example_branch_python_dop_operator_3.py
[2026-06-03T06:08:13.520+0000] {processor.py:830} INFO - Processing file /home/airflow/.local/lib/python3.12/site-packages/airflow/example_dags/example_branch_python_dop_operator_3.py for tasks to queue
[2026-06-03T06:08:13.522+0000] {logging_mixin.py:188} INFO - [2026-06-03T06:08:13.521+0000] {dagbag.py:545} INFO - Filling up the DagBag from /home/airflow/.local/lib/python3.12/site-packages/airflow/example_dags/example_branch_python_dop_operator_3.py
[2026-06-03T06:08:13.528+0000] {processor.py:840} INFO - DAG(s) 'example_branch_dop_operator_v3' retrieved from /home/airflow/.local/lib/python3.12/site-packages/airflow/example_dags/example_branch_python_dop_operator_3.py
[2026-06-03T06:08:13.544+0000] {logging_mixin.py:188} INFO - [2026-06-03T06:08:13.543+0000] {dag.py:3089} INFO - Sync 1 DAGs
[2026-06-03T06:08:13.565+0000] {logging_mixin.py:188} INFO - [2026-06-03T06:08:13.565+0000] {dag.py:3947} INFO - Setting next_dagrun for example_branch_dop_operator_v3 to 2026-06-03 06:07:00+00:00, run_after=2026-06-03 06:08:00+00:00
[2026-06-03T06:08:13.580+0000] {processor.py:183} INFO - Processing /home/airflow/.local/lib/python3.12/site-packages/airflow/example_dags/example_branch_python_dop_operator_3.py took 0.066 seconds
[2026-06-03T06:08:45.082+0000] {processor.py:161} INFO - Started process (PID=711) to work on /home/airflow/.local/lib/python3.12/site-packages/airflow/example_dags/example_branch_python_dop_operator_3.py
[2026-06-03T06:08:45.086+0000] {processor.py:830} INFO - Processing file /home/airflow/.local/lib/python3.12/site-packages/airflow/example_dags/example_branch_python_dop_operator_3.py for tasks to queue
[2026-06-03T06:08:45.088+0000] {logging_mixin.py:188} INFO - [2026-06-03T06:08:45.088+0000] {dagbag.py:545} INFO - Filling up the DagBag from /home/airflow/.local/lib/python3.12/site-packages/airflow/example_dags/example_branch_python_dop_operator_3.py
[2026-06-03T06:08:45.100+0000] {processor.py:840} INFO - DAG(s) 'example_branch_dop_operator_v3' retrieved from /home/airflow/.local/lib/python3.12/site-packages/airflow/example_dags/example_branch_python_dop_operator_3.py
[2026-06-03T06:08:45.117+0000] {logging_mixin.py:188} INFO - [2026-06-03T06:08:45.117+0000] {dag.py:3089} INFO - Sync 1 DAGs
[2026-06-03T06:08:45.139+0000] {logging_mixin.py:188} INFO - [2026-06-03T06:08:45.139+0000] {dag.py:3947} INFO - Setting next_dagrun for example_branch_dop_operator_v3 to 2026-06-03 06:07:00+00:00, run_after=2026-06-03 06:08:00+00:00
[2026-06-03T06:08:45.154+0000] {processor.py:183} INFO - Processing /home/airflow/.local/lib/python3.12/site-packages/airflow/example_dags/example_branch_python_dop_operator_3.py took 0.079 seconds
[2026-06-03T06:09:16.082+0000] {processor.py:161} INFO - Started process (PID=768) to work on /home/airflow/.local/lib/python3.12/site-packages/airflow/example_dags/example_branch_python_dop_operator_3.py
[2026-06-03T06:09:16.088+0000] {processor.py:830} INFO - Processing file /home/airflow/.local/lib/python3.12/site-packages/airflow/example_dags/example_branch_python_dop_operator_3.py for tasks to queue
[2026-06-03T06:09:16.090+0000] {logging_mixin.py:188} INFO - [2026-06-03T06:09:16.089+0000] {dagbag.py:545} INFO - Filling up the DagBag from /home/airflow/.local/lib/python3.12/site-packages/airflow/example_dags/example_branch_python_dop_operator_3.py
[2026-06-03T06:09:16.096+0000] {processor.py:840} INFO - DAG(s) 'example_branch_dop_operator_v3' retrieved from /home/airflow/.local/lib/python3.12/site-packages/airflow/example_dags/example_branch_python_dop_operator_3.py
[2026-06-03T06:09:16.115+0000] {logging_mixin.py:188} INFO - [2026-06-03T06:09:16.114+0000] {dag.py:3089} INFO - Sync 1 DAGs
[2026-06-03T06:09:16.137+0000] {logging_mixin.py:188} INFO - [2026-06-03T06:09:16.136+0000] {dag.py:3947} INFO - Setting next_dagrun for example_branch_dop_operator_v3 to 2026-06-03 06:08:00+00:00, run_after=2026-06-03 06:09:00+00:00
[2026-06-03T06:09:16.156+0000] {processor.py:183} INFO - Processing /home/airflow/.local/lib/python3.12/site-packages/airflow/example_dags/example_branch_python_dop_operator_3.py took 0.078 seconds
[2026-06-03T06:09:46.290+0000] {processor.py:161} INFO - Started process (PID=826) to work on /home/airflow/.local/lib/python3.12/site-packages/airflow/example_dags/example_branch_python_dop_operator_3.py
[2026-06-03T06:09:46.293+0000] {processor.py:830} INFO - Processing file /home/airflow/.local/lib/python3.12/site-packages/airflow/example_dags/example_branch_python_dop_operator_3.py for tasks to queue
[2026-06-03T06:09:46.294+0000] {logging_mixin.py:188} INFO - [2026-06-03T06:09:46.294+0000] {dagbag.py:545} INFO - Filling up the DagBag from /home/airflow/.local/lib/python3.12/site-packages/airflow/example_dags/example_branch_python_dop_operator_3.py
[2026-06-03T06:09:46.301+0000] {processor.py:840} INFO - DAG(s) 'example_branch_dop_operator_v3' retrieved from /home/airflow/.local/lib/python3.12/site-packages/airflow/example_dags/example_branch_python_dop_operator_3.py
[2026-06-03T06:09:46.316+0000] {logging_mixin.py:188} INFO - [2026-06-03T06:09:46.316+0000] {dag.py:3089} INFO - Sync 1 DAGs
[2026-06-03T06:09:46.336+0000] {logging_mixin.py:188} INFO - [2026-06-03T06:09:46.336+0000] {dag.py:3947} INFO - Setting next_dagrun for example_branch_dop_operator_v3 to 2026-06-03 06:08:00+00:00, run_after=2026-06-03 06:09:00+00:00
[2026-06-03T06:09:46.353+0000] {processor.py:183} INFO - Processing /home/airflow/.local/lib/python3.12/site-packages/airflow/example_dags/example_branch_python_dop_operator_3.py took 0.068 seconds
[2026-06-03T06:10:16.873+0000] {processor.py:161} INFO - Started process (PID=883) to work on /home/airflow/.local/lib/python3.12/site-packages/airflow/example_dags/example_branch_python_dop_operator_3.py
[2026-06-03T06:10:16.874+0000] {processor.py:830} INFO - Processing file /home/airflow/.local/lib/python3.12/site-packages/airflow/example_dags/example_branch_python_dop_operator_3.py for tasks to queue
[2026-06-03T06:10:16.875+0000] {logging_mixin.py:188} INFO - [2026-06-03T06:10:16.875+0000] {dagbag.py:545} INFO - Filling up the DagBag from /home/airflow/.local/lib/python3.12/site-packages/airflow/example_dags/example_branch_python_dop_operator_3.py
[2026-06-03T06:10:16.882+0000] {processor.py:840} INFO - DAG(s) 'example_branch_dop_operator_v3' retrieved from /home/airflow/.local/lib/python3.12/site-packages/airflow/example_dags/example_branch_python_dop_operator_3.py
[2026-06-03T06:10:16.898+0000] {logging_mixin.py:188} INFO - [2026-06-03T06:10:16.897+0000] {dag.py:3089} INFO - Sync 1 DAGs
[2026-06-03T06:10:16.918+0000] {logging_mixin.py:188} INFO - [2026-06-03T06:10:16.918+0000] {dag.py:3947} INFO - Setting next_dagrun for example_branch_dop_operator_v3 to 2026-06-03 06:09:00+00:00, run_after=2026-06-03 06:10:00+00:00
[2026-06-03T06:10:16.936+0000] {processor.py:183} INFO - Processing /home/airflow/.local/lib/python3.12/site-packages/airflow/example_dags/example_branch_python_dop_operator_3.py took 0.067 seconds
[2026-06-03T06:10:47.332+0000] {processor.py:161} INFO - Started process (PID=941) to work on /home/airflow/.local/lib/python3.12/site-packages/airflow/example_dags/example_branch_python_dop_operator_3.py
[2026-06-03T06:10:47.333+0000] {processor.py:830} INFO - Processing file /home/airflow/.local/lib/python3.12/site-packages/airflow/example_dags/example_branch_python_dop_operator_3.py for tasks to queue
[2026-06-03T06:10:47.334+0000] {logging_mixin.py:188} INFO - [2026-06-03T06:10:47.334+0000] {dagbag.py:545} INFO - Filling up the DagBag from /home/airflow/.local/lib/python3.12/site-packages/airflow/example_dags/example_branch_python_dop_operator_3.py
[2026-06-03T06:10:47.341+0000] {processor.py:840} INFO - DAG(s) 'example_branch_dop_operator_v3' retrieved from /home/airflow/.local/lib/python3.12/site-packages/airflow/example_dags/example_branch_python_dop_operator_3.py
[2026-06-03T06:10:47.356+0000] {logging_mixin.py:188} INFO - [2026-06-03T06:10:47.356+0000] {dag.py:3089} INFO - Sync 1 DAGs
[2026-06-03T06:10:47.376+0000] {logging_mixin.py:188} INFO - [2026-06-03T06:10:47.376+0000] {dag.py:3947} INFO - Setting next_dagrun for example_branch_dop_operator_v3 to 2026-06-03 06:09:00+00:00, run_after=2026-06-03 06:10:00+00:00
[2026-06-03T06:10:47.391+0000] {processor.py:183} INFO - Processing /home/airflow/.local/lib/python3.12/site-packages/airflow/example_dags/example_branch_python_dop_operator_3.py took 0.064 seconds
[2026-06-03T06:11:17.780+0000] {processor.py:161} INFO - Started process (PID=999) to work on /home/airflow/.local/lib/python3.12/site-packages/airflow/example_dags/example_branch_python_dop_operator_3.py
[2026-06-03T06:11:17.780+0000] {processor.py:830} INFO - Processing file /home/airflow/.local/lib/python3.12/site-packages/airflow/example_dags/example_branch_python_dop_operator_3.py for tasks to queue
[2026-06-03T06:11:17.782+0000] {logging_mixin.py:188} INFO - [2026-06-03T06:11:17.781+0000] {dagbag.py:545} INFO - Filling up the DagBag from /home/airflow/.local/lib/python3.12/site-packages/airflow/example_dags/example_branch_python_dop_operator_3.py
[2026-06-03T06:11:17.788+0000] {processor.py:840} INFO - DAG(s) 'example_branch_dop_operator_v3' retrieved from /home/airflow/.local/lib/python3.12/site-packages/airflow/example_dags/example_branch_python_dop_operator_3.py
[2026-06-03T06:11:17.803+0000] {logging_mixin.py:188} INFO - [2026-06-03T06:11:17.803+0000] {dag.py:3089} INFO - Sync 1 DAGs
[2026-06-03T06:11:17.823+0000] {logging_mixin.py:188} INFO - [2026-06-03T06:11:17.823+0000] {dag.py:3947} INFO - Setting next_dagrun for example_branch_dop_operator_v3 to 2026-06-03 06:10:00+00:00, run_after=2026-06-03 06:11:00+00:00
[2026-06-03T06:11:17.838+0000] {processor.py:183} INFO - Processing /home/airflow/.local/lib/python3.12/site-packages/airflow/example_dags/example_branch_python_dop_operator_3.py took 0.063 seconds
[2026-06-03T06:11:48.195+0000] {processor.py:161} INFO - Started process (PID=1057) to work on /home/airflow/.local/lib/python3.12/site-packages/airflow/example_dags/example_branch_python_dop_operator_3.py
[2026-06-03T06:11:48.196+0000] {processor.py:830} INFO - Processing file /home/airflow/.local/lib/python3.12/site-packages/airflow/example_dags/example_branch_python_dop_operator_3.py for tasks to queue
[2026-06-03T06:11:48.197+0000] {logging_mixin.py:188} INFO - [2026-06-03T06:11:48.197+0000] {dagbag.py:545} INFO - Filling up the DagBag from /home/airflow/.local/lib/python3.12/site-packages/airflow/example_dags/example_branch_python_dop_operator_3.py
[2026-06-03T06:11:48.204+0000] {processor.py:840} INFO - DAG(s) 'example_branch_dop_operator_v3' retrieved from /home/airflow/.local/lib/python3.12/site-packages/airflow/example_dags/example_branch_python_dop_operator_3.py
[2026-06-03T06:11:48.219+0000] {logging_mixin.py:188} INFO - [2026-06-03T06:11:48.219+0000] {dag.py:3089} INFO - Sync 1 DAGs
[2026-06-03T06:11:48.240+0000] {logging_mixin.py:188} INFO - [2026-06-03T06:11:48.240+0000] {dag.py:3947} INFO - Setting next_dagrun for example_branch_dop_operator_v3 to 2026-06-03 06:10:00+00:00, run_after=2026-06-03 06:11:00+00:00
[2026-06-03T06:11:48.255+0000] {processor.py:183} INFO - Processing /home/airflow/.local/lib/python3.12/site-packages/airflow/example_dags/example_branch_python_dop_operator_3.py took 0.065 seconds
[2026-06-03T06:12:18.537+0000] {processor.py:161} INFO - Started process (PID=1115) to work on /home/airflow/.local/lib/python3.12/site-packages/airflow/example_dags/example_branch_python_dop_operator_3.py
[2026-06-03T06:12:18.537+0000] {processor.py:830} INFO - Processing file /home/airflow/.local/lib/python3.12/site-packages/airflow/example_dags/example_branch_python_dop_operator_3.py for tasks to queue
[2026-06-03T06:12:18.538+0000] {logging_mixin.py:188} INFO - [2026-06-03T06:12:18.538+0000] {dagbag.py:545} INFO - Filling up the DagBag from /home/airflow/.local/lib/python3.12/site-packages/airflow/example_dags/example_branch_python_dop_operator_3.py
[2026-06-03T06:12:18.545+0000] {processor.py:840} INFO - DAG(s) 'example_branch_dop_operator_v3' retrieved from /home/airflow/.local/lib/python3.12/site-packages/airflow/example_dags/example_branch_python_dop_operator_3.py
[2026-06-03T06:12:18.560+0000] {logging_mixin.py:188} INFO - [2026-06-03T06:12:18.560+0000] {dag.py:3089} INFO - Sync 1 DAGs
[2026-06-03T06:12:18.581+0000] {logging_mixin.py:188} INFO - [2026-06-03T06:12:18.581+0000] {dag.py:3947} INFO - Setting next_dagrun for example_branch_dop_operator_v3 to 2026-06-03 06:11:00+00:00, run_after=2026-06-03 06:12:00+00:00
[2026-06-03T06:12:18.595+0000] {processor.py:183} INFO - Processing /home/airflow/.local/lib/python3.12/site-packages/airflow/example_dags/example_branch_python_dop_operator_3.py took 0.064 seconds
[2026-06-03T06:12:48.892+0000] {processor.py:161} INFO - Started process (PID=1173) to work on /home/airflow/.local/lib/python3.12/site-packages/airflow/example_dags/example_branch_python_dop_operator_3.py
[2026-06-03T06:12:48.893+0000] {processor.py:830} INFO - Processing file /home/airflow/.local/lib/python3.12/site-packages/airflow/example_dags/example_branch_python_dop_operator_3.py for tasks to queue
[2026-06-03T06:12:48.894+0000] {logging_mixin.py:188} INFO - [2026-06-03T06:12:48.894+0000] {dagbag.py:545} INFO - Filling up the DagBag from /home/airflow/.local/lib/python3.12/site-packages/airflow/example_dags/example_branch_python_dop_operator_3.py
[2026-06-03T06:12:48.901+0000] {processor.py:840} INFO - DAG(s) 'example_branch_dop_operator_v3' retrieved from /home/airflow/.local/lib/python3.12/site-packages/airflow/example_dags/example_branch_python_dop_operator_3.py
[2026-06-03T06:12:48.916+0000] {logging_mixin.py:188} INFO - [2026-06-03T06:12:48.916+0000] {dag.py:3089} INFO - Sync 1 DAGs
[2026-06-03T06:12:48.937+0000] {logging_mixin.py:188} INFO - [2026-06-03T06:12:48.936+0000] {dag.py:3947} INFO - Setting next_dagrun for example_branch_dop_operator_v3 to 2026-06-03 06:11:00+00:00, run_after=2026-06-03 06:12:00+00:00
[2026-06-03T06:12:48.952+0000] {processor.py:183} INFO - Processing /home/airflow/.local/lib/python3.12/site-packages/airflow/example_dags/example_branch_python_dop_operator_3.py took 0.065 seconds
[2026-06-03T06:13:19.123+0000] {processor.py:161} INFO - Started process (PID=1231) to work on /home/airflow/.local/lib/python3.12/site-packages/airflow/example_dags/example_branch_python_dop_operator_3.py
[2026-06-03T06:13:19.123+0000] {processor.py:830} INFO - Processing file /home/airflow/.local/lib/python3.12/site-packages/airflow/example_dags/example_branch_python_dop_operator_3.py for tasks to queue
[2026-06-03T06:13:19.125+0000] {logging_mixin.py:188} INFO - [2026-06-03T06:13:19.124+0000] {dagbag.py:545} INFO - Filling up the DagBag from /home/airflow/.local/lib/python3.12/site-packages/airflow/example_dags/example_branch_python_dop_operator_3.py
[2026-06-03T06:13:19.131+0000] {processor.py:840} INFO - DAG(s) 'example_branch_dop_operator_v3' retrieved from /home/airflow/.local/lib/python3.12/site-packages/airflow/example_dags/example_branch_python_dop_operator_3.py
[2026-06-03T06:13:19.148+0000] {logging_mixin.py:188} INFO - [2026-06-03T06:13:19.147+0000] {dag.py:3089} INFO - Sync 1 DAGs
[2026-06-03T06:13:19.169+0000] {logging_mixin.py:188} INFO - [2026-06-03T06:13:19.169+0000] {dag.py:3947} INFO - Setting next_dagrun for example_branch_dop_operator_v3 to 2026-06-03 06:12:00+00:00, run_after=2026-06-03 06:13:00+00:00
[2026-06-03T06:13:19.185+0000] {processor.py:183} INFO - Processing /home/airflow/.local/lib/python3.12/site-packages/airflow/example_dags/example_branch_python_dop_operator_3.py took 0.067 seconds
[2026-06-03T06:13:49.335+0000] {processor.py:161} INFO - Started process (PID=1289) to work on /home/airflow/.local/lib/python3.12/site-packages/airflow/example_dags/example_branch_python_dop_operator_3.py
[2026-06-03T06:13:49.336+0000] {processor.py:830} INFO - Processing file /home/airflow/.local/lib/python3.12/site-packages/airflow/example_dags/example_branch_python_dop_operator_3.py for tasks to queue
[2026-06-03T06:13:49.337+0000] {logging_mixin.py:188} INFO - [2026-06-03T06:13:49.337+0000] {dagbag.py:545} INFO - Filling up the DagBag from /home/airflow/.local/lib/python3.12/site-packages/airflow/example_dags/example_branch_python_dop_operator_3.py
[2026-06-03T06:13:49.344+0000] {processor.py:840} INFO - DAG(s) 'example_branch_dop_operator_v3' retrieved from /home/airflow/.local/lib/python3.12/site-packages/airflow/example_dags/example_branch_python_dop_operator_3.py
[2026-06-03T06:13:49.359+0000] {logging_mixin.py:188} INFO - [2026-06-03T06:13:49.359+0000] {dag.py:3089} INFO - Sync 1 DAGs
[2026-06-03T06:13:49.380+0000] {logging_mixin.py:188} INFO - [2026-06-03T06:13:49.380+0000] {dag.py:3947} INFO - Setting next_dagrun for example_branch_dop_operator_v3 to 2026-06-03 06:12:00+00:00, run_after=2026-06-03 06:13:00+00:00
[2026-06-03T06:13:49.396+0000] {processor.py:183} INFO - Processing /home/airflow/.local/lib/python3.12/site-packages/airflow/example_dags/example_branch_python_dop_operator_3.py took 0.065 seconds
[2026-06-03T06:14:19.711+0000] {processor.py:161} INFO - Started process (PID=1347) to work on /home/airflow/.local/lib/python3.12/site-packages/airflow/example_dags/example_branch_python_dop_operator_3.py
[2026-06-03T06:14:19.712+0000] {processor.py:830} INFO - Processing file /home/airflow/.local/lib/python3.12/site-packages/airflow/example_dags/example_branch_python_dop_operator_3.py for tasks to queue
[2026-06-03T06:14:19.713+0000] {logging_mixin.py:188} INFO - [2026-06-03T06:14:19.713+0000] {dagbag.py:545} INFO - Filling up the DagBag from /home/airflow/.local/lib/python3.12/site-packages/airflow/example_dags/example_branch_python_dop_operator_3.py
[2026-06-03T06:14:19.720+0000] {processor.py:840} INFO - DAG(s) 'example_branch_dop_operator_v3' retrieved from /home/airflow/.local/lib/python3.12/site-packages/airflow/example_dags/example_branch_python_dop_operator_3.py
[2026-06-03T06:14:19.735+0000] {logging_mixin.py:188} INFO - [2026-06-03T06:14:19.734+0000] {dag.py:3089} INFO - Sync 1 DAGs
[2026-06-03T06:14:19.755+0000] {logging_mixin.py:188} INFO - [2026-06-03T06:14:19.755+0000] {dag.py:3947} INFO - Setting next_dagrun for example_branch_dop_operator_v3 to 2026-06-03 06:13:00+00:00, run_after=2026-06-03 06:14:00+00:00
[2026-06-03T06:14:19.771+0000] {processor.py:183} INFO - Processing /home/airflow/.local/lib/python3.12/site-packages/airflow/example_dags/example_branch_python_dop_operator_3.py took 0.065 seconds
[2026-06-03T06:14:50.076+0000] {processor.py:161} INFO - Started process (PID=1405) to work on /home/airflow/.local/lib/python3.12/site-packages/airflow/example_dags/example_branch_python_dop_operator_3.py
[2026-06-03T06:14:50.077+0000] {processor.py:830} INFO - Processing file /home/airflow/.local/lib/python3.12/site-packages/airflow/example_dags/example_branch_python_dop_operator_3.py for tasks to queue
[2026-06-03T06:14:50.079+0000] {logging_mixin.py:188} INFO - [2026-06-03T06:14:50.078+0000] {dagbag.py:545} INFO - Filling up the DagBag from /home/airflow/.local/lib/python3.12/site-packages/airflow/example_dags/example_branch_python_dop_operator_3.py
[2026-06-03T06:14:50.086+0000] {processor.py:840} INFO - DAG(s) 'example_branch_dop_operator_v3' retrieved from /home/airflow/.local/lib/python3.12/site-packages/airflow/example_dags/example_branch_python_dop_operator_3.py
[2026-06-03T06:14:50.104+0000] {logging_mixin.py:188} INFO - [2026-06-03T06:14:50.104+0000] {dag.py:3089} INFO - Sync 1 DAGs
[2026-06-03T06:14:50.127+0000] {logging_mixin.py:188} INFO - [2026-06-03T06:14:50.127+0000] {dag.py:3947} INFO - Setting next_dagrun for example_branch_dop_operator_v3 to 2026-06-03 06:13:00+00:00, run_after=2026-06-03 06:14:00+00:00
[2026-06-03T06:14:50.144+0000] {processor.py:183} INFO - Processing /home/airflow/.local/lib/python3.12/site-packages/airflow/example_dags/example_branch_python_dop_operator_3.py took 0.073 seconds
[2026-06-03T06:15:20.284+0000] {processor.py:161} INFO - Started process (PID=1463) to work on /home/airflow/.local/lib/python3.12/site-packages/airflow/example_dags/example_branch_python_dop_operator_3.py
[2026-06-03T06:15:20.285+0000] {processor.py:830} INFO - Processing file /home/airflow/.local/lib/python3.12/site-packages/airflow/example_dags/example_branch_python_dop_operator_3.py for tasks to queue
[2026-06-03T06:15:20.286+0000] {logging_mixin.py:188} INFO - [2026-06-03T06:15:20.286+0000] {dagbag.py:545} INFO - Filling up the DagBag from /home/airflow/.local/lib/python3.12/site-packages/airflow/example_dags/example_branch_python_dop_operator_3.py
[2026-06-03T06:15:20.293+0000] {processor.py:840} INFO - DAG(s) 'example_branch_dop_operator_v3' retrieved from /home/airflow/.local/lib/python3.12/site-packages/airflow/example_dags/example_branch_python_dop_operator_3.py
[2026-06-03T06:15:20.308+0000] {logging_mixin.py:188} INFO - [2026-06-03T06:15:20.308+0000] {dag.py:3089} INFO - Sync 1 DAGs
[2026-06-03T06:15:20.329+0000] {logging_mixin.py:188} INFO - [2026-06-03T06:15:20.328+0000] {dag.py:3947} INFO - Setting next_dagrun for example_branch_dop_operator_v3 to 2026-06-03 06:14:00+00:00, run_after=2026-06-03 06:15:00+00:00
[2026-06-03T06:15:20.344+0000] {processor.py:183} INFO - Processing /home/airflow/.local/lib/python3.12/site-packages/airflow/example_dags/example_branch_python_dop_operator_3.py took 0.065 seconds
[2026-06-03T06:15:50.756+0000] {processor.py:161} INFO - Started process (PID=1521) to work on /home/airflow/.local/lib/python3.12/site-packages/airflow/example_dags/example_branch_python_dop_operator_3.py
[2026-06-03T06:15:50.757+0000] {processor.py:830} INFO - Processing file /home/airflow/.local/lib/python3.12/site-packages/airflow/example_dags/example_branch_python_dop_operator_3.py for tasks to queue
[2026-06-03T06:15:50.758+0000] {logging_mixin.py:188} INFO - [2026-06-03T06:15:50.758+0000] {dagbag.py:545} INFO - Filling up the DagBag from /home/airflow/.local/lib/python3.12/site-packages/airflow/example_dags/example_branch_python_dop_operator_3.py
[2026-06-03T06:15:50.765+0000] {processor.py:840} INFO - DAG(s) 'example_branch_dop_operator_v3' retrieved from /home/airflow/.local/lib/python3.12/site-packages/airflow/example_dags/example_branch_python_dop_operator_3.py
[2026-06-03T06:15:50.780+0000] {logging_mixin.py:188} INFO - [2026-06-03T06:15:50.780+0000] {dag.py:3089} INFO - Sync 1 DAGs
[2026-06-03T06:15:50.801+0000] {logging_mixin.py:188} INFO - [2026-06-03T06:15:50.801+0000] {dag.py:3947} INFO - Setting next_dagrun for example_branch_dop_operator_v3 to 2026-06-03 06:14:00+00:00, run_after=2026-06-03 06:15:00+00:00
[2026-06-03T06:15:50.817+0000] {processor.py:183} INFO - Processing /home/airflow/.local/lib/python3.12/site-packages/airflow/example_dags/example_branch_python_dop_operator_3.py took 0.066 seconds
[2026-06-03T06:16:21.118+0000] {processor.py:161} INFO - Started process (PID=1579) to work on /home/airflow/.local/lib/python3.12/site-packages/airflow/example_dags/example_branch_python_dop_operator_3.py
[2026-06-03T06:16:21.118+0000] {processor.py:830} INFO - Processing file /home/airflow/.local/lib/python3.12/site-packages/airflow/example_dags/example_branch_python_dop_operator_3.py for tasks to queue
[2026-06-03T06:16:21.119+0000] {logging_mixin.py:188} INFO - [2026-06-03T06:16:21.119+0000] {dagbag.py:545} INFO - Filling up the DagBag from /home/airflow/.local/lib/python3.12/site-packages/airflow/example_dags/example_branch_python_dop_operator_3.py
[2026-06-03T06:16:21.126+0000] {processor.py:840} INFO - DAG(s) 'example_branch_dop_operator_v3' retrieved from /home/airflow/.local/lib/python3.12/site-packages/airflow/example_dags/example_branch_python_dop_operator_3.py
[2026-06-03T06:16:21.141+0000] {logging_mixin.py:188} INFO - [2026-06-03T06:16:21.141+0000] {dag.py:3089} INFO - Sync 1 DAGs
[2026-06-03T06:16:21.161+0000] {logging_mixin.py:188} INFO - [2026-06-03T06:16:21.161+0000] {dag.py:3947} INFO - Setting next_dagrun for example_branch_dop_operator_v3 to 2026-06-03 06:15:00+00:00, run_after=2026-06-03 06:16:00+00:00
[2026-06-03T06:16:21.176+0000] {processor.py:183} INFO - Processing /home/airflow/.local/lib/python3.12/site-packages/airflow/example_dags/example_branch_python_dop_operator_3.py took 0.064 seconds
[2026-06-03T06:16:51.513+0000] {processor.py:161} INFO - Started process (PID=1636) to work on /home/airflow/.local/lib/python3.12/site-packages/airflow/example_dags/example_branch_python_dop_operator_3.py
[2026-06-03T06:16:51.514+0000] {processor.py:830} INFO - Processing file /home/airflow/.local/lib/python3.12/site-packages/airflow/example_dags/example_branch_python_dop_operator_3.py for tasks to queue
[2026-06-03T06:16:51.515+0000] {logging_mixin.py:188} INFO - [2026-06-03T06:16:51.515+0000] {dagbag.py:545} INFO - Filling up the DagBag from /home/airflow/.local/lib/python3.12/site-packages/airflow/example_dags/example_branch_python_dop_operator_3.py
[2026-06-03T06:16:51.522+0000] {processor.py:840} INFO - DAG(s) 'example_branch_dop_operator_v3' retrieved from /home/airflow/.local/lib/python3.12/site-packages/airflow/example_dags/example_branch_python_dop_operator_3.py
[2026-06-03T06:16:51.537+0000] {logging_mixin.py:188} INFO - [2026-06-03T06:16:51.537+0000] {dag.py:3089} INFO - Sync 1 DAGs
[2026-06-03T06:16:51.558+0000] {logging_mixin.py:188} INFO - [2026-06-03T06:16:51.557+0000] {dag.py:3947} INFO - Setting next_dagrun for example_branch_dop_operator_v3 to 2026-06-03 06:15:00+00:00, run_after=2026-06-03 06:16:00+00:00
[2026-06-03T06:16:51.572+0000] {processor.py:183} INFO - Processing /home/airflow/.local/lib/python3.12/site-packages/airflow/example_dags/example_branch_python_dop_operator_3.py took 0.064 seconds
[2026-06-03T06:17:22.463+0000] {processor.py:161} INFO - Started process (PID=1694) to work on /home/airflow/.local/lib/python3.12/site-packages/airflow/example_dags/example_branch_python_dop_operator_3.py
[2026-06-03T06:17:22.464+0000] {processor.py:830} INFO - Processing file /home/airflow/.local/lib/python3.12/site-packages/airflow/example_dags/example_branch_python_dop_operator_3.py for tasks to queue
[2026-06-03T06:17:22.465+0000] {logging_mixin.py:188} INFO - [2026-06-03T06:17:22.465+0000] {dagbag.py:545} INFO - Filling up the DagBag from /home/airflow/.local/lib/python3.12/site-packages/airflow/example_dags/example_branch_python_dop_operator_3.py
[2026-06-03T06:17:22.472+0000] {processor.py:840} INFO - DAG(s) 'example_branch_dop_operator_v3' retrieved from /home/airflow/.local/lib/python3.12/site-packages/airflow/example_dags/example_branch_python_dop_operator_3.py
[2026-06-03T06:17:22.488+0000] {logging_mixin.py:188} INFO - [2026-06-03T06:17:22.488+0000] {dag.py:3089} INFO - Sync 1 DAGs
[2026-06-03T06:17:22.620+0000] {logging_mixin.py:188} INFO - [2026-06-03T06:17:22.620+0000] {dag.py:3947} INFO - Setting next_dagrun for example_branch_dop_operator_v3 to 2026-06-03 06:16:00+00:00, run_after=2026-06-03 06:17:00+00:00
[2026-06-03T06:17:22.634+0000] {processor.py:183} INFO - Processing /home/airflow/.local/lib/python3.12/site-packages/airflow/example_dags/example_branch_python_dop_operator_3.py took 0.175 seconds
[2026-06-03T06:17:53.481+0000] {processor.py:161} INFO - Started process (PID=1751) to work on /home/airflow/.local/lib/python3.12/site-packages/airflow/example_dags/example_branch_python_dop_operator_3.py
[2026-06-03T06:17:53.482+0000] {processor.py:830} INFO - Processing file /home/airflow/.local/lib/python3.12/site-packages/airflow/example_dags/example_branch_python_dop_operator_3.py for tasks to queue
[2026-06-03T06:17:53.484+0000] {logging_mixin.py:188} INFO - [2026-06-03T06:17:53.483+0000] {dagbag.py:545} INFO - Filling up the DagBag from /home/airflow/.local/lib/python3.12/site-packages/airflow/example_dags/example_branch_python_dop_operator_3.py
[2026-06-03T06:17:53.491+0000] {processor.py:840} INFO - DAG(s) 'example_branch_dop_operator_v3' retrieved from /home/airflow/.local/lib/python3.12/site-packages/airflow/example_dags/example_branch_python_dop_operator_3.py
[2026-06-03T06:17:53.506+0000] {logging_mixin.py:188} INFO - [2026-06-03T06:17:53.506+0000] {dag.py:3089} INFO - Sync 1 DAGs
[2026-06-03T06:17:53.527+0000] {logging_mixin.py:188} INFO - [2026-06-03T06:17:53.527+0000] {dag.py:3947} INFO - Setting next_dagrun for example_branch_dop_operator_v3 to 2026-06-03 06:16:00+00:00, run_after=2026-06-03 06:17:00+00:00
[2026-06-03T06:17:53.682+0000] {processor.py:183} INFO - Processing /home/airflow/.local/lib/python3.12/site-packages/airflow/example_dags/example_branch_python_dop_operator_3.py took 0.205 seconds
[2026-06-03T06:18:24.563+0000] {processor.py:161} INFO - Started process (PID=1809) to work on /home/airflow/.local/lib/python3.12/site-packages/airflow/example_dags/example_branch_python_dop_operator_3.py
[2026-06-03T06:18:24.565+0000] {processor.py:830} INFO - Processing file /home/airflow/.local/lib/python3.12/site-packages/airflow/example_dags/example_branch_python_dop_operator_3.py for tasks to queue
[2026-06-03T06:18:24.566+0000] {logging_mixin.py:188} INFO - [2026-06-03T06:18:24.566+0000] {dagbag.py:545} INFO - Filling up the DagBag from /home/airflow/.local/lib/python3.12/site-packages/airflow/example_dags/example_branch_python_dop_operator_3.py
[2026-06-03T06:18:24.573+0000] {processor.py:840} INFO - DAG(s) 'example_branch_dop_operator_v3' retrieved from /home/airflow/.local/lib/python3.12/site-packages/airflow/example_dags/example_branch_python_dop_operator_3.py
[2026-06-03T06:18:24.588+0000] {logging_mixin.py:188} INFO - [2026-06-03T06:18:24.588+0000] {dag.py:3089} INFO - Sync 1 DAGs
[2026-06-03T06:18:24.609+0000] {logging_mixin.py:188} INFO - [2026-06-03T06:18:24.609+0000] {dag.py:3947} INFO - Setting next_dagrun for example_branch_dop_operator_v3 to 2026-06-03 06:17:00+00:00, run_after=2026-06-03 06:18:00+00:00
[2026-06-03T06:18:24.624+0000] {processor.py:183} INFO - Processing /home/airflow/.local/lib/python3.12/site-packages/airflow/example_dags/example_branch_python_dop_operator_3.py took 0.065 seconds
[2026-06-03T06:18:54.728+0000] {processor.py:161} INFO - Started process (PID=1867) to work on /home/airflow/.local/lib/python3.12/site-packages/airflow/example_dags/example_branch_python_dop_operator_3.py
[2026-06-03T06:18:54.729+0000] {processor.py:830} INFO - Processing file /home/airflow/.local/lib/python3.12/site-packages/airflow/example_dags/example_branch_python_dop_operator_3.py for tasks to queue
[2026-06-03T06:18:54.730+0000] {logging_mixin.py:188} INFO - [2026-06-03T06:18:54.730+0000] {dagbag.py:545} INFO - Filling up the DagBag from /home/airflow/.local/lib/python3.12/site-packages/airflow/example_dags/example_branch_python_dop_operator_3.py
[2026-06-03T06:18:54.737+0000] {processor.py:840} INFO - DAG(s) 'example_branch_dop_operator_v3' retrieved from /home/airflow/.local/lib/python3.12/site-packages/airflow/example_dags/example_branch_python_dop_operator_3.py
[2026-06-03T06:18:54.753+0000] {logging_mixin.py:188} INFO - [2026-06-03T06:18:54.753+0000] {dag.py:3089} INFO - Sync 1 DAGs
[2026-06-03T06:18:54.774+0000] {logging_mixin.py:188} INFO - [2026-06-03T06:18:54.773+0000] {dag.py:3947} INFO - Setting next_dagrun for example_branch_dop_operator_v3 to 2026-06-03 06:17:00+00:00, run_after=2026-06-03 06:18:00+00:00
[2026-06-03T06:18:54.788+0000] {processor.py:183} INFO - Processing /home/airflow/.local/lib/python3.12/site-packages/airflow/example_dags/example_branch_python_dop_operator_3.py took 0.065 seconds
[2026-06-03T06:19:25.672+0000] {processor.py:161} INFO - Started process (PID=1925) to work on /home/airflow/.local/lib/python3.12/site-packages/airflow/example_dags/example_branch_python_dop_operator_3.py
[2026-06-03T06:19:25.675+0000] {processor.py:830} INFO - Processing file /home/airflow/.local/lib/python3.12/site-packages/airflow/example_dags/example_branch_python_dop_operator_3.py for tasks to queue
[2026-06-03T06:19:25.676+0000] {logging_mixin.py:188} INFO - [2026-06-03T06:19:25.676+0000] {dagbag.py:545} INFO - Filling up the DagBag from /home/airflow/.local/lib/python3.12/site-packages/airflow/example_dags/example_branch_python_dop_operator_3.py
[2026-06-03T06:19:25.683+0000] {processor.py:840} INFO - DAG(s) 'example_branch_dop_operator_v3' retrieved from /home/airflow/.local/lib/python3.12/site-packages/airflow/example_dags/example_branch_python_dop_operator_3.py
[2026-06-03T06:19:25.700+0000] {logging_mixin.py:188} INFO - [2026-06-03T06:19:25.700+0000] {dag.py:3089} INFO - Sync 1 DAGs
[2026-06-03T06:19:25.721+0000] {logging_mixin.py:188} INFO - [2026-06-03T06:19:25.721+0000] {dag.py:3947} INFO - Setting next_dagrun for example_branch_dop_operator_v3 to 2026-06-03 06:18:00+00:00, run_after=2026-06-03 06:19:00+00:00
[2026-06-03T06:19:25.735+0000] {processor.py:183} INFO - Processing /home/airflow/.local/lib/python3.12/site-packages/airflow/example_dags/example_branch_python_dop_operator_3.py took 0.069 seconds
[2026-06-03T06:19:56.675+0000] {processor.py:161} INFO - Started process (PID=1983) to work on /home/airflow/.local/lib/python3.12/site-packages/airflow/example_dags/example_branch_python_dop_operator_3.py
[2026-06-03T06:19:56.676+0000] {processor.py:830} INFO - Processing file /home/airflow/.local/lib/python3.12/site-packages/airflow/example_dags/example_branch_python_dop_operator_3.py for tasks to queue
[2026-06-03T06:19:56.677+0000] {logging_mixin.py:188} INFO - [2026-06-03T06:19:56.677+0000] {dagbag.py:545} INFO - Filling up the DagBag from /home/airflow/.local/lib/python3.12/site-packages/airflow/example_dags/example_branch_python_dop_operator_3.py
[2026-06-03T06:19:56.684+0000] {processor.py:840} INFO - DAG(s) 'example_branch_dop_operator_v3' retrieved from /home/airflow/.local/lib/python3.12/site-packages/airflow/example_dags/example_branch_python_dop_operator_3.py
[2026-06-03T06:19:56.700+0000] {logging_mixin.py:188} INFO - [2026-06-03T06:19:56.700+0000] {dag.py:3089} INFO - Sync 1 DAGs
[2026-06-03T06:19:56.834+0000] {logging_mixin.py:188} INFO - [2026-06-03T06:19:56.834+0000] {dag.py:3947} INFO - Setting next_dagrun for example_branch_dop_operator_v3 to 2026-06-03 06:18:00+00:00, run_after=2026-06-03 06:19:00+00:00
[2026-06-03T06:19:56.849+0000] {processor.py:183} INFO - Processing /home/airflow/.local/lib/python3.12/site-packages/airflow/example_dags/example_branch_python_dop_operator_3.py took 0.179 seconds
[2026-06-03T06:20:27.476+0000] {processor.py:161} INFO - Started process (PID=2041) to work on /home/airflow/.local/lib/python3.12/site-packages/airflow/example_dags/example_branch_python_dop_operator_3.py
[2026-06-03T06:20:27.478+0000] {processor.py:830} INFO - Processing file /home/airflow/.local/lib/python3.12/site-packages/airflow/example_dags/example_branch_python_dop_operator_3.py for tasks to queue
[2026-06-03T06:20:27.479+0000] {logging_mixin.py:188} INFO - [2026-06-03T06:20:27.479+0000] {dagbag.py:545} INFO - Filling up the DagBag from /home/airflow/.local/lib/python3.12/site-packages/airflow/example_dags/example_branch_python_dop_operator_3.py
[2026-06-03T06:20:27.486+0000] {processor.py:840} INFO - DAG(s) 'example_branch_dop_operator_v3' retrieved from /home/airflow/.local/lib/python3.12/site-packages/airflow/example_dags/example_branch_python_dop_operator_3.py
[2026-06-03T06:20:27.504+0000] {logging_mixin.py:188} INFO - [2026-06-03T06:20:27.503+0000] {dag.py:3089} INFO - Sync 1 DAGs
[2026-06-03T06:20:27.526+0000] {logging_mixin.py:188} INFO - [2026-06-03T06:20:27.525+0000] {dag.py:3947} INFO - Setting next_dagrun for example_branch_dop_operator_v3 to 2026-06-03 06:19:00+00:00, run_after=2026-06-03 06:20:00+00:00
[2026-06-03T06:20:27.541+0000] {processor.py:183} INFO - Processing /home/airflow/.local/lib/python3.12/site-packages/airflow/example_dags/example_branch_python_dop_operator_3.py took 0.070 seconds
[2026-06-03T06:20:57.809+0000] {processor.py:161} INFO - Started process (PID=2099) to work on /home/airflow/.local/lib/python3.12/site-packages/airflow/example_dags/example_branch_python_dop_operator_3.py
[2026-06-03T06:20:57.810+0000] {processor.py:830} INFO - Processing file /home/airflow/.local/lib/python3.12/site-packages/airflow/example_dags/example_branch_python_dop_operator_3.py for tasks to queue
[2026-06-03T06:20:57.812+0000] {logging_mixin.py:188} INFO - [2026-06-03T06:20:57.812+0000] {dagbag.py:545} INFO - Filling up the DagBag from /home/airflow/.local/lib/python3.12/site-packages/airflow/example_dags/example_branch_python_dop_operator_3.py
[2026-06-03T06:20:57.819+0000] {processor.py:840} INFO - DAG(s) 'example_branch_dop_operator_v3' retrieved from /home/airflow/.local/lib/python3.12/site-packages/airflow/example_dags/example_branch_python_dop_operator_3.py
[2026-06-03T06:20:57.834+0000] {logging_mixin.py:188} INFO - [2026-06-03T06:20:57.834+0000] {dag.py:3089} INFO - Sync 1 DAGs
[2026-06-03T06:20:57.854+0000] {logging_mixin.py:188} INFO - [2026-06-03T06:20:57.854+0000] {dag.py:3947} INFO - Setting next_dagrun for example_branch_dop_operator_v3 to 2026-06-03 06:19:00+00:00, run_after=2026-06-03 06:20:00+00:00
[2026-06-03T06:20:57.869+0000] {processor.py:183} INFO - Processing /home/airflow/.local/lib/python3.12/site-packages/airflow/example_dags/example_branch_python_dop_operator_3.py took 0.065 seconds
[2026-06-03T06:21:28.154+0000] {processor.py:161} INFO - Started process (PID=2157) to work on /home/airflow/.local/lib/python3.12/site-packages/airflow/example_dags/example_branch_python_dop_operator_3.py
[2026-06-03T06:21:28.155+0000] {processor.py:830} INFO - Processing file /home/airflow/.local/lib/python3.12/site-packages/airflow/example_dags/example_branch_python_dop_operator_3.py for tasks to queue
[2026-06-03T06:21:28.156+0000] {logging_mixin.py:188} INFO - [2026-06-03T06:21:28.156+0000] {dagbag.py:545} INFO - Filling up the DagBag from /home/airflow/.local/lib/python3.12/site-packages/airflow/example_dags/example_branch_python_dop_operator_3.py
[2026-06-03T06:21:28.163+0000] {processor.py:840} INFO - DAG(s) 'example_branch_dop_operator_v3' retrieved from /home/airflow/.local/lib/python3.12/site-packages/airflow/example_dags/example_branch_python_dop_operator_3.py
[2026-06-03T06:21:28.179+0000] {logging_mixin.py:188} INFO - [2026-06-03T06:21:28.178+0000] {dag.py:3089} INFO - Sync 1 DAGs
[2026-06-03T06:21:28.199+0000] {logging_mixin.py:188} INFO - [2026-06-03T06:21:28.199+0000] {dag.py:3947} INFO - Setting next_dagrun for example_branch_dop_operator_v3 to 2026-06-03 06:20:00+00:00, run_after=2026-06-03 06:21:00+00:00
[2026-06-03T06:21:28.217+0000] {processor.py:183} INFO - Processing /home/airflow/.local/lib/python3.12/site-packages/airflow/example_dags/example_branch_python_dop_operator_3.py took 0.070 seconds
[2026-06-03T06:21:58.657+0000] {processor.py:161} INFO - Started process (PID=2215) to work on /home/airflow/.local/lib/python3.12/site-packages/airflow/example_dags/example_branch_python_dop_operator_3.py
[2026-06-03T06:21:58.658+0000] {processor.py:830} INFO - Processing file /home/airflow/.local/lib/python3.12/site-packages/airflow/example_dags/example_branch_python_dop_operator_3.py for tasks to queue
[2026-06-03T06:21:58.660+0000] {logging_mixin.py:188} INFO - [2026-06-03T06:21:58.660+0000] {dagbag.py:545} INFO - Filling up the DagBag from /home/airflow/.local/lib/python3.12/site-packages/airflow/example_dags/example_branch_python_dop_operator_3.py
[2026-06-03T06:21:58.667+0000] {processor.py:840} INFO - DAG(s) 'example_branch_dop_operator_v3' retrieved from /home/airflow/.local/lib/python3.12/site-packages/airflow/example_dags/example_branch_python_dop_operator_3.py
[2026-06-03T06:21:58.684+0000] {logging_mixin.py:188} INFO - [2026-06-03T06:21:58.684+0000] {dag.py:3089} INFO - Sync 1 DAGs
[2026-06-03T06:21:58.708+0000] {logging_mixin.py:188} INFO - [2026-06-03T06:21:58.707+0000] {dag.py:3947} INFO - Setting next_dagrun for example_branch_dop_operator_v3 to 2026-06-03 06:20:00+00:00, run_after=2026-06-03 06:21:00+00:00
[2026-06-03T06:21:58.776+0000] {processor.py:183} INFO - Processing /home/airflow/.local/lib/python3.12/site-packages/airflow/example_dags/example_branch_python_dop_operator_3.py took 0.124 seconds
[2026-06-03T06:22:38.803+0000] {processor.py:161} INFO - Started process (PID=2274) to work on /home/airflow/.local/lib/python3.12/site-packages/airflow/example_dags/example_branch_python_dop_operator_3.py
[2026-06-03T06:22:38.811+0000] {processor.py:830} INFO - Processing file /home/airflow/.local/lib/python3.12/site-packages/airflow/example_dags/example_branch_python_dop_operator_3.py for tasks to queue
[2026-06-03T06:22:38.813+0000] {logging_mixin.py:188} INFO - [2026-06-03T06:22:38.812+0000] {dagbag.py:545} INFO - Filling up the DagBag from /home/airflow/.local/lib/python3.12/site-packages/airflow/example_dags/example_branch_python_dop_operator_3.py
[2026-06-03T06:22:38.819+0000] {processor.py:840} INFO - DAG(s) 'example_branch_dop_operator_v3' retrieved from /home/airflow/.local/lib/python3.12/site-packages/airflow/example_dags/example_branch_python_dop_operator_3.py
[2026-06-03T06:22:38.836+0000] {logging_mixin.py:188} INFO - [2026-06-03T06:22:38.836+0000] {dag.py:3089} INFO - Sync 1 DAGs
[2026-06-03T06:22:38.859+0000] {logging_mixin.py:188} INFO - [2026-06-03T06:22:38.859+0000] {dag.py:3947} INFO - Setting next_dagrun for example_branch_dop_operator_v3 to 2026-06-03 06:21:00+00:00, run_after=2026-06-03 06:22:00+00:00
[2026-06-03T06:22:38.899+0000] {processor.py:183} INFO - Processing /home/airflow/.local/lib/python3.12/site-packages/airflow/example_dags/example_branch_python_dop_operator_3.py took 0.101 seconds
[2026-06-03T06:23:09.147+0000] {processor.py:161} INFO - Started process (PID=2332) to work on /home/airflow/.local/lib/python3.12/site-packages/airflow/example_dags/example_branch_python_dop_operator_3.py
[2026-06-03T06:23:09.148+0000] {processor.py:830} INFO - Processing file /home/airflow/.local/lib/python3.12/site-packages/airflow/example_dags/example_branch_python_dop_operator_3.py for tasks to queue
[2026-06-03T06:23:09.149+0000] {logging_mixin.py:188} INFO - [2026-06-03T06:23:09.149+0000] {dagbag.py:545} INFO - Filling up the DagBag from /home/airflow/.local/lib/python3.12/site-packages/airflow/example_dags/example_branch_python_dop_operator_3.py
[2026-06-03T06:23:09.156+0000] {processor.py:840} INFO - DAG(s) 'example_branch_dop_operator_v3' retrieved from /home/airflow/.local/lib/python3.12/site-packages/airflow/example_dags/example_branch_python_dop_operator_3.py
[2026-06-03T06:23:09.172+0000] {logging_mixin.py:188} INFO - [2026-06-03T06:23:09.172+0000] {dag.py:3089} INFO - Sync 1 DAGs
[2026-06-03T06:23:09.194+0000] {logging_mixin.py:188} INFO - [2026-06-03T06:23:09.194+0000] {dag.py:3947} INFO - Setting next_dagrun for example_branch_dop_operator_v3 to 2026-06-03 06:22:00+00:00, run_after=2026-06-03 06:23:00+00:00
[2026-06-03T06:23:09.210+0000] {processor.py:183} INFO - Processing /home/airflow/.local/lib/python3.12/site-packages/airflow/example_dags/example_branch_python_dop_operator_3.py took 0.068 seconds
[2026-06-03T06:23:39.559+0000] {processor.py:161} INFO - Started process (PID=2390) to work on /home/airflow/.local/lib/python3.12/site-packages/airflow/example_dags/example_branch_python_dop_operator_3.py
[2026-06-03T06:23:39.560+0000] {processor.py:830} INFO - Processing file /home/airflow/.local/lib/python3.12/site-packages/airflow/example_dags/example_branch_python_dop_operator_3.py for tasks to queue
[2026-06-03T06:23:39.561+0000] {logging_mixin.py:188} INFO - [2026-06-03T06:23:39.561+0000] {dagbag.py:545} INFO - Filling up the DagBag from /home/airflow/.local/lib/python3.12/site-packages/airflow/example_dags/example_branch_python_dop_operator_3.py
[2026-06-03T06:23:39.569+0000] {processor.py:840} INFO - DAG(s) 'example_branch_dop_operator_v3' retrieved from /home/airflow/.local/lib/python3.12/site-packages/airflow/example_dags/example_branch_python_dop_operator_3.py
[2026-06-03T06:23:39.584+0000] {logging_mixin.py:188} INFO - [2026-06-03T06:23:39.584+0000] {dag.py:3089} INFO - Sync 1 DAGs
[2026-06-03T06:23:39.606+0000] {logging_mixin.py:188} INFO - [2026-06-03T06:23:39.606+0000] {dag.py:3947} INFO - Setting next_dagrun for example_branch_dop_operator_v3 to 2026-06-03 06:22:00+00:00, run_after=2026-06-03 06:23:00+00:00
[2026-06-03T06:23:39.621+0000] {processor.py:183} INFO - Processing /home/airflow/.local/lib/python3.12/site-packages/airflow/example_dags/example_branch_python_dop_operator_3.py took 0.067 seconds
[2026-06-03T06:24:09.969+0000] {processor.py:161} INFO - Started process (PID=2448) to work on /home/airflow/.local/lib/python3.12/site-packages/airflow/example_dags/example_branch_python_dop_operator_3.py
[2026-06-03T06:24:09.970+0000] {processor.py:830} INFO - Processing file /home/airflow/.local/lib/python3.12/site-packages/airflow/example_dags/example_branch_python_dop_operator_3.py for tasks to queue
[2026-06-03T06:24:09.972+0000] {logging_mixin.py:188} INFO - [2026-06-03T06:24:09.971+0000] {dagbag.py:545} INFO - Filling up the DagBag from /home/airflow/.local/lib/python3.12/site-packages/airflow/example_dags/example_branch_python_dop_operator_3.py
[2026-06-03T06:24:09.979+0000] {processor.py:840} INFO - DAG(s) 'example_branch_dop_operator_v3' retrieved from /home/airflow/.local/lib/python3.12/site-packages/airflow/example_dags/example_branch_python_dop_operator_3.py
[2026-06-03T06:24:09.994+0000] {logging_mixin.py:188} INFO - [2026-06-03T06:24:09.994+0000] {dag.py:3089} INFO - Sync 1 DAGs
[2026-06-03T06:24:10.015+0000] {logging_mixin.py:188} INFO - [2026-06-03T06:24:10.014+0000] {dag.py:3947} INFO - Setting next_dagrun for example_branch_dop_operator_v3 to 2026-06-03 06:23:00+00:00, run_after=2026-06-03 06:24:00+00:00
[2026-06-03T06:24:10.030+0000] {processor.py:183} INFO - Processing /home/airflow/.local/lib/python3.12/site-packages/airflow/example_dags/example_branch_python_dop_operator_3.py took 0.065 seconds
[2026-06-03T06:24:40.487+0000] {processor.py:161} INFO - Started process (PID=2506) to work on /home/airflow/.local/lib/python3.12/site-packages/airflow/example_dags/example_branch_python_dop_operator_3.py
[2026-06-03T06:24:40.487+0000] {processor.py:830} INFO - Processing file /home/airflow/.local/lib/python3.12/site-packages/airflow/example_dags/example_branch_python_dop_operator_3.py for tasks to queue
[2026-06-03T06:24:40.489+0000] {logging_mixin.py:188} INFO - [2026-06-03T06:24:40.488+0000] {dagbag.py:545} INFO - Filling up the DagBag from /home/airflow/.local/lib/python3.12/site-packages/airflow/example_dags/example_branch_python_dop_operator_3.py
[2026-06-03T06:24:40.495+0000] {processor.py:840} INFO - DAG(s) 'example_branch_dop_operator_v3' retrieved from /home/airflow/.local/lib/python3.12/site-packages/airflow/example_dags/example_branch_python_dop_operator_3.py
[2026-06-03T06:24:40.510+0000] {logging_mixin.py:188} INFO - [2026-06-03T06:24:40.510+0000] {dag.py:3089} INFO - Sync 1 DAGs
[2026-06-03T06:24:40.531+0000] {logging_mixin.py:188} INFO - [2026-06-03T06:24:40.531+0000] {dag.py:3947} INFO - Setting next_dagrun for example_branch_dop_operator_v3 to 2026-06-03 06:23:00+00:00, run_after=2026-06-03 06:24:00+00:00
[2026-06-03T06:24:40.545+0000] {processor.py:183} INFO - Processing /home/airflow/.local/lib/python3.12/site-packages/airflow/example_dags/example_branch_python_dop_operator_3.py took 0.063 seconds
[2026-06-03T06:25:10.994+0000] {processor.py:161} INFO - Started process (PID=2564) to work on /home/airflow/.local/lib/python3.12/site-packages/airflow/example_dags/example_branch_python_dop_operator_3.py
[2026-06-03T06:25:10.995+0000] {processor.py:830} INFO - Processing file /home/airflow/.local/lib/python3.12/site-packages/airflow/example_dags/example_branch_python_dop_operator_3.py for tasks to queue
[2026-06-03T06:25:10.996+0000] {logging_mixin.py:188} INFO - [2026-06-03T06:25:10.996+0000] {dagbag.py:545} INFO - Filling up the DagBag from /home/airflow/.local/lib/python3.12/site-packages/airflow/example_dags/example_branch_python_dop_operator_3.py
[2026-06-03T06:25:11.004+0000] {processor.py:840} INFO - DAG(s) 'example_branch_dop_operator_v3' retrieved from /home/airflow/.local/lib/python3.12/site-packages/airflow/example_dags/example_branch_python_dop_operator_3.py
[2026-06-03T06:25:11.019+0000] {logging_mixin.py:188} INFO - [2026-06-03T06:25:11.019+0000] {dag.py:3089} INFO - Sync 1 DAGs
[2026-06-03T06:25:11.041+0000] {logging_mixin.py:188} INFO - [2026-06-03T06:25:11.040+0000] {dag.py:3947} INFO - Setting next_dagrun for example_branch_dop_operator_v3 to 2026-06-03 06:24:00+00:00, run_after=2026-06-03 06:25:00+00:00
[2026-06-03T06:25:11.056+0000] {processor.py:183} INFO - Processing /home/airflow/.local/lib/python3.12/site-packages/airflow/example_dags/example_branch_python_dop_operator_3.py took 0.067 seconds
[2026-06-03T06:25:41.296+0000] {processor.py:161} INFO - Started process (PID=2622) to work on /home/airflow/.local/lib/python3.12/site-packages/airflow/example_dags/example_branch_python_dop_operator_3.py
[2026-06-03T06:25:41.297+0000] {processor.py:830} INFO - Processing file /home/airflow/.local/lib/python3.12/site-packages/airflow/example_dags/example_branch_python_dop_operator_3.py for tasks to queue
[2026-06-03T06:25:41.298+0000] {logging_mixin.py:188} INFO - [2026-06-03T06:25:41.297+0000] {dagbag.py:545} INFO - Filling up the DagBag from /home/airflow/.local/lib/python3.12/site-packages/airflow/example_dags/example_branch_python_dop_operator_3.py
[2026-06-03T06:25:41.305+0000] {processor.py:840} INFO - DAG(s) 'example_branch_dop_operator_v3' retrieved from /home/airflow/.local/lib/python3.12/site-packages/airflow/example_dags/example_branch_python_dop_operator_3.py
[2026-06-03T06:25:41.320+0000] {logging_mixin.py:188} INFO - [2026-06-03T06:25:41.320+0000] {dag.py:3089} INFO - Sync 1 DAGs
[2026-06-03T06:25:41.341+0000] {logging_mixin.py:188} INFO - [2026-06-03T06:25:41.341+0000] {dag.py:3947} INFO - Setting next_dagrun for example_branch_dop_operator_v3 to 2026-06-03 06:24:00+00:00, run_after=2026-06-03 06:25:00+00:00
[2026-06-03T06:25:41.358+0000] {processor.py:183} INFO - Processing /home/airflow/.local/lib/python3.12/site-packages/airflow/example_dags/example_branch_python_dop_operator_3.py took 0.067 seconds
[2026-06-03T06:26:11.717+0000] {processor.py:161} INFO - Started process (PID=2679) to work on /home/airflow/.local/lib/python3.12/site-packages/airflow/example_dags/example_branch_python_dop_operator_3.py
[2026-06-03T06:26:11.718+0000] {processor.py:830} INFO - Processing file /home/airflow/.local/lib/python3.12/site-packages/airflow/example_dags/example_branch_python_dop_operator_3.py for tasks to queue
[2026-06-03T06:26:11.720+0000] {logging_mixin.py:188} INFO - [2026-06-03T06:26:11.719+0000] {dagbag.py:545} INFO - Filling up the DagBag from /home/airflow/.local/lib/python3.12/site-packages/airflow/example_dags/example_branch_python_dop_operator_3.py
[2026-06-03T06:26:11.727+0000] {processor.py:840} INFO - DAG(s) 'example_branch_dop_operator_v3' retrieved from /home/airflow/.local/lib/python3.12/site-packages/airflow/example_dags/example_branch_python_dop_operator_3.py
[2026-06-03T06:26:11.742+0000] {logging_mixin.py:188} INFO - [2026-06-03T06:26:11.742+0000] {dag.py:3089} INFO - Sync 1 DAGs
[2026-06-03T06:26:11.763+0000] {logging_mixin.py:188} INFO - [2026-06-03T06:26:11.763+0000] {dag.py:3947} INFO - Setting next_dagrun for example_branch_dop_operator_v3 to 2026-06-03 06:25:00+00:00, run_after=2026-06-03 06:26:00+00:00
[2026-06-03T06:26:11.779+0000] {processor.py:183} INFO - Processing /home/airflow/.local/lib/python3.12/site-packages/airflow/example_dags/example_branch_python_dop_operator_3.py took 0.066 seconds
[2026-06-03T06:26:42.050+0000] {processor.py:161} INFO - Started process (PID=2737) to work on /home/airflow/.local/lib/python3.12/site-packages/airflow/example_dags/example_branch_python_dop_operator_3.py
[2026-06-03T06:26:42.051+0000] {processor.py:830} INFO - Processing file /home/airflow/.local/lib/python3.12/site-packages/airflow/example_dags/example_branch_python_dop_operator_3.py for tasks to queue
[2026-06-03T06:26:42.052+0000] {logging_mixin.py:188} INFO - [2026-06-03T06:26:42.052+0000] {dagbag.py:545} INFO - Filling up the DagBag from /home/airflow/.local/lib/python3.12/site-packages/airflow/example_dags/example_branch_python_dop_operator_3.py
[2026-06-03T06:26:42.059+0000] {processor.py:840} INFO - DAG(s) 'example_branch_dop_operator_v3' retrieved from /home/airflow/.local/lib/python3.12/site-packages/airflow/example_dags/example_branch_python_dop_operator_3.py
[2026-06-03T06:26:42.074+0000] {logging_mixin.py:188} INFO - [2026-06-03T06:26:42.074+0000] {dag.py:3089} INFO - Sync 1 DAGs
[2026-06-03T06:26:42.095+0000] {logging_mixin.py:188} INFO - [2026-06-03T06:26:42.095+0000] {dag.py:3947} INFO - Setting next_dagrun for example_branch_dop_operator_v3 to 2026-06-03 06:25:00+00:00, run_after=2026-06-03 06:26:00+00:00
[2026-06-03T06:26:42.110+0000] {processor.py:183} INFO - Processing /home/airflow/.local/lib/python3.12/site-packages/airflow/example_dags/example_branch_python_dop_operator_3.py took 0.064 seconds
