[2026-06-03T06:03:07.677+0000] {processor.py:161} INFO - Started process (PID=53) to work on /home/airflow/.local/lib/python3.12/site-packages/airflow/example_dags/example_latest_only_with_trigger.py
[2026-06-03T06:03:07.678+0000] {processor.py:830} INFO - Processing file /home/airflow/.local/lib/python3.12/site-packages/airflow/example_dags/example_latest_only_with_trigger.py for tasks to queue
[2026-06-03T06:03:07.680+0000] {logging_mixin.py:188} INFO - [2026-06-03T06:03:07.679+0000] {dagbag.py:545} INFO - Filling up the DagBag from /home/airflow/.local/lib/python3.12/site-packages/airflow/example_dags/example_latest_only_with_trigger.py
[2026-06-03T06:03:07.688+0000] {processor.py:840} INFO - DAG(s) 'latest_only_with_trigger' retrieved from /home/airflow/.local/lib/python3.12/site-packages/airflow/example_dags/example_latest_only_with_trigger.py
[2026-06-03T06:03:07.716+0000] {logging_mixin.py:188} INFO - [2026-06-03T06:03:07.716+0000] {dag.py:3089} INFO - Sync 1 DAGs
[2026-06-03T06:03:07.736+0000] {logging_mixin.py:188} INFO - [2026-06-03T06:03:07.736+0000] {dag.py:3947} INFO - Setting next_dagrun for latest_only_with_trigger to 2026-06-03 00:00:00+00:00, run_after=2026-06-03 04:00:00+00:00
[2026-06-03T06:03:07.755+0000] {processor.py:183} INFO - Processing /home/airflow/.local/lib/python3.12/site-packages/airflow/example_dags/example_latest_only_with_trigger.py took 0.084 seconds
[2026-06-03T06:03:37.814+0000] {processor.py:161} INFO - Started process (PID=111) to work on /home/airflow/.local/lib/python3.12/site-packages/airflow/example_dags/example_latest_only_with_trigger.py
[2026-06-03T06:03:37.814+0000] {processor.py:830} INFO - Processing file /home/airflow/.local/lib/python3.12/site-packages/airflow/example_dags/example_latest_only_with_trigger.py for tasks to queue
[2026-06-03T06:03:37.815+0000] {logging_mixin.py:188} INFO - [2026-06-03T06:03:37.815+0000] {dagbag.py:545} INFO - Filling up the DagBag from /home/airflow/.local/lib/python3.12/site-packages/airflow/example_dags/example_latest_only_with_trigger.py
[2026-06-03T06:03:37.819+0000] {processor.py:840} INFO - DAG(s) 'latest_only_with_trigger' retrieved from /home/airflow/.local/lib/python3.12/site-packages/airflow/example_dags/example_latest_only_with_trigger.py
[2026-06-03T06:03:37.835+0000] {logging_mixin.py:188} INFO - [2026-06-03T06:03:37.835+0000] {dag.py:3089} INFO - Sync 1 DAGs
[2026-06-03T06:03:37.852+0000] {logging_mixin.py:188} INFO - [2026-06-03T06:03:37.852+0000] {dag.py:3947} INFO - Setting next_dagrun for latest_only_with_trigger to 2026-06-03 00:00:00+00:00, run_after=2026-06-03 04:00:00+00:00
[2026-06-03T06:03:37.866+0000] {processor.py:183} INFO - Processing /home/airflow/.local/lib/python3.12/site-packages/airflow/example_dags/example_latest_only_with_trigger.py took 0.057 seconds
[2026-06-03T06:04:08.142+0000] {processor.py:161} INFO - Started process (PID=169) to work on /home/airflow/.local/lib/python3.12/site-packages/airflow/example_dags/example_latest_only_with_trigger.py
[2026-06-03T06:04:08.143+0000] {processor.py:830} INFO - Processing file /home/airflow/.local/lib/python3.12/site-packages/airflow/example_dags/example_latest_only_with_trigger.py for tasks to queue
[2026-06-03T06:04:08.144+0000] {logging_mixin.py:188} INFO - [2026-06-03T06:04:08.144+0000] {dagbag.py:545} INFO - Filling up the DagBag from /home/airflow/.local/lib/python3.12/site-packages/airflow/example_dags/example_latest_only_with_trigger.py
[2026-06-03T06:04:08.148+0000] {processor.py:840} INFO - DAG(s) 'latest_only_with_trigger' retrieved from /home/airflow/.local/lib/python3.12/site-packages/airflow/example_dags/example_latest_only_with_trigger.py
[2026-06-03T06:04:08.164+0000] {logging_mixin.py:188} INFO - [2026-06-03T06:04:08.164+0000] {dag.py:3089} INFO - Sync 1 DAGs
[2026-06-03T06:04:08.183+0000] {logging_mixin.py:188} INFO - [2026-06-03T06:04:08.183+0000] {dag.py:3947} INFO - Setting next_dagrun for latest_only_with_trigger to 2026-06-03 00:00:00+00:00, run_after=2026-06-03 04:00:00+00:00
[2026-06-03T06:04:08.198+0000] {processor.py:183} INFO - Processing /home/airflow/.local/lib/python3.12/site-packages/airflow/example_dags/example_latest_only_with_trigger.py took 0.061 seconds
[2026-06-03T06:04:38.462+0000] {processor.py:161} INFO - Started process (PID=227) to work on /home/airflow/.local/lib/python3.12/site-packages/airflow/example_dags/example_latest_only_with_trigger.py
[2026-06-03T06:04:38.462+0000] {processor.py:830} INFO - Processing file /home/airflow/.local/lib/python3.12/site-packages/airflow/example_dags/example_latest_only_with_trigger.py for tasks to queue
[2026-06-03T06:04:38.464+0000] {logging_mixin.py:188} INFO - [2026-06-03T06:04:38.463+0000] {dagbag.py:545} INFO - Filling up the DagBag from /home/airflow/.local/lib/python3.12/site-packages/airflow/example_dags/example_latest_only_with_trigger.py
[2026-06-03T06:04:38.468+0000] {processor.py:840} INFO - DAG(s) 'latest_only_with_trigger' retrieved from /home/airflow/.local/lib/python3.12/site-packages/airflow/example_dags/example_latest_only_with_trigger.py
[2026-06-03T06:04:38.485+0000] {logging_mixin.py:188} INFO - [2026-06-03T06:04:38.485+0000] {dag.py:3089} INFO - Sync 1 DAGs
[2026-06-03T06:04:38.504+0000] {logging_mixin.py:188} INFO - [2026-06-03T06:04:38.503+0000] {dag.py:3947} INFO - Setting next_dagrun for latest_only_with_trigger to 2026-06-03 00:00:00+00:00, run_after=2026-06-03 04:00:00+00:00
[2026-06-03T06:04:38.518+0000] {processor.py:183} INFO - Processing /home/airflow/.local/lib/python3.12/site-packages/airflow/example_dags/example_latest_only_with_trigger.py took 0.062 seconds
[2026-06-03T06:05:08.990+0000] {processor.py:161} INFO - Started process (PID=285) to work on /home/airflow/.local/lib/python3.12/site-packages/airflow/example_dags/example_latest_only_with_trigger.py
[2026-06-03T06:05:08.991+0000] {processor.py:830} INFO - Processing file /home/airflow/.local/lib/python3.12/site-packages/airflow/example_dags/example_latest_only_with_trigger.py for tasks to queue
[2026-06-03T06:05:08.992+0000] {logging_mixin.py:188} INFO - [2026-06-03T06:05:08.992+0000] {dagbag.py:545} INFO - Filling up the DagBag from /home/airflow/.local/lib/python3.12/site-packages/airflow/example_dags/example_latest_only_with_trigger.py
[2026-06-03T06:05:08.996+0000] {processor.py:840} INFO - DAG(s) 'latest_only_with_trigger' retrieved from /home/airflow/.local/lib/python3.12/site-packages/airflow/example_dags/example_latest_only_with_trigger.py
[2026-06-03T06:05:09.012+0000] {logging_mixin.py:188} INFO - [2026-06-03T06:05:09.012+0000] {dag.py:3089} INFO - Sync 1 DAGs
[2026-06-03T06:05:09.030+0000] {logging_mixin.py:188} INFO - [2026-06-03T06:05:09.030+0000] {dag.py:3947} INFO - Setting next_dagrun for latest_only_with_trigger to 2026-06-03 00:00:00+00:00, run_after=2026-06-03 04:00:00+00:00
[2026-06-03T06:05:09.045+0000] {processor.py:183} INFO - Processing /home/airflow/.local/lib/python3.12/site-packages/airflow/example_dags/example_latest_only_with_trigger.py took 0.061 seconds
[2026-06-03T06:05:39.420+0000] {processor.py:161} INFO - Started process (PID=343) to work on /home/airflow/.local/lib/python3.12/site-packages/airflow/example_dags/example_latest_only_with_trigger.py
[2026-06-03T06:05:39.422+0000] {processor.py:830} INFO - Processing file /home/airflow/.local/lib/python3.12/site-packages/airflow/example_dags/example_latest_only_with_trigger.py for tasks to queue
[2026-06-03T06:05:39.424+0000] {logging_mixin.py:188} INFO - [2026-06-03T06:05:39.424+0000] {dagbag.py:545} INFO - Filling up the DagBag from /home/airflow/.local/lib/python3.12/site-packages/airflow/example_dags/example_latest_only_with_trigger.py
[2026-06-03T06:05:39.429+0000] {processor.py:840} INFO - DAG(s) 'latest_only_with_trigger' retrieved from /home/airflow/.local/lib/python3.12/site-packages/airflow/example_dags/example_latest_only_with_trigger.py
[2026-06-03T06:05:39.445+0000] {logging_mixin.py:188} INFO - [2026-06-03T06:05:39.445+0000] {dag.py:3089} INFO - Sync 1 DAGs
[2026-06-03T06:05:39.464+0000] {logging_mixin.py:188} INFO - [2026-06-03T06:05:39.464+0000] {dag.py:3947} INFO - Setting next_dagrun for latest_only_with_trigger to 2026-06-03 00:00:00+00:00, run_after=2026-06-03 04:00:00+00:00
[2026-06-03T06:05:39.479+0000] {processor.py:183} INFO - Processing /home/airflow/.local/lib/python3.12/site-packages/airflow/example_dags/example_latest_only_with_trigger.py took 0.063 seconds
[2026-06-03T06:06:09.943+0000] {processor.py:161} INFO - Started process (PID=401) to work on /home/airflow/.local/lib/python3.12/site-packages/airflow/example_dags/example_latest_only_with_trigger.py
[2026-06-03T06:06:09.944+0000] {processor.py:830} INFO - Processing file /home/airflow/.local/lib/python3.12/site-packages/airflow/example_dags/example_latest_only_with_trigger.py for tasks to queue
[2026-06-03T06:06:09.945+0000] {logging_mixin.py:188} INFO - [2026-06-03T06:06:09.945+0000] {dagbag.py:545} INFO - Filling up the DagBag from /home/airflow/.local/lib/python3.12/site-packages/airflow/example_dags/example_latest_only_with_trigger.py
[2026-06-03T06:06:09.951+0000] {processor.py:840} INFO - DAG(s) 'latest_only_with_trigger' retrieved from /home/airflow/.local/lib/python3.12/site-packages/airflow/example_dags/example_latest_only_with_trigger.py
[2026-06-03T06:06:09.974+0000] {logging_mixin.py:188} INFO - [2026-06-03T06:06:09.973+0000] {dag.py:3089} INFO - Sync 1 DAGs
[2026-06-03T06:06:09.999+0000] {logging_mixin.py:188} INFO - [2026-06-03T06:06:09.999+0000] {dag.py:3947} INFO - Setting next_dagrun for latest_only_with_trigger to 2026-06-03 00:00:00+00:00, run_after=2026-06-03 04:00:00+00:00
[2026-06-03T06:06:10.031+0000] {processor.py:183} INFO - Processing /home/airflow/.local/lib/python3.12/site-packages/airflow/example_dags/example_latest_only_with_trigger.py took 0.094 seconds
[2026-06-03T06:06:40.086+0000] {processor.py:161} INFO - Started process (PID=459) to work on /home/airflow/.local/lib/python3.12/site-packages/airflow/example_dags/example_latest_only_with_trigger.py
[2026-06-03T06:06:40.087+0000] {processor.py:830} INFO - Processing file /home/airflow/.local/lib/python3.12/site-packages/airflow/example_dags/example_latest_only_with_trigger.py for tasks to queue
[2026-06-03T06:06:40.088+0000] {logging_mixin.py:188} INFO - [2026-06-03T06:06:40.088+0000] {dagbag.py:545} INFO - Filling up the DagBag from /home/airflow/.local/lib/python3.12/site-packages/airflow/example_dags/example_latest_only_with_trigger.py
[2026-06-03T06:06:40.093+0000] {processor.py:840} INFO - DAG(s) 'latest_only_with_trigger' retrieved from /home/airflow/.local/lib/python3.12/site-packages/airflow/example_dags/example_latest_only_with_trigger.py
[2026-06-03T06:06:40.109+0000] {logging_mixin.py:188} INFO - [2026-06-03T06:06:40.109+0000] {dag.py:3089} INFO - Sync 1 DAGs
[2026-06-03T06:06:40.126+0000] {logging_mixin.py:188} INFO - [2026-06-03T06:06:40.126+0000] {dag.py:3947} INFO - Setting next_dagrun for latest_only_with_trigger to 2026-06-03 00:00:00+00:00, run_after=2026-06-03 04:00:00+00:00
[2026-06-03T06:06:40.141+0000] {processor.py:183} INFO - Processing /home/airflow/.local/lib/python3.12/site-packages/airflow/example_dags/example_latest_only_with_trigger.py took 0.059 seconds
[2026-06-03T06:07:10.214+0000] {processor.py:161} INFO - Started process (PID=517) to work on /home/airflow/.local/lib/python3.12/site-packages/airflow/example_dags/example_latest_only_with_trigger.py
[2026-06-03T06:07:10.216+0000] {processor.py:830} INFO - Processing file /home/airflow/.local/lib/python3.12/site-packages/airflow/example_dags/example_latest_only_with_trigger.py for tasks to queue
[2026-06-03T06:07:10.217+0000] {logging_mixin.py:188} INFO - [2026-06-03T06:07:10.217+0000] {dagbag.py:545} INFO - Filling up the DagBag from /home/airflow/.local/lib/python3.12/site-packages/airflow/example_dags/example_latest_only_with_trigger.py
[2026-06-03T06:07:10.221+0000] {processor.py:840} INFO - DAG(s) 'latest_only_with_trigger' retrieved from /home/airflow/.local/lib/python3.12/site-packages/airflow/example_dags/example_latest_only_with_trigger.py
[2026-06-03T06:07:10.237+0000] {logging_mixin.py:188} INFO - [2026-06-03T06:07:10.237+0000] {dag.py:3089} INFO - Sync 1 DAGs
[2026-06-03T06:07:10.255+0000] {logging_mixin.py:188} INFO - [2026-06-03T06:07:10.255+0000] {dag.py:3947} INFO - Setting next_dagrun for latest_only_with_trigger to 2026-06-03 00:00:00+00:00, run_after=2026-06-03 04:00:00+00:00
[2026-06-03T06:07:10.270+0000] {processor.py:183} INFO - Processing /home/airflow/.local/lib/python3.12/site-packages/airflow/example_dags/example_latest_only_with_trigger.py took 0.060 seconds
[2026-06-03T06:07:40.590+0000] {processor.py:161} INFO - Started process (PID=575) to work on /home/airflow/.local/lib/python3.12/site-packages/airflow/example_dags/example_latest_only_with_trigger.py
[2026-06-03T06:07:40.591+0000] {processor.py:830} INFO - Processing file /home/airflow/.local/lib/python3.12/site-packages/airflow/example_dags/example_latest_only_with_trigger.py for tasks to queue
[2026-06-03T06:07:40.592+0000] {logging_mixin.py:188} INFO - [2026-06-03T06:07:40.592+0000] {dagbag.py:545} INFO - Filling up the DagBag from /home/airflow/.local/lib/python3.12/site-packages/airflow/example_dags/example_latest_only_with_trigger.py
[2026-06-03T06:07:40.596+0000] {processor.py:840} INFO - DAG(s) 'latest_only_with_trigger' retrieved from /home/airflow/.local/lib/python3.12/site-packages/airflow/example_dags/example_latest_only_with_trigger.py
[2026-06-03T06:07:40.612+0000] {logging_mixin.py:188} INFO - [2026-06-03T06:07:40.612+0000] {dag.py:3089} INFO - Sync 1 DAGs
[2026-06-03T06:07:40.630+0000] {logging_mixin.py:188} INFO - [2026-06-03T06:07:40.630+0000] {dag.py:3947} INFO - Setting next_dagrun for latest_only_with_trigger to 2026-06-03 00:00:00+00:00, run_after=2026-06-03 04:00:00+00:00
[2026-06-03T06:07:40.644+0000] {processor.py:183} INFO - Processing /home/airflow/.local/lib/python3.12/site-packages/airflow/example_dags/example_latest_only_with_trigger.py took 0.059 seconds
[2026-06-03T06:08:10.905+0000] {processor.py:161} INFO - Started process (PID=633) to work on /home/airflow/.local/lib/python3.12/site-packages/airflow/example_dags/example_latest_only_with_trigger.py
[2026-06-03T06:08:10.906+0000] {processor.py:830} INFO - Processing file /home/airflow/.local/lib/python3.12/site-packages/airflow/example_dags/example_latest_only_with_trigger.py for tasks to queue
[2026-06-03T06:08:10.908+0000] {logging_mixin.py:188} INFO - [2026-06-03T06:08:10.908+0000] {dagbag.py:545} INFO - Filling up the DagBag from /home/airflow/.local/lib/python3.12/site-packages/airflow/example_dags/example_latest_only_with_trigger.py
[2026-06-03T06:08:10.912+0000] {processor.py:840} INFO - DAG(s) 'latest_only_with_trigger' retrieved from /home/airflow/.local/lib/python3.12/site-packages/airflow/example_dags/example_latest_only_with_trigger.py
[2026-06-03T06:08:10.928+0000] {logging_mixin.py:188} INFO - [2026-06-03T06:08:10.928+0000] {dag.py:3089} INFO - Sync 1 DAGs
[2026-06-03T06:08:10.946+0000] {logging_mixin.py:188} INFO - [2026-06-03T06:08:10.946+0000] {dag.py:3947} INFO - Setting next_dagrun for latest_only_with_trigger to 2026-06-03 00:00:00+00:00, run_after=2026-06-03 04:00:00+00:00
[2026-06-03T06:08:10.960+0000] {processor.py:183} INFO - Processing /home/airflow/.local/lib/python3.12/site-packages/airflow/example_dags/example_latest_only_with_trigger.py took 0.059 seconds
[2026-06-03T06:08:42.532+0000] {processor.py:161} INFO - Started process (PID=691) to work on /home/airflow/.local/lib/python3.12/site-packages/airflow/example_dags/example_latest_only_with_trigger.py
[2026-06-03T06:08:42.533+0000] {processor.py:830} INFO - Processing file /home/airflow/.local/lib/python3.12/site-packages/airflow/example_dags/example_latest_only_with_trigger.py for tasks to queue
[2026-06-03T06:08:42.534+0000] {logging_mixin.py:188} INFO - [2026-06-03T06:08:42.534+0000] {dagbag.py:545} INFO - Filling up the DagBag from /home/airflow/.local/lib/python3.12/site-packages/airflow/example_dags/example_latest_only_with_trigger.py
[2026-06-03T06:08:42.540+0000] {processor.py:840} INFO - DAG(s) 'latest_only_with_trigger' retrieved from /home/airflow/.local/lib/python3.12/site-packages/airflow/example_dags/example_latest_only_with_trigger.py
[2026-06-03T06:08:42.555+0000] {logging_mixin.py:188} INFO - [2026-06-03T06:08:42.555+0000] {dag.py:3089} INFO - Sync 1 DAGs
[2026-06-03T06:08:42.573+0000] {logging_mixin.py:188} INFO - [2026-06-03T06:08:42.573+0000] {dag.py:3947} INFO - Setting next_dagrun for latest_only_with_trigger to 2026-06-03 00:00:00+00:00, run_after=2026-06-03 04:00:00+00:00
[2026-06-03T06:08:42.674+0000] {processor.py:183} INFO - Processing /home/airflow/.local/lib/python3.12/site-packages/airflow/example_dags/example_latest_only_with_trigger.py took 0.146 seconds
[2026-06-03T06:09:15.313+0000] {processor.py:161} INFO - Started process (PID=754) to work on /home/airflow/.local/lib/python3.12/site-packages/airflow/example_dags/example_latest_only_with_trigger.py
[2026-06-03T06:09:15.315+0000] {processor.py:830} INFO - Processing file /home/airflow/.local/lib/python3.12/site-packages/airflow/example_dags/example_latest_only_with_trigger.py for tasks to queue
[2026-06-03T06:09:15.316+0000] {logging_mixin.py:188} INFO - [2026-06-03T06:09:15.316+0000] {dagbag.py:545} INFO - Filling up the DagBag from /home/airflow/.local/lib/python3.12/site-packages/airflow/example_dags/example_latest_only_with_trigger.py
[2026-06-03T06:09:15.320+0000] {processor.py:840} INFO - DAG(s) 'latest_only_with_trigger' retrieved from /home/airflow/.local/lib/python3.12/site-packages/airflow/example_dags/example_latest_only_with_trigger.py
[2026-06-03T06:09:15.338+0000] {logging_mixin.py:188} INFO - [2026-06-03T06:09:15.337+0000] {dag.py:3089} INFO - Sync 1 DAGs
[2026-06-03T06:09:15.356+0000] {logging_mixin.py:188} INFO - [2026-06-03T06:09:15.355+0000] {dag.py:3947} INFO - Setting next_dagrun for latest_only_with_trigger to 2026-06-03 00:00:00+00:00, run_after=2026-06-03 04:00:00+00:00
[2026-06-03T06:09:15.373+0000] {processor.py:183} INFO - Processing /home/airflow/.local/lib/python3.12/site-packages/airflow/example_dags/example_latest_only_with_trigger.py took 0.065 seconds
[2026-06-03T06:09:45.627+0000] {processor.py:161} INFO - Started process (PID=812) to work on /home/airflow/.local/lib/python3.12/site-packages/airflow/example_dags/example_latest_only_with_trigger.py
[2026-06-03T06:09:45.629+0000] {processor.py:830} INFO - Processing file /home/airflow/.local/lib/python3.12/site-packages/airflow/example_dags/example_latest_only_with_trigger.py for tasks to queue
[2026-06-03T06:09:45.630+0000] {logging_mixin.py:188} INFO - [2026-06-03T06:09:45.630+0000] {dagbag.py:545} INFO - Filling up the DagBag from /home/airflow/.local/lib/python3.12/site-packages/airflow/example_dags/example_latest_only_with_trigger.py
[2026-06-03T06:09:45.634+0000] {processor.py:840} INFO - DAG(s) 'latest_only_with_trigger' retrieved from /home/airflow/.local/lib/python3.12/site-packages/airflow/example_dags/example_latest_only_with_trigger.py
[2026-06-03T06:09:45.651+0000] {logging_mixin.py:188} INFO - [2026-06-03T06:09:45.650+0000] {dag.py:3089} INFO - Sync 1 DAGs
[2026-06-03T06:09:45.669+0000] {logging_mixin.py:188} INFO - [2026-06-03T06:09:45.669+0000] {dag.py:3947} INFO - Setting next_dagrun for latest_only_with_trigger to 2026-06-03 00:00:00+00:00, run_after=2026-06-03 04:00:00+00:00
[2026-06-03T06:09:45.683+0000] {processor.py:183} INFO - Processing /home/airflow/.local/lib/python3.12/site-packages/airflow/example_dags/example_latest_only_with_trigger.py took 0.060 seconds
[2026-06-03T06:10:16.252+0000] {processor.py:161} INFO - Started process (PID=869) to work on /home/airflow/.local/lib/python3.12/site-packages/airflow/example_dags/example_latest_only_with_trigger.py
[2026-06-03T06:10:16.252+0000] {processor.py:830} INFO - Processing file /home/airflow/.local/lib/python3.12/site-packages/airflow/example_dags/example_latest_only_with_trigger.py for tasks to queue
[2026-06-03T06:10:16.254+0000] {logging_mixin.py:188} INFO - [2026-06-03T06:10:16.253+0000] {dagbag.py:545} INFO - Filling up the DagBag from /home/airflow/.local/lib/python3.12/site-packages/airflow/example_dags/example_latest_only_with_trigger.py
[2026-06-03T06:10:16.258+0000] {processor.py:840} INFO - DAG(s) 'latest_only_with_trigger' retrieved from /home/airflow/.local/lib/python3.12/site-packages/airflow/example_dags/example_latest_only_with_trigger.py
[2026-06-03T06:10:16.274+0000] {logging_mixin.py:188} INFO - [2026-06-03T06:10:16.274+0000] {dag.py:3089} INFO - Sync 1 DAGs
[2026-06-03T06:10:16.292+0000] {logging_mixin.py:188} INFO - [2026-06-03T06:10:16.292+0000] {dag.py:3947} INFO - Setting next_dagrun for latest_only_with_trigger to 2026-06-03 00:00:00+00:00, run_after=2026-06-03 04:00:00+00:00
[2026-06-03T06:10:16.309+0000] {processor.py:183} INFO - Processing /home/airflow/.local/lib/python3.12/site-packages/airflow/example_dags/example_latest_only_with_trigger.py took 0.062 seconds
[2026-06-03T06:10:46.658+0000] {processor.py:161} INFO - Started process (PID=927) to work on /home/airflow/.local/lib/python3.12/site-packages/airflow/example_dags/example_latest_only_with_trigger.py
[2026-06-03T06:10:46.659+0000] {processor.py:830} INFO - Processing file /home/airflow/.local/lib/python3.12/site-packages/airflow/example_dags/example_latest_only_with_trigger.py for tasks to queue
[2026-06-03T06:10:46.660+0000] {logging_mixin.py:188} INFO - [2026-06-03T06:10:46.660+0000] {dagbag.py:545} INFO - Filling up the DagBag from /home/airflow/.local/lib/python3.12/site-packages/airflow/example_dags/example_latest_only_with_trigger.py
[2026-06-03T06:10:46.665+0000] {processor.py:840} INFO - DAG(s) 'latest_only_with_trigger' retrieved from /home/airflow/.local/lib/python3.12/site-packages/airflow/example_dags/example_latest_only_with_trigger.py
[2026-06-03T06:10:46.680+0000] {logging_mixin.py:188} INFO - [2026-06-03T06:10:46.680+0000] {dag.py:3089} INFO - Sync 1 DAGs
[2026-06-03T06:10:46.697+0000] {logging_mixin.py:188} INFO - [2026-06-03T06:10:46.697+0000] {dag.py:3947} INFO - Setting next_dagrun for latest_only_with_trigger to 2026-06-03 00:00:00+00:00, run_after=2026-06-03 04:00:00+00:00
[2026-06-03T06:10:46.712+0000] {processor.py:183} INFO - Processing /home/airflow/.local/lib/python3.12/site-packages/airflow/example_dags/example_latest_only_with_trigger.py took 0.058 seconds
[2026-06-03T06:11:17.155+0000] {processor.py:161} INFO - Started process (PID=985) to work on /home/airflow/.local/lib/python3.12/site-packages/airflow/example_dags/example_latest_only_with_trigger.py
[2026-06-03T06:11:17.155+0000] {processor.py:830} INFO - Processing file /home/airflow/.local/lib/python3.12/site-packages/airflow/example_dags/example_latest_only_with_trigger.py for tasks to queue
[2026-06-03T06:11:17.156+0000] {logging_mixin.py:188} INFO - [2026-06-03T06:11:17.156+0000] {dagbag.py:545} INFO - Filling up the DagBag from /home/airflow/.local/lib/python3.12/site-packages/airflow/example_dags/example_latest_only_with_trigger.py
[2026-06-03T06:11:17.161+0000] {processor.py:840} INFO - DAG(s) 'latest_only_with_trigger' retrieved from /home/airflow/.local/lib/python3.12/site-packages/airflow/example_dags/example_latest_only_with_trigger.py
[2026-06-03T06:11:17.179+0000] {logging_mixin.py:188} INFO - [2026-06-03T06:11:17.179+0000] {dag.py:3089} INFO - Sync 1 DAGs
[2026-06-03T06:11:17.198+0000] {logging_mixin.py:188} INFO - [2026-06-03T06:11:17.198+0000] {dag.py:3947} INFO - Setting next_dagrun for latest_only_with_trigger to 2026-06-03 00:00:00+00:00, run_after=2026-06-03 04:00:00+00:00
[2026-06-03T06:11:17.214+0000] {processor.py:183} INFO - Processing /home/airflow/.local/lib/python3.12/site-packages/airflow/example_dags/example_latest_only_with_trigger.py took 0.063 seconds
[2026-06-03T06:11:47.553+0000] {processor.py:161} INFO - Started process (PID=1043) to work on /home/airflow/.local/lib/python3.12/site-packages/airflow/example_dags/example_latest_only_with_trigger.py
[2026-06-03T06:11:47.554+0000] {processor.py:830} INFO - Processing file /home/airflow/.local/lib/python3.12/site-packages/airflow/example_dags/example_latest_only_with_trigger.py for tasks to queue
[2026-06-03T06:11:47.555+0000] {logging_mixin.py:188} INFO - [2026-06-03T06:11:47.555+0000] {dagbag.py:545} INFO - Filling up the DagBag from /home/airflow/.local/lib/python3.12/site-packages/airflow/example_dags/example_latest_only_with_trigger.py
[2026-06-03T06:11:47.560+0000] {processor.py:840} INFO - DAG(s) 'latest_only_with_trigger' retrieved from /home/airflow/.local/lib/python3.12/site-packages/airflow/example_dags/example_latest_only_with_trigger.py
[2026-06-03T06:11:47.577+0000] {logging_mixin.py:188} INFO - [2026-06-03T06:11:47.577+0000] {dag.py:3089} INFO - Sync 1 DAGs
[2026-06-03T06:11:47.597+0000] {logging_mixin.py:188} INFO - [2026-06-03T06:11:47.597+0000] {dag.py:3947} INFO - Setting next_dagrun for latest_only_with_trigger to 2026-06-03 00:00:00+00:00, run_after=2026-06-03 04:00:00+00:00
[2026-06-03T06:11:47.613+0000] {processor.py:183} INFO - Processing /home/airflow/.local/lib/python3.12/site-packages/airflow/example_dags/example_latest_only_with_trigger.py took 0.065 seconds
[2026-06-03T06:12:17.930+0000] {processor.py:161} INFO - Started process (PID=1101) to work on /home/airflow/.local/lib/python3.12/site-packages/airflow/example_dags/example_latest_only_with_trigger.py
[2026-06-03T06:12:17.930+0000] {processor.py:830} INFO - Processing file /home/airflow/.local/lib/python3.12/site-packages/airflow/example_dags/example_latest_only_with_trigger.py for tasks to queue
[2026-06-03T06:12:17.932+0000] {logging_mixin.py:188} INFO - [2026-06-03T06:12:17.931+0000] {dagbag.py:545} INFO - Filling up the DagBag from /home/airflow/.local/lib/python3.12/site-packages/airflow/example_dags/example_latest_only_with_trigger.py
[2026-06-03T06:12:17.936+0000] {processor.py:840} INFO - DAG(s) 'latest_only_with_trigger' retrieved from /home/airflow/.local/lib/python3.12/site-packages/airflow/example_dags/example_latest_only_with_trigger.py
[2026-06-03T06:12:17.952+0000] {logging_mixin.py:188} INFO - [2026-06-03T06:12:17.952+0000] {dag.py:3089} INFO - Sync 1 DAGs
[2026-06-03T06:12:17.970+0000] {logging_mixin.py:188} INFO - [2026-06-03T06:12:17.970+0000] {dag.py:3947} INFO - Setting next_dagrun for latest_only_with_trigger to 2026-06-03 00:00:00+00:00, run_after=2026-06-03 04:00:00+00:00
[2026-06-03T06:12:17.984+0000] {processor.py:183} INFO - Processing /home/airflow/.local/lib/python3.12/site-packages/airflow/example_dags/example_latest_only_with_trigger.py took 0.059 seconds
[2026-06-03T06:12:48.278+0000] {processor.py:161} INFO - Started process (PID=1159) to work on /home/airflow/.local/lib/python3.12/site-packages/airflow/example_dags/example_latest_only_with_trigger.py
[2026-06-03T06:12:48.280+0000] {processor.py:830} INFO - Processing file /home/airflow/.local/lib/python3.12/site-packages/airflow/example_dags/example_latest_only_with_trigger.py for tasks to queue
[2026-06-03T06:12:48.281+0000] {logging_mixin.py:188} INFO - [2026-06-03T06:12:48.281+0000] {dagbag.py:545} INFO - Filling up the DagBag from /home/airflow/.local/lib/python3.12/site-packages/airflow/example_dags/example_latest_only_with_trigger.py
[2026-06-03T06:12:48.285+0000] {processor.py:840} INFO - DAG(s) 'latest_only_with_trigger' retrieved from /home/airflow/.local/lib/python3.12/site-packages/airflow/example_dags/example_latest_only_with_trigger.py
[2026-06-03T06:12:48.301+0000] {logging_mixin.py:188} INFO - [2026-06-03T06:12:48.301+0000] {dag.py:3089} INFO - Sync 1 DAGs
[2026-06-03T06:12:48.319+0000] {logging_mixin.py:188} INFO - [2026-06-03T06:12:48.319+0000] {dag.py:3947} INFO - Setting next_dagrun for latest_only_with_trigger to 2026-06-03 00:00:00+00:00, run_after=2026-06-03 04:00:00+00:00
[2026-06-03T06:12:48.334+0000] {processor.py:183} INFO - Processing /home/airflow/.local/lib/python3.12/site-packages/airflow/example_dags/example_latest_only_with_trigger.py took 0.060 seconds
[2026-06-03T06:13:18.552+0000] {processor.py:161} INFO - Started process (PID=1217) to work on /home/airflow/.local/lib/python3.12/site-packages/airflow/example_dags/example_latest_only_with_trigger.py
[2026-06-03T06:13:18.553+0000] {processor.py:830} INFO - Processing file /home/airflow/.local/lib/python3.12/site-packages/airflow/example_dags/example_latest_only_with_trigger.py for tasks to queue
[2026-06-03T06:13:18.554+0000] {logging_mixin.py:188} INFO - [2026-06-03T06:13:18.554+0000] {dagbag.py:545} INFO - Filling up the DagBag from /home/airflow/.local/lib/python3.12/site-packages/airflow/example_dags/example_latest_only_with_trigger.py
[2026-06-03T06:13:18.559+0000] {processor.py:840} INFO - DAG(s) 'latest_only_with_trigger' retrieved from /home/airflow/.local/lib/python3.12/site-packages/airflow/example_dags/example_latest_only_with_trigger.py
[2026-06-03T06:13:18.575+0000] {logging_mixin.py:188} INFO - [2026-06-03T06:13:18.575+0000] {dag.py:3089} INFO - Sync 1 DAGs
[2026-06-03T06:13:18.594+0000] {logging_mixin.py:188} INFO - [2026-06-03T06:13:18.594+0000] {dag.py:3947} INFO - Setting next_dagrun for latest_only_with_trigger to 2026-06-03 00:00:00+00:00, run_after=2026-06-03 04:00:00+00:00
[2026-06-03T06:13:18.609+0000] {processor.py:183} INFO - Processing /home/airflow/.local/lib/python3.12/site-packages/airflow/example_dags/example_latest_only_with_trigger.py took 0.062 seconds
[2026-06-03T06:13:48.767+0000] {processor.py:161} INFO - Started process (PID=1275) to work on /home/airflow/.local/lib/python3.12/site-packages/airflow/example_dags/example_latest_only_with_trigger.py
[2026-06-03T06:13:48.768+0000] {processor.py:830} INFO - Processing file /home/airflow/.local/lib/python3.12/site-packages/airflow/example_dags/example_latest_only_with_trigger.py for tasks to queue
[2026-06-03T06:13:48.770+0000] {logging_mixin.py:188} INFO - [2026-06-03T06:13:48.769+0000] {dagbag.py:545} INFO - Filling up the DagBag from /home/airflow/.local/lib/python3.12/site-packages/airflow/example_dags/example_latest_only_with_trigger.py
[2026-06-03T06:13:48.774+0000] {processor.py:840} INFO - DAG(s) 'latest_only_with_trigger' retrieved from /home/airflow/.local/lib/python3.12/site-packages/airflow/example_dags/example_latest_only_with_trigger.py
[2026-06-03T06:13:48.790+0000] {logging_mixin.py:188} INFO - [2026-06-03T06:13:48.790+0000] {dag.py:3089} INFO - Sync 1 DAGs
[2026-06-03T06:13:48.808+0000] {logging_mixin.py:188} INFO - [2026-06-03T06:13:48.808+0000] {dag.py:3947} INFO - Setting next_dagrun for latest_only_with_trigger to 2026-06-03 00:00:00+00:00, run_after=2026-06-03 04:00:00+00:00
[2026-06-03T06:13:48.823+0000] {processor.py:183} INFO - Processing /home/airflow/.local/lib/python3.12/site-packages/airflow/example_dags/example_latest_only_with_trigger.py took 0.061 seconds
[2026-06-03T06:14:19.125+0000] {processor.py:161} INFO - Started process (PID=1333) to work on /home/airflow/.local/lib/python3.12/site-packages/airflow/example_dags/example_latest_only_with_trigger.py
[2026-06-03T06:14:19.126+0000] {processor.py:830} INFO - Processing file /home/airflow/.local/lib/python3.12/site-packages/airflow/example_dags/example_latest_only_with_trigger.py for tasks to queue
[2026-06-03T06:14:19.127+0000] {logging_mixin.py:188} INFO - [2026-06-03T06:14:19.127+0000] {dagbag.py:545} INFO - Filling up the DagBag from /home/airflow/.local/lib/python3.12/site-packages/airflow/example_dags/example_latest_only_with_trigger.py
[2026-06-03T06:14:19.131+0000] {processor.py:840} INFO - DAG(s) 'latest_only_with_trigger' retrieved from /home/airflow/.local/lib/python3.12/site-packages/airflow/example_dags/example_latest_only_with_trigger.py
[2026-06-03T06:14:19.147+0000] {logging_mixin.py:188} INFO - [2026-06-03T06:14:19.147+0000] {dag.py:3089} INFO - Sync 1 DAGs
[2026-06-03T06:14:19.165+0000] {logging_mixin.py:188} INFO - [2026-06-03T06:14:19.164+0000] {dag.py:3947} INFO - Setting next_dagrun for latest_only_with_trigger to 2026-06-03 00:00:00+00:00, run_after=2026-06-03 04:00:00+00:00
[2026-06-03T06:14:19.180+0000] {processor.py:183} INFO - Processing /home/airflow/.local/lib/python3.12/site-packages/airflow/example_dags/example_latest_only_with_trigger.py took 0.059 seconds
[2026-06-03T06:14:49.426+0000] {processor.py:161} INFO - Started process (PID=1391) to work on /home/airflow/.local/lib/python3.12/site-packages/airflow/example_dags/example_latest_only_with_trigger.py
[2026-06-03T06:14:49.427+0000] {processor.py:830} INFO - Processing file /home/airflow/.local/lib/python3.12/site-packages/airflow/example_dags/example_latest_only_with_trigger.py for tasks to queue
[2026-06-03T06:14:49.429+0000] {logging_mixin.py:188} INFO - [2026-06-03T06:14:49.428+0000] {dagbag.py:545} INFO - Filling up the DagBag from /home/airflow/.local/lib/python3.12/site-packages/airflow/example_dags/example_latest_only_with_trigger.py
[2026-06-03T06:14:49.433+0000] {processor.py:840} INFO - DAG(s) 'latest_only_with_trigger' retrieved from /home/airflow/.local/lib/python3.12/site-packages/airflow/example_dags/example_latest_only_with_trigger.py
[2026-06-03T06:14:49.450+0000] {logging_mixin.py:188} INFO - [2026-06-03T06:14:49.450+0000] {dag.py:3089} INFO - Sync 1 DAGs
[2026-06-03T06:14:49.469+0000] {logging_mixin.py:188} INFO - [2026-06-03T06:14:49.469+0000] {dag.py:3947} INFO - Setting next_dagrun for latest_only_with_trigger to 2026-06-03 00:00:00+00:00, run_after=2026-06-03 04:00:00+00:00
[2026-06-03T06:14:49.485+0000] {processor.py:183} INFO - Processing /home/airflow/.local/lib/python3.12/site-packages/airflow/example_dags/example_latest_only_with_trigger.py took 0.064 seconds
[2026-06-03T06:15:19.716+0000] {processor.py:161} INFO - Started process (PID=1449) to work on /home/airflow/.local/lib/python3.12/site-packages/airflow/example_dags/example_latest_only_with_trigger.py
[2026-06-03T06:15:19.716+0000] {processor.py:830} INFO - Processing file /home/airflow/.local/lib/python3.12/site-packages/airflow/example_dags/example_latest_only_with_trigger.py for tasks to queue
[2026-06-03T06:15:19.718+0000] {logging_mixin.py:188} INFO - [2026-06-03T06:15:19.717+0000] {dagbag.py:545} INFO - Filling up the DagBag from /home/airflow/.local/lib/python3.12/site-packages/airflow/example_dags/example_latest_only_with_trigger.py
[2026-06-03T06:15:19.722+0000] {processor.py:840} INFO - DAG(s) 'latest_only_with_trigger' retrieved from /home/airflow/.local/lib/python3.12/site-packages/airflow/example_dags/example_latest_only_with_trigger.py
[2026-06-03T06:15:19.738+0000] {logging_mixin.py:188} INFO - [2026-06-03T06:15:19.738+0000] {dag.py:3089} INFO - Sync 1 DAGs
[2026-06-03T06:15:19.756+0000] {logging_mixin.py:188} INFO - [2026-06-03T06:15:19.756+0000] {dag.py:3947} INFO - Setting next_dagrun for latest_only_with_trigger to 2026-06-03 00:00:00+00:00, run_after=2026-06-03 04:00:00+00:00
[2026-06-03T06:15:19.770+0000] {processor.py:183} INFO - Processing /home/airflow/.local/lib/python3.12/site-packages/airflow/example_dags/example_latest_only_with_trigger.py took 0.059 seconds
[2026-06-03T06:15:50.087+0000] {processor.py:161} INFO - Started process (PID=1507) to work on /home/airflow/.local/lib/python3.12/site-packages/airflow/example_dags/example_latest_only_with_trigger.py
[2026-06-03T06:15:50.088+0000] {processor.py:830} INFO - Processing file /home/airflow/.local/lib/python3.12/site-packages/airflow/example_dags/example_latest_only_with_trigger.py for tasks to queue
[2026-06-03T06:15:50.089+0000] {logging_mixin.py:188} INFO - [2026-06-03T06:15:50.089+0000] {dagbag.py:545} INFO - Filling up the DagBag from /home/airflow/.local/lib/python3.12/site-packages/airflow/example_dags/example_latest_only_with_trigger.py
[2026-06-03T06:15:50.093+0000] {processor.py:840} INFO - DAG(s) 'latest_only_with_trigger' retrieved from /home/airflow/.local/lib/python3.12/site-packages/airflow/example_dags/example_latest_only_with_trigger.py
[2026-06-03T06:15:50.109+0000] {logging_mixin.py:188} INFO - [2026-06-03T06:15:50.109+0000] {dag.py:3089} INFO - Sync 1 DAGs
[2026-06-03T06:15:50.126+0000] {logging_mixin.py:188} INFO - [2026-06-03T06:15:50.126+0000] {dag.py:3947} INFO - Setting next_dagrun for latest_only_with_trigger to 2026-06-03 00:00:00+00:00, run_after=2026-06-03 04:00:00+00:00
[2026-06-03T06:15:50.140+0000] {processor.py:183} INFO - Processing /home/airflow/.local/lib/python3.12/site-packages/airflow/example_dags/example_latest_only_with_trigger.py took 0.058 seconds
[2026-06-03T06:16:20.481+0000] {processor.py:161} INFO - Started process (PID=1565) to work on /home/airflow/.local/lib/python3.12/site-packages/airflow/example_dags/example_latest_only_with_trigger.py
[2026-06-03T06:16:20.482+0000] {processor.py:830} INFO - Processing file /home/airflow/.local/lib/python3.12/site-packages/airflow/example_dags/example_latest_only_with_trigger.py for tasks to queue
[2026-06-03T06:16:20.483+0000] {logging_mixin.py:188} INFO - [2026-06-03T06:16:20.483+0000] {dagbag.py:545} INFO - Filling up the DagBag from /home/airflow/.local/lib/python3.12/site-packages/airflow/example_dags/example_latest_only_with_trigger.py
[2026-06-03T06:16:20.488+0000] {processor.py:840} INFO - DAG(s) 'latest_only_with_trigger' retrieved from /home/airflow/.local/lib/python3.12/site-packages/airflow/example_dags/example_latest_only_with_trigger.py
[2026-06-03T06:16:20.504+0000] {logging_mixin.py:188} INFO - [2026-06-03T06:16:20.504+0000] {dag.py:3089} INFO - Sync 1 DAGs
[2026-06-03T06:16:20.522+0000] {logging_mixin.py:188} INFO - [2026-06-03T06:16:20.522+0000] {dag.py:3947} INFO - Setting next_dagrun for latest_only_with_trigger to 2026-06-03 00:00:00+00:00, run_after=2026-06-03 04:00:00+00:00
[2026-06-03T06:16:20.537+0000] {processor.py:183} INFO - Processing /home/airflow/.local/lib/python3.12/site-packages/airflow/example_dags/example_latest_only_with_trigger.py took 0.060 seconds
[2026-06-03T06:16:50.952+0000] {processor.py:161} INFO - Started process (PID=1622) to work on /home/airflow/.local/lib/python3.12/site-packages/airflow/example_dags/example_latest_only_with_trigger.py
[2026-06-03T06:16:50.953+0000] {processor.py:830} INFO - Processing file /home/airflow/.local/lib/python3.12/site-packages/airflow/example_dags/example_latest_only_with_trigger.py for tasks to queue
[2026-06-03T06:16:50.954+0000] {logging_mixin.py:188} INFO - [2026-06-03T06:16:50.954+0000] {dagbag.py:545} INFO - Filling up the DagBag from /home/airflow/.local/lib/python3.12/site-packages/airflow/example_dags/example_latest_only_with_trigger.py
[2026-06-03T06:16:50.959+0000] {processor.py:840} INFO - DAG(s) 'latest_only_with_trigger' retrieved from /home/airflow/.local/lib/python3.12/site-packages/airflow/example_dags/example_latest_only_with_trigger.py
[2026-06-03T06:16:50.977+0000] {logging_mixin.py:188} INFO - [2026-06-03T06:16:50.977+0000] {dag.py:3089} INFO - Sync 1 DAGs
[2026-06-03T06:16:50.996+0000] {logging_mixin.py:188} INFO - [2026-06-03T06:16:50.996+0000] {dag.py:3947} INFO - Setting next_dagrun for latest_only_with_trigger to 2026-06-03 00:00:00+00:00, run_after=2026-06-03 04:00:00+00:00
[2026-06-03T06:16:51.010+0000] {processor.py:183} INFO - Processing /home/airflow/.local/lib/python3.12/site-packages/airflow/example_dags/example_latest_only_with_trigger.py took 0.063 seconds
[2026-06-03T06:17:21.315+0000] {processor.py:161} INFO - Started process (PID=1680) to work on /home/airflow/.local/lib/python3.12/site-packages/airflow/example_dags/example_latest_only_with_trigger.py
[2026-06-03T06:17:21.315+0000] {processor.py:830} INFO - Processing file /home/airflow/.local/lib/python3.12/site-packages/airflow/example_dags/example_latest_only_with_trigger.py for tasks to queue
[2026-06-03T06:17:21.316+0000] {logging_mixin.py:188} INFO - [2026-06-03T06:17:21.316+0000] {dagbag.py:545} INFO - Filling up the DagBag from /home/airflow/.local/lib/python3.12/site-packages/airflow/example_dags/example_latest_only_with_trigger.py
[2026-06-03T06:17:21.321+0000] {processor.py:840} INFO - DAG(s) 'latest_only_with_trigger' retrieved from /home/airflow/.local/lib/python3.12/site-packages/airflow/example_dags/example_latest_only_with_trigger.py
[2026-06-03T06:17:21.337+0000] {logging_mixin.py:188} INFO - [2026-06-03T06:17:21.336+0000] {dag.py:3089} INFO - Sync 1 DAGs
[2026-06-03T06:17:21.355+0000] {logging_mixin.py:188} INFO - [2026-06-03T06:17:21.355+0000] {dag.py:3947} INFO - Setting next_dagrun for latest_only_with_trigger to 2026-06-03 00:00:00+00:00, run_after=2026-06-03 04:00:00+00:00
[2026-06-03T06:17:21.481+0000] {processor.py:183} INFO - Processing /home/airflow/.local/lib/python3.12/site-packages/airflow/example_dags/example_latest_only_with_trigger.py took 0.172 seconds
[2026-06-03T06:17:51.590+0000] {processor.py:161} INFO - Started process (PID=1737) to work on /home/airflow/.local/lib/python3.12/site-packages/airflow/example_dags/example_latest_only_with_trigger.py
[2026-06-03T06:17:51.591+0000] {processor.py:830} INFO - Processing file /home/airflow/.local/lib/python3.12/site-packages/airflow/example_dags/example_latest_only_with_trigger.py for tasks to queue
[2026-06-03T06:17:51.593+0000] {logging_mixin.py:188} INFO - [2026-06-03T06:17:51.592+0000] {dagbag.py:545} INFO - Filling up the DagBag from /home/airflow/.local/lib/python3.12/site-packages/airflow/example_dags/example_latest_only_with_trigger.py
[2026-06-03T06:17:51.597+0000] {processor.py:840} INFO - DAG(s) 'latest_only_with_trigger' retrieved from /home/airflow/.local/lib/python3.12/site-packages/airflow/example_dags/example_latest_only_with_trigger.py
[2026-06-03T06:17:51.614+0000] {logging_mixin.py:188} INFO - [2026-06-03T06:17:51.614+0000] {dag.py:3089} INFO - Sync 1 DAGs
[2026-06-03T06:17:51.631+0000] {logging_mixin.py:188} INFO - [2026-06-03T06:17:51.631+0000] {dag.py:3947} INFO - Setting next_dagrun for latest_only_with_trigger to 2026-06-03 00:00:00+00:00, run_after=2026-06-03 04:00:00+00:00
[2026-06-03T06:17:51.645+0000] {processor.py:183} INFO - Processing /home/airflow/.local/lib/python3.12/site-packages/airflow/example_dags/example_latest_only_with_trigger.py took 0.059 seconds
[2026-06-03T06:18:21.753+0000] {processor.py:161} INFO - Started process (PID=1795) to work on /home/airflow/.local/lib/python3.12/site-packages/airflow/example_dags/example_latest_only_with_trigger.py
[2026-06-03T06:18:21.754+0000] {processor.py:830} INFO - Processing file /home/airflow/.local/lib/python3.12/site-packages/airflow/example_dags/example_latest_only_with_trigger.py for tasks to queue
[2026-06-03T06:18:21.755+0000] {logging_mixin.py:188} INFO - [2026-06-03T06:18:21.755+0000] {dagbag.py:545} INFO - Filling up the DagBag from /home/airflow/.local/lib/python3.12/site-packages/airflow/example_dags/example_latest_only_with_trigger.py
[2026-06-03T06:18:21.760+0000] {processor.py:840} INFO - DAG(s) 'latest_only_with_trigger' retrieved from /home/airflow/.local/lib/python3.12/site-packages/airflow/example_dags/example_latest_only_with_trigger.py
[2026-06-03T06:18:21.776+0000] {logging_mixin.py:188} INFO - [2026-06-03T06:18:21.776+0000] {dag.py:3089} INFO - Sync 1 DAGs
[2026-06-03T06:18:21.793+0000] {logging_mixin.py:188} INFO - [2026-06-03T06:18:21.793+0000] {dag.py:3947} INFO - Setting next_dagrun for latest_only_with_trigger to 2026-06-03 00:00:00+00:00, run_after=2026-06-03 04:00:00+00:00
[2026-06-03T06:18:21.807+0000] {processor.py:183} INFO - Processing /home/airflow/.local/lib/python3.12/site-packages/airflow/example_dags/example_latest_only_with_trigger.py took 0.058 seconds
[2026-06-03T06:18:52.198+0000] {processor.py:161} INFO - Started process (PID=1853) to work on /home/airflow/.local/lib/python3.12/site-packages/airflow/example_dags/example_latest_only_with_trigger.py
[2026-06-03T06:18:52.199+0000] {processor.py:830} INFO - Processing file /home/airflow/.local/lib/python3.12/site-packages/airflow/example_dags/example_latest_only_with_trigger.py for tasks to queue
[2026-06-03T06:18:52.201+0000] {logging_mixin.py:188} INFO - [2026-06-03T06:18:52.201+0000] {dagbag.py:545} INFO - Filling up the DagBag from /home/airflow/.local/lib/python3.12/site-packages/airflow/example_dags/example_latest_only_with_trigger.py
[2026-06-03T06:18:52.205+0000] {processor.py:840} INFO - DAG(s) 'latest_only_with_trigger' retrieved from /home/airflow/.local/lib/python3.12/site-packages/airflow/example_dags/example_latest_only_with_trigger.py
[2026-06-03T06:18:52.221+0000] {logging_mixin.py:188} INFO - [2026-06-03T06:18:52.221+0000] {dag.py:3089} INFO - Sync 1 DAGs
[2026-06-03T06:18:52.238+0000] {logging_mixin.py:188} INFO - [2026-06-03T06:18:52.238+0000] {dag.py:3947} INFO - Setting next_dagrun for latest_only_with_trigger to 2026-06-03 00:00:00+00:00, run_after=2026-06-03 04:00:00+00:00
[2026-06-03T06:18:52.252+0000] {processor.py:183} INFO - Processing /home/airflow/.local/lib/python3.12/site-packages/airflow/example_dags/example_latest_only_with_trigger.py took 0.058 seconds
[2026-06-03T06:19:23.002+0000] {processor.py:161} INFO - Started process (PID=1911) to work on /home/airflow/.local/lib/python3.12/site-packages/airflow/example_dags/example_latest_only_with_trigger.py
[2026-06-03T06:19:23.003+0000] {processor.py:830} INFO - Processing file /home/airflow/.local/lib/python3.12/site-packages/airflow/example_dags/example_latest_only_with_trigger.py for tasks to queue
[2026-06-03T06:19:23.004+0000] {logging_mixin.py:188} INFO - [2026-06-03T06:19:23.004+0000] {dagbag.py:545} INFO - Filling up the DagBag from /home/airflow/.local/lib/python3.12/site-packages/airflow/example_dags/example_latest_only_with_trigger.py
[2026-06-03T06:19:23.009+0000] {processor.py:840} INFO - DAG(s) 'latest_only_with_trigger' retrieved from /home/airflow/.local/lib/python3.12/site-packages/airflow/example_dags/example_latest_only_with_trigger.py
[2026-06-03T06:19:23.148+0000] {logging_mixin.py:188} INFO - [2026-06-03T06:19:23.148+0000] {dag.py:3089} INFO - Sync 1 DAGs
[2026-06-03T06:19:23.164+0000] {logging_mixin.py:188} INFO - [2026-06-03T06:19:23.164+0000] {dag.py:3947} INFO - Setting next_dagrun for latest_only_with_trigger to 2026-06-03 00:00:00+00:00, run_after=2026-06-03 04:00:00+00:00
[2026-06-03T06:19:23.178+0000] {processor.py:183} INFO - Processing /home/airflow/.local/lib/python3.12/site-packages/airflow/example_dags/example_latest_only_with_trigger.py took 0.182 seconds
[2026-06-03T06:19:53.219+0000] {processor.py:161} INFO - Started process (PID=1969) to work on /home/airflow/.local/lib/python3.12/site-packages/airflow/example_dags/example_latest_only_with_trigger.py
[2026-06-03T06:19:53.220+0000] {processor.py:830} INFO - Processing file /home/airflow/.local/lib/python3.12/site-packages/airflow/example_dags/example_latest_only_with_trigger.py for tasks to queue
[2026-06-03T06:19:53.221+0000] {logging_mixin.py:188} INFO - [2026-06-03T06:19:53.221+0000] {dagbag.py:545} INFO - Filling up the DagBag from /home/airflow/.local/lib/python3.12/site-packages/airflow/example_dags/example_latest_only_with_trigger.py
[2026-06-03T06:19:53.226+0000] {processor.py:840} INFO - DAG(s) 'latest_only_with_trigger' retrieved from /home/airflow/.local/lib/python3.12/site-packages/airflow/example_dags/example_latest_only_with_trigger.py
[2026-06-03T06:19:53.241+0000] {logging_mixin.py:188} INFO - [2026-06-03T06:19:53.241+0000] {dag.py:3089} INFO - Sync 1 DAGs
[2026-06-03T06:19:53.373+0000] {logging_mixin.py:188} INFO - [2026-06-03T06:19:53.373+0000] {dag.py:3947} INFO - Setting next_dagrun for latest_only_with_trigger to 2026-06-03 00:00:00+00:00, run_after=2026-06-03 04:00:00+00:00
[2026-06-03T06:19:53.386+0000] {processor.py:183} INFO - Processing /home/airflow/.local/lib/python3.12/site-packages/airflow/example_dags/example_latest_only_with_trigger.py took 0.171 seconds
[2026-06-03T06:20:23.894+0000] {processor.py:161} INFO - Started process (PID=2027) to work on /home/airflow/.local/lib/python3.12/site-packages/airflow/example_dags/example_latest_only_with_trigger.py
[2026-06-03T06:20:23.894+0000] {processor.py:830} INFO - Processing file /home/airflow/.local/lib/python3.12/site-packages/airflow/example_dags/example_latest_only_with_trigger.py for tasks to queue
[2026-06-03T06:20:23.896+0000] {logging_mixin.py:188} INFO - [2026-06-03T06:20:23.895+0000] {dagbag.py:545} INFO - Filling up the DagBag from /home/airflow/.local/lib/python3.12/site-packages/airflow/example_dags/example_latest_only_with_trigger.py
[2026-06-03T06:20:23.900+0000] {processor.py:840} INFO - DAG(s) 'latest_only_with_trigger' retrieved from /home/airflow/.local/lib/python3.12/site-packages/airflow/example_dags/example_latest_only_with_trigger.py
[2026-06-03T06:20:23.916+0000] {logging_mixin.py:188} INFO - [2026-06-03T06:20:23.916+0000] {dag.py:3089} INFO - Sync 1 DAGs
[2026-06-03T06:20:23.935+0000] {logging_mixin.py:188} INFO - [2026-06-03T06:20:23.935+0000] {dag.py:3947} INFO - Setting next_dagrun for latest_only_with_trigger to 2026-06-03 00:00:00+00:00, run_after=2026-06-03 04:00:00+00:00
[2026-06-03T06:20:23.949+0000] {processor.py:183} INFO - Processing /home/airflow/.local/lib/python3.12/site-packages/airflow/example_dags/example_latest_only_with_trigger.py took 0.060 seconds
[2026-06-03T06:20:54.193+0000] {processor.py:161} INFO - Started process (PID=2085) to work on /home/airflow/.local/lib/python3.12/site-packages/airflow/example_dags/example_latest_only_with_trigger.py
[2026-06-03T06:20:54.194+0000] {processor.py:830} INFO - Processing file /home/airflow/.local/lib/python3.12/site-packages/airflow/example_dags/example_latest_only_with_trigger.py for tasks to queue
[2026-06-03T06:20:54.195+0000] {logging_mixin.py:188} INFO - [2026-06-03T06:20:54.195+0000] {dagbag.py:545} INFO - Filling up the DagBag from /home/airflow/.local/lib/python3.12/site-packages/airflow/example_dags/example_latest_only_with_trigger.py
[2026-06-03T06:20:54.200+0000] {processor.py:840} INFO - DAG(s) 'latest_only_with_trigger' retrieved from /home/airflow/.local/lib/python3.12/site-packages/airflow/example_dags/example_latest_only_with_trigger.py
[2026-06-03T06:20:54.216+0000] {logging_mixin.py:188} INFO - [2026-06-03T06:20:54.216+0000] {dag.py:3089} INFO - Sync 1 DAGs
[2026-06-03T06:20:54.234+0000] {logging_mixin.py:188} INFO - [2026-06-03T06:20:54.234+0000] {dag.py:3947} INFO - Setting next_dagrun for latest_only_with_trigger to 2026-06-03 00:00:00+00:00, run_after=2026-06-03 04:00:00+00:00
[2026-06-03T06:20:54.249+0000] {processor.py:183} INFO - Processing /home/airflow/.local/lib/python3.12/site-packages/airflow/example_dags/example_latest_only_with_trigger.py took 0.060 seconds
[2026-06-03T06:21:24.517+0000] {processor.py:161} INFO - Started process (PID=2143) to work on /home/airflow/.local/lib/python3.12/site-packages/airflow/example_dags/example_latest_only_with_trigger.py
[2026-06-03T06:21:24.518+0000] {processor.py:830} INFO - Processing file /home/airflow/.local/lib/python3.12/site-packages/airflow/example_dags/example_latest_only_with_trigger.py for tasks to queue
[2026-06-03T06:21:24.519+0000] {logging_mixin.py:188} INFO - [2026-06-03T06:21:24.519+0000] {dagbag.py:545} INFO - Filling up the DagBag from /home/airflow/.local/lib/python3.12/site-packages/airflow/example_dags/example_latest_only_with_trigger.py
[2026-06-03T06:21:24.523+0000] {processor.py:840} INFO - DAG(s) 'latest_only_with_trigger' retrieved from /home/airflow/.local/lib/python3.12/site-packages/airflow/example_dags/example_latest_only_with_trigger.py
[2026-06-03T06:21:24.539+0000] {logging_mixin.py:188} INFO - [2026-06-03T06:21:24.539+0000] {dag.py:3089} INFO - Sync 1 DAGs
[2026-06-03T06:21:24.556+0000] {logging_mixin.py:188} INFO - [2026-06-03T06:21:24.556+0000] {dag.py:3947} INFO - Setting next_dagrun for latest_only_with_trigger to 2026-06-03 00:00:00+00:00, run_after=2026-06-03 04:00:00+00:00
[2026-06-03T06:21:24.570+0000] {processor.py:183} INFO - Processing /home/airflow/.local/lib/python3.12/site-packages/airflow/example_dags/example_latest_only_with_trigger.py took 0.058 seconds
[2026-06-03T06:21:55.038+0000] {processor.py:161} INFO - Started process (PID=2201) to work on /home/airflow/.local/lib/python3.12/site-packages/airflow/example_dags/example_latest_only_with_trigger.py
[2026-06-03T06:21:55.039+0000] {processor.py:830} INFO - Processing file /home/airflow/.local/lib/python3.12/site-packages/airflow/example_dags/example_latest_only_with_trigger.py for tasks to queue
[2026-06-03T06:21:55.040+0000] {logging_mixin.py:188} INFO - [2026-06-03T06:21:55.040+0000] {dagbag.py:545} INFO - Filling up the DagBag from /home/airflow/.local/lib/python3.12/site-packages/airflow/example_dags/example_latest_only_with_trigger.py
[2026-06-03T06:21:55.044+0000] {processor.py:840} INFO - DAG(s) 'latest_only_with_trigger' retrieved from /home/airflow/.local/lib/python3.12/site-packages/airflow/example_dags/example_latest_only_with_trigger.py
[2026-06-03T06:21:55.060+0000] {logging_mixin.py:188} INFO - [2026-06-03T06:21:55.060+0000] {dag.py:3089} INFO - Sync 1 DAGs
[2026-06-03T06:21:55.078+0000] {logging_mixin.py:188} INFO - [2026-06-03T06:21:55.077+0000] {dag.py:3947} INFO - Setting next_dagrun for latest_only_with_trigger to 2026-06-03 00:00:00+00:00, run_after=2026-06-03 04:00:00+00:00
[2026-06-03T06:21:55.095+0000] {processor.py:183} INFO - Processing /home/airflow/.local/lib/python3.12/site-packages/airflow/example_dags/example_latest_only_with_trigger.py took 0.062 seconds
[2026-06-03T06:22:37.889+0000] {processor.py:161} INFO - Started process (PID=2260) to work on /home/airflow/.local/lib/python3.12/site-packages/airflow/example_dags/example_latest_only_with_trigger.py
[2026-06-03T06:22:37.932+0000] {processor.py:830} INFO - Processing file /home/airflow/.local/lib/python3.12/site-packages/airflow/example_dags/example_latest_only_with_trigger.py for tasks to queue
[2026-06-03T06:22:37.934+0000] {logging_mixin.py:188} INFO - [2026-06-03T06:22:37.934+0000] {dagbag.py:545} INFO - Filling up the DagBag from /home/airflow/.local/lib/python3.12/site-packages/airflow/example_dags/example_latest_only_with_trigger.py
[2026-06-03T06:22:37.939+0000] {processor.py:840} INFO - DAG(s) 'latest_only_with_trigger' retrieved from /home/airflow/.local/lib/python3.12/site-packages/airflow/example_dags/example_latest_only_with_trigger.py
[2026-06-03T06:22:37.958+0000] {logging_mixin.py:188} INFO - [2026-06-03T06:22:37.958+0000] {dag.py:3089} INFO - Sync 1 DAGs
[2026-06-03T06:22:38.015+0000] {logging_mixin.py:188} INFO - [2026-06-03T06:22:38.015+0000] {dag.py:3947} INFO - Setting next_dagrun for latest_only_with_trigger to 2026-06-03 00:00:00+00:00, run_after=2026-06-03 04:00:00+00:00
[2026-06-03T06:22:38.082+0000] {processor.py:183} INFO - Processing /home/airflow/.local/lib/python3.12/site-packages/airflow/example_dags/example_latest_only_with_trigger.py took 0.198 seconds
[2026-06-03T06:23:08.488+0000] {processor.py:161} INFO - Started process (PID=2318) to work on /home/airflow/.local/lib/python3.12/site-packages/airflow/example_dags/example_latest_only_with_trigger.py
[2026-06-03T06:23:08.489+0000] {processor.py:830} INFO - Processing file /home/airflow/.local/lib/python3.12/site-packages/airflow/example_dags/example_latest_only_with_trigger.py for tasks to queue
[2026-06-03T06:23:08.490+0000] {logging_mixin.py:188} INFO - [2026-06-03T06:23:08.490+0000] {dagbag.py:545} INFO - Filling up the DagBag from /home/airflow/.local/lib/python3.12/site-packages/airflow/example_dags/example_latest_only_with_trigger.py
[2026-06-03T06:23:08.495+0000] {processor.py:840} INFO - DAG(s) 'latest_only_with_trigger' retrieved from /home/airflow/.local/lib/python3.12/site-packages/airflow/example_dags/example_latest_only_with_trigger.py
[2026-06-03T06:23:08.512+0000] {logging_mixin.py:188} INFO - [2026-06-03T06:23:08.512+0000] {dag.py:3089} INFO - Sync 1 DAGs
[2026-06-03T06:23:08.531+0000] {logging_mixin.py:188} INFO - [2026-06-03T06:23:08.531+0000] {dag.py:3947} INFO - Setting next_dagrun for latest_only_with_trigger to 2026-06-03 00:00:00+00:00, run_after=2026-06-03 04:00:00+00:00
[2026-06-03T06:23:08.546+0000] {processor.py:183} INFO - Processing /home/airflow/.local/lib/python3.12/site-packages/airflow/example_dags/example_latest_only_with_trigger.py took 0.063 seconds
[2026-06-03T06:23:38.881+0000] {processor.py:161} INFO - Started process (PID=2376) to work on /home/airflow/.local/lib/python3.12/site-packages/airflow/example_dags/example_latest_only_with_trigger.py
[2026-06-03T06:23:38.882+0000] {processor.py:830} INFO - Processing file /home/airflow/.local/lib/python3.12/site-packages/airflow/example_dags/example_latest_only_with_trigger.py for tasks to queue
[2026-06-03T06:23:38.883+0000] {logging_mixin.py:188} INFO - [2026-06-03T06:23:38.883+0000] {dagbag.py:545} INFO - Filling up the DagBag from /home/airflow/.local/lib/python3.12/site-packages/airflow/example_dags/example_latest_only_with_trigger.py
[2026-06-03T06:23:38.888+0000] {processor.py:840} INFO - DAG(s) 'latest_only_with_trigger' retrieved from /home/airflow/.local/lib/python3.12/site-packages/airflow/example_dags/example_latest_only_with_trigger.py
[2026-06-03T06:23:38.905+0000] {logging_mixin.py:188} INFO - [2026-06-03T06:23:38.905+0000] {dag.py:3089} INFO - Sync 1 DAGs
[2026-06-03T06:23:38.923+0000] {logging_mixin.py:188} INFO - [2026-06-03T06:23:38.923+0000] {dag.py:3947} INFO - Setting next_dagrun for latest_only_with_trigger to 2026-06-03 00:00:00+00:00, run_after=2026-06-03 04:00:00+00:00
[2026-06-03T06:23:38.939+0000] {processor.py:183} INFO - Processing /home/airflow/.local/lib/python3.12/site-packages/airflow/example_dags/example_latest_only_with_trigger.py took 0.063 seconds
[2026-06-03T06:24:09.252+0000] {processor.py:161} INFO - Started process (PID=2434) to work on /home/airflow/.local/lib/python3.12/site-packages/airflow/example_dags/example_latest_only_with_trigger.py
[2026-06-03T06:24:09.253+0000] {processor.py:830} INFO - Processing file /home/airflow/.local/lib/python3.12/site-packages/airflow/example_dags/example_latest_only_with_trigger.py for tasks to queue
[2026-06-03T06:24:09.254+0000] {logging_mixin.py:188} INFO - [2026-06-03T06:24:09.254+0000] {dagbag.py:545} INFO - Filling up the DagBag from /home/airflow/.local/lib/python3.12/site-packages/airflow/example_dags/example_latest_only_with_trigger.py
[2026-06-03T06:24:09.258+0000] {processor.py:840} INFO - DAG(s) 'latest_only_with_trigger' retrieved from /home/airflow/.local/lib/python3.12/site-packages/airflow/example_dags/example_latest_only_with_trigger.py
[2026-06-03T06:24:09.275+0000] {logging_mixin.py:188} INFO - [2026-06-03T06:24:09.274+0000] {dag.py:3089} INFO - Sync 1 DAGs
[2026-06-03T06:24:09.293+0000] {logging_mixin.py:188} INFO - [2026-06-03T06:24:09.293+0000] {dag.py:3947} INFO - Setting next_dagrun for latest_only_with_trigger to 2026-06-03 00:00:00+00:00, run_after=2026-06-03 04:00:00+00:00
[2026-06-03T06:24:09.308+0000] {processor.py:183} INFO - Processing /home/airflow/.local/lib/python3.12/site-packages/airflow/example_dags/example_latest_only_with_trigger.py took 0.062 seconds
[2026-06-03T06:24:39.850+0000] {processor.py:161} INFO - Started process (PID=2492) to work on /home/airflow/.local/lib/python3.12/site-packages/airflow/example_dags/example_latest_only_with_trigger.py
[2026-06-03T06:24:39.850+0000] {processor.py:830} INFO - Processing file /home/airflow/.local/lib/python3.12/site-packages/airflow/example_dags/example_latest_only_with_trigger.py for tasks to queue
[2026-06-03T06:24:39.852+0000] {logging_mixin.py:188} INFO - [2026-06-03T06:24:39.851+0000] {dagbag.py:545} INFO - Filling up the DagBag from /home/airflow/.local/lib/python3.12/site-packages/airflow/example_dags/example_latest_only_with_trigger.py
[2026-06-03T06:24:39.856+0000] {processor.py:840} INFO - DAG(s) 'latest_only_with_trigger' retrieved from /home/airflow/.local/lib/python3.12/site-packages/airflow/example_dags/example_latest_only_with_trigger.py
[2026-06-03T06:24:39.872+0000] {logging_mixin.py:188} INFO - [2026-06-03T06:24:39.872+0000] {dag.py:3089} INFO - Sync 1 DAGs
[2026-06-03T06:24:39.891+0000] {logging_mixin.py:188} INFO - [2026-06-03T06:24:39.891+0000] {dag.py:3947} INFO - Setting next_dagrun for latest_only_with_trigger to 2026-06-03 00:00:00+00:00, run_after=2026-06-03 04:00:00+00:00
[2026-06-03T06:24:39.905+0000] {processor.py:183} INFO - Processing /home/airflow/.local/lib/python3.12/site-packages/airflow/example_dags/example_latest_only_with_trigger.py took 0.060 seconds
[2026-06-03T06:25:10.250+0000] {processor.py:161} INFO - Started process (PID=2550) to work on /home/airflow/.local/lib/python3.12/site-packages/airflow/example_dags/example_latest_only_with_trigger.py
[2026-06-03T06:25:10.251+0000] {processor.py:830} INFO - Processing file /home/airflow/.local/lib/python3.12/site-packages/airflow/example_dags/example_latest_only_with_trigger.py for tasks to queue
[2026-06-03T06:25:10.253+0000] {logging_mixin.py:188} INFO - [2026-06-03T06:25:10.252+0000] {dagbag.py:545} INFO - Filling up the DagBag from /home/airflow/.local/lib/python3.12/site-packages/airflow/example_dags/example_latest_only_with_trigger.py
[2026-06-03T06:25:10.257+0000] {processor.py:840} INFO - DAG(s) 'latest_only_with_trigger' retrieved from /home/airflow/.local/lib/python3.12/site-packages/airflow/example_dags/example_latest_only_with_trigger.py
[2026-06-03T06:25:10.276+0000] {logging_mixin.py:188} INFO - [2026-06-03T06:25:10.276+0000] {dag.py:3089} INFO - Sync 1 DAGs
[2026-06-03T06:25:10.298+0000] {logging_mixin.py:188} INFO - [2026-06-03T06:25:10.298+0000] {dag.py:3947} INFO - Setting next_dagrun for latest_only_with_trigger to 2026-06-03 00:00:00+00:00, run_after=2026-06-03 04:00:00+00:00
[2026-06-03T06:25:10.315+0000] {processor.py:183} INFO - Processing /home/airflow/.local/lib/python3.12/site-packages/airflow/example_dags/example_latest_only_with_trigger.py took 0.070 seconds
[2026-06-03T06:25:40.654+0000] {processor.py:161} INFO - Started process (PID=2608) to work on /home/airflow/.local/lib/python3.12/site-packages/airflow/example_dags/example_latest_only_with_trigger.py
[2026-06-03T06:25:40.654+0000] {processor.py:830} INFO - Processing file /home/airflow/.local/lib/python3.12/site-packages/airflow/example_dags/example_latest_only_with_trigger.py for tasks to queue
[2026-06-03T06:25:40.656+0000] {logging_mixin.py:188} INFO - [2026-06-03T06:25:40.655+0000] {dagbag.py:545} INFO - Filling up the DagBag from /home/airflow/.local/lib/python3.12/site-packages/airflow/example_dags/example_latest_only_with_trigger.py
[2026-06-03T06:25:40.660+0000] {processor.py:840} INFO - DAG(s) 'latest_only_with_trigger' retrieved from /home/airflow/.local/lib/python3.12/site-packages/airflow/example_dags/example_latest_only_with_trigger.py
[2026-06-03T06:25:40.676+0000] {logging_mixin.py:188} INFO - [2026-06-03T06:25:40.676+0000] {dag.py:3089} INFO - Sync 1 DAGs
[2026-06-03T06:25:40.694+0000] {logging_mixin.py:188} INFO - [2026-06-03T06:25:40.694+0000] {dag.py:3947} INFO - Setting next_dagrun for latest_only_with_trigger to 2026-06-03 00:00:00+00:00, run_after=2026-06-03 04:00:00+00:00
[2026-06-03T06:25:40.711+0000] {processor.py:183} INFO - Processing /home/airflow/.local/lib/python3.12/site-packages/airflow/example_dags/example_latest_only_with_trigger.py took 0.062 seconds
[2026-06-03T06:26:11.069+0000] {processor.py:161} INFO - Started process (PID=2665) to work on /home/airflow/.local/lib/python3.12/site-packages/airflow/example_dags/example_latest_only_with_trigger.py
[2026-06-03T06:26:11.070+0000] {processor.py:830} INFO - Processing file /home/airflow/.local/lib/python3.12/site-packages/airflow/example_dags/example_latest_only_with_trigger.py for tasks to queue
[2026-06-03T06:26:11.071+0000] {logging_mixin.py:188} INFO - [2026-06-03T06:26:11.071+0000] {dagbag.py:545} INFO - Filling up the DagBag from /home/airflow/.local/lib/python3.12/site-packages/airflow/example_dags/example_latest_only_with_trigger.py
[2026-06-03T06:26:11.075+0000] {processor.py:840} INFO - DAG(s) 'latest_only_with_trigger' retrieved from /home/airflow/.local/lib/python3.12/site-packages/airflow/example_dags/example_latest_only_with_trigger.py
[2026-06-03T06:26:11.091+0000] {logging_mixin.py:188} INFO - [2026-06-03T06:26:11.091+0000] {dag.py:3089} INFO - Sync 1 DAGs
[2026-06-03T06:26:11.109+0000] {logging_mixin.py:188} INFO - [2026-06-03T06:26:11.109+0000] {dag.py:3947} INFO - Setting next_dagrun for latest_only_with_trigger to 2026-06-03 00:00:00+00:00, run_after=2026-06-03 04:00:00+00:00
[2026-06-03T06:26:11.124+0000] {processor.py:183} INFO - Processing /home/airflow/.local/lib/python3.12/site-packages/airflow/example_dags/example_latest_only_with_trigger.py took 0.059 seconds
[2026-06-03T06:26:41.401+0000] {processor.py:161} INFO - Started process (PID=2723) to work on /home/airflow/.local/lib/python3.12/site-packages/airflow/example_dags/example_latest_only_with_trigger.py
[2026-06-03T06:26:41.402+0000] {processor.py:830} INFO - Processing file /home/airflow/.local/lib/python3.12/site-packages/airflow/example_dags/example_latest_only_with_trigger.py for tasks to queue
[2026-06-03T06:26:41.403+0000] {logging_mixin.py:188} INFO - [2026-06-03T06:26:41.403+0000] {dagbag.py:545} INFO - Filling up the DagBag from /home/airflow/.local/lib/python3.12/site-packages/airflow/example_dags/example_latest_only_with_trigger.py
[2026-06-03T06:26:41.407+0000] {processor.py:840} INFO - DAG(s) 'latest_only_with_trigger' retrieved from /home/airflow/.local/lib/python3.12/site-packages/airflow/example_dags/example_latest_only_with_trigger.py
[2026-06-03T06:26:41.424+0000] {logging_mixin.py:188} INFO - [2026-06-03T06:26:41.423+0000] {dag.py:3089} INFO - Sync 1 DAGs
[2026-06-03T06:26:41.443+0000] {logging_mixin.py:188} INFO - [2026-06-03T06:26:41.442+0000] {dag.py:3947} INFO - Setting next_dagrun for latest_only_with_trigger to 2026-06-03 00:00:00+00:00, run_after=2026-06-03 04:00:00+00:00
[2026-06-03T06:26:41.458+0000] {processor.py:183} INFO - Processing /home/airflow/.local/lib/python3.12/site-packages/airflow/example_dags/example_latest_only_with_trigger.py took 0.062 seconds
