[2026-06-03T06:03:12.885+0000] {processor.py:161} INFO - Started process (PID=93) to work on /home/airflow/.local/lib/python3.12/site-packages/airflow/example_dags/example_params_trigger_ui.py
[2026-06-03T06:03:12.886+0000] {processor.py:830} INFO - Processing file /home/airflow/.local/lib/python3.12/site-packages/airflow/example_dags/example_params_trigger_ui.py for tasks to queue
[2026-06-03T06:03:12.887+0000] {logging_mixin.py:188} INFO - [2026-06-03T06:03:12.887+0000] {dagbag.py:545} INFO - Filling up the DagBag from /home/airflow/.local/lib/python3.12/site-packages/airflow/example_dags/example_params_trigger_ui.py
[2026-06-03T06:03:12.895+0000] {processor.py:840} INFO - DAG(s) 'example_params_trigger_ui' retrieved from /home/airflow/.local/lib/python3.12/site-packages/airflow/example_dags/example_params_trigger_ui.py
[2026-06-03T06:03:12.933+0000] {logging_mixin.py:188} INFO - [2026-06-03T06:03:12.933+0000] {dag.py:3089} INFO - Sync 1 DAGs
[2026-06-03T06:03:12.944+0000] {logging_mixin.py:188} INFO - [2026-06-03T06:03:12.944+0000] {dag.py:3947} INFO - Setting next_dagrun for example_params_trigger_ui to None, run_after=None
[2026-06-03T06:03:12.959+0000] {processor.py:183} INFO - Processing /home/airflow/.local/lib/python3.12/site-packages/airflow/example_dags/example_params_trigger_ui.py took 0.079 seconds
[2026-06-03T06:03:43.367+0000] {processor.py:161} INFO - Started process (PID=151) to work on /home/airflow/.local/lib/python3.12/site-packages/airflow/example_dags/example_params_trigger_ui.py
[2026-06-03T06:03:43.367+0000] {processor.py:830} INFO - Processing file /home/airflow/.local/lib/python3.12/site-packages/airflow/example_dags/example_params_trigger_ui.py for tasks to queue
[2026-06-03T06:03:43.369+0000] {logging_mixin.py:188} INFO - [2026-06-03T06:03:43.368+0000] {dagbag.py:545} INFO - Filling up the DagBag from /home/airflow/.local/lib/python3.12/site-packages/airflow/example_dags/example_params_trigger_ui.py
[2026-06-03T06:03:43.376+0000] {processor.py:840} INFO - DAG(s) 'example_params_trigger_ui' retrieved from /home/airflow/.local/lib/python3.12/site-packages/airflow/example_dags/example_params_trigger_ui.py
[2026-06-03T06:03:43.413+0000] {logging_mixin.py:188} INFO - [2026-06-03T06:03:43.413+0000] {dag.py:3089} INFO - Sync 1 DAGs
[2026-06-03T06:03:43.424+0000] {logging_mixin.py:188} INFO - [2026-06-03T06:03:43.424+0000] {dag.py:3947} INFO - Setting next_dagrun for example_params_trigger_ui to None, run_after=None
[2026-06-03T06:03:43.439+0000] {processor.py:183} INFO - Processing /home/airflow/.local/lib/python3.12/site-packages/airflow/example_dags/example_params_trigger_ui.py took 0.077 seconds
[2026-06-03T06:04:13.744+0000] {processor.py:161} INFO - Started process (PID=209) to work on /home/airflow/.local/lib/python3.12/site-packages/airflow/example_dags/example_params_trigger_ui.py
[2026-06-03T06:04:13.746+0000] {processor.py:830} INFO - Processing file /home/airflow/.local/lib/python3.12/site-packages/airflow/example_dags/example_params_trigger_ui.py for tasks to queue
[2026-06-03T06:04:13.747+0000] {logging_mixin.py:188} INFO - [2026-06-03T06:04:13.747+0000] {dagbag.py:545} INFO - Filling up the DagBag from /home/airflow/.local/lib/python3.12/site-packages/airflow/example_dags/example_params_trigger_ui.py
[2026-06-03T06:04:13.754+0000] {processor.py:840} INFO - DAG(s) 'example_params_trigger_ui' retrieved from /home/airflow/.local/lib/python3.12/site-packages/airflow/example_dags/example_params_trigger_ui.py
[2026-06-03T06:04:13.791+0000] {logging_mixin.py:188} INFO - [2026-06-03T06:04:13.791+0000] {dag.py:3089} INFO - Sync 1 DAGs
[2026-06-03T06:04:13.801+0000] {logging_mixin.py:188} INFO - [2026-06-03T06:04:13.801+0000] {dag.py:3947} INFO - Setting next_dagrun for example_params_trigger_ui to None, run_after=None
[2026-06-03T06:04:13.816+0000] {processor.py:183} INFO - Processing /home/airflow/.local/lib/python3.12/site-packages/airflow/example_dags/example_params_trigger_ui.py took 0.077 seconds
[2026-06-03T06:04:44.101+0000] {processor.py:161} INFO - Started process (PID=267) to work on /home/airflow/.local/lib/python3.12/site-packages/airflow/example_dags/example_params_trigger_ui.py
[2026-06-03T06:04:44.104+0000] {processor.py:830} INFO - Processing file /home/airflow/.local/lib/python3.12/site-packages/airflow/example_dags/example_params_trigger_ui.py for tasks to queue
[2026-06-03T06:04:44.106+0000] {logging_mixin.py:188} INFO - [2026-06-03T06:04:44.106+0000] {dagbag.py:545} INFO - Filling up the DagBag from /home/airflow/.local/lib/python3.12/site-packages/airflow/example_dags/example_params_trigger_ui.py
[2026-06-03T06:04:44.114+0000] {processor.py:840} INFO - DAG(s) 'example_params_trigger_ui' retrieved from /home/airflow/.local/lib/python3.12/site-packages/airflow/example_dags/example_params_trigger_ui.py
[2026-06-03T06:04:44.159+0000] {logging_mixin.py:188} INFO - [2026-06-03T06:04:44.158+0000] {dag.py:3089} INFO - Sync 1 DAGs
[2026-06-03T06:04:44.173+0000] {logging_mixin.py:188} INFO - [2026-06-03T06:04:44.172+0000] {dag.py:3947} INFO - Setting next_dagrun for example_params_trigger_ui to None, run_after=None
[2026-06-03T06:04:44.192+0000] {processor.py:183} INFO - Processing /home/airflow/.local/lib/python3.12/site-packages/airflow/example_dags/example_params_trigger_ui.py took 0.097 seconds
[2026-06-03T06:05:14.679+0000] {processor.py:161} INFO - Started process (PID=325) to work on /home/airflow/.local/lib/python3.12/site-packages/airflow/example_dags/example_params_trigger_ui.py
[2026-06-03T06:05:14.680+0000] {processor.py:830} INFO - Processing file /home/airflow/.local/lib/python3.12/site-packages/airflow/example_dags/example_params_trigger_ui.py for tasks to queue
[2026-06-03T06:05:14.682+0000] {logging_mixin.py:188} INFO - [2026-06-03T06:05:14.681+0000] {dagbag.py:545} INFO - Filling up the DagBag from /home/airflow/.local/lib/python3.12/site-packages/airflow/example_dags/example_params_trigger_ui.py
[2026-06-03T06:05:14.689+0000] {processor.py:840} INFO - DAG(s) 'example_params_trigger_ui' retrieved from /home/airflow/.local/lib/python3.12/site-packages/airflow/example_dags/example_params_trigger_ui.py
[2026-06-03T06:05:14.726+0000] {logging_mixin.py:188} INFO - [2026-06-03T06:05:14.726+0000] {dag.py:3089} INFO - Sync 1 DAGs
[2026-06-03T06:05:14.738+0000] {logging_mixin.py:188} INFO - [2026-06-03T06:05:14.737+0000] {dag.py:3947} INFO - Setting next_dagrun for example_params_trigger_ui to None, run_after=None
[2026-06-03T06:05:14.752+0000] {processor.py:183} INFO - Processing /home/airflow/.local/lib/python3.12/site-packages/airflow/example_dags/example_params_trigger_ui.py took 0.078 seconds
[2026-06-03T06:05:45.029+0000] {processor.py:161} INFO - Started process (PID=383) to work on /home/airflow/.local/lib/python3.12/site-packages/airflow/example_dags/example_params_trigger_ui.py
[2026-06-03T06:05:45.030+0000] {processor.py:830} INFO - Processing file /home/airflow/.local/lib/python3.12/site-packages/airflow/example_dags/example_params_trigger_ui.py for tasks to queue
[2026-06-03T06:05:45.032+0000] {logging_mixin.py:188} INFO - [2026-06-03T06:05:45.031+0000] {dagbag.py:545} INFO - Filling up the DagBag from /home/airflow/.local/lib/python3.12/site-packages/airflow/example_dags/example_params_trigger_ui.py
[2026-06-03T06:05:45.039+0000] {processor.py:840} INFO - DAG(s) 'example_params_trigger_ui' retrieved from /home/airflow/.local/lib/python3.12/site-packages/airflow/example_dags/example_params_trigger_ui.py
[2026-06-03T06:05:45.076+0000] {logging_mixin.py:188} INFO - [2026-06-03T06:05:45.076+0000] {dag.py:3089} INFO - Sync 1 DAGs
[2026-06-03T06:05:45.087+0000] {logging_mixin.py:188} INFO - [2026-06-03T06:05:45.086+0000] {dag.py:3947} INFO - Setting next_dagrun for example_params_trigger_ui to None, run_after=None
[2026-06-03T06:05:45.105+0000] {processor.py:183} INFO - Processing /home/airflow/.local/lib/python3.12/site-packages/airflow/example_dags/example_params_trigger_ui.py took 0.080 seconds
[2026-06-03T06:06:15.842+0000] {processor.py:161} INFO - Started process (PID=441) to work on /home/airflow/.local/lib/python3.12/site-packages/airflow/example_dags/example_params_trigger_ui.py
[2026-06-03T06:06:15.844+0000] {processor.py:830} INFO - Processing file /home/airflow/.local/lib/python3.12/site-packages/airflow/example_dags/example_params_trigger_ui.py for tasks to queue
[2026-06-03T06:06:15.845+0000] {logging_mixin.py:188} INFO - [2026-06-03T06:06:15.845+0000] {dagbag.py:545} INFO - Filling up the DagBag from /home/airflow/.local/lib/python3.12/site-packages/airflow/example_dags/example_params_trigger_ui.py
[2026-06-03T06:06:15.853+0000] {processor.py:840} INFO - DAG(s) 'example_params_trigger_ui' retrieved from /home/airflow/.local/lib/python3.12/site-packages/airflow/example_dags/example_params_trigger_ui.py
[2026-06-03T06:06:15.890+0000] {logging_mixin.py:188} INFO - [2026-06-03T06:06:15.889+0000] {dag.py:3089} INFO - Sync 1 DAGs
[2026-06-03T06:06:15.900+0000] {logging_mixin.py:188} INFO - [2026-06-03T06:06:15.900+0000] {dag.py:3947} INFO - Setting next_dagrun for example_params_trigger_ui to None, run_after=None
[2026-06-03T06:06:15.915+0000] {processor.py:183} INFO - Processing /home/airflow/.local/lib/python3.12/site-packages/airflow/example_dags/example_params_trigger_ui.py took 0.077 seconds
[2026-06-03T06:06:46.480+0000] {processor.py:161} INFO - Started process (PID=499) to work on /home/airflow/.local/lib/python3.12/site-packages/airflow/example_dags/example_params_trigger_ui.py
[2026-06-03T06:06:46.481+0000] {processor.py:830} INFO - Processing file /home/airflow/.local/lib/python3.12/site-packages/airflow/example_dags/example_params_trigger_ui.py for tasks to queue
[2026-06-03T06:06:46.482+0000] {logging_mixin.py:188} INFO - [2026-06-03T06:06:46.482+0000] {dagbag.py:545} INFO - Filling up the DagBag from /home/airflow/.local/lib/python3.12/site-packages/airflow/example_dags/example_params_trigger_ui.py
[2026-06-03T06:06:46.489+0000] {processor.py:840} INFO - DAG(s) 'example_params_trigger_ui' retrieved from /home/airflow/.local/lib/python3.12/site-packages/airflow/example_dags/example_params_trigger_ui.py
[2026-06-03T06:06:46.527+0000] {logging_mixin.py:188} INFO - [2026-06-03T06:06:46.527+0000] {dag.py:3089} INFO - Sync 1 DAGs
[2026-06-03T06:06:46.537+0000] {logging_mixin.py:188} INFO - [2026-06-03T06:06:46.537+0000] {dag.py:3947} INFO - Setting next_dagrun for example_params_trigger_ui to None, run_after=None
[2026-06-03T06:06:46.553+0000] {processor.py:183} INFO - Processing /home/airflow/.local/lib/python3.12/site-packages/airflow/example_dags/example_params_trigger_ui.py took 0.077 seconds
[2026-06-03T06:07:16.713+0000] {processor.py:161} INFO - Started process (PID=557) to work on /home/airflow/.local/lib/python3.12/site-packages/airflow/example_dags/example_params_trigger_ui.py
[2026-06-03T06:07:16.715+0000] {processor.py:830} INFO - Processing file /home/airflow/.local/lib/python3.12/site-packages/airflow/example_dags/example_params_trigger_ui.py for tasks to queue
[2026-06-03T06:07:16.718+0000] {logging_mixin.py:188} INFO - [2026-06-03T06:07:16.718+0000] {dagbag.py:545} INFO - Filling up the DagBag from /home/airflow/.local/lib/python3.12/site-packages/airflow/example_dags/example_params_trigger_ui.py
[2026-06-03T06:07:16.728+0000] {processor.py:840} INFO - DAG(s) 'example_params_trigger_ui' retrieved from /home/airflow/.local/lib/python3.12/site-packages/airflow/example_dags/example_params_trigger_ui.py
[2026-06-03T06:07:16.768+0000] {logging_mixin.py:188} INFO - [2026-06-03T06:07:16.768+0000] {dag.py:3089} INFO - Sync 1 DAGs
[2026-06-03T06:07:16.779+0000] {logging_mixin.py:188} INFO - [2026-06-03T06:07:16.779+0000] {dag.py:3947} INFO - Setting next_dagrun for example_params_trigger_ui to None, run_after=None
[2026-06-03T06:07:16.793+0000] {processor.py:183} INFO - Processing /home/airflow/.local/lib/python3.12/site-packages/airflow/example_dags/example_params_trigger_ui.py took 0.086 seconds
[2026-06-03T06:07:47.120+0000] {processor.py:161} INFO - Started process (PID=615) to work on /home/airflow/.local/lib/python3.12/site-packages/airflow/example_dags/example_params_trigger_ui.py
[2026-06-03T06:07:47.120+0000] {processor.py:830} INFO - Processing file /home/airflow/.local/lib/python3.12/site-packages/airflow/example_dags/example_params_trigger_ui.py for tasks to queue
[2026-06-03T06:07:47.121+0000] {logging_mixin.py:188} INFO - [2026-06-03T06:07:47.121+0000] {dagbag.py:545} INFO - Filling up the DagBag from /home/airflow/.local/lib/python3.12/site-packages/airflow/example_dags/example_params_trigger_ui.py
[2026-06-03T06:07:47.129+0000] {processor.py:840} INFO - DAG(s) 'example_params_trigger_ui' retrieved from /home/airflow/.local/lib/python3.12/site-packages/airflow/example_dags/example_params_trigger_ui.py
[2026-06-03T06:07:47.166+0000] {logging_mixin.py:188} INFO - [2026-06-03T06:07:47.165+0000] {dag.py:3089} INFO - Sync 1 DAGs
[2026-06-03T06:07:47.176+0000] {logging_mixin.py:188} INFO - [2026-06-03T06:07:47.176+0000] {dag.py:3947} INFO - Setting next_dagrun for example_params_trigger_ui to None, run_after=None
[2026-06-03T06:07:47.191+0000] {processor.py:183} INFO - Processing /home/airflow/.local/lib/python3.12/site-packages/airflow/example_dags/example_params_trigger_ui.py took 0.076 seconds
[2026-06-03T06:08:17.573+0000] {processor.py:161} INFO - Started process (PID=673) to work on /home/airflow/.local/lib/python3.12/site-packages/airflow/example_dags/example_params_trigger_ui.py
[2026-06-03T06:08:17.575+0000] {processor.py:830} INFO - Processing file /home/airflow/.local/lib/python3.12/site-packages/airflow/example_dags/example_params_trigger_ui.py for tasks to queue
[2026-06-03T06:08:17.576+0000] {logging_mixin.py:188} INFO - [2026-06-03T06:08:17.576+0000] {dagbag.py:545} INFO - Filling up the DagBag from /home/airflow/.local/lib/python3.12/site-packages/airflow/example_dags/example_params_trigger_ui.py
[2026-06-03T06:08:17.584+0000] {processor.py:840} INFO - DAG(s) 'example_params_trigger_ui' retrieved from /home/airflow/.local/lib/python3.12/site-packages/airflow/example_dags/example_params_trigger_ui.py
[2026-06-03T06:08:17.621+0000] {logging_mixin.py:188} INFO - [2026-06-03T06:08:17.621+0000] {dag.py:3089} INFO - Sync 1 DAGs
[2026-06-03T06:08:17.632+0000] {logging_mixin.py:188} INFO - [2026-06-03T06:08:17.632+0000] {dag.py:3947} INFO - Setting next_dagrun for example_params_trigger_ui to None, run_after=None
[2026-06-03T06:08:17.646+0000] {processor.py:183} INFO - Processing /home/airflow/.local/lib/python3.12/site-packages/airflow/example_dags/example_params_trigger_ui.py took 0.078 seconds
[2026-06-03T06:08:51.587+0000] {processor.py:161} INFO - Started process (PID=731) to work on /home/airflow/.local/lib/python3.12/site-packages/airflow/example_dags/example_params_trigger_ui.py
[2026-06-03T06:08:51.589+0000] {processor.py:830} INFO - Processing file /home/airflow/.local/lib/python3.12/site-packages/airflow/example_dags/example_params_trigger_ui.py for tasks to queue
[2026-06-03T06:08:51.590+0000] {logging_mixin.py:188} INFO - [2026-06-03T06:08:51.590+0000] {dagbag.py:545} INFO - Filling up the DagBag from /home/airflow/.local/lib/python3.12/site-packages/airflow/example_dags/example_params_trigger_ui.py
[2026-06-03T06:08:51.600+0000] {processor.py:840} INFO - DAG(s) 'example_params_trigger_ui' retrieved from /home/airflow/.local/lib/python3.12/site-packages/airflow/example_dags/example_params_trigger_ui.py
[2026-06-03T06:08:51.637+0000] {logging_mixin.py:188} INFO - [2026-06-03T06:08:51.637+0000] {dag.py:3089} INFO - Sync 1 DAGs
[2026-06-03T06:08:51.651+0000] {logging_mixin.py:188} INFO - [2026-06-03T06:08:51.651+0000] {dag.py:3947} INFO - Setting next_dagrun for example_params_trigger_ui to None, run_after=None
[2026-06-03T06:08:51.680+0000] {processor.py:183} INFO - Processing /home/airflow/.local/lib/python3.12/site-packages/airflow/example_dags/example_params_trigger_ui.py took 0.098 seconds
[2026-06-03T06:09:22.324+0000] {processor.py:161} INFO - Started process (PID=788) to work on /home/airflow/.local/lib/python3.12/site-packages/airflow/example_dags/example_params_trigger_ui.py
[2026-06-03T06:09:22.328+0000] {processor.py:830} INFO - Processing file /home/airflow/.local/lib/python3.12/site-packages/airflow/example_dags/example_params_trigger_ui.py for tasks to queue
[2026-06-03T06:09:22.329+0000] {logging_mixin.py:188} INFO - [2026-06-03T06:09:22.329+0000] {dagbag.py:545} INFO - Filling up the DagBag from /home/airflow/.local/lib/python3.12/site-packages/airflow/example_dags/example_params_trigger_ui.py
[2026-06-03T06:09:22.336+0000] {processor.py:840} INFO - DAG(s) 'example_params_trigger_ui' retrieved from /home/airflow/.local/lib/python3.12/site-packages/airflow/example_dags/example_params_trigger_ui.py
[2026-06-03T06:09:22.374+0000] {logging_mixin.py:188} INFO - [2026-06-03T06:09:22.374+0000] {dag.py:3089} INFO - Sync 1 DAGs
[2026-06-03T06:09:22.385+0000] {logging_mixin.py:188} INFO - [2026-06-03T06:09:22.385+0000] {dag.py:3947} INFO - Setting next_dagrun for example_params_trigger_ui to None, run_after=None
[2026-06-03T06:09:22.401+0000] {processor.py:183} INFO - Processing /home/airflow/.local/lib/python3.12/site-packages/airflow/example_dags/example_params_trigger_ui.py took 0.082 seconds
[2026-06-03T06:09:52.466+0000] {processor.py:161} INFO - Started process (PID=846) to work on /home/airflow/.local/lib/python3.12/site-packages/airflow/example_dags/example_params_trigger_ui.py
[2026-06-03T06:09:52.467+0000] {processor.py:830} INFO - Processing file /home/airflow/.local/lib/python3.12/site-packages/airflow/example_dags/example_params_trigger_ui.py for tasks to queue
[2026-06-03T06:09:52.468+0000] {logging_mixin.py:188} INFO - [2026-06-03T06:09:52.468+0000] {dagbag.py:545} INFO - Filling up the DagBag from /home/airflow/.local/lib/python3.12/site-packages/airflow/example_dags/example_params_trigger_ui.py
[2026-06-03T06:09:52.475+0000] {processor.py:840} INFO - DAG(s) 'example_params_trigger_ui' retrieved from /home/airflow/.local/lib/python3.12/site-packages/airflow/example_dags/example_params_trigger_ui.py
[2026-06-03T06:09:52.512+0000] {logging_mixin.py:188} INFO - [2026-06-03T06:09:52.512+0000] {dag.py:3089} INFO - Sync 1 DAGs
[2026-06-03T06:09:52.523+0000] {logging_mixin.py:188} INFO - [2026-06-03T06:09:52.522+0000] {dag.py:3947} INFO - Setting next_dagrun for example_params_trigger_ui to None, run_after=None
[2026-06-03T06:09:52.537+0000] {processor.py:183} INFO - Processing /home/airflow/.local/lib/python3.12/site-packages/airflow/example_dags/example_params_trigger_ui.py took 0.076 seconds
[2026-06-03T06:10:22.863+0000] {processor.py:161} INFO - Started process (PID=903) to work on /home/airflow/.local/lib/python3.12/site-packages/airflow/example_dags/example_params_trigger_ui.py
[2026-06-03T06:10:22.864+0000] {processor.py:830} INFO - Processing file /home/airflow/.local/lib/python3.12/site-packages/airflow/example_dags/example_params_trigger_ui.py for tasks to queue
[2026-06-03T06:10:22.865+0000] {logging_mixin.py:188} INFO - [2026-06-03T06:10:22.865+0000] {dagbag.py:545} INFO - Filling up the DagBag from /home/airflow/.local/lib/python3.12/site-packages/airflow/example_dags/example_params_trigger_ui.py
[2026-06-03T06:10:22.873+0000] {processor.py:840} INFO - DAG(s) 'example_params_trigger_ui' retrieved from /home/airflow/.local/lib/python3.12/site-packages/airflow/example_dags/example_params_trigger_ui.py
[2026-06-03T06:10:22.910+0000] {logging_mixin.py:188} INFO - [2026-06-03T06:10:22.909+0000] {dag.py:3089} INFO - Sync 1 DAGs
[2026-06-03T06:10:22.920+0000] {logging_mixin.py:188} INFO - [2026-06-03T06:10:22.920+0000] {dag.py:3947} INFO - Setting next_dagrun for example_params_trigger_ui to None, run_after=None
[2026-06-03T06:10:22.935+0000] {processor.py:183} INFO - Processing /home/airflow/.local/lib/python3.12/site-packages/airflow/example_dags/example_params_trigger_ui.py took 0.076 seconds
[2026-06-03T06:10:53.340+0000] {processor.py:161} INFO - Started process (PID=961) to work on /home/airflow/.local/lib/python3.12/site-packages/airflow/example_dags/example_params_trigger_ui.py
[2026-06-03T06:10:53.341+0000] {processor.py:830} INFO - Processing file /home/airflow/.local/lib/python3.12/site-packages/airflow/example_dags/example_params_trigger_ui.py for tasks to queue
[2026-06-03T06:10:53.342+0000] {logging_mixin.py:188} INFO - [2026-06-03T06:10:53.342+0000] {dagbag.py:545} INFO - Filling up the DagBag from /home/airflow/.local/lib/python3.12/site-packages/airflow/example_dags/example_params_trigger_ui.py
[2026-06-03T06:10:53.349+0000] {processor.py:840} INFO - DAG(s) 'example_params_trigger_ui' retrieved from /home/airflow/.local/lib/python3.12/site-packages/airflow/example_dags/example_params_trigger_ui.py
[2026-06-03T06:10:53.387+0000] {logging_mixin.py:188} INFO - [2026-06-03T06:10:53.387+0000] {dag.py:3089} INFO - Sync 1 DAGs
[2026-06-03T06:10:53.397+0000] {logging_mixin.py:188} INFO - [2026-06-03T06:10:53.397+0000] {dag.py:3947} INFO - Setting next_dagrun for example_params_trigger_ui to None, run_after=None
[2026-06-03T06:10:53.412+0000] {processor.py:183} INFO - Processing /home/airflow/.local/lib/python3.12/site-packages/airflow/example_dags/example_params_trigger_ui.py took 0.077 seconds
[2026-06-03T06:11:23.722+0000] {processor.py:161} INFO - Started process (PID=1019) to work on /home/airflow/.local/lib/python3.12/site-packages/airflow/example_dags/example_params_trigger_ui.py
[2026-06-03T06:11:23.723+0000] {processor.py:830} INFO - Processing file /home/airflow/.local/lib/python3.12/site-packages/airflow/example_dags/example_params_trigger_ui.py for tasks to queue
[2026-06-03T06:11:23.724+0000] {logging_mixin.py:188} INFO - [2026-06-03T06:11:23.724+0000] {dagbag.py:545} INFO - Filling up the DagBag from /home/airflow/.local/lib/python3.12/site-packages/airflow/example_dags/example_params_trigger_ui.py
[2026-06-03T06:11:23.732+0000] {processor.py:840} INFO - DAG(s) 'example_params_trigger_ui' retrieved from /home/airflow/.local/lib/python3.12/site-packages/airflow/example_dags/example_params_trigger_ui.py
[2026-06-03T06:11:23.769+0000] {logging_mixin.py:188} INFO - [2026-06-03T06:11:23.769+0000] {dag.py:3089} INFO - Sync 1 DAGs
[2026-06-03T06:11:23.779+0000] {logging_mixin.py:188} INFO - [2026-06-03T06:11:23.779+0000] {dag.py:3947} INFO - Setting next_dagrun for example_params_trigger_ui to None, run_after=None
[2026-06-03T06:11:23.795+0000] {processor.py:183} INFO - Processing /home/airflow/.local/lib/python3.12/site-packages/airflow/example_dags/example_params_trigger_ui.py took 0.078 seconds
[2026-06-03T06:11:54.146+0000] {processor.py:161} INFO - Started process (PID=1077) to work on /home/airflow/.local/lib/python3.12/site-packages/airflow/example_dags/example_params_trigger_ui.py
[2026-06-03T06:11:54.146+0000] {processor.py:830} INFO - Processing file /home/airflow/.local/lib/python3.12/site-packages/airflow/example_dags/example_params_trigger_ui.py for tasks to queue
[2026-06-03T06:11:54.148+0000] {logging_mixin.py:188} INFO - [2026-06-03T06:11:54.147+0000] {dagbag.py:545} INFO - Filling up the DagBag from /home/airflow/.local/lib/python3.12/site-packages/airflow/example_dags/example_params_trigger_ui.py
[2026-06-03T06:11:54.155+0000] {processor.py:840} INFO - DAG(s) 'example_params_trigger_ui' retrieved from /home/airflow/.local/lib/python3.12/site-packages/airflow/example_dags/example_params_trigger_ui.py
[2026-06-03T06:11:54.192+0000] {logging_mixin.py:188} INFO - [2026-06-03T06:11:54.192+0000] {dag.py:3089} INFO - Sync 1 DAGs
[2026-06-03T06:11:54.204+0000] {logging_mixin.py:188} INFO - [2026-06-03T06:11:54.204+0000] {dag.py:3947} INFO - Setting next_dagrun for example_params_trigger_ui to None, run_after=None
[2026-06-03T06:11:54.227+0000] {processor.py:183} INFO - Processing /home/airflow/.local/lib/python3.12/site-packages/airflow/example_dags/example_params_trigger_ui.py took 0.085 seconds
[2026-06-03T06:12:24.461+0000] {processor.py:161} INFO - Started process (PID=1135) to work on /home/airflow/.local/lib/python3.12/site-packages/airflow/example_dags/example_params_trigger_ui.py
[2026-06-03T06:12:24.462+0000] {processor.py:830} INFO - Processing file /home/airflow/.local/lib/python3.12/site-packages/airflow/example_dags/example_params_trigger_ui.py for tasks to queue
[2026-06-03T06:12:24.463+0000] {logging_mixin.py:188} INFO - [2026-06-03T06:12:24.463+0000] {dagbag.py:545} INFO - Filling up the DagBag from /home/airflow/.local/lib/python3.12/site-packages/airflow/example_dags/example_params_trigger_ui.py
[2026-06-03T06:12:24.471+0000] {processor.py:840} INFO - DAG(s) 'example_params_trigger_ui' retrieved from /home/airflow/.local/lib/python3.12/site-packages/airflow/example_dags/example_params_trigger_ui.py
[2026-06-03T06:12:24.508+0000] {logging_mixin.py:188} INFO - [2026-06-03T06:12:24.508+0000] {dag.py:3089} INFO - Sync 1 DAGs
[2026-06-03T06:12:24.518+0000] {logging_mixin.py:188} INFO - [2026-06-03T06:12:24.518+0000] {dag.py:3947} INFO - Setting next_dagrun for example_params_trigger_ui to None, run_after=None
[2026-06-03T06:12:24.534+0000] {processor.py:183} INFO - Processing /home/airflow/.local/lib/python3.12/site-packages/airflow/example_dags/example_params_trigger_ui.py took 0.078 seconds
[2026-06-03T06:12:54.659+0000] {processor.py:161} INFO - Started process (PID=1193) to work on /home/airflow/.local/lib/python3.12/site-packages/airflow/example_dags/example_params_trigger_ui.py
[2026-06-03T06:12:54.660+0000] {processor.py:830} INFO - Processing file /home/airflow/.local/lib/python3.12/site-packages/airflow/example_dags/example_params_trigger_ui.py for tasks to queue
[2026-06-03T06:12:54.661+0000] {logging_mixin.py:188} INFO - [2026-06-03T06:12:54.661+0000] {dagbag.py:545} INFO - Filling up the DagBag from /home/airflow/.local/lib/python3.12/site-packages/airflow/example_dags/example_params_trigger_ui.py
[2026-06-03T06:12:54.668+0000] {processor.py:840} INFO - DAG(s) 'example_params_trigger_ui' retrieved from /home/airflow/.local/lib/python3.12/site-packages/airflow/example_dags/example_params_trigger_ui.py
[2026-06-03T06:12:54.709+0000] {logging_mixin.py:188} INFO - [2026-06-03T06:12:54.709+0000] {dag.py:3089} INFO - Sync 1 DAGs
[2026-06-03T06:12:54.719+0000] {logging_mixin.py:188} INFO - [2026-06-03T06:12:54.719+0000] {dag.py:3947} INFO - Setting next_dagrun for example_params_trigger_ui to None, run_after=None
[2026-06-03T06:12:54.734+0000] {processor.py:183} INFO - Processing /home/airflow/.local/lib/python3.12/site-packages/airflow/example_dags/example_params_trigger_ui.py took 0.080 seconds
[2026-06-03T06:13:25.025+0000] {processor.py:161} INFO - Started process (PID=1251) to work on /home/airflow/.local/lib/python3.12/site-packages/airflow/example_dags/example_params_trigger_ui.py
[2026-06-03T06:13:25.026+0000] {processor.py:830} INFO - Processing file /home/airflow/.local/lib/python3.12/site-packages/airflow/example_dags/example_params_trigger_ui.py for tasks to queue
[2026-06-03T06:13:25.028+0000] {logging_mixin.py:188} INFO - [2026-06-03T06:13:25.027+0000] {dagbag.py:545} INFO - Filling up the DagBag from /home/airflow/.local/lib/python3.12/site-packages/airflow/example_dags/example_params_trigger_ui.py
[2026-06-03T06:13:25.035+0000] {processor.py:840} INFO - DAG(s) 'example_params_trigger_ui' retrieved from /home/airflow/.local/lib/python3.12/site-packages/airflow/example_dags/example_params_trigger_ui.py
[2026-06-03T06:13:25.074+0000] {logging_mixin.py:188} INFO - [2026-06-03T06:13:25.073+0000] {dag.py:3089} INFO - Sync 1 DAGs
[2026-06-03T06:13:25.084+0000] {logging_mixin.py:188} INFO - [2026-06-03T06:13:25.084+0000] {dag.py:3947} INFO - Setting next_dagrun for example_params_trigger_ui to None, run_after=None
[2026-06-03T06:13:25.100+0000] {processor.py:183} INFO - Processing /home/airflow/.local/lib/python3.12/site-packages/airflow/example_dags/example_params_trigger_ui.py took 0.079 seconds
[2026-06-03T06:13:55.305+0000] {processor.py:161} INFO - Started process (PID=1309) to work on /home/airflow/.local/lib/python3.12/site-packages/airflow/example_dags/example_params_trigger_ui.py
[2026-06-03T06:13:55.306+0000] {processor.py:830} INFO - Processing file /home/airflow/.local/lib/python3.12/site-packages/airflow/example_dags/example_params_trigger_ui.py for tasks to queue
[2026-06-03T06:13:55.307+0000] {logging_mixin.py:188} INFO - [2026-06-03T06:13:55.307+0000] {dagbag.py:545} INFO - Filling up the DagBag from /home/airflow/.local/lib/python3.12/site-packages/airflow/example_dags/example_params_trigger_ui.py
[2026-06-03T06:13:55.315+0000] {processor.py:840} INFO - DAG(s) 'example_params_trigger_ui' retrieved from /home/airflow/.local/lib/python3.12/site-packages/airflow/example_dags/example_params_trigger_ui.py
[2026-06-03T06:13:55.353+0000] {logging_mixin.py:188} INFO - [2026-06-03T06:13:55.353+0000] {dag.py:3089} INFO - Sync 1 DAGs
[2026-06-03T06:13:55.364+0000] {logging_mixin.py:188} INFO - [2026-06-03T06:13:55.364+0000] {dag.py:3947} INFO - Setting next_dagrun for example_params_trigger_ui to None, run_after=None
[2026-06-03T06:13:55.380+0000] {processor.py:183} INFO - Processing /home/airflow/.local/lib/python3.12/site-packages/airflow/example_dags/example_params_trigger_ui.py took 0.080 seconds
[2026-06-03T06:14:25.648+0000] {processor.py:161} INFO - Started process (PID=1367) to work on /home/airflow/.local/lib/python3.12/site-packages/airflow/example_dags/example_params_trigger_ui.py
[2026-06-03T06:14:25.648+0000] {processor.py:830} INFO - Processing file /home/airflow/.local/lib/python3.12/site-packages/airflow/example_dags/example_params_trigger_ui.py for tasks to queue
[2026-06-03T06:14:25.650+0000] {logging_mixin.py:188} INFO - [2026-06-03T06:14:25.650+0000] {dagbag.py:545} INFO - Filling up the DagBag from /home/airflow/.local/lib/python3.12/site-packages/airflow/example_dags/example_params_trigger_ui.py
[2026-06-03T06:14:25.657+0000] {processor.py:840} INFO - DAG(s) 'example_params_trigger_ui' retrieved from /home/airflow/.local/lib/python3.12/site-packages/airflow/example_dags/example_params_trigger_ui.py
[2026-06-03T06:14:25.694+0000] {logging_mixin.py:188} INFO - [2026-06-03T06:14:25.694+0000] {dag.py:3089} INFO - Sync 1 DAGs
[2026-06-03T06:14:25.705+0000] {logging_mixin.py:188} INFO - [2026-06-03T06:14:25.705+0000] {dag.py:3947} INFO - Setting next_dagrun for example_params_trigger_ui to None, run_after=None
[2026-06-03T06:14:25.721+0000] {processor.py:183} INFO - Processing /home/airflow/.local/lib/python3.12/site-packages/airflow/example_dags/example_params_trigger_ui.py took 0.078 seconds
[2026-06-03T06:14:55.950+0000] {processor.py:161} INFO - Started process (PID=1425) to work on /home/airflow/.local/lib/python3.12/site-packages/airflow/example_dags/example_params_trigger_ui.py
[2026-06-03T06:14:55.951+0000] {processor.py:830} INFO - Processing file /home/airflow/.local/lib/python3.12/site-packages/airflow/example_dags/example_params_trigger_ui.py for tasks to queue
[2026-06-03T06:14:55.952+0000] {logging_mixin.py:188} INFO - [2026-06-03T06:14:55.952+0000] {dagbag.py:545} INFO - Filling up the DagBag from /home/airflow/.local/lib/python3.12/site-packages/airflow/example_dags/example_params_trigger_ui.py
[2026-06-03T06:14:55.960+0000] {processor.py:840} INFO - DAG(s) 'example_params_trigger_ui' retrieved from /home/airflow/.local/lib/python3.12/site-packages/airflow/example_dags/example_params_trigger_ui.py
[2026-06-03T06:14:55.997+0000] {logging_mixin.py:188} INFO - [2026-06-03T06:14:55.997+0000] {dag.py:3089} INFO - Sync 1 DAGs
[2026-06-03T06:14:56.007+0000] {logging_mixin.py:188} INFO - [2026-06-03T06:14:56.007+0000] {dag.py:3947} INFO - Setting next_dagrun for example_params_trigger_ui to None, run_after=None
[2026-06-03T06:14:56.022+0000] {processor.py:183} INFO - Processing /home/airflow/.local/lib/python3.12/site-packages/airflow/example_dags/example_params_trigger_ui.py took 0.076 seconds
[2026-06-03T06:15:26.306+0000] {processor.py:161} INFO - Started process (PID=1483) to work on /home/airflow/.local/lib/python3.12/site-packages/airflow/example_dags/example_params_trigger_ui.py
[2026-06-03T06:15:26.308+0000] {processor.py:830} INFO - Processing file /home/airflow/.local/lib/python3.12/site-packages/airflow/example_dags/example_params_trigger_ui.py for tasks to queue
[2026-06-03T06:15:26.309+0000] {logging_mixin.py:188} INFO - [2026-06-03T06:15:26.309+0000] {dagbag.py:545} INFO - Filling up the DagBag from /home/airflow/.local/lib/python3.12/site-packages/airflow/example_dags/example_params_trigger_ui.py
[2026-06-03T06:15:26.316+0000] {processor.py:840} INFO - DAG(s) 'example_params_trigger_ui' retrieved from /home/airflow/.local/lib/python3.12/site-packages/airflow/example_dags/example_params_trigger_ui.py
[2026-06-03T06:15:26.353+0000] {logging_mixin.py:188} INFO - [2026-06-03T06:15:26.353+0000] {dag.py:3089} INFO - Sync 1 DAGs
[2026-06-03T06:15:26.363+0000] {logging_mixin.py:188} INFO - [2026-06-03T06:15:26.363+0000] {dag.py:3947} INFO - Setting next_dagrun for example_params_trigger_ui to None, run_after=None
[2026-06-03T06:15:26.378+0000] {processor.py:183} INFO - Processing /home/airflow/.local/lib/python3.12/site-packages/airflow/example_dags/example_params_trigger_ui.py took 0.076 seconds
[2026-06-03T06:15:56.747+0000] {processor.py:161} INFO - Started process (PID=1541) to work on /home/airflow/.local/lib/python3.12/site-packages/airflow/example_dags/example_params_trigger_ui.py
[2026-06-03T06:15:56.747+0000] {processor.py:830} INFO - Processing file /home/airflow/.local/lib/python3.12/site-packages/airflow/example_dags/example_params_trigger_ui.py for tasks to queue
[2026-06-03T06:15:56.749+0000] {logging_mixin.py:188} INFO - [2026-06-03T06:15:56.748+0000] {dagbag.py:545} INFO - Filling up the DagBag from /home/airflow/.local/lib/python3.12/site-packages/airflow/example_dags/example_params_trigger_ui.py
[2026-06-03T06:15:56.756+0000] {processor.py:840} INFO - DAG(s) 'example_params_trigger_ui' retrieved from /home/airflow/.local/lib/python3.12/site-packages/airflow/example_dags/example_params_trigger_ui.py
[2026-06-03T06:15:56.793+0000] {logging_mixin.py:188} INFO - [2026-06-03T06:15:56.793+0000] {dag.py:3089} INFO - Sync 1 DAGs
[2026-06-03T06:15:56.803+0000] {logging_mixin.py:188} INFO - [2026-06-03T06:15:56.803+0000] {dag.py:3947} INFO - Setting next_dagrun for example_params_trigger_ui to None, run_after=None
[2026-06-03T06:15:56.818+0000] {processor.py:183} INFO - Processing /home/airflow/.local/lib/python3.12/site-packages/airflow/example_dags/example_params_trigger_ui.py took 0.076 seconds
[2026-06-03T06:16:27.115+0000] {processor.py:161} INFO - Started process (PID=1599) to work on /home/airflow/.local/lib/python3.12/site-packages/airflow/example_dags/example_params_trigger_ui.py
[2026-06-03T06:16:27.117+0000] {processor.py:830} INFO - Processing file /home/airflow/.local/lib/python3.12/site-packages/airflow/example_dags/example_params_trigger_ui.py for tasks to queue
[2026-06-03T06:16:27.118+0000] {logging_mixin.py:188} INFO - [2026-06-03T06:16:27.118+0000] {dagbag.py:545} INFO - Filling up the DagBag from /home/airflow/.local/lib/python3.12/site-packages/airflow/example_dags/example_params_trigger_ui.py
[2026-06-03T06:16:27.126+0000] {processor.py:840} INFO - DAG(s) 'example_params_trigger_ui' retrieved from /home/airflow/.local/lib/python3.12/site-packages/airflow/example_dags/example_params_trigger_ui.py
[2026-06-03T06:16:27.165+0000] {logging_mixin.py:188} INFO - [2026-06-03T06:16:27.165+0000] {dag.py:3089} INFO - Sync 1 DAGs
[2026-06-03T06:16:27.175+0000] {logging_mixin.py:188} INFO - [2026-06-03T06:16:27.175+0000] {dag.py:3947} INFO - Setting next_dagrun for example_params_trigger_ui to None, run_after=None
[2026-06-03T06:16:27.190+0000] {processor.py:183} INFO - Processing /home/airflow/.local/lib/python3.12/site-packages/airflow/example_dags/example_params_trigger_ui.py took 0.080 seconds
[2026-06-03T06:16:57.279+0000] {processor.py:161} INFO - Started process (PID=1656) to work on /home/airflow/.local/lib/python3.12/site-packages/airflow/example_dags/example_params_trigger_ui.py
[2026-06-03T06:16:57.280+0000] {processor.py:830} INFO - Processing file /home/airflow/.local/lib/python3.12/site-packages/airflow/example_dags/example_params_trigger_ui.py for tasks to queue
[2026-06-03T06:16:57.281+0000] {logging_mixin.py:188} INFO - [2026-06-03T06:16:57.281+0000] {dagbag.py:545} INFO - Filling up the DagBag from /home/airflow/.local/lib/python3.12/site-packages/airflow/example_dags/example_params_trigger_ui.py
[2026-06-03T06:16:57.288+0000] {processor.py:840} INFO - DAG(s) 'example_params_trigger_ui' retrieved from /home/airflow/.local/lib/python3.12/site-packages/airflow/example_dags/example_params_trigger_ui.py
[2026-06-03T06:16:57.325+0000] {logging_mixin.py:188} INFO - [2026-06-03T06:16:57.325+0000] {dag.py:3089} INFO - Sync 1 DAGs
[2026-06-03T06:16:57.336+0000] {logging_mixin.py:188} INFO - [2026-06-03T06:16:57.335+0000] {dag.py:3947} INFO - Setting next_dagrun for example_params_trigger_ui to None, run_after=None
[2026-06-03T06:16:57.351+0000] {processor.py:183} INFO - Processing /home/airflow/.local/lib/python3.12/site-packages/airflow/example_dags/example_params_trigger_ui.py took 0.077 seconds
[2026-06-03T06:17:28.337+0000] {processor.py:161} INFO - Started process (PID=1714) to work on /home/airflow/.local/lib/python3.12/site-packages/airflow/example_dags/example_params_trigger_ui.py
[2026-06-03T06:17:28.338+0000] {processor.py:830} INFO - Processing file /home/airflow/.local/lib/python3.12/site-packages/airflow/example_dags/example_params_trigger_ui.py for tasks to queue
[2026-06-03T06:17:28.340+0000] {logging_mixin.py:188} INFO - [2026-06-03T06:17:28.339+0000] {dagbag.py:545} INFO - Filling up the DagBag from /home/airflow/.local/lib/python3.12/site-packages/airflow/example_dags/example_params_trigger_ui.py
[2026-06-03T06:17:28.347+0000] {processor.py:840} INFO - DAG(s) 'example_params_trigger_ui' retrieved from /home/airflow/.local/lib/python3.12/site-packages/airflow/example_dags/example_params_trigger_ui.py
[2026-06-03T06:17:28.384+0000] {logging_mixin.py:188} INFO - [2026-06-03T06:17:28.383+0000] {dag.py:3089} INFO - Sync 1 DAGs
[2026-06-03T06:17:28.394+0000] {logging_mixin.py:188} INFO - [2026-06-03T06:17:28.394+0000] {dag.py:3947} INFO - Setting next_dagrun for example_params_trigger_ui to None, run_after=None
[2026-06-03T06:17:28.410+0000] {processor.py:183} INFO - Processing /home/airflow/.local/lib/python3.12/site-packages/airflow/example_dags/example_params_trigger_ui.py took 0.077 seconds
[2026-06-03T06:17:58.879+0000] {processor.py:161} INFO - Started process (PID=1771) to work on /home/airflow/.local/lib/python3.12/site-packages/airflow/example_dags/example_params_trigger_ui.py
[2026-06-03T06:17:58.880+0000] {processor.py:830} INFO - Processing file /home/airflow/.local/lib/python3.12/site-packages/airflow/example_dags/example_params_trigger_ui.py for tasks to queue
[2026-06-03T06:17:58.881+0000] {logging_mixin.py:188} INFO - [2026-06-03T06:17:58.881+0000] {dagbag.py:545} INFO - Filling up the DagBag from /home/airflow/.local/lib/python3.12/site-packages/airflow/example_dags/example_params_trigger_ui.py
[2026-06-03T06:17:58.889+0000] {processor.py:840} INFO - DAG(s) 'example_params_trigger_ui' retrieved from /home/airflow/.local/lib/python3.12/site-packages/airflow/example_dags/example_params_trigger_ui.py
[2026-06-03T06:17:58.927+0000] {logging_mixin.py:188} INFO - [2026-06-03T06:17:58.926+0000] {dag.py:3089} INFO - Sync 1 DAGs
[2026-06-03T06:17:58.937+0000] {logging_mixin.py:188} INFO - [2026-06-03T06:17:58.937+0000] {dag.py:3947} INFO - Setting next_dagrun for example_params_trigger_ui to None, run_after=None
[2026-06-03T06:17:58.952+0000] {processor.py:183} INFO - Processing /home/airflow/.local/lib/python3.12/site-packages/airflow/example_dags/example_params_trigger_ui.py took 0.078 seconds
[2026-06-03T06:18:29.149+0000] {processor.py:161} INFO - Started process (PID=1829) to work on /home/airflow/.local/lib/python3.12/site-packages/airflow/example_dags/example_params_trigger_ui.py
[2026-06-03T06:18:29.150+0000] {processor.py:830} INFO - Processing file /home/airflow/.local/lib/python3.12/site-packages/airflow/example_dags/example_params_trigger_ui.py for tasks to queue
[2026-06-03T06:18:29.151+0000] {logging_mixin.py:188} INFO - [2026-06-03T06:18:29.151+0000] {dagbag.py:545} INFO - Filling up the DagBag from /home/airflow/.local/lib/python3.12/site-packages/airflow/example_dags/example_params_trigger_ui.py
[2026-06-03T06:18:29.159+0000] {processor.py:840} INFO - DAG(s) 'example_params_trigger_ui' retrieved from /home/airflow/.local/lib/python3.12/site-packages/airflow/example_dags/example_params_trigger_ui.py
[2026-06-03T06:18:29.314+0000] {logging_mixin.py:188} INFO - [2026-06-03T06:18:29.314+0000] {dag.py:3089} INFO - Sync 1 DAGs
[2026-06-03T06:18:29.322+0000] {logging_mixin.py:188} INFO - [2026-06-03T06:18:29.322+0000] {dag.py:3947} INFO - Setting next_dagrun for example_params_trigger_ui to None, run_after=None
[2026-06-03T06:18:29.336+0000] {processor.py:183} INFO - Processing /home/airflow/.local/lib/python3.12/site-packages/airflow/example_dags/example_params_trigger_ui.py took 0.191 seconds
[2026-06-03T06:18:59.855+0000] {processor.py:161} INFO - Started process (PID=1886) to work on /home/airflow/.local/lib/python3.12/site-packages/airflow/example_dags/example_params_trigger_ui.py
[2026-06-03T06:18:59.856+0000] {processor.py:830} INFO - Processing file /home/airflow/.local/lib/python3.12/site-packages/airflow/example_dags/example_params_trigger_ui.py for tasks to queue
[2026-06-03T06:18:59.857+0000] {logging_mixin.py:188} INFO - [2026-06-03T06:18:59.857+0000] {dagbag.py:545} INFO - Filling up the DagBag from /home/airflow/.local/lib/python3.12/site-packages/airflow/example_dags/example_params_trigger_ui.py
[2026-06-03T06:18:59.865+0000] {processor.py:840} INFO - DAG(s) 'example_params_trigger_ui' retrieved from /home/airflow/.local/lib/python3.12/site-packages/airflow/example_dags/example_params_trigger_ui.py
[2026-06-03T06:18:59.902+0000] {logging_mixin.py:188} INFO - [2026-06-03T06:18:59.902+0000] {dag.py:3089} INFO - Sync 1 DAGs
[2026-06-03T06:19:00.031+0000] {logging_mixin.py:188} INFO - [2026-06-03T06:19:00.031+0000] {dag.py:3947} INFO - Setting next_dagrun for example_params_trigger_ui to None, run_after=None
[2026-06-03T06:19:00.045+0000] {processor.py:183} INFO - Processing /home/airflow/.local/lib/python3.12/site-packages/airflow/example_dags/example_params_trigger_ui.py took 0.194 seconds
[2026-06-03T06:19:30.790+0000] {processor.py:161} INFO - Started process (PID=1945) to work on /home/airflow/.local/lib/python3.12/site-packages/airflow/example_dags/example_params_trigger_ui.py
[2026-06-03T06:19:30.792+0000] {processor.py:830} INFO - Processing file /home/airflow/.local/lib/python3.12/site-packages/airflow/example_dags/example_params_trigger_ui.py for tasks to queue
[2026-06-03T06:19:30.793+0000] {logging_mixin.py:188} INFO - [2026-06-03T06:19:30.793+0000] {dagbag.py:545} INFO - Filling up the DagBag from /home/airflow/.local/lib/python3.12/site-packages/airflow/example_dags/example_params_trigger_ui.py
[2026-06-03T06:19:30.800+0000] {processor.py:840} INFO - DAG(s) 'example_params_trigger_ui' retrieved from /home/airflow/.local/lib/python3.12/site-packages/airflow/example_dags/example_params_trigger_ui.py
[2026-06-03T06:19:30.837+0000] {logging_mixin.py:188} INFO - [2026-06-03T06:19:30.837+0000] {dag.py:3089} INFO - Sync 1 DAGs
[2026-06-03T06:19:30.847+0000] {logging_mixin.py:188} INFO - [2026-06-03T06:19:30.847+0000] {dag.py:3947} INFO - Setting next_dagrun for example_params_trigger_ui to None, run_after=None
[2026-06-03T06:19:30.865+0000] {processor.py:183} INFO - Processing /home/airflow/.local/lib/python3.12/site-packages/airflow/example_dags/example_params_trigger_ui.py took 0.079 seconds
[2026-06-03T06:20:01.051+0000] {processor.py:161} INFO - Started process (PID=2003) to work on /home/airflow/.local/lib/python3.12/site-packages/airflow/example_dags/example_params_trigger_ui.py
[2026-06-03T06:20:01.052+0000] {processor.py:830} INFO - Processing file /home/airflow/.local/lib/python3.12/site-packages/airflow/example_dags/example_params_trigger_ui.py for tasks to queue
[2026-06-03T06:20:01.053+0000] {logging_mixin.py:188} INFO - [2026-06-03T06:20:01.053+0000] {dagbag.py:545} INFO - Filling up the DagBag from /home/airflow/.local/lib/python3.12/site-packages/airflow/example_dags/example_params_trigger_ui.py
[2026-06-03T06:20:01.061+0000] {processor.py:840} INFO - DAG(s) 'example_params_trigger_ui' retrieved from /home/airflow/.local/lib/python3.12/site-packages/airflow/example_dags/example_params_trigger_ui.py
[2026-06-03T06:20:01.098+0000] {logging_mixin.py:188} INFO - [2026-06-03T06:20:01.097+0000] {dag.py:3089} INFO - Sync 1 DAGs
[2026-06-03T06:20:01.108+0000] {logging_mixin.py:188} INFO - [2026-06-03T06:20:01.107+0000] {dag.py:3947} INFO - Setting next_dagrun for example_params_trigger_ui to None, run_after=None
[2026-06-03T06:20:01.124+0000] {processor.py:183} INFO - Processing /home/airflow/.local/lib/python3.12/site-packages/airflow/example_dags/example_params_trigger_ui.py took 0.078 seconds
[2026-06-03T06:20:31.312+0000] {processor.py:161} INFO - Started process (PID=2061) to work on /home/airflow/.local/lib/python3.12/site-packages/airflow/example_dags/example_params_trigger_ui.py
[2026-06-03T06:20:31.313+0000] {processor.py:830} INFO - Processing file /home/airflow/.local/lib/python3.12/site-packages/airflow/example_dags/example_params_trigger_ui.py for tasks to queue
[2026-06-03T06:20:31.314+0000] {logging_mixin.py:188} INFO - [2026-06-03T06:20:31.314+0000] {dagbag.py:545} INFO - Filling up the DagBag from /home/airflow/.local/lib/python3.12/site-packages/airflow/example_dags/example_params_trigger_ui.py
[2026-06-03T06:20:31.321+0000] {processor.py:840} INFO - DAG(s) 'example_params_trigger_ui' retrieved from /home/airflow/.local/lib/python3.12/site-packages/airflow/example_dags/example_params_trigger_ui.py
[2026-06-03T06:20:31.358+0000] {logging_mixin.py:188} INFO - [2026-06-03T06:20:31.358+0000] {dag.py:3089} INFO - Sync 1 DAGs
[2026-06-03T06:20:31.368+0000] {logging_mixin.py:188} INFO - [2026-06-03T06:20:31.368+0000] {dag.py:3947} INFO - Setting next_dagrun for example_params_trigger_ui to None, run_after=None
[2026-06-03T06:20:31.384+0000] {processor.py:183} INFO - Processing /home/airflow/.local/lib/python3.12/site-packages/airflow/example_dags/example_params_trigger_ui.py took 0.077 seconds
[2026-06-03T06:21:01.625+0000] {processor.py:161} INFO - Started process (PID=2118) to work on /home/airflow/.local/lib/python3.12/site-packages/airflow/example_dags/example_params_trigger_ui.py
[2026-06-03T06:21:01.625+0000] {processor.py:830} INFO - Processing file /home/airflow/.local/lib/python3.12/site-packages/airflow/example_dags/example_params_trigger_ui.py for tasks to queue
[2026-06-03T06:21:01.627+0000] {logging_mixin.py:188} INFO - [2026-06-03T06:21:01.626+0000] {dagbag.py:545} INFO - Filling up the DagBag from /home/airflow/.local/lib/python3.12/site-packages/airflow/example_dags/example_params_trigger_ui.py
[2026-06-03T06:21:01.634+0000] {processor.py:840} INFO - DAG(s) 'example_params_trigger_ui' retrieved from /home/airflow/.local/lib/python3.12/site-packages/airflow/example_dags/example_params_trigger_ui.py
[2026-06-03T06:21:01.671+0000] {logging_mixin.py:188} INFO - [2026-06-03T06:21:01.670+0000] {dag.py:3089} INFO - Sync 1 DAGs
[2026-06-03T06:21:01.681+0000] {logging_mixin.py:188} INFO - [2026-06-03T06:21:01.680+0000] {dag.py:3947} INFO - Setting next_dagrun for example_params_trigger_ui to None, run_after=None
[2026-06-03T06:21:01.695+0000] {processor.py:183} INFO - Processing /home/airflow/.local/lib/python3.12/site-packages/airflow/example_dags/example_params_trigger_ui.py took 0.075 seconds
[2026-06-03T06:21:32.054+0000] {processor.py:161} INFO - Started process (PID=2177) to work on /home/airflow/.local/lib/python3.12/site-packages/airflow/example_dags/example_params_trigger_ui.py
[2026-06-03T06:21:32.055+0000] {processor.py:830} INFO - Processing file /home/airflow/.local/lib/python3.12/site-packages/airflow/example_dags/example_params_trigger_ui.py for tasks to queue
[2026-06-03T06:21:32.057+0000] {logging_mixin.py:188} INFO - [2026-06-03T06:21:32.056+0000] {dagbag.py:545} INFO - Filling up the DagBag from /home/airflow/.local/lib/python3.12/site-packages/airflow/example_dags/example_params_trigger_ui.py
[2026-06-03T06:21:32.064+0000] {processor.py:840} INFO - DAG(s) 'example_params_trigger_ui' retrieved from /home/airflow/.local/lib/python3.12/site-packages/airflow/example_dags/example_params_trigger_ui.py
[2026-06-03T06:21:32.102+0000] {logging_mixin.py:188} INFO - [2026-06-03T06:21:32.101+0000] {dag.py:3089} INFO - Sync 1 DAGs
[2026-06-03T06:21:32.112+0000] {logging_mixin.py:188} INFO - [2026-06-03T06:21:32.112+0000] {dag.py:3947} INFO - Setting next_dagrun for example_params_trigger_ui to None, run_after=None
[2026-06-03T06:21:32.130+0000] {processor.py:183} INFO - Processing /home/airflow/.local/lib/python3.12/site-packages/airflow/example_dags/example_params_trigger_ui.py took 0.080 seconds
[2026-06-03T06:22:02.916+0000] {processor.py:161} INFO - Started process (PID=2235) to work on /home/airflow/.local/lib/python3.12/site-packages/airflow/example_dags/example_params_trigger_ui.py
[2026-06-03T06:22:02.917+0000] {processor.py:830} INFO - Processing file /home/airflow/.local/lib/python3.12/site-packages/airflow/example_dags/example_params_trigger_ui.py for tasks to queue
[2026-06-03T06:22:02.918+0000] {logging_mixin.py:188} INFO - [2026-06-03T06:22:02.918+0000] {dagbag.py:545} INFO - Filling up the DagBag from /home/airflow/.local/lib/python3.12/site-packages/airflow/example_dags/example_params_trigger_ui.py
[2026-06-03T06:22:02.925+0000] {processor.py:840} INFO - DAG(s) 'example_params_trigger_ui' retrieved from /home/airflow/.local/lib/python3.12/site-packages/airflow/example_dags/example_params_trigger_ui.py
[2026-06-03T06:22:02.964+0000] {logging_mixin.py:188} INFO - [2026-06-03T06:22:02.963+0000] {dag.py:3089} INFO - Sync 1 DAGs
[2026-06-03T06:22:02.974+0000] {logging_mixin.py:188} INFO - [2026-06-03T06:22:02.974+0000] {dag.py:3947} INFO - Setting next_dagrun for example_params_trigger_ui to None, run_after=None
[2026-06-03T06:22:02.990+0000] {processor.py:183} INFO - Processing /home/airflow/.local/lib/python3.12/site-packages/airflow/example_dags/example_params_trigger_ui.py took 0.079 seconds
[2026-06-03T06:22:40.721+0000] {processor.py:161} INFO - Started process (PID=2294) to work on /home/airflow/.local/lib/python3.12/site-packages/airflow/example_dags/example_params_trigger_ui.py
[2026-06-03T06:22:40.726+0000] {processor.py:830} INFO - Processing file /home/airflow/.local/lib/python3.12/site-packages/airflow/example_dags/example_params_trigger_ui.py for tasks to queue
[2026-06-03T06:22:40.727+0000] {logging_mixin.py:188} INFO - [2026-06-03T06:22:40.727+0000] {dagbag.py:545} INFO - Filling up the DagBag from /home/airflow/.local/lib/python3.12/site-packages/airflow/example_dags/example_params_trigger_ui.py
[2026-06-03T06:22:40.735+0000] {processor.py:840} INFO - DAG(s) 'example_params_trigger_ui' retrieved from /home/airflow/.local/lib/python3.12/site-packages/airflow/example_dags/example_params_trigger_ui.py
[2026-06-03T06:22:40.773+0000] {logging_mixin.py:188} INFO - [2026-06-03T06:22:40.773+0000] {dag.py:3089} INFO - Sync 1 DAGs
[2026-06-03T06:22:40.785+0000] {logging_mixin.py:188} INFO - [2026-06-03T06:22:40.784+0000] {dag.py:3947} INFO - Setting next_dagrun for example_params_trigger_ui to None, run_after=None
[2026-06-03T06:22:40.851+0000] {processor.py:183} INFO - Processing /home/airflow/.local/lib/python3.12/site-packages/airflow/example_dags/example_params_trigger_ui.py took 0.135 seconds
[2026-06-03T06:23:11.243+0000] {processor.py:161} INFO - Started process (PID=2352) to work on /home/airflow/.local/lib/python3.12/site-packages/airflow/example_dags/example_params_trigger_ui.py
[2026-06-03T06:23:11.243+0000] {processor.py:830} INFO - Processing file /home/airflow/.local/lib/python3.12/site-packages/airflow/example_dags/example_params_trigger_ui.py for tasks to queue
[2026-06-03T06:23:11.245+0000] {logging_mixin.py:188} INFO - [2026-06-03T06:23:11.244+0000] {dagbag.py:545} INFO - Filling up the DagBag from /home/airflow/.local/lib/python3.12/site-packages/airflow/example_dags/example_params_trigger_ui.py
[2026-06-03T06:23:11.254+0000] {processor.py:840} INFO - DAG(s) 'example_params_trigger_ui' retrieved from /home/airflow/.local/lib/python3.12/site-packages/airflow/example_dags/example_params_trigger_ui.py
[2026-06-03T06:23:11.293+0000] {logging_mixin.py:188} INFO - [2026-06-03T06:23:11.293+0000] {dag.py:3089} INFO - Sync 1 DAGs
[2026-06-03T06:23:11.305+0000] {logging_mixin.py:188} INFO - [2026-06-03T06:23:11.304+0000] {dag.py:3947} INFO - Setting next_dagrun for example_params_trigger_ui to None, run_after=None
[2026-06-03T06:23:11.323+0000] {processor.py:183} INFO - Processing /home/airflow/.local/lib/python3.12/site-packages/airflow/example_dags/example_params_trigger_ui.py took 0.087 seconds
[2026-06-03T06:23:41.572+0000] {processor.py:161} INFO - Started process (PID=2410) to work on /home/airflow/.local/lib/python3.12/site-packages/airflow/example_dags/example_params_trigger_ui.py
[2026-06-03T06:23:41.573+0000] {processor.py:830} INFO - Processing file /home/airflow/.local/lib/python3.12/site-packages/airflow/example_dags/example_params_trigger_ui.py for tasks to queue
[2026-06-03T06:23:41.574+0000] {logging_mixin.py:188} INFO - [2026-06-03T06:23:41.574+0000] {dagbag.py:545} INFO - Filling up the DagBag from /home/airflow/.local/lib/python3.12/site-packages/airflow/example_dags/example_params_trigger_ui.py
[2026-06-03T06:23:41.582+0000] {processor.py:840} INFO - DAG(s) 'example_params_trigger_ui' retrieved from /home/airflow/.local/lib/python3.12/site-packages/airflow/example_dags/example_params_trigger_ui.py
[2026-06-03T06:23:41.621+0000] {logging_mixin.py:188} INFO - [2026-06-03T06:23:41.620+0000] {dag.py:3089} INFO - Sync 1 DAGs
[2026-06-03T06:23:41.632+0000] {logging_mixin.py:188} INFO - [2026-06-03T06:23:41.632+0000] {dag.py:3947} INFO - Setting next_dagrun for example_params_trigger_ui to None, run_after=None
[2026-06-03T06:23:41.648+0000] {processor.py:183} INFO - Processing /home/airflow/.local/lib/python3.12/site-packages/airflow/example_dags/example_params_trigger_ui.py took 0.080 seconds
[2026-06-03T06:24:12.090+0000] {processor.py:161} INFO - Started process (PID=2468) to work on /home/airflow/.local/lib/python3.12/site-packages/airflow/example_dags/example_params_trigger_ui.py
[2026-06-03T06:24:12.090+0000] {processor.py:830} INFO - Processing file /home/airflow/.local/lib/python3.12/site-packages/airflow/example_dags/example_params_trigger_ui.py for tasks to queue
[2026-06-03T06:24:12.092+0000] {logging_mixin.py:188} INFO - [2026-06-03T06:24:12.091+0000] {dagbag.py:545} INFO - Filling up the DagBag from /home/airflow/.local/lib/python3.12/site-packages/airflow/example_dags/example_params_trigger_ui.py
[2026-06-03T06:24:12.100+0000] {processor.py:840} INFO - DAG(s) 'example_params_trigger_ui' retrieved from /home/airflow/.local/lib/python3.12/site-packages/airflow/example_dags/example_params_trigger_ui.py
[2026-06-03T06:24:12.138+0000] {logging_mixin.py:188} INFO - [2026-06-03T06:24:12.138+0000] {dag.py:3089} INFO - Sync 1 DAGs
[2026-06-03T06:24:12.149+0000] {logging_mixin.py:188} INFO - [2026-06-03T06:24:12.148+0000] {dag.py:3947} INFO - Setting next_dagrun for example_params_trigger_ui to None, run_after=None
[2026-06-03T06:24:12.166+0000] {processor.py:183} INFO - Processing /home/airflow/.local/lib/python3.12/site-packages/airflow/example_dags/example_params_trigger_ui.py took 0.081 seconds
[2026-06-03T06:24:42.563+0000] {processor.py:161} INFO - Started process (PID=2526) to work on /home/airflow/.local/lib/python3.12/site-packages/airflow/example_dags/example_params_trigger_ui.py
[2026-06-03T06:24:42.564+0000] {processor.py:830} INFO - Processing file /home/airflow/.local/lib/python3.12/site-packages/airflow/example_dags/example_params_trigger_ui.py for tasks to queue
[2026-06-03T06:24:42.565+0000] {logging_mixin.py:188} INFO - [2026-06-03T06:24:42.565+0000] {dagbag.py:545} INFO - Filling up the DagBag from /home/airflow/.local/lib/python3.12/site-packages/airflow/example_dags/example_params_trigger_ui.py
[2026-06-03T06:24:42.572+0000] {processor.py:840} INFO - DAG(s) 'example_params_trigger_ui' retrieved from /home/airflow/.local/lib/python3.12/site-packages/airflow/example_dags/example_params_trigger_ui.py
[2026-06-03T06:24:42.610+0000] {logging_mixin.py:188} INFO - [2026-06-03T06:24:42.610+0000] {dag.py:3089} INFO - Sync 1 DAGs
[2026-06-03T06:24:42.621+0000] {logging_mixin.py:188} INFO - [2026-06-03T06:24:42.620+0000] {dag.py:3947} INFO - Setting next_dagrun for example_params_trigger_ui to None, run_after=None
[2026-06-03T06:24:42.636+0000] {processor.py:183} INFO - Processing /home/airflow/.local/lib/python3.12/site-packages/airflow/example_dags/example_params_trigger_ui.py took 0.078 seconds
[2026-06-03T06:25:12.987+0000] {processor.py:161} INFO - Started process (PID=2584) to work on /home/airflow/.local/lib/python3.12/site-packages/airflow/example_dags/example_params_trigger_ui.py
[2026-06-03T06:25:12.988+0000] {processor.py:830} INFO - Processing file /home/airflow/.local/lib/python3.12/site-packages/airflow/example_dags/example_params_trigger_ui.py for tasks to queue
[2026-06-03T06:25:12.989+0000] {logging_mixin.py:188} INFO - [2026-06-03T06:25:12.989+0000] {dagbag.py:545} INFO - Filling up the DagBag from /home/airflow/.local/lib/python3.12/site-packages/airflow/example_dags/example_params_trigger_ui.py
[2026-06-03T06:25:12.997+0000] {processor.py:840} INFO - DAG(s) 'example_params_trigger_ui' retrieved from /home/airflow/.local/lib/python3.12/site-packages/airflow/example_dags/example_params_trigger_ui.py
[2026-06-03T06:25:13.036+0000] {logging_mixin.py:188} INFO - [2026-06-03T06:25:13.036+0000] {dag.py:3089} INFO - Sync 1 DAGs
[2026-06-03T06:25:13.046+0000] {logging_mixin.py:188} INFO - [2026-06-03T06:25:13.046+0000] {dag.py:3947} INFO - Setting next_dagrun for example_params_trigger_ui to None, run_after=None
[2026-06-03T06:25:13.062+0000] {processor.py:183} INFO - Processing /home/airflow/.local/lib/python3.12/site-packages/airflow/example_dags/example_params_trigger_ui.py took 0.080 seconds
[2026-06-03T06:25:43.299+0000] {processor.py:161} INFO - Started process (PID=2642) to work on /home/airflow/.local/lib/python3.12/site-packages/airflow/example_dags/example_params_trigger_ui.py
[2026-06-03T06:25:43.300+0000] {processor.py:830} INFO - Processing file /home/airflow/.local/lib/python3.12/site-packages/airflow/example_dags/example_params_trigger_ui.py for tasks to queue
[2026-06-03T06:25:43.301+0000] {logging_mixin.py:188} INFO - [2026-06-03T06:25:43.301+0000] {dagbag.py:545} INFO - Filling up the DagBag from /home/airflow/.local/lib/python3.12/site-packages/airflow/example_dags/example_params_trigger_ui.py
[2026-06-03T06:25:43.309+0000] {processor.py:840} INFO - DAG(s) 'example_params_trigger_ui' retrieved from /home/airflow/.local/lib/python3.12/site-packages/airflow/example_dags/example_params_trigger_ui.py
[2026-06-03T06:25:43.347+0000] {logging_mixin.py:188} INFO - [2026-06-03T06:25:43.347+0000] {dag.py:3089} INFO - Sync 1 DAGs
[2026-06-03T06:25:43.358+0000] {logging_mixin.py:188} INFO - [2026-06-03T06:25:43.358+0000] {dag.py:3947} INFO - Setting next_dagrun for example_params_trigger_ui to None, run_after=None
[2026-06-03T06:25:43.374+0000] {processor.py:183} INFO - Processing /home/airflow/.local/lib/python3.12/site-packages/airflow/example_dags/example_params_trigger_ui.py took 0.079 seconds
[2026-06-03T06:26:13.671+0000] {processor.py:161} INFO - Started process (PID=2700) to work on /home/airflow/.local/lib/python3.12/site-packages/airflow/example_dags/example_params_trigger_ui.py
[2026-06-03T06:26:13.672+0000] {processor.py:830} INFO - Processing file /home/airflow/.local/lib/python3.12/site-packages/airflow/example_dags/example_params_trigger_ui.py for tasks to queue
[2026-06-03T06:26:13.673+0000] {logging_mixin.py:188} INFO - [2026-06-03T06:26:13.673+0000] {dagbag.py:545} INFO - Filling up the DagBag from /home/airflow/.local/lib/python3.12/site-packages/airflow/example_dags/example_params_trigger_ui.py
[2026-06-03T06:26:13.681+0000] {processor.py:840} INFO - DAG(s) 'example_params_trigger_ui' retrieved from /home/airflow/.local/lib/python3.12/site-packages/airflow/example_dags/example_params_trigger_ui.py
[2026-06-03T06:26:13.719+0000] {logging_mixin.py:188} INFO - [2026-06-03T06:26:13.719+0000] {dag.py:3089} INFO - Sync 1 DAGs
[2026-06-03T06:26:13.730+0000] {logging_mixin.py:188} INFO - [2026-06-03T06:26:13.730+0000] {dag.py:3947} INFO - Setting next_dagrun for example_params_trigger_ui to None, run_after=None
[2026-06-03T06:26:13.748+0000] {processor.py:183} INFO - Processing /home/airflow/.local/lib/python3.12/site-packages/airflow/example_dags/example_params_trigger_ui.py took 0.081 seconds
[2026-06-03T06:26:44.156+0000] {processor.py:161} INFO - Started process (PID=2757) to work on /home/airflow/.local/lib/python3.12/site-packages/airflow/example_dags/example_params_trigger_ui.py
[2026-06-03T06:26:44.157+0000] {processor.py:830} INFO - Processing file /home/airflow/.local/lib/python3.12/site-packages/airflow/example_dags/example_params_trigger_ui.py for tasks to queue
[2026-06-03T06:26:44.158+0000] {logging_mixin.py:188} INFO - [2026-06-03T06:26:44.158+0000] {dagbag.py:545} INFO - Filling up the DagBag from /home/airflow/.local/lib/python3.12/site-packages/airflow/example_dags/example_params_trigger_ui.py
[2026-06-03T06:26:44.165+0000] {processor.py:840} INFO - DAG(s) 'example_params_trigger_ui' retrieved from /home/airflow/.local/lib/python3.12/site-packages/airflow/example_dags/example_params_trigger_ui.py
[2026-06-03T06:26:44.203+0000] {logging_mixin.py:188} INFO - [2026-06-03T06:26:44.203+0000] {dag.py:3089} INFO - Sync 1 DAGs
[2026-06-03T06:26:44.213+0000] {logging_mixin.py:188} INFO - [2026-06-03T06:26:44.213+0000] {dag.py:3947} INFO - Setting next_dagrun for example_params_trigger_ui to None, run_after=None
[2026-06-03T06:26:44.228+0000] {processor.py:183} INFO - Processing /home/airflow/.local/lib/python3.12/site-packages/airflow/example_dags/example_params_trigger_ui.py took 0.077 seconds
