[2026-06-03T06:03:08.663+0000] {processor.py:161} INFO - Started process (PID=70) to work on /home/airflow/.local/lib/python3.12/site-packages/airflow/example_dags/example_bash_decorator.py
[2026-06-03T06:03:08.667+0000] {processor.py:830} INFO - Processing file /home/airflow/.local/lib/python3.12/site-packages/airflow/example_dags/example_bash_decorator.py for tasks to queue
[2026-06-03T06:03:08.668+0000] {logging_mixin.py:188} INFO - [2026-06-03T06:03:08.668+0000] {dagbag.py:545} INFO - Filling up the DagBag from /home/airflow/.local/lib/python3.12/site-packages/airflow/example_dags/example_bash_decorator.py
[2026-06-03T06:03:08.682+0000] {processor.py:840} INFO - DAG(s) 'example_bash_decorator' retrieved from /home/airflow/.local/lib/python3.12/site-packages/airflow/example_dags/example_bash_decorator.py
[2026-06-03T06:03:08.786+0000] {logging_mixin.py:188} INFO - [2026-06-03T06:03:08.786+0000] {dag.py:3089} INFO - Sync 1 DAGs
[2026-06-03T06:03:08.798+0000] {logging_mixin.py:188} INFO - [2026-06-03T06:03:08.797+0000] {dag.py:3947} INFO - Setting next_dagrun for example_bash_decorator to None, run_after=None
[2026-06-03T06:03:08.816+0000] {processor.py:183} INFO - Processing /home/airflow/.local/lib/python3.12/site-packages/airflow/example_dags/example_bash_decorator.py took 0.159 seconds
[2026-06-03T06:03:39.601+0000] {processor.py:161} INFO - Started process (PID=128) to work on /home/airflow/.local/lib/python3.12/site-packages/airflow/example_dags/example_bash_decorator.py
[2026-06-03T06:03:39.601+0000] {processor.py:830} INFO - Processing file /home/airflow/.local/lib/python3.12/site-packages/airflow/example_dags/example_bash_decorator.py for tasks to queue
[2026-06-03T06:03:39.603+0000] {logging_mixin.py:188} INFO - [2026-06-03T06:03:39.602+0000] {dagbag.py:545} INFO - Filling up the DagBag from /home/airflow/.local/lib/python3.12/site-packages/airflow/example_dags/example_bash_decorator.py
[2026-06-03T06:03:39.613+0000] {processor.py:840} INFO - DAG(s) 'example_bash_decorator' retrieved from /home/airflow/.local/lib/python3.12/site-packages/airflow/example_dags/example_bash_decorator.py
[2026-06-03T06:03:39.632+0000] {logging_mixin.py:188} INFO - [2026-06-03T06:03:39.632+0000] {dag.py:3089} INFO - Sync 1 DAGs
[2026-06-03T06:03:39.643+0000] {logging_mixin.py:188} INFO - [2026-06-03T06:03:39.643+0000] {dag.py:3947} INFO - Setting next_dagrun for example_bash_decorator to None, run_after=None
[2026-06-03T06:03:39.658+0000] {processor.py:183} INFO - Processing /home/airflow/.local/lib/python3.12/site-packages/airflow/example_dags/example_bash_decorator.py took 0.062 seconds
[2026-06-03T06:04:09.876+0000] {processor.py:161} INFO - Started process (PID=186) to work on /home/airflow/.local/lib/python3.12/site-packages/airflow/example_dags/example_bash_decorator.py
[2026-06-03T06:04:09.877+0000] {processor.py:830} INFO - Processing file /home/airflow/.local/lib/python3.12/site-packages/airflow/example_dags/example_bash_decorator.py for tasks to queue
[2026-06-03T06:04:09.878+0000] {logging_mixin.py:188} INFO - [2026-06-03T06:04:09.878+0000] {dagbag.py:545} INFO - Filling up the DagBag from /home/airflow/.local/lib/python3.12/site-packages/airflow/example_dags/example_bash_decorator.py
[2026-06-03T06:04:09.888+0000] {processor.py:840} INFO - DAG(s) 'example_bash_decorator' retrieved from /home/airflow/.local/lib/python3.12/site-packages/airflow/example_dags/example_bash_decorator.py
[2026-06-03T06:04:09.907+0000] {logging_mixin.py:188} INFO - [2026-06-03T06:04:09.907+0000] {dag.py:3089} INFO - Sync 1 DAGs
[2026-06-03T06:04:09.918+0000] {logging_mixin.py:188} INFO - [2026-06-03T06:04:09.918+0000] {dag.py:3947} INFO - Setting next_dagrun for example_bash_decorator to None, run_after=None
[2026-06-03T06:04:09.933+0000] {processor.py:183} INFO - Processing /home/airflow/.local/lib/python3.12/site-packages/airflow/example_dags/example_bash_decorator.py took 0.062 seconds
[2026-06-03T06:04:40.116+0000] {processor.py:161} INFO - Started process (PID=244) to work on /home/airflow/.local/lib/python3.12/site-packages/airflow/example_dags/example_bash_decorator.py
[2026-06-03T06:04:40.116+0000] {processor.py:830} INFO - Processing file /home/airflow/.local/lib/python3.12/site-packages/airflow/example_dags/example_bash_decorator.py for tasks to queue
[2026-06-03T06:04:40.118+0000] {logging_mixin.py:188} INFO - [2026-06-03T06:04:40.117+0000] {dagbag.py:545} INFO - Filling up the DagBag from /home/airflow/.local/lib/python3.12/site-packages/airflow/example_dags/example_bash_decorator.py
[2026-06-03T06:04:40.128+0000] {processor.py:840} INFO - DAG(s) 'example_bash_decorator' retrieved from /home/airflow/.local/lib/python3.12/site-packages/airflow/example_dags/example_bash_decorator.py
[2026-06-03T06:04:40.147+0000] {logging_mixin.py:188} INFO - [2026-06-03T06:04:40.147+0000] {dag.py:3089} INFO - Sync 1 DAGs
[2026-06-03T06:04:40.157+0000] {logging_mixin.py:188} INFO - [2026-06-03T06:04:40.157+0000] {dag.py:3947} INFO - Setting next_dagrun for example_bash_decorator to None, run_after=None
[2026-06-03T06:04:40.171+0000] {processor.py:183} INFO - Processing /home/airflow/.local/lib/python3.12/site-packages/airflow/example_dags/example_bash_decorator.py took 0.060 seconds
[2026-06-03T06:05:10.728+0000] {processor.py:161} INFO - Started process (PID=302) to work on /home/airflow/.local/lib/python3.12/site-packages/airflow/example_dags/example_bash_decorator.py
[2026-06-03T06:05:10.730+0000] {processor.py:830} INFO - Processing file /home/airflow/.local/lib/python3.12/site-packages/airflow/example_dags/example_bash_decorator.py for tasks to queue
[2026-06-03T06:05:10.731+0000] {logging_mixin.py:188} INFO - [2026-06-03T06:05:10.731+0000] {dagbag.py:545} INFO - Filling up the DagBag from /home/airflow/.local/lib/python3.12/site-packages/airflow/example_dags/example_bash_decorator.py
[2026-06-03T06:05:10.741+0000] {processor.py:840} INFO - DAG(s) 'example_bash_decorator' retrieved from /home/airflow/.local/lib/python3.12/site-packages/airflow/example_dags/example_bash_decorator.py
[2026-06-03T06:05:10.764+0000] {logging_mixin.py:188} INFO - [2026-06-03T06:05:10.764+0000] {dag.py:3089} INFO - Sync 1 DAGs
[2026-06-03T06:05:10.776+0000] {logging_mixin.py:188} INFO - [2026-06-03T06:05:10.775+0000] {dag.py:3947} INFO - Setting next_dagrun for example_bash_decorator to None, run_after=None
[2026-06-03T06:05:10.794+0000] {processor.py:183} INFO - Processing /home/airflow/.local/lib/python3.12/site-packages/airflow/example_dags/example_bash_decorator.py took 0.070 seconds
[2026-06-03T06:05:41.150+0000] {processor.py:161} INFO - Started process (PID=360) to work on /home/airflow/.local/lib/python3.12/site-packages/airflow/example_dags/example_bash_decorator.py
[2026-06-03T06:05:41.151+0000] {processor.py:830} INFO - Processing file /home/airflow/.local/lib/python3.12/site-packages/airflow/example_dags/example_bash_decorator.py for tasks to queue
[2026-06-03T06:05:41.152+0000] {logging_mixin.py:188} INFO - [2026-06-03T06:05:41.152+0000] {dagbag.py:545} INFO - Filling up the DagBag from /home/airflow/.local/lib/python3.12/site-packages/airflow/example_dags/example_bash_decorator.py
[2026-06-03T06:05:41.162+0000] {processor.py:840} INFO - DAG(s) 'example_bash_decorator' retrieved from /home/airflow/.local/lib/python3.12/site-packages/airflow/example_dags/example_bash_decorator.py
[2026-06-03T06:05:41.181+0000] {logging_mixin.py:188} INFO - [2026-06-03T06:05:41.181+0000] {dag.py:3089} INFO - Sync 1 DAGs
[2026-06-03T06:05:41.192+0000] {logging_mixin.py:188} INFO - [2026-06-03T06:05:41.192+0000] {dag.py:3947} INFO - Setting next_dagrun for example_bash_decorator to None, run_after=None
[2026-06-03T06:05:41.211+0000] {processor.py:183} INFO - Processing /home/airflow/.local/lib/python3.12/site-packages/airflow/example_dags/example_bash_decorator.py took 0.066 seconds
[2026-06-03T06:06:11.960+0000] {processor.py:161} INFO - Started process (PID=418) to work on /home/airflow/.local/lib/python3.12/site-packages/airflow/example_dags/example_bash_decorator.py
[2026-06-03T06:06:11.960+0000] {processor.py:830} INFO - Processing file /home/airflow/.local/lib/python3.12/site-packages/airflow/example_dags/example_bash_decorator.py for tasks to queue
[2026-06-03T06:06:11.962+0000] {logging_mixin.py:188} INFO - [2026-06-03T06:06:11.961+0000] {dagbag.py:545} INFO - Filling up the DagBag from /home/airflow/.local/lib/python3.12/site-packages/airflow/example_dags/example_bash_decorator.py
[2026-06-03T06:06:11.973+0000] {processor.py:840} INFO - DAG(s) 'example_bash_decorator' retrieved from /home/airflow/.local/lib/python3.12/site-packages/airflow/example_dags/example_bash_decorator.py
[2026-06-03T06:06:11.993+0000] {logging_mixin.py:188} INFO - [2026-06-03T06:06:11.993+0000] {dag.py:3089} INFO - Sync 1 DAGs
[2026-06-03T06:06:12.004+0000] {logging_mixin.py:188} INFO - [2026-06-03T06:06:12.004+0000] {dag.py:3947} INFO - Setting next_dagrun for example_bash_decorator to None, run_after=None
[2026-06-03T06:06:12.021+0000] {processor.py:183} INFO - Processing /home/airflow/.local/lib/python3.12/site-packages/airflow/example_dags/example_bash_decorator.py took 0.067 seconds
[2026-06-03T06:06:42.671+0000] {processor.py:161} INFO - Started process (PID=476) to work on /home/airflow/.local/lib/python3.12/site-packages/airflow/example_dags/example_bash_decorator.py
[2026-06-03T06:06:42.671+0000] {processor.py:830} INFO - Processing file /home/airflow/.local/lib/python3.12/site-packages/airflow/example_dags/example_bash_decorator.py for tasks to queue
[2026-06-03T06:06:42.673+0000] {logging_mixin.py:188} INFO - [2026-06-03T06:06:42.673+0000] {dagbag.py:545} INFO - Filling up the DagBag from /home/airflow/.local/lib/python3.12/site-packages/airflow/example_dags/example_bash_decorator.py
[2026-06-03T06:06:42.683+0000] {processor.py:840} INFO - DAG(s) 'example_bash_decorator' retrieved from /home/airflow/.local/lib/python3.12/site-packages/airflow/example_dags/example_bash_decorator.py
[2026-06-03T06:06:42.702+0000] {logging_mixin.py:188} INFO - [2026-06-03T06:06:42.702+0000] {dag.py:3089} INFO - Sync 1 DAGs
[2026-06-03T06:06:42.713+0000] {logging_mixin.py:188} INFO - [2026-06-03T06:06:42.712+0000] {dag.py:3947} INFO - Setting next_dagrun for example_bash_decorator to None, run_after=None
[2026-06-03T06:06:42.728+0000] {processor.py:183} INFO - Processing /home/airflow/.local/lib/python3.12/site-packages/airflow/example_dags/example_bash_decorator.py took 0.062 seconds
[2026-06-03T06:07:12.872+0000] {processor.py:161} INFO - Started process (PID=534) to work on /home/airflow/.local/lib/python3.12/site-packages/airflow/example_dags/example_bash_decorator.py
[2026-06-03T06:07:12.873+0000] {processor.py:830} INFO - Processing file /home/airflow/.local/lib/python3.12/site-packages/airflow/example_dags/example_bash_decorator.py for tasks to queue
[2026-06-03T06:07:12.874+0000] {logging_mixin.py:188} INFO - [2026-06-03T06:07:12.874+0000] {dagbag.py:545} INFO - Filling up the DagBag from /home/airflow/.local/lib/python3.12/site-packages/airflow/example_dags/example_bash_decorator.py
[2026-06-03T06:07:12.884+0000] {processor.py:840} INFO - DAG(s) 'example_bash_decorator' retrieved from /home/airflow/.local/lib/python3.12/site-packages/airflow/example_dags/example_bash_decorator.py
[2026-06-03T06:07:12.905+0000] {logging_mixin.py:188} INFO - [2026-06-03T06:07:12.905+0000] {dag.py:3089} INFO - Sync 1 DAGs
[2026-06-03T06:07:12.916+0000] {logging_mixin.py:188} INFO - [2026-06-03T06:07:12.915+0000] {dag.py:3947} INFO - Setting next_dagrun for example_bash_decorator to None, run_after=None
[2026-06-03T06:07:12.931+0000] {processor.py:183} INFO - Processing /home/airflow/.local/lib/python3.12/site-packages/airflow/example_dags/example_bash_decorator.py took 0.064 seconds
[2026-06-03T06:07:43.179+0000] {processor.py:161} INFO - Started process (PID=592) to work on /home/airflow/.local/lib/python3.12/site-packages/airflow/example_dags/example_bash_decorator.py
[2026-06-03T06:07:43.180+0000] {processor.py:830} INFO - Processing file /home/airflow/.local/lib/python3.12/site-packages/airflow/example_dags/example_bash_decorator.py for tasks to queue
[2026-06-03T06:07:43.181+0000] {logging_mixin.py:188} INFO - [2026-06-03T06:07:43.181+0000] {dagbag.py:545} INFO - Filling up the DagBag from /home/airflow/.local/lib/python3.12/site-packages/airflow/example_dags/example_bash_decorator.py
[2026-06-03T06:07:43.192+0000] {processor.py:840} INFO - DAG(s) 'example_bash_decorator' retrieved from /home/airflow/.local/lib/python3.12/site-packages/airflow/example_dags/example_bash_decorator.py
[2026-06-03T06:07:43.210+0000] {logging_mixin.py:188} INFO - [2026-06-03T06:07:43.210+0000] {dag.py:3089} INFO - Sync 1 DAGs
[2026-06-03T06:07:43.221+0000] {logging_mixin.py:188} INFO - [2026-06-03T06:07:43.221+0000] {dag.py:3947} INFO - Setting next_dagrun for example_bash_decorator to None, run_after=None
[2026-06-03T06:07:43.235+0000] {processor.py:183} INFO - Processing /home/airflow/.local/lib/python3.12/site-packages/airflow/example_dags/example_bash_decorator.py took 0.061 seconds
[2026-06-03T06:08:13.615+0000] {processor.py:161} INFO - Started process (PID=656) to work on /home/airflow/.local/lib/python3.12/site-packages/airflow/example_dags/example_bash_decorator.py
[2026-06-03T06:08:13.616+0000] {processor.py:830} INFO - Processing file /home/airflow/.local/lib/python3.12/site-packages/airflow/example_dags/example_bash_decorator.py for tasks to queue
[2026-06-03T06:08:13.617+0000] {logging_mixin.py:188} INFO - [2026-06-03T06:08:13.617+0000] {dagbag.py:545} INFO - Filling up the DagBag from /home/airflow/.local/lib/python3.12/site-packages/airflow/example_dags/example_bash_decorator.py
[2026-06-03T06:08:13.628+0000] {processor.py:840} INFO - DAG(s) 'example_bash_decorator' retrieved from /home/airflow/.local/lib/python3.12/site-packages/airflow/example_dags/example_bash_decorator.py
[2026-06-03T06:08:13.646+0000] {logging_mixin.py:188} INFO - [2026-06-03T06:08:13.646+0000] {dag.py:3089} INFO - Sync 1 DAGs
[2026-06-03T06:08:13.656+0000] {logging_mixin.py:188} INFO - [2026-06-03T06:08:13.656+0000] {dag.py:3947} INFO - Setting next_dagrun for example_bash_decorator to None, run_after=None
[2026-06-03T06:08:13.670+0000] {processor.py:183} INFO - Processing /home/airflow/.local/lib/python3.12/site-packages/airflow/example_dags/example_bash_decorator.py took 0.060 seconds
[2026-06-03T06:08:45.212+0000] {processor.py:161} INFO - Started process (PID=714) to work on /home/airflow/.local/lib/python3.12/site-packages/airflow/example_dags/example_bash_decorator.py
[2026-06-03T06:08:45.213+0000] {processor.py:830} INFO - Processing file /home/airflow/.local/lib/python3.12/site-packages/airflow/example_dags/example_bash_decorator.py for tasks to queue
[2026-06-03T06:08:45.214+0000] {logging_mixin.py:188} INFO - [2026-06-03T06:08:45.214+0000] {dagbag.py:545} INFO - Filling up the DagBag from /home/airflow/.local/lib/python3.12/site-packages/airflow/example_dags/example_bash_decorator.py
[2026-06-03T06:08:45.227+0000] {processor.py:840} INFO - DAG(s) 'example_bash_decorator' retrieved from /home/airflow/.local/lib/python3.12/site-packages/airflow/example_dags/example_bash_decorator.py
[2026-06-03T06:08:45.247+0000] {logging_mixin.py:188} INFO - [2026-06-03T06:08:45.247+0000] {dag.py:3089} INFO - Sync 1 DAGs
[2026-06-03T06:08:45.258+0000] {logging_mixin.py:188} INFO - [2026-06-03T06:08:45.257+0000] {dag.py:3947} INFO - Setting next_dagrun for example_bash_decorator to None, run_after=None
[2026-06-03T06:08:45.272+0000] {processor.py:183} INFO - Processing /home/airflow/.local/lib/python3.12/site-packages/airflow/example_dags/example_bash_decorator.py took 0.065 seconds
[2026-06-03T06:09:16.253+0000] {processor.py:161} INFO - Started process (PID=771) to work on /home/airflow/.local/lib/python3.12/site-packages/airflow/example_dags/example_bash_decorator.py
[2026-06-03T06:09:16.254+0000] {processor.py:830} INFO - Processing file /home/airflow/.local/lib/python3.12/site-packages/airflow/example_dags/example_bash_decorator.py for tasks to queue
[2026-06-03T06:09:16.255+0000] {logging_mixin.py:188} INFO - [2026-06-03T06:09:16.255+0000] {dagbag.py:545} INFO - Filling up the DagBag from /home/airflow/.local/lib/python3.12/site-packages/airflow/example_dags/example_bash_decorator.py
[2026-06-03T06:09:16.266+0000] {processor.py:840} INFO - DAG(s) 'example_bash_decorator' retrieved from /home/airflow/.local/lib/python3.12/site-packages/airflow/example_dags/example_bash_decorator.py
[2026-06-03T06:09:16.286+0000] {logging_mixin.py:188} INFO - [2026-06-03T06:09:16.286+0000] {dag.py:3089} INFO - Sync 1 DAGs
[2026-06-03T06:09:16.296+0000] {logging_mixin.py:188} INFO - [2026-06-03T06:09:16.296+0000] {dag.py:3947} INFO - Setting next_dagrun for example_bash_decorator to None, run_after=None
[2026-06-03T06:09:16.312+0000] {processor.py:183} INFO - Processing /home/airflow/.local/lib/python3.12/site-packages/airflow/example_dags/example_bash_decorator.py took 0.064 seconds
[2026-06-03T06:09:46.447+0000] {processor.py:161} INFO - Started process (PID=829) to work on /home/airflow/.local/lib/python3.12/site-packages/airflow/example_dags/example_bash_decorator.py
[2026-06-03T06:09:46.447+0000] {processor.py:830} INFO - Processing file /home/airflow/.local/lib/python3.12/site-packages/airflow/example_dags/example_bash_decorator.py for tasks to queue
[2026-06-03T06:09:46.449+0000] {logging_mixin.py:188} INFO - [2026-06-03T06:09:46.448+0000] {dagbag.py:545} INFO - Filling up the DagBag from /home/airflow/.local/lib/python3.12/site-packages/airflow/example_dags/example_bash_decorator.py
[2026-06-03T06:09:46.459+0000] {processor.py:840} INFO - DAG(s) 'example_bash_decorator' retrieved from /home/airflow/.local/lib/python3.12/site-packages/airflow/example_dags/example_bash_decorator.py
[2026-06-03T06:09:46.478+0000] {logging_mixin.py:188} INFO - [2026-06-03T06:09:46.478+0000] {dag.py:3089} INFO - Sync 1 DAGs
[2026-06-03T06:09:46.488+0000] {logging_mixin.py:188} INFO - [2026-06-03T06:09:46.487+0000] {dag.py:3947} INFO - Setting next_dagrun for example_bash_decorator to None, run_after=None
[2026-06-03T06:09:46.502+0000] {processor.py:183} INFO - Processing /home/airflow/.local/lib/python3.12/site-packages/airflow/example_dags/example_bash_decorator.py took 0.060 seconds
[2026-06-03T06:10:17.030+0000] {processor.py:161} INFO - Started process (PID=886) to work on /home/airflow/.local/lib/python3.12/site-packages/airflow/example_dags/example_bash_decorator.py
[2026-06-03T06:10:17.031+0000] {processor.py:830} INFO - Processing file /home/airflow/.local/lib/python3.12/site-packages/airflow/example_dags/example_bash_decorator.py for tasks to queue
[2026-06-03T06:10:17.032+0000] {logging_mixin.py:188} INFO - [2026-06-03T06:10:17.032+0000] {dagbag.py:545} INFO - Filling up the DagBag from /home/airflow/.local/lib/python3.12/site-packages/airflow/example_dags/example_bash_decorator.py
[2026-06-03T06:10:17.043+0000] {processor.py:840} INFO - DAG(s) 'example_bash_decorator' retrieved from /home/airflow/.local/lib/python3.12/site-packages/airflow/example_dags/example_bash_decorator.py
[2026-06-03T06:10:17.062+0000] {logging_mixin.py:188} INFO - [2026-06-03T06:10:17.062+0000] {dag.py:3089} INFO - Sync 1 DAGs
[2026-06-03T06:10:17.072+0000] {logging_mixin.py:188} INFO - [2026-06-03T06:10:17.072+0000] {dag.py:3947} INFO - Setting next_dagrun for example_bash_decorator to None, run_after=None
[2026-06-03T06:10:17.089+0000] {processor.py:183} INFO - Processing /home/airflow/.local/lib/python3.12/site-packages/airflow/example_dags/example_bash_decorator.py took 0.064 seconds
[2026-06-03T06:10:47.486+0000] {processor.py:161} INFO - Started process (PID=944) to work on /home/airflow/.local/lib/python3.12/site-packages/airflow/example_dags/example_bash_decorator.py
[2026-06-03T06:10:47.487+0000] {processor.py:830} INFO - Processing file /home/airflow/.local/lib/python3.12/site-packages/airflow/example_dags/example_bash_decorator.py for tasks to queue
[2026-06-03T06:10:47.488+0000] {logging_mixin.py:188} INFO - [2026-06-03T06:10:47.488+0000] {dagbag.py:545} INFO - Filling up the DagBag from /home/airflow/.local/lib/python3.12/site-packages/airflow/example_dags/example_bash_decorator.py
[2026-06-03T06:10:47.499+0000] {processor.py:840} INFO - DAG(s) 'example_bash_decorator' retrieved from /home/airflow/.local/lib/python3.12/site-packages/airflow/example_dags/example_bash_decorator.py
[2026-06-03T06:10:47.518+0000] {logging_mixin.py:188} INFO - [2026-06-03T06:10:47.517+0000] {dag.py:3089} INFO - Sync 1 DAGs
[2026-06-03T06:10:47.527+0000] {logging_mixin.py:188} INFO - [2026-06-03T06:10:47.527+0000] {dag.py:3947} INFO - Setting next_dagrun for example_bash_decorator to None, run_after=None
[2026-06-03T06:10:47.543+0000] {processor.py:183} INFO - Processing /home/airflow/.local/lib/python3.12/site-packages/airflow/example_dags/example_bash_decorator.py took 0.061 seconds
[2026-06-03T06:11:17.876+0000] {processor.py:161} INFO - Started process (PID=1002) to work on /home/airflow/.local/lib/python3.12/site-packages/airflow/example_dags/example_bash_decorator.py
[2026-06-03T06:11:17.877+0000] {processor.py:830} INFO - Processing file /home/airflow/.local/lib/python3.12/site-packages/airflow/example_dags/example_bash_decorator.py for tasks to queue
[2026-06-03T06:11:17.878+0000] {logging_mixin.py:188} INFO - [2026-06-03T06:11:17.878+0000] {dagbag.py:545} INFO - Filling up the DagBag from /home/airflow/.local/lib/python3.12/site-packages/airflow/example_dags/example_bash_decorator.py
[2026-06-03T06:11:17.889+0000] {processor.py:840} INFO - DAG(s) 'example_bash_decorator' retrieved from /home/airflow/.local/lib/python3.12/site-packages/airflow/example_dags/example_bash_decorator.py
[2026-06-03T06:11:17.907+0000] {logging_mixin.py:188} INFO - [2026-06-03T06:11:17.907+0000] {dag.py:3089} INFO - Sync 1 DAGs
[2026-06-03T06:11:17.918+0000] {logging_mixin.py:188} INFO - [2026-06-03T06:11:17.917+0000] {dag.py:3947} INFO - Setting next_dagrun for example_bash_decorator to None, run_after=None
[2026-06-03T06:11:17.931+0000] {processor.py:183} INFO - Processing /home/airflow/.local/lib/python3.12/site-packages/airflow/example_dags/example_bash_decorator.py took 0.060 seconds
[2026-06-03T06:11:48.294+0000] {processor.py:161} INFO - Started process (PID=1060) to work on /home/airflow/.local/lib/python3.12/site-packages/airflow/example_dags/example_bash_decorator.py
[2026-06-03T06:11:48.294+0000] {processor.py:830} INFO - Processing file /home/airflow/.local/lib/python3.12/site-packages/airflow/example_dags/example_bash_decorator.py for tasks to queue
[2026-06-03T06:11:48.295+0000] {logging_mixin.py:188} INFO - [2026-06-03T06:11:48.295+0000] {dagbag.py:545} INFO - Filling up the DagBag from /home/airflow/.local/lib/python3.12/site-packages/airflow/example_dags/example_bash_decorator.py
[2026-06-03T06:11:48.306+0000] {processor.py:840} INFO - DAG(s) 'example_bash_decorator' retrieved from /home/airflow/.local/lib/python3.12/site-packages/airflow/example_dags/example_bash_decorator.py
[2026-06-03T06:11:48.327+0000] {logging_mixin.py:188} INFO - [2026-06-03T06:11:48.327+0000] {dag.py:3089} INFO - Sync 1 DAGs
[2026-06-03T06:11:48.338+0000] {logging_mixin.py:188} INFO - [2026-06-03T06:11:48.338+0000] {dag.py:3947} INFO - Setting next_dagrun for example_bash_decorator to None, run_after=None
[2026-06-03T06:11:48.353+0000] {processor.py:183} INFO - Processing /home/airflow/.local/lib/python3.12/site-packages/airflow/example_dags/example_bash_decorator.py took 0.064 seconds
[2026-06-03T06:12:18.634+0000] {processor.py:161} INFO - Started process (PID=1118) to work on /home/airflow/.local/lib/python3.12/site-packages/airflow/example_dags/example_bash_decorator.py
[2026-06-03T06:12:18.636+0000] {processor.py:830} INFO - Processing file /home/airflow/.local/lib/python3.12/site-packages/airflow/example_dags/example_bash_decorator.py for tasks to queue
[2026-06-03T06:12:18.637+0000] {logging_mixin.py:188} INFO - [2026-06-03T06:12:18.637+0000] {dagbag.py:545} INFO - Filling up the DagBag from /home/airflow/.local/lib/python3.12/site-packages/airflow/example_dags/example_bash_decorator.py
[2026-06-03T06:12:18.648+0000] {processor.py:840} INFO - DAG(s) 'example_bash_decorator' retrieved from /home/airflow/.local/lib/python3.12/site-packages/airflow/example_dags/example_bash_decorator.py
[2026-06-03T06:12:18.666+0000] {logging_mixin.py:188} INFO - [2026-06-03T06:12:18.666+0000] {dag.py:3089} INFO - Sync 1 DAGs
[2026-06-03T06:12:18.676+0000] {logging_mixin.py:188} INFO - [2026-06-03T06:12:18.676+0000] {dag.py:3947} INFO - Setting next_dagrun for example_bash_decorator to None, run_after=None
[2026-06-03T06:12:18.691+0000] {processor.py:183} INFO - Processing /home/airflow/.local/lib/python3.12/site-packages/airflow/example_dags/example_bash_decorator.py took 0.062 seconds
[2026-06-03T06:12:48.988+0000] {processor.py:161} INFO - Started process (PID=1176) to work on /home/airflow/.local/lib/python3.12/site-packages/airflow/example_dags/example_bash_decorator.py
[2026-06-03T06:12:48.989+0000] {processor.py:830} INFO - Processing file /home/airflow/.local/lib/python3.12/site-packages/airflow/example_dags/example_bash_decorator.py for tasks to queue
[2026-06-03T06:12:48.990+0000] {logging_mixin.py:188} INFO - [2026-06-03T06:12:48.990+0000] {dagbag.py:545} INFO - Filling up the DagBag from /home/airflow/.local/lib/python3.12/site-packages/airflow/example_dags/example_bash_decorator.py
[2026-06-03T06:12:49.001+0000] {processor.py:840} INFO - DAG(s) 'example_bash_decorator' retrieved from /home/airflow/.local/lib/python3.12/site-packages/airflow/example_dags/example_bash_decorator.py
[2026-06-03T06:12:49.020+0000] {logging_mixin.py:188} INFO - [2026-06-03T06:12:49.019+0000] {dag.py:3089} INFO - Sync 1 DAGs
[2026-06-03T06:12:49.030+0000] {logging_mixin.py:188} INFO - [2026-06-03T06:12:49.030+0000] {dag.py:3947} INFO - Setting next_dagrun for example_bash_decorator to None, run_after=None
[2026-06-03T06:12:49.044+0000] {processor.py:183} INFO - Processing /home/airflow/.local/lib/python3.12/site-packages/airflow/example_dags/example_bash_decorator.py took 0.060 seconds
[2026-06-03T06:13:19.279+0000] {processor.py:161} INFO - Started process (PID=1234) to work on /home/airflow/.local/lib/python3.12/site-packages/airflow/example_dags/example_bash_decorator.py
[2026-06-03T06:13:19.280+0000] {processor.py:830} INFO - Processing file /home/airflow/.local/lib/python3.12/site-packages/airflow/example_dags/example_bash_decorator.py for tasks to queue
[2026-06-03T06:13:19.282+0000] {logging_mixin.py:188} INFO - [2026-06-03T06:13:19.282+0000] {dagbag.py:545} INFO - Filling up the DagBag from /home/airflow/.local/lib/python3.12/site-packages/airflow/example_dags/example_bash_decorator.py
[2026-06-03T06:13:19.293+0000] {processor.py:840} INFO - DAG(s) 'example_bash_decorator' retrieved from /home/airflow/.local/lib/python3.12/site-packages/airflow/example_dags/example_bash_decorator.py
[2026-06-03T06:13:19.313+0000] {logging_mixin.py:188} INFO - [2026-06-03T06:13:19.313+0000] {dag.py:3089} INFO - Sync 1 DAGs
[2026-06-03T06:13:19.323+0000] {logging_mixin.py:188} INFO - [2026-06-03T06:13:19.323+0000] {dag.py:3947} INFO - Setting next_dagrun for example_bash_decorator to None, run_after=None
[2026-06-03T06:13:19.339+0000] {processor.py:183} INFO - Processing /home/airflow/.local/lib/python3.12/site-packages/airflow/example_dags/example_bash_decorator.py took 0.064 seconds
[2026-06-03T06:13:49.488+0000] {processor.py:161} INFO - Started process (PID=1292) to work on /home/airflow/.local/lib/python3.12/site-packages/airflow/example_dags/example_bash_decorator.py
[2026-06-03T06:13:49.488+0000] {processor.py:830} INFO - Processing file /home/airflow/.local/lib/python3.12/site-packages/airflow/example_dags/example_bash_decorator.py for tasks to queue
[2026-06-03T06:13:49.489+0000] {logging_mixin.py:188} INFO - [2026-06-03T06:13:49.489+0000] {dagbag.py:545} INFO - Filling up the DagBag from /home/airflow/.local/lib/python3.12/site-packages/airflow/example_dags/example_bash_decorator.py
[2026-06-03T06:13:49.500+0000] {processor.py:840} INFO - DAG(s) 'example_bash_decorator' retrieved from /home/airflow/.local/lib/python3.12/site-packages/airflow/example_dags/example_bash_decorator.py
[2026-06-03T06:13:49.519+0000] {logging_mixin.py:188} INFO - [2026-06-03T06:13:49.519+0000] {dag.py:3089} INFO - Sync 1 DAGs
[2026-06-03T06:13:49.529+0000] {logging_mixin.py:188} INFO - [2026-06-03T06:13:49.529+0000] {dag.py:3947} INFO - Setting next_dagrun for example_bash_decorator to None, run_after=None
[2026-06-03T06:13:49.544+0000] {processor.py:183} INFO - Processing /home/airflow/.local/lib/python3.12/site-packages/airflow/example_dags/example_bash_decorator.py took 0.061 seconds
[2026-06-03T06:14:19.800+0000] {processor.py:161} INFO - Started process (PID=1350) to work on /home/airflow/.local/lib/python3.12/site-packages/airflow/example_dags/example_bash_decorator.py
[2026-06-03T06:14:19.801+0000] {processor.py:830} INFO - Processing file /home/airflow/.local/lib/python3.12/site-packages/airflow/example_dags/example_bash_decorator.py for tasks to queue
[2026-06-03T06:14:19.802+0000] {logging_mixin.py:188} INFO - [2026-06-03T06:14:19.802+0000] {dagbag.py:545} INFO - Filling up the DagBag from /home/airflow/.local/lib/python3.12/site-packages/airflow/example_dags/example_bash_decorator.py
[2026-06-03T06:14:19.813+0000] {processor.py:840} INFO - DAG(s) 'example_bash_decorator' retrieved from /home/airflow/.local/lib/python3.12/site-packages/airflow/example_dags/example_bash_decorator.py
[2026-06-03T06:14:19.831+0000] {logging_mixin.py:188} INFO - [2026-06-03T06:14:19.831+0000] {dag.py:3089} INFO - Sync 1 DAGs
[2026-06-03T06:14:19.842+0000] {logging_mixin.py:188} INFO - [2026-06-03T06:14:19.842+0000] {dag.py:3947} INFO - Setting next_dagrun for example_bash_decorator to None, run_after=None
[2026-06-03T06:14:19.856+0000] {processor.py:183} INFO - Processing /home/airflow/.local/lib/python3.12/site-packages/airflow/example_dags/example_bash_decorator.py took 0.061 seconds
[2026-06-03T06:14:50.171+0000] {processor.py:161} INFO - Started process (PID=1408) to work on /home/airflow/.local/lib/python3.12/site-packages/airflow/example_dags/example_bash_decorator.py
[2026-06-03T06:14:50.171+0000] {processor.py:830} INFO - Processing file /home/airflow/.local/lib/python3.12/site-packages/airflow/example_dags/example_bash_decorator.py for tasks to queue
[2026-06-03T06:14:50.173+0000] {logging_mixin.py:188} INFO - [2026-06-03T06:14:50.172+0000] {dagbag.py:545} INFO - Filling up the DagBag from /home/airflow/.local/lib/python3.12/site-packages/airflow/example_dags/example_bash_decorator.py
[2026-06-03T06:14:50.185+0000] {processor.py:840} INFO - DAG(s) 'example_bash_decorator' retrieved from /home/airflow/.local/lib/python3.12/site-packages/airflow/example_dags/example_bash_decorator.py
[2026-06-03T06:14:50.205+0000] {logging_mixin.py:188} INFO - [2026-06-03T06:14:50.205+0000] {dag.py:3089} INFO - Sync 1 DAGs
[2026-06-03T06:14:50.216+0000] {logging_mixin.py:188} INFO - [2026-06-03T06:14:50.216+0000] {dag.py:3947} INFO - Setting next_dagrun for example_bash_decorator to None, run_after=None
[2026-06-03T06:14:50.234+0000] {processor.py:183} INFO - Processing /home/airflow/.local/lib/python3.12/site-packages/airflow/example_dags/example_bash_decorator.py took 0.068 seconds
[2026-06-03T06:15:20.439+0000] {processor.py:161} INFO - Started process (PID=1466) to work on /home/airflow/.local/lib/python3.12/site-packages/airflow/example_dags/example_bash_decorator.py
[2026-06-03T06:15:20.441+0000] {processor.py:830} INFO - Processing file /home/airflow/.local/lib/python3.12/site-packages/airflow/example_dags/example_bash_decorator.py for tasks to queue
[2026-06-03T06:15:20.442+0000] {logging_mixin.py:188} INFO - [2026-06-03T06:15:20.442+0000] {dagbag.py:545} INFO - Filling up the DagBag from /home/airflow/.local/lib/python3.12/site-packages/airflow/example_dags/example_bash_decorator.py
[2026-06-03T06:15:20.453+0000] {processor.py:840} INFO - DAG(s) 'example_bash_decorator' retrieved from /home/airflow/.local/lib/python3.12/site-packages/airflow/example_dags/example_bash_decorator.py
[2026-06-03T06:15:20.473+0000] {logging_mixin.py:188} INFO - [2026-06-03T06:15:20.473+0000] {dag.py:3089} INFO - Sync 1 DAGs
[2026-06-03T06:15:20.483+0000] {logging_mixin.py:188} INFO - [2026-06-03T06:15:20.483+0000] {dag.py:3947} INFO - Setting next_dagrun for example_bash_decorator to None, run_after=None
[2026-06-03T06:15:20.500+0000] {processor.py:183} INFO - Processing /home/airflow/.local/lib/python3.12/site-packages/airflow/example_dags/example_bash_decorator.py took 0.066 seconds
[2026-06-03T06:15:50.907+0000] {processor.py:161} INFO - Started process (PID=1524) to work on /home/airflow/.local/lib/python3.12/site-packages/airflow/example_dags/example_bash_decorator.py
[2026-06-03T06:15:50.908+0000] {processor.py:830} INFO - Processing file /home/airflow/.local/lib/python3.12/site-packages/airflow/example_dags/example_bash_decorator.py for tasks to queue
[2026-06-03T06:15:50.909+0000] {logging_mixin.py:188} INFO - [2026-06-03T06:15:50.909+0000] {dagbag.py:545} INFO - Filling up the DagBag from /home/airflow/.local/lib/python3.12/site-packages/airflow/example_dags/example_bash_decorator.py
[2026-06-03T06:15:50.920+0000] {processor.py:840} INFO - DAG(s) 'example_bash_decorator' retrieved from /home/airflow/.local/lib/python3.12/site-packages/airflow/example_dags/example_bash_decorator.py
[2026-06-03T06:15:50.939+0000] {logging_mixin.py:188} INFO - [2026-06-03T06:15:50.938+0000] {dag.py:3089} INFO - Sync 1 DAGs
[2026-06-03T06:15:50.948+0000] {logging_mixin.py:188} INFO - [2026-06-03T06:15:50.948+0000] {dag.py:3947} INFO - Setting next_dagrun for example_bash_decorator to None, run_after=None
[2026-06-03T06:15:50.963+0000] {processor.py:183} INFO - Processing /home/airflow/.local/lib/python3.12/site-packages/airflow/example_dags/example_bash_decorator.py took 0.061 seconds
[2026-06-03T06:16:21.246+0000] {processor.py:161} INFO - Started process (PID=1582) to work on /home/airflow/.local/lib/python3.12/site-packages/airflow/example_dags/example_bash_decorator.py
[2026-06-03T06:16:21.247+0000] {processor.py:830} INFO - Processing file /home/airflow/.local/lib/python3.12/site-packages/airflow/example_dags/example_bash_decorator.py for tasks to queue
[2026-06-03T06:16:21.248+0000] {logging_mixin.py:188} INFO - [2026-06-03T06:16:21.248+0000] {dagbag.py:545} INFO - Filling up the DagBag from /home/airflow/.local/lib/python3.12/site-packages/airflow/example_dags/example_bash_decorator.py
[2026-06-03T06:16:21.259+0000] {processor.py:840} INFO - DAG(s) 'example_bash_decorator' retrieved from /home/airflow/.local/lib/python3.12/site-packages/airflow/example_dags/example_bash_decorator.py
[2026-06-03T06:16:21.278+0000] {logging_mixin.py:188} INFO - [2026-06-03T06:16:21.277+0000] {dag.py:3089} INFO - Sync 1 DAGs
[2026-06-03T06:16:21.288+0000] {logging_mixin.py:188} INFO - [2026-06-03T06:16:21.287+0000] {dag.py:3947} INFO - Setting next_dagrun for example_bash_decorator to None, run_after=None
[2026-06-03T06:16:21.302+0000] {processor.py:183} INFO - Processing /home/airflow/.local/lib/python3.12/site-packages/airflow/example_dags/example_bash_decorator.py took 0.060 seconds
[2026-06-03T06:16:51.601+0000] {processor.py:161} INFO - Started process (PID=1639) to work on /home/airflow/.local/lib/python3.12/site-packages/airflow/example_dags/example_bash_decorator.py
[2026-06-03T06:16:51.602+0000] {processor.py:830} INFO - Processing file /home/airflow/.local/lib/python3.12/site-packages/airflow/example_dags/example_bash_decorator.py for tasks to queue
[2026-06-03T06:16:51.603+0000] {logging_mixin.py:188} INFO - [2026-06-03T06:16:51.603+0000] {dagbag.py:545} INFO - Filling up the DagBag from /home/airflow/.local/lib/python3.12/site-packages/airflow/example_dags/example_bash_decorator.py
[2026-06-03T06:16:51.613+0000] {processor.py:840} INFO - DAG(s) 'example_bash_decorator' retrieved from /home/airflow/.local/lib/python3.12/site-packages/airflow/example_dags/example_bash_decorator.py
[2026-06-03T06:16:51.632+0000] {logging_mixin.py:188} INFO - [2026-06-03T06:16:51.632+0000] {dag.py:3089} INFO - Sync 1 DAGs
[2026-06-03T06:16:51.643+0000] {logging_mixin.py:188} INFO - [2026-06-03T06:16:51.642+0000] {dag.py:3947} INFO - Setting next_dagrun for example_bash_decorator to None, run_after=None
[2026-06-03T06:16:51.657+0000] {processor.py:183} INFO - Processing /home/airflow/.local/lib/python3.12/site-packages/airflow/example_dags/example_bash_decorator.py took 0.061 seconds
[2026-06-03T06:17:22.736+0000] {processor.py:161} INFO - Started process (PID=1697) to work on /home/airflow/.local/lib/python3.12/site-packages/airflow/example_dags/example_bash_decorator.py
[2026-06-03T06:17:22.736+0000] {processor.py:830} INFO - Processing file /home/airflow/.local/lib/python3.12/site-packages/airflow/example_dags/example_bash_decorator.py for tasks to queue
[2026-06-03T06:17:22.737+0000] {logging_mixin.py:188} INFO - [2026-06-03T06:17:22.737+0000] {dagbag.py:545} INFO - Filling up the DagBag from /home/airflow/.local/lib/python3.12/site-packages/airflow/example_dags/example_bash_decorator.py
[2026-06-03T06:17:22.748+0000] {processor.py:840} INFO - DAG(s) 'example_bash_decorator' retrieved from /home/airflow/.local/lib/python3.12/site-packages/airflow/example_dags/example_bash_decorator.py
[2026-06-03T06:17:22.767+0000] {logging_mixin.py:188} INFO - [2026-06-03T06:17:22.767+0000] {dag.py:3089} INFO - Sync 1 DAGs
[2026-06-03T06:17:22.777+0000] {logging_mixin.py:188} INFO - [2026-06-03T06:17:22.777+0000] {dag.py:3947} INFO - Setting next_dagrun for example_bash_decorator to None, run_after=None
[2026-06-03T06:17:22.791+0000] {processor.py:183} INFO - Processing /home/airflow/.local/lib/python3.12/site-packages/airflow/example_dags/example_bash_decorator.py took 0.060 seconds
[2026-06-03T06:17:53.729+0000] {processor.py:161} INFO - Started process (PID=1754) to work on /home/airflow/.local/lib/python3.12/site-packages/airflow/example_dags/example_bash_decorator.py
[2026-06-03T06:17:53.730+0000] {processor.py:830} INFO - Processing file /home/airflow/.local/lib/python3.12/site-packages/airflow/example_dags/example_bash_decorator.py for tasks to queue
[2026-06-03T06:17:53.731+0000] {logging_mixin.py:188} INFO - [2026-06-03T06:17:53.731+0000] {dagbag.py:545} INFO - Filling up the DagBag from /home/airflow/.local/lib/python3.12/site-packages/airflow/example_dags/example_bash_decorator.py
[2026-06-03T06:17:53.742+0000] {processor.py:840} INFO - DAG(s) 'example_bash_decorator' retrieved from /home/airflow/.local/lib/python3.12/site-packages/airflow/example_dags/example_bash_decorator.py
[2026-06-03T06:17:53.762+0000] {logging_mixin.py:188} INFO - [2026-06-03T06:17:53.761+0000] {dag.py:3089} INFO - Sync 1 DAGs
[2026-06-03T06:17:53.773+0000] {logging_mixin.py:188} INFO - [2026-06-03T06:17:53.773+0000] {dag.py:3947} INFO - Setting next_dagrun for example_bash_decorator to None, run_after=None
[2026-06-03T06:17:53.907+0000] {processor.py:183} INFO - Processing /home/airflow/.local/lib/python3.12/site-packages/airflow/example_dags/example_bash_decorator.py took 0.182 seconds
[2026-06-03T06:18:24.714+0000] {processor.py:161} INFO - Started process (PID=1812) to work on /home/airflow/.local/lib/python3.12/site-packages/airflow/example_dags/example_bash_decorator.py
[2026-06-03T06:18:24.715+0000] {processor.py:830} INFO - Processing file /home/airflow/.local/lib/python3.12/site-packages/airflow/example_dags/example_bash_decorator.py for tasks to queue
[2026-06-03T06:18:24.717+0000] {logging_mixin.py:188} INFO - [2026-06-03T06:18:24.717+0000] {dagbag.py:545} INFO - Filling up the DagBag from /home/airflow/.local/lib/python3.12/site-packages/airflow/example_dags/example_bash_decorator.py
[2026-06-03T06:18:24.727+0000] {processor.py:840} INFO - DAG(s) 'example_bash_decorator' retrieved from /home/airflow/.local/lib/python3.12/site-packages/airflow/example_dags/example_bash_decorator.py
[2026-06-03T06:18:24.746+0000] {logging_mixin.py:188} INFO - [2026-06-03T06:18:24.746+0000] {dag.py:3089} INFO - Sync 1 DAGs
[2026-06-03T06:18:24.756+0000] {logging_mixin.py:188} INFO - [2026-06-03T06:18:24.756+0000] {dag.py:3947} INFO - Setting next_dagrun for example_bash_decorator to None, run_after=None
[2026-06-03T06:18:24.771+0000] {processor.py:183} INFO - Processing /home/airflow/.local/lib/python3.12/site-packages/airflow/example_dags/example_bash_decorator.py took 0.061 seconds
[2026-06-03T06:18:54.879+0000] {processor.py:161} INFO - Started process (PID=1870) to work on /home/airflow/.local/lib/python3.12/site-packages/airflow/example_dags/example_bash_decorator.py
[2026-06-03T06:18:54.879+0000] {processor.py:830} INFO - Processing file /home/airflow/.local/lib/python3.12/site-packages/airflow/example_dags/example_bash_decorator.py for tasks to queue
[2026-06-03T06:18:54.881+0000] {logging_mixin.py:188} INFO - [2026-06-03T06:18:54.881+0000] {dagbag.py:545} INFO - Filling up the DagBag from /home/airflow/.local/lib/python3.12/site-packages/airflow/example_dags/example_bash_decorator.py
[2026-06-03T06:18:54.892+0000] {processor.py:840} INFO - DAG(s) 'example_bash_decorator' retrieved from /home/airflow/.local/lib/python3.12/site-packages/airflow/example_dags/example_bash_decorator.py
[2026-06-03T06:18:54.911+0000] {logging_mixin.py:188} INFO - [2026-06-03T06:18:54.910+0000] {dag.py:3089} INFO - Sync 1 DAGs
[2026-06-03T06:18:54.921+0000] {logging_mixin.py:188} INFO - [2026-06-03T06:18:54.920+0000] {dag.py:3947} INFO - Setting next_dagrun for example_bash_decorator to None, run_after=None
[2026-06-03T06:18:54.936+0000] {processor.py:183} INFO - Processing /home/airflow/.local/lib/python3.12/site-packages/airflow/example_dags/example_bash_decorator.py took 0.062 seconds
[2026-06-03T06:19:25.828+0000] {processor.py:161} INFO - Started process (PID=1928) to work on /home/airflow/.local/lib/python3.12/site-packages/airflow/example_dags/example_bash_decorator.py
[2026-06-03T06:19:25.833+0000] {processor.py:830} INFO - Processing file /home/airflow/.local/lib/python3.12/site-packages/airflow/example_dags/example_bash_decorator.py for tasks to queue
[2026-06-03T06:19:25.834+0000] {logging_mixin.py:188} INFO - [2026-06-03T06:19:25.834+0000] {dagbag.py:545} INFO - Filling up the DagBag from /home/airflow/.local/lib/python3.12/site-packages/airflow/example_dags/example_bash_decorator.py
[2026-06-03T06:19:25.845+0000] {processor.py:840} INFO - DAG(s) 'example_bash_decorator' retrieved from /home/airflow/.local/lib/python3.12/site-packages/airflow/example_dags/example_bash_decorator.py
[2026-06-03T06:19:25.864+0000] {logging_mixin.py:188} INFO - [2026-06-03T06:19:25.863+0000] {dag.py:3089} INFO - Sync 1 DAGs
[2026-06-03T06:19:25.874+0000] {logging_mixin.py:188} INFO - [2026-06-03T06:19:25.874+0000] {dag.py:3947} INFO - Setting next_dagrun for example_bash_decorator to None, run_after=None
[2026-06-03T06:19:25.889+0000] {processor.py:183} INFO - Processing /home/airflow/.local/lib/python3.12/site-packages/airflow/example_dags/example_bash_decorator.py took 0.066 seconds
[2026-06-03T06:19:57.044+0000] {processor.py:161} INFO - Started process (PID=1986) to work on /home/airflow/.local/lib/python3.12/site-packages/airflow/example_dags/example_bash_decorator.py
[2026-06-03T06:19:57.044+0000] {processor.py:830} INFO - Processing file /home/airflow/.local/lib/python3.12/site-packages/airflow/example_dags/example_bash_decorator.py for tasks to queue
[2026-06-03T06:19:57.046+0000] {logging_mixin.py:188} INFO - [2026-06-03T06:19:57.045+0000] {dagbag.py:545} INFO - Filling up the DagBag from /home/airflow/.local/lib/python3.12/site-packages/airflow/example_dags/example_bash_decorator.py
[2026-06-03T06:19:57.056+0000] {processor.py:840} INFO - DAG(s) 'example_bash_decorator' retrieved from /home/airflow/.local/lib/python3.12/site-packages/airflow/example_dags/example_bash_decorator.py
[2026-06-03T06:19:57.191+0000] {logging_mixin.py:188} INFO - [2026-06-03T06:19:57.191+0000] {dag.py:3089} INFO - Sync 1 DAGs
[2026-06-03T06:19:57.200+0000] {logging_mixin.py:188} INFO - [2026-06-03T06:19:57.199+0000] {dag.py:3947} INFO - Setting next_dagrun for example_bash_decorator to None, run_after=None
[2026-06-03T06:19:57.213+0000] {processor.py:183} INFO - Processing /home/airflow/.local/lib/python3.12/site-packages/airflow/example_dags/example_bash_decorator.py took 0.174 seconds
[2026-06-03T06:20:27.639+0000] {processor.py:161} INFO - Started process (PID=2044) to work on /home/airflow/.local/lib/python3.12/site-packages/airflow/example_dags/example_bash_decorator.py
[2026-06-03T06:20:27.640+0000] {processor.py:830} INFO - Processing file /home/airflow/.local/lib/python3.12/site-packages/airflow/example_dags/example_bash_decorator.py for tasks to queue
[2026-06-03T06:20:27.641+0000] {logging_mixin.py:188} INFO - [2026-06-03T06:20:27.641+0000] {dagbag.py:545} INFO - Filling up the DagBag from /home/airflow/.local/lib/python3.12/site-packages/airflow/example_dags/example_bash_decorator.py
[2026-06-03T06:20:27.652+0000] {processor.py:840} INFO - DAG(s) 'example_bash_decorator' retrieved from /home/airflow/.local/lib/python3.12/site-packages/airflow/example_dags/example_bash_decorator.py
[2026-06-03T06:20:27.672+0000] {logging_mixin.py:188} INFO - [2026-06-03T06:20:27.672+0000] {dag.py:3089} INFO - Sync 1 DAGs
[2026-06-03T06:20:27.682+0000] {logging_mixin.py:188} INFO - [2026-06-03T06:20:27.682+0000] {dag.py:3947} INFO - Setting next_dagrun for example_bash_decorator to None, run_after=None
[2026-06-03T06:20:27.697+0000] {processor.py:183} INFO - Processing /home/airflow/.local/lib/python3.12/site-packages/airflow/example_dags/example_bash_decorator.py took 0.063 seconds
[2026-06-03T06:20:57.896+0000] {processor.py:161} INFO - Started process (PID=2102) to work on /home/airflow/.local/lib/python3.12/site-packages/airflow/example_dags/example_bash_decorator.py
[2026-06-03T06:20:57.897+0000] {processor.py:830} INFO - Processing file /home/airflow/.local/lib/python3.12/site-packages/airflow/example_dags/example_bash_decorator.py for tasks to queue
[2026-06-03T06:20:57.898+0000] {logging_mixin.py:188} INFO - [2026-06-03T06:20:57.898+0000] {dagbag.py:545} INFO - Filling up the DagBag from /home/airflow/.local/lib/python3.12/site-packages/airflow/example_dags/example_bash_decorator.py
[2026-06-03T06:20:57.909+0000] {processor.py:840} INFO - DAG(s) 'example_bash_decorator' retrieved from /home/airflow/.local/lib/python3.12/site-packages/airflow/example_dags/example_bash_decorator.py
[2026-06-03T06:20:57.928+0000] {logging_mixin.py:188} INFO - [2026-06-03T06:20:57.928+0000] {dag.py:3089} INFO - Sync 1 DAGs
[2026-06-03T06:20:57.938+0000] {logging_mixin.py:188} INFO - [2026-06-03T06:20:57.938+0000] {dag.py:3947} INFO - Setting next_dagrun for example_bash_decorator to None, run_after=None
[2026-06-03T06:20:57.952+0000] {processor.py:183} INFO - Processing /home/airflow/.local/lib/python3.12/site-packages/airflow/example_dags/example_bash_decorator.py took 0.061 seconds
[2026-06-03T06:21:28.314+0000] {processor.py:161} INFO - Started process (PID=2160) to work on /home/airflow/.local/lib/python3.12/site-packages/airflow/example_dags/example_bash_decorator.py
[2026-06-03T06:21:28.315+0000] {processor.py:830} INFO - Processing file /home/airflow/.local/lib/python3.12/site-packages/airflow/example_dags/example_bash_decorator.py for tasks to queue
[2026-06-03T06:21:28.316+0000] {logging_mixin.py:188} INFO - [2026-06-03T06:21:28.316+0000] {dagbag.py:545} INFO - Filling up the DagBag from /home/airflow/.local/lib/python3.12/site-packages/airflow/example_dags/example_bash_decorator.py
[2026-06-03T06:21:28.327+0000] {processor.py:840} INFO - DAG(s) 'example_bash_decorator' retrieved from /home/airflow/.local/lib/python3.12/site-packages/airflow/example_dags/example_bash_decorator.py
[2026-06-03T06:21:28.346+0000] {logging_mixin.py:188} INFO - [2026-06-03T06:21:28.346+0000] {dag.py:3089} INFO - Sync 1 DAGs
[2026-06-03T06:21:28.356+0000] {logging_mixin.py:188} INFO - [2026-06-03T06:21:28.356+0000] {dag.py:3947} INFO - Setting next_dagrun for example_bash_decorator to None, run_after=None
[2026-06-03T06:21:28.373+0000] {processor.py:183} INFO - Processing /home/airflow/.local/lib/python3.12/site-packages/airflow/example_dags/example_bash_decorator.py took 0.064 seconds
[2026-06-03T06:21:58.897+0000] {processor.py:161} INFO - Started process (PID=2218) to work on /home/airflow/.local/lib/python3.12/site-packages/airflow/example_dags/example_bash_decorator.py
[2026-06-03T06:21:58.932+0000] {processor.py:830} INFO - Processing file /home/airflow/.local/lib/python3.12/site-packages/airflow/example_dags/example_bash_decorator.py for tasks to queue
[2026-06-03T06:21:58.934+0000] {logging_mixin.py:188} INFO - [2026-06-03T06:21:58.934+0000] {dagbag.py:545} INFO - Filling up the DagBag from /home/airflow/.local/lib/python3.12/site-packages/airflow/example_dags/example_bash_decorator.py
[2026-06-03T06:21:58.945+0000] {processor.py:840} INFO - DAG(s) 'example_bash_decorator' retrieved from /home/airflow/.local/lib/python3.12/site-packages/airflow/example_dags/example_bash_decorator.py
[2026-06-03T06:21:58.965+0000] {logging_mixin.py:188} INFO - [2026-06-03T06:21:58.964+0000] {dag.py:3089} INFO - Sync 1 DAGs
[2026-06-03T06:21:58.975+0000] {logging_mixin.py:188} INFO - [2026-06-03T06:21:58.975+0000] {dag.py:3947} INFO - Setting next_dagrun for example_bash_decorator to None, run_after=None
[2026-06-03T06:21:58.991+0000] {processor.py:183} INFO - Processing /home/airflow/.local/lib/python3.12/site-packages/airflow/example_dags/example_bash_decorator.py took 0.099 seconds
[2026-06-03T06:22:38.935+0000] {processor.py:161} INFO - Started process (PID=2277) to work on /home/airflow/.local/lib/python3.12/site-packages/airflow/example_dags/example_bash_decorator.py
[2026-06-03T06:22:38.936+0000] {processor.py:830} INFO - Processing file /home/airflow/.local/lib/python3.12/site-packages/airflow/example_dags/example_bash_decorator.py for tasks to queue
[2026-06-03T06:22:38.937+0000] {logging_mixin.py:188} INFO - [2026-06-03T06:22:38.937+0000] {dagbag.py:545} INFO - Filling up the DagBag from /home/airflow/.local/lib/python3.12/site-packages/airflow/example_dags/example_bash_decorator.py
[2026-06-03T06:22:38.949+0000] {processor.py:840} INFO - DAG(s) 'example_bash_decorator' retrieved from /home/airflow/.local/lib/python3.12/site-packages/airflow/example_dags/example_bash_decorator.py
[2026-06-03T06:22:38.972+0000] {logging_mixin.py:188} INFO - [2026-06-03T06:22:38.971+0000] {dag.py:3089} INFO - Sync 1 DAGs
[2026-06-03T06:22:38.984+0000] {logging_mixin.py:188} INFO - [2026-06-03T06:22:38.984+0000] {dag.py:3947} INFO - Setting next_dagrun for example_bash_decorator to None, run_after=None
[2026-06-03T06:22:39.002+0000] {processor.py:183} INFO - Processing /home/airflow/.local/lib/python3.12/site-packages/airflow/example_dags/example_bash_decorator.py took 0.072 seconds
[2026-06-03T06:23:09.310+0000] {processor.py:161} INFO - Started process (PID=2335) to work on /home/airflow/.local/lib/python3.12/site-packages/airflow/example_dags/example_bash_decorator.py
[2026-06-03T06:23:09.311+0000] {processor.py:830} INFO - Processing file /home/airflow/.local/lib/python3.12/site-packages/airflow/example_dags/example_bash_decorator.py for tasks to queue
[2026-06-03T06:23:09.312+0000] {logging_mixin.py:188} INFO - [2026-06-03T06:23:09.312+0000] {dagbag.py:545} INFO - Filling up the DagBag from /home/airflow/.local/lib/python3.12/site-packages/airflow/example_dags/example_bash_decorator.py
[2026-06-03T06:23:09.324+0000] {processor.py:840} INFO - DAG(s) 'example_bash_decorator' retrieved from /home/airflow/.local/lib/python3.12/site-packages/airflow/example_dags/example_bash_decorator.py
[2026-06-03T06:23:09.343+0000] {logging_mixin.py:188} INFO - [2026-06-03T06:23:09.343+0000] {dag.py:3089} INFO - Sync 1 DAGs
[2026-06-03T06:23:09.353+0000] {logging_mixin.py:188} INFO - [2026-06-03T06:23:09.353+0000] {dag.py:3947} INFO - Setting next_dagrun for example_bash_decorator to None, run_after=None
[2026-06-03T06:23:09.368+0000] {processor.py:183} INFO - Processing /home/airflow/.local/lib/python3.12/site-packages/airflow/example_dags/example_bash_decorator.py took 0.063 seconds
[2026-06-03T06:23:39.671+0000] {processor.py:161} INFO - Started process (PID=2393) to work on /home/airflow/.local/lib/python3.12/site-packages/airflow/example_dags/example_bash_decorator.py
[2026-06-03T06:23:39.672+0000] {processor.py:830} INFO - Processing file /home/airflow/.local/lib/python3.12/site-packages/airflow/example_dags/example_bash_decorator.py for tasks to queue
[2026-06-03T06:23:39.673+0000] {logging_mixin.py:188} INFO - [2026-06-03T06:23:39.673+0000] {dagbag.py:545} INFO - Filling up the DagBag from /home/airflow/.local/lib/python3.12/site-packages/airflow/example_dags/example_bash_decorator.py
[2026-06-03T06:23:39.684+0000] {processor.py:840} INFO - DAG(s) 'example_bash_decorator' retrieved from /home/airflow/.local/lib/python3.12/site-packages/airflow/example_dags/example_bash_decorator.py
[2026-06-03T06:23:39.703+0000] {logging_mixin.py:188} INFO - [2026-06-03T06:23:39.702+0000] {dag.py:3089} INFO - Sync 1 DAGs
[2026-06-03T06:23:39.714+0000] {logging_mixin.py:188} INFO - [2026-06-03T06:23:39.713+0000] {dag.py:3947} INFO - Setting next_dagrun for example_bash_decorator to None, run_after=None
[2026-06-03T06:23:39.729+0000] {processor.py:183} INFO - Processing /home/airflow/.local/lib/python3.12/site-packages/airflow/example_dags/example_bash_decorator.py took 0.062 seconds
[2026-06-03T06:24:10.131+0000] {processor.py:161} INFO - Started process (PID=2451) to work on /home/airflow/.local/lib/python3.12/site-packages/airflow/example_dags/example_bash_decorator.py
[2026-06-03T06:24:10.132+0000] {processor.py:830} INFO - Processing file /home/airflow/.local/lib/python3.12/site-packages/airflow/example_dags/example_bash_decorator.py for tasks to queue
[2026-06-03T06:24:10.133+0000] {logging_mixin.py:188} INFO - [2026-06-03T06:24:10.133+0000] {dagbag.py:545} INFO - Filling up the DagBag from /home/airflow/.local/lib/python3.12/site-packages/airflow/example_dags/example_bash_decorator.py
[2026-06-03T06:24:10.144+0000] {processor.py:840} INFO - DAG(s) 'example_bash_decorator' retrieved from /home/airflow/.local/lib/python3.12/site-packages/airflow/example_dags/example_bash_decorator.py
[2026-06-03T06:24:10.163+0000] {logging_mixin.py:188} INFO - [2026-06-03T06:24:10.162+0000] {dag.py:3089} INFO - Sync 1 DAGs
[2026-06-03T06:24:10.173+0000] {logging_mixin.py:188} INFO - [2026-06-03T06:24:10.173+0000] {dag.py:3947} INFO - Setting next_dagrun for example_bash_decorator to None, run_after=None
[2026-06-03T06:24:10.188+0000] {processor.py:183} INFO - Processing /home/airflow/.local/lib/python3.12/site-packages/airflow/example_dags/example_bash_decorator.py took 0.062 seconds
[2026-06-03T06:24:40.640+0000] {processor.py:161} INFO - Started process (PID=2509) to work on /home/airflow/.local/lib/python3.12/site-packages/airflow/example_dags/example_bash_decorator.py
[2026-06-03T06:24:40.641+0000] {processor.py:830} INFO - Processing file /home/airflow/.local/lib/python3.12/site-packages/airflow/example_dags/example_bash_decorator.py for tasks to queue
[2026-06-03T06:24:40.642+0000] {logging_mixin.py:188} INFO - [2026-06-03T06:24:40.642+0000] {dagbag.py:545} INFO - Filling up the DagBag from /home/airflow/.local/lib/python3.12/site-packages/airflow/example_dags/example_bash_decorator.py
[2026-06-03T06:24:40.653+0000] {processor.py:840} INFO - DAG(s) 'example_bash_decorator' retrieved from /home/airflow/.local/lib/python3.12/site-packages/airflow/example_dags/example_bash_decorator.py
[2026-06-03T06:24:40.671+0000] {logging_mixin.py:188} INFO - [2026-06-03T06:24:40.671+0000] {dag.py:3089} INFO - Sync 1 DAGs
[2026-06-03T06:24:40.681+0000] {logging_mixin.py:188} INFO - [2026-06-03T06:24:40.681+0000] {dag.py:3947} INFO - Setting next_dagrun for example_bash_decorator to None, run_after=None
[2026-06-03T06:24:40.695+0000] {processor.py:183} INFO - Processing /home/airflow/.local/lib/python3.12/site-packages/airflow/example_dags/example_bash_decorator.py took 0.060 seconds
[2026-06-03T06:25:11.154+0000] {processor.py:161} INFO - Started process (PID=2567) to work on /home/airflow/.local/lib/python3.12/site-packages/airflow/example_dags/example_bash_decorator.py
[2026-06-03T06:25:11.155+0000] {processor.py:830} INFO - Processing file /home/airflow/.local/lib/python3.12/site-packages/airflow/example_dags/example_bash_decorator.py for tasks to queue
[2026-06-03T06:25:11.156+0000] {logging_mixin.py:188} INFO - [2026-06-03T06:25:11.156+0000] {dagbag.py:545} INFO - Filling up the DagBag from /home/airflow/.local/lib/python3.12/site-packages/airflow/example_dags/example_bash_decorator.py
[2026-06-03T06:25:11.167+0000] {processor.py:840} INFO - DAG(s) 'example_bash_decorator' retrieved from /home/airflow/.local/lib/python3.12/site-packages/airflow/example_dags/example_bash_decorator.py
[2026-06-03T06:25:11.186+0000] {logging_mixin.py:188} INFO - [2026-06-03T06:25:11.186+0000] {dag.py:3089} INFO - Sync 1 DAGs
[2026-06-03T06:25:11.197+0000] {logging_mixin.py:188} INFO - [2026-06-03T06:25:11.196+0000] {dag.py:3947} INFO - Setting next_dagrun for example_bash_decorator to None, run_after=None
[2026-06-03T06:25:11.218+0000] {processor.py:183} INFO - Processing /home/airflow/.local/lib/python3.12/site-packages/airflow/example_dags/example_bash_decorator.py took 0.069 seconds
[2026-06-03T06:25:41.458+0000] {processor.py:161} INFO - Started process (PID=2625) to work on /home/airflow/.local/lib/python3.12/site-packages/airflow/example_dags/example_bash_decorator.py
[2026-06-03T06:25:41.459+0000] {processor.py:830} INFO - Processing file /home/airflow/.local/lib/python3.12/site-packages/airflow/example_dags/example_bash_decorator.py for tasks to queue
[2026-06-03T06:25:41.460+0000] {logging_mixin.py:188} INFO - [2026-06-03T06:25:41.460+0000] {dagbag.py:545} INFO - Filling up the DagBag from /home/airflow/.local/lib/python3.12/site-packages/airflow/example_dags/example_bash_decorator.py
[2026-06-03T06:25:41.471+0000] {processor.py:840} INFO - DAG(s) 'example_bash_decorator' retrieved from /home/airflow/.local/lib/python3.12/site-packages/airflow/example_dags/example_bash_decorator.py
[2026-06-03T06:25:41.490+0000] {logging_mixin.py:188} INFO - [2026-06-03T06:25:41.490+0000] {dag.py:3089} INFO - Sync 1 DAGs
[2026-06-03T06:25:41.500+0000] {logging_mixin.py:188} INFO - [2026-06-03T06:25:41.500+0000] {dag.py:3947} INFO - Setting next_dagrun for example_bash_decorator to None, run_after=None
[2026-06-03T06:25:41.517+0000] {processor.py:183} INFO - Processing /home/airflow/.local/lib/python3.12/site-packages/airflow/example_dags/example_bash_decorator.py took 0.063 seconds
[2026-06-03T06:26:11.832+0000] {processor.py:161} INFO - Started process (PID=2682) to work on /home/airflow/.local/lib/python3.12/site-packages/airflow/example_dags/example_bash_decorator.py
[2026-06-03T06:26:11.833+0000] {processor.py:830} INFO - Processing file /home/airflow/.local/lib/python3.12/site-packages/airflow/example_dags/example_bash_decorator.py for tasks to queue
[2026-06-03T06:26:11.835+0000] {logging_mixin.py:188} INFO - [2026-06-03T06:26:11.834+0000] {dagbag.py:545} INFO - Filling up the DagBag from /home/airflow/.local/lib/python3.12/site-packages/airflow/example_dags/example_bash_decorator.py
[2026-06-03T06:26:11.845+0000] {processor.py:840} INFO - DAG(s) 'example_bash_decorator' retrieved from /home/airflow/.local/lib/python3.12/site-packages/airflow/example_dags/example_bash_decorator.py
[2026-06-03T06:26:11.864+0000] {logging_mixin.py:188} INFO - [2026-06-03T06:26:11.864+0000] {dag.py:3089} INFO - Sync 1 DAGs
[2026-06-03T06:26:11.875+0000] {logging_mixin.py:188} INFO - [2026-06-03T06:26:11.875+0000] {dag.py:3947} INFO - Setting next_dagrun for example_bash_decorator to None, run_after=None
[2026-06-03T06:26:11.890+0000] {processor.py:183} INFO - Processing /home/airflow/.local/lib/python3.12/site-packages/airflow/example_dags/example_bash_decorator.py took 0.062 seconds
[2026-06-03T06:26:42.215+0000] {processor.py:161} INFO - Started process (PID=2740) to work on /home/airflow/.local/lib/python3.12/site-packages/airflow/example_dags/example_bash_decorator.py
[2026-06-03T06:26:42.215+0000] {processor.py:830} INFO - Processing file /home/airflow/.local/lib/python3.12/site-packages/airflow/example_dags/example_bash_decorator.py for tasks to queue
[2026-06-03T06:26:42.217+0000] {logging_mixin.py:188} INFO - [2026-06-03T06:26:42.216+0000] {dagbag.py:545} INFO - Filling up the DagBag from /home/airflow/.local/lib/python3.12/site-packages/airflow/example_dags/example_bash_decorator.py
[2026-06-03T06:26:42.228+0000] {processor.py:840} INFO - DAG(s) 'example_bash_decorator' retrieved from /home/airflow/.local/lib/python3.12/site-packages/airflow/example_dags/example_bash_decorator.py
[2026-06-03T06:26:42.247+0000] {logging_mixin.py:188} INFO - [2026-06-03T06:26:42.247+0000] {dag.py:3089} INFO - Sync 1 DAGs
[2026-06-03T06:26:42.257+0000] {logging_mixin.py:188} INFO - [2026-06-03T06:26:42.257+0000] {dag.py:3947} INFO - Setting next_dagrun for example_bash_decorator to None, run_after=None
[2026-06-03T06:26:42.272+0000] {processor.py:183} INFO - Processing /home/airflow/.local/lib/python3.12/site-packages/airflow/example_dags/example_bash_decorator.py took 0.063 seconds
