[2026-06-03T06:03:08.364+0000] {processor.py:161} INFO - Started process (PID=64) to work on /home/airflow/.local/lib/python3.12/site-packages/airflow/example_dags/example_task_group_decorator.py
[2026-06-03T06:03:08.364+0000] {processor.py:830} INFO - Processing file /home/airflow/.local/lib/python3.12/site-packages/airflow/example_dags/example_task_group_decorator.py for tasks to queue
[2026-06-03T06:03:08.366+0000] {logging_mixin.py:188} INFO - [2026-06-03T06:03:08.366+0000] {dagbag.py:545} INFO - Filling up the DagBag from /home/airflow/.local/lib/python3.12/site-packages/airflow/example_dags/example_task_group_decorator.py
[2026-06-03T06:03:08.383+0000] {processor.py:840} INFO - DAG(s) 'example_task_group_decorator' retrieved from /home/airflow/.local/lib/python3.12/site-packages/airflow/example_dags/example_task_group_decorator.py
[2026-06-03T06:03:08.406+0000] {logging_mixin.py:188} INFO - [2026-06-03T06:03:08.406+0000] {dag.py:3089} INFO - Sync 1 DAGs
[2026-06-03T06:03:08.426+0000] {logging_mixin.py:188} INFO - [2026-06-03T06:03:08.426+0000] {dag.py:3947} INFO - Setting next_dagrun for example_task_group_decorator to 2026-06-02 00:00:00+00:00, run_after=2026-06-03 00:00:00+00:00
[2026-06-03T06:03:08.443+0000] {processor.py:183} INFO - Processing /home/airflow/.local/lib/python3.12/site-packages/airflow/example_dags/example_task_group_decorator.py took 0.085 seconds
[2026-06-03T06:03:39.366+0000] {processor.py:161} INFO - Started process (PID=122) to work on /home/airflow/.local/lib/python3.12/site-packages/airflow/example_dags/example_task_group_decorator.py
[2026-06-03T06:03:39.367+0000] {processor.py:830} INFO - Processing file /home/airflow/.local/lib/python3.12/site-packages/airflow/example_dags/example_task_group_decorator.py for tasks to queue
[2026-06-03T06:03:39.368+0000] {logging_mixin.py:188} INFO - [2026-06-03T06:03:39.368+0000] {dagbag.py:545} INFO - Filling up the DagBag from /home/airflow/.local/lib/python3.12/site-packages/airflow/example_dags/example_task_group_decorator.py
[2026-06-03T06:03:39.380+0000] {processor.py:840} INFO - DAG(s) 'example_task_group_decorator' retrieved from /home/airflow/.local/lib/python3.12/site-packages/airflow/example_dags/example_task_group_decorator.py
[2026-06-03T06:03:39.400+0000] {logging_mixin.py:188} INFO - [2026-06-03T06:03:39.400+0000] {dag.py:3089} INFO - Sync 1 DAGs
[2026-06-03T06:03:39.419+0000] {logging_mixin.py:188} INFO - [2026-06-03T06:03:39.419+0000] {dag.py:3947} INFO - Setting next_dagrun for example_task_group_decorator to 2026-06-02 00:00:00+00:00, run_after=2026-06-03 00:00:00+00:00
[2026-06-03T06:03:39.435+0000] {processor.py:183} INFO - Processing /home/airflow/.local/lib/python3.12/site-packages/airflow/example_dags/example_task_group_decorator.py took 0.073 seconds
[2026-06-03T06:04:09.645+0000] {processor.py:161} INFO - Started process (PID=180) to work on /home/airflow/.local/lib/python3.12/site-packages/airflow/example_dags/example_task_group_decorator.py
[2026-06-03T06:04:09.647+0000] {processor.py:830} INFO - Processing file /home/airflow/.local/lib/python3.12/site-packages/airflow/example_dags/example_task_group_decorator.py for tasks to queue
[2026-06-03T06:04:09.648+0000] {logging_mixin.py:188} INFO - [2026-06-03T06:04:09.648+0000] {dagbag.py:545} INFO - Filling up the DagBag from /home/airflow/.local/lib/python3.12/site-packages/airflow/example_dags/example_task_group_decorator.py
[2026-06-03T06:04:09.660+0000] {processor.py:840} INFO - DAG(s) 'example_task_group_decorator' retrieved from /home/airflow/.local/lib/python3.12/site-packages/airflow/example_dags/example_task_group_decorator.py
[2026-06-03T06:04:09.680+0000] {logging_mixin.py:188} INFO - [2026-06-03T06:04:09.680+0000] {dag.py:3089} INFO - Sync 1 DAGs
[2026-06-03T06:04:09.698+0000] {logging_mixin.py:188} INFO - [2026-06-03T06:04:09.698+0000] {dag.py:3947} INFO - Setting next_dagrun for example_task_group_decorator to 2026-06-02 00:00:00+00:00, run_after=2026-06-03 00:00:00+00:00
[2026-06-03T06:04:09.715+0000] {processor.py:183} INFO - Processing /home/airflow/.local/lib/python3.12/site-packages/airflow/example_dags/example_task_group_decorator.py took 0.074 seconds
[2026-06-03T06:04:39.880+0000] {processor.py:161} INFO - Started process (PID=238) to work on /home/airflow/.local/lib/python3.12/site-packages/airflow/example_dags/example_task_group_decorator.py
[2026-06-03T06:04:39.881+0000] {processor.py:830} INFO - Processing file /home/airflow/.local/lib/python3.12/site-packages/airflow/example_dags/example_task_group_decorator.py for tasks to queue
[2026-06-03T06:04:39.882+0000] {logging_mixin.py:188} INFO - [2026-06-03T06:04:39.882+0000] {dagbag.py:545} INFO - Filling up the DagBag from /home/airflow/.local/lib/python3.12/site-packages/airflow/example_dags/example_task_group_decorator.py
[2026-06-03T06:04:39.895+0000] {processor.py:840} INFO - DAG(s) 'example_task_group_decorator' retrieved from /home/airflow/.local/lib/python3.12/site-packages/airflow/example_dags/example_task_group_decorator.py
[2026-06-03T06:04:39.918+0000] {logging_mixin.py:188} INFO - [2026-06-03T06:04:39.918+0000] {dag.py:3089} INFO - Sync 1 DAGs
[2026-06-03T06:04:39.938+0000] {logging_mixin.py:188} INFO - [2026-06-03T06:04:39.937+0000] {dag.py:3947} INFO - Setting next_dagrun for example_task_group_decorator to 2026-06-02 00:00:00+00:00, run_after=2026-06-03 00:00:00+00:00
[2026-06-03T06:04:39.953+0000] {processor.py:183} INFO - Processing /home/airflow/.local/lib/python3.12/site-packages/airflow/example_dags/example_task_group_decorator.py took 0.078 seconds
[2026-06-03T06:05:10.496+0000] {processor.py:161} INFO - Started process (PID=296) to work on /home/airflow/.local/lib/python3.12/site-packages/airflow/example_dags/example_task_group_decorator.py
[2026-06-03T06:05:10.497+0000] {processor.py:830} INFO - Processing file /home/airflow/.local/lib/python3.12/site-packages/airflow/example_dags/example_task_group_decorator.py for tasks to queue
[2026-06-03T06:05:10.499+0000] {logging_mixin.py:188} INFO - [2026-06-03T06:05:10.498+0000] {dagbag.py:545} INFO - Filling up the DagBag from /home/airflow/.local/lib/python3.12/site-packages/airflow/example_dags/example_task_group_decorator.py
[2026-06-03T06:05:10.510+0000] {processor.py:840} INFO - DAG(s) 'example_task_group_decorator' retrieved from /home/airflow/.local/lib/python3.12/site-packages/airflow/example_dags/example_task_group_decorator.py
[2026-06-03T06:05:10.531+0000] {logging_mixin.py:188} INFO - [2026-06-03T06:05:10.531+0000] {dag.py:3089} INFO - Sync 1 DAGs
[2026-06-03T06:05:10.550+0000] {logging_mixin.py:188} INFO - [2026-06-03T06:05:10.549+0000] {dag.py:3947} INFO - Setting next_dagrun for example_task_group_decorator to 2026-06-02 00:00:00+00:00, run_after=2026-06-03 00:00:00+00:00
[2026-06-03T06:05:10.565+0000] {processor.py:183} INFO - Processing /home/airflow/.local/lib/python3.12/site-packages/airflow/example_dags/example_task_group_decorator.py took 0.074 seconds
[2026-06-03T06:05:40.903+0000] {processor.py:161} INFO - Started process (PID=354) to work on /home/airflow/.local/lib/python3.12/site-packages/airflow/example_dags/example_task_group_decorator.py
[2026-06-03T06:05:40.905+0000] {processor.py:830} INFO - Processing file /home/airflow/.local/lib/python3.12/site-packages/airflow/example_dags/example_task_group_decorator.py for tasks to queue
[2026-06-03T06:05:40.907+0000] {logging_mixin.py:188} INFO - [2026-06-03T06:05:40.906+0000] {dagbag.py:545} INFO - Filling up the DagBag from /home/airflow/.local/lib/python3.12/site-packages/airflow/example_dags/example_task_group_decorator.py
[2026-06-03T06:05:40.921+0000] {processor.py:840} INFO - DAG(s) 'example_task_group_decorator' retrieved from /home/airflow/.local/lib/python3.12/site-packages/airflow/example_dags/example_task_group_decorator.py
[2026-06-03T06:05:40.941+0000] {logging_mixin.py:188} INFO - [2026-06-03T06:05:40.941+0000] {dag.py:3089} INFO - Sync 1 DAGs
[2026-06-03T06:05:40.961+0000] {logging_mixin.py:188} INFO - [2026-06-03T06:05:40.960+0000] {dag.py:3947} INFO - Setting next_dagrun for example_task_group_decorator to 2026-06-02 00:00:00+00:00, run_after=2026-06-03 00:00:00+00:00
[2026-06-03T06:05:40.976+0000] {processor.py:183} INFO - Processing /home/airflow/.local/lib/python3.12/site-packages/airflow/example_dags/example_task_group_decorator.py took 0.080 seconds
[2026-06-03T06:06:11.660+0000] {processor.py:161} INFO - Started process (PID=412) to work on /home/airflow/.local/lib/python3.12/site-packages/airflow/example_dags/example_task_group_decorator.py
[2026-06-03T06:06:11.661+0000] {processor.py:830} INFO - Processing file /home/airflow/.local/lib/python3.12/site-packages/airflow/example_dags/example_task_group_decorator.py for tasks to queue
[2026-06-03T06:06:11.662+0000] {logging_mixin.py:188} INFO - [2026-06-03T06:06:11.662+0000] {dagbag.py:545} INFO - Filling up the DagBag from /home/airflow/.local/lib/python3.12/site-packages/airflow/example_dags/example_task_group_decorator.py
[2026-06-03T06:06:11.678+0000] {processor.py:840} INFO - DAG(s) 'example_task_group_decorator' retrieved from /home/airflow/.local/lib/python3.12/site-packages/airflow/example_dags/example_task_group_decorator.py
[2026-06-03T06:06:11.707+0000] {logging_mixin.py:188} INFO - [2026-06-03T06:06:11.707+0000] {dag.py:3089} INFO - Sync 1 DAGs
[2026-06-03T06:06:11.730+0000] {logging_mixin.py:188} INFO - [2026-06-03T06:06:11.730+0000] {dag.py:3947} INFO - Setting next_dagrun for example_task_group_decorator to 2026-06-02 00:00:00+00:00, run_after=2026-06-03 00:00:00+00:00
[2026-06-03T06:06:11.785+0000] {processor.py:183} INFO - Processing /home/airflow/.local/lib/python3.12/site-packages/airflow/example_dags/example_task_group_decorator.py took 0.132 seconds
[2026-06-03T06:06:42.438+0000] {processor.py:161} INFO - Started process (PID=470) to work on /home/airflow/.local/lib/python3.12/site-packages/airflow/example_dags/example_task_group_decorator.py
[2026-06-03T06:06:42.440+0000] {processor.py:830} INFO - Processing file /home/airflow/.local/lib/python3.12/site-packages/airflow/example_dags/example_task_group_decorator.py for tasks to queue
[2026-06-03T06:06:42.441+0000] {logging_mixin.py:188} INFO - [2026-06-03T06:06:42.441+0000] {dagbag.py:545} INFO - Filling up the DagBag from /home/airflow/.local/lib/python3.12/site-packages/airflow/example_dags/example_task_group_decorator.py
[2026-06-03T06:06:42.453+0000] {processor.py:840} INFO - DAG(s) 'example_task_group_decorator' retrieved from /home/airflow/.local/lib/python3.12/site-packages/airflow/example_dags/example_task_group_decorator.py
[2026-06-03T06:06:42.474+0000] {logging_mixin.py:188} INFO - [2026-06-03T06:06:42.474+0000] {dag.py:3089} INFO - Sync 1 DAGs
[2026-06-03T06:06:42.493+0000] {logging_mixin.py:188} INFO - [2026-06-03T06:06:42.493+0000] {dag.py:3947} INFO - Setting next_dagrun for example_task_group_decorator to 2026-06-02 00:00:00+00:00, run_after=2026-06-03 00:00:00+00:00
[2026-06-03T06:06:42.508+0000] {processor.py:183} INFO - Processing /home/airflow/.local/lib/python3.12/site-packages/airflow/example_dags/example_task_group_decorator.py took 0.075 seconds
[2026-06-03T06:07:12.645+0000] {processor.py:161} INFO - Started process (PID=528) to work on /home/airflow/.local/lib/python3.12/site-packages/airflow/example_dags/example_task_group_decorator.py
[2026-06-03T06:07:12.646+0000] {processor.py:830} INFO - Processing file /home/airflow/.local/lib/python3.12/site-packages/airflow/example_dags/example_task_group_decorator.py for tasks to queue
[2026-06-03T06:07:12.647+0000] {logging_mixin.py:188} INFO - [2026-06-03T06:07:12.647+0000] {dagbag.py:545} INFO - Filling up the DagBag from /home/airflow/.local/lib/python3.12/site-packages/airflow/example_dags/example_task_group_decorator.py
[2026-06-03T06:07:12.659+0000] {processor.py:840} INFO - DAG(s) 'example_task_group_decorator' retrieved from /home/airflow/.local/lib/python3.12/site-packages/airflow/example_dags/example_task_group_decorator.py
[2026-06-03T06:07:12.679+0000] {logging_mixin.py:188} INFO - [2026-06-03T06:07:12.679+0000] {dag.py:3089} INFO - Sync 1 DAGs
[2026-06-03T06:07:12.698+0000] {logging_mixin.py:188} INFO - [2026-06-03T06:07:12.698+0000] {dag.py:3947} INFO - Setting next_dagrun for example_task_group_decorator to 2026-06-02 00:00:00+00:00, run_after=2026-06-03 00:00:00+00:00
[2026-06-03T06:07:12.714+0000] {processor.py:183} INFO - Processing /home/airflow/.local/lib/python3.12/site-packages/airflow/example_dags/example_task_group_decorator.py took 0.073 seconds
[2026-06-03T06:07:42.950+0000] {processor.py:161} INFO - Started process (PID=586) to work on /home/airflow/.local/lib/python3.12/site-packages/airflow/example_dags/example_task_group_decorator.py
[2026-06-03T06:07:42.951+0000] {processor.py:830} INFO - Processing file /home/airflow/.local/lib/python3.12/site-packages/airflow/example_dags/example_task_group_decorator.py for tasks to queue
[2026-06-03T06:07:42.953+0000] {logging_mixin.py:188} INFO - [2026-06-03T06:07:42.952+0000] {dagbag.py:545} INFO - Filling up the DagBag from /home/airflow/.local/lib/python3.12/site-packages/airflow/example_dags/example_task_group_decorator.py
[2026-06-03T06:07:42.964+0000] {processor.py:840} INFO - DAG(s) 'example_task_group_decorator' retrieved from /home/airflow/.local/lib/python3.12/site-packages/airflow/example_dags/example_task_group_decorator.py
[2026-06-03T06:07:42.985+0000] {logging_mixin.py:188} INFO - [2026-06-03T06:07:42.985+0000] {dag.py:3089} INFO - Sync 1 DAGs
[2026-06-03T06:07:43.003+0000] {logging_mixin.py:188} INFO - [2026-06-03T06:07:43.003+0000] {dag.py:3947} INFO - Setting next_dagrun for example_task_group_decorator to 2026-06-02 00:00:00+00:00, run_after=2026-06-03 00:00:00+00:00
[2026-06-03T06:07:43.018+0000] {processor.py:183} INFO - Processing /home/airflow/.local/lib/python3.12/site-packages/airflow/example_dags/example_task_group_decorator.py took 0.072 seconds
[2026-06-03T06:08:13.386+0000] {processor.py:161} INFO - Started process (PID=650) to work on /home/airflow/.local/lib/python3.12/site-packages/airflow/example_dags/example_task_group_decorator.py
[2026-06-03T06:08:13.386+0000] {processor.py:830} INFO - Processing file /home/airflow/.local/lib/python3.12/site-packages/airflow/example_dags/example_task_group_decorator.py for tasks to queue
[2026-06-03T06:08:13.388+0000] {logging_mixin.py:188} INFO - [2026-06-03T06:08:13.387+0000] {dagbag.py:545} INFO - Filling up the DagBag from /home/airflow/.local/lib/python3.12/site-packages/airflow/example_dags/example_task_group_decorator.py
[2026-06-03T06:08:13.400+0000] {processor.py:840} INFO - DAG(s) 'example_task_group_decorator' retrieved from /home/airflow/.local/lib/python3.12/site-packages/airflow/example_dags/example_task_group_decorator.py
[2026-06-03T06:08:13.420+0000] {logging_mixin.py:188} INFO - [2026-06-03T06:08:13.420+0000] {dag.py:3089} INFO - Sync 1 DAGs
[2026-06-03T06:08:13.438+0000] {logging_mixin.py:188} INFO - [2026-06-03T06:08:13.438+0000] {dag.py:3947} INFO - Setting next_dagrun for example_task_group_decorator to 2026-06-02 00:00:00+00:00, run_after=2026-06-03 00:00:00+00:00
[2026-06-03T06:08:13.453+0000] {processor.py:183} INFO - Processing /home/airflow/.local/lib/python3.12/site-packages/airflow/example_dags/example_task_group_decorator.py took 0.072 seconds
[2026-06-03T06:08:44.898+0000] {processor.py:161} INFO - Started process (PID=708) to work on /home/airflow/.local/lib/python3.12/site-packages/airflow/example_dags/example_task_group_decorator.py
[2026-06-03T06:08:44.902+0000] {processor.py:830} INFO - Processing file /home/airflow/.local/lib/python3.12/site-packages/airflow/example_dags/example_task_group_decorator.py for tasks to queue
[2026-06-03T06:08:44.903+0000] {logging_mixin.py:188} INFO - [2026-06-03T06:08:44.903+0000] {dagbag.py:545} INFO - Filling up the DagBag from /home/airflow/.local/lib/python3.12/site-packages/airflow/example_dags/example_task_group_decorator.py
[2026-06-03T06:08:44.932+0000] {processor.py:840} INFO - DAG(s) 'example_task_group_decorator' retrieved from /home/airflow/.local/lib/python3.12/site-packages/airflow/example_dags/example_task_group_decorator.py
[2026-06-03T06:08:44.953+0000] {logging_mixin.py:188} INFO - [2026-06-03T06:08:44.953+0000] {dag.py:3089} INFO - Sync 1 DAGs
[2026-06-03T06:08:44.972+0000] {logging_mixin.py:188} INFO - [2026-06-03T06:08:44.972+0000] {dag.py:3947} INFO - Setting next_dagrun for example_task_group_decorator to 2026-06-02 00:00:00+00:00, run_after=2026-06-03 00:00:00+00:00
[2026-06-03T06:08:44.989+0000] {processor.py:183} INFO - Processing /home/airflow/.local/lib/python3.12/site-packages/airflow/example_dags/example_task_group_decorator.py took 0.095 seconds
[2026-06-03T06:09:15.921+0000] {processor.py:161} INFO - Started process (PID=765) to work on /home/airflow/.local/lib/python3.12/site-packages/airflow/example_dags/example_task_group_decorator.py
[2026-06-03T06:09:15.922+0000] {processor.py:830} INFO - Processing file /home/airflow/.local/lib/python3.12/site-packages/airflow/example_dags/example_task_group_decorator.py for tasks to queue
[2026-06-03T06:09:15.923+0000] {logging_mixin.py:188} INFO - [2026-06-03T06:09:15.923+0000] {dagbag.py:545} INFO - Filling up the DagBag from /home/airflow/.local/lib/python3.12/site-packages/airflow/example_dags/example_task_group_decorator.py
[2026-06-03T06:09:15.936+0000] {processor.py:840} INFO - DAG(s) 'example_task_group_decorator' retrieved from /home/airflow/.local/lib/python3.12/site-packages/airflow/example_dags/example_task_group_decorator.py
[2026-06-03T06:09:15.957+0000] {logging_mixin.py:188} INFO - [2026-06-03T06:09:15.957+0000] {dag.py:3089} INFO - Sync 1 DAGs
[2026-06-03T06:09:15.975+0000] {logging_mixin.py:188} INFO - [2026-06-03T06:09:15.975+0000] {dag.py:3947} INFO - Setting next_dagrun for example_task_group_decorator to 2026-06-02 00:00:00+00:00, run_after=2026-06-03 00:00:00+00:00
[2026-06-03T06:09:15.991+0000] {processor.py:183} INFO - Processing /home/airflow/.local/lib/python3.12/site-packages/airflow/example_dags/example_task_group_decorator.py took 0.075 seconds
[2026-06-03T06:09:46.140+0000] {processor.py:161} INFO - Started process (PID=823) to work on /home/airflow/.local/lib/python3.12/site-packages/airflow/example_dags/example_task_group_decorator.py
[2026-06-03T06:09:46.141+0000] {processor.py:830} INFO - Processing file /home/airflow/.local/lib/python3.12/site-packages/airflow/example_dags/example_task_group_decorator.py for tasks to queue
[2026-06-03T06:09:46.142+0000] {logging_mixin.py:188} INFO - [2026-06-03T06:09:46.142+0000] {dagbag.py:545} INFO - Filling up the DagBag from /home/airflow/.local/lib/python3.12/site-packages/airflow/example_dags/example_task_group_decorator.py
[2026-06-03T06:09:46.154+0000] {processor.py:840} INFO - DAG(s) 'example_task_group_decorator' retrieved from /home/airflow/.local/lib/python3.12/site-packages/airflow/example_dags/example_task_group_decorator.py
[2026-06-03T06:09:46.174+0000] {logging_mixin.py:188} INFO - [2026-06-03T06:09:46.174+0000] {dag.py:3089} INFO - Sync 1 DAGs
[2026-06-03T06:09:46.192+0000] {logging_mixin.py:188} INFO - [2026-06-03T06:09:46.191+0000] {dag.py:3947} INFO - Setting next_dagrun for example_task_group_decorator to 2026-06-02 00:00:00+00:00, run_after=2026-06-03 00:00:00+00:00
[2026-06-03T06:09:46.207+0000] {processor.py:183} INFO - Processing /home/airflow/.local/lib/python3.12/site-packages/airflow/example_dags/example_task_group_decorator.py took 0.072 seconds
[2026-06-03T06:10:16.725+0000] {processor.py:161} INFO - Started process (PID=880) to work on /home/airflow/.local/lib/python3.12/site-packages/airflow/example_dags/example_task_group_decorator.py
[2026-06-03T06:10:16.726+0000] {processor.py:830} INFO - Processing file /home/airflow/.local/lib/python3.12/site-packages/airflow/example_dags/example_task_group_decorator.py for tasks to queue
[2026-06-03T06:10:16.727+0000] {logging_mixin.py:188} INFO - [2026-06-03T06:10:16.727+0000] {dagbag.py:545} INFO - Filling up the DagBag from /home/airflow/.local/lib/python3.12/site-packages/airflow/example_dags/example_task_group_decorator.py
[2026-06-03T06:10:16.739+0000] {processor.py:840} INFO - DAG(s) 'example_task_group_decorator' retrieved from /home/airflow/.local/lib/python3.12/site-packages/airflow/example_dags/example_task_group_decorator.py
[2026-06-03T06:10:16.759+0000] {logging_mixin.py:188} INFO - [2026-06-03T06:10:16.759+0000] {dag.py:3089} INFO - Sync 1 DAGs
[2026-06-03T06:10:16.777+0000] {logging_mixin.py:188} INFO - [2026-06-03T06:10:16.777+0000] {dag.py:3947} INFO - Setting next_dagrun for example_task_group_decorator to 2026-06-02 00:00:00+00:00, run_after=2026-06-03 00:00:00+00:00
[2026-06-03T06:10:16.794+0000] {processor.py:183} INFO - Processing /home/airflow/.local/lib/python3.12/site-packages/airflow/example_dags/example_task_group_decorator.py took 0.074 seconds
[2026-06-03T06:10:47.187+0000] {processor.py:161} INFO - Started process (PID=938) to work on /home/airflow/.local/lib/python3.12/site-packages/airflow/example_dags/example_task_group_decorator.py
[2026-06-03T06:10:47.188+0000] {processor.py:830} INFO - Processing file /home/airflow/.local/lib/python3.12/site-packages/airflow/example_dags/example_task_group_decorator.py for tasks to queue
[2026-06-03T06:10:47.189+0000] {logging_mixin.py:188} INFO - [2026-06-03T06:10:47.189+0000] {dagbag.py:545} INFO - Filling up the DagBag from /home/airflow/.local/lib/python3.12/site-packages/airflow/example_dags/example_task_group_decorator.py
[2026-06-03T06:10:47.201+0000] {processor.py:840} INFO - DAG(s) 'example_task_group_decorator' retrieved from /home/airflow/.local/lib/python3.12/site-packages/airflow/example_dags/example_task_group_decorator.py
[2026-06-03T06:10:47.221+0000] {logging_mixin.py:188} INFO - [2026-06-03T06:10:47.221+0000] {dag.py:3089} INFO - Sync 1 DAGs
[2026-06-03T06:10:47.239+0000] {logging_mixin.py:188} INFO - [2026-06-03T06:10:47.238+0000] {dag.py:3947} INFO - Setting next_dagrun for example_task_group_decorator to 2026-06-02 00:00:00+00:00, run_after=2026-06-03 00:00:00+00:00
[2026-06-03T06:10:47.253+0000] {processor.py:183} INFO - Processing /home/airflow/.local/lib/python3.12/site-packages/airflow/example_dags/example_task_group_decorator.py took 0.071 seconds
[2026-06-03T06:11:17.648+0000] {processor.py:161} INFO - Started process (PID=996) to work on /home/airflow/.local/lib/python3.12/site-packages/airflow/example_dags/example_task_group_decorator.py
[2026-06-03T06:11:17.648+0000] {processor.py:830} INFO - Processing file /home/airflow/.local/lib/python3.12/site-packages/airflow/example_dags/example_task_group_decorator.py for tasks to queue
[2026-06-03T06:11:17.650+0000] {logging_mixin.py:188} INFO - [2026-06-03T06:11:17.649+0000] {dagbag.py:545} INFO - Filling up the DagBag from /home/airflow/.local/lib/python3.12/site-packages/airflow/example_dags/example_task_group_decorator.py
[2026-06-03T06:11:17.661+0000] {processor.py:840} INFO - DAG(s) 'example_task_group_decorator' retrieved from /home/airflow/.local/lib/python3.12/site-packages/airflow/example_dags/example_task_group_decorator.py
[2026-06-03T06:11:17.682+0000] {logging_mixin.py:188} INFO - [2026-06-03T06:11:17.681+0000] {dag.py:3089} INFO - Sync 1 DAGs
[2026-06-03T06:11:17.699+0000] {logging_mixin.py:188} INFO - [2026-06-03T06:11:17.699+0000] {dag.py:3947} INFO - Setting next_dagrun for example_task_group_decorator to 2026-06-02 00:00:00+00:00, run_after=2026-06-03 00:00:00+00:00
[2026-06-03T06:11:17.715+0000] {processor.py:183} INFO - Processing /home/airflow/.local/lib/python3.12/site-packages/airflow/example_dags/example_task_group_decorator.py took 0.072 seconds
[2026-06-03T06:11:48.054+0000] {processor.py:161} INFO - Started process (PID=1054) to work on /home/airflow/.local/lib/python3.12/site-packages/airflow/example_dags/example_task_group_decorator.py
[2026-06-03T06:11:48.056+0000] {processor.py:830} INFO - Processing file /home/airflow/.local/lib/python3.12/site-packages/airflow/example_dags/example_task_group_decorator.py for tasks to queue
[2026-06-03T06:11:48.057+0000] {logging_mixin.py:188} INFO - [2026-06-03T06:11:48.057+0000] {dagbag.py:545} INFO - Filling up the DagBag from /home/airflow/.local/lib/python3.12/site-packages/airflow/example_dags/example_task_group_decorator.py
[2026-06-03T06:11:48.069+0000] {processor.py:840} INFO - DAG(s) 'example_task_group_decorator' retrieved from /home/airflow/.local/lib/python3.12/site-packages/airflow/example_dags/example_task_group_decorator.py
[2026-06-03T06:11:48.090+0000] {logging_mixin.py:188} INFO - [2026-06-03T06:11:48.090+0000] {dag.py:3089} INFO - Sync 1 DAGs
[2026-06-03T06:11:48.109+0000] {logging_mixin.py:188} INFO - [2026-06-03T06:11:48.108+0000] {dag.py:3947} INFO - Setting next_dagrun for example_task_group_decorator to 2026-06-02 00:00:00+00:00, run_after=2026-06-03 00:00:00+00:00
[2026-06-03T06:11:48.125+0000] {processor.py:183} INFO - Processing /home/airflow/.local/lib/python3.12/site-packages/airflow/example_dags/example_task_group_decorator.py took 0.076 seconds
[2026-06-03T06:12:18.404+0000] {processor.py:161} INFO - Started process (PID=1112) to work on /home/airflow/.local/lib/python3.12/site-packages/airflow/example_dags/example_task_group_decorator.py
[2026-06-03T06:12:18.405+0000] {processor.py:830} INFO - Processing file /home/airflow/.local/lib/python3.12/site-packages/airflow/example_dags/example_task_group_decorator.py for tasks to queue
[2026-06-03T06:12:18.406+0000] {logging_mixin.py:188} INFO - [2026-06-03T06:12:18.406+0000] {dagbag.py:545} INFO - Filling up the DagBag from /home/airflow/.local/lib/python3.12/site-packages/airflow/example_dags/example_task_group_decorator.py
[2026-06-03T06:12:18.418+0000] {processor.py:840} INFO - DAG(s) 'example_task_group_decorator' retrieved from /home/airflow/.local/lib/python3.12/site-packages/airflow/example_dags/example_task_group_decorator.py
[2026-06-03T06:12:18.438+0000] {logging_mixin.py:188} INFO - [2026-06-03T06:12:18.438+0000] {dag.py:3089} INFO - Sync 1 DAGs
[2026-06-03T06:12:18.456+0000] {logging_mixin.py:188} INFO - [2026-06-03T06:12:18.456+0000] {dag.py:3947} INFO - Setting next_dagrun for example_task_group_decorator to 2026-06-02 00:00:00+00:00, run_after=2026-06-03 00:00:00+00:00
[2026-06-03T06:12:18.472+0000] {processor.py:183} INFO - Processing /home/airflow/.local/lib/python3.12/site-packages/airflow/example_dags/example_task_group_decorator.py took 0.072 seconds
[2026-06-03T06:12:48.759+0000] {processor.py:161} INFO - Started process (PID=1170) to work on /home/airflow/.local/lib/python3.12/site-packages/airflow/example_dags/example_task_group_decorator.py
[2026-06-03T06:12:48.760+0000] {processor.py:830} INFO - Processing file /home/airflow/.local/lib/python3.12/site-packages/airflow/example_dags/example_task_group_decorator.py for tasks to queue
[2026-06-03T06:12:48.761+0000] {logging_mixin.py:188} INFO - [2026-06-03T06:12:48.761+0000] {dagbag.py:545} INFO - Filling up the DagBag from /home/airflow/.local/lib/python3.12/site-packages/airflow/example_dags/example_task_group_decorator.py
[2026-06-03T06:12:48.773+0000] {processor.py:840} INFO - DAG(s) 'example_task_group_decorator' retrieved from /home/airflow/.local/lib/python3.12/site-packages/airflow/example_dags/example_task_group_decorator.py
[2026-06-03T06:12:48.794+0000] {logging_mixin.py:188} INFO - [2026-06-03T06:12:48.794+0000] {dag.py:3089} INFO - Sync 1 DAGs
[2026-06-03T06:12:48.812+0000] {logging_mixin.py:188} INFO - [2026-06-03T06:12:48.812+0000] {dag.py:3947} INFO - Setting next_dagrun for example_task_group_decorator to 2026-06-02 00:00:00+00:00, run_after=2026-06-03 00:00:00+00:00
[2026-06-03T06:12:48.827+0000] {processor.py:183} INFO - Processing /home/airflow/.local/lib/python3.12/site-packages/airflow/example_dags/example_task_group_decorator.py took 0.073 seconds
[2026-06-03T06:13:18.978+0000] {processor.py:161} INFO - Started process (PID=1228) to work on /home/airflow/.local/lib/python3.12/site-packages/airflow/example_dags/example_task_group_decorator.py
[2026-06-03T06:13:18.979+0000] {processor.py:830} INFO - Processing file /home/airflow/.local/lib/python3.12/site-packages/airflow/example_dags/example_task_group_decorator.py for tasks to queue
[2026-06-03T06:13:18.980+0000] {logging_mixin.py:188} INFO - [2026-06-03T06:13:18.980+0000] {dagbag.py:545} INFO - Filling up the DagBag from /home/airflow/.local/lib/python3.12/site-packages/airflow/example_dags/example_task_group_decorator.py
[2026-06-03T06:13:18.992+0000] {processor.py:840} INFO - DAG(s) 'example_task_group_decorator' retrieved from /home/airflow/.local/lib/python3.12/site-packages/airflow/example_dags/example_task_group_decorator.py
[2026-06-03T06:13:19.013+0000] {logging_mixin.py:188} INFO - [2026-06-03T06:13:19.012+0000] {dag.py:3089} INFO - Sync 1 DAGs
[2026-06-03T06:13:19.030+0000] {logging_mixin.py:188} INFO - [2026-06-03T06:13:19.030+0000] {dag.py:3947} INFO - Setting next_dagrun for example_task_group_decorator to 2026-06-02 00:00:00+00:00, run_after=2026-06-03 00:00:00+00:00
[2026-06-03T06:13:19.044+0000] {processor.py:183} INFO - Processing /home/airflow/.local/lib/python3.12/site-packages/airflow/example_dags/example_task_group_decorator.py took 0.071 seconds
[2026-06-03T06:13:49.192+0000] {processor.py:161} INFO - Started process (PID=1286) to work on /home/airflow/.local/lib/python3.12/site-packages/airflow/example_dags/example_task_group_decorator.py
[2026-06-03T06:13:49.193+0000] {processor.py:830} INFO - Processing file /home/airflow/.local/lib/python3.12/site-packages/airflow/example_dags/example_task_group_decorator.py for tasks to queue
[2026-06-03T06:13:49.194+0000] {logging_mixin.py:188} INFO - [2026-06-03T06:13:49.194+0000] {dagbag.py:545} INFO - Filling up the DagBag from /home/airflow/.local/lib/python3.12/site-packages/airflow/example_dags/example_task_group_decorator.py
[2026-06-03T06:13:49.206+0000] {processor.py:840} INFO - DAG(s) 'example_task_group_decorator' retrieved from /home/airflow/.local/lib/python3.12/site-packages/airflow/example_dags/example_task_group_decorator.py
[2026-06-03T06:13:49.226+0000] {logging_mixin.py:188} INFO - [2026-06-03T06:13:49.226+0000] {dag.py:3089} INFO - Sync 1 DAGs
[2026-06-03T06:13:49.244+0000] {logging_mixin.py:188} INFO - [2026-06-03T06:13:49.244+0000] {dag.py:3947} INFO - Setting next_dagrun for example_task_group_decorator to 2026-06-02 00:00:00+00:00, run_after=2026-06-03 00:00:00+00:00
[2026-06-03T06:13:49.259+0000] {processor.py:183} INFO - Processing /home/airflow/.local/lib/python3.12/site-packages/airflow/example_dags/example_task_group_decorator.py took 0.072 seconds
[2026-06-03T06:14:19.565+0000] {processor.py:161} INFO - Started process (PID=1344) to work on /home/airflow/.local/lib/python3.12/site-packages/airflow/example_dags/example_task_group_decorator.py
[2026-06-03T06:14:19.566+0000] {processor.py:830} INFO - Processing file /home/airflow/.local/lib/python3.12/site-packages/airflow/example_dags/example_task_group_decorator.py for tasks to queue
[2026-06-03T06:14:19.567+0000] {logging_mixin.py:188} INFO - [2026-06-03T06:14:19.567+0000] {dagbag.py:545} INFO - Filling up the DagBag from /home/airflow/.local/lib/python3.12/site-packages/airflow/example_dags/example_task_group_decorator.py
[2026-06-03T06:14:19.579+0000] {processor.py:840} INFO - DAG(s) 'example_task_group_decorator' retrieved from /home/airflow/.local/lib/python3.12/site-packages/airflow/example_dags/example_task_group_decorator.py
[2026-06-03T06:14:19.599+0000] {logging_mixin.py:188} INFO - [2026-06-03T06:14:19.599+0000] {dag.py:3089} INFO - Sync 1 DAGs
[2026-06-03T06:14:19.618+0000] {logging_mixin.py:188} INFO - [2026-06-03T06:14:19.618+0000] {dag.py:3947} INFO - Setting next_dagrun for example_task_group_decorator to 2026-06-02 00:00:00+00:00, run_after=2026-06-03 00:00:00+00:00
[2026-06-03T06:14:19.633+0000] {processor.py:183} INFO - Processing /home/airflow/.local/lib/python3.12/site-packages/airflow/example_dags/example_task_group_decorator.py took 0.073 seconds
[2026-06-03T06:14:49.923+0000] {processor.py:161} INFO - Started process (PID=1402) to work on /home/airflow/.local/lib/python3.12/site-packages/airflow/example_dags/example_task_group_decorator.py
[2026-06-03T06:14:49.925+0000] {processor.py:830} INFO - Processing file /home/airflow/.local/lib/python3.12/site-packages/airflow/example_dags/example_task_group_decorator.py for tasks to queue
[2026-06-03T06:14:49.926+0000] {logging_mixin.py:188} INFO - [2026-06-03T06:14:49.926+0000] {dagbag.py:545} INFO - Filling up the DagBag from /home/airflow/.local/lib/python3.12/site-packages/airflow/example_dags/example_task_group_decorator.py
[2026-06-03T06:14:49.938+0000] {processor.py:840} INFO - DAG(s) 'example_task_group_decorator' retrieved from /home/airflow/.local/lib/python3.12/site-packages/airflow/example_dags/example_task_group_decorator.py
[2026-06-03T06:14:49.958+0000] {logging_mixin.py:188} INFO - [2026-06-03T06:14:49.958+0000] {dag.py:3089} INFO - Sync 1 DAGs
[2026-06-03T06:14:49.975+0000] {logging_mixin.py:188} INFO - [2026-06-03T06:14:49.975+0000] {dag.py:3947} INFO - Setting next_dagrun for example_task_group_decorator to 2026-06-02 00:00:00+00:00, run_after=2026-06-03 00:00:00+00:00
[2026-06-03T06:14:49.991+0000] {processor.py:183} INFO - Processing /home/airflow/.local/lib/python3.12/site-packages/airflow/example_dags/example_task_group_decorator.py took 0.073 seconds
[2026-06-03T06:15:20.140+0000] {processor.py:161} INFO - Started process (PID=1460) to work on /home/airflow/.local/lib/python3.12/site-packages/airflow/example_dags/example_task_group_decorator.py
[2026-06-03T06:15:20.140+0000] {processor.py:830} INFO - Processing file /home/airflow/.local/lib/python3.12/site-packages/airflow/example_dags/example_task_group_decorator.py for tasks to queue
[2026-06-03T06:15:20.142+0000] {logging_mixin.py:188} INFO - [2026-06-03T06:15:20.141+0000] {dagbag.py:545} INFO - Filling up the DagBag from /home/airflow/.local/lib/python3.12/site-packages/airflow/example_dags/example_task_group_decorator.py
[2026-06-03T06:15:20.154+0000] {processor.py:840} INFO - DAG(s) 'example_task_group_decorator' retrieved from /home/airflow/.local/lib/python3.12/site-packages/airflow/example_dags/example_task_group_decorator.py
[2026-06-03T06:15:20.175+0000] {logging_mixin.py:188} INFO - [2026-06-03T06:15:20.174+0000] {dag.py:3089} INFO - Sync 1 DAGs
[2026-06-03T06:15:20.192+0000] {logging_mixin.py:188} INFO - [2026-06-03T06:15:20.192+0000] {dag.py:3947} INFO - Setting next_dagrun for example_task_group_decorator to 2026-06-02 00:00:00+00:00, run_after=2026-06-03 00:00:00+00:00
[2026-06-03T06:15:20.207+0000] {processor.py:183} INFO - Processing /home/airflow/.local/lib/python3.12/site-packages/airflow/example_dags/example_task_group_decorator.py took 0.072 seconds
[2026-06-03T06:15:50.612+0000] {processor.py:161} INFO - Started process (PID=1518) to work on /home/airflow/.local/lib/python3.12/site-packages/airflow/example_dags/example_task_group_decorator.py
[2026-06-03T06:15:50.613+0000] {processor.py:830} INFO - Processing file /home/airflow/.local/lib/python3.12/site-packages/airflow/example_dags/example_task_group_decorator.py for tasks to queue
[2026-06-03T06:15:50.614+0000] {logging_mixin.py:188} INFO - [2026-06-03T06:15:50.614+0000] {dagbag.py:545} INFO - Filling up the DagBag from /home/airflow/.local/lib/python3.12/site-packages/airflow/example_dags/example_task_group_decorator.py
[2026-06-03T06:15:50.626+0000] {processor.py:840} INFO - DAG(s) 'example_task_group_decorator' retrieved from /home/airflow/.local/lib/python3.12/site-packages/airflow/example_dags/example_task_group_decorator.py
[2026-06-03T06:15:50.646+0000] {logging_mixin.py:188} INFO - [2026-06-03T06:15:50.645+0000] {dag.py:3089} INFO - Sync 1 DAGs
[2026-06-03T06:15:50.663+0000] {logging_mixin.py:188} INFO - [2026-06-03T06:15:50.663+0000] {dag.py:3947} INFO - Setting next_dagrun for example_task_group_decorator to 2026-06-02 00:00:00+00:00, run_after=2026-06-03 00:00:00+00:00
[2026-06-03T06:15:50.678+0000] {processor.py:183} INFO - Processing /home/airflow/.local/lib/python3.12/site-packages/airflow/example_dags/example_task_group_decorator.py took 0.071 seconds
[2026-06-03T06:16:21.022+0000] {processor.py:161} INFO - Started process (PID=1576) to work on /home/airflow/.local/lib/python3.12/site-packages/airflow/example_dags/example_task_group_decorator.py
[2026-06-03T06:16:21.023+0000] {processor.py:830} INFO - Processing file /home/airflow/.local/lib/python3.12/site-packages/airflow/example_dags/example_task_group_decorator.py for tasks to queue
[2026-06-03T06:16:21.024+0000] {logging_mixin.py:188} INFO - [2026-06-03T06:16:21.024+0000] {dagbag.py:545} INFO - Filling up the DagBag from /home/airflow/.local/lib/python3.12/site-packages/airflow/example_dags/example_task_group_decorator.py
[2026-06-03T06:16:21.036+0000] {processor.py:840} INFO - DAG(s) 'example_task_group_decorator' retrieved from /home/airflow/.local/lib/python3.12/site-packages/airflow/example_dags/example_task_group_decorator.py
[2026-06-03T06:16:21.056+0000] {logging_mixin.py:188} INFO - [2026-06-03T06:16:21.056+0000] {dag.py:3089} INFO - Sync 1 DAGs
[2026-06-03T06:16:21.073+0000] {logging_mixin.py:188} INFO - [2026-06-03T06:16:21.073+0000] {dag.py:3947} INFO - Setting next_dagrun for example_task_group_decorator to 2026-06-02 00:00:00+00:00, run_after=2026-06-03 00:00:00+00:00
[2026-06-03T06:16:21.088+0000] {processor.py:183} INFO - Processing /home/airflow/.local/lib/python3.12/site-packages/airflow/example_dags/example_task_group_decorator.py took 0.071 seconds
[2026-06-03T06:16:51.371+0000] {processor.py:161} INFO - Started process (PID=1633) to work on /home/airflow/.local/lib/python3.12/site-packages/airflow/example_dags/example_task_group_decorator.py
[2026-06-03T06:16:51.372+0000] {processor.py:830} INFO - Processing file /home/airflow/.local/lib/python3.12/site-packages/airflow/example_dags/example_task_group_decorator.py for tasks to queue
[2026-06-03T06:16:51.374+0000] {logging_mixin.py:188} INFO - [2026-06-03T06:16:51.373+0000] {dagbag.py:545} INFO - Filling up the DagBag from /home/airflow/.local/lib/python3.12/site-packages/airflow/example_dags/example_task_group_decorator.py
[2026-06-03T06:16:51.386+0000] {processor.py:840} INFO - DAG(s) 'example_task_group_decorator' retrieved from /home/airflow/.local/lib/python3.12/site-packages/airflow/example_dags/example_task_group_decorator.py
[2026-06-03T06:16:51.406+0000] {logging_mixin.py:188} INFO - [2026-06-03T06:16:51.406+0000] {dag.py:3089} INFO - Sync 1 DAGs
[2026-06-03T06:16:51.424+0000] {logging_mixin.py:188} INFO - [2026-06-03T06:16:51.424+0000] {dag.py:3947} INFO - Setting next_dagrun for example_task_group_decorator to 2026-06-02 00:00:00+00:00, run_after=2026-06-03 00:00:00+00:00
[2026-06-03T06:16:51.439+0000] {processor.py:183} INFO - Processing /home/airflow/.local/lib/python3.12/site-packages/airflow/example_dags/example_task_group_decorator.py took 0.072 seconds
[2026-06-03T06:17:22.340+0000] {processor.py:161} INFO - Started process (PID=1691) to work on /home/airflow/.local/lib/python3.12/site-packages/airflow/example_dags/example_task_group_decorator.py
[2026-06-03T06:17:22.340+0000] {processor.py:830} INFO - Processing file /home/airflow/.local/lib/python3.12/site-packages/airflow/example_dags/example_task_group_decorator.py for tasks to queue
[2026-06-03T06:17:22.341+0000] {logging_mixin.py:188} INFO - [2026-06-03T06:17:22.341+0000] {dagbag.py:545} INFO - Filling up the DagBag from /home/airflow/.local/lib/python3.12/site-packages/airflow/example_dags/example_task_group_decorator.py
[2026-06-03T06:17:22.353+0000] {processor.py:840} INFO - DAG(s) 'example_task_group_decorator' retrieved from /home/airflow/.local/lib/python3.12/site-packages/airflow/example_dags/example_task_group_decorator.py
[2026-06-03T06:17:22.374+0000] {logging_mixin.py:188} INFO - [2026-06-03T06:17:22.374+0000] {dag.py:3089} INFO - Sync 1 DAGs
[2026-06-03T06:17:22.392+0000] {logging_mixin.py:188} INFO - [2026-06-03T06:17:22.392+0000] {dag.py:3947} INFO - Setting next_dagrun for example_task_group_decorator to 2026-06-02 00:00:00+00:00, run_after=2026-06-03 00:00:00+00:00
[2026-06-03T06:17:22.406+0000] {processor.py:183} INFO - Processing /home/airflow/.local/lib/python3.12/site-packages/airflow/example_dags/example_task_group_decorator.py took 0.071 seconds
[2026-06-03T06:17:53.208+0000] {processor.py:161} INFO - Started process (PID=1748) to work on /home/airflow/.local/lib/python3.12/site-packages/airflow/example_dags/example_task_group_decorator.py
[2026-06-03T06:17:53.209+0000] {processor.py:830} INFO - Processing file /home/airflow/.local/lib/python3.12/site-packages/airflow/example_dags/example_task_group_decorator.py for tasks to queue
[2026-06-03T06:17:53.211+0000] {logging_mixin.py:188} INFO - [2026-06-03T06:17:53.210+0000] {dagbag.py:545} INFO - Filling up the DagBag from /home/airflow/.local/lib/python3.12/site-packages/airflow/example_dags/example_task_group_decorator.py
[2026-06-03T06:17:53.223+0000] {processor.py:840} INFO - DAG(s) 'example_task_group_decorator' retrieved from /home/airflow/.local/lib/python3.12/site-packages/airflow/example_dags/example_task_group_decorator.py
[2026-06-03T06:17:53.245+0000] {logging_mixin.py:188} INFO - [2026-06-03T06:17:53.244+0000] {dag.py:3089} INFO - Sync 1 DAGs
[2026-06-03T06:17:53.264+0000] {logging_mixin.py:188} INFO - [2026-06-03T06:17:53.264+0000] {dag.py:3947} INFO - Setting next_dagrun for example_task_group_decorator to 2026-06-02 00:00:00+00:00, run_after=2026-06-03 00:00:00+00:00
[2026-06-03T06:17:53.387+0000] {processor.py:183} INFO - Processing /home/airflow/.local/lib/python3.12/site-packages/airflow/example_dags/example_task_group_decorator.py took 0.184 seconds
[2026-06-03T06:18:23.411+0000] {processor.py:161} INFO - Started process (PID=1806) to work on /home/airflow/.local/lib/python3.12/site-packages/airflow/example_dags/example_task_group_decorator.py
[2026-06-03T06:18:23.411+0000] {processor.py:830} INFO - Processing file /home/airflow/.local/lib/python3.12/site-packages/airflow/example_dags/example_task_group_decorator.py for tasks to queue
[2026-06-03T06:18:23.412+0000] {logging_mixin.py:188} INFO - [2026-06-03T06:18:23.412+0000] {dagbag.py:545} INFO - Filling up the DagBag from /home/airflow/.local/lib/python3.12/site-packages/airflow/example_dags/example_task_group_decorator.py
[2026-06-03T06:18:23.424+0000] {processor.py:840} INFO - DAG(s) 'example_task_group_decorator' retrieved from /home/airflow/.local/lib/python3.12/site-packages/airflow/example_dags/example_task_group_decorator.py
[2026-06-03T06:18:23.444+0000] {logging_mixin.py:188} INFO - [2026-06-03T06:18:23.444+0000] {dag.py:3089} INFO - Sync 1 DAGs
[2026-06-03T06:18:23.461+0000] {logging_mixin.py:188} INFO - [2026-06-03T06:18:23.460+0000] {dag.py:3947} INFO - Setting next_dagrun for example_task_group_decorator to 2026-06-02 00:00:00+00:00, run_after=2026-06-03 00:00:00+00:00
[2026-06-03T06:18:23.475+0000] {processor.py:183} INFO - Processing /home/airflow/.local/lib/python3.12/site-packages/airflow/example_dags/example_task_group_decorator.py took 0.069 seconds
[2026-06-03T06:18:53.604+0000] {processor.py:161} INFO - Started process (PID=1864) to work on /home/airflow/.local/lib/python3.12/site-packages/airflow/example_dags/example_task_group_decorator.py
[2026-06-03T06:18:53.605+0000] {processor.py:830} INFO - Processing file /home/airflow/.local/lib/python3.12/site-packages/airflow/example_dags/example_task_group_decorator.py for tasks to queue
[2026-06-03T06:18:53.606+0000] {logging_mixin.py:188} INFO - [2026-06-03T06:18:53.606+0000] {dagbag.py:545} INFO - Filling up the DagBag from /home/airflow/.local/lib/python3.12/site-packages/airflow/example_dags/example_task_group_decorator.py
[2026-06-03T06:18:53.618+0000] {processor.py:840} INFO - DAG(s) 'example_task_group_decorator' retrieved from /home/airflow/.local/lib/python3.12/site-packages/airflow/example_dags/example_task_group_decorator.py
[2026-06-03T06:18:53.639+0000] {logging_mixin.py:188} INFO - [2026-06-03T06:18:53.639+0000] {dag.py:3089} INFO - Sync 1 DAGs
[2026-06-03T06:18:53.657+0000] {logging_mixin.py:188} INFO - [2026-06-03T06:18:53.656+0000] {dag.py:3947} INFO - Setting next_dagrun for example_task_group_decorator to 2026-06-02 00:00:00+00:00, run_after=2026-06-03 00:00:00+00:00
[2026-06-03T06:18:53.671+0000] {processor.py:183} INFO - Processing /home/airflow/.local/lib/python3.12/site-packages/airflow/example_dags/example_task_group_decorator.py took 0.072 seconds
[2026-06-03T06:19:24.516+0000] {processor.py:161} INFO - Started process (PID=1922) to work on /home/airflow/.local/lib/python3.12/site-packages/airflow/example_dags/example_task_group_decorator.py
[2026-06-03T06:19:24.516+0000] {processor.py:830} INFO - Processing file /home/airflow/.local/lib/python3.12/site-packages/airflow/example_dags/example_task_group_decorator.py for tasks to queue
[2026-06-03T06:19:24.518+0000] {logging_mixin.py:188} INFO - [2026-06-03T06:19:24.517+0000] {dagbag.py:545} INFO - Filling up the DagBag from /home/airflow/.local/lib/python3.12/site-packages/airflow/example_dags/example_task_group_decorator.py
[2026-06-03T06:19:24.529+0000] {processor.py:840} INFO - DAG(s) 'example_task_group_decorator' retrieved from /home/airflow/.local/lib/python3.12/site-packages/airflow/example_dags/example_task_group_decorator.py
[2026-06-03T06:19:24.550+0000] {logging_mixin.py:188} INFO - [2026-06-03T06:19:24.550+0000] {dag.py:3089} INFO - Sync 1 DAGs
[2026-06-03T06:19:24.568+0000] {logging_mixin.py:188} INFO - [2026-06-03T06:19:24.568+0000] {dag.py:3947} INFO - Setting next_dagrun for example_task_group_decorator to 2026-06-02 00:00:00+00:00, run_after=2026-06-03 00:00:00+00:00
[2026-06-03T06:19:24.585+0000] {processor.py:183} INFO - Processing /home/airflow/.local/lib/python3.12/site-packages/airflow/example_dags/example_task_group_decorator.py took 0.074 seconds
[2026-06-03T06:19:55.266+0000] {processor.py:161} INFO - Started process (PID=1980) to work on /home/airflow/.local/lib/python3.12/site-packages/airflow/example_dags/example_task_group_decorator.py
[2026-06-03T06:19:55.267+0000] {processor.py:830} INFO - Processing file /home/airflow/.local/lib/python3.12/site-packages/airflow/example_dags/example_task_group_decorator.py for tasks to queue
[2026-06-03T06:19:55.269+0000] {logging_mixin.py:188} INFO - [2026-06-03T06:19:55.268+0000] {dagbag.py:545} INFO - Filling up the DagBag from /home/airflow/.local/lib/python3.12/site-packages/airflow/example_dags/example_task_group_decorator.py
[2026-06-03T06:19:55.281+0000] {processor.py:840} INFO - DAG(s) 'example_task_group_decorator' retrieved from /home/airflow/.local/lib/python3.12/site-packages/airflow/example_dags/example_task_group_decorator.py
[2026-06-03T06:19:55.424+0000] {logging_mixin.py:188} INFO - [2026-06-03T06:19:55.424+0000] {dag.py:3089} INFO - Sync 1 DAGs
[2026-06-03T06:19:55.440+0000] {logging_mixin.py:188} INFO - [2026-06-03T06:19:55.440+0000] {dag.py:3947} INFO - Setting next_dagrun for example_task_group_decorator to 2026-06-02 00:00:00+00:00, run_after=2026-06-03 00:00:00+00:00
[2026-06-03T06:19:55.455+0000] {processor.py:183} INFO - Processing /home/airflow/.local/lib/python3.12/site-packages/airflow/example_dags/example_task_group_decorator.py took 0.194 seconds
[2026-06-03T06:20:26.373+0000] {processor.py:161} INFO - Started process (PID=2038) to work on /home/airflow/.local/lib/python3.12/site-packages/airflow/example_dags/example_task_group_decorator.py
[2026-06-03T06:20:26.373+0000] {processor.py:830} INFO - Processing file /home/airflow/.local/lib/python3.12/site-packages/airflow/example_dags/example_task_group_decorator.py for tasks to queue
[2026-06-03T06:20:26.375+0000] {logging_mixin.py:188} INFO - [2026-06-03T06:20:26.374+0000] {dagbag.py:545} INFO - Filling up the DagBag from /home/airflow/.local/lib/python3.12/site-packages/airflow/example_dags/example_task_group_decorator.py
[2026-06-03T06:20:26.387+0000] {processor.py:840} INFO - DAG(s) 'example_task_group_decorator' retrieved from /home/airflow/.local/lib/python3.12/site-packages/airflow/example_dags/example_task_group_decorator.py
[2026-06-03T06:20:26.408+0000] {logging_mixin.py:188} INFO - [2026-06-03T06:20:26.408+0000] {dag.py:3089} INFO - Sync 1 DAGs
[2026-06-03T06:20:26.427+0000] {logging_mixin.py:188} INFO - [2026-06-03T06:20:26.426+0000] {dag.py:3947} INFO - Setting next_dagrun for example_task_group_decorator to 2026-06-02 00:00:00+00:00, run_after=2026-06-03 00:00:00+00:00
[2026-06-03T06:20:26.445+0000] {processor.py:183} INFO - Processing /home/airflow/.local/lib/python3.12/site-packages/airflow/example_dags/example_task_group_decorator.py took 0.077 seconds
[2026-06-03T06:20:56.647+0000] {processor.py:161} INFO - Started process (PID=2096) to work on /home/airflow/.local/lib/python3.12/site-packages/airflow/example_dags/example_task_group_decorator.py
[2026-06-03T06:20:56.648+0000] {processor.py:830} INFO - Processing file /home/airflow/.local/lib/python3.12/site-packages/airflow/example_dags/example_task_group_decorator.py for tasks to queue
[2026-06-03T06:20:56.649+0000] {logging_mixin.py:188} INFO - [2026-06-03T06:20:56.649+0000] {dagbag.py:545} INFO - Filling up the DagBag from /home/airflow/.local/lib/python3.12/site-packages/airflow/example_dags/example_task_group_decorator.py
[2026-06-03T06:20:56.662+0000] {processor.py:840} INFO - DAG(s) 'example_task_group_decorator' retrieved from /home/airflow/.local/lib/python3.12/site-packages/airflow/example_dags/example_task_group_decorator.py
[2026-06-03T06:20:56.683+0000] {logging_mixin.py:188} INFO - [2026-06-03T06:20:56.682+0000] {dag.py:3089} INFO - Sync 1 DAGs
[2026-06-03T06:20:56.701+0000] {logging_mixin.py:188} INFO - [2026-06-03T06:20:56.700+0000] {dag.py:3947} INFO - Setting next_dagrun for example_task_group_decorator to 2026-06-02 00:00:00+00:00, run_after=2026-06-03 00:00:00+00:00
[2026-06-03T06:20:56.715+0000] {processor.py:183} INFO - Processing /home/airflow/.local/lib/python3.12/site-packages/airflow/example_dags/example_task_group_decorator.py took 0.073 seconds
[2026-06-03T06:21:26.988+0000] {processor.py:161} INFO - Started process (PID=2154) to work on /home/airflow/.local/lib/python3.12/site-packages/airflow/example_dags/example_task_group_decorator.py
[2026-06-03T06:21:26.988+0000] {processor.py:830} INFO - Processing file /home/airflow/.local/lib/python3.12/site-packages/airflow/example_dags/example_task_group_decorator.py for tasks to queue
[2026-06-03T06:21:26.989+0000] {logging_mixin.py:188} INFO - [2026-06-03T06:21:26.989+0000] {dagbag.py:545} INFO - Filling up the DagBag from /home/airflow/.local/lib/python3.12/site-packages/airflow/example_dags/example_task_group_decorator.py
[2026-06-03T06:21:27.002+0000] {processor.py:840} INFO - DAG(s) 'example_task_group_decorator' retrieved from /home/airflow/.local/lib/python3.12/site-packages/airflow/example_dags/example_task_group_decorator.py
[2026-06-03T06:21:27.023+0000] {logging_mixin.py:188} INFO - [2026-06-03T06:21:27.023+0000] {dag.py:3089} INFO - Sync 1 DAGs
[2026-06-03T06:21:27.040+0000] {logging_mixin.py:188} INFO - [2026-06-03T06:21:27.040+0000] {dag.py:3947} INFO - Setting next_dagrun for example_task_group_decorator to 2026-06-02 00:00:00+00:00, run_after=2026-06-03 00:00:00+00:00
[2026-06-03T06:21:27.057+0000] {processor.py:183} INFO - Processing /home/airflow/.local/lib/python3.12/site-packages/airflow/example_dags/example_task_group_decorator.py took 0.074 seconds
[2026-06-03T06:21:57.498+0000] {processor.py:161} INFO - Started process (PID=2212) to work on /home/airflow/.local/lib/python3.12/site-packages/airflow/example_dags/example_task_group_decorator.py
[2026-06-03T06:21:57.499+0000] {processor.py:830} INFO - Processing file /home/airflow/.local/lib/python3.12/site-packages/airflow/example_dags/example_task_group_decorator.py for tasks to queue
[2026-06-03T06:21:57.501+0000] {logging_mixin.py:188} INFO - [2026-06-03T06:21:57.500+0000] {dagbag.py:545} INFO - Filling up the DagBag from /home/airflow/.local/lib/python3.12/site-packages/airflow/example_dags/example_task_group_decorator.py
[2026-06-03T06:21:57.514+0000] {processor.py:840} INFO - DAG(s) 'example_task_group_decorator' retrieved from /home/airflow/.local/lib/python3.12/site-packages/airflow/example_dags/example_task_group_decorator.py
[2026-06-03T06:21:57.535+0000] {logging_mixin.py:188} INFO - [2026-06-03T06:21:57.535+0000] {dag.py:3089} INFO - Sync 1 DAGs
[2026-06-03T06:21:57.555+0000] {logging_mixin.py:188} INFO - [2026-06-03T06:21:57.555+0000] {dag.py:3947} INFO - Setting next_dagrun for example_task_group_decorator to 2026-06-02 00:00:00+00:00, run_after=2026-06-03 00:00:00+00:00
[2026-06-03T06:21:57.571+0000] {processor.py:183} INFO - Processing /home/airflow/.local/lib/python3.12/site-packages/airflow/example_dags/example_task_group_decorator.py took 0.079 seconds
[2026-06-03T06:22:38.654+0000] {processor.py:161} INFO - Started process (PID=2271) to work on /home/airflow/.local/lib/python3.12/site-packages/airflow/example_dags/example_task_group_decorator.py
[2026-06-03T06:22:38.656+0000] {processor.py:830} INFO - Processing file /home/airflow/.local/lib/python3.12/site-packages/airflow/example_dags/example_task_group_decorator.py for tasks to queue
[2026-06-03T06:22:38.658+0000] {logging_mixin.py:188} INFO - [2026-06-03T06:22:38.658+0000] {dagbag.py:545} INFO - Filling up the DagBag from /home/airflow/.local/lib/python3.12/site-packages/airflow/example_dags/example_task_group_decorator.py
[2026-06-03T06:22:38.671+0000] {processor.py:840} INFO - DAG(s) 'example_task_group_decorator' retrieved from /home/airflow/.local/lib/python3.12/site-packages/airflow/example_dags/example_task_group_decorator.py
[2026-06-03T06:22:38.695+0000] {logging_mixin.py:188} INFO - [2026-06-03T06:22:38.695+0000] {dag.py:3089} INFO - Sync 1 DAGs
[2026-06-03T06:22:38.715+0000] {logging_mixin.py:188} INFO - [2026-06-03T06:22:38.715+0000] {dag.py:3947} INFO - Setting next_dagrun for example_task_group_decorator to 2026-06-02 00:00:00+00:00, run_after=2026-06-03 00:00:00+00:00
[2026-06-03T06:22:38.735+0000] {processor.py:183} INFO - Processing /home/airflow/.local/lib/python3.12/site-packages/airflow/example_dags/example_task_group_decorator.py took 0.086 seconds
[2026-06-03T06:23:08.990+0000] {processor.py:161} INFO - Started process (PID=2329) to work on /home/airflow/.local/lib/python3.12/site-packages/airflow/example_dags/example_task_group_decorator.py
[2026-06-03T06:23:08.991+0000] {processor.py:830} INFO - Processing file /home/airflow/.local/lib/python3.12/site-packages/airflow/example_dags/example_task_group_decorator.py for tasks to queue
[2026-06-03T06:23:08.992+0000] {logging_mixin.py:188} INFO - [2026-06-03T06:23:08.992+0000] {dagbag.py:545} INFO - Filling up the DagBag from /home/airflow/.local/lib/python3.12/site-packages/airflow/example_dags/example_task_group_decorator.py
[2026-06-03T06:23:09.005+0000] {processor.py:840} INFO - DAG(s) 'example_task_group_decorator' retrieved from /home/airflow/.local/lib/python3.12/site-packages/airflow/example_dags/example_task_group_decorator.py
[2026-06-03T06:23:09.028+0000] {logging_mixin.py:188} INFO - [2026-06-03T06:23:09.028+0000] {dag.py:3089} INFO - Sync 1 DAGs
[2026-06-03T06:23:09.047+0000] {logging_mixin.py:188} INFO - [2026-06-03T06:23:09.047+0000] {dag.py:3947} INFO - Setting next_dagrun for example_task_group_decorator to 2026-06-02 00:00:00+00:00, run_after=2026-06-03 00:00:00+00:00
[2026-06-03T06:23:09.063+0000] {processor.py:183} INFO - Processing /home/airflow/.local/lib/python3.12/site-packages/airflow/example_dags/example_task_group_decorator.py took 0.080 seconds
[2026-06-03T06:23:39.429+0000] {processor.py:161} INFO - Started process (PID=2387) to work on /home/airflow/.local/lib/python3.12/site-packages/airflow/example_dags/example_task_group_decorator.py
[2026-06-03T06:23:39.430+0000] {processor.py:830} INFO - Processing file /home/airflow/.local/lib/python3.12/site-packages/airflow/example_dags/example_task_group_decorator.py for tasks to queue
[2026-06-03T06:23:39.432+0000] {logging_mixin.py:188} INFO - [2026-06-03T06:23:39.432+0000] {dagbag.py:545} INFO - Filling up the DagBag from /home/airflow/.local/lib/python3.12/site-packages/airflow/example_dags/example_task_group_decorator.py
[2026-06-03T06:23:39.444+0000] {processor.py:840} INFO - DAG(s) 'example_task_group_decorator' retrieved from /home/airflow/.local/lib/python3.12/site-packages/airflow/example_dags/example_task_group_decorator.py
[2026-06-03T06:23:39.465+0000] {logging_mixin.py:188} INFO - [2026-06-03T06:23:39.465+0000] {dag.py:3089} INFO - Sync 1 DAGs
[2026-06-03T06:23:39.485+0000] {logging_mixin.py:188} INFO - [2026-06-03T06:23:39.485+0000] {dag.py:3947} INFO - Setting next_dagrun for example_task_group_decorator to 2026-06-02 00:00:00+00:00, run_after=2026-06-03 00:00:00+00:00
[2026-06-03T06:23:39.501+0000] {processor.py:183} INFO - Processing /home/airflow/.local/lib/python3.12/site-packages/airflow/example_dags/example_task_group_decorator.py took 0.077 seconds
[2026-06-03T06:24:09.813+0000] {processor.py:161} INFO - Started process (PID=2445) to work on /home/airflow/.local/lib/python3.12/site-packages/airflow/example_dags/example_task_group_decorator.py
[2026-06-03T06:24:09.814+0000] {processor.py:830} INFO - Processing file /home/airflow/.local/lib/python3.12/site-packages/airflow/example_dags/example_task_group_decorator.py for tasks to queue
[2026-06-03T06:24:09.816+0000] {logging_mixin.py:188} INFO - [2026-06-03T06:24:09.815+0000] {dagbag.py:545} INFO - Filling up the DagBag from /home/airflow/.local/lib/python3.12/site-packages/airflow/example_dags/example_task_group_decorator.py
[2026-06-03T06:24:09.827+0000] {processor.py:840} INFO - DAG(s) 'example_task_group_decorator' retrieved from /home/airflow/.local/lib/python3.12/site-packages/airflow/example_dags/example_task_group_decorator.py
[2026-06-03T06:24:09.848+0000] {logging_mixin.py:188} INFO - [2026-06-03T06:24:09.848+0000] {dag.py:3089} INFO - Sync 1 DAGs
[2026-06-03T06:24:09.867+0000] {logging_mixin.py:188} INFO - [2026-06-03T06:24:09.866+0000] {dag.py:3947} INFO - Setting next_dagrun for example_task_group_decorator to 2026-06-02 00:00:00+00:00, run_after=2026-06-03 00:00:00+00:00
[2026-06-03T06:24:09.882+0000] {processor.py:183} INFO - Processing /home/airflow/.local/lib/python3.12/site-packages/airflow/example_dags/example_task_group_decorator.py took 0.074 seconds
[2026-06-03T06:24:40.340+0000] {processor.py:161} INFO - Started process (PID=2503) to work on /home/airflow/.local/lib/python3.12/site-packages/airflow/example_dags/example_task_group_decorator.py
[2026-06-03T06:24:40.340+0000] {processor.py:830} INFO - Processing file /home/airflow/.local/lib/python3.12/site-packages/airflow/example_dags/example_task_group_decorator.py for tasks to queue
[2026-06-03T06:24:40.342+0000] {logging_mixin.py:188} INFO - [2026-06-03T06:24:40.341+0000] {dagbag.py:545} INFO - Filling up the DagBag from /home/airflow/.local/lib/python3.12/site-packages/airflow/example_dags/example_task_group_decorator.py
[2026-06-03T06:24:40.354+0000] {processor.py:840} INFO - DAG(s) 'example_task_group_decorator' retrieved from /home/airflow/.local/lib/python3.12/site-packages/airflow/example_dags/example_task_group_decorator.py
[2026-06-03T06:24:40.375+0000] {logging_mixin.py:188} INFO - [2026-06-03T06:24:40.374+0000] {dag.py:3089} INFO - Sync 1 DAGs
[2026-06-03T06:24:40.392+0000] {logging_mixin.py:188} INFO - [2026-06-03T06:24:40.392+0000] {dag.py:3947} INFO - Setting next_dagrun for example_task_group_decorator to 2026-06-02 00:00:00+00:00, run_after=2026-06-03 00:00:00+00:00
[2026-06-03T06:24:40.407+0000] {processor.py:183} INFO - Processing /home/airflow/.local/lib/python3.12/site-packages/airflow/example_dags/example_task_group_decorator.py took 0.072 seconds
[2026-06-03T06:25:10.838+0000] {processor.py:161} INFO - Started process (PID=2561) to work on /home/airflow/.local/lib/python3.12/site-packages/airflow/example_dags/example_task_group_decorator.py
[2026-06-03T06:25:10.839+0000] {processor.py:830} INFO - Processing file /home/airflow/.local/lib/python3.12/site-packages/airflow/example_dags/example_task_group_decorator.py for tasks to queue
[2026-06-03T06:25:10.840+0000] {logging_mixin.py:188} INFO - [2026-06-03T06:25:10.840+0000] {dagbag.py:545} INFO - Filling up the DagBag from /home/airflow/.local/lib/python3.12/site-packages/airflow/example_dags/example_task_group_decorator.py
[2026-06-03T06:25:10.852+0000] {processor.py:840} INFO - DAG(s) 'example_task_group_decorator' retrieved from /home/airflow/.local/lib/python3.12/site-packages/airflow/example_dags/example_task_group_decorator.py
[2026-06-03T06:25:10.874+0000] {logging_mixin.py:188} INFO - [2026-06-03T06:25:10.873+0000] {dag.py:3089} INFO - Sync 1 DAGs
[2026-06-03T06:25:10.893+0000] {logging_mixin.py:188} INFO - [2026-06-03T06:25:10.893+0000] {dag.py:3947} INFO - Setting next_dagrun for example_task_group_decorator to 2026-06-02 00:00:00+00:00, run_after=2026-06-03 00:00:00+00:00
[2026-06-03T06:25:10.909+0000] {processor.py:183} INFO - Processing /home/airflow/.local/lib/python3.12/site-packages/airflow/example_dags/example_task_group_decorator.py took 0.077 seconds
[2026-06-03T06:25:41.147+0000] {processor.py:161} INFO - Started process (PID=2619) to work on /home/airflow/.local/lib/python3.12/site-packages/airflow/example_dags/example_task_group_decorator.py
[2026-06-03T06:25:41.147+0000] {processor.py:830} INFO - Processing file /home/airflow/.local/lib/python3.12/site-packages/airflow/example_dags/example_task_group_decorator.py for tasks to queue
[2026-06-03T06:25:41.148+0000] {logging_mixin.py:188} INFO - [2026-06-03T06:25:41.148+0000] {dagbag.py:545} INFO - Filling up the DagBag from /home/airflow/.local/lib/python3.12/site-packages/airflow/example_dags/example_task_group_decorator.py
[2026-06-03T06:25:41.160+0000] {processor.py:840} INFO - DAG(s) 'example_task_group_decorator' retrieved from /home/airflow/.local/lib/python3.12/site-packages/airflow/example_dags/example_task_group_decorator.py
[2026-06-03T06:25:41.180+0000] {logging_mixin.py:188} INFO - [2026-06-03T06:25:41.180+0000] {dag.py:3089} INFO - Sync 1 DAGs
[2026-06-03T06:25:41.198+0000] {logging_mixin.py:188} INFO - [2026-06-03T06:25:41.198+0000] {dag.py:3947} INFO - Setting next_dagrun for example_task_group_decorator to 2026-06-02 00:00:00+00:00, run_after=2026-06-03 00:00:00+00:00
[2026-06-03T06:25:41.215+0000] {processor.py:183} INFO - Processing /home/airflow/.local/lib/python3.12/site-packages/airflow/example_dags/example_task_group_decorator.py took 0.074 seconds
[2026-06-03T06:26:11.592+0000] {processor.py:161} INFO - Started process (PID=2676) to work on /home/airflow/.local/lib/python3.12/site-packages/airflow/example_dags/example_task_group_decorator.py
[2026-06-03T06:26:11.594+0000] {processor.py:830} INFO - Processing file /home/airflow/.local/lib/python3.12/site-packages/airflow/example_dags/example_task_group_decorator.py for tasks to queue
[2026-06-03T06:26:11.595+0000] {logging_mixin.py:188} INFO - [2026-06-03T06:26:11.595+0000] {dagbag.py:545} INFO - Filling up the DagBag from /home/airflow/.local/lib/python3.12/site-packages/airflow/example_dags/example_task_group_decorator.py
[2026-06-03T06:26:11.607+0000] {processor.py:840} INFO - DAG(s) 'example_task_group_decorator' retrieved from /home/airflow/.local/lib/python3.12/site-packages/airflow/example_dags/example_task_group_decorator.py
[2026-06-03T06:26:11.627+0000] {logging_mixin.py:188} INFO - [2026-06-03T06:26:11.627+0000] {dag.py:3089} INFO - Sync 1 DAGs
[2026-06-03T06:26:11.646+0000] {logging_mixin.py:188} INFO - [2026-06-03T06:26:11.646+0000] {dag.py:3947} INFO - Setting next_dagrun for example_task_group_decorator to 2026-06-02 00:00:00+00:00, run_after=2026-06-03 00:00:00+00:00
[2026-06-03T06:26:11.661+0000] {processor.py:183} INFO - Processing /home/airflow/.local/lib/python3.12/site-packages/airflow/example_dags/example_task_group_decorator.py took 0.073 seconds
[2026-06-03T06:26:41.895+0000] {processor.py:161} INFO - Started process (PID=2734) to work on /home/airflow/.local/lib/python3.12/site-packages/airflow/example_dags/example_task_group_decorator.py
[2026-06-03T06:26:41.896+0000] {processor.py:830} INFO - Processing file /home/airflow/.local/lib/python3.12/site-packages/airflow/example_dags/example_task_group_decorator.py for tasks to queue
[2026-06-03T06:26:41.898+0000] {logging_mixin.py:188} INFO - [2026-06-03T06:26:41.898+0000] {dagbag.py:545} INFO - Filling up the DagBag from /home/airflow/.local/lib/python3.12/site-packages/airflow/example_dags/example_task_group_decorator.py
[2026-06-03T06:26:41.910+0000] {processor.py:840} INFO - DAG(s) 'example_task_group_decorator' retrieved from /home/airflow/.local/lib/python3.12/site-packages/airflow/example_dags/example_task_group_decorator.py
[2026-06-03T06:26:41.931+0000] {logging_mixin.py:188} INFO - [2026-06-03T06:26:41.931+0000] {dag.py:3089} INFO - Sync 1 DAGs
[2026-06-03T06:26:41.951+0000] {logging_mixin.py:188} INFO - [2026-06-03T06:26:41.950+0000] {dag.py:3947} INFO - Setting next_dagrun for example_task_group_decorator to 2026-06-02 00:00:00+00:00, run_after=2026-06-03 00:00:00+00:00
[2026-06-03T06:26:41.966+0000] {processor.py:183} INFO - Processing /home/airflow/.local/lib/python3.12/site-packages/airflow/example_dags/example_task_group_decorator.py took 0.076 seconds
