[2026-06-03T06:03:12.461+0000] {processor.py:161} INFO - Started process (PID=80) to work on /home/airflow/.local/lib/python3.12/site-packages/airflow/example_dags/example_python_decorator.py
[2026-06-03T06:03:12.461+0000] {processor.py:830} INFO - Processing file /home/airflow/.local/lib/python3.12/site-packages/airflow/example_dags/example_python_decorator.py for tasks to queue
[2026-06-03T06:03:12.463+0000] {logging_mixin.py:188} INFO - [2026-06-03T06:03:12.463+0000] {dagbag.py:545} INFO - Filling up the DagBag from /home/airflow/.local/lib/python3.12/site-packages/airflow/example_dags/example_python_decorator.py
[2026-06-03T06:03:12.475+0000] {processor.py:840} INFO - DAG(s) 'example_python_decorator' retrieved from /home/airflow/.local/lib/python3.12/site-packages/airflow/example_dags/example_python_decorator.py
[2026-06-03T06:03:12.567+0000] {logging_mixin.py:188} INFO - [2026-06-03T06:03:12.567+0000] {dag.py:3089} INFO - Sync 1 DAGs
[2026-06-03T06:03:12.577+0000] {logging_mixin.py:188} INFO - [2026-06-03T06:03:12.577+0000] {dag.py:3947} INFO - Setting next_dagrun for example_python_decorator to None, run_after=None
[2026-06-03T06:03:12.593+0000] {processor.py:183} INFO - Processing /home/airflow/.local/lib/python3.12/site-packages/airflow/example_dags/example_python_decorator.py took 0.137 seconds
[2026-06-03T06:03:43.080+0000] {processor.py:161} INFO - Started process (PID=144) to work on /home/airflow/.local/lib/python3.12/site-packages/airflow/example_dags/example_python_decorator.py
[2026-06-03T06:03:43.080+0000] {processor.py:830} INFO - Processing file /home/airflow/.local/lib/python3.12/site-packages/airflow/example_dags/example_python_decorator.py for tasks to queue
[2026-06-03T06:03:43.082+0000] {logging_mixin.py:188} INFO - [2026-06-03T06:03:43.081+0000] {dagbag.py:545} INFO - Filling up the DagBag from /home/airflow/.local/lib/python3.12/site-packages/airflow/example_dags/example_python_decorator.py
[2026-06-03T06:03:43.092+0000] {processor.py:840} INFO - DAG(s) 'example_python_decorator' retrieved from /home/airflow/.local/lib/python3.12/site-packages/airflow/example_dags/example_python_decorator.py
[2026-06-03T06:03:43.110+0000] {logging_mixin.py:188} INFO - [2026-06-03T06:03:43.109+0000] {dag.py:3089} INFO - Sync 1 DAGs
[2026-06-03T06:03:43.120+0000] {logging_mixin.py:188} INFO - [2026-06-03T06:03:43.120+0000] {dag.py:3947} INFO - Setting next_dagrun for example_python_decorator to None, run_after=None
[2026-06-03T06:03:43.134+0000] {processor.py:183} INFO - Processing /home/airflow/.local/lib/python3.12/site-packages/airflow/example_dags/example_python_decorator.py took 0.059 seconds
[2026-06-03T06:04:13.429+0000] {processor.py:161} INFO - Started process (PID=202) to work on /home/airflow/.local/lib/python3.12/site-packages/airflow/example_dags/example_python_decorator.py
[2026-06-03T06:04:13.430+0000] {processor.py:830} INFO - Processing file /home/airflow/.local/lib/python3.12/site-packages/airflow/example_dags/example_python_decorator.py for tasks to queue
[2026-06-03T06:04:13.432+0000] {logging_mixin.py:188} INFO - [2026-06-03T06:04:13.431+0000] {dagbag.py:545} INFO - Filling up the DagBag from /home/airflow/.local/lib/python3.12/site-packages/airflow/example_dags/example_python_decorator.py
[2026-06-03T06:04:13.443+0000] {processor.py:840} INFO - DAG(s) 'example_python_decorator' retrieved from /home/airflow/.local/lib/python3.12/site-packages/airflow/example_dags/example_python_decorator.py
[2026-06-03T06:04:13.461+0000] {logging_mixin.py:188} INFO - [2026-06-03T06:04:13.461+0000] {dag.py:3089} INFO - Sync 1 DAGs
[2026-06-03T06:04:13.471+0000] {logging_mixin.py:188} INFO - [2026-06-03T06:04:13.471+0000] {dag.py:3947} INFO - Setting next_dagrun for example_python_decorator to None, run_after=None
[2026-06-03T06:04:13.487+0000] {processor.py:183} INFO - Processing /home/airflow/.local/lib/python3.12/site-packages/airflow/example_dags/example_python_decorator.py took 0.063 seconds
[2026-06-03T06:04:43.715+0000] {processor.py:161} INFO - Started process (PID=260) to work on /home/airflow/.local/lib/python3.12/site-packages/airflow/example_dags/example_python_decorator.py
[2026-06-03T06:04:43.716+0000] {processor.py:830} INFO - Processing file /home/airflow/.local/lib/python3.12/site-packages/airflow/example_dags/example_python_decorator.py for tasks to queue
[2026-06-03T06:04:43.717+0000] {logging_mixin.py:188} INFO - [2026-06-03T06:04:43.717+0000] {dagbag.py:545} INFO - Filling up the DagBag from /home/airflow/.local/lib/python3.12/site-packages/airflow/example_dags/example_python_decorator.py
[2026-06-03T06:04:43.728+0000] {processor.py:840} INFO - DAG(s) 'example_python_decorator' retrieved from /home/airflow/.local/lib/python3.12/site-packages/airflow/example_dags/example_python_decorator.py
[2026-06-03T06:04:43.747+0000] {logging_mixin.py:188} INFO - [2026-06-03T06:04:43.747+0000] {dag.py:3089} INFO - Sync 1 DAGs
[2026-06-03T06:04:43.759+0000] {logging_mixin.py:188} INFO - [2026-06-03T06:04:43.758+0000] {dag.py:3947} INFO - Setting next_dagrun for example_python_decorator to None, run_after=None
[2026-06-03T06:04:43.774+0000] {processor.py:183} INFO - Processing /home/airflow/.local/lib/python3.12/site-packages/airflow/example_dags/example_python_decorator.py took 0.064 seconds
[2026-06-03T06:05:14.324+0000] {processor.py:161} INFO - Started process (PID=318) to work on /home/airflow/.local/lib/python3.12/site-packages/airflow/example_dags/example_python_decorator.py
[2026-06-03T06:05:14.325+0000] {processor.py:830} INFO - Processing file /home/airflow/.local/lib/python3.12/site-packages/airflow/example_dags/example_python_decorator.py for tasks to queue
[2026-06-03T06:05:14.327+0000] {logging_mixin.py:188} INFO - [2026-06-03T06:05:14.326+0000] {dagbag.py:545} INFO - Filling up the DagBag from /home/airflow/.local/lib/python3.12/site-packages/airflow/example_dags/example_python_decorator.py
[2026-06-03T06:05:14.339+0000] {processor.py:840} INFO - DAG(s) 'example_python_decorator' retrieved from /home/airflow/.local/lib/python3.12/site-packages/airflow/example_dags/example_python_decorator.py
[2026-06-03T06:05:14.358+0000] {logging_mixin.py:188} INFO - [2026-06-03T06:05:14.358+0000] {dag.py:3089} INFO - Sync 1 DAGs
[2026-06-03T06:05:14.372+0000] {logging_mixin.py:188} INFO - [2026-06-03T06:05:14.372+0000] {dag.py:3947} INFO - Setting next_dagrun for example_python_decorator to None, run_after=None
[2026-06-03T06:05:14.394+0000] {processor.py:183} INFO - Processing /home/airflow/.local/lib/python3.12/site-packages/airflow/example_dags/example_python_decorator.py took 0.076 seconds
[2026-06-03T06:05:44.710+0000] {processor.py:161} INFO - Started process (PID=376) to work on /home/airflow/.local/lib/python3.12/site-packages/airflow/example_dags/example_python_decorator.py
[2026-06-03T06:05:44.711+0000] {processor.py:830} INFO - Processing file /home/airflow/.local/lib/python3.12/site-packages/airflow/example_dags/example_python_decorator.py for tasks to queue
[2026-06-03T06:05:44.712+0000] {logging_mixin.py:188} INFO - [2026-06-03T06:05:44.712+0000] {dagbag.py:545} INFO - Filling up the DagBag from /home/airflow/.local/lib/python3.12/site-packages/airflow/example_dags/example_python_decorator.py
[2026-06-03T06:05:44.723+0000] {processor.py:840} INFO - DAG(s) 'example_python_decorator' retrieved from /home/airflow/.local/lib/python3.12/site-packages/airflow/example_dags/example_python_decorator.py
[2026-06-03T06:05:44.740+0000] {logging_mixin.py:188} INFO - [2026-06-03T06:05:44.740+0000] {dag.py:3089} INFO - Sync 1 DAGs
[2026-06-03T06:05:44.750+0000] {logging_mixin.py:188} INFO - [2026-06-03T06:05:44.750+0000] {dag.py:3947} INFO - Setting next_dagrun for example_python_decorator to None, run_after=None
[2026-06-03T06:05:44.777+0000] {processor.py:183} INFO - Processing /home/airflow/.local/lib/python3.12/site-packages/airflow/example_dags/example_python_decorator.py took 0.072 seconds
[2026-06-03T06:06:15.542+0000] {processor.py:161} INFO - Started process (PID=434) to work on /home/airflow/.local/lib/python3.12/site-packages/airflow/example_dags/example_python_decorator.py
[2026-06-03T06:06:15.543+0000] {processor.py:830} INFO - Processing file /home/airflow/.local/lib/python3.12/site-packages/airflow/example_dags/example_python_decorator.py for tasks to queue
[2026-06-03T06:06:15.545+0000] {logging_mixin.py:188} INFO - [2026-06-03T06:06:15.544+0000] {dagbag.py:545} INFO - Filling up the DagBag from /home/airflow/.local/lib/python3.12/site-packages/airflow/example_dags/example_python_decorator.py
[2026-06-03T06:06:15.554+0000] {processor.py:840} INFO - DAG(s) 'example_python_decorator' retrieved from /home/airflow/.local/lib/python3.12/site-packages/airflow/example_dags/example_python_decorator.py
[2026-06-03T06:06:15.571+0000] {logging_mixin.py:188} INFO - [2026-06-03T06:06:15.571+0000] {dag.py:3089} INFO - Sync 1 DAGs
[2026-06-03T06:06:15.581+0000] {logging_mixin.py:188} INFO - [2026-06-03T06:06:15.580+0000] {dag.py:3947} INFO - Setting next_dagrun for example_python_decorator to None, run_after=None
[2026-06-03T06:06:15.594+0000] {processor.py:183} INFO - Processing /home/airflow/.local/lib/python3.12/site-packages/airflow/example_dags/example_python_decorator.py took 0.057 seconds
[2026-06-03T06:06:46.210+0000] {processor.py:161} INFO - Started process (PID=492) to work on /home/airflow/.local/lib/python3.12/site-packages/airflow/example_dags/example_python_decorator.py
[2026-06-03T06:06:46.211+0000] {processor.py:830} INFO - Processing file /home/airflow/.local/lib/python3.12/site-packages/airflow/example_dags/example_python_decorator.py for tasks to queue
[2026-06-03T06:06:46.213+0000] {logging_mixin.py:188} INFO - [2026-06-03T06:06:46.212+0000] {dagbag.py:545} INFO - Filling up the DagBag from /home/airflow/.local/lib/python3.12/site-packages/airflow/example_dags/example_python_decorator.py
[2026-06-03T06:06:46.223+0000] {processor.py:840} INFO - DAG(s) 'example_python_decorator' retrieved from /home/airflow/.local/lib/python3.12/site-packages/airflow/example_dags/example_python_decorator.py
[2026-06-03T06:06:46.241+0000] {logging_mixin.py:188} INFO - [2026-06-03T06:06:46.241+0000] {dag.py:3089} INFO - Sync 1 DAGs
[2026-06-03T06:06:46.251+0000] {logging_mixin.py:188} INFO - [2026-06-03T06:06:46.251+0000] {dag.py:3947} INFO - Setting next_dagrun for example_python_decorator to None, run_after=None
[2026-06-03T06:06:46.266+0000] {processor.py:183} INFO - Processing /home/airflow/.local/lib/python3.12/site-packages/airflow/example_dags/example_python_decorator.py took 0.060 seconds
[2026-06-03T06:07:16.411+0000] {processor.py:161} INFO - Started process (PID=550) to work on /home/airflow/.local/lib/python3.12/site-packages/airflow/example_dags/example_python_decorator.py
[2026-06-03T06:07:16.412+0000] {processor.py:830} INFO - Processing file /home/airflow/.local/lib/python3.12/site-packages/airflow/example_dags/example_python_decorator.py for tasks to queue
[2026-06-03T06:07:16.413+0000] {logging_mixin.py:188} INFO - [2026-06-03T06:07:16.413+0000] {dagbag.py:545} INFO - Filling up the DagBag from /home/airflow/.local/lib/python3.12/site-packages/airflow/example_dags/example_python_decorator.py
[2026-06-03T06:07:16.424+0000] {processor.py:840} INFO - DAG(s) 'example_python_decorator' retrieved from /home/airflow/.local/lib/python3.12/site-packages/airflow/example_dags/example_python_decorator.py
[2026-06-03T06:07:16.443+0000] {logging_mixin.py:188} INFO - [2026-06-03T06:07:16.443+0000] {dag.py:3089} INFO - Sync 1 DAGs
[2026-06-03T06:07:16.454+0000] {logging_mixin.py:188} INFO - [2026-06-03T06:07:16.454+0000] {dag.py:3947} INFO - Setting next_dagrun for example_python_decorator to None, run_after=None
[2026-06-03T06:07:16.475+0000] {processor.py:183} INFO - Processing /home/airflow/.local/lib/python3.12/site-packages/airflow/example_dags/example_python_decorator.py took 0.069 seconds
[2026-06-03T06:07:46.802+0000] {processor.py:161} INFO - Started process (PID=608) to work on /home/airflow/.local/lib/python3.12/site-packages/airflow/example_dags/example_python_decorator.py
[2026-06-03T06:07:46.803+0000] {processor.py:830} INFO - Processing file /home/airflow/.local/lib/python3.12/site-packages/airflow/example_dags/example_python_decorator.py for tasks to queue
[2026-06-03T06:07:46.804+0000] {logging_mixin.py:188} INFO - [2026-06-03T06:07:46.804+0000] {dagbag.py:545} INFO - Filling up the DagBag from /home/airflow/.local/lib/python3.12/site-packages/airflow/example_dags/example_python_decorator.py
[2026-06-03T06:07:46.814+0000] {processor.py:840} INFO - DAG(s) 'example_python_decorator' retrieved from /home/airflow/.local/lib/python3.12/site-packages/airflow/example_dags/example_python_decorator.py
[2026-06-03T06:07:46.832+0000] {logging_mixin.py:188} INFO - [2026-06-03T06:07:46.832+0000] {dag.py:3089} INFO - Sync 1 DAGs
[2026-06-03T06:07:46.842+0000] {logging_mixin.py:188} INFO - [2026-06-03T06:07:46.842+0000] {dag.py:3947} INFO - Setting next_dagrun for example_python_decorator to None, run_after=None
[2026-06-03T06:07:46.857+0000] {processor.py:183} INFO - Processing /home/airflow/.local/lib/python3.12/site-packages/airflow/example_dags/example_python_decorator.py took 0.060 seconds
[2026-06-03T06:08:17.172+0000] {processor.py:161} INFO - Started process (PID=666) to work on /home/airflow/.local/lib/python3.12/site-packages/airflow/example_dags/example_python_decorator.py
[2026-06-03T06:08:17.173+0000] {processor.py:830} INFO - Processing file /home/airflow/.local/lib/python3.12/site-packages/airflow/example_dags/example_python_decorator.py for tasks to queue
[2026-06-03T06:08:17.174+0000] {logging_mixin.py:188} INFO - [2026-06-03T06:08:17.174+0000] {dagbag.py:545} INFO - Filling up the DagBag from /home/airflow/.local/lib/python3.12/site-packages/airflow/example_dags/example_python_decorator.py
[2026-06-03T06:08:17.184+0000] {processor.py:840} INFO - DAG(s) 'example_python_decorator' retrieved from /home/airflow/.local/lib/python3.12/site-packages/airflow/example_dags/example_python_decorator.py
[2026-06-03T06:08:17.202+0000] {logging_mixin.py:188} INFO - [2026-06-03T06:08:17.202+0000] {dag.py:3089} INFO - Sync 1 DAGs
[2026-06-03T06:08:17.213+0000] {logging_mixin.py:188} INFO - [2026-06-03T06:08:17.212+0000] {dag.py:3947} INFO - Setting next_dagrun for example_python_decorator to None, run_after=None
[2026-06-03T06:08:17.227+0000] {processor.py:183} INFO - Processing /home/airflow/.local/lib/python3.12/site-packages/airflow/example_dags/example_python_decorator.py took 0.060 seconds
[2026-06-03T06:08:48.347+0000] {processor.py:161} INFO - Started process (PID=724) to work on /home/airflow/.local/lib/python3.12/site-packages/airflow/example_dags/example_python_decorator.py
[2026-06-03T06:08:48.365+0000] {processor.py:830} INFO - Processing file /home/airflow/.local/lib/python3.12/site-packages/airflow/example_dags/example_python_decorator.py for tasks to queue
[2026-06-03T06:08:48.367+0000] {logging_mixin.py:188} INFO - [2026-06-03T06:08:48.367+0000] {dagbag.py:545} INFO - Filling up the DagBag from /home/airflow/.local/lib/python3.12/site-packages/airflow/example_dags/example_python_decorator.py
[2026-06-03T06:08:48.608+0000] {processor.py:840} INFO - DAG(s) 'example_python_decorator' retrieved from /home/airflow/.local/lib/python3.12/site-packages/airflow/example_dags/example_python_decorator.py
[2026-06-03T06:08:49.006+0000] {logging_mixin.py:188} INFO - [2026-06-03T06:08:49.005+0000] {dag.py:3089} INFO - Sync 1 DAGs
[2026-06-03T06:08:49.052+0000] {logging_mixin.py:188} INFO - [2026-06-03T06:08:49.051+0000] {dag.py:3947} INFO - Setting next_dagrun for example_python_decorator to None, run_after=None
[2026-06-03T06:08:49.120+0000] {processor.py:183} INFO - Processing /home/airflow/.local/lib/python3.12/site-packages/airflow/example_dags/example_python_decorator.py took 0.784 seconds
[2026-06-03T06:09:20.056+0000] {processor.py:161} INFO - Started process (PID=781) to work on /home/airflow/.local/lib/python3.12/site-packages/airflow/example_dags/example_python_decorator.py
[2026-06-03T06:09:20.058+0000] {processor.py:830} INFO - Processing file /home/airflow/.local/lib/python3.12/site-packages/airflow/example_dags/example_python_decorator.py for tasks to queue
[2026-06-03T06:09:20.059+0000] {logging_mixin.py:188} INFO - [2026-06-03T06:09:20.059+0000] {dagbag.py:545} INFO - Filling up the DagBag from /home/airflow/.local/lib/python3.12/site-packages/airflow/example_dags/example_python_decorator.py
[2026-06-03T06:09:20.070+0000] {processor.py:840} INFO - DAG(s) 'example_python_decorator' retrieved from /home/airflow/.local/lib/python3.12/site-packages/airflow/example_dags/example_python_decorator.py
[2026-06-03T06:09:20.089+0000] {logging_mixin.py:188} INFO - [2026-06-03T06:09:20.089+0000] {dag.py:3089} INFO - Sync 1 DAGs
[2026-06-03T06:09:20.100+0000] {logging_mixin.py:188} INFO - [2026-06-03T06:09:20.100+0000] {dag.py:3947} INFO - Setting next_dagrun for example_python_decorator to None, run_after=None
[2026-06-03T06:09:20.120+0000] {processor.py:183} INFO - Processing /home/airflow/.local/lib/python3.12/site-packages/airflow/example_dags/example_python_decorator.py took 0.070 seconds
[2026-06-03T06:09:50.180+0000] {processor.py:161} INFO - Started process (PID=839) to work on /home/airflow/.local/lib/python3.12/site-packages/airflow/example_dags/example_python_decorator.py
[2026-06-03T06:09:50.180+0000] {processor.py:830} INFO - Processing file /home/airflow/.local/lib/python3.12/site-packages/airflow/example_dags/example_python_decorator.py for tasks to queue
[2026-06-03T06:09:50.182+0000] {logging_mixin.py:188} INFO - [2026-06-03T06:09:50.182+0000] {dagbag.py:545} INFO - Filling up the DagBag from /home/airflow/.local/lib/python3.12/site-packages/airflow/example_dags/example_python_decorator.py
[2026-06-03T06:09:50.192+0000] {processor.py:840} INFO - DAG(s) 'example_python_decorator' retrieved from /home/airflow/.local/lib/python3.12/site-packages/airflow/example_dags/example_python_decorator.py
[2026-06-03T06:09:50.211+0000] {logging_mixin.py:188} INFO - [2026-06-03T06:09:50.211+0000] {dag.py:3089} INFO - Sync 1 DAGs
[2026-06-03T06:09:50.222+0000] {logging_mixin.py:188} INFO - [2026-06-03T06:09:50.222+0000] {dag.py:3947} INFO - Setting next_dagrun for example_python_decorator to None, run_after=None
[2026-06-03T06:09:50.237+0000] {processor.py:183} INFO - Processing /home/airflow/.local/lib/python3.12/site-packages/airflow/example_dags/example_python_decorator.py took 0.063 seconds
[2026-06-03T06:10:20.560+0000] {processor.py:161} INFO - Started process (PID=896) to work on /home/airflow/.local/lib/python3.12/site-packages/airflow/example_dags/example_python_decorator.py
[2026-06-03T06:10:20.561+0000] {processor.py:830} INFO - Processing file /home/airflow/.local/lib/python3.12/site-packages/airflow/example_dags/example_python_decorator.py for tasks to queue
[2026-06-03T06:10:20.563+0000] {logging_mixin.py:188} INFO - [2026-06-03T06:10:20.563+0000] {dagbag.py:545} INFO - Filling up the DagBag from /home/airflow/.local/lib/python3.12/site-packages/airflow/example_dags/example_python_decorator.py
[2026-06-03T06:10:20.573+0000] {processor.py:840} INFO - DAG(s) 'example_python_decorator' retrieved from /home/airflow/.local/lib/python3.12/site-packages/airflow/example_dags/example_python_decorator.py
[2026-06-03T06:10:20.591+0000] {logging_mixin.py:188} INFO - [2026-06-03T06:10:20.591+0000] {dag.py:3089} INFO - Sync 1 DAGs
[2026-06-03T06:10:20.601+0000] {logging_mixin.py:188} INFO - [2026-06-03T06:10:20.601+0000] {dag.py:3947} INFO - Setting next_dagrun for example_python_decorator to None, run_after=None
[2026-06-03T06:10:20.616+0000] {processor.py:183} INFO - Processing /home/airflow/.local/lib/python3.12/site-packages/airflow/example_dags/example_python_decorator.py took 0.061 seconds
[2026-06-03T06:10:51.036+0000] {processor.py:161} INFO - Started process (PID=954) to work on /home/airflow/.local/lib/python3.12/site-packages/airflow/example_dags/example_python_decorator.py
[2026-06-03T06:10:51.036+0000] {processor.py:830} INFO - Processing file /home/airflow/.local/lib/python3.12/site-packages/airflow/example_dags/example_python_decorator.py for tasks to queue
[2026-06-03T06:10:51.037+0000] {logging_mixin.py:188} INFO - [2026-06-03T06:10:51.037+0000] {dagbag.py:545} INFO - Filling up the DagBag from /home/airflow/.local/lib/python3.12/site-packages/airflow/example_dags/example_python_decorator.py
[2026-06-03T06:10:51.048+0000] {processor.py:840} INFO - DAG(s) 'example_python_decorator' retrieved from /home/airflow/.local/lib/python3.12/site-packages/airflow/example_dags/example_python_decorator.py
[2026-06-03T06:10:51.066+0000] {logging_mixin.py:188} INFO - [2026-06-03T06:10:51.066+0000] {dag.py:3089} INFO - Sync 1 DAGs
[2026-06-03T06:10:51.076+0000] {logging_mixin.py:188} INFO - [2026-06-03T06:10:51.076+0000] {dag.py:3947} INFO - Setting next_dagrun for example_python_decorator to None, run_after=None
[2026-06-03T06:10:51.092+0000] {processor.py:183} INFO - Processing /home/airflow/.local/lib/python3.12/site-packages/airflow/example_dags/example_python_decorator.py took 0.061 seconds
[2026-06-03T06:11:21.412+0000] {processor.py:161} INFO - Started process (PID=1012) to work on /home/airflow/.local/lib/python3.12/site-packages/airflow/example_dags/example_python_decorator.py
[2026-06-03T06:11:21.413+0000] {processor.py:830} INFO - Processing file /home/airflow/.local/lib/python3.12/site-packages/airflow/example_dags/example_python_decorator.py for tasks to queue
[2026-06-03T06:11:21.415+0000] {logging_mixin.py:188} INFO - [2026-06-03T06:11:21.414+0000] {dagbag.py:545} INFO - Filling up the DagBag from /home/airflow/.local/lib/python3.12/site-packages/airflow/example_dags/example_python_decorator.py
[2026-06-03T06:11:21.425+0000] {processor.py:840} INFO - DAG(s) 'example_python_decorator' retrieved from /home/airflow/.local/lib/python3.12/site-packages/airflow/example_dags/example_python_decorator.py
[2026-06-03T06:11:21.443+0000] {logging_mixin.py:188} INFO - [2026-06-03T06:11:21.442+0000] {dag.py:3089} INFO - Sync 1 DAGs
[2026-06-03T06:11:21.453+0000] {logging_mixin.py:188} INFO - [2026-06-03T06:11:21.453+0000] {dag.py:3947} INFO - Setting next_dagrun for example_python_decorator to None, run_after=None
[2026-06-03T06:11:21.469+0000] {processor.py:183} INFO - Processing /home/airflow/.local/lib/python3.12/site-packages/airflow/example_dags/example_python_decorator.py took 0.061 seconds
[2026-06-03T06:11:51.819+0000] {processor.py:161} INFO - Started process (PID=1070) to work on /home/airflow/.local/lib/python3.12/site-packages/airflow/example_dags/example_python_decorator.py
[2026-06-03T06:11:51.819+0000] {processor.py:830} INFO - Processing file /home/airflow/.local/lib/python3.12/site-packages/airflow/example_dags/example_python_decorator.py for tasks to queue
[2026-06-03T06:11:51.821+0000] {logging_mixin.py:188} INFO - [2026-06-03T06:11:51.820+0000] {dagbag.py:545} INFO - Filling up the DagBag from /home/airflow/.local/lib/python3.12/site-packages/airflow/example_dags/example_python_decorator.py
[2026-06-03T06:11:51.832+0000] {processor.py:840} INFO - DAG(s) 'example_python_decorator' retrieved from /home/airflow/.local/lib/python3.12/site-packages/airflow/example_dags/example_python_decorator.py
[2026-06-03T06:11:51.851+0000] {logging_mixin.py:188} INFO - [2026-06-03T06:11:51.851+0000] {dag.py:3089} INFO - Sync 1 DAGs
[2026-06-03T06:11:51.864+0000] {logging_mixin.py:188} INFO - [2026-06-03T06:11:51.863+0000] {dag.py:3947} INFO - Setting next_dagrun for example_python_decorator to None, run_after=None
[2026-06-03T06:11:51.888+0000] {processor.py:183} INFO - Processing /home/airflow/.local/lib/python3.12/site-packages/airflow/example_dags/example_python_decorator.py took 0.073 seconds
[2026-06-03T06:12:22.176+0000] {processor.py:161} INFO - Started process (PID=1128) to work on /home/airflow/.local/lib/python3.12/site-packages/airflow/example_dags/example_python_decorator.py
[2026-06-03T06:12:22.177+0000] {processor.py:830} INFO - Processing file /home/airflow/.local/lib/python3.12/site-packages/airflow/example_dags/example_python_decorator.py for tasks to queue
[2026-06-03T06:12:22.178+0000] {logging_mixin.py:188} INFO - [2026-06-03T06:12:22.178+0000] {dagbag.py:545} INFO - Filling up the DagBag from /home/airflow/.local/lib/python3.12/site-packages/airflow/example_dags/example_python_decorator.py
[2026-06-03T06:12:22.188+0000] {processor.py:840} INFO - DAG(s) 'example_python_decorator' retrieved from /home/airflow/.local/lib/python3.12/site-packages/airflow/example_dags/example_python_decorator.py
[2026-06-03T06:12:22.206+0000] {logging_mixin.py:188} INFO - [2026-06-03T06:12:22.206+0000] {dag.py:3089} INFO - Sync 1 DAGs
[2026-06-03T06:12:22.216+0000] {logging_mixin.py:188} INFO - [2026-06-03T06:12:22.216+0000] {dag.py:3947} INFO - Setting next_dagrun for example_python_decorator to None, run_after=None
[2026-06-03T06:12:22.231+0000] {processor.py:183} INFO - Processing /home/airflow/.local/lib/python3.12/site-packages/airflow/example_dags/example_python_decorator.py took 0.060 seconds
[2026-06-03T06:12:52.330+0000] {processor.py:161} INFO - Started process (PID=1186) to work on /home/airflow/.local/lib/python3.12/site-packages/airflow/example_dags/example_python_decorator.py
[2026-06-03T06:12:52.331+0000] {processor.py:830} INFO - Processing file /home/airflow/.local/lib/python3.12/site-packages/airflow/example_dags/example_python_decorator.py for tasks to queue
[2026-06-03T06:12:52.332+0000] {logging_mixin.py:188} INFO - [2026-06-03T06:12:52.332+0000] {dagbag.py:545} INFO - Filling up the DagBag from /home/airflow/.local/lib/python3.12/site-packages/airflow/example_dags/example_python_decorator.py
[2026-06-03T06:12:52.343+0000] {processor.py:840} INFO - DAG(s) 'example_python_decorator' retrieved from /home/airflow/.local/lib/python3.12/site-packages/airflow/example_dags/example_python_decorator.py
[2026-06-03T06:12:52.361+0000] {logging_mixin.py:188} INFO - [2026-06-03T06:12:52.361+0000] {dag.py:3089} INFO - Sync 1 DAGs
[2026-06-03T06:12:52.371+0000] {logging_mixin.py:188} INFO - [2026-06-03T06:12:52.371+0000] {dag.py:3947} INFO - Setting next_dagrun for example_python_decorator to None, run_after=None
[2026-06-03T06:12:52.388+0000] {processor.py:183} INFO - Processing /home/airflow/.local/lib/python3.12/site-packages/airflow/example_dags/example_python_decorator.py took 0.062 seconds
[2026-06-03T06:13:22.736+0000] {processor.py:161} INFO - Started process (PID=1243) to work on /home/airflow/.local/lib/python3.12/site-packages/airflow/example_dags/example_python_decorator.py
[2026-06-03T06:13:22.737+0000] {processor.py:830} INFO - Processing file /home/airflow/.local/lib/python3.12/site-packages/airflow/example_dags/example_python_decorator.py for tasks to queue
[2026-06-03T06:13:22.739+0000] {logging_mixin.py:188} INFO - [2026-06-03T06:13:22.738+0000] {dagbag.py:545} INFO - Filling up the DagBag from /home/airflow/.local/lib/python3.12/site-packages/airflow/example_dags/example_python_decorator.py
[2026-06-03T06:13:22.750+0000] {processor.py:840} INFO - DAG(s) 'example_python_decorator' retrieved from /home/airflow/.local/lib/python3.12/site-packages/airflow/example_dags/example_python_decorator.py
[2026-06-03T06:13:22.769+0000] {logging_mixin.py:188} INFO - [2026-06-03T06:13:22.768+0000] {dag.py:3089} INFO - Sync 1 DAGs
[2026-06-03T06:13:22.781+0000] {logging_mixin.py:188} INFO - [2026-06-03T06:13:22.781+0000] {dag.py:3947} INFO - Setting next_dagrun for example_python_decorator to None, run_after=None
[2026-06-03T06:13:22.797+0000] {processor.py:183} INFO - Processing /home/airflow/.local/lib/python3.12/site-packages/airflow/example_dags/example_python_decorator.py took 0.066 seconds
[2026-06-03T06:13:52.917+0000] {processor.py:161} INFO - Started process (PID=1301) to work on /home/airflow/.local/lib/python3.12/site-packages/airflow/example_dags/example_python_decorator.py
[2026-06-03T06:13:52.918+0000] {processor.py:830} INFO - Processing file /home/airflow/.local/lib/python3.12/site-packages/airflow/example_dags/example_python_decorator.py for tasks to queue
[2026-06-03T06:13:52.919+0000] {logging_mixin.py:188} INFO - [2026-06-03T06:13:52.919+0000] {dagbag.py:545} INFO - Filling up the DagBag from /home/airflow/.local/lib/python3.12/site-packages/airflow/example_dags/example_python_decorator.py
[2026-06-03T06:13:52.930+0000] {processor.py:840} INFO - DAG(s) 'example_python_decorator' retrieved from /home/airflow/.local/lib/python3.12/site-packages/airflow/example_dags/example_python_decorator.py
[2026-06-03T06:13:52.948+0000] {logging_mixin.py:188} INFO - [2026-06-03T06:13:52.948+0000] {dag.py:3089} INFO - Sync 1 DAGs
[2026-06-03T06:13:52.958+0000] {logging_mixin.py:188} INFO - [2026-06-03T06:13:52.958+0000] {dag.py:3947} INFO - Setting next_dagrun for example_python_decorator to None, run_after=None
[2026-06-03T06:13:52.973+0000] {processor.py:183} INFO - Processing /home/airflow/.local/lib/python3.12/site-packages/airflow/example_dags/example_python_decorator.py took 0.060 seconds
[2026-06-03T06:14:23.249+0000] {processor.py:161} INFO - Started process (PID=1359) to work on /home/airflow/.local/lib/python3.12/site-packages/airflow/example_dags/example_python_decorator.py
[2026-06-03T06:14:23.250+0000] {processor.py:830} INFO - Processing file /home/airflow/.local/lib/python3.12/site-packages/airflow/example_dags/example_python_decorator.py for tasks to queue
[2026-06-03T06:14:23.251+0000] {logging_mixin.py:188} INFO - [2026-06-03T06:14:23.251+0000] {dagbag.py:545} INFO - Filling up the DagBag from /home/airflow/.local/lib/python3.12/site-packages/airflow/example_dags/example_python_decorator.py
[2026-06-03T06:14:23.262+0000] {processor.py:840} INFO - DAG(s) 'example_python_decorator' retrieved from /home/airflow/.local/lib/python3.12/site-packages/airflow/example_dags/example_python_decorator.py
[2026-06-03T06:14:23.279+0000] {logging_mixin.py:188} INFO - [2026-06-03T06:14:23.279+0000] {dag.py:3089} INFO - Sync 1 DAGs
[2026-06-03T06:14:23.290+0000] {logging_mixin.py:188} INFO - [2026-06-03T06:14:23.289+0000] {dag.py:3947} INFO - Setting next_dagrun for example_python_decorator to None, run_after=None
[2026-06-03T06:14:23.305+0000] {processor.py:183} INFO - Processing /home/airflow/.local/lib/python3.12/site-packages/airflow/example_dags/example_python_decorator.py took 0.060 seconds
[2026-06-03T06:14:53.571+0000] {processor.py:161} INFO - Started process (PID=1417) to work on /home/airflow/.local/lib/python3.12/site-packages/airflow/example_dags/example_python_decorator.py
[2026-06-03T06:14:53.572+0000] {processor.py:830} INFO - Processing file /home/airflow/.local/lib/python3.12/site-packages/airflow/example_dags/example_python_decorator.py for tasks to queue
[2026-06-03T06:14:53.573+0000] {logging_mixin.py:188} INFO - [2026-06-03T06:14:53.573+0000] {dagbag.py:545} INFO - Filling up the DagBag from /home/airflow/.local/lib/python3.12/site-packages/airflow/example_dags/example_python_decorator.py
[2026-06-03T06:14:53.583+0000] {processor.py:840} INFO - DAG(s) 'example_python_decorator' retrieved from /home/airflow/.local/lib/python3.12/site-packages/airflow/example_dags/example_python_decorator.py
[2026-06-03T06:14:53.601+0000] {logging_mixin.py:188} INFO - [2026-06-03T06:14:53.601+0000] {dag.py:3089} INFO - Sync 1 DAGs
[2026-06-03T06:14:53.612+0000] {logging_mixin.py:188} INFO - [2026-06-03T06:14:53.611+0000] {dag.py:3947} INFO - Setting next_dagrun for example_python_decorator to None, run_after=None
[2026-06-03T06:14:53.626+0000] {processor.py:183} INFO - Processing /home/airflow/.local/lib/python3.12/site-packages/airflow/example_dags/example_python_decorator.py took 0.060 seconds
[2026-06-03T06:15:23.842+0000] {processor.py:161} INFO - Started process (PID=1475) to work on /home/airflow/.local/lib/python3.12/site-packages/airflow/example_dags/example_python_decorator.py
[2026-06-03T06:15:23.843+0000] {processor.py:830} INFO - Processing file /home/airflow/.local/lib/python3.12/site-packages/airflow/example_dags/example_python_decorator.py for tasks to queue
[2026-06-03T06:15:23.844+0000] {logging_mixin.py:188} INFO - [2026-06-03T06:15:23.844+0000] {dagbag.py:545} INFO - Filling up the DagBag from /home/airflow/.local/lib/python3.12/site-packages/airflow/example_dags/example_python_decorator.py
[2026-06-03T06:15:23.855+0000] {processor.py:840} INFO - DAG(s) 'example_python_decorator' retrieved from /home/airflow/.local/lib/python3.12/site-packages/airflow/example_dags/example_python_decorator.py
[2026-06-03T06:15:23.872+0000] {logging_mixin.py:188} INFO - [2026-06-03T06:15:23.872+0000] {dag.py:3089} INFO - Sync 1 DAGs
[2026-06-03T06:15:23.883+0000] {logging_mixin.py:188} INFO - [2026-06-03T06:15:23.883+0000] {dag.py:3947} INFO - Setting next_dagrun for example_python_decorator to None, run_after=None
[2026-06-03T06:15:23.898+0000] {processor.py:183} INFO - Processing /home/airflow/.local/lib/python3.12/site-packages/airflow/example_dags/example_python_decorator.py took 0.061 seconds
[2026-06-03T06:15:54.248+0000] {processor.py:161} INFO - Started process (PID=1533) to work on /home/airflow/.local/lib/python3.12/site-packages/airflow/example_dags/example_python_decorator.py
[2026-06-03T06:15:54.249+0000] {processor.py:830} INFO - Processing file /home/airflow/.local/lib/python3.12/site-packages/airflow/example_dags/example_python_decorator.py for tasks to queue
[2026-06-03T06:15:54.251+0000] {logging_mixin.py:188} INFO - [2026-06-03T06:15:54.250+0000] {dagbag.py:545} INFO - Filling up the DagBag from /home/airflow/.local/lib/python3.12/site-packages/airflow/example_dags/example_python_decorator.py
[2026-06-03T06:15:54.262+0000] {processor.py:840} INFO - DAG(s) 'example_python_decorator' retrieved from /home/airflow/.local/lib/python3.12/site-packages/airflow/example_dags/example_python_decorator.py
[2026-06-03T06:15:54.281+0000] {logging_mixin.py:188} INFO - [2026-06-03T06:15:54.281+0000] {dag.py:3089} INFO - Sync 1 DAGs
[2026-06-03T06:15:54.291+0000] {logging_mixin.py:188} INFO - [2026-06-03T06:15:54.291+0000] {dag.py:3947} INFO - Setting next_dagrun for example_python_decorator to None, run_after=None
[2026-06-03T06:15:54.307+0000] {processor.py:183} INFO - Processing /home/airflow/.local/lib/python3.12/site-packages/airflow/example_dags/example_python_decorator.py took 0.064 seconds
[2026-06-03T06:16:24.611+0000] {processor.py:161} INFO - Started process (PID=1591) to work on /home/airflow/.local/lib/python3.12/site-packages/airflow/example_dags/example_python_decorator.py
[2026-06-03T06:16:24.611+0000] {processor.py:830} INFO - Processing file /home/airflow/.local/lib/python3.12/site-packages/airflow/example_dags/example_python_decorator.py for tasks to queue
[2026-06-03T06:16:24.613+0000] {logging_mixin.py:188} INFO - [2026-06-03T06:16:24.612+0000] {dagbag.py:545} INFO - Filling up the DagBag from /home/airflow/.local/lib/python3.12/site-packages/airflow/example_dags/example_python_decorator.py
[2026-06-03T06:16:24.624+0000] {processor.py:840} INFO - DAG(s) 'example_python_decorator' retrieved from /home/airflow/.local/lib/python3.12/site-packages/airflow/example_dags/example_python_decorator.py
[2026-06-03T06:16:24.643+0000] {logging_mixin.py:188} INFO - [2026-06-03T06:16:24.643+0000] {dag.py:3089} INFO - Sync 1 DAGs
[2026-06-03T06:16:24.654+0000] {logging_mixin.py:188} INFO - [2026-06-03T06:16:24.654+0000] {dag.py:3947} INFO - Setting next_dagrun for example_python_decorator to None, run_after=None
[2026-06-03T06:16:24.670+0000] {processor.py:183} INFO - Processing /home/airflow/.local/lib/python3.12/site-packages/airflow/example_dags/example_python_decorator.py took 0.064 seconds
[2026-06-03T06:16:55.001+0000] {processor.py:161} INFO - Started process (PID=1648) to work on /home/airflow/.local/lib/python3.12/site-packages/airflow/example_dags/example_python_decorator.py
[2026-06-03T06:16:55.002+0000] {processor.py:830} INFO - Processing file /home/airflow/.local/lib/python3.12/site-packages/airflow/example_dags/example_python_decorator.py for tasks to queue
[2026-06-03T06:16:55.003+0000] {logging_mixin.py:188} INFO - [2026-06-03T06:16:55.003+0000] {dagbag.py:545} INFO - Filling up the DagBag from /home/airflow/.local/lib/python3.12/site-packages/airflow/example_dags/example_python_decorator.py
[2026-06-03T06:16:55.013+0000] {processor.py:840} INFO - DAG(s) 'example_python_decorator' retrieved from /home/airflow/.local/lib/python3.12/site-packages/airflow/example_dags/example_python_decorator.py
[2026-06-03T06:16:55.031+0000] {logging_mixin.py:188} INFO - [2026-06-03T06:16:55.030+0000] {dag.py:3089} INFO - Sync 1 DAGs
[2026-06-03T06:16:55.041+0000] {logging_mixin.py:188} INFO - [2026-06-03T06:16:55.041+0000] {dag.py:3947} INFO - Setting next_dagrun for example_python_decorator to None, run_after=None
[2026-06-03T06:16:55.055+0000] {processor.py:183} INFO - Processing /home/airflow/.local/lib/python3.12/site-packages/airflow/example_dags/example_python_decorator.py took 0.059 seconds
[2026-06-03T06:17:25.134+0000] {processor.py:161} INFO - Started process (PID=1706) to work on /home/airflow/.local/lib/python3.12/site-packages/airflow/example_dags/example_python_decorator.py
[2026-06-03T06:17:25.134+0000] {processor.py:830} INFO - Processing file /home/airflow/.local/lib/python3.12/site-packages/airflow/example_dags/example_python_decorator.py for tasks to queue
[2026-06-03T06:17:25.136+0000] {logging_mixin.py:188} INFO - [2026-06-03T06:17:25.135+0000] {dagbag.py:545} INFO - Filling up the DagBag from /home/airflow/.local/lib/python3.12/site-packages/airflow/example_dags/example_python_decorator.py
[2026-06-03T06:17:25.146+0000] {processor.py:840} INFO - DAG(s) 'example_python_decorator' retrieved from /home/airflow/.local/lib/python3.12/site-packages/airflow/example_dags/example_python_decorator.py
[2026-06-03T06:17:25.164+0000] {logging_mixin.py:188} INFO - [2026-06-03T06:17:25.164+0000] {dag.py:3089} INFO - Sync 1 DAGs
[2026-06-03T06:17:25.174+0000] {logging_mixin.py:188} INFO - [2026-06-03T06:17:25.174+0000] {dag.py:3947} INFO - Setting next_dagrun for example_python_decorator to None, run_after=None
[2026-06-03T06:17:25.189+0000] {processor.py:183} INFO - Processing /home/airflow/.local/lib/python3.12/site-packages/airflow/example_dags/example_python_decorator.py took 0.060 seconds
[2026-06-03T06:17:55.492+0000] {processor.py:161} INFO - Started process (PID=1763) to work on /home/airflow/.local/lib/python3.12/site-packages/airflow/example_dags/example_python_decorator.py
[2026-06-03T06:17:55.493+0000] {processor.py:830} INFO - Processing file /home/airflow/.local/lib/python3.12/site-packages/airflow/example_dags/example_python_decorator.py for tasks to queue
[2026-06-03T06:17:55.495+0000] {logging_mixin.py:188} INFO - [2026-06-03T06:17:55.494+0000] {dagbag.py:545} INFO - Filling up the DagBag from /home/airflow/.local/lib/python3.12/site-packages/airflow/example_dags/example_python_decorator.py
[2026-06-03T06:17:55.506+0000] {processor.py:840} INFO - DAG(s) 'example_python_decorator' retrieved from /home/airflow/.local/lib/python3.12/site-packages/airflow/example_dags/example_python_decorator.py
[2026-06-03T06:17:55.526+0000] {logging_mixin.py:188} INFO - [2026-06-03T06:17:55.526+0000] {dag.py:3089} INFO - Sync 1 DAGs
[2026-06-03T06:17:55.541+0000] {logging_mixin.py:188} INFO - [2026-06-03T06:17:55.540+0000] {dag.py:3947} INFO - Setting next_dagrun for example_python_decorator to None, run_after=None
[2026-06-03T06:17:55.560+0000] {processor.py:183} INFO - Processing /home/airflow/.local/lib/python3.12/site-packages/airflow/example_dags/example_python_decorator.py took 0.073 seconds
[2026-06-03T06:18:26.274+0000] {processor.py:161} INFO - Started process (PID=1821) to work on /home/airflow/.local/lib/python3.12/site-packages/airflow/example_dags/example_python_decorator.py
[2026-06-03T06:18:26.274+0000] {processor.py:830} INFO - Processing file /home/airflow/.local/lib/python3.12/site-packages/airflow/example_dags/example_python_decorator.py for tasks to queue
[2026-06-03T06:18:26.276+0000] {logging_mixin.py:188} INFO - [2026-06-03T06:18:26.275+0000] {dagbag.py:545} INFO - Filling up the DagBag from /home/airflow/.local/lib/python3.12/site-packages/airflow/example_dags/example_python_decorator.py
[2026-06-03T06:18:26.286+0000] {processor.py:840} INFO - DAG(s) 'example_python_decorator' retrieved from /home/airflow/.local/lib/python3.12/site-packages/airflow/example_dags/example_python_decorator.py
[2026-06-03T06:18:26.305+0000] {logging_mixin.py:188} INFO - [2026-06-03T06:18:26.304+0000] {dag.py:3089} INFO - Sync 1 DAGs
[2026-06-03T06:18:26.425+0000] {logging_mixin.py:188} INFO - [2026-06-03T06:18:26.425+0000] {dag.py:3947} INFO - Setting next_dagrun for example_python_decorator to None, run_after=None
[2026-06-03T06:18:26.439+0000] {processor.py:183} INFO - Processing /home/airflow/.local/lib/python3.12/site-packages/airflow/example_dags/example_python_decorator.py took 0.170 seconds
[2026-06-03T06:18:57.326+0000] {processor.py:161} INFO - Started process (PID=1879) to work on /home/airflow/.local/lib/python3.12/site-packages/airflow/example_dags/example_python_decorator.py
[2026-06-03T06:18:57.327+0000] {processor.py:830} INFO - Processing file /home/airflow/.local/lib/python3.12/site-packages/airflow/example_dags/example_python_decorator.py for tasks to queue
[2026-06-03T06:18:57.329+0000] {logging_mixin.py:188} INFO - [2026-06-03T06:18:57.328+0000] {dagbag.py:545} INFO - Filling up the DagBag from /home/airflow/.local/lib/python3.12/site-packages/airflow/example_dags/example_python_decorator.py
[2026-06-03T06:18:57.339+0000] {processor.py:840} INFO - DAG(s) 'example_python_decorator' retrieved from /home/airflow/.local/lib/python3.12/site-packages/airflow/example_dags/example_python_decorator.py
[2026-06-03T06:18:57.357+0000] {logging_mixin.py:188} INFO - [2026-06-03T06:18:57.357+0000] {dag.py:3089} INFO - Sync 1 DAGs
[2026-06-03T06:18:57.368+0000] {logging_mixin.py:188} INFO - [2026-06-03T06:18:57.368+0000] {dag.py:3947} INFO - Setting next_dagrun for example_python_decorator to None, run_after=None
[2026-06-03T06:18:57.383+0000] {processor.py:183} INFO - Processing /home/airflow/.local/lib/python3.12/site-packages/airflow/example_dags/example_python_decorator.py took 0.062 seconds
[2026-06-03T06:19:28.300+0000] {processor.py:161} INFO - Started process (PID=1937) to work on /home/airflow/.local/lib/python3.12/site-packages/airflow/example_dags/example_python_decorator.py
[2026-06-03T06:19:28.301+0000] {processor.py:830} INFO - Processing file /home/airflow/.local/lib/python3.12/site-packages/airflow/example_dags/example_python_decorator.py for tasks to queue
[2026-06-03T06:19:28.302+0000] {logging_mixin.py:188} INFO - [2026-06-03T06:19:28.302+0000] {dagbag.py:545} INFO - Filling up the DagBag from /home/airflow/.local/lib/python3.12/site-packages/airflow/example_dags/example_python_decorator.py
[2026-06-03T06:19:28.313+0000] {processor.py:840} INFO - DAG(s) 'example_python_decorator' retrieved from /home/airflow/.local/lib/python3.12/site-packages/airflow/example_dags/example_python_decorator.py
[2026-06-03T06:19:28.331+0000] {logging_mixin.py:188} INFO - [2026-06-03T06:19:28.331+0000] {dag.py:3089} INFO - Sync 1 DAGs
[2026-06-03T06:19:28.341+0000] {logging_mixin.py:188} INFO - [2026-06-03T06:19:28.341+0000] {dag.py:3947} INFO - Setting next_dagrun for example_python_decorator to None, run_after=None
[2026-06-03T06:19:28.358+0000] {processor.py:183} INFO - Processing /home/airflow/.local/lib/python3.12/site-packages/airflow/example_dags/example_python_decorator.py took 0.063 seconds
[2026-06-03T06:19:58.665+0000] {processor.py:161} INFO - Started process (PID=1995) to work on /home/airflow/.local/lib/python3.12/site-packages/airflow/example_dags/example_python_decorator.py
[2026-06-03T06:19:58.666+0000] {processor.py:830} INFO - Processing file /home/airflow/.local/lib/python3.12/site-packages/airflow/example_dags/example_python_decorator.py for tasks to queue
[2026-06-03T06:19:58.667+0000] {logging_mixin.py:188} INFO - [2026-06-03T06:19:58.667+0000] {dagbag.py:545} INFO - Filling up the DagBag from /home/airflow/.local/lib/python3.12/site-packages/airflow/example_dags/example_python_decorator.py
[2026-06-03T06:19:58.678+0000] {processor.py:840} INFO - DAG(s) 'example_python_decorator' retrieved from /home/airflow/.local/lib/python3.12/site-packages/airflow/example_dags/example_python_decorator.py
[2026-06-03T06:19:58.695+0000] {logging_mixin.py:188} INFO - [2026-06-03T06:19:58.695+0000] {dag.py:3089} INFO - Sync 1 DAGs
[2026-06-03T06:19:58.705+0000] {logging_mixin.py:188} INFO - [2026-06-03T06:19:58.705+0000] {dag.py:3947} INFO - Setting next_dagrun for example_python_decorator to None, run_after=None
[2026-06-03T06:19:58.720+0000] {processor.py:183} INFO - Processing /home/airflow/.local/lib/python3.12/site-packages/airflow/example_dags/example_python_decorator.py took 0.059 seconds
[2026-06-03T06:20:29.037+0000] {processor.py:161} INFO - Started process (PID=2053) to work on /home/airflow/.local/lib/python3.12/site-packages/airflow/example_dags/example_python_decorator.py
[2026-06-03T06:20:29.038+0000] {processor.py:830} INFO - Processing file /home/airflow/.local/lib/python3.12/site-packages/airflow/example_dags/example_python_decorator.py for tasks to queue
[2026-06-03T06:20:29.039+0000] {logging_mixin.py:188} INFO - [2026-06-03T06:20:29.039+0000] {dagbag.py:545} INFO - Filling up the DagBag from /home/airflow/.local/lib/python3.12/site-packages/airflow/example_dags/example_python_decorator.py
[2026-06-03T06:20:29.050+0000] {processor.py:840} INFO - DAG(s) 'example_python_decorator' retrieved from /home/airflow/.local/lib/python3.12/site-packages/airflow/example_dags/example_python_decorator.py
[2026-06-03T06:20:29.068+0000] {logging_mixin.py:188} INFO - [2026-06-03T06:20:29.068+0000] {dag.py:3089} INFO - Sync 1 DAGs
[2026-06-03T06:20:29.079+0000] {logging_mixin.py:188} INFO - [2026-06-03T06:20:29.078+0000] {dag.py:3947} INFO - Setting next_dagrun for example_python_decorator to None, run_after=None
[2026-06-03T06:20:29.093+0000] {processor.py:183} INFO - Processing /home/airflow/.local/lib/python3.12/site-packages/airflow/example_dags/example_python_decorator.py took 0.061 seconds
[2026-06-03T06:20:59.359+0000] {processor.py:161} INFO - Started process (PID=2111) to work on /home/airflow/.local/lib/python3.12/site-packages/airflow/example_dags/example_python_decorator.py
[2026-06-03T06:20:59.360+0000] {processor.py:830} INFO - Processing file /home/airflow/.local/lib/python3.12/site-packages/airflow/example_dags/example_python_decorator.py for tasks to queue
[2026-06-03T06:20:59.362+0000] {logging_mixin.py:188} INFO - [2026-06-03T06:20:59.361+0000] {dagbag.py:545} INFO - Filling up the DagBag from /home/airflow/.local/lib/python3.12/site-packages/airflow/example_dags/example_python_decorator.py
[2026-06-03T06:20:59.372+0000] {processor.py:840} INFO - DAG(s) 'example_python_decorator' retrieved from /home/airflow/.local/lib/python3.12/site-packages/airflow/example_dags/example_python_decorator.py
[2026-06-03T06:20:59.390+0000] {logging_mixin.py:188} INFO - [2026-06-03T06:20:59.390+0000] {dag.py:3089} INFO - Sync 1 DAGs
[2026-06-03T06:20:59.402+0000] {logging_mixin.py:188} INFO - [2026-06-03T06:20:59.402+0000] {dag.py:3947} INFO - Setting next_dagrun for example_python_decorator to None, run_after=None
[2026-06-03T06:20:59.418+0000] {processor.py:183} INFO - Processing /home/airflow/.local/lib/python3.12/site-packages/airflow/example_dags/example_python_decorator.py took 0.063 seconds
[2026-06-03T06:21:29.707+0000] {processor.py:161} INFO - Started process (PID=2169) to work on /home/airflow/.local/lib/python3.12/site-packages/airflow/example_dags/example_python_decorator.py
[2026-06-03T06:21:29.708+0000] {processor.py:830} INFO - Processing file /home/airflow/.local/lib/python3.12/site-packages/airflow/example_dags/example_python_decorator.py for tasks to queue
[2026-06-03T06:21:29.709+0000] {logging_mixin.py:188} INFO - [2026-06-03T06:21:29.709+0000] {dagbag.py:545} INFO - Filling up the DagBag from /home/airflow/.local/lib/python3.12/site-packages/airflow/example_dags/example_python_decorator.py
[2026-06-03T06:21:29.720+0000] {processor.py:840} INFO - DAG(s) 'example_python_decorator' retrieved from /home/airflow/.local/lib/python3.12/site-packages/airflow/example_dags/example_python_decorator.py
[2026-06-03T06:21:29.738+0000] {logging_mixin.py:188} INFO - [2026-06-03T06:21:29.738+0000] {dag.py:3089} INFO - Sync 1 DAGs
[2026-06-03T06:21:29.748+0000] {logging_mixin.py:188} INFO - [2026-06-03T06:21:29.748+0000] {dag.py:3947} INFO - Setting next_dagrun for example_python_decorator to None, run_after=None
[2026-06-03T06:21:29.765+0000] {processor.py:183} INFO - Processing /home/airflow/.local/lib/python3.12/site-packages/airflow/example_dags/example_python_decorator.py took 0.063 seconds
[2026-06-03T06:22:00.380+0000] {processor.py:161} INFO - Started process (PID=2227) to work on /home/airflow/.local/lib/python3.12/site-packages/airflow/example_dags/example_python_decorator.py
[2026-06-03T06:22:00.439+0000] {processor.py:830} INFO - Processing file /home/airflow/.local/lib/python3.12/site-packages/airflow/example_dags/example_python_decorator.py for tasks to queue
[2026-06-03T06:22:00.440+0000] {logging_mixin.py:188} INFO - [2026-06-03T06:22:00.440+0000] {dagbag.py:545} INFO - Filling up the DagBag from /home/airflow/.local/lib/python3.12/site-packages/airflow/example_dags/example_python_decorator.py
[2026-06-03T06:22:00.453+0000] {processor.py:840} INFO - DAG(s) 'example_python_decorator' retrieved from /home/airflow/.local/lib/python3.12/site-packages/airflow/example_dags/example_python_decorator.py
[2026-06-03T06:22:00.475+0000] {logging_mixin.py:188} INFO - [2026-06-03T06:22:00.475+0000] {dag.py:3089} INFO - Sync 1 DAGs
[2026-06-03T06:22:00.487+0000] {logging_mixin.py:188} INFO - [2026-06-03T06:22:00.487+0000] {dag.py:3947} INFO - Setting next_dagrun for example_python_decorator to None, run_after=None
[2026-06-03T06:22:00.526+0000] {processor.py:183} INFO - Processing /home/airflow/.local/lib/python3.12/site-packages/airflow/example_dags/example_python_decorator.py took 0.150 seconds
[2026-06-03T06:22:39.549+0000] {processor.py:161} INFO - Started process (PID=2287) to work on /home/airflow/.local/lib/python3.12/site-packages/airflow/example_dags/example_python_decorator.py
[2026-06-03T06:22:39.550+0000] {processor.py:830} INFO - Processing file /home/airflow/.local/lib/python3.12/site-packages/airflow/example_dags/example_python_decorator.py for tasks to queue
[2026-06-03T06:22:39.551+0000] {logging_mixin.py:188} INFO - [2026-06-03T06:22:39.551+0000] {dagbag.py:545} INFO - Filling up the DagBag from /home/airflow/.local/lib/python3.12/site-packages/airflow/example_dags/example_python_decorator.py
[2026-06-03T06:22:39.563+0000] {processor.py:840} INFO - DAG(s) 'example_python_decorator' retrieved from /home/airflow/.local/lib/python3.12/site-packages/airflow/example_dags/example_python_decorator.py
[2026-06-03T06:22:39.592+0000] {logging_mixin.py:188} INFO - [2026-06-03T06:22:39.592+0000] {dag.py:3089} INFO - Sync 1 DAGs
[2026-06-03T06:22:39.609+0000] {logging_mixin.py:188} INFO - [2026-06-03T06:22:39.609+0000] {dag.py:3947} INFO - Setting next_dagrun for example_python_decorator to None, run_after=None
[2026-06-03T06:22:39.629+0000] {processor.py:183} INFO - Processing /home/airflow/.local/lib/python3.12/site-packages/airflow/example_dags/example_python_decorator.py took 0.085 seconds
[2026-06-03T06:23:09.888+0000] {processor.py:161} INFO - Started process (PID=2345) to work on /home/airflow/.local/lib/python3.12/site-packages/airflow/example_dags/example_python_decorator.py
[2026-06-03T06:23:09.889+0000] {processor.py:830} INFO - Processing file /home/airflow/.local/lib/python3.12/site-packages/airflow/example_dags/example_python_decorator.py for tasks to queue
[2026-06-03T06:23:09.890+0000] {logging_mixin.py:188} INFO - [2026-06-03T06:23:09.890+0000] {dagbag.py:545} INFO - Filling up the DagBag from /home/airflow/.local/lib/python3.12/site-packages/airflow/example_dags/example_python_decorator.py
[2026-06-03T06:23:09.901+0000] {processor.py:840} INFO - DAG(s) 'example_python_decorator' retrieved from /home/airflow/.local/lib/python3.12/site-packages/airflow/example_dags/example_python_decorator.py
[2026-06-03T06:23:09.919+0000] {logging_mixin.py:188} INFO - [2026-06-03T06:23:09.919+0000] {dag.py:3089} INFO - Sync 1 DAGs
[2026-06-03T06:23:09.930+0000] {logging_mixin.py:188} INFO - [2026-06-03T06:23:09.929+0000] {dag.py:3947} INFO - Setting next_dagrun for example_python_decorator to None, run_after=None
[2026-06-03T06:23:09.949+0000] {processor.py:183} INFO - Processing /home/airflow/.local/lib/python3.12/site-packages/airflow/example_dags/example_python_decorator.py took 0.066 seconds
[2026-06-03T06:23:40.240+0000] {processor.py:161} INFO - Started process (PID=2403) to work on /home/airflow/.local/lib/python3.12/site-packages/airflow/example_dags/example_python_decorator.py
[2026-06-03T06:23:40.241+0000] {processor.py:830} INFO - Processing file /home/airflow/.local/lib/python3.12/site-packages/airflow/example_dags/example_python_decorator.py for tasks to queue
[2026-06-03T06:23:40.242+0000] {logging_mixin.py:188} INFO - [2026-06-03T06:23:40.242+0000] {dagbag.py:545} INFO - Filling up the DagBag from /home/airflow/.local/lib/python3.12/site-packages/airflow/example_dags/example_python_decorator.py
[2026-06-03T06:23:40.253+0000] {processor.py:840} INFO - DAG(s) 'example_python_decorator' retrieved from /home/airflow/.local/lib/python3.12/site-packages/airflow/example_dags/example_python_decorator.py
[2026-06-03T06:23:40.272+0000] {logging_mixin.py:188} INFO - [2026-06-03T06:23:40.271+0000] {dag.py:3089} INFO - Sync 1 DAGs
[2026-06-03T06:23:40.282+0000] {logging_mixin.py:188} INFO - [2026-06-03T06:23:40.282+0000] {dag.py:3947} INFO - Setting next_dagrun for example_python_decorator to None, run_after=None
[2026-06-03T06:23:40.299+0000] {processor.py:183} INFO - Processing /home/airflow/.local/lib/python3.12/site-packages/airflow/example_dags/example_python_decorator.py took 0.063 seconds
[2026-06-03T06:24:10.752+0000] {processor.py:161} INFO - Started process (PID=2461) to work on /home/airflow/.local/lib/python3.12/site-packages/airflow/example_dags/example_python_decorator.py
[2026-06-03T06:24:10.753+0000] {processor.py:830} INFO - Processing file /home/airflow/.local/lib/python3.12/site-packages/airflow/example_dags/example_python_decorator.py for tasks to queue
[2026-06-03T06:24:10.755+0000] {logging_mixin.py:188} INFO - [2026-06-03T06:24:10.754+0000] {dagbag.py:545} INFO - Filling up the DagBag from /home/airflow/.local/lib/python3.12/site-packages/airflow/example_dags/example_python_decorator.py
[2026-06-03T06:24:10.766+0000] {processor.py:840} INFO - DAG(s) 'example_python_decorator' retrieved from /home/airflow/.local/lib/python3.12/site-packages/airflow/example_dags/example_python_decorator.py
[2026-06-03T06:24:10.783+0000] {logging_mixin.py:188} INFO - [2026-06-03T06:24:10.783+0000] {dag.py:3089} INFO - Sync 1 DAGs
[2026-06-03T06:24:10.794+0000] {logging_mixin.py:188} INFO - [2026-06-03T06:24:10.794+0000] {dag.py:3947} INFO - Setting next_dagrun for example_python_decorator to None, run_after=None
[2026-06-03T06:24:10.809+0000] {processor.py:183} INFO - Processing /home/airflow/.local/lib/python3.12/site-packages/airflow/example_dags/example_python_decorator.py took 0.062 seconds
[2026-06-03T06:24:41.239+0000] {processor.py:161} INFO - Started process (PID=2519) to work on /home/airflow/.local/lib/python3.12/site-packages/airflow/example_dags/example_python_decorator.py
[2026-06-03T06:24:41.239+0000] {processor.py:830} INFO - Processing file /home/airflow/.local/lib/python3.12/site-packages/airflow/example_dags/example_python_decorator.py for tasks to queue
[2026-06-03T06:24:41.240+0000] {logging_mixin.py:188} INFO - [2026-06-03T06:24:41.240+0000] {dagbag.py:545} INFO - Filling up the DagBag from /home/airflow/.local/lib/python3.12/site-packages/airflow/example_dags/example_python_decorator.py
[2026-06-03T06:24:41.250+0000] {processor.py:840} INFO - DAG(s) 'example_python_decorator' retrieved from /home/airflow/.local/lib/python3.12/site-packages/airflow/example_dags/example_python_decorator.py
[2026-06-03T06:24:41.268+0000] {logging_mixin.py:188} INFO - [2026-06-03T06:24:41.267+0000] {dag.py:3089} INFO - Sync 1 DAGs
[2026-06-03T06:24:41.278+0000] {logging_mixin.py:188} INFO - [2026-06-03T06:24:41.277+0000] {dag.py:3947} INFO - Setting next_dagrun for example_python_decorator to None, run_after=None
[2026-06-03T06:24:41.292+0000] {processor.py:183} INFO - Processing /home/airflow/.local/lib/python3.12/site-packages/airflow/example_dags/example_python_decorator.py took 0.058 seconds
[2026-06-03T06:25:11.643+0000] {processor.py:161} INFO - Started process (PID=2577) to work on /home/airflow/.local/lib/python3.12/site-packages/airflow/example_dags/example_python_decorator.py
[2026-06-03T06:25:11.644+0000] {processor.py:830} INFO - Processing file /home/airflow/.local/lib/python3.12/site-packages/airflow/example_dags/example_python_decorator.py for tasks to queue
[2026-06-03T06:25:11.646+0000] {logging_mixin.py:188} INFO - [2026-06-03T06:25:11.645+0000] {dagbag.py:545} INFO - Filling up the DagBag from /home/airflow/.local/lib/python3.12/site-packages/airflow/example_dags/example_python_decorator.py
[2026-06-03T06:25:11.656+0000] {processor.py:840} INFO - DAG(s) 'example_python_decorator' retrieved from /home/airflow/.local/lib/python3.12/site-packages/airflow/example_dags/example_python_decorator.py
[2026-06-03T06:25:11.674+0000] {logging_mixin.py:188} INFO - [2026-06-03T06:25:11.674+0000] {dag.py:3089} INFO - Sync 1 DAGs
[2026-06-03T06:25:11.685+0000] {logging_mixin.py:188} INFO - [2026-06-03T06:25:11.684+0000] {dag.py:3947} INFO - Setting next_dagrun for example_python_decorator to None, run_after=None
[2026-06-03T06:25:11.700+0000] {processor.py:183} INFO - Processing /home/airflow/.local/lib/python3.12/site-packages/airflow/example_dags/example_python_decorator.py took 0.062 seconds
[2026-06-03T06:25:41.935+0000] {processor.py:161} INFO - Started process (PID=2635) to work on /home/airflow/.local/lib/python3.12/site-packages/airflow/example_dags/example_python_decorator.py
[2026-06-03T06:25:41.936+0000] {processor.py:830} INFO - Processing file /home/airflow/.local/lib/python3.12/site-packages/airflow/example_dags/example_python_decorator.py for tasks to queue
[2026-06-03T06:25:41.937+0000] {logging_mixin.py:188} INFO - [2026-06-03T06:25:41.937+0000] {dagbag.py:545} INFO - Filling up the DagBag from /home/airflow/.local/lib/python3.12/site-packages/airflow/example_dags/example_python_decorator.py
[2026-06-03T06:25:41.947+0000] {processor.py:840} INFO - DAG(s) 'example_python_decorator' retrieved from /home/airflow/.local/lib/python3.12/site-packages/airflow/example_dags/example_python_decorator.py
[2026-06-03T06:25:41.965+0000] {logging_mixin.py:188} INFO - [2026-06-03T06:25:41.965+0000] {dag.py:3089} INFO - Sync 1 DAGs
[2026-06-03T06:25:41.976+0000] {logging_mixin.py:188} INFO - [2026-06-03T06:25:41.975+0000] {dag.py:3947} INFO - Setting next_dagrun for example_python_decorator to None, run_after=None
[2026-06-03T06:25:41.991+0000] {processor.py:183} INFO - Processing /home/airflow/.local/lib/python3.12/site-packages/airflow/example_dags/example_python_decorator.py took 0.061 seconds
[2026-06-03T06:26:12.299+0000] {processor.py:161} INFO - Started process (PID=2692) to work on /home/airflow/.local/lib/python3.12/site-packages/airflow/example_dags/example_python_decorator.py
[2026-06-03T06:26:12.300+0000] {processor.py:830} INFO - Processing file /home/airflow/.local/lib/python3.12/site-packages/airflow/example_dags/example_python_decorator.py for tasks to queue
[2026-06-03T06:26:12.301+0000] {logging_mixin.py:188} INFO - [2026-06-03T06:26:12.301+0000] {dagbag.py:545} INFO - Filling up the DagBag from /home/airflow/.local/lib/python3.12/site-packages/airflow/example_dags/example_python_decorator.py
[2026-06-03T06:26:12.312+0000] {processor.py:840} INFO - DAG(s) 'example_python_decorator' retrieved from /home/airflow/.local/lib/python3.12/site-packages/airflow/example_dags/example_python_decorator.py
[2026-06-03T06:26:12.330+0000] {logging_mixin.py:188} INFO - [2026-06-03T06:26:12.329+0000] {dag.py:3089} INFO - Sync 1 DAGs
[2026-06-03T06:26:12.341+0000] {logging_mixin.py:188} INFO - [2026-06-03T06:26:12.340+0000] {dag.py:3947} INFO - Setting next_dagrun for example_python_decorator to None, run_after=None
[2026-06-03T06:26:12.357+0000] {processor.py:183} INFO - Processing /home/airflow/.local/lib/python3.12/site-packages/airflow/example_dags/example_python_decorator.py took 0.062 seconds
[2026-06-03T06:26:42.896+0000] {processor.py:161} INFO - Started process (PID=2750) to work on /home/airflow/.local/lib/python3.12/site-packages/airflow/example_dags/example_python_decorator.py
[2026-06-03T06:26:42.897+0000] {processor.py:830} INFO - Processing file /home/airflow/.local/lib/python3.12/site-packages/airflow/example_dags/example_python_decorator.py for tasks to queue
[2026-06-03T06:26:42.898+0000] {logging_mixin.py:188} INFO - [2026-06-03T06:26:42.898+0000] {dagbag.py:545} INFO - Filling up the DagBag from /home/airflow/.local/lib/python3.12/site-packages/airflow/example_dags/example_python_decorator.py
[2026-06-03T06:26:42.909+0000] {processor.py:840} INFO - DAG(s) 'example_python_decorator' retrieved from /home/airflow/.local/lib/python3.12/site-packages/airflow/example_dags/example_python_decorator.py
[2026-06-03T06:26:42.927+0000] {logging_mixin.py:188} INFO - [2026-06-03T06:26:42.927+0000] {dag.py:3089} INFO - Sync 1 DAGs
[2026-06-03T06:26:42.937+0000] {logging_mixin.py:188} INFO - [2026-06-03T06:26:42.937+0000] {dag.py:3947} INFO - Setting next_dagrun for example_python_decorator to None, run_after=None
[2026-06-03T06:26:42.952+0000] {processor.py:183} INFO - Processing /home/airflow/.local/lib/python3.12/site-packages/airflow/example_dags/example_python_decorator.py took 0.061 seconds
