[2026-06-03T06:03:12.467+0000] {processor.py:161} INFO - Started process (PID=81) to work on /home/airflow/.local/lib/python3.12/site-packages/airflow/example_dags/example_python_operator.py
[2026-06-03T06:03:12.468+0000] {processor.py:830} INFO - Processing file /home/airflow/.local/lib/python3.12/site-packages/airflow/example_dags/example_python_operator.py for tasks to queue
[2026-06-03T06:03:12.469+0000] {logging_mixin.py:188} INFO - [2026-06-03T06:03:12.469+0000] {dagbag.py:545} INFO - Filling up the DagBag from /home/airflow/.local/lib/python3.12/site-packages/airflow/example_dags/example_python_operator.py
[2026-06-03T06:03:12.479+0000] {processor.py:840} INFO - DAG(s) 'example_python_operator' retrieved from /home/airflow/.local/lib/python3.12/site-packages/airflow/example_dags/example_python_operator.py
[2026-06-03T06:03:12.569+0000] {logging_mixin.py:188} INFO - [2026-06-03T06:03:12.569+0000] {dag.py:3089} INFO - Sync 1 DAGs
[2026-06-03T06:03:12.579+0000] {logging_mixin.py:188} INFO - [2026-06-03T06:03:12.579+0000] {dag.py:3947} INFO - Setting next_dagrun for example_python_operator to None, run_after=None
[2026-06-03T06:03:12.596+0000] {processor.py:183} INFO - Processing /home/airflow/.local/lib/python3.12/site-packages/airflow/example_dags/example_python_operator.py took 0.134 seconds
[2026-06-03T06:03:43.140+0000] {processor.py:161} INFO - Started process (PID=145) to work on /home/airflow/.local/lib/python3.12/site-packages/airflow/example_dags/example_python_operator.py
[2026-06-03T06:03:43.141+0000] {processor.py:830} INFO - Processing file /home/airflow/.local/lib/python3.12/site-packages/airflow/example_dags/example_python_operator.py for tasks to queue
[2026-06-03T06:03:43.142+0000] {logging_mixin.py:188} INFO - [2026-06-03T06:03:43.142+0000] {dagbag.py:545} INFO - Filling up the DagBag from /home/airflow/.local/lib/python3.12/site-packages/airflow/example_dags/example_python_operator.py
[2026-06-03T06:03:43.150+0000] {processor.py:840} INFO - DAG(s) 'example_python_operator' retrieved from /home/airflow/.local/lib/python3.12/site-packages/airflow/example_dags/example_python_operator.py
[2026-06-03T06:03:43.168+0000] {logging_mixin.py:188} INFO - [2026-06-03T06:03:43.168+0000] {dag.py:3089} INFO - Sync 1 DAGs
[2026-06-03T06:03:43.178+0000] {logging_mixin.py:188} INFO - [2026-06-03T06:03:43.178+0000] {dag.py:3947} INFO - Setting next_dagrun for example_python_operator to None, run_after=None
[2026-06-03T06:03:43.193+0000] {processor.py:183} INFO - Processing /home/airflow/.local/lib/python3.12/site-packages/airflow/example_dags/example_python_operator.py took 0.057 seconds
[2026-06-03T06:04:13.509+0000] {processor.py:161} INFO - Started process (PID=203) to work on /home/airflow/.local/lib/python3.12/site-packages/airflow/example_dags/example_python_operator.py
[2026-06-03T06:04:13.510+0000] {processor.py:830} INFO - Processing file /home/airflow/.local/lib/python3.12/site-packages/airflow/example_dags/example_python_operator.py for tasks to queue
[2026-06-03T06:04:13.511+0000] {logging_mixin.py:188} INFO - [2026-06-03T06:04:13.511+0000] {dagbag.py:545} INFO - Filling up the DagBag from /home/airflow/.local/lib/python3.12/site-packages/airflow/example_dags/example_python_operator.py
[2026-06-03T06:04:13.520+0000] {processor.py:840} INFO - DAG(s) 'example_python_operator' retrieved from /home/airflow/.local/lib/python3.12/site-packages/airflow/example_dags/example_python_operator.py
[2026-06-03T06:04:13.539+0000] {logging_mixin.py:188} INFO - [2026-06-03T06:04:13.538+0000] {dag.py:3089} INFO - Sync 1 DAGs
[2026-06-03T06:04:13.550+0000] {logging_mixin.py:188} INFO - [2026-06-03T06:04:13.550+0000] {dag.py:3947} INFO - Setting next_dagrun for example_python_operator to None, run_after=None
[2026-06-03T06:04:13.566+0000] {processor.py:183} INFO - Processing /home/airflow/.local/lib/python3.12/site-packages/airflow/example_dags/example_python_operator.py took 0.063 seconds
[2026-06-03T06:04:43.721+0000] {processor.py:161} INFO - Started process (PID=261) to work on /home/airflow/.local/lib/python3.12/site-packages/airflow/example_dags/example_python_operator.py
[2026-06-03T06:04:43.722+0000] {processor.py:830} INFO - Processing file /home/airflow/.local/lib/python3.12/site-packages/airflow/example_dags/example_python_operator.py for tasks to queue
[2026-06-03T06:04:43.723+0000] {logging_mixin.py:188} INFO - [2026-06-03T06:04:43.723+0000] {dagbag.py:545} INFO - Filling up the DagBag from /home/airflow/.local/lib/python3.12/site-packages/airflow/example_dags/example_python_operator.py
[2026-06-03T06:04:43.732+0000] {processor.py:840} INFO - DAG(s) 'example_python_operator' retrieved from /home/airflow/.local/lib/python3.12/site-packages/airflow/example_dags/example_python_operator.py
[2026-06-03T06:04:43.750+0000] {logging_mixin.py:188} INFO - [2026-06-03T06:04:43.750+0000] {dag.py:3089} INFO - Sync 1 DAGs
[2026-06-03T06:04:43.761+0000] {logging_mixin.py:188} INFO - [2026-06-03T06:04:43.761+0000] {dag.py:3947} INFO - Setting next_dagrun for example_python_operator to None, run_after=None
[2026-06-03T06:04:43.778+0000] {processor.py:183} INFO - Processing /home/airflow/.local/lib/python3.12/site-packages/airflow/example_dags/example_python_operator.py took 0.062 seconds
[2026-06-03T06:05:14.399+0000] {processor.py:161} INFO - Started process (PID=319) to work on /home/airflow/.local/lib/python3.12/site-packages/airflow/example_dags/example_python_operator.py
[2026-06-03T06:05:14.400+0000] {processor.py:830} INFO - Processing file /home/airflow/.local/lib/python3.12/site-packages/airflow/example_dags/example_python_operator.py for tasks to queue
[2026-06-03T06:05:14.402+0000] {logging_mixin.py:188} INFO - [2026-06-03T06:05:14.401+0000] {dagbag.py:545} INFO - Filling up the DagBag from /home/airflow/.local/lib/python3.12/site-packages/airflow/example_dags/example_python_operator.py
[2026-06-03T06:05:14.412+0000] {processor.py:840} INFO - DAG(s) 'example_python_operator' retrieved from /home/airflow/.local/lib/python3.12/site-packages/airflow/example_dags/example_python_operator.py
[2026-06-03T06:05:14.433+0000] {logging_mixin.py:188} INFO - [2026-06-03T06:05:14.432+0000] {dag.py:3089} INFO - Sync 1 DAGs
[2026-06-03T06:05:14.445+0000] {logging_mixin.py:188} INFO - [2026-06-03T06:05:14.445+0000] {dag.py:3947} INFO - Setting next_dagrun for example_python_operator to None, run_after=None
[2026-06-03T06:05:14.464+0000] {processor.py:183} INFO - Processing /home/airflow/.local/lib/python3.12/site-packages/airflow/example_dags/example_python_operator.py took 0.072 seconds
[2026-06-03T06:05:44.727+0000] {processor.py:161} INFO - Started process (PID=377) to work on /home/airflow/.local/lib/python3.12/site-packages/airflow/example_dags/example_python_operator.py
[2026-06-03T06:05:44.728+0000] {processor.py:830} INFO - Processing file /home/airflow/.local/lib/python3.12/site-packages/airflow/example_dags/example_python_operator.py for tasks to queue
[2026-06-03T06:05:44.729+0000] {logging_mixin.py:188} INFO - [2026-06-03T06:05:44.729+0000] {dagbag.py:545} INFO - Filling up the DagBag from /home/airflow/.local/lib/python3.12/site-packages/airflow/example_dags/example_python_operator.py
[2026-06-03T06:05:44.737+0000] {processor.py:840} INFO - DAG(s) 'example_python_operator' retrieved from /home/airflow/.local/lib/python3.12/site-packages/airflow/example_dags/example_python_operator.py
[2026-06-03T06:05:44.755+0000] {logging_mixin.py:188} INFO - [2026-06-03T06:05:44.754+0000] {dag.py:3089} INFO - Sync 1 DAGs
[2026-06-03T06:05:44.765+0000] {logging_mixin.py:188} INFO - [2026-06-03T06:05:44.765+0000] {dag.py:3947} INFO - Setting next_dagrun for example_python_operator to None, run_after=None
[2026-06-03T06:05:44.784+0000] {processor.py:183} INFO - Processing /home/airflow/.local/lib/python3.12/site-packages/airflow/example_dags/example_python_operator.py took 0.062 seconds
[2026-06-03T06:06:15.613+0000] {processor.py:161} INFO - Started process (PID=435) to work on /home/airflow/.local/lib/python3.12/site-packages/airflow/example_dags/example_python_operator.py
[2026-06-03T06:06:15.614+0000] {processor.py:830} INFO - Processing file /home/airflow/.local/lib/python3.12/site-packages/airflow/example_dags/example_python_operator.py for tasks to queue
[2026-06-03T06:06:15.615+0000] {logging_mixin.py:188} INFO - [2026-06-03T06:06:15.615+0000] {dagbag.py:545} INFO - Filling up the DagBag from /home/airflow/.local/lib/python3.12/site-packages/airflow/example_dags/example_python_operator.py
[2026-06-03T06:06:15.623+0000] {processor.py:840} INFO - DAG(s) 'example_python_operator' retrieved from /home/airflow/.local/lib/python3.12/site-packages/airflow/example_dags/example_python_operator.py
[2026-06-03T06:06:15.641+0000] {logging_mixin.py:188} INFO - [2026-06-03T06:06:15.641+0000] {dag.py:3089} INFO - Sync 1 DAGs
[2026-06-03T06:06:15.651+0000] {logging_mixin.py:188} INFO - [2026-06-03T06:06:15.651+0000] {dag.py:3947} INFO - Setting next_dagrun for example_python_operator to None, run_after=None
[2026-06-03T06:06:15.666+0000] {processor.py:183} INFO - Processing /home/airflow/.local/lib/python3.12/site-packages/airflow/example_dags/example_python_operator.py took 0.058 seconds
[2026-06-03T06:06:46.249+0000] {processor.py:161} INFO - Started process (PID=493) to work on /home/airflow/.local/lib/python3.12/site-packages/airflow/example_dags/example_python_operator.py
[2026-06-03T06:06:46.250+0000] {processor.py:830} INFO - Processing file /home/airflow/.local/lib/python3.12/site-packages/airflow/example_dags/example_python_operator.py for tasks to queue
[2026-06-03T06:06:46.252+0000] {logging_mixin.py:188} INFO - [2026-06-03T06:06:46.252+0000] {dagbag.py:545} INFO - Filling up the DagBag from /home/airflow/.local/lib/python3.12/site-packages/airflow/example_dags/example_python_operator.py
[2026-06-03T06:06:46.260+0000] {processor.py:840} INFO - DAG(s) 'example_python_operator' retrieved from /home/airflow/.local/lib/python3.12/site-packages/airflow/example_dags/example_python_operator.py
[2026-06-03T06:06:46.278+0000] {logging_mixin.py:188} INFO - [2026-06-03T06:06:46.278+0000] {dag.py:3089} INFO - Sync 1 DAGs
[2026-06-03T06:06:46.289+0000] {logging_mixin.py:188} INFO - [2026-06-03T06:06:46.289+0000] {dag.py:3947} INFO - Setting next_dagrun for example_python_operator to None, run_after=None
[2026-06-03T06:06:46.304+0000] {processor.py:183} INFO - Processing /home/airflow/.local/lib/python3.12/site-packages/airflow/example_dags/example_python_operator.py took 0.059 seconds
[2026-06-03T06:07:16.469+0000] {processor.py:161} INFO - Started process (PID=551) to work on /home/airflow/.local/lib/python3.12/site-packages/airflow/example_dags/example_python_operator.py
[2026-06-03T06:07:16.470+0000] {processor.py:830} INFO - Processing file /home/airflow/.local/lib/python3.12/site-packages/airflow/example_dags/example_python_operator.py for tasks to queue
[2026-06-03T06:07:16.473+0000] {logging_mixin.py:188} INFO - [2026-06-03T06:07:16.472+0000] {dagbag.py:545} INFO - Filling up the DagBag from /home/airflow/.local/lib/python3.12/site-packages/airflow/example_dags/example_python_operator.py
[2026-06-03T06:07:16.485+0000] {processor.py:840} INFO - DAG(s) 'example_python_operator' retrieved from /home/airflow/.local/lib/python3.12/site-packages/airflow/example_dags/example_python_operator.py
[2026-06-03T06:07:16.505+0000] {logging_mixin.py:188} INFO - [2026-06-03T06:07:16.505+0000] {dag.py:3089} INFO - Sync 1 DAGs
[2026-06-03T06:07:16.516+0000] {logging_mixin.py:188} INFO - [2026-06-03T06:07:16.516+0000] {dag.py:3947} INFO - Setting next_dagrun for example_python_operator to None, run_after=None
[2026-06-03T06:07:16.532+0000] {processor.py:183} INFO - Processing /home/airflow/.local/lib/python3.12/site-packages/airflow/example_dags/example_python_operator.py took 0.069 seconds
[2026-06-03T06:07:46.820+0000] {processor.py:161} INFO - Started process (PID=609) to work on /home/airflow/.local/lib/python3.12/site-packages/airflow/example_dags/example_python_operator.py
[2026-06-03T06:07:46.821+0000] {processor.py:830} INFO - Processing file /home/airflow/.local/lib/python3.12/site-packages/airflow/example_dags/example_python_operator.py for tasks to queue
[2026-06-03T06:07:46.822+0000] {logging_mixin.py:188} INFO - [2026-06-03T06:07:46.822+0000] {dagbag.py:545} INFO - Filling up the DagBag from /home/airflow/.local/lib/python3.12/site-packages/airflow/example_dags/example_python_operator.py
[2026-06-03T06:07:46.830+0000] {processor.py:840} INFO - DAG(s) 'example_python_operator' retrieved from /home/airflow/.local/lib/python3.12/site-packages/airflow/example_dags/example_python_operator.py
[2026-06-03T06:07:46.848+0000] {logging_mixin.py:188} INFO - [2026-06-03T06:07:46.848+0000] {dag.py:3089} INFO - Sync 1 DAGs
[2026-06-03T06:07:46.858+0000] {logging_mixin.py:188} INFO - [2026-06-03T06:07:46.858+0000] {dag.py:3947} INFO - Setting next_dagrun for example_python_operator to None, run_after=None
[2026-06-03T06:07:46.873+0000] {processor.py:183} INFO - Processing /home/airflow/.local/lib/python3.12/site-packages/airflow/example_dags/example_python_operator.py took 0.058 seconds
[2026-06-03T06:08:17.178+0000] {processor.py:161} INFO - Started process (PID=667) to work on /home/airflow/.local/lib/python3.12/site-packages/airflow/example_dags/example_python_operator.py
[2026-06-03T06:08:17.178+0000] {processor.py:830} INFO - Processing file /home/airflow/.local/lib/python3.12/site-packages/airflow/example_dags/example_python_operator.py for tasks to queue
[2026-06-03T06:08:17.179+0000] {logging_mixin.py:188} INFO - [2026-06-03T06:08:17.179+0000] {dagbag.py:545} INFO - Filling up the DagBag from /home/airflow/.local/lib/python3.12/site-packages/airflow/example_dags/example_python_operator.py
[2026-06-03T06:08:17.188+0000] {processor.py:840} INFO - DAG(s) 'example_python_operator' retrieved from /home/airflow/.local/lib/python3.12/site-packages/airflow/example_dags/example_python_operator.py
[2026-06-03T06:08:17.205+0000] {logging_mixin.py:188} INFO - [2026-06-03T06:08:17.205+0000] {dag.py:3089} INFO - Sync 1 DAGs
[2026-06-03T06:08:17.217+0000] {logging_mixin.py:188} INFO - [2026-06-03T06:08:17.217+0000] {dag.py:3947} INFO - Setting next_dagrun for example_python_operator to None, run_after=None
[2026-06-03T06:08:17.232+0000] {processor.py:183} INFO - Processing /home/airflow/.local/lib/python3.12/site-packages/airflow/example_dags/example_python_operator.py took 0.059 seconds
[2026-06-03T06:08:48.438+0000] {processor.py:161} INFO - Started process (PID=725) to work on /home/airflow/.local/lib/python3.12/site-packages/airflow/example_dags/example_python_operator.py
[2026-06-03T06:08:48.468+0000] {processor.py:830} INFO - Processing file /home/airflow/.local/lib/python3.12/site-packages/airflow/example_dags/example_python_operator.py for tasks to queue
[2026-06-03T06:08:48.469+0000] {logging_mixin.py:188} INFO - [2026-06-03T06:08:48.469+0000] {dagbag.py:545} INFO - Filling up the DagBag from /home/airflow/.local/lib/python3.12/site-packages/airflow/example_dags/example_python_operator.py
[2026-06-03T06:08:48.611+0000] {processor.py:840} INFO - DAG(s) 'example_python_operator' retrieved from /home/airflow/.local/lib/python3.12/site-packages/airflow/example_dags/example_python_operator.py
[2026-06-03T06:08:49.007+0000] {logging_mixin.py:188} INFO - [2026-06-03T06:08:49.006+0000] {dag.py:3089} INFO - Sync 1 DAGs
[2026-06-03T06:08:49.081+0000] {logging_mixin.py:188} INFO - [2026-06-03T06:08:49.077+0000] {dag.py:3947} INFO - Setting next_dagrun for example_python_operator to None, run_after=None
[2026-06-03T06:08:49.122+0000] {processor.py:183} INFO - Processing /home/airflow/.local/lib/python3.12/site-packages/airflow/example_dags/example_python_operator.py took 0.689 seconds
[2026-06-03T06:09:20.062+0000] {processor.py:161} INFO - Started process (PID=782) to work on /home/airflow/.local/lib/python3.12/site-packages/airflow/example_dags/example_python_operator.py
[2026-06-03T06:09:20.063+0000] {processor.py:830} INFO - Processing file /home/airflow/.local/lib/python3.12/site-packages/airflow/example_dags/example_python_operator.py for tasks to queue
[2026-06-03T06:09:20.064+0000] {logging_mixin.py:188} INFO - [2026-06-03T06:09:20.064+0000] {dagbag.py:545} INFO - Filling up the DagBag from /home/airflow/.local/lib/python3.12/site-packages/airflow/example_dags/example_python_operator.py
[2026-06-03T06:09:20.073+0000] {processor.py:840} INFO - DAG(s) 'example_python_operator' retrieved from /home/airflow/.local/lib/python3.12/site-packages/airflow/example_dags/example_python_operator.py
[2026-06-03T06:09:20.090+0000] {logging_mixin.py:188} INFO - [2026-06-03T06:09:20.090+0000] {dag.py:3089} INFO - Sync 1 DAGs
[2026-06-03T06:09:20.100+0000] {logging_mixin.py:188} INFO - [2026-06-03T06:09:20.100+0000] {dag.py:3947} INFO - Setting next_dagrun for example_python_operator to None, run_after=None
[2026-06-03T06:09:20.121+0000] {processor.py:183} INFO - Processing /home/airflow/.local/lib/python3.12/site-packages/airflow/example_dags/example_python_operator.py took 0.064 seconds
[2026-06-03T06:09:50.186+0000] {processor.py:161} INFO - Started process (PID=840) to work on /home/airflow/.local/lib/python3.12/site-packages/airflow/example_dags/example_python_operator.py
[2026-06-03T06:09:50.186+0000] {processor.py:830} INFO - Processing file /home/airflow/.local/lib/python3.12/site-packages/airflow/example_dags/example_python_operator.py for tasks to queue
[2026-06-03T06:09:50.188+0000] {logging_mixin.py:188} INFO - [2026-06-03T06:09:50.187+0000] {dagbag.py:545} INFO - Filling up the DagBag from /home/airflow/.local/lib/python3.12/site-packages/airflow/example_dags/example_python_operator.py
[2026-06-03T06:09:50.196+0000] {processor.py:840} INFO - DAG(s) 'example_python_operator' retrieved from /home/airflow/.local/lib/python3.12/site-packages/airflow/example_dags/example_python_operator.py
[2026-06-03T06:09:50.214+0000] {logging_mixin.py:188} INFO - [2026-06-03T06:09:50.214+0000] {dag.py:3089} INFO - Sync 1 DAGs
[2026-06-03T06:09:50.225+0000] {logging_mixin.py:188} INFO - [2026-06-03T06:09:50.225+0000] {dag.py:3947} INFO - Setting next_dagrun for example_python_operator to None, run_after=None
[2026-06-03T06:09:50.241+0000] {processor.py:183} INFO - Processing /home/airflow/.local/lib/python3.12/site-packages/airflow/example_dags/example_python_operator.py took 0.060 seconds
[2026-06-03T06:10:20.612+0000] {processor.py:161} INFO - Started process (PID=897) to work on /home/airflow/.local/lib/python3.12/site-packages/airflow/example_dags/example_python_operator.py
[2026-06-03T06:10:20.613+0000] {processor.py:830} INFO - Processing file /home/airflow/.local/lib/python3.12/site-packages/airflow/example_dags/example_python_operator.py for tasks to queue
[2026-06-03T06:10:20.614+0000] {logging_mixin.py:188} INFO - [2026-06-03T06:10:20.614+0000] {dagbag.py:545} INFO - Filling up the DagBag from /home/airflow/.local/lib/python3.12/site-packages/airflow/example_dags/example_python_operator.py
[2026-06-03T06:10:20.623+0000] {processor.py:840} INFO - DAG(s) 'example_python_operator' retrieved from /home/airflow/.local/lib/python3.12/site-packages/airflow/example_dags/example_python_operator.py
[2026-06-03T06:10:20.640+0000] {logging_mixin.py:188} INFO - [2026-06-03T06:10:20.640+0000] {dag.py:3089} INFO - Sync 1 DAGs
[2026-06-03T06:10:20.650+0000] {logging_mixin.py:188} INFO - [2026-06-03T06:10:20.650+0000] {dag.py:3947} INFO - Setting next_dagrun for example_python_operator to None, run_after=None
[2026-06-03T06:10:20.664+0000] {processor.py:183} INFO - Processing /home/airflow/.local/lib/python3.12/site-packages/airflow/example_dags/example_python_operator.py took 0.056 seconds
[2026-06-03T06:10:51.085+0000] {processor.py:161} INFO - Started process (PID=955) to work on /home/airflow/.local/lib/python3.12/site-packages/airflow/example_dags/example_python_operator.py
[2026-06-03T06:10:51.085+0000] {processor.py:830} INFO - Processing file /home/airflow/.local/lib/python3.12/site-packages/airflow/example_dags/example_python_operator.py for tasks to queue
[2026-06-03T06:10:51.087+0000] {logging_mixin.py:188} INFO - [2026-06-03T06:10:51.087+0000] {dagbag.py:545} INFO - Filling up the DagBag from /home/airflow/.local/lib/python3.12/site-packages/airflow/example_dags/example_python_operator.py
[2026-06-03T06:10:51.095+0000] {processor.py:840} INFO - DAG(s) 'example_python_operator' retrieved from /home/airflow/.local/lib/python3.12/site-packages/airflow/example_dags/example_python_operator.py
[2026-06-03T06:10:51.113+0000] {logging_mixin.py:188} INFO - [2026-06-03T06:10:51.113+0000] {dag.py:3089} INFO - Sync 1 DAGs
[2026-06-03T06:10:51.123+0000] {logging_mixin.py:188} INFO - [2026-06-03T06:10:51.123+0000] {dag.py:3947} INFO - Setting next_dagrun for example_python_operator to None, run_after=None
[2026-06-03T06:10:51.137+0000] {processor.py:183} INFO - Processing /home/airflow/.local/lib/python3.12/site-packages/airflow/example_dags/example_python_operator.py took 0.057 seconds
[2026-06-03T06:11:21.460+0000] {processor.py:161} INFO - Started process (PID=1013) to work on /home/airflow/.local/lib/python3.12/site-packages/airflow/example_dags/example_python_operator.py
[2026-06-03T06:11:21.462+0000] {processor.py:830} INFO - Processing file /home/airflow/.local/lib/python3.12/site-packages/airflow/example_dags/example_python_operator.py for tasks to queue
[2026-06-03T06:11:21.463+0000] {logging_mixin.py:188} INFO - [2026-06-03T06:11:21.463+0000] {dagbag.py:545} INFO - Filling up the DagBag from /home/airflow/.local/lib/python3.12/site-packages/airflow/example_dags/example_python_operator.py
[2026-06-03T06:11:21.472+0000] {processor.py:840} INFO - DAG(s) 'example_python_operator' retrieved from /home/airflow/.local/lib/python3.12/site-packages/airflow/example_dags/example_python_operator.py
[2026-06-03T06:11:21.489+0000] {logging_mixin.py:188} INFO - [2026-06-03T06:11:21.489+0000] {dag.py:3089} INFO - Sync 1 DAGs
[2026-06-03T06:11:21.499+0000] {logging_mixin.py:188} INFO - [2026-06-03T06:11:21.499+0000] {dag.py:3947} INFO - Setting next_dagrun for example_python_operator to None, run_after=None
[2026-06-03T06:11:21.513+0000] {processor.py:183} INFO - Processing /home/airflow/.local/lib/python3.12/site-packages/airflow/example_dags/example_python_operator.py took 0.058 seconds
[2026-06-03T06:11:51.849+0000] {processor.py:161} INFO - Started process (PID=1071) to work on /home/airflow/.local/lib/python3.12/site-packages/airflow/example_dags/example_python_operator.py
[2026-06-03T06:11:51.849+0000] {processor.py:830} INFO - Processing file /home/airflow/.local/lib/python3.12/site-packages/airflow/example_dags/example_python_operator.py for tasks to queue
[2026-06-03T06:11:51.851+0000] {logging_mixin.py:188} INFO - [2026-06-03T06:11:51.850+0000] {dagbag.py:545} INFO - Filling up the DagBag from /home/airflow/.local/lib/python3.12/site-packages/airflow/example_dags/example_python_operator.py
[2026-06-03T06:11:51.859+0000] {processor.py:840} INFO - DAG(s) 'example_python_operator' retrieved from /home/airflow/.local/lib/python3.12/site-packages/airflow/example_dags/example_python_operator.py
[2026-06-03T06:11:51.888+0000] {logging_mixin.py:188} INFO - [2026-06-03T06:11:51.887+0000] {dag.py:3089} INFO - Sync 1 DAGs
[2026-06-03T06:11:51.902+0000] {logging_mixin.py:188} INFO - [2026-06-03T06:11:51.901+0000] {dag.py:3947} INFO - Setting next_dagrun for example_python_operator to None, run_after=None
[2026-06-03T06:11:51.918+0000] {processor.py:183} INFO - Processing /home/airflow/.local/lib/python3.12/site-packages/airflow/example_dags/example_python_operator.py took 0.075 seconds
[2026-06-03T06:12:22.223+0000] {processor.py:161} INFO - Started process (PID=1129) to work on /home/airflow/.local/lib/python3.12/site-packages/airflow/example_dags/example_python_operator.py
[2026-06-03T06:12:22.224+0000] {processor.py:830} INFO - Processing file /home/airflow/.local/lib/python3.12/site-packages/airflow/example_dags/example_python_operator.py for tasks to queue
[2026-06-03T06:12:22.225+0000] {logging_mixin.py:188} INFO - [2026-06-03T06:12:22.225+0000] {dagbag.py:545} INFO - Filling up the DagBag from /home/airflow/.local/lib/python3.12/site-packages/airflow/example_dags/example_python_operator.py
[2026-06-03T06:12:22.234+0000] {processor.py:840} INFO - DAG(s) 'example_python_operator' retrieved from /home/airflow/.local/lib/python3.12/site-packages/airflow/example_dags/example_python_operator.py
[2026-06-03T06:12:22.251+0000] {logging_mixin.py:188} INFO - [2026-06-03T06:12:22.251+0000] {dag.py:3089} INFO - Sync 1 DAGs
[2026-06-03T06:12:22.261+0000] {logging_mixin.py:188} INFO - [2026-06-03T06:12:22.260+0000] {dag.py:3947} INFO - Setting next_dagrun for example_python_operator to None, run_after=None
[2026-06-03T06:12:22.275+0000] {processor.py:183} INFO - Processing /home/airflow/.local/lib/python3.12/site-packages/airflow/example_dags/example_python_operator.py took 0.056 seconds
[2026-06-03T06:12:52.408+0000] {processor.py:161} INFO - Started process (PID=1187) to work on /home/airflow/.local/lib/python3.12/site-packages/airflow/example_dags/example_python_operator.py
[2026-06-03T06:12:52.409+0000] {processor.py:830} INFO - Processing file /home/airflow/.local/lib/python3.12/site-packages/airflow/example_dags/example_python_operator.py for tasks to queue
[2026-06-03T06:12:52.410+0000] {logging_mixin.py:188} INFO - [2026-06-03T06:12:52.410+0000] {dagbag.py:545} INFO - Filling up the DagBag from /home/airflow/.local/lib/python3.12/site-packages/airflow/example_dags/example_python_operator.py
[2026-06-03T06:12:52.418+0000] {processor.py:840} INFO - DAG(s) 'example_python_operator' retrieved from /home/airflow/.local/lib/python3.12/site-packages/airflow/example_dags/example_python_operator.py
[2026-06-03T06:12:52.436+0000] {logging_mixin.py:188} INFO - [2026-06-03T06:12:52.436+0000] {dag.py:3089} INFO - Sync 1 DAGs
[2026-06-03T06:12:52.447+0000] {logging_mixin.py:188} INFO - [2026-06-03T06:12:52.447+0000] {dag.py:3947} INFO - Setting next_dagrun for example_python_operator to None, run_after=None
[2026-06-03T06:12:52.464+0000] {processor.py:183} INFO - Processing /home/airflow/.local/lib/python3.12/site-packages/airflow/example_dags/example_python_operator.py took 0.061 seconds
[2026-06-03T06:13:22.751+0000] {processor.py:161} INFO - Started process (PID=1244) to work on /home/airflow/.local/lib/python3.12/site-packages/airflow/example_dags/example_python_operator.py
[2026-06-03T06:13:22.752+0000] {processor.py:830} INFO - Processing file /home/airflow/.local/lib/python3.12/site-packages/airflow/example_dags/example_python_operator.py for tasks to queue
[2026-06-03T06:13:22.754+0000] {logging_mixin.py:188} INFO - [2026-06-03T06:13:22.753+0000] {dagbag.py:545} INFO - Filling up the DagBag from /home/airflow/.local/lib/python3.12/site-packages/airflow/example_dags/example_python_operator.py
[2026-06-03T06:13:22.763+0000] {processor.py:840} INFO - DAG(s) 'example_python_operator' retrieved from /home/airflow/.local/lib/python3.12/site-packages/airflow/example_dags/example_python_operator.py
[2026-06-03T06:13:22.782+0000] {logging_mixin.py:188} INFO - [2026-06-03T06:13:22.782+0000] {dag.py:3089} INFO - Sync 1 DAGs
[2026-06-03T06:13:22.793+0000] {logging_mixin.py:188} INFO - [2026-06-03T06:13:22.793+0000] {dag.py:3947} INFO - Setting next_dagrun for example_python_operator to None, run_after=None
[2026-06-03T06:13:22.809+0000] {processor.py:183} INFO - Processing /home/airflow/.local/lib/python3.12/site-packages/airflow/example_dags/example_python_operator.py took 0.062 seconds
[2026-06-03T06:13:52.933+0000] {processor.py:161} INFO - Started process (PID=1302) to work on /home/airflow/.local/lib/python3.12/site-packages/airflow/example_dags/example_python_operator.py
[2026-06-03T06:13:52.934+0000] {processor.py:830} INFO - Processing file /home/airflow/.local/lib/python3.12/site-packages/airflow/example_dags/example_python_operator.py for tasks to queue
[2026-06-03T06:13:52.935+0000] {logging_mixin.py:188} INFO - [2026-06-03T06:13:52.935+0000] {dagbag.py:545} INFO - Filling up the DagBag from /home/airflow/.local/lib/python3.12/site-packages/airflow/example_dags/example_python_operator.py
[2026-06-03T06:13:52.943+0000] {processor.py:840} INFO - DAG(s) 'example_python_operator' retrieved from /home/airflow/.local/lib/python3.12/site-packages/airflow/example_dags/example_python_operator.py
[2026-06-03T06:13:52.961+0000] {logging_mixin.py:188} INFO - [2026-06-03T06:13:52.961+0000] {dag.py:3089} INFO - Sync 1 DAGs
[2026-06-03T06:13:52.971+0000] {logging_mixin.py:188} INFO - [2026-06-03T06:13:52.971+0000] {dag.py:3947} INFO - Setting next_dagrun for example_python_operator to None, run_after=None
[2026-06-03T06:13:52.987+0000] {processor.py:183} INFO - Processing /home/airflow/.local/lib/python3.12/site-packages/airflow/example_dags/example_python_operator.py took 0.059 seconds
[2026-06-03T06:14:23.264+0000] {processor.py:161} INFO - Started process (PID=1360) to work on /home/airflow/.local/lib/python3.12/site-packages/airflow/example_dags/example_python_operator.py
[2026-06-03T06:14:23.264+0000] {processor.py:830} INFO - Processing file /home/airflow/.local/lib/python3.12/site-packages/airflow/example_dags/example_python_operator.py for tasks to queue
[2026-06-03T06:14:23.265+0000] {logging_mixin.py:188} INFO - [2026-06-03T06:14:23.265+0000] {dagbag.py:545} INFO - Filling up the DagBag from /home/airflow/.local/lib/python3.12/site-packages/airflow/example_dags/example_python_operator.py
[2026-06-03T06:14:23.274+0000] {processor.py:840} INFO - DAG(s) 'example_python_operator' retrieved from /home/airflow/.local/lib/python3.12/site-packages/airflow/example_dags/example_python_operator.py
[2026-06-03T06:14:23.292+0000] {logging_mixin.py:188} INFO - [2026-06-03T06:14:23.291+0000] {dag.py:3089} INFO - Sync 1 DAGs
[2026-06-03T06:14:23.302+0000] {logging_mixin.py:188} INFO - [2026-06-03T06:14:23.302+0000] {dag.py:3947} INFO - Setting next_dagrun for example_python_operator to None, run_after=None
[2026-06-03T06:14:23.317+0000] {processor.py:183} INFO - Processing /home/airflow/.local/lib/python3.12/site-packages/airflow/example_dags/example_python_operator.py took 0.058 seconds
[2026-06-03T06:14:53.587+0000] {processor.py:161} INFO - Started process (PID=1418) to work on /home/airflow/.local/lib/python3.12/site-packages/airflow/example_dags/example_python_operator.py
[2026-06-03T06:14:53.588+0000] {processor.py:830} INFO - Processing file /home/airflow/.local/lib/python3.12/site-packages/airflow/example_dags/example_python_operator.py for tasks to queue
[2026-06-03T06:14:53.589+0000] {logging_mixin.py:188} INFO - [2026-06-03T06:14:53.589+0000] {dagbag.py:545} INFO - Filling up the DagBag from /home/airflow/.local/lib/python3.12/site-packages/airflow/example_dags/example_python_operator.py
[2026-06-03T06:14:53.597+0000] {processor.py:840} INFO - DAG(s) 'example_python_operator' retrieved from /home/airflow/.local/lib/python3.12/site-packages/airflow/example_dags/example_python_operator.py
[2026-06-03T06:14:53.615+0000] {logging_mixin.py:188} INFO - [2026-06-03T06:14:53.615+0000] {dag.py:3089} INFO - Sync 1 DAGs
[2026-06-03T06:14:53.625+0000] {logging_mixin.py:188} INFO - [2026-06-03T06:14:53.625+0000] {dag.py:3947} INFO - Setting next_dagrun for example_python_operator to None, run_after=None
[2026-06-03T06:14:53.640+0000] {processor.py:183} INFO - Processing /home/airflow/.local/lib/python3.12/site-packages/airflow/example_dags/example_python_operator.py took 0.057 seconds
[2026-06-03T06:15:23.858+0000] {processor.py:161} INFO - Started process (PID=1476) to work on /home/airflow/.local/lib/python3.12/site-packages/airflow/example_dags/example_python_operator.py
[2026-06-03T06:15:23.859+0000] {processor.py:830} INFO - Processing file /home/airflow/.local/lib/python3.12/site-packages/airflow/example_dags/example_python_operator.py for tasks to queue
[2026-06-03T06:15:23.860+0000] {logging_mixin.py:188} INFO - [2026-06-03T06:15:23.860+0000] {dagbag.py:545} INFO - Filling up the DagBag from /home/airflow/.local/lib/python3.12/site-packages/airflow/example_dags/example_python_operator.py
[2026-06-03T06:15:23.868+0000] {processor.py:840} INFO - DAG(s) 'example_python_operator' retrieved from /home/airflow/.local/lib/python3.12/site-packages/airflow/example_dags/example_python_operator.py
[2026-06-03T06:15:23.886+0000] {logging_mixin.py:188} INFO - [2026-06-03T06:15:23.886+0000] {dag.py:3089} INFO - Sync 1 DAGs
[2026-06-03T06:15:23.896+0000] {logging_mixin.py:188} INFO - [2026-06-03T06:15:23.896+0000] {dag.py:3947} INFO - Setting next_dagrun for example_python_operator to None, run_after=None
[2026-06-03T06:15:23.911+0000] {processor.py:183} INFO - Processing /home/airflow/.local/lib/python3.12/site-packages/airflow/example_dags/example_python_operator.py took 0.058 seconds
[2026-06-03T06:15:54.327+0000] {processor.py:161} INFO - Started process (PID=1534) to work on /home/airflow/.local/lib/python3.12/site-packages/airflow/example_dags/example_python_operator.py
[2026-06-03T06:15:54.328+0000] {processor.py:830} INFO - Processing file /home/airflow/.local/lib/python3.12/site-packages/airflow/example_dags/example_python_operator.py for tasks to queue
[2026-06-03T06:15:54.329+0000] {logging_mixin.py:188} INFO - [2026-06-03T06:15:54.329+0000] {dagbag.py:545} INFO - Filling up the DagBag from /home/airflow/.local/lib/python3.12/site-packages/airflow/example_dags/example_python_operator.py
[2026-06-03T06:15:54.337+0000] {processor.py:840} INFO - DAG(s) 'example_python_operator' retrieved from /home/airflow/.local/lib/python3.12/site-packages/airflow/example_dags/example_python_operator.py
[2026-06-03T06:15:54.355+0000] {logging_mixin.py:188} INFO - [2026-06-03T06:15:54.355+0000] {dag.py:3089} INFO - Sync 1 DAGs
[2026-06-03T06:15:54.365+0000] {logging_mixin.py:188} INFO - [2026-06-03T06:15:54.365+0000] {dag.py:3947} INFO - Setting next_dagrun for example_python_operator to None, run_after=None
[2026-06-03T06:15:54.380+0000] {processor.py:183} INFO - Processing /home/airflow/.local/lib/python3.12/site-packages/airflow/example_dags/example_python_operator.py took 0.058 seconds
[2026-06-03T06:16:24.691+0000] {processor.py:161} INFO - Started process (PID=1592) to work on /home/airflow/.local/lib/python3.12/site-packages/airflow/example_dags/example_python_operator.py
[2026-06-03T06:16:24.692+0000] {processor.py:830} INFO - Processing file /home/airflow/.local/lib/python3.12/site-packages/airflow/example_dags/example_python_operator.py for tasks to queue
[2026-06-03T06:16:24.694+0000] {logging_mixin.py:188} INFO - [2026-06-03T06:16:24.693+0000] {dagbag.py:545} INFO - Filling up the DagBag from /home/airflow/.local/lib/python3.12/site-packages/airflow/example_dags/example_python_operator.py
[2026-06-03T06:16:24.703+0000] {processor.py:840} INFO - DAG(s) 'example_python_operator' retrieved from /home/airflow/.local/lib/python3.12/site-packages/airflow/example_dags/example_python_operator.py
[2026-06-03T06:16:24.721+0000] {logging_mixin.py:188} INFO - [2026-06-03T06:16:24.720+0000] {dag.py:3089} INFO - Sync 1 DAGs
[2026-06-03T06:16:24.731+0000] {logging_mixin.py:188} INFO - [2026-06-03T06:16:24.731+0000] {dag.py:3947} INFO - Setting next_dagrun for example_python_operator to None, run_after=None
[2026-06-03T06:16:24.746+0000] {processor.py:183} INFO - Processing /home/airflow/.local/lib/python3.12/site-packages/airflow/example_dags/example_python_operator.py took 0.060 seconds
[2026-06-03T06:16:55.013+0000] {processor.py:161} INFO - Started process (PID=1649) to work on /home/airflow/.local/lib/python3.12/site-packages/airflow/example_dags/example_python_operator.py
[2026-06-03T06:16:55.014+0000] {processor.py:830} INFO - Processing file /home/airflow/.local/lib/python3.12/site-packages/airflow/example_dags/example_python_operator.py for tasks to queue
[2026-06-03T06:16:55.016+0000] {logging_mixin.py:188} INFO - [2026-06-03T06:16:55.015+0000] {dagbag.py:545} INFO - Filling up the DagBag from /home/airflow/.local/lib/python3.12/site-packages/airflow/example_dags/example_python_operator.py
[2026-06-03T06:16:55.024+0000] {processor.py:840} INFO - DAG(s) 'example_python_operator' retrieved from /home/airflow/.local/lib/python3.12/site-packages/airflow/example_dags/example_python_operator.py
[2026-06-03T06:16:55.042+0000] {logging_mixin.py:188} INFO - [2026-06-03T06:16:55.041+0000] {dag.py:3089} INFO - Sync 1 DAGs
[2026-06-03T06:16:55.052+0000] {logging_mixin.py:188} INFO - [2026-06-03T06:16:55.052+0000] {dag.py:3947} INFO - Setting next_dagrun for example_python_operator to None, run_after=None
[2026-06-03T06:16:55.066+0000] {processor.py:183} INFO - Processing /home/airflow/.local/lib/python3.12/site-packages/airflow/example_dags/example_python_operator.py took 0.057 seconds
[2026-06-03T06:17:25.139+0000] {processor.py:161} INFO - Started process (PID=1707) to work on /home/airflow/.local/lib/python3.12/site-packages/airflow/example_dags/example_python_operator.py
[2026-06-03T06:17:25.140+0000] {processor.py:830} INFO - Processing file /home/airflow/.local/lib/python3.12/site-packages/airflow/example_dags/example_python_operator.py for tasks to queue
[2026-06-03T06:17:25.141+0000] {logging_mixin.py:188} INFO - [2026-06-03T06:17:25.141+0000] {dagbag.py:545} INFO - Filling up the DagBag from /home/airflow/.local/lib/python3.12/site-packages/airflow/example_dags/example_python_operator.py
[2026-06-03T06:17:25.149+0000] {processor.py:840} INFO - DAG(s) 'example_python_operator' retrieved from /home/airflow/.local/lib/python3.12/site-packages/airflow/example_dags/example_python_operator.py
[2026-06-03T06:17:25.167+0000] {logging_mixin.py:188} INFO - [2026-06-03T06:17:25.166+0000] {dag.py:3089} INFO - Sync 1 DAGs
[2026-06-03T06:17:25.177+0000] {logging_mixin.py:188} INFO - [2026-06-03T06:17:25.176+0000] {dag.py:3947} INFO - Setting next_dagrun for example_python_operator to None, run_after=None
[2026-06-03T06:17:25.191+0000] {processor.py:183} INFO - Processing /home/airflow/.local/lib/python3.12/site-packages/airflow/example_dags/example_python_operator.py took 0.056 seconds
[2026-06-03T06:17:55.507+0000] {processor.py:161} INFO - Started process (PID=1764) to work on /home/airflow/.local/lib/python3.12/site-packages/airflow/example_dags/example_python_operator.py
[2026-06-03T06:17:55.508+0000] {processor.py:830} INFO - Processing file /home/airflow/.local/lib/python3.12/site-packages/airflow/example_dags/example_python_operator.py for tasks to queue
[2026-06-03T06:17:55.510+0000] {logging_mixin.py:188} INFO - [2026-06-03T06:17:55.509+0000] {dagbag.py:545} INFO - Filling up the DagBag from /home/airflow/.local/lib/python3.12/site-packages/airflow/example_dags/example_python_operator.py
[2026-06-03T06:17:55.519+0000] {processor.py:840} INFO - DAG(s) 'example_python_operator' retrieved from /home/airflow/.local/lib/python3.12/site-packages/airflow/example_dags/example_python_operator.py
[2026-06-03T06:17:55.541+0000] {logging_mixin.py:188} INFO - [2026-06-03T06:17:55.540+0000] {dag.py:3089} INFO - Sync 1 DAGs
[2026-06-03T06:17:55.553+0000] {logging_mixin.py:188} INFO - [2026-06-03T06:17:55.552+0000] {dag.py:3947} INFO - Setting next_dagrun for example_python_operator to None, run_after=None
[2026-06-03T06:17:55.570+0000] {processor.py:183} INFO - Processing /home/airflow/.local/lib/python3.12/site-packages/airflow/example_dags/example_python_operator.py took 0.068 seconds
[2026-06-03T06:18:26.407+0000] {processor.py:161} INFO - Started process (PID=1822) to work on /home/airflow/.local/lib/python3.12/site-packages/airflow/example_dags/example_python_operator.py
[2026-06-03T06:18:26.408+0000] {processor.py:830} INFO - Processing file /home/airflow/.local/lib/python3.12/site-packages/airflow/example_dags/example_python_operator.py for tasks to queue
[2026-06-03T06:18:26.409+0000] {logging_mixin.py:188} INFO - [2026-06-03T06:18:26.409+0000] {dagbag.py:545} INFO - Filling up the DagBag from /home/airflow/.local/lib/python3.12/site-packages/airflow/example_dags/example_python_operator.py
[2026-06-03T06:18:26.417+0000] {processor.py:840} INFO - DAG(s) 'example_python_operator' retrieved from /home/airflow/.local/lib/python3.12/site-packages/airflow/example_dags/example_python_operator.py
[2026-06-03T06:18:26.435+0000] {logging_mixin.py:188} INFO - [2026-06-03T06:18:26.435+0000] {dag.py:3089} INFO - Sync 1 DAGs
[2026-06-03T06:18:26.543+0000] {logging_mixin.py:188} INFO - [2026-06-03T06:18:26.543+0000] {dag.py:3947} INFO - Setting next_dagrun for example_python_operator to None, run_after=None
[2026-06-03T06:18:26.556+0000] {processor.py:183} INFO - Processing /home/airflow/.local/lib/python3.12/site-packages/airflow/example_dags/example_python_operator.py took 0.154 seconds
[2026-06-03T06:18:57.403+0000] {processor.py:161} INFO - Started process (PID=1880) to work on /home/airflow/.local/lib/python3.12/site-packages/airflow/example_dags/example_python_operator.py
[2026-06-03T06:18:57.404+0000] {processor.py:830} INFO - Processing file /home/airflow/.local/lib/python3.12/site-packages/airflow/example_dags/example_python_operator.py for tasks to queue
[2026-06-03T06:18:57.405+0000] {logging_mixin.py:188} INFO - [2026-06-03T06:18:57.405+0000] {dagbag.py:545} INFO - Filling up the DagBag from /home/airflow/.local/lib/python3.12/site-packages/airflow/example_dags/example_python_operator.py
[2026-06-03T06:18:57.413+0000] {processor.py:840} INFO - DAG(s) 'example_python_operator' retrieved from /home/airflow/.local/lib/python3.12/site-packages/airflow/example_dags/example_python_operator.py
[2026-06-03T06:18:57.430+0000] {logging_mixin.py:188} INFO - [2026-06-03T06:18:57.430+0000] {dag.py:3089} INFO - Sync 1 DAGs
[2026-06-03T06:18:57.440+0000] {logging_mixin.py:188} INFO - [2026-06-03T06:18:57.440+0000] {dag.py:3947} INFO - Setting next_dagrun for example_python_operator to None, run_after=None
[2026-06-03T06:18:57.456+0000] {processor.py:183} INFO - Processing /home/airflow/.local/lib/python3.12/site-packages/airflow/example_dags/example_python_operator.py took 0.057 seconds
[2026-06-03T06:19:28.379+0000] {processor.py:161} INFO - Started process (PID=1938) to work on /home/airflow/.local/lib/python3.12/site-packages/airflow/example_dags/example_python_operator.py
[2026-06-03T06:19:28.380+0000] {processor.py:830} INFO - Processing file /home/airflow/.local/lib/python3.12/site-packages/airflow/example_dags/example_python_operator.py for tasks to queue
[2026-06-03T06:19:28.382+0000] {logging_mixin.py:188} INFO - [2026-06-03T06:19:28.381+0000] {dagbag.py:545} INFO - Filling up the DagBag from /home/airflow/.local/lib/python3.12/site-packages/airflow/example_dags/example_python_operator.py
[2026-06-03T06:19:28.390+0000] {processor.py:840} INFO - DAG(s) 'example_python_operator' retrieved from /home/airflow/.local/lib/python3.12/site-packages/airflow/example_dags/example_python_operator.py
[2026-06-03T06:19:28.406+0000] {logging_mixin.py:188} INFO - [2026-06-03T06:19:28.406+0000] {dag.py:3089} INFO - Sync 1 DAGs
[2026-06-03T06:19:28.416+0000] {logging_mixin.py:188} INFO - [2026-06-03T06:19:28.416+0000] {dag.py:3947} INFO - Setting next_dagrun for example_python_operator to None, run_after=None
[2026-06-03T06:19:28.433+0000] {processor.py:183} INFO - Processing /home/airflow/.local/lib/python3.12/site-packages/airflow/example_dags/example_python_operator.py took 0.059 seconds
[2026-06-03T06:19:58.682+0000] {processor.py:161} INFO - Started process (PID=1996) to work on /home/airflow/.local/lib/python3.12/site-packages/airflow/example_dags/example_python_operator.py
[2026-06-03T06:19:58.683+0000] {processor.py:830} INFO - Processing file /home/airflow/.local/lib/python3.12/site-packages/airflow/example_dags/example_python_operator.py for tasks to queue
[2026-06-03T06:19:58.684+0000] {logging_mixin.py:188} INFO - [2026-06-03T06:19:58.684+0000] {dagbag.py:545} INFO - Filling up the DagBag from /home/airflow/.local/lib/python3.12/site-packages/airflow/example_dags/example_python_operator.py
[2026-06-03T06:19:58.693+0000] {processor.py:840} INFO - DAG(s) 'example_python_operator' retrieved from /home/airflow/.local/lib/python3.12/site-packages/airflow/example_dags/example_python_operator.py
[2026-06-03T06:19:58.710+0000] {logging_mixin.py:188} INFO - [2026-06-03T06:19:58.710+0000] {dag.py:3089} INFO - Sync 1 DAGs
[2026-06-03T06:19:58.721+0000] {logging_mixin.py:188} INFO - [2026-06-03T06:19:58.720+0000] {dag.py:3947} INFO - Setting next_dagrun for example_python_operator to None, run_after=None
[2026-06-03T06:19:58.736+0000] {processor.py:183} INFO - Processing /home/airflow/.local/lib/python3.12/site-packages/airflow/example_dags/example_python_operator.py took 0.059 seconds
[2026-06-03T06:20:29.055+0000] {processor.py:161} INFO - Started process (PID=2054) to work on /home/airflow/.local/lib/python3.12/site-packages/airflow/example_dags/example_python_operator.py
[2026-06-03T06:20:29.056+0000] {processor.py:830} INFO - Processing file /home/airflow/.local/lib/python3.12/site-packages/airflow/example_dags/example_python_operator.py for tasks to queue
[2026-06-03T06:20:29.057+0000] {logging_mixin.py:188} INFO - [2026-06-03T06:20:29.057+0000] {dagbag.py:545} INFO - Filling up the DagBag from /home/airflow/.local/lib/python3.12/site-packages/airflow/example_dags/example_python_operator.py
[2026-06-03T06:20:29.066+0000] {processor.py:840} INFO - DAG(s) 'example_python_operator' retrieved from /home/airflow/.local/lib/python3.12/site-packages/airflow/example_dags/example_python_operator.py
[2026-06-03T06:20:29.084+0000] {logging_mixin.py:188} INFO - [2026-06-03T06:20:29.084+0000] {dag.py:3089} INFO - Sync 1 DAGs
[2026-06-03T06:20:29.095+0000] {logging_mixin.py:188} INFO - [2026-06-03T06:20:29.094+0000] {dag.py:3947} INFO - Setting next_dagrun for example_python_operator to None, run_after=None
[2026-06-03T06:20:29.109+0000] {processor.py:183} INFO - Processing /home/airflow/.local/lib/python3.12/site-packages/airflow/example_dags/example_python_operator.py took 0.059 seconds
[2026-06-03T06:20:59.376+0000] {processor.py:161} INFO - Started process (PID=2112) to work on /home/airflow/.local/lib/python3.12/site-packages/airflow/example_dags/example_python_operator.py
[2026-06-03T06:20:59.377+0000] {processor.py:830} INFO - Processing file /home/airflow/.local/lib/python3.12/site-packages/airflow/example_dags/example_python_operator.py for tasks to queue
[2026-06-03T06:20:59.378+0000] {logging_mixin.py:188} INFO - [2026-06-03T06:20:59.378+0000] {dagbag.py:545} INFO - Filling up the DagBag from /home/airflow/.local/lib/python3.12/site-packages/airflow/example_dags/example_python_operator.py
[2026-06-03T06:20:59.387+0000] {processor.py:840} INFO - DAG(s) 'example_python_operator' retrieved from /home/airflow/.local/lib/python3.12/site-packages/airflow/example_dags/example_python_operator.py
[2026-06-03T06:20:59.406+0000] {logging_mixin.py:188} INFO - [2026-06-03T06:20:59.406+0000] {dag.py:3089} INFO - Sync 1 DAGs
[2026-06-03T06:20:59.416+0000] {logging_mixin.py:188} INFO - [2026-06-03T06:20:59.416+0000] {dag.py:3947} INFO - Setting next_dagrun for example_python_operator to None, run_after=None
[2026-06-03T06:20:59.432+0000] {processor.py:183} INFO - Processing /home/airflow/.local/lib/python3.12/site-packages/airflow/example_dags/example_python_operator.py took 0.060 seconds
[2026-06-03T06:21:29.728+0000] {processor.py:161} INFO - Started process (PID=2170) to work on /home/airflow/.local/lib/python3.12/site-packages/airflow/example_dags/example_python_operator.py
[2026-06-03T06:21:29.728+0000] {processor.py:830} INFO - Processing file /home/airflow/.local/lib/python3.12/site-packages/airflow/example_dags/example_python_operator.py for tasks to queue
[2026-06-03T06:21:29.730+0000] {logging_mixin.py:188} INFO - [2026-06-03T06:21:29.729+0000] {dagbag.py:545} INFO - Filling up the DagBag from /home/airflow/.local/lib/python3.12/site-packages/airflow/example_dags/example_python_operator.py
[2026-06-03T06:21:29.738+0000] {processor.py:840} INFO - DAG(s) 'example_python_operator' retrieved from /home/airflow/.local/lib/python3.12/site-packages/airflow/example_dags/example_python_operator.py
[2026-06-03T06:21:29.756+0000] {logging_mixin.py:188} INFO - [2026-06-03T06:21:29.755+0000] {dag.py:3089} INFO - Sync 1 DAGs
[2026-06-03T06:21:29.766+0000] {logging_mixin.py:188} INFO - [2026-06-03T06:21:29.765+0000] {dag.py:3947} INFO - Setting next_dagrun for example_python_operator to None, run_after=None
[2026-06-03T06:21:29.783+0000] {processor.py:183} INFO - Processing /home/airflow/.local/lib/python3.12/site-packages/airflow/example_dags/example_python_operator.py took 0.060 seconds
[2026-06-03T06:22:00.547+0000] {processor.py:161} INFO - Started process (PID=2228) to work on /home/airflow/.local/lib/python3.12/site-packages/airflow/example_dags/example_python_operator.py
[2026-06-03T06:22:00.548+0000] {processor.py:830} INFO - Processing file /home/airflow/.local/lib/python3.12/site-packages/airflow/example_dags/example_python_operator.py for tasks to queue
[2026-06-03T06:22:00.549+0000] {logging_mixin.py:188} INFO - [2026-06-03T06:22:00.549+0000] {dagbag.py:545} INFO - Filling up the DagBag from /home/airflow/.local/lib/python3.12/site-packages/airflow/example_dags/example_python_operator.py
[2026-06-03T06:22:00.557+0000] {processor.py:840} INFO - DAG(s) 'example_python_operator' retrieved from /home/airflow/.local/lib/python3.12/site-packages/airflow/example_dags/example_python_operator.py
[2026-06-03T06:22:00.576+0000] {logging_mixin.py:188} INFO - [2026-06-03T06:22:00.576+0000] {dag.py:3089} INFO - Sync 1 DAGs
[2026-06-03T06:22:00.587+0000] {logging_mixin.py:188} INFO - [2026-06-03T06:22:00.587+0000] {dag.py:3947} INFO - Setting next_dagrun for example_python_operator to None, run_after=None
[2026-06-03T06:22:00.602+0000] {processor.py:183} INFO - Processing /home/airflow/.local/lib/python3.12/site-packages/airflow/example_dags/example_python_operator.py took 0.060 seconds
[2026-06-03T06:22:39.650+0000] {processor.py:161} INFO - Started process (PID=2288) to work on /home/airflow/.local/lib/python3.12/site-packages/airflow/example_dags/example_python_operator.py
[2026-06-03T06:22:39.651+0000] {processor.py:830} INFO - Processing file /home/airflow/.local/lib/python3.12/site-packages/airflow/example_dags/example_python_operator.py for tasks to queue
[2026-06-03T06:22:39.653+0000] {logging_mixin.py:188} INFO - [2026-06-03T06:22:39.652+0000] {dagbag.py:545} INFO - Filling up the DagBag from /home/airflow/.local/lib/python3.12/site-packages/airflow/example_dags/example_python_operator.py
[2026-06-03T06:22:39.662+0000] {processor.py:840} INFO - DAG(s) 'example_python_operator' retrieved from /home/airflow/.local/lib/python3.12/site-packages/airflow/example_dags/example_python_operator.py
[2026-06-03T06:22:39.680+0000] {logging_mixin.py:188} INFO - [2026-06-03T06:22:39.680+0000] {dag.py:3089} INFO - Sync 1 DAGs
[2026-06-03T06:22:39.691+0000] {logging_mixin.py:188} INFO - [2026-06-03T06:22:39.691+0000] {dag.py:3947} INFO - Setting next_dagrun for example_python_operator to None, run_after=None
[2026-06-03T06:22:39.715+0000] {processor.py:183} INFO - Processing /home/airflow/.local/lib/python3.12/site-packages/airflow/example_dags/example_python_operator.py took 0.069 seconds
[2026-06-03T06:23:09.956+0000] {processor.py:161} INFO - Started process (PID=2346) to work on /home/airflow/.local/lib/python3.12/site-packages/airflow/example_dags/example_python_operator.py
[2026-06-03T06:23:09.957+0000] {processor.py:830} INFO - Processing file /home/airflow/.local/lib/python3.12/site-packages/airflow/example_dags/example_python_operator.py for tasks to queue
[2026-06-03T06:23:09.958+0000] {logging_mixin.py:188} INFO - [2026-06-03T06:23:09.958+0000] {dagbag.py:545} INFO - Filling up the DagBag from /home/airflow/.local/lib/python3.12/site-packages/airflow/example_dags/example_python_operator.py
[2026-06-03T06:23:09.967+0000] {processor.py:840} INFO - DAG(s) 'example_python_operator' retrieved from /home/airflow/.local/lib/python3.12/site-packages/airflow/example_dags/example_python_operator.py
[2026-06-03T06:23:09.984+0000] {logging_mixin.py:188} INFO - [2026-06-03T06:23:09.984+0000] {dag.py:3089} INFO - Sync 1 DAGs
[2026-06-03T06:23:09.994+0000] {logging_mixin.py:188} INFO - [2026-06-03T06:23:09.994+0000] {dag.py:3947} INFO - Setting next_dagrun for example_python_operator to None, run_after=None
[2026-06-03T06:23:10.012+0000] {processor.py:183} INFO - Processing /home/airflow/.local/lib/python3.12/site-packages/airflow/example_dags/example_python_operator.py took 0.061 seconds
[2026-06-03T06:23:40.247+0000] {processor.py:161} INFO - Started process (PID=2404) to work on /home/airflow/.local/lib/python3.12/site-packages/airflow/example_dags/example_python_operator.py
[2026-06-03T06:23:40.248+0000] {processor.py:830} INFO - Processing file /home/airflow/.local/lib/python3.12/site-packages/airflow/example_dags/example_python_operator.py for tasks to queue
[2026-06-03T06:23:40.249+0000] {logging_mixin.py:188} INFO - [2026-06-03T06:23:40.249+0000] {dagbag.py:545} INFO - Filling up the DagBag from /home/airflow/.local/lib/python3.12/site-packages/airflow/example_dags/example_python_operator.py
[2026-06-03T06:23:40.258+0000] {processor.py:840} INFO - DAG(s) 'example_python_operator' retrieved from /home/airflow/.local/lib/python3.12/site-packages/airflow/example_dags/example_python_operator.py
[2026-06-03T06:23:40.276+0000] {logging_mixin.py:188} INFO - [2026-06-03T06:23:40.276+0000] {dag.py:3089} INFO - Sync 1 DAGs
[2026-06-03T06:23:40.287+0000] {logging_mixin.py:188} INFO - [2026-06-03T06:23:40.286+0000] {dag.py:3947} INFO - Setting next_dagrun for example_python_operator to None, run_after=None
[2026-06-03T06:23:40.303+0000] {processor.py:183} INFO - Processing /home/airflow/.local/lib/python3.12/site-packages/airflow/example_dags/example_python_operator.py took 0.061 seconds
[2026-06-03T06:24:10.830+0000] {processor.py:161} INFO - Started process (PID=2462) to work on /home/airflow/.local/lib/python3.12/site-packages/airflow/example_dags/example_python_operator.py
[2026-06-03T06:24:10.831+0000] {processor.py:830} INFO - Processing file /home/airflow/.local/lib/python3.12/site-packages/airflow/example_dags/example_python_operator.py for tasks to queue
[2026-06-03T06:24:10.832+0000] {logging_mixin.py:188} INFO - [2026-06-03T06:24:10.832+0000] {dagbag.py:545} INFO - Filling up the DagBag from /home/airflow/.local/lib/python3.12/site-packages/airflow/example_dags/example_python_operator.py
[2026-06-03T06:24:10.840+0000] {processor.py:840} INFO - DAG(s) 'example_python_operator' retrieved from /home/airflow/.local/lib/python3.12/site-packages/airflow/example_dags/example_python_operator.py
[2026-06-03T06:24:10.859+0000] {logging_mixin.py:188} INFO - [2026-06-03T06:24:10.858+0000] {dag.py:3089} INFO - Sync 1 DAGs
[2026-06-03T06:24:10.869+0000] {logging_mixin.py:188} INFO - [2026-06-03T06:24:10.869+0000] {dag.py:3947} INFO - Setting next_dagrun for example_python_operator to None, run_after=None
[2026-06-03T06:24:10.885+0000] {processor.py:183} INFO - Processing /home/airflow/.local/lib/python3.12/site-packages/airflow/example_dags/example_python_operator.py took 0.060 seconds
[2026-06-03T06:24:41.312+0000] {processor.py:161} INFO - Started process (PID=2520) to work on /home/airflow/.local/lib/python3.12/site-packages/airflow/example_dags/example_python_operator.py
[2026-06-03T06:24:41.312+0000] {processor.py:830} INFO - Processing file /home/airflow/.local/lib/python3.12/site-packages/airflow/example_dags/example_python_operator.py for tasks to queue
[2026-06-03T06:24:41.314+0000] {logging_mixin.py:188} INFO - [2026-06-03T06:24:41.313+0000] {dagbag.py:545} INFO - Filling up the DagBag from /home/airflow/.local/lib/python3.12/site-packages/airflow/example_dags/example_python_operator.py
[2026-06-03T06:24:41.321+0000] {processor.py:840} INFO - DAG(s) 'example_python_operator' retrieved from /home/airflow/.local/lib/python3.12/site-packages/airflow/example_dags/example_python_operator.py
[2026-06-03T06:24:41.339+0000] {logging_mixin.py:188} INFO - [2026-06-03T06:24:41.338+0000] {dag.py:3089} INFO - Sync 1 DAGs
[2026-06-03T06:24:41.349+0000] {logging_mixin.py:188} INFO - [2026-06-03T06:24:41.348+0000] {dag.py:3947} INFO - Setting next_dagrun for example_python_operator to None, run_after=None
[2026-06-03T06:24:41.363+0000] {processor.py:183} INFO - Processing /home/airflow/.local/lib/python3.12/site-packages/airflow/example_dags/example_python_operator.py took 0.055 seconds
[2026-06-03T06:25:11.697+0000] {processor.py:161} INFO - Started process (PID=2578) to work on /home/airflow/.local/lib/python3.12/site-packages/airflow/example_dags/example_python_operator.py
[2026-06-03T06:25:11.698+0000] {processor.py:830} INFO - Processing file /home/airflow/.local/lib/python3.12/site-packages/airflow/example_dags/example_python_operator.py for tasks to queue
[2026-06-03T06:25:11.699+0000] {logging_mixin.py:188} INFO - [2026-06-03T06:25:11.699+0000] {dagbag.py:545} INFO - Filling up the DagBag from /home/airflow/.local/lib/python3.12/site-packages/airflow/example_dags/example_python_operator.py
[2026-06-03T06:25:11.708+0000] {processor.py:840} INFO - DAG(s) 'example_python_operator' retrieved from /home/airflow/.local/lib/python3.12/site-packages/airflow/example_dags/example_python_operator.py
[2026-06-03T06:25:11.724+0000] {logging_mixin.py:188} INFO - [2026-06-03T06:25:11.724+0000] {dag.py:3089} INFO - Sync 1 DAGs
[2026-06-03T06:25:11.734+0000] {logging_mixin.py:188} INFO - [2026-06-03T06:25:11.734+0000] {dag.py:3947} INFO - Setting next_dagrun for example_python_operator to None, run_after=None
[2026-06-03T06:25:11.748+0000] {processor.py:183} INFO - Processing /home/airflow/.local/lib/python3.12/site-packages/airflow/example_dags/example_python_operator.py took 0.056 seconds
[2026-06-03T06:25:41.992+0000] {processor.py:161} INFO - Started process (PID=2636) to work on /home/airflow/.local/lib/python3.12/site-packages/airflow/example_dags/example_python_operator.py
[2026-06-03T06:25:41.993+0000] {processor.py:830} INFO - Processing file /home/airflow/.local/lib/python3.12/site-packages/airflow/example_dags/example_python_operator.py for tasks to queue
[2026-06-03T06:25:41.994+0000] {logging_mixin.py:188} INFO - [2026-06-03T06:25:41.994+0000] {dagbag.py:545} INFO - Filling up the DagBag from /home/airflow/.local/lib/python3.12/site-packages/airflow/example_dags/example_python_operator.py
[2026-06-03T06:25:42.002+0000] {processor.py:840} INFO - DAG(s) 'example_python_operator' retrieved from /home/airflow/.local/lib/python3.12/site-packages/airflow/example_dags/example_python_operator.py
[2026-06-03T06:25:42.020+0000] {logging_mixin.py:188} INFO - [2026-06-03T06:25:42.020+0000] {dag.py:3089} INFO - Sync 1 DAGs
[2026-06-03T06:25:42.030+0000] {logging_mixin.py:188} INFO - [2026-06-03T06:25:42.030+0000] {dag.py:3947} INFO - Setting next_dagrun for example_python_operator to None, run_after=None
[2026-06-03T06:25:42.044+0000] {processor.py:183} INFO - Processing /home/airflow/.local/lib/python3.12/site-packages/airflow/example_dags/example_python_operator.py took 0.057 seconds
[2026-06-03T06:26:12.349+0000] {processor.py:161} INFO - Started process (PID=2693) to work on /home/airflow/.local/lib/python3.12/site-packages/airflow/example_dags/example_python_operator.py
[2026-06-03T06:26:12.350+0000] {processor.py:830} INFO - Processing file /home/airflow/.local/lib/python3.12/site-packages/airflow/example_dags/example_python_operator.py for tasks to queue
[2026-06-03T06:26:12.352+0000] {logging_mixin.py:188} INFO - [2026-06-03T06:26:12.351+0000] {dagbag.py:545} INFO - Filling up the DagBag from /home/airflow/.local/lib/python3.12/site-packages/airflow/example_dags/example_python_operator.py
[2026-06-03T06:26:12.360+0000] {processor.py:840} INFO - DAG(s) 'example_python_operator' retrieved from /home/airflow/.local/lib/python3.12/site-packages/airflow/example_dags/example_python_operator.py
[2026-06-03T06:26:12.377+0000] {logging_mixin.py:188} INFO - [2026-06-03T06:26:12.377+0000] {dag.py:3089} INFO - Sync 1 DAGs
[2026-06-03T06:26:12.387+0000] {logging_mixin.py:188} INFO - [2026-06-03T06:26:12.387+0000] {dag.py:3947} INFO - Setting next_dagrun for example_python_operator to None, run_after=None
[2026-06-03T06:26:12.402+0000] {processor.py:183} INFO - Processing /home/airflow/.local/lib/python3.12/site-packages/airflow/example_dags/example_python_operator.py took 0.058 seconds
[2026-06-03T06:26:42.903+0000] {processor.py:161} INFO - Started process (PID=2751) to work on /home/airflow/.local/lib/python3.12/site-packages/airflow/example_dags/example_python_operator.py
[2026-06-03T06:26:42.903+0000] {processor.py:830} INFO - Processing file /home/airflow/.local/lib/python3.12/site-packages/airflow/example_dags/example_python_operator.py for tasks to queue
[2026-06-03T06:26:42.905+0000] {logging_mixin.py:188} INFO - [2026-06-03T06:26:42.904+0000] {dagbag.py:545} INFO - Filling up the DagBag from /home/airflow/.local/lib/python3.12/site-packages/airflow/example_dags/example_python_operator.py
[2026-06-03T06:26:42.913+0000] {processor.py:840} INFO - DAG(s) 'example_python_operator' retrieved from /home/airflow/.local/lib/python3.12/site-packages/airflow/example_dags/example_python_operator.py
[2026-06-03T06:26:42.931+0000] {logging_mixin.py:188} INFO - [2026-06-03T06:26:42.931+0000] {dag.py:3089} INFO - Sync 1 DAGs
[2026-06-03T06:26:42.941+0000] {logging_mixin.py:188} INFO - [2026-06-03T06:26:42.941+0000] {dag.py:3947} INFO - Setting next_dagrun for example_python_operator to None, run_after=None
[2026-06-03T06:26:42.956+0000] {processor.py:183} INFO - Processing /home/airflow/.local/lib/python3.12/site-packages/airflow/example_dags/example_python_operator.py took 0.058 seconds
