[2026-06-03T06:03:08.470+0000] {processor.py:161} INFO - Started process (PID=66) to work on /home/airflow/.local/lib/python3.12/site-packages/airflow/example_dags/example_display_name.py
[2026-06-03T06:03:08.470+0000] {processor.py:830} INFO - Processing file /home/airflow/.local/lib/python3.12/site-packages/airflow/example_dags/example_display_name.py for tasks to queue
[2026-06-03T06:03:08.472+0000] {logging_mixin.py:188} INFO - [2026-06-03T06:03:08.472+0000] {dagbag.py:545} INFO - Filling up the DagBag from /home/airflow/.local/lib/python3.12/site-packages/airflow/example_dags/example_display_name.py
[2026-06-03T06:03:08.479+0000] {processor.py:840} INFO - DAG(s) 'example_display_name' retrieved from /home/airflow/.local/lib/python3.12/site-packages/airflow/example_dags/example_display_name.py
[2026-06-03T06:03:08.499+0000] {logging_mixin.py:188} INFO - [2026-06-03T06:03:08.499+0000] {dag.py:3089} INFO - Sync 1 DAGs
[2026-06-03T06:03:08.512+0000] {logging_mixin.py:188} INFO - [2026-06-03T06:03:08.512+0000] {dag.py:3947} INFO - Setting next_dagrun for example_display_name to None, run_after=None
[2026-06-03T06:03:08.532+0000] {processor.py:183} INFO - Processing /home/airflow/.local/lib/python3.12/site-packages/airflow/example_dags/example_display_name.py took 0.068 seconds
[2026-06-03T06:03:39.454+0000] {processor.py:161} INFO - Started process (PID=124) to work on /home/airflow/.local/lib/python3.12/site-packages/airflow/example_dags/example_display_name.py
[2026-06-03T06:03:39.455+0000] {processor.py:830} INFO - Processing file /home/airflow/.local/lib/python3.12/site-packages/airflow/example_dags/example_display_name.py for tasks to queue
[2026-06-03T06:03:39.456+0000] {logging_mixin.py:188} INFO - [2026-06-03T06:03:39.456+0000] {dagbag.py:545} INFO - Filling up the DagBag from /home/airflow/.local/lib/python3.12/site-packages/airflow/example_dags/example_display_name.py
[2026-06-03T06:03:39.460+0000] {processor.py:840} INFO - DAG(s) 'example_display_name' retrieved from /home/airflow/.local/lib/python3.12/site-packages/airflow/example_dags/example_display_name.py
[2026-06-03T06:03:39.475+0000] {logging_mixin.py:188} INFO - [2026-06-03T06:03:39.475+0000] {dag.py:3089} INFO - Sync 1 DAGs
[2026-06-03T06:03:39.486+0000] {logging_mixin.py:188} INFO - [2026-06-03T06:03:39.485+0000] {dag.py:3947} INFO - Setting next_dagrun for example_display_name to None, run_after=None
[2026-06-03T06:03:39.502+0000] {processor.py:183} INFO - Processing /home/airflow/.local/lib/python3.12/site-packages/airflow/example_dags/example_display_name.py took 0.052 seconds
[2026-06-03T06:04:09.733+0000] {processor.py:161} INFO - Started process (PID=182) to work on /home/airflow/.local/lib/python3.12/site-packages/airflow/example_dags/example_display_name.py
[2026-06-03T06:04:09.734+0000] {processor.py:830} INFO - Processing file /home/airflow/.local/lib/python3.12/site-packages/airflow/example_dags/example_display_name.py for tasks to queue
[2026-06-03T06:04:09.736+0000] {logging_mixin.py:188} INFO - [2026-06-03T06:04:09.735+0000] {dagbag.py:545} INFO - Filling up the DagBag from /home/airflow/.local/lib/python3.12/site-packages/airflow/example_dags/example_display_name.py
[2026-06-03T06:04:09.740+0000] {processor.py:840} INFO - DAG(s) 'example_display_name' retrieved from /home/airflow/.local/lib/python3.12/site-packages/airflow/example_dags/example_display_name.py
[2026-06-03T06:04:09.755+0000] {logging_mixin.py:188} INFO - [2026-06-03T06:04:09.754+0000] {dag.py:3089} INFO - Sync 1 DAGs
[2026-06-03T06:04:09.765+0000] {logging_mixin.py:188} INFO - [2026-06-03T06:04:09.765+0000] {dag.py:3947} INFO - Setting next_dagrun for example_display_name to None, run_after=None
[2026-06-03T06:04:09.780+0000] {processor.py:183} INFO - Processing /home/airflow/.local/lib/python3.12/site-packages/airflow/example_dags/example_display_name.py took 0.052 seconds
[2026-06-03T06:04:39.972+0000] {processor.py:161} INFO - Started process (PID=240) to work on /home/airflow/.local/lib/python3.12/site-packages/airflow/example_dags/example_display_name.py
[2026-06-03T06:04:39.973+0000] {processor.py:830} INFO - Processing file /home/airflow/.local/lib/python3.12/site-packages/airflow/example_dags/example_display_name.py for tasks to queue
[2026-06-03T06:04:39.974+0000] {logging_mixin.py:188} INFO - [2026-06-03T06:04:39.974+0000] {dagbag.py:545} INFO - Filling up the DagBag from /home/airflow/.local/lib/python3.12/site-packages/airflow/example_dags/example_display_name.py
[2026-06-03T06:04:39.979+0000] {processor.py:840} INFO - DAG(s) 'example_display_name' retrieved from /home/airflow/.local/lib/python3.12/site-packages/airflow/example_dags/example_display_name.py
[2026-06-03T06:04:39.993+0000] {logging_mixin.py:188} INFO - [2026-06-03T06:04:39.993+0000] {dag.py:3089} INFO - Sync 1 DAGs
[2026-06-03T06:04:40.004+0000] {logging_mixin.py:188} INFO - [2026-06-03T06:04:40.003+0000] {dag.py:3947} INFO - Setting next_dagrun for example_display_name to None, run_after=None
[2026-06-03T06:04:40.019+0000] {processor.py:183} INFO - Processing /home/airflow/.local/lib/python3.12/site-packages/airflow/example_dags/example_display_name.py took 0.051 seconds
[2026-06-03T06:05:10.584+0000] {processor.py:161} INFO - Started process (PID=298) to work on /home/airflow/.local/lib/python3.12/site-packages/airflow/example_dags/example_display_name.py
[2026-06-03T06:05:10.585+0000] {processor.py:830} INFO - Processing file /home/airflow/.local/lib/python3.12/site-packages/airflow/example_dags/example_display_name.py for tasks to queue
[2026-06-03T06:05:10.587+0000] {logging_mixin.py:188} INFO - [2026-06-03T06:05:10.586+0000] {dagbag.py:545} INFO - Filling up the DagBag from /home/airflow/.local/lib/python3.12/site-packages/airflow/example_dags/example_display_name.py
[2026-06-03T06:05:10.591+0000] {processor.py:840} INFO - DAG(s) 'example_display_name' retrieved from /home/airflow/.local/lib/python3.12/site-packages/airflow/example_dags/example_display_name.py
[2026-06-03T06:05:10.606+0000] {logging_mixin.py:188} INFO - [2026-06-03T06:05:10.605+0000] {dag.py:3089} INFO - Sync 1 DAGs
[2026-06-03T06:05:10.616+0000] {logging_mixin.py:188} INFO - [2026-06-03T06:05:10.616+0000] {dag.py:3947} INFO - Setting next_dagrun for example_display_name to None, run_after=None
[2026-06-03T06:05:10.631+0000] {processor.py:183} INFO - Processing /home/airflow/.local/lib/python3.12/site-packages/airflow/example_dags/example_display_name.py took 0.052 seconds
[2026-06-03T06:05:40.995+0000] {processor.py:161} INFO - Started process (PID=356) to work on /home/airflow/.local/lib/python3.12/site-packages/airflow/example_dags/example_display_name.py
[2026-06-03T06:05:40.996+0000] {processor.py:830} INFO - Processing file /home/airflow/.local/lib/python3.12/site-packages/airflow/example_dags/example_display_name.py for tasks to queue
[2026-06-03T06:05:40.998+0000] {logging_mixin.py:188} INFO - [2026-06-03T06:05:40.998+0000] {dagbag.py:545} INFO - Filling up the DagBag from /home/airflow/.local/lib/python3.12/site-packages/airflow/example_dags/example_display_name.py
[2026-06-03T06:05:41.002+0000] {processor.py:840} INFO - DAG(s) 'example_display_name' retrieved from /home/airflow/.local/lib/python3.12/site-packages/airflow/example_dags/example_display_name.py
[2026-06-03T06:05:41.017+0000] {logging_mixin.py:188} INFO - [2026-06-03T06:05:41.017+0000] {dag.py:3089} INFO - Sync 1 DAGs
[2026-06-03T06:05:41.028+0000] {logging_mixin.py:188} INFO - [2026-06-03T06:05:41.028+0000] {dag.py:3947} INFO - Setting next_dagrun for example_display_name to None, run_after=None
[2026-06-03T06:05:41.049+0000] {processor.py:183} INFO - Processing /home/airflow/.local/lib/python3.12/site-packages/airflow/example_dags/example_display_name.py took 0.059 seconds
[2026-06-03T06:06:11.812+0000] {processor.py:161} INFO - Started process (PID=414) to work on /home/airflow/.local/lib/python3.12/site-packages/airflow/example_dags/example_display_name.py
[2026-06-03T06:06:11.812+0000] {processor.py:830} INFO - Processing file /home/airflow/.local/lib/python3.12/site-packages/airflow/example_dags/example_display_name.py for tasks to queue
[2026-06-03T06:06:11.813+0000] {logging_mixin.py:188} INFO - [2026-06-03T06:06:11.813+0000] {dagbag.py:545} INFO - Filling up the DagBag from /home/airflow/.local/lib/python3.12/site-packages/airflow/example_dags/example_display_name.py
[2026-06-03T06:06:11.819+0000] {processor.py:840} INFO - DAG(s) 'example_display_name' retrieved from /home/airflow/.local/lib/python3.12/site-packages/airflow/example_dags/example_display_name.py
[2026-06-03T06:06:11.836+0000] {logging_mixin.py:188} INFO - [2026-06-03T06:06:11.836+0000] {dag.py:3089} INFO - Sync 1 DAGs
[2026-06-03T06:06:11.847+0000] {logging_mixin.py:188} INFO - [2026-06-03T06:06:11.846+0000] {dag.py:3947} INFO - Setting next_dagrun for example_display_name to None, run_after=None
[2026-06-03T06:06:11.862+0000] {processor.py:183} INFO - Processing /home/airflow/.local/lib/python3.12/site-packages/airflow/example_dags/example_display_name.py took 0.057 seconds
[2026-06-03T06:06:42.527+0000] {processor.py:161} INFO - Started process (PID=472) to work on /home/airflow/.local/lib/python3.12/site-packages/airflow/example_dags/example_display_name.py
[2026-06-03T06:06:42.529+0000] {processor.py:830} INFO - Processing file /home/airflow/.local/lib/python3.12/site-packages/airflow/example_dags/example_display_name.py for tasks to queue
[2026-06-03T06:06:42.530+0000] {logging_mixin.py:188} INFO - [2026-06-03T06:06:42.530+0000] {dagbag.py:545} INFO - Filling up the DagBag from /home/airflow/.local/lib/python3.12/site-packages/airflow/example_dags/example_display_name.py
[2026-06-03T06:06:42.535+0000] {processor.py:840} INFO - DAG(s) 'example_display_name' retrieved from /home/airflow/.local/lib/python3.12/site-packages/airflow/example_dags/example_display_name.py
[2026-06-03T06:06:42.549+0000] {logging_mixin.py:188} INFO - [2026-06-03T06:06:42.549+0000] {dag.py:3089} INFO - Sync 1 DAGs
[2026-06-03T06:06:42.560+0000] {logging_mixin.py:188} INFO - [2026-06-03T06:06:42.560+0000] {dag.py:3947} INFO - Setting next_dagrun for example_display_name to None, run_after=None
[2026-06-03T06:06:42.575+0000] {processor.py:183} INFO - Processing /home/airflow/.local/lib/python3.12/site-packages/airflow/example_dags/example_display_name.py took 0.052 seconds
[2026-06-03T06:07:12.732+0000] {processor.py:161} INFO - Started process (PID=530) to work on /home/airflow/.local/lib/python3.12/site-packages/airflow/example_dags/example_display_name.py
[2026-06-03T06:07:12.733+0000] {processor.py:830} INFO - Processing file /home/airflow/.local/lib/python3.12/site-packages/airflow/example_dags/example_display_name.py for tasks to queue
[2026-06-03T06:07:12.734+0000] {logging_mixin.py:188} INFO - [2026-06-03T06:07:12.734+0000] {dagbag.py:545} INFO - Filling up the DagBag from /home/airflow/.local/lib/python3.12/site-packages/airflow/example_dags/example_display_name.py
[2026-06-03T06:07:12.738+0000] {processor.py:840} INFO - DAG(s) 'example_display_name' retrieved from /home/airflow/.local/lib/python3.12/site-packages/airflow/example_dags/example_display_name.py
[2026-06-03T06:07:12.753+0000] {logging_mixin.py:188} INFO - [2026-06-03T06:07:12.753+0000] {dag.py:3089} INFO - Sync 1 DAGs
[2026-06-03T06:07:12.763+0000] {logging_mixin.py:188} INFO - [2026-06-03T06:07:12.763+0000] {dag.py:3947} INFO - Setting next_dagrun for example_display_name to None, run_after=None
[2026-06-03T06:07:12.778+0000] {processor.py:183} INFO - Processing /home/airflow/.local/lib/python3.12/site-packages/airflow/example_dags/example_display_name.py took 0.050 seconds
[2026-06-03T06:07:43.037+0000] {processor.py:161} INFO - Started process (PID=588) to work on /home/airflow/.local/lib/python3.12/site-packages/airflow/example_dags/example_display_name.py
[2026-06-03T06:07:43.038+0000] {processor.py:830} INFO - Processing file /home/airflow/.local/lib/python3.12/site-packages/airflow/example_dags/example_display_name.py for tasks to queue
[2026-06-03T06:07:43.039+0000] {logging_mixin.py:188} INFO - [2026-06-03T06:07:43.039+0000] {dagbag.py:545} INFO - Filling up the DagBag from /home/airflow/.local/lib/python3.12/site-packages/airflow/example_dags/example_display_name.py
[2026-06-03T06:07:43.043+0000] {processor.py:840} INFO - DAG(s) 'example_display_name' retrieved from /home/airflow/.local/lib/python3.12/site-packages/airflow/example_dags/example_display_name.py
[2026-06-03T06:07:43.058+0000] {logging_mixin.py:188} INFO - [2026-06-03T06:07:43.058+0000] {dag.py:3089} INFO - Sync 1 DAGs
[2026-06-03T06:07:43.068+0000] {logging_mixin.py:188} INFO - [2026-06-03T06:07:43.068+0000] {dag.py:3947} INFO - Setting next_dagrun for example_display_name to None, run_after=None
[2026-06-03T06:07:43.083+0000] {processor.py:183} INFO - Processing /home/airflow/.local/lib/python3.12/site-packages/airflow/example_dags/example_display_name.py took 0.051 seconds
[2026-06-03T06:08:13.473+0000] {processor.py:161} INFO - Started process (PID=652) to work on /home/airflow/.local/lib/python3.12/site-packages/airflow/example_dags/example_display_name.py
[2026-06-03T06:08:13.473+0000] {processor.py:830} INFO - Processing file /home/airflow/.local/lib/python3.12/site-packages/airflow/example_dags/example_display_name.py for tasks to queue
[2026-06-03T06:08:13.475+0000] {logging_mixin.py:188} INFO - [2026-06-03T06:08:13.474+0000] {dagbag.py:545} INFO - Filling up the DagBag from /home/airflow/.local/lib/python3.12/site-packages/airflow/example_dags/example_display_name.py
[2026-06-03T06:08:13.479+0000] {processor.py:840} INFO - DAG(s) 'example_display_name' retrieved from /home/airflow/.local/lib/python3.12/site-packages/airflow/example_dags/example_display_name.py
[2026-06-03T06:08:13.494+0000] {logging_mixin.py:188} INFO - [2026-06-03T06:08:13.494+0000] {dag.py:3089} INFO - Sync 1 DAGs
[2026-06-03T06:08:13.505+0000] {logging_mixin.py:188} INFO - [2026-06-03T06:08:13.504+0000] {dag.py:3947} INFO - Setting next_dagrun for example_display_name to None, run_after=None
[2026-06-03T06:08:13.519+0000] {processor.py:183} INFO - Processing /home/airflow/.local/lib/python3.12/site-packages/airflow/example_dags/example_display_name.py took 0.051 seconds
[2026-06-03T06:08:45.010+0000] {processor.py:161} INFO - Started process (PID=710) to work on /home/airflow/.local/lib/python3.12/site-packages/airflow/example_dags/example_display_name.py
[2026-06-03T06:08:45.011+0000] {processor.py:830} INFO - Processing file /home/airflow/.local/lib/python3.12/site-packages/airflow/example_dags/example_display_name.py for tasks to queue
[2026-06-03T06:08:45.013+0000] {logging_mixin.py:188} INFO - [2026-06-03T06:08:45.012+0000] {dagbag.py:545} INFO - Filling up the DagBag from /home/airflow/.local/lib/python3.12/site-packages/airflow/example_dags/example_display_name.py
[2026-06-03T06:08:45.017+0000] {processor.py:840} INFO - DAG(s) 'example_display_name' retrieved from /home/airflow/.local/lib/python3.12/site-packages/airflow/example_dags/example_display_name.py
[2026-06-03T06:08:45.032+0000] {logging_mixin.py:188} INFO - [2026-06-03T06:08:45.032+0000] {dag.py:3089} INFO - Sync 1 DAGs
[2026-06-03T06:08:45.044+0000] {logging_mixin.py:188} INFO - [2026-06-03T06:08:45.043+0000] {dag.py:3947} INFO - Setting next_dagrun for example_display_name to None, run_after=None
[2026-06-03T06:08:45.070+0000] {processor.py:183} INFO - Processing /home/airflow/.local/lib/python3.12/site-packages/airflow/example_dags/example_display_name.py took 0.064 seconds
[2026-06-03T06:09:16.010+0000] {processor.py:161} INFO - Started process (PID=767) to work on /home/airflow/.local/lib/python3.12/site-packages/airflow/example_dags/example_display_name.py
[2026-06-03T06:09:16.011+0000] {processor.py:830} INFO - Processing file /home/airflow/.local/lib/python3.12/site-packages/airflow/example_dags/example_display_name.py for tasks to queue
[2026-06-03T06:09:16.012+0000] {logging_mixin.py:188} INFO - [2026-06-03T06:09:16.012+0000] {dagbag.py:545} INFO - Filling up the DagBag from /home/airflow/.local/lib/python3.12/site-packages/airflow/example_dags/example_display_name.py
[2026-06-03T06:09:16.017+0000] {processor.py:840} INFO - DAG(s) 'example_display_name' retrieved from /home/airflow/.local/lib/python3.12/site-packages/airflow/example_dags/example_display_name.py
[2026-06-03T06:09:16.033+0000] {logging_mixin.py:188} INFO - [2026-06-03T06:09:16.032+0000] {dag.py:3089} INFO - Sync 1 DAGs
[2026-06-03T06:09:16.043+0000] {logging_mixin.py:188} INFO - [2026-06-03T06:09:16.043+0000] {dag.py:3947} INFO - Setting next_dagrun for example_display_name to None, run_after=None
[2026-06-03T06:09:16.062+0000] {processor.py:183} INFO - Processing /home/airflow/.local/lib/python3.12/site-packages/airflow/example_dags/example_display_name.py took 0.057 seconds
[2026-06-03T06:09:46.222+0000] {processor.py:161} INFO - Started process (PID=825) to work on /home/airflow/.local/lib/python3.12/site-packages/airflow/example_dags/example_display_name.py
[2026-06-03T06:09:46.224+0000] {processor.py:830} INFO - Processing file /home/airflow/.local/lib/python3.12/site-packages/airflow/example_dags/example_display_name.py for tasks to queue
[2026-06-03T06:09:46.225+0000] {logging_mixin.py:188} INFO - [2026-06-03T06:09:46.225+0000] {dagbag.py:545} INFO - Filling up the DagBag from /home/airflow/.local/lib/python3.12/site-packages/airflow/example_dags/example_display_name.py
[2026-06-03T06:09:46.229+0000] {processor.py:840} INFO - DAG(s) 'example_display_name' retrieved from /home/airflow/.local/lib/python3.12/site-packages/airflow/example_dags/example_display_name.py
[2026-06-03T06:09:46.244+0000] {logging_mixin.py:188} INFO - [2026-06-03T06:09:46.244+0000] {dag.py:3089} INFO - Sync 1 DAGs
[2026-06-03T06:09:46.254+0000] {logging_mixin.py:188} INFO - [2026-06-03T06:09:46.253+0000] {dag.py:3947} INFO - Setting next_dagrun for example_display_name to None, run_after=None
[2026-06-03T06:09:46.272+0000] {processor.py:183} INFO - Processing /home/airflow/.local/lib/python3.12/site-packages/airflow/example_dags/example_display_name.py took 0.054 seconds
[2026-06-03T06:10:16.814+0000] {processor.py:161} INFO - Started process (PID=882) to work on /home/airflow/.local/lib/python3.12/site-packages/airflow/example_dags/example_display_name.py
[2026-06-03T06:10:16.814+0000] {processor.py:830} INFO - Processing file /home/airflow/.local/lib/python3.12/site-packages/airflow/example_dags/example_display_name.py for tasks to queue
[2026-06-03T06:10:16.816+0000] {logging_mixin.py:188} INFO - [2026-06-03T06:10:16.815+0000] {dagbag.py:545} INFO - Filling up the DagBag from /home/airflow/.local/lib/python3.12/site-packages/airflow/example_dags/example_display_name.py
[2026-06-03T06:10:16.820+0000] {processor.py:840} INFO - DAG(s) 'example_display_name' retrieved from /home/airflow/.local/lib/python3.12/site-packages/airflow/example_dags/example_display_name.py
[2026-06-03T06:10:16.835+0000] {logging_mixin.py:188} INFO - [2026-06-03T06:10:16.835+0000] {dag.py:3089} INFO - Sync 1 DAGs
[2026-06-03T06:10:16.845+0000] {logging_mixin.py:188} INFO - [2026-06-03T06:10:16.845+0000] {dag.py:3947} INFO - Setting next_dagrun for example_display_name to None, run_after=None
[2026-06-03T06:10:16.863+0000] {processor.py:183} INFO - Processing /home/airflow/.local/lib/python3.12/site-packages/airflow/example_dags/example_display_name.py took 0.053 seconds
[2026-06-03T06:10:47.269+0000] {processor.py:161} INFO - Started process (PID=940) to work on /home/airflow/.local/lib/python3.12/site-packages/airflow/example_dags/example_display_name.py
[2026-06-03T06:10:47.271+0000] {processor.py:830} INFO - Processing file /home/airflow/.local/lib/python3.12/site-packages/airflow/example_dags/example_display_name.py for tasks to queue
[2026-06-03T06:10:47.272+0000] {logging_mixin.py:188} INFO - [2026-06-03T06:10:47.272+0000] {dagbag.py:545} INFO - Filling up the DagBag from /home/airflow/.local/lib/python3.12/site-packages/airflow/example_dags/example_display_name.py
[2026-06-03T06:10:47.276+0000] {processor.py:840} INFO - DAG(s) 'example_display_name' retrieved from /home/airflow/.local/lib/python3.12/site-packages/airflow/example_dags/example_display_name.py
[2026-06-03T06:10:47.290+0000] {logging_mixin.py:188} INFO - [2026-06-03T06:10:47.290+0000] {dag.py:3089} INFO - Sync 1 DAGs
[2026-06-03T06:10:47.300+0000] {logging_mixin.py:188} INFO - [2026-06-03T06:10:47.300+0000] {dag.py:3947} INFO - Setting next_dagrun for example_display_name to None, run_after=None
[2026-06-03T06:10:47.314+0000] {processor.py:183} INFO - Processing /home/airflow/.local/lib/python3.12/site-packages/airflow/example_dags/example_display_name.py took 0.050 seconds
[2026-06-03T06:11:17.735+0000] {processor.py:161} INFO - Started process (PID=998) to work on /home/airflow/.local/lib/python3.12/site-packages/airflow/example_dags/example_display_name.py
[2026-06-03T06:11:17.735+0000] {processor.py:830} INFO - Processing file /home/airflow/.local/lib/python3.12/site-packages/airflow/example_dags/example_display_name.py for tasks to queue
[2026-06-03T06:11:17.737+0000] {logging_mixin.py:188} INFO - [2026-06-03T06:11:17.737+0000] {dagbag.py:545} INFO - Filling up the DagBag from /home/airflow/.local/lib/python3.12/site-packages/airflow/example_dags/example_display_name.py
[2026-06-03T06:11:17.741+0000] {processor.py:840} INFO - DAG(s) 'example_display_name' retrieved from /home/airflow/.local/lib/python3.12/site-packages/airflow/example_dags/example_display_name.py
[2026-06-03T06:11:17.756+0000] {logging_mixin.py:188} INFO - [2026-06-03T06:11:17.755+0000] {dag.py:3089} INFO - Sync 1 DAGs
[2026-06-03T06:11:17.766+0000] {logging_mixin.py:188} INFO - [2026-06-03T06:11:17.766+0000] {dag.py:3947} INFO - Setting next_dagrun for example_display_name to None, run_after=None
[2026-06-03T06:11:17.780+0000] {processor.py:183} INFO - Processing /home/airflow/.local/lib/python3.12/site-packages/airflow/example_dags/example_display_name.py took 0.050 seconds
[2026-06-03T06:11:48.145+0000] {processor.py:161} INFO - Started process (PID=1056) to work on /home/airflow/.local/lib/python3.12/site-packages/airflow/example_dags/example_display_name.py
[2026-06-03T06:11:48.146+0000] {processor.py:830} INFO - Processing file /home/airflow/.local/lib/python3.12/site-packages/airflow/example_dags/example_display_name.py for tasks to queue
[2026-06-03T06:11:48.148+0000] {logging_mixin.py:188} INFO - [2026-06-03T06:11:48.147+0000] {dagbag.py:545} INFO - Filling up the DagBag from /home/airflow/.local/lib/python3.12/site-packages/airflow/example_dags/example_display_name.py
[2026-06-03T06:11:48.152+0000] {processor.py:840} INFO - DAG(s) 'example_display_name' retrieved from /home/airflow/.local/lib/python3.12/site-packages/airflow/example_dags/example_display_name.py
[2026-06-03T06:11:48.168+0000] {logging_mixin.py:188} INFO - [2026-06-03T06:11:48.168+0000] {dag.py:3089} INFO - Sync 1 DAGs
[2026-06-03T06:11:48.179+0000] {logging_mixin.py:188} INFO - [2026-06-03T06:11:48.179+0000] {dag.py:3947} INFO - Setting next_dagrun for example_display_name to None, run_after=None
[2026-06-03T06:11:48.196+0000] {processor.py:183} INFO - Processing /home/airflow/.local/lib/python3.12/site-packages/airflow/example_dags/example_display_name.py took 0.056 seconds
[2026-06-03T06:12:18.491+0000] {processor.py:161} INFO - Started process (PID=1114) to work on /home/airflow/.local/lib/python3.12/site-packages/airflow/example_dags/example_display_name.py
[2026-06-03T06:12:18.491+0000] {processor.py:830} INFO - Processing file /home/airflow/.local/lib/python3.12/site-packages/airflow/example_dags/example_display_name.py for tasks to queue
[2026-06-03T06:12:18.493+0000] {logging_mixin.py:188} INFO - [2026-06-03T06:12:18.493+0000] {dagbag.py:545} INFO - Filling up the DagBag from /home/airflow/.local/lib/python3.12/site-packages/airflow/example_dags/example_display_name.py
[2026-06-03T06:12:18.497+0000] {processor.py:840} INFO - DAG(s) 'example_display_name' retrieved from /home/airflow/.local/lib/python3.12/site-packages/airflow/example_dags/example_display_name.py
[2026-06-03T06:12:18.512+0000] {logging_mixin.py:188} INFO - [2026-06-03T06:12:18.512+0000] {dag.py:3089} INFO - Sync 1 DAGs
[2026-06-03T06:12:18.522+0000] {logging_mixin.py:188} INFO - [2026-06-03T06:12:18.522+0000] {dag.py:3947} INFO - Setting next_dagrun for example_display_name to None, run_after=None
[2026-06-03T06:12:18.538+0000] {processor.py:183} INFO - Processing /home/airflow/.local/lib/python3.12/site-packages/airflow/example_dags/example_display_name.py took 0.052 seconds
[2026-06-03T06:12:48.846+0000] {processor.py:161} INFO - Started process (PID=1172) to work on /home/airflow/.local/lib/python3.12/site-packages/airflow/example_dags/example_display_name.py
[2026-06-03T06:12:48.847+0000] {processor.py:830} INFO - Processing file /home/airflow/.local/lib/python3.12/site-packages/airflow/example_dags/example_display_name.py for tasks to queue
[2026-06-03T06:12:48.849+0000] {logging_mixin.py:188} INFO - [2026-06-03T06:12:48.848+0000] {dagbag.py:545} INFO - Filling up the DagBag from /home/airflow/.local/lib/python3.12/site-packages/airflow/example_dags/example_display_name.py
[2026-06-03T06:12:48.853+0000] {processor.py:840} INFO - DAG(s) 'example_display_name' retrieved from /home/airflow/.local/lib/python3.12/site-packages/airflow/example_dags/example_display_name.py
[2026-06-03T06:12:48.868+0000] {logging_mixin.py:188} INFO - [2026-06-03T06:12:48.868+0000] {dag.py:3089} INFO - Sync 1 DAGs
[2026-06-03T06:12:48.879+0000] {logging_mixin.py:188} INFO - [2026-06-03T06:12:48.878+0000] {dag.py:3947} INFO - Setting next_dagrun for example_display_name to None, run_after=None
[2026-06-03T06:12:48.893+0000] {processor.py:183} INFO - Processing /home/airflow/.local/lib/python3.12/site-packages/airflow/example_dags/example_display_name.py took 0.052 seconds
[2026-06-03T06:13:19.064+0000] {processor.py:161} INFO - Started process (PID=1230) to work on /home/airflow/.local/lib/python3.12/site-packages/airflow/example_dags/example_display_name.py
[2026-06-03T06:13:19.065+0000] {processor.py:830} INFO - Processing file /home/airflow/.local/lib/python3.12/site-packages/airflow/example_dags/example_display_name.py for tasks to queue
[2026-06-03T06:13:19.066+0000] {logging_mixin.py:188} INFO - [2026-06-03T06:13:19.066+0000] {dagbag.py:545} INFO - Filling up the DagBag from /home/airflow/.local/lib/python3.12/site-packages/airflow/example_dags/example_display_name.py
[2026-06-03T06:13:19.071+0000] {processor.py:840} INFO - DAG(s) 'example_display_name' retrieved from /home/airflow/.local/lib/python3.12/site-packages/airflow/example_dags/example_display_name.py
[2026-06-03T06:13:19.086+0000] {logging_mixin.py:188} INFO - [2026-06-03T06:13:19.086+0000] {dag.py:3089} INFO - Sync 1 DAGs
[2026-06-03T06:13:19.096+0000] {logging_mixin.py:188} INFO - [2026-06-03T06:13:19.096+0000] {dag.py:3947} INFO - Setting next_dagrun for example_display_name to None, run_after=None
[2026-06-03T06:13:19.111+0000] {processor.py:183} INFO - Processing /home/airflow/.local/lib/python3.12/site-packages/airflow/example_dags/example_display_name.py took 0.052 seconds
[2026-06-03T06:13:49.278+0000] {processor.py:161} INFO - Started process (PID=1288) to work on /home/airflow/.local/lib/python3.12/site-packages/airflow/example_dags/example_display_name.py
[2026-06-03T06:13:49.279+0000] {processor.py:830} INFO - Processing file /home/airflow/.local/lib/python3.12/site-packages/airflow/example_dags/example_display_name.py for tasks to queue
[2026-06-03T06:13:49.281+0000] {logging_mixin.py:188} INFO - [2026-06-03T06:13:49.281+0000] {dagbag.py:545} INFO - Filling up the DagBag from /home/airflow/.local/lib/python3.12/site-packages/airflow/example_dags/example_display_name.py
[2026-06-03T06:13:49.285+0000] {processor.py:840} INFO - DAG(s) 'example_display_name' retrieved from /home/airflow/.local/lib/python3.12/site-packages/airflow/example_dags/example_display_name.py
[2026-06-03T06:13:49.300+0000] {logging_mixin.py:188} INFO - [2026-06-03T06:13:49.300+0000] {dag.py:3089} INFO - Sync 1 DAGs
[2026-06-03T06:13:49.310+0000] {logging_mixin.py:188} INFO - [2026-06-03T06:13:49.310+0000] {dag.py:3947} INFO - Setting next_dagrun for example_display_name to None, run_after=None
[2026-06-03T06:13:49.325+0000] {processor.py:183} INFO - Processing /home/airflow/.local/lib/python3.12/site-packages/airflow/example_dags/example_display_name.py took 0.051 seconds
[2026-06-03T06:14:19.653+0000] {processor.py:161} INFO - Started process (PID=1346) to work on /home/airflow/.local/lib/python3.12/site-packages/airflow/example_dags/example_display_name.py
[2026-06-03T06:14:19.654+0000] {processor.py:830} INFO - Processing file /home/airflow/.local/lib/python3.12/site-packages/airflow/example_dags/example_display_name.py for tasks to queue
[2026-06-03T06:14:19.655+0000] {logging_mixin.py:188} INFO - [2026-06-03T06:14:19.655+0000] {dagbag.py:545} INFO - Filling up the DagBag from /home/airflow/.local/lib/python3.12/site-packages/airflow/example_dags/example_display_name.py
[2026-06-03T06:14:19.660+0000] {processor.py:840} INFO - DAG(s) 'example_display_name' retrieved from /home/airflow/.local/lib/python3.12/site-packages/airflow/example_dags/example_display_name.py
[2026-06-03T06:14:19.678+0000] {logging_mixin.py:188} INFO - [2026-06-03T06:14:19.678+0000] {dag.py:3089} INFO - Sync 1 DAGs
[2026-06-03T06:14:19.689+0000] {logging_mixin.py:188} INFO - [2026-06-03T06:14:19.689+0000] {dag.py:3947} INFO - Setting next_dagrun for example_display_name to None, run_after=None
[2026-06-03T06:14:19.704+0000] {processor.py:183} INFO - Processing /home/airflow/.local/lib/python3.12/site-packages/airflow/example_dags/example_display_name.py took 0.056 seconds
[2026-06-03T06:14:50.006+0000] {processor.py:161} INFO - Started process (PID=1404) to work on /home/airflow/.local/lib/python3.12/site-packages/airflow/example_dags/example_display_name.py
[2026-06-03T06:14:50.007+0000] {processor.py:830} INFO - Processing file /home/airflow/.local/lib/python3.12/site-packages/airflow/example_dags/example_display_name.py for tasks to queue
[2026-06-03T06:14:50.009+0000] {logging_mixin.py:188} INFO - [2026-06-03T06:14:50.009+0000] {dagbag.py:545} INFO - Filling up the DagBag from /home/airflow/.local/lib/python3.12/site-packages/airflow/example_dags/example_display_name.py
[2026-06-03T06:14:50.013+0000] {processor.py:840} INFO - DAG(s) 'example_display_name' retrieved from /home/airflow/.local/lib/python3.12/site-packages/airflow/example_dags/example_display_name.py
[2026-06-03T06:14:50.028+0000] {logging_mixin.py:188} INFO - [2026-06-03T06:14:50.028+0000] {dag.py:3089} INFO - Sync 1 DAGs
[2026-06-03T06:14:50.039+0000] {logging_mixin.py:188} INFO - [2026-06-03T06:14:50.038+0000] {dag.py:3947} INFO - Setting next_dagrun for example_display_name to None, run_after=None
[2026-06-03T06:14:50.056+0000] {processor.py:183} INFO - Processing /home/airflow/.local/lib/python3.12/site-packages/airflow/example_dags/example_display_name.py took 0.054 seconds
[2026-06-03T06:15:20.227+0000] {processor.py:161} INFO - Started process (PID=1462) to work on /home/airflow/.local/lib/python3.12/site-packages/airflow/example_dags/example_display_name.py
[2026-06-03T06:15:20.228+0000] {processor.py:830} INFO - Processing file /home/airflow/.local/lib/python3.12/site-packages/airflow/example_dags/example_display_name.py for tasks to queue
[2026-06-03T06:15:20.229+0000] {logging_mixin.py:188} INFO - [2026-06-03T06:15:20.229+0000] {dagbag.py:545} INFO - Filling up the DagBag from /home/airflow/.local/lib/python3.12/site-packages/airflow/example_dags/example_display_name.py
[2026-06-03T06:15:20.233+0000] {processor.py:840} INFO - DAG(s) 'example_display_name' retrieved from /home/airflow/.local/lib/python3.12/site-packages/airflow/example_dags/example_display_name.py
[2026-06-03T06:15:20.248+0000] {logging_mixin.py:188} INFO - [2026-06-03T06:15:20.248+0000] {dag.py:3089} INFO - Sync 1 DAGs
[2026-06-03T06:15:20.258+0000] {logging_mixin.py:188} INFO - [2026-06-03T06:15:20.258+0000] {dag.py:3947} INFO - Setting next_dagrun for example_display_name to None, run_after=None
[2026-06-03T06:15:20.273+0000] {processor.py:183} INFO - Processing /home/airflow/.local/lib/python3.12/site-packages/airflow/example_dags/example_display_name.py took 0.050 seconds
[2026-06-03T06:15:50.692+0000] {processor.py:161} INFO - Started process (PID=1520) to work on /home/airflow/.local/lib/python3.12/site-packages/airflow/example_dags/example_display_name.py
[2026-06-03T06:15:50.694+0000] {processor.py:830} INFO - Processing file /home/airflow/.local/lib/python3.12/site-packages/airflow/example_dags/example_display_name.py for tasks to queue
[2026-06-03T06:15:50.695+0000] {logging_mixin.py:188} INFO - [2026-06-03T06:15:50.695+0000] {dagbag.py:545} INFO - Filling up the DagBag from /home/airflow/.local/lib/python3.12/site-packages/airflow/example_dags/example_display_name.py
[2026-06-03T06:15:50.699+0000] {processor.py:840} INFO - DAG(s) 'example_display_name' retrieved from /home/airflow/.local/lib/python3.12/site-packages/airflow/example_dags/example_display_name.py
[2026-06-03T06:15:50.714+0000] {logging_mixin.py:188} INFO - [2026-06-03T06:15:50.713+0000] {dag.py:3089} INFO - Sync 1 DAGs
[2026-06-03T06:15:50.723+0000] {logging_mixin.py:188} INFO - [2026-06-03T06:15:50.723+0000] {dag.py:3947} INFO - Setting next_dagrun for example_display_name to None, run_after=None
[2026-06-03T06:15:50.738+0000] {processor.py:183} INFO - Processing /home/airflow/.local/lib/python3.12/site-packages/airflow/example_dags/example_display_name.py took 0.050 seconds
[2026-06-03T06:16:21.108+0000] {processor.py:161} INFO - Started process (PID=1578) to work on /home/airflow/.local/lib/python3.12/site-packages/airflow/example_dags/example_display_name.py
[2026-06-03T06:16:21.108+0000] {processor.py:830} INFO - Processing file /home/airflow/.local/lib/python3.12/site-packages/airflow/example_dags/example_display_name.py for tasks to queue
[2026-06-03T06:16:21.109+0000] {logging_mixin.py:188} INFO - [2026-06-03T06:16:21.109+0000] {dagbag.py:545} INFO - Filling up the DagBag from /home/airflow/.local/lib/python3.12/site-packages/airflow/example_dags/example_display_name.py
[2026-06-03T06:16:21.114+0000] {processor.py:840} INFO - DAG(s) 'example_display_name' retrieved from /home/airflow/.local/lib/python3.12/site-packages/airflow/example_dags/example_display_name.py
[2026-06-03T06:16:21.128+0000] {logging_mixin.py:188} INFO - [2026-06-03T06:16:21.128+0000] {dag.py:3089} INFO - Sync 1 DAGs
[2026-06-03T06:16:21.139+0000] {logging_mixin.py:188} INFO - [2026-06-03T06:16:21.138+0000] {dag.py:3947} INFO - Setting next_dagrun for example_display_name to None, run_after=None
[2026-06-03T06:16:21.153+0000] {processor.py:183} INFO - Processing /home/airflow/.local/lib/python3.12/site-packages/airflow/example_dags/example_display_name.py took 0.050 seconds
[2026-06-03T06:16:51.458+0000] {processor.py:161} INFO - Started process (PID=1635) to work on /home/airflow/.local/lib/python3.12/site-packages/airflow/example_dags/example_display_name.py
[2026-06-03T06:16:51.459+0000] {processor.py:830} INFO - Processing file /home/airflow/.local/lib/python3.12/site-packages/airflow/example_dags/example_display_name.py for tasks to queue
[2026-06-03T06:16:51.460+0000] {logging_mixin.py:188} INFO - [2026-06-03T06:16:51.460+0000] {dagbag.py:545} INFO - Filling up the DagBag from /home/airflow/.local/lib/python3.12/site-packages/airflow/example_dags/example_display_name.py
[2026-06-03T06:16:51.465+0000] {processor.py:840} INFO - DAG(s) 'example_display_name' retrieved from /home/airflow/.local/lib/python3.12/site-packages/airflow/example_dags/example_display_name.py
[2026-06-03T06:16:51.479+0000] {logging_mixin.py:188} INFO - [2026-06-03T06:16:51.479+0000] {dag.py:3089} INFO - Sync 1 DAGs
[2026-06-03T06:16:51.490+0000] {logging_mixin.py:188} INFO - [2026-06-03T06:16:51.490+0000] {dag.py:3947} INFO - Setting next_dagrun for example_display_name to None, run_after=None
[2026-06-03T06:16:51.505+0000] {processor.py:183} INFO - Processing /home/airflow/.local/lib/python3.12/site-packages/airflow/example_dags/example_display_name.py took 0.051 seconds
[2026-06-03T06:17:22.425+0000] {processor.py:161} INFO - Started process (PID=1693) to work on /home/airflow/.local/lib/python3.12/site-packages/airflow/example_dags/example_display_name.py
[2026-06-03T06:17:22.426+0000] {processor.py:830} INFO - Processing file /home/airflow/.local/lib/python3.12/site-packages/airflow/example_dags/example_display_name.py for tasks to queue
[2026-06-03T06:17:22.427+0000] {logging_mixin.py:188} INFO - [2026-06-03T06:17:22.427+0000] {dagbag.py:545} INFO - Filling up the DagBag from /home/airflow/.local/lib/python3.12/site-packages/airflow/example_dags/example_display_name.py
[2026-06-03T06:17:22.432+0000] {processor.py:840} INFO - DAG(s) 'example_display_name' retrieved from /home/airflow/.local/lib/python3.12/site-packages/airflow/example_dags/example_display_name.py
[2026-06-03T06:17:22.446+0000] {logging_mixin.py:188} INFO - [2026-06-03T06:17:22.446+0000] {dag.py:3089} INFO - Sync 1 DAGs
[2026-06-03T06:17:22.457+0000] {logging_mixin.py:188} INFO - [2026-06-03T06:17:22.456+0000] {dag.py:3947} INFO - Setting next_dagrun for example_display_name to None, run_after=None
[2026-06-03T06:17:22.587+0000] {processor.py:183} INFO - Processing /home/airflow/.local/lib/python3.12/site-packages/airflow/example_dags/example_display_name.py took 0.166 seconds
[2026-06-03T06:17:53.410+0000] {processor.py:161} INFO - Started process (PID=1750) to work on /home/airflow/.local/lib/python3.12/site-packages/airflow/example_dags/example_display_name.py
[2026-06-03T06:17:53.411+0000] {processor.py:830} INFO - Processing file /home/airflow/.local/lib/python3.12/site-packages/airflow/example_dags/example_display_name.py for tasks to queue
[2026-06-03T06:17:53.413+0000] {logging_mixin.py:188} INFO - [2026-06-03T06:17:53.412+0000] {dagbag.py:545} INFO - Filling up the DagBag from /home/airflow/.local/lib/python3.12/site-packages/airflow/example_dags/example_display_name.py
[2026-06-03T06:17:53.418+0000] {processor.py:840} INFO - DAG(s) 'example_display_name' retrieved from /home/airflow/.local/lib/python3.12/site-packages/airflow/example_dags/example_display_name.py
[2026-06-03T06:17:53.434+0000] {logging_mixin.py:188} INFO - [2026-06-03T06:17:53.433+0000] {dag.py:3089} INFO - Sync 1 DAGs
[2026-06-03T06:17:53.445+0000] {logging_mixin.py:188} INFO - [2026-06-03T06:17:53.444+0000] {dag.py:3947} INFO - Setting next_dagrun for example_display_name to None, run_after=None
[2026-06-03T06:17:53.461+0000] {processor.py:183} INFO - Processing /home/airflow/.local/lib/python3.12/site-packages/airflow/example_dags/example_display_name.py took 0.056 seconds
[2026-06-03T06:18:23.494+0000] {processor.py:161} INFO - Started process (PID=1807) to work on /home/airflow/.local/lib/python3.12/site-packages/airflow/example_dags/example_display_name.py
[2026-06-03T06:18:23.494+0000] {processor.py:830} INFO - Processing file /home/airflow/.local/lib/python3.12/site-packages/airflow/example_dags/example_display_name.py for tasks to queue
[2026-06-03T06:18:23.495+0000] {logging_mixin.py:188} INFO - [2026-06-03T06:18:23.495+0000] {dagbag.py:545} INFO - Filling up the DagBag from /home/airflow/.local/lib/python3.12/site-packages/airflow/example_dags/example_display_name.py
[2026-06-03T06:18:23.499+0000] {processor.py:840} INFO - DAG(s) 'example_display_name' retrieved from /home/airflow/.local/lib/python3.12/site-packages/airflow/example_dags/example_display_name.py
[2026-06-03T06:18:23.513+0000] {logging_mixin.py:188} INFO - [2026-06-03T06:18:23.513+0000] {dag.py:3089} INFO - Sync 1 DAGs
[2026-06-03T06:18:23.523+0000] {logging_mixin.py:188} INFO - [2026-06-03T06:18:23.523+0000] {dag.py:3947} INFO - Setting next_dagrun for example_display_name to None, run_after=None
[2026-06-03T06:18:23.538+0000] {processor.py:183} INFO - Processing /home/airflow/.local/lib/python3.12/site-packages/airflow/example_dags/example_display_name.py took 0.048 seconds
[2026-06-03T06:18:53.653+0000] {processor.py:161} INFO - Started process (PID=1865) to work on /home/airflow/.local/lib/python3.12/site-packages/airflow/example_dags/example_display_name.py
[2026-06-03T06:18:53.654+0000] {processor.py:830} INFO - Processing file /home/airflow/.local/lib/python3.12/site-packages/airflow/example_dags/example_display_name.py for tasks to queue
[2026-06-03T06:18:53.655+0000] {logging_mixin.py:188} INFO - [2026-06-03T06:18:53.655+0000] {dagbag.py:545} INFO - Filling up the DagBag from /home/airflow/.local/lib/python3.12/site-packages/airflow/example_dags/example_display_name.py
[2026-06-03T06:18:53.659+0000] {processor.py:840} INFO - DAG(s) 'example_display_name' retrieved from /home/airflow/.local/lib/python3.12/site-packages/airflow/example_dags/example_display_name.py
[2026-06-03T06:18:53.674+0000] {logging_mixin.py:188} INFO - [2026-06-03T06:18:53.674+0000] {dag.py:3089} INFO - Sync 1 DAGs
[2026-06-03T06:18:53.684+0000] {logging_mixin.py:188} INFO - [2026-06-03T06:18:53.684+0000] {dag.py:3947} INFO - Setting next_dagrun for example_display_name to None, run_after=None
[2026-06-03T06:18:53.699+0000] {processor.py:183} INFO - Processing /home/airflow/.local/lib/python3.12/site-packages/airflow/example_dags/example_display_name.py took 0.051 seconds
[2026-06-03T06:19:24.605+0000] {processor.py:161} INFO - Started process (PID=1924) to work on /home/airflow/.local/lib/python3.12/site-packages/airflow/example_dags/example_display_name.py
[2026-06-03T06:19:24.605+0000] {processor.py:830} INFO - Processing file /home/airflow/.local/lib/python3.12/site-packages/airflow/example_dags/example_display_name.py for tasks to queue
[2026-06-03T06:19:24.607+0000] {logging_mixin.py:188} INFO - [2026-06-03T06:19:24.607+0000] {dagbag.py:545} INFO - Filling up the DagBag from /home/airflow/.local/lib/python3.12/site-packages/airflow/example_dags/example_display_name.py
[2026-06-03T06:19:24.611+0000] {processor.py:840} INFO - DAG(s) 'example_display_name' retrieved from /home/airflow/.local/lib/python3.12/site-packages/airflow/example_dags/example_display_name.py
[2026-06-03T06:19:24.626+0000] {logging_mixin.py:188} INFO - [2026-06-03T06:19:24.626+0000] {dag.py:3089} INFO - Sync 1 DAGs
[2026-06-03T06:19:24.637+0000] {logging_mixin.py:188} INFO - [2026-06-03T06:19:24.636+0000] {dag.py:3947} INFO - Setting next_dagrun for example_display_name to None, run_after=None
[2026-06-03T06:19:24.653+0000] {processor.py:183} INFO - Processing /home/airflow/.local/lib/python3.12/site-packages/airflow/example_dags/example_display_name.py took 0.053 seconds
[2026-06-03T06:19:55.478+0000] {processor.py:161} INFO - Started process (PID=1982) to work on /home/airflow/.local/lib/python3.12/site-packages/airflow/example_dags/example_display_name.py
[2026-06-03T06:19:55.479+0000] {processor.py:830} INFO - Processing file /home/airflow/.local/lib/python3.12/site-packages/airflow/example_dags/example_display_name.py for tasks to queue
[2026-06-03T06:19:55.481+0000] {logging_mixin.py:188} INFO - [2026-06-03T06:19:55.481+0000] {dagbag.py:545} INFO - Filling up the DagBag from /home/airflow/.local/lib/python3.12/site-packages/airflow/example_dags/example_display_name.py
[2026-06-03T06:19:55.485+0000] {processor.py:840} INFO - DAG(s) 'example_display_name' retrieved from /home/airflow/.local/lib/python3.12/site-packages/airflow/example_dags/example_display_name.py
[2026-06-03T06:19:55.502+0000] {logging_mixin.py:188} INFO - [2026-06-03T06:19:55.502+0000] {dag.py:3089} INFO - Sync 1 DAGs
[2026-06-03T06:19:55.641+0000] {logging_mixin.py:188} INFO - [2026-06-03T06:19:55.641+0000] {dag.py:3947} INFO - Setting next_dagrun for example_display_name to None, run_after=None
[2026-06-03T06:19:55.655+0000] {processor.py:183} INFO - Processing /home/airflow/.local/lib/python3.12/site-packages/airflow/example_dags/example_display_name.py took 0.182 seconds
[2026-06-03T06:20:26.469+0000] {processor.py:161} INFO - Started process (PID=2040) to work on /home/airflow/.local/lib/python3.12/site-packages/airflow/example_dags/example_display_name.py
[2026-06-03T06:20:26.470+0000] {processor.py:830} INFO - Processing file /home/airflow/.local/lib/python3.12/site-packages/airflow/example_dags/example_display_name.py for tasks to queue
[2026-06-03T06:20:26.471+0000] {logging_mixin.py:188} INFO - [2026-06-03T06:20:26.471+0000] {dagbag.py:545} INFO - Filling up the DagBag from /home/airflow/.local/lib/python3.12/site-packages/airflow/example_dags/example_display_name.py
[2026-06-03T06:20:26.475+0000] {processor.py:840} INFO - DAG(s) 'example_display_name' retrieved from /home/airflow/.local/lib/python3.12/site-packages/airflow/example_dags/example_display_name.py
[2026-06-03T06:20:26.491+0000] {logging_mixin.py:188} INFO - [2026-06-03T06:20:26.491+0000] {dag.py:3089} INFO - Sync 1 DAGs
[2026-06-03T06:20:26.502+0000] {logging_mixin.py:188} INFO - [2026-06-03T06:20:26.502+0000] {dag.py:3947} INFO - Setting next_dagrun for example_display_name to None, run_after=None
[2026-06-03T06:20:26.518+0000] {processor.py:183} INFO - Processing /home/airflow/.local/lib/python3.12/site-packages/airflow/example_dags/example_display_name.py took 0.054 seconds
[2026-06-03T06:20:56.737+0000] {processor.py:161} INFO - Started process (PID=2098) to work on /home/airflow/.local/lib/python3.12/site-packages/airflow/example_dags/example_display_name.py
[2026-06-03T06:20:56.738+0000] {processor.py:830} INFO - Processing file /home/airflow/.local/lib/python3.12/site-packages/airflow/example_dags/example_display_name.py for tasks to queue
[2026-06-03T06:20:56.739+0000] {logging_mixin.py:188} INFO - [2026-06-03T06:20:56.739+0000] {dagbag.py:545} INFO - Filling up the DagBag from /home/airflow/.local/lib/python3.12/site-packages/airflow/example_dags/example_display_name.py
[2026-06-03T06:20:56.743+0000] {processor.py:840} INFO - DAG(s) 'example_display_name' retrieved from /home/airflow/.local/lib/python3.12/site-packages/airflow/example_dags/example_display_name.py
[2026-06-03T06:20:56.758+0000] {logging_mixin.py:188} INFO - [2026-06-03T06:20:56.758+0000] {dag.py:3089} INFO - Sync 1 DAGs
[2026-06-03T06:20:56.769+0000] {logging_mixin.py:188} INFO - [2026-06-03T06:20:56.769+0000] {dag.py:3947} INFO - Setting next_dagrun for example_display_name to None, run_after=None
[2026-06-03T06:20:56.785+0000] {processor.py:183} INFO - Processing /home/airflow/.local/lib/python3.12/site-packages/airflow/example_dags/example_display_name.py took 0.052 seconds
[2026-06-03T06:21:27.079+0000] {processor.py:161} INFO - Started process (PID=2156) to work on /home/airflow/.local/lib/python3.12/site-packages/airflow/example_dags/example_display_name.py
[2026-06-03T06:21:27.080+0000] {processor.py:830} INFO - Processing file /home/airflow/.local/lib/python3.12/site-packages/airflow/example_dags/example_display_name.py for tasks to queue
[2026-06-03T06:21:27.081+0000] {logging_mixin.py:188} INFO - [2026-06-03T06:21:27.081+0000] {dagbag.py:545} INFO - Filling up the DagBag from /home/airflow/.local/lib/python3.12/site-packages/airflow/example_dags/example_display_name.py
[2026-06-03T06:21:27.085+0000] {processor.py:840} INFO - DAG(s) 'example_display_name' retrieved from /home/airflow/.local/lib/python3.12/site-packages/airflow/example_dags/example_display_name.py
[2026-06-03T06:21:27.101+0000] {logging_mixin.py:188} INFO - [2026-06-03T06:21:27.100+0000] {dag.py:3089} INFO - Sync 1 DAGs
[2026-06-03T06:21:27.111+0000] {logging_mixin.py:188} INFO - [2026-06-03T06:21:27.111+0000] {dag.py:3947} INFO - Setting next_dagrun for example_display_name to None, run_after=None
[2026-06-03T06:21:27.131+0000] {processor.py:183} INFO - Processing /home/airflow/.local/lib/python3.12/site-packages/airflow/example_dags/example_display_name.py took 0.057 seconds
[2026-06-03T06:21:57.593+0000] {processor.py:161} INFO - Started process (PID=2214) to work on /home/airflow/.local/lib/python3.12/site-packages/airflow/example_dags/example_display_name.py
[2026-06-03T06:21:57.593+0000] {processor.py:830} INFO - Processing file /home/airflow/.local/lib/python3.12/site-packages/airflow/example_dags/example_display_name.py for tasks to queue
[2026-06-03T06:21:57.595+0000] {logging_mixin.py:188} INFO - [2026-06-03T06:21:57.594+0000] {dagbag.py:545} INFO - Filling up the DagBag from /home/airflow/.local/lib/python3.12/site-packages/airflow/example_dags/example_display_name.py
[2026-06-03T06:21:57.599+0000] {processor.py:840} INFO - DAG(s) 'example_display_name' retrieved from /home/airflow/.local/lib/python3.12/site-packages/airflow/example_dags/example_display_name.py
[2026-06-03T06:21:57.614+0000] {logging_mixin.py:188} INFO - [2026-06-03T06:21:57.614+0000] {dag.py:3089} INFO - Sync 1 DAGs
[2026-06-03T06:21:57.625+0000] {logging_mixin.py:188} INFO - [2026-06-03T06:21:57.624+0000] {dag.py:3947} INFO - Setting next_dagrun for example_display_name to None, run_after=None
[2026-06-03T06:21:57.640+0000] {processor.py:183} INFO - Processing /home/airflow/.local/lib/python3.12/site-packages/airflow/example_dags/example_display_name.py took 0.052 seconds
[2026-06-03T06:22:38.758+0000] {processor.py:161} INFO - Started process (PID=2273) to work on /home/airflow/.local/lib/python3.12/site-packages/airflow/example_dags/example_display_name.py
[2026-06-03T06:22:38.761+0000] {processor.py:830} INFO - Processing file /home/airflow/.local/lib/python3.12/site-packages/airflow/example_dags/example_display_name.py for tasks to queue
[2026-06-03T06:22:38.762+0000] {logging_mixin.py:188} INFO - [2026-06-03T06:22:38.762+0000] {dagbag.py:545} INFO - Filling up the DagBag from /home/airflow/.local/lib/python3.12/site-packages/airflow/example_dags/example_display_name.py
[2026-06-03T06:22:38.767+0000] {processor.py:840} INFO - DAG(s) 'example_display_name' retrieved from /home/airflow/.local/lib/python3.12/site-packages/airflow/example_dags/example_display_name.py
[2026-06-03T06:22:38.788+0000] {logging_mixin.py:188} INFO - [2026-06-03T06:22:38.788+0000] {dag.py:3089} INFO - Sync 1 DAGs
[2026-06-03T06:22:38.801+0000] {logging_mixin.py:188} INFO - [2026-06-03T06:22:38.801+0000] {dag.py:3947} INFO - Setting next_dagrun for example_display_name to None, run_after=None
[2026-06-03T06:22:38.819+0000] {processor.py:183} INFO - Processing /home/airflow/.local/lib/python3.12/site-packages/airflow/example_dags/example_display_name.py took 0.066 seconds
[2026-06-03T06:23:09.085+0000] {processor.py:161} INFO - Started process (PID=2331) to work on /home/airflow/.local/lib/python3.12/site-packages/airflow/example_dags/example_display_name.py
[2026-06-03T06:23:09.087+0000] {processor.py:830} INFO - Processing file /home/airflow/.local/lib/python3.12/site-packages/airflow/example_dags/example_display_name.py for tasks to queue
[2026-06-03T06:23:09.088+0000] {logging_mixin.py:188} INFO - [2026-06-03T06:23:09.088+0000] {dagbag.py:545} INFO - Filling up the DagBag from /home/airflow/.local/lib/python3.12/site-packages/airflow/example_dags/example_display_name.py
[2026-06-03T06:23:09.092+0000] {processor.py:840} INFO - DAG(s) 'example_display_name' retrieved from /home/airflow/.local/lib/python3.12/site-packages/airflow/example_dags/example_display_name.py
[2026-06-03T06:23:09.108+0000] {logging_mixin.py:188} INFO - [2026-06-03T06:23:09.108+0000] {dag.py:3089} INFO - Sync 1 DAGs
[2026-06-03T06:23:09.119+0000] {logging_mixin.py:188} INFO - [2026-06-03T06:23:09.119+0000] {dag.py:3947} INFO - Setting next_dagrun for example_display_name to None, run_after=None
[2026-06-03T06:23:09.135+0000] {processor.py:183} INFO - Processing /home/airflow/.local/lib/python3.12/site-packages/airflow/example_dags/example_display_name.py took 0.055 seconds
[2026-06-03T06:23:39.523+0000] {processor.py:161} INFO - Started process (PID=2389) to work on /home/airflow/.local/lib/python3.12/site-packages/airflow/example_dags/example_display_name.py
[2026-06-03T06:23:39.523+0000] {processor.py:830} INFO - Processing file /home/airflow/.local/lib/python3.12/site-packages/airflow/example_dags/example_display_name.py for tasks to queue
[2026-06-03T06:23:39.524+0000] {logging_mixin.py:188} INFO - [2026-06-03T06:23:39.524+0000] {dagbag.py:545} INFO - Filling up the DagBag from /home/airflow/.local/lib/python3.12/site-packages/airflow/example_dags/example_display_name.py
[2026-06-03T06:23:39.529+0000] {processor.py:840} INFO - DAG(s) 'example_display_name' retrieved from /home/airflow/.local/lib/python3.12/site-packages/airflow/example_dags/example_display_name.py
[2026-06-03T06:23:39.544+0000] {logging_mixin.py:188} INFO - [2026-06-03T06:23:39.544+0000] {dag.py:3089} INFO - Sync 1 DAGs
[2026-06-03T06:23:39.555+0000] {logging_mixin.py:188} INFO - [2026-06-03T06:23:39.555+0000] {dag.py:3947} INFO - Setting next_dagrun for example_display_name to None, run_after=None
[2026-06-03T06:23:39.571+0000] {processor.py:183} INFO - Processing /home/airflow/.local/lib/python3.12/site-packages/airflow/example_dags/example_display_name.py took 0.053 seconds
[2026-06-03T06:24:09.900+0000] {processor.py:161} INFO - Started process (PID=2447) to work on /home/airflow/.local/lib/python3.12/site-packages/airflow/example_dags/example_display_name.py
[2026-06-03T06:24:09.901+0000] {processor.py:830} INFO - Processing file /home/airflow/.local/lib/python3.12/site-packages/airflow/example_dags/example_display_name.py for tasks to queue
[2026-06-03T06:24:09.903+0000] {logging_mixin.py:188} INFO - [2026-06-03T06:24:09.902+0000] {dagbag.py:545} INFO - Filling up the DagBag from /home/airflow/.local/lib/python3.12/site-packages/airflow/example_dags/example_display_name.py
[2026-06-03T06:24:09.907+0000] {processor.py:840} INFO - DAG(s) 'example_display_name' retrieved from /home/airflow/.local/lib/python3.12/site-packages/airflow/example_dags/example_display_name.py
[2026-06-03T06:24:09.922+0000] {logging_mixin.py:188} INFO - [2026-06-03T06:24:09.922+0000] {dag.py:3089} INFO - Sync 1 DAGs
[2026-06-03T06:24:09.933+0000] {logging_mixin.py:188} INFO - [2026-06-03T06:24:09.932+0000] {dag.py:3947} INFO - Setting next_dagrun for example_display_name to None, run_after=None
[2026-06-03T06:24:09.949+0000] {processor.py:183} INFO - Processing /home/airflow/.local/lib/python3.12/site-packages/airflow/example_dags/example_display_name.py took 0.054 seconds
[2026-06-03T06:24:40.428+0000] {processor.py:161} INFO - Started process (PID=2505) to work on /home/airflow/.local/lib/python3.12/site-packages/airflow/example_dags/example_display_name.py
[2026-06-03T06:24:40.429+0000] {processor.py:830} INFO - Processing file /home/airflow/.local/lib/python3.12/site-packages/airflow/example_dags/example_display_name.py for tasks to queue
[2026-06-03T06:24:40.430+0000] {logging_mixin.py:188} INFO - [2026-06-03T06:24:40.430+0000] {dagbag.py:545} INFO - Filling up the DagBag from /home/airflow/.local/lib/python3.12/site-packages/airflow/example_dags/example_display_name.py
[2026-06-03T06:24:40.435+0000] {processor.py:840} INFO - DAG(s) 'example_display_name' retrieved from /home/airflow/.local/lib/python3.12/site-packages/airflow/example_dags/example_display_name.py
[2026-06-03T06:24:40.449+0000] {logging_mixin.py:188} INFO - [2026-06-03T06:24:40.449+0000] {dag.py:3089} INFO - Sync 1 DAGs
[2026-06-03T06:24:40.460+0000] {logging_mixin.py:188} INFO - [2026-06-03T06:24:40.460+0000] {dag.py:3947} INFO - Setting next_dagrun for example_display_name to None, run_after=None
[2026-06-03T06:24:40.475+0000] {processor.py:183} INFO - Processing /home/airflow/.local/lib/python3.12/site-packages/airflow/example_dags/example_display_name.py took 0.051 seconds
[2026-06-03T06:25:10.926+0000] {processor.py:161} INFO - Started process (PID=2563) to work on /home/airflow/.local/lib/python3.12/site-packages/airflow/example_dags/example_display_name.py
[2026-06-03T06:25:10.927+0000] {processor.py:830} INFO - Processing file /home/airflow/.local/lib/python3.12/site-packages/airflow/example_dags/example_display_name.py for tasks to queue
[2026-06-03T06:25:10.928+0000] {logging_mixin.py:188} INFO - [2026-06-03T06:25:10.928+0000] {dagbag.py:545} INFO - Filling up the DagBag from /home/airflow/.local/lib/python3.12/site-packages/airflow/example_dags/example_display_name.py
[2026-06-03T06:25:10.932+0000] {processor.py:840} INFO - DAG(s) 'example_display_name' retrieved from /home/airflow/.local/lib/python3.12/site-packages/airflow/example_dags/example_display_name.py
[2026-06-03T06:25:10.947+0000] {logging_mixin.py:188} INFO - [2026-06-03T06:25:10.947+0000] {dag.py:3089} INFO - Sync 1 DAGs
[2026-06-03T06:25:10.958+0000] {logging_mixin.py:188} INFO - [2026-06-03T06:25:10.957+0000] {dag.py:3947} INFO - Setting next_dagrun for example_display_name to None, run_after=None
[2026-06-03T06:25:10.974+0000] {processor.py:183} INFO - Processing /home/airflow/.local/lib/python3.12/site-packages/airflow/example_dags/example_display_name.py took 0.052 seconds
[2026-06-03T06:25:41.236+0000] {processor.py:161} INFO - Started process (PID=2621) to work on /home/airflow/.local/lib/python3.12/site-packages/airflow/example_dags/example_display_name.py
[2026-06-03T06:25:41.237+0000] {processor.py:830} INFO - Processing file /home/airflow/.local/lib/python3.12/site-packages/airflow/example_dags/example_display_name.py for tasks to queue
[2026-06-03T06:25:41.238+0000] {logging_mixin.py:188} INFO - [2026-06-03T06:25:41.238+0000] {dagbag.py:545} INFO - Filling up the DagBag from /home/airflow/.local/lib/python3.12/site-packages/airflow/example_dags/example_display_name.py
[2026-06-03T06:25:41.242+0000] {processor.py:840} INFO - DAG(s) 'example_display_name' retrieved from /home/airflow/.local/lib/python3.12/site-packages/airflow/example_dags/example_display_name.py
[2026-06-03T06:25:41.257+0000] {logging_mixin.py:188} INFO - [2026-06-03T06:25:41.257+0000] {dag.py:3089} INFO - Sync 1 DAGs
[2026-06-03T06:25:41.268+0000] {logging_mixin.py:188} INFO - [2026-06-03T06:25:41.268+0000] {dag.py:3947} INFO - Setting next_dagrun for example_display_name to None, run_after=None
[2026-06-03T06:25:41.285+0000] {processor.py:183} INFO - Processing /home/airflow/.local/lib/python3.12/site-packages/airflow/example_dags/example_display_name.py took 0.053 seconds
[2026-06-03T06:26:11.683+0000] {processor.py:161} INFO - Started process (PID=2678) to work on /home/airflow/.local/lib/python3.12/site-packages/airflow/example_dags/example_display_name.py
[2026-06-03T06:26:11.685+0000] {processor.py:830} INFO - Processing file /home/airflow/.local/lib/python3.12/site-packages/airflow/example_dags/example_display_name.py for tasks to queue
[2026-06-03T06:26:11.686+0000] {logging_mixin.py:188} INFO - [2026-06-03T06:26:11.686+0000] {dagbag.py:545} INFO - Filling up the DagBag from /home/airflow/.local/lib/python3.12/site-packages/airflow/example_dags/example_display_name.py
[2026-06-03T06:26:11.690+0000] {processor.py:840} INFO - DAG(s) 'example_display_name' retrieved from /home/airflow/.local/lib/python3.12/site-packages/airflow/example_dags/example_display_name.py
[2026-06-03T06:26:11.705+0000] {logging_mixin.py:188} INFO - [2026-06-03T06:26:11.705+0000] {dag.py:3089} INFO - Sync 1 DAGs
[2026-06-03T06:26:11.716+0000] {logging_mixin.py:188} INFO - [2026-06-03T06:26:11.716+0000] {dag.py:3947} INFO - Setting next_dagrun for example_display_name to None, run_after=None
[2026-06-03T06:26:11.731+0000] {processor.py:183} INFO - Processing /home/airflow/.local/lib/python3.12/site-packages/airflow/example_dags/example_display_name.py took 0.053 seconds
[2026-06-03T06:26:41.988+0000] {processor.py:161} INFO - Started process (PID=2736) to work on /home/airflow/.local/lib/python3.12/site-packages/airflow/example_dags/example_display_name.py
[2026-06-03T06:26:41.989+0000] {processor.py:830} INFO - Processing file /home/airflow/.local/lib/python3.12/site-packages/airflow/example_dags/example_display_name.py for tasks to queue
[2026-06-03T06:26:41.990+0000] {logging_mixin.py:188} INFO - [2026-06-03T06:26:41.990+0000] {dagbag.py:545} INFO - Filling up the DagBag from /home/airflow/.local/lib/python3.12/site-packages/airflow/example_dags/example_display_name.py
[2026-06-03T06:26:41.994+0000] {processor.py:840} INFO - DAG(s) 'example_display_name' retrieved from /home/airflow/.local/lib/python3.12/site-packages/airflow/example_dags/example_display_name.py
[2026-06-03T06:26:42.010+0000] {logging_mixin.py:188} INFO - [2026-06-03T06:26:42.009+0000] {dag.py:3089} INFO - Sync 1 DAGs
[2026-06-03T06:26:42.021+0000] {logging_mixin.py:188} INFO - [2026-06-03T06:26:42.020+0000] {dag.py:3947} INFO - Setting next_dagrun for example_display_name to None, run_after=None
[2026-06-03T06:26:42.036+0000] {processor.py:183} INFO - Processing /home/airflow/.local/lib/python3.12/site-packages/airflow/example_dags/example_display_name.py took 0.052 seconds
