[2026-06-03T06:03:12.879+0000] {processor.py:161} INFO - Started process (PID=92) to work on /home/airflow/.local/lib/python3.12/site-packages/airflow/example_dags/example_setup_teardown_taskflow.py
[2026-06-03T06:03:12.880+0000] {processor.py:830} INFO - Processing file /home/airflow/.local/lib/python3.12/site-packages/airflow/example_dags/example_setup_teardown_taskflow.py for tasks to queue
[2026-06-03T06:03:12.881+0000] {logging_mixin.py:188} INFO - [2026-06-03T06:03:12.881+0000] {dagbag.py:545} INFO - Filling up the DagBag from /home/airflow/.local/lib/python3.12/site-packages/airflow/example_dags/example_setup_teardown_taskflow.py
[2026-06-03T06:03:12.889+0000] {processor.py:840} INFO - DAG(s) 'example_setup_teardown_taskflow' retrieved from /home/airflow/.local/lib/python3.12/site-packages/airflow/example_dags/example_setup_teardown_taskflow.py
[2026-06-03T06:03:12.906+0000] {logging_mixin.py:188} INFO - [2026-06-03T06:03:12.906+0000] {dag.py:3089} INFO - Sync 1 DAGs
[2026-06-03T06:03:12.925+0000] {logging_mixin.py:188} INFO - [2026-06-03T06:03:12.924+0000] {dag.py:3947} INFO - Setting next_dagrun for example_setup_teardown_taskflow to 2026-06-02 00:00:00+00:00, run_after=2026-06-03 00:00:00+00:00
[2026-06-03T06:03:12.940+0000] {processor.py:183} INFO - Processing /home/airflow/.local/lib/python3.12/site-packages/airflow/example_dags/example_setup_teardown_taskflow.py took 0.066 seconds
[2026-06-03T06:03:43.324+0000] {processor.py:161} INFO - Started process (PID=150) to work on /home/airflow/.local/lib/python3.12/site-packages/airflow/example_dags/example_setup_teardown_taskflow.py
[2026-06-03T06:03:43.325+0000] {processor.py:830} INFO - Processing file /home/airflow/.local/lib/python3.12/site-packages/airflow/example_dags/example_setup_teardown_taskflow.py for tasks to queue
[2026-06-03T06:03:43.326+0000] {logging_mixin.py:188} INFO - [2026-06-03T06:03:43.326+0000] {dagbag.py:545} INFO - Filling up the DagBag from /home/airflow/.local/lib/python3.12/site-packages/airflow/example_dags/example_setup_teardown_taskflow.py
[2026-06-03T06:03:43.333+0000] {processor.py:840} INFO - DAG(s) 'example_setup_teardown_taskflow' retrieved from /home/airflow/.local/lib/python3.12/site-packages/airflow/example_dags/example_setup_teardown_taskflow.py
[2026-06-03T06:03:43.351+0000] {logging_mixin.py:188} INFO - [2026-06-03T06:03:43.350+0000] {dag.py:3089} INFO - Sync 1 DAGs
[2026-06-03T06:03:43.369+0000] {logging_mixin.py:188} INFO - [2026-06-03T06:03:43.368+0000] {dag.py:3947} INFO - Setting next_dagrun for example_setup_teardown_taskflow to 2026-06-02 00:00:00+00:00, run_after=2026-06-03 00:00:00+00:00
[2026-06-03T06:03:43.383+0000] {processor.py:183} INFO - Processing /home/airflow/.local/lib/python3.12/site-packages/airflow/example_dags/example_setup_teardown_taskflow.py took 0.063 seconds
[2026-06-03T06:04:13.693+0000] {processor.py:161} INFO - Started process (PID=208) to work on /home/airflow/.local/lib/python3.12/site-packages/airflow/example_dags/example_setup_teardown_taskflow.py
[2026-06-03T06:04:13.694+0000] {processor.py:830} INFO - Processing file /home/airflow/.local/lib/python3.12/site-packages/airflow/example_dags/example_setup_teardown_taskflow.py for tasks to queue
[2026-06-03T06:04:13.696+0000] {logging_mixin.py:188} INFO - [2026-06-03T06:04:13.696+0000] {dagbag.py:545} INFO - Filling up the DagBag from /home/airflow/.local/lib/python3.12/site-packages/airflow/example_dags/example_setup_teardown_taskflow.py
[2026-06-03T06:04:13.703+0000] {processor.py:840} INFO - DAG(s) 'example_setup_teardown_taskflow' retrieved from /home/airflow/.local/lib/python3.12/site-packages/airflow/example_dags/example_setup_teardown_taskflow.py
[2026-06-03T06:04:13.720+0000] {logging_mixin.py:188} INFO - [2026-06-03T06:04:13.720+0000] {dag.py:3089} INFO - Sync 1 DAGs
[2026-06-03T06:04:13.738+0000] {logging_mixin.py:188} INFO - [2026-06-03T06:04:13.738+0000] {dag.py:3947} INFO - Setting next_dagrun for example_setup_teardown_taskflow to 2026-06-02 00:00:00+00:00, run_after=2026-06-03 00:00:00+00:00
[2026-06-03T06:04:13.753+0000] {processor.py:183} INFO - Processing /home/airflow/.local/lib/python3.12/site-packages/airflow/example_dags/example_setup_teardown_taskflow.py took 0.064 seconds
[2026-06-03T06:04:44.092+0000] {processor.py:161} INFO - Started process (PID=266) to work on /home/airflow/.local/lib/python3.12/site-packages/airflow/example_dags/example_setup_teardown_taskflow.py
[2026-06-03T06:04:44.093+0000] {processor.py:830} INFO - Processing file /home/airflow/.local/lib/python3.12/site-packages/airflow/example_dags/example_setup_teardown_taskflow.py for tasks to queue
[2026-06-03T06:04:44.095+0000] {logging_mixin.py:188} INFO - [2026-06-03T06:04:44.095+0000] {dagbag.py:545} INFO - Filling up the DagBag from /home/airflow/.local/lib/python3.12/site-packages/airflow/example_dags/example_setup_teardown_taskflow.py
[2026-06-03T06:04:44.103+0000] {processor.py:840} INFO - DAG(s) 'example_setup_teardown_taskflow' retrieved from /home/airflow/.local/lib/python3.12/site-packages/airflow/example_dags/example_setup_teardown_taskflow.py
[2026-06-03T06:04:44.124+0000] {logging_mixin.py:188} INFO - [2026-06-03T06:04:44.124+0000] {dag.py:3089} INFO - Sync 1 DAGs
[2026-06-03T06:04:44.144+0000] {logging_mixin.py:188} INFO - [2026-06-03T06:04:44.144+0000] {dag.py:3947} INFO - Setting next_dagrun for example_setup_teardown_taskflow to 2026-06-02 00:00:00+00:00, run_after=2026-06-03 00:00:00+00:00
[2026-06-03T06:04:44.163+0000] {processor.py:183} INFO - Processing /home/airflow/.local/lib/python3.12/site-packages/airflow/example_dags/example_setup_teardown_taskflow.py took 0.077 seconds
[2026-06-03T06:05:14.644+0000] {processor.py:161} INFO - Started process (PID=324) to work on /home/airflow/.local/lib/python3.12/site-packages/airflow/example_dags/example_setup_teardown_taskflow.py
[2026-06-03T06:05:14.646+0000] {processor.py:830} INFO - Processing file /home/airflow/.local/lib/python3.12/site-packages/airflow/example_dags/example_setup_teardown_taskflow.py for tasks to queue
[2026-06-03T06:05:14.648+0000] {logging_mixin.py:188} INFO - [2026-06-03T06:05:14.648+0000] {dagbag.py:545} INFO - Filling up the DagBag from /home/airflow/.local/lib/python3.12/site-packages/airflow/example_dags/example_setup_teardown_taskflow.py
[2026-06-03T06:05:14.657+0000] {processor.py:840} INFO - DAG(s) 'example_setup_teardown_taskflow' retrieved from /home/airflow/.local/lib/python3.12/site-packages/airflow/example_dags/example_setup_teardown_taskflow.py
[2026-06-03T06:05:14.675+0000] {logging_mixin.py:188} INFO - [2026-06-03T06:05:14.674+0000] {dag.py:3089} INFO - Sync 1 DAGs
[2026-06-03T06:05:14.694+0000] {logging_mixin.py:188} INFO - [2026-06-03T06:05:14.693+0000] {dag.py:3947} INFO - Setting next_dagrun for example_setup_teardown_taskflow to 2026-06-02 00:00:00+00:00, run_after=2026-06-03 00:00:00+00:00
[2026-06-03T06:05:14.709+0000] {processor.py:183} INFO - Processing /home/airflow/.local/lib/python3.12/site-packages/airflow/example_dags/example_setup_teardown_taskflow.py took 0.070 seconds
[2026-06-03T06:05:44.960+0000] {processor.py:161} INFO - Started process (PID=382) to work on /home/airflow/.local/lib/python3.12/site-packages/airflow/example_dags/example_setup_teardown_taskflow.py
[2026-06-03T06:05:44.961+0000] {processor.py:830} INFO - Processing file /home/airflow/.local/lib/python3.12/site-packages/airflow/example_dags/example_setup_teardown_taskflow.py for tasks to queue
[2026-06-03T06:05:44.962+0000] {logging_mixin.py:188} INFO - [2026-06-03T06:05:44.962+0000] {dagbag.py:545} INFO - Filling up the DagBag from /home/airflow/.local/lib/python3.12/site-packages/airflow/example_dags/example_setup_teardown_taskflow.py
[2026-06-03T06:05:44.970+0000] {processor.py:840} INFO - DAG(s) 'example_setup_teardown_taskflow' retrieved from /home/airflow/.local/lib/python3.12/site-packages/airflow/example_dags/example_setup_teardown_taskflow.py
[2026-06-03T06:05:44.987+0000] {logging_mixin.py:188} INFO - [2026-06-03T06:05:44.987+0000] {dag.py:3089} INFO - Sync 1 DAGs
[2026-06-03T06:05:45.005+0000] {logging_mixin.py:188} INFO - [2026-06-03T06:05:45.005+0000] {dag.py:3947} INFO - Setting next_dagrun for example_setup_teardown_taskflow to 2026-06-02 00:00:00+00:00, run_after=2026-06-03 00:00:00+00:00
[2026-06-03T06:05:45.019+0000] {processor.py:183} INFO - Processing /home/airflow/.local/lib/python3.12/site-packages/airflow/example_dags/example_setup_teardown_taskflow.py took 0.064 seconds
[2026-06-03T06:06:15.790+0000] {processor.py:161} INFO - Started process (PID=440) to work on /home/airflow/.local/lib/python3.12/site-packages/airflow/example_dags/example_setup_teardown_taskflow.py
[2026-06-03T06:06:15.792+0000] {processor.py:830} INFO - Processing file /home/airflow/.local/lib/python3.12/site-packages/airflow/example_dags/example_setup_teardown_taskflow.py for tasks to queue
[2026-06-03T06:06:15.793+0000] {logging_mixin.py:188} INFO - [2026-06-03T06:06:15.793+0000] {dagbag.py:545} INFO - Filling up the DagBag from /home/airflow/.local/lib/python3.12/site-packages/airflow/example_dags/example_setup_teardown_taskflow.py
[2026-06-03T06:06:15.800+0000] {processor.py:840} INFO - DAG(s) 'example_setup_teardown_taskflow' retrieved from /home/airflow/.local/lib/python3.12/site-packages/airflow/example_dags/example_setup_teardown_taskflow.py
[2026-06-03T06:06:15.818+0000] {logging_mixin.py:188} INFO - [2026-06-03T06:06:15.817+0000] {dag.py:3089} INFO - Sync 1 DAGs
[2026-06-03T06:06:15.836+0000] {logging_mixin.py:188} INFO - [2026-06-03T06:06:15.835+0000] {dag.py:3947} INFO - Setting next_dagrun for example_setup_teardown_taskflow to 2026-06-02 00:00:00+00:00, run_after=2026-06-03 00:00:00+00:00
[2026-06-03T06:06:15.851+0000] {processor.py:183} INFO - Processing /home/airflow/.local/lib/python3.12/site-packages/airflow/example_dags/example_setup_teardown_taskflow.py took 0.065 seconds
[2026-06-03T06:06:46.459+0000] {processor.py:161} INFO - Started process (PID=498) to work on /home/airflow/.local/lib/python3.12/site-packages/airflow/example_dags/example_setup_teardown_taskflow.py
[2026-06-03T06:06:46.460+0000] {processor.py:830} INFO - Processing file /home/airflow/.local/lib/python3.12/site-packages/airflow/example_dags/example_setup_teardown_taskflow.py for tasks to queue
[2026-06-03T06:06:46.461+0000] {logging_mixin.py:188} INFO - [2026-06-03T06:06:46.461+0000] {dagbag.py:545} INFO - Filling up the DagBag from /home/airflow/.local/lib/python3.12/site-packages/airflow/example_dags/example_setup_teardown_taskflow.py
[2026-06-03T06:06:46.469+0000] {processor.py:840} INFO - DAG(s) 'example_setup_teardown_taskflow' retrieved from /home/airflow/.local/lib/python3.12/site-packages/airflow/example_dags/example_setup_teardown_taskflow.py
[2026-06-03T06:06:46.486+0000] {logging_mixin.py:188} INFO - [2026-06-03T06:06:46.486+0000] {dag.py:3089} INFO - Sync 1 DAGs
[2026-06-03T06:06:46.504+0000] {logging_mixin.py:188} INFO - [2026-06-03T06:06:46.504+0000] {dag.py:3947} INFO - Setting next_dagrun for example_setup_teardown_taskflow to 2026-06-02 00:00:00+00:00, run_after=2026-06-03 00:00:00+00:00
[2026-06-03T06:06:46.518+0000] {processor.py:183} INFO - Processing /home/airflow/.local/lib/python3.12/site-packages/airflow/example_dags/example_setup_teardown_taskflow.py took 0.065 seconds
[2026-06-03T06:07:16.676+0000] {processor.py:161} INFO - Started process (PID=556) to work on /home/airflow/.local/lib/python3.12/site-packages/airflow/example_dags/example_setup_teardown_taskflow.py
[2026-06-03T06:07:16.678+0000] {processor.py:830} INFO - Processing file /home/airflow/.local/lib/python3.12/site-packages/airflow/example_dags/example_setup_teardown_taskflow.py for tasks to queue
[2026-06-03T06:07:16.679+0000] {logging_mixin.py:188} INFO - [2026-06-03T06:07:16.679+0000] {dagbag.py:545} INFO - Filling up the DagBag from /home/airflow/.local/lib/python3.12/site-packages/airflow/example_dags/example_setup_teardown_taskflow.py
[2026-06-03T06:07:16.686+0000] {processor.py:840} INFO - DAG(s) 'example_setup_teardown_taskflow' retrieved from /home/airflow/.local/lib/python3.12/site-packages/airflow/example_dags/example_setup_teardown_taskflow.py
[2026-06-03T06:07:16.705+0000] {logging_mixin.py:188} INFO - [2026-06-03T06:07:16.704+0000] {dag.py:3089} INFO - Sync 1 DAGs
[2026-06-03T06:07:16.730+0000] {logging_mixin.py:188} INFO - [2026-06-03T06:07:16.730+0000] {dag.py:3947} INFO - Setting next_dagrun for example_setup_teardown_taskflow to 2026-06-02 00:00:00+00:00, run_after=2026-06-03 00:00:00+00:00
[2026-06-03T06:07:16.747+0000] {processor.py:183} INFO - Processing /home/airflow/.local/lib/python3.12/site-packages/airflow/example_dags/example_setup_teardown_taskflow.py took 0.076 seconds
[2026-06-03T06:07:47.113+0000] {processor.py:161} INFO - Started process (PID=614) to work on /home/airflow/.local/lib/python3.12/site-packages/airflow/example_dags/example_setup_teardown_taskflow.py
[2026-06-03T06:07:47.114+0000] {processor.py:830} INFO - Processing file /home/airflow/.local/lib/python3.12/site-packages/airflow/example_dags/example_setup_teardown_taskflow.py for tasks to queue
[2026-06-03T06:07:47.115+0000] {logging_mixin.py:188} INFO - [2026-06-03T06:07:47.115+0000] {dagbag.py:545} INFO - Filling up the DagBag from /home/airflow/.local/lib/python3.12/site-packages/airflow/example_dags/example_setup_teardown_taskflow.py
[2026-06-03T06:07:47.123+0000] {processor.py:840} INFO - DAG(s) 'example_setup_teardown_taskflow' retrieved from /home/airflow/.local/lib/python3.12/site-packages/airflow/example_dags/example_setup_teardown_taskflow.py
[2026-06-03T06:07:47.140+0000] {logging_mixin.py:188} INFO - [2026-06-03T06:07:47.140+0000] {dag.py:3089} INFO - Sync 1 DAGs
[2026-06-03T06:07:47.157+0000] {logging_mixin.py:188} INFO - [2026-06-03T06:07:47.157+0000] {dag.py:3947} INFO - Setting next_dagrun for example_setup_teardown_taskflow to 2026-06-02 00:00:00+00:00, run_after=2026-06-03 00:00:00+00:00
[2026-06-03T06:07:47.171+0000] {processor.py:183} INFO - Processing /home/airflow/.local/lib/python3.12/site-packages/airflow/example_dags/example_setup_teardown_taskflow.py took 0.062 seconds
[2026-06-03T06:08:17.496+0000] {processor.py:161} INFO - Started process (PID=672) to work on /home/airflow/.local/lib/python3.12/site-packages/airflow/example_dags/example_setup_teardown_taskflow.py
[2026-06-03T06:08:17.497+0000] {processor.py:830} INFO - Processing file /home/airflow/.local/lib/python3.12/site-packages/airflow/example_dags/example_setup_teardown_taskflow.py for tasks to queue
[2026-06-03T06:08:17.499+0000] {logging_mixin.py:188} INFO - [2026-06-03T06:08:17.498+0000] {dagbag.py:545} INFO - Filling up the DagBag from /home/airflow/.local/lib/python3.12/site-packages/airflow/example_dags/example_setup_teardown_taskflow.py
[2026-06-03T06:08:17.506+0000] {processor.py:840} INFO - DAG(s) 'example_setup_teardown_taskflow' retrieved from /home/airflow/.local/lib/python3.12/site-packages/airflow/example_dags/example_setup_teardown_taskflow.py
[2026-06-03T06:08:17.523+0000] {logging_mixin.py:188} INFO - [2026-06-03T06:08:17.523+0000] {dag.py:3089} INFO - Sync 1 DAGs
[2026-06-03T06:08:17.541+0000] {logging_mixin.py:188} INFO - [2026-06-03T06:08:17.541+0000] {dag.py:3947} INFO - Setting next_dagrun for example_setup_teardown_taskflow to 2026-06-02 00:00:00+00:00, run_after=2026-06-03 00:00:00+00:00
[2026-06-03T06:08:17.554+0000] {processor.py:183} INFO - Processing /home/airflow/.local/lib/python3.12/site-packages/airflow/example_dags/example_setup_teardown_taskflow.py took 0.063 seconds
[2026-06-03T06:08:51.518+0000] {processor.py:161} INFO - Started process (PID=730) to work on /home/airflow/.local/lib/python3.12/site-packages/airflow/example_dags/example_setup_teardown_taskflow.py
[2026-06-03T06:08:51.519+0000] {processor.py:830} INFO - Processing file /home/airflow/.local/lib/python3.12/site-packages/airflow/example_dags/example_setup_teardown_taskflow.py for tasks to queue
[2026-06-03T06:08:51.521+0000] {logging_mixin.py:188} INFO - [2026-06-03T06:08:51.520+0000] {dagbag.py:545} INFO - Filling up the DagBag from /home/airflow/.local/lib/python3.12/site-packages/airflow/example_dags/example_setup_teardown_taskflow.py
[2026-06-03T06:08:51.529+0000] {processor.py:840} INFO - DAG(s) 'example_setup_teardown_taskflow' retrieved from /home/airflow/.local/lib/python3.12/site-packages/airflow/example_dags/example_setup_teardown_taskflow.py
[2026-06-03T06:08:51.547+0000] {logging_mixin.py:188} INFO - [2026-06-03T06:08:51.546+0000] {dag.py:3089} INFO - Sync 1 DAGs
[2026-06-03T06:08:51.565+0000] {logging_mixin.py:188} INFO - [2026-06-03T06:08:51.565+0000] {dag.py:3947} INFO - Setting next_dagrun for example_setup_teardown_taskflow to 2026-06-02 00:00:00+00:00, run_after=2026-06-03 00:00:00+00:00
[2026-06-03T06:08:51.583+0000] {processor.py:183} INFO - Processing /home/airflow/.local/lib/python3.12/site-packages/airflow/example_dags/example_setup_teardown_taskflow.py took 0.070 seconds
[2026-06-03T06:09:22.318+0000] {processor.py:161} INFO - Started process (PID=787) to work on /home/airflow/.local/lib/python3.12/site-packages/airflow/example_dags/example_setup_teardown_taskflow.py
[2026-06-03T06:09:22.327+0000] {processor.py:830} INFO - Processing file /home/airflow/.local/lib/python3.12/site-packages/airflow/example_dags/example_setup_teardown_taskflow.py for tasks to queue
[2026-06-03T06:09:22.328+0000] {logging_mixin.py:188} INFO - [2026-06-03T06:09:22.328+0000] {dagbag.py:545} INFO - Filling up the DagBag from /home/airflow/.local/lib/python3.12/site-packages/airflow/example_dags/example_setup_teardown_taskflow.py
[2026-06-03T06:09:22.336+0000] {processor.py:840} INFO - DAG(s) 'example_setup_teardown_taskflow' retrieved from /home/airflow/.local/lib/python3.12/site-packages/airflow/example_dags/example_setup_teardown_taskflow.py
[2026-06-03T06:09:22.354+0000] {logging_mixin.py:188} INFO - [2026-06-03T06:09:22.354+0000] {dag.py:3089} INFO - Sync 1 DAGs
[2026-06-03T06:09:22.372+0000] {logging_mixin.py:188} INFO - [2026-06-03T06:09:22.372+0000] {dag.py:3947} INFO - Setting next_dagrun for example_setup_teardown_taskflow to 2026-06-02 00:00:00+00:00, run_after=2026-06-03 00:00:00+00:00
[2026-06-03T06:09:22.389+0000] {processor.py:183} INFO - Processing /home/airflow/.local/lib/python3.12/site-packages/airflow/example_dags/example_setup_teardown_taskflow.py took 0.076 seconds
[2026-06-03T06:09:52.460+0000] {processor.py:161} INFO - Started process (PID=845) to work on /home/airflow/.local/lib/python3.12/site-packages/airflow/example_dags/example_setup_teardown_taskflow.py
[2026-06-03T06:09:52.461+0000] {processor.py:830} INFO - Processing file /home/airflow/.local/lib/python3.12/site-packages/airflow/example_dags/example_setup_teardown_taskflow.py for tasks to queue
[2026-06-03T06:09:52.462+0000] {logging_mixin.py:188} INFO - [2026-06-03T06:09:52.462+0000] {dagbag.py:545} INFO - Filling up the DagBag from /home/airflow/.local/lib/python3.12/site-packages/airflow/example_dags/example_setup_teardown_taskflow.py
[2026-06-03T06:09:52.469+0000] {processor.py:840} INFO - DAG(s) 'example_setup_teardown_taskflow' retrieved from /home/airflow/.local/lib/python3.12/site-packages/airflow/example_dags/example_setup_teardown_taskflow.py
[2026-06-03T06:09:52.486+0000] {logging_mixin.py:188} INFO - [2026-06-03T06:09:52.486+0000] {dag.py:3089} INFO - Sync 1 DAGs
[2026-06-03T06:09:52.504+0000] {logging_mixin.py:188} INFO - [2026-06-03T06:09:52.503+0000] {dag.py:3947} INFO - Setting next_dagrun for example_setup_teardown_taskflow to 2026-06-02 00:00:00+00:00, run_after=2026-06-03 00:00:00+00:00
[2026-06-03T06:09:52.518+0000] {processor.py:183} INFO - Processing /home/airflow/.local/lib/python3.12/site-packages/airflow/example_dags/example_setup_teardown_taskflow.py took 0.063 seconds
[2026-06-03T06:10:22.857+0000] {processor.py:161} INFO - Started process (PID=902) to work on /home/airflow/.local/lib/python3.12/site-packages/airflow/example_dags/example_setup_teardown_taskflow.py
[2026-06-03T06:10:22.858+0000] {processor.py:830} INFO - Processing file /home/airflow/.local/lib/python3.12/site-packages/airflow/example_dags/example_setup_teardown_taskflow.py for tasks to queue
[2026-06-03T06:10:22.860+0000] {logging_mixin.py:188} INFO - [2026-06-03T06:10:22.859+0000] {dagbag.py:545} INFO - Filling up the DagBag from /home/airflow/.local/lib/python3.12/site-packages/airflow/example_dags/example_setup_teardown_taskflow.py
[2026-06-03T06:10:22.867+0000] {processor.py:840} INFO - DAG(s) 'example_setup_teardown_taskflow' retrieved from /home/airflow/.local/lib/python3.12/site-packages/airflow/example_dags/example_setup_teardown_taskflow.py
[2026-06-03T06:10:22.884+0000] {logging_mixin.py:188} INFO - [2026-06-03T06:10:22.884+0000] {dag.py:3089} INFO - Sync 1 DAGs
[2026-06-03T06:10:22.902+0000] {logging_mixin.py:188} INFO - [2026-06-03T06:10:22.902+0000] {dag.py:3947} INFO - Setting next_dagrun for example_setup_teardown_taskflow to 2026-06-02 00:00:00+00:00, run_after=2026-06-03 00:00:00+00:00
[2026-06-03T06:10:22.917+0000] {processor.py:183} INFO - Processing /home/airflow/.local/lib/python3.12/site-packages/airflow/example_dags/example_setup_teardown_taskflow.py took 0.065 seconds
[2026-06-03T06:10:53.335+0000] {processor.py:161} INFO - Started process (PID=960) to work on /home/airflow/.local/lib/python3.12/site-packages/airflow/example_dags/example_setup_teardown_taskflow.py
[2026-06-03T06:10:53.335+0000] {processor.py:830} INFO - Processing file /home/airflow/.local/lib/python3.12/site-packages/airflow/example_dags/example_setup_teardown_taskflow.py for tasks to queue
[2026-06-03T06:10:53.336+0000] {logging_mixin.py:188} INFO - [2026-06-03T06:10:53.336+0000] {dagbag.py:545} INFO - Filling up the DagBag from /home/airflow/.local/lib/python3.12/site-packages/airflow/example_dags/example_setup_teardown_taskflow.py
[2026-06-03T06:10:53.344+0000] {processor.py:840} INFO - DAG(s) 'example_setup_teardown_taskflow' retrieved from /home/airflow/.local/lib/python3.12/site-packages/airflow/example_dags/example_setup_teardown_taskflow.py
[2026-06-03T06:10:53.362+0000] {logging_mixin.py:188} INFO - [2026-06-03T06:10:53.361+0000] {dag.py:3089} INFO - Sync 1 DAGs
[2026-06-03T06:10:53.379+0000] {logging_mixin.py:188} INFO - [2026-06-03T06:10:53.379+0000] {dag.py:3947} INFO - Setting next_dagrun for example_setup_teardown_taskflow to 2026-06-02 00:00:00+00:00, run_after=2026-06-03 00:00:00+00:00
[2026-06-03T06:10:53.393+0000] {processor.py:183} INFO - Processing /home/airflow/.local/lib/python3.12/site-packages/airflow/example_dags/example_setup_teardown_taskflow.py took 0.063 seconds
[2026-06-03T06:11:23.716+0000] {processor.py:161} INFO - Started process (PID=1018) to work on /home/airflow/.local/lib/python3.12/site-packages/airflow/example_dags/example_setup_teardown_taskflow.py
[2026-06-03T06:11:23.717+0000] {processor.py:830} INFO - Processing file /home/airflow/.local/lib/python3.12/site-packages/airflow/example_dags/example_setup_teardown_taskflow.py for tasks to queue
[2026-06-03T06:11:23.719+0000] {logging_mixin.py:188} INFO - [2026-06-03T06:11:23.718+0000] {dagbag.py:545} INFO - Filling up the DagBag from /home/airflow/.local/lib/python3.12/site-packages/airflow/example_dags/example_setup_teardown_taskflow.py
[2026-06-03T06:11:23.726+0000] {processor.py:840} INFO - DAG(s) 'example_setup_teardown_taskflow' retrieved from /home/airflow/.local/lib/python3.12/site-packages/airflow/example_dags/example_setup_teardown_taskflow.py
[2026-06-03T06:11:23.743+0000] {logging_mixin.py:188} INFO - [2026-06-03T06:11:23.743+0000] {dag.py:3089} INFO - Sync 1 DAGs
[2026-06-03T06:11:23.761+0000] {logging_mixin.py:188} INFO - [2026-06-03T06:11:23.760+0000] {dag.py:3947} INFO - Setting next_dagrun for example_setup_teardown_taskflow to 2026-06-02 00:00:00+00:00, run_after=2026-06-03 00:00:00+00:00
[2026-06-03T06:11:23.775+0000] {processor.py:183} INFO - Processing /home/airflow/.local/lib/python3.12/site-packages/airflow/example_dags/example_setup_teardown_taskflow.py took 0.064 seconds
[2026-06-03T06:11:54.140+0000] {processor.py:161} INFO - Started process (PID=1076) to work on /home/airflow/.local/lib/python3.12/site-packages/airflow/example_dags/example_setup_teardown_taskflow.py
[2026-06-03T06:11:54.140+0000] {processor.py:830} INFO - Processing file /home/airflow/.local/lib/python3.12/site-packages/airflow/example_dags/example_setup_teardown_taskflow.py for tasks to queue
[2026-06-03T06:11:54.142+0000] {logging_mixin.py:188} INFO - [2026-06-03T06:11:54.141+0000] {dagbag.py:545} INFO - Filling up the DagBag from /home/airflow/.local/lib/python3.12/site-packages/airflow/example_dags/example_setup_teardown_taskflow.py
[2026-06-03T06:11:54.149+0000] {processor.py:840} INFO - DAG(s) 'example_setup_teardown_taskflow' retrieved from /home/airflow/.local/lib/python3.12/site-packages/airflow/example_dags/example_setup_teardown_taskflow.py
[2026-06-03T06:11:54.166+0000] {logging_mixin.py:188} INFO - [2026-06-03T06:11:54.166+0000] {dag.py:3089} INFO - Sync 1 DAGs
[2026-06-03T06:11:54.183+0000] {logging_mixin.py:188} INFO - [2026-06-03T06:11:54.183+0000] {dag.py:3947} INFO - Setting next_dagrun for example_setup_teardown_taskflow to 2026-06-02 00:00:00+00:00, run_after=2026-06-03 00:00:00+00:00
[2026-06-03T06:11:54.198+0000] {processor.py:183} INFO - Processing /home/airflow/.local/lib/python3.12/site-packages/airflow/example_dags/example_setup_teardown_taskflow.py took 0.063 seconds
[2026-06-03T06:12:24.455+0000] {processor.py:161} INFO - Started process (PID=1134) to work on /home/airflow/.local/lib/python3.12/site-packages/airflow/example_dags/example_setup_teardown_taskflow.py
[2026-06-03T06:12:24.457+0000] {processor.py:830} INFO - Processing file /home/airflow/.local/lib/python3.12/site-packages/airflow/example_dags/example_setup_teardown_taskflow.py for tasks to queue
[2026-06-03T06:12:24.458+0000] {logging_mixin.py:188} INFO - [2026-06-03T06:12:24.458+0000] {dagbag.py:545} INFO - Filling up the DagBag from /home/airflow/.local/lib/python3.12/site-packages/airflow/example_dags/example_setup_teardown_taskflow.py
[2026-06-03T06:12:24.465+0000] {processor.py:840} INFO - DAG(s) 'example_setup_teardown_taskflow' retrieved from /home/airflow/.local/lib/python3.12/site-packages/airflow/example_dags/example_setup_teardown_taskflow.py
[2026-06-03T06:12:24.483+0000] {logging_mixin.py:188} INFO - [2026-06-03T06:12:24.482+0000] {dag.py:3089} INFO - Sync 1 DAGs
[2026-06-03T06:12:24.500+0000] {logging_mixin.py:188} INFO - [2026-06-03T06:12:24.500+0000] {dag.py:3947} INFO - Setting next_dagrun for example_setup_teardown_taskflow to 2026-06-02 00:00:00+00:00, run_after=2026-06-03 00:00:00+00:00
[2026-06-03T06:12:24.514+0000] {processor.py:183} INFO - Processing /home/airflow/.local/lib/python3.12/site-packages/airflow/example_dags/example_setup_teardown_taskflow.py took 0.063 seconds
[2026-06-03T06:12:54.653+0000] {processor.py:161} INFO - Started process (PID=1192) to work on /home/airflow/.local/lib/python3.12/site-packages/airflow/example_dags/example_setup_teardown_taskflow.py
[2026-06-03T06:12:54.654+0000] {processor.py:830} INFO - Processing file /home/airflow/.local/lib/python3.12/site-packages/airflow/example_dags/example_setup_teardown_taskflow.py for tasks to queue
[2026-06-03T06:12:54.655+0000] {logging_mixin.py:188} INFO - [2026-06-03T06:12:54.655+0000] {dagbag.py:545} INFO - Filling up the DagBag from /home/airflow/.local/lib/python3.12/site-packages/airflow/example_dags/example_setup_teardown_taskflow.py
[2026-06-03T06:12:54.662+0000] {processor.py:840} INFO - DAG(s) 'example_setup_teardown_taskflow' retrieved from /home/airflow/.local/lib/python3.12/site-packages/airflow/example_dags/example_setup_teardown_taskflow.py
[2026-06-03T06:12:54.681+0000] {logging_mixin.py:188} INFO - [2026-06-03T06:12:54.680+0000] {dag.py:3089} INFO - Sync 1 DAGs
[2026-06-03T06:12:54.702+0000] {logging_mixin.py:188} INFO - [2026-06-03T06:12:54.702+0000] {dag.py:3947} INFO - Setting next_dagrun for example_setup_teardown_taskflow to 2026-06-02 00:00:00+00:00, run_after=2026-06-03 00:00:00+00:00
[2026-06-03T06:12:54.717+0000] {processor.py:183} INFO - Processing /home/airflow/.local/lib/python3.12/site-packages/airflow/example_dags/example_setup_teardown_taskflow.py took 0.068 seconds
[2026-06-03T06:13:25.019+0000] {processor.py:161} INFO - Started process (PID=1250) to work on /home/airflow/.local/lib/python3.12/site-packages/airflow/example_dags/example_setup_teardown_taskflow.py
[2026-06-03T06:13:25.020+0000] {processor.py:830} INFO - Processing file /home/airflow/.local/lib/python3.12/site-packages/airflow/example_dags/example_setup_teardown_taskflow.py for tasks to queue
[2026-06-03T06:13:25.022+0000] {logging_mixin.py:188} INFO - [2026-06-03T06:13:25.021+0000] {dagbag.py:545} INFO - Filling up the DagBag from /home/airflow/.local/lib/python3.12/site-packages/airflow/example_dags/example_setup_teardown_taskflow.py
[2026-06-03T06:13:25.029+0000] {processor.py:840} INFO - DAG(s) 'example_setup_teardown_taskflow' retrieved from /home/airflow/.local/lib/python3.12/site-packages/airflow/example_dags/example_setup_teardown_taskflow.py
[2026-06-03T06:13:25.047+0000] {logging_mixin.py:188} INFO - [2026-06-03T06:13:25.047+0000] {dag.py:3089} INFO - Sync 1 DAGs
[2026-06-03T06:13:25.065+0000] {logging_mixin.py:188} INFO - [2026-06-03T06:13:25.065+0000] {dag.py:3947} INFO - Setting next_dagrun for example_setup_teardown_taskflow to 2026-06-02 00:00:00+00:00, run_after=2026-06-03 00:00:00+00:00
[2026-06-03T06:13:25.080+0000] {processor.py:183} INFO - Processing /home/airflow/.local/lib/python3.12/site-packages/airflow/example_dags/example_setup_teardown_taskflow.py took 0.066 seconds
[2026-06-03T06:13:55.232+0000] {processor.py:161} INFO - Started process (PID=1308) to work on /home/airflow/.local/lib/python3.12/site-packages/airflow/example_dags/example_setup_teardown_taskflow.py
[2026-06-03T06:13:55.233+0000] {processor.py:830} INFO - Processing file /home/airflow/.local/lib/python3.12/site-packages/airflow/example_dags/example_setup_teardown_taskflow.py for tasks to queue
[2026-06-03T06:13:55.234+0000] {logging_mixin.py:188} INFO - [2026-06-03T06:13:55.234+0000] {dagbag.py:545} INFO - Filling up the DagBag from /home/airflow/.local/lib/python3.12/site-packages/airflow/example_dags/example_setup_teardown_taskflow.py
[2026-06-03T06:13:55.242+0000] {processor.py:840} INFO - DAG(s) 'example_setup_teardown_taskflow' retrieved from /home/airflow/.local/lib/python3.12/site-packages/airflow/example_dags/example_setup_teardown_taskflow.py
[2026-06-03T06:13:55.260+0000] {logging_mixin.py:188} INFO - [2026-06-03T06:13:55.259+0000] {dag.py:3089} INFO - Sync 1 DAGs
[2026-06-03T06:13:55.278+0000] {logging_mixin.py:188} INFO - [2026-06-03T06:13:55.278+0000] {dag.py:3947} INFO - Setting next_dagrun for example_setup_teardown_taskflow to 2026-06-02 00:00:00+00:00, run_after=2026-06-03 00:00:00+00:00
[2026-06-03T06:13:55.294+0000] {processor.py:183} INFO - Processing /home/airflow/.local/lib/python3.12/site-packages/airflow/example_dags/example_setup_teardown_taskflow.py took 0.067 seconds
[2026-06-03T06:14:25.641+0000] {processor.py:161} INFO - Started process (PID=1366) to work on /home/airflow/.local/lib/python3.12/site-packages/airflow/example_dags/example_setup_teardown_taskflow.py
[2026-06-03T06:14:25.643+0000] {processor.py:830} INFO - Processing file /home/airflow/.local/lib/python3.12/site-packages/airflow/example_dags/example_setup_teardown_taskflow.py for tasks to queue
[2026-06-03T06:14:25.644+0000] {logging_mixin.py:188} INFO - [2026-06-03T06:14:25.644+0000] {dagbag.py:545} INFO - Filling up the DagBag from /home/airflow/.local/lib/python3.12/site-packages/airflow/example_dags/example_setup_teardown_taskflow.py
[2026-06-03T06:14:25.651+0000] {processor.py:840} INFO - DAG(s) 'example_setup_teardown_taskflow' retrieved from /home/airflow/.local/lib/python3.12/site-packages/airflow/example_dags/example_setup_teardown_taskflow.py
[2026-06-03T06:14:25.669+0000] {logging_mixin.py:188} INFO - [2026-06-03T06:14:25.669+0000] {dag.py:3089} INFO - Sync 1 DAGs
[2026-06-03T06:14:25.686+0000] {logging_mixin.py:188} INFO - [2026-06-03T06:14:25.686+0000] {dag.py:3947} INFO - Setting next_dagrun for example_setup_teardown_taskflow to 2026-06-02 00:00:00+00:00, run_after=2026-06-03 00:00:00+00:00
[2026-06-03T06:14:25.701+0000] {processor.py:183} INFO - Processing /home/airflow/.local/lib/python3.12/site-packages/airflow/example_dags/example_setup_teardown_taskflow.py took 0.064 seconds
[2026-06-03T06:14:55.944+0000] {processor.py:161} INFO - Started process (PID=1424) to work on /home/airflow/.local/lib/python3.12/site-packages/airflow/example_dags/example_setup_teardown_taskflow.py
[2026-06-03T06:14:55.945+0000] {processor.py:830} INFO - Processing file /home/airflow/.local/lib/python3.12/site-packages/airflow/example_dags/example_setup_teardown_taskflow.py for tasks to queue
[2026-06-03T06:14:55.946+0000] {logging_mixin.py:188} INFO - [2026-06-03T06:14:55.946+0000] {dagbag.py:545} INFO - Filling up the DagBag from /home/airflow/.local/lib/python3.12/site-packages/airflow/example_dags/example_setup_teardown_taskflow.py
[2026-06-03T06:14:55.953+0000] {processor.py:840} INFO - DAG(s) 'example_setup_teardown_taskflow' retrieved from /home/airflow/.local/lib/python3.12/site-packages/airflow/example_dags/example_setup_teardown_taskflow.py
[2026-06-03T06:14:55.971+0000] {logging_mixin.py:188} INFO - [2026-06-03T06:14:55.971+0000] {dag.py:3089} INFO - Sync 1 DAGs
[2026-06-03T06:14:55.988+0000] {logging_mixin.py:188} INFO - [2026-06-03T06:14:55.988+0000] {dag.py:3947} INFO - Setting next_dagrun for example_setup_teardown_taskflow to 2026-06-02 00:00:00+00:00, run_after=2026-06-03 00:00:00+00:00
[2026-06-03T06:14:56.003+0000] {processor.py:183} INFO - Processing /home/airflow/.local/lib/python3.12/site-packages/airflow/example_dags/example_setup_teardown_taskflow.py took 0.064 seconds
[2026-06-03T06:15:26.228+0000] {processor.py:161} INFO - Started process (PID=1482) to work on /home/airflow/.local/lib/python3.12/site-packages/airflow/example_dags/example_setup_teardown_taskflow.py
[2026-06-03T06:15:26.230+0000] {processor.py:830} INFO - Processing file /home/airflow/.local/lib/python3.12/site-packages/airflow/example_dags/example_setup_teardown_taskflow.py for tasks to queue
[2026-06-03T06:15:26.231+0000] {logging_mixin.py:188} INFO - [2026-06-03T06:15:26.231+0000] {dagbag.py:545} INFO - Filling up the DagBag from /home/airflow/.local/lib/python3.12/site-packages/airflow/example_dags/example_setup_teardown_taskflow.py
[2026-06-03T06:15:26.238+0000] {processor.py:840} INFO - DAG(s) 'example_setup_teardown_taskflow' retrieved from /home/airflow/.local/lib/python3.12/site-packages/airflow/example_dags/example_setup_teardown_taskflow.py
[2026-06-03T06:15:26.255+0000] {logging_mixin.py:188} INFO - [2026-06-03T06:15:26.255+0000] {dag.py:3089} INFO - Sync 1 DAGs
[2026-06-03T06:15:26.273+0000] {logging_mixin.py:188} INFO - [2026-06-03T06:15:26.273+0000] {dag.py:3947} INFO - Setting next_dagrun for example_setup_teardown_taskflow to 2026-06-02 00:00:00+00:00, run_after=2026-06-03 00:00:00+00:00
[2026-06-03T06:15:26.287+0000] {processor.py:183} INFO - Processing /home/airflow/.local/lib/python3.12/site-packages/airflow/example_dags/example_setup_teardown_taskflow.py took 0.063 seconds
[2026-06-03T06:15:56.669+0000] {processor.py:161} INFO - Started process (PID=1540) to work on /home/airflow/.local/lib/python3.12/site-packages/airflow/example_dags/example_setup_teardown_taskflow.py
[2026-06-03T06:15:56.669+0000] {processor.py:830} INFO - Processing file /home/airflow/.local/lib/python3.12/site-packages/airflow/example_dags/example_setup_teardown_taskflow.py for tasks to queue
[2026-06-03T06:15:56.670+0000] {logging_mixin.py:188} INFO - [2026-06-03T06:15:56.670+0000] {dagbag.py:545} INFO - Filling up the DagBag from /home/airflow/.local/lib/python3.12/site-packages/airflow/example_dags/example_setup_teardown_taskflow.py
[2026-06-03T06:15:56.678+0000] {processor.py:840} INFO - DAG(s) 'example_setup_teardown_taskflow' retrieved from /home/airflow/.local/lib/python3.12/site-packages/airflow/example_dags/example_setup_teardown_taskflow.py
[2026-06-03T06:15:56.695+0000] {logging_mixin.py:188} INFO - [2026-06-03T06:15:56.695+0000] {dag.py:3089} INFO - Sync 1 DAGs
[2026-06-03T06:15:56.712+0000] {logging_mixin.py:188} INFO - [2026-06-03T06:15:56.712+0000] {dag.py:3947} INFO - Setting next_dagrun for example_setup_teardown_taskflow to 2026-06-02 00:00:00+00:00, run_after=2026-06-03 00:00:00+00:00
[2026-06-03T06:15:56.728+0000] {processor.py:183} INFO - Processing /home/airflow/.local/lib/python3.12/site-packages/airflow/example_dags/example_setup_teardown_taskflow.py took 0.063 seconds
[2026-06-03T06:16:27.029+0000] {processor.py:161} INFO - Started process (PID=1598) to work on /home/airflow/.local/lib/python3.12/site-packages/airflow/example_dags/example_setup_teardown_taskflow.py
[2026-06-03T06:16:27.030+0000] {processor.py:830} INFO - Processing file /home/airflow/.local/lib/python3.12/site-packages/airflow/example_dags/example_setup_teardown_taskflow.py for tasks to queue
[2026-06-03T06:16:27.032+0000] {logging_mixin.py:188} INFO - [2026-06-03T06:16:27.032+0000] {dagbag.py:545} INFO - Filling up the DagBag from /home/airflow/.local/lib/python3.12/site-packages/airflow/example_dags/example_setup_teardown_taskflow.py
[2026-06-03T06:16:27.039+0000] {processor.py:840} INFO - DAG(s) 'example_setup_teardown_taskflow' retrieved from /home/airflow/.local/lib/python3.12/site-packages/airflow/example_dags/example_setup_teardown_taskflow.py
[2026-06-03T06:16:27.056+0000] {logging_mixin.py:188} INFO - [2026-06-03T06:16:27.056+0000] {dag.py:3089} INFO - Sync 1 DAGs
[2026-06-03T06:16:27.074+0000] {logging_mixin.py:188} INFO - [2026-06-03T06:16:27.074+0000] {dag.py:3947} INFO - Setting next_dagrun for example_setup_teardown_taskflow to 2026-06-02 00:00:00+00:00, run_after=2026-06-03 00:00:00+00:00
[2026-06-03T06:16:27.090+0000] {processor.py:183} INFO - Processing /home/airflow/.local/lib/python3.12/site-packages/airflow/example_dags/example_setup_teardown_taskflow.py took 0.065 seconds
[2026-06-03T06:16:57.199+0000] {processor.py:161} INFO - Started process (PID=1654) to work on /home/airflow/.local/lib/python3.12/site-packages/airflow/example_dags/example_setup_teardown_taskflow.py
[2026-06-03T06:16:57.200+0000] {processor.py:830} INFO - Processing file /home/airflow/.local/lib/python3.12/site-packages/airflow/example_dags/example_setup_teardown_taskflow.py for tasks to queue
[2026-06-03T06:16:57.201+0000] {logging_mixin.py:188} INFO - [2026-06-03T06:16:57.201+0000] {dagbag.py:545} INFO - Filling up the DagBag from /home/airflow/.local/lib/python3.12/site-packages/airflow/example_dags/example_setup_teardown_taskflow.py
[2026-06-03T06:16:57.209+0000] {processor.py:840} INFO - DAG(s) 'example_setup_teardown_taskflow' retrieved from /home/airflow/.local/lib/python3.12/site-packages/airflow/example_dags/example_setup_teardown_taskflow.py
[2026-06-03T06:16:57.226+0000] {logging_mixin.py:188} INFO - [2026-06-03T06:16:57.226+0000] {dag.py:3089} INFO - Sync 1 DAGs
[2026-06-03T06:16:57.244+0000] {logging_mixin.py:188} INFO - [2026-06-03T06:16:57.244+0000] {dag.py:3947} INFO - Setting next_dagrun for example_setup_teardown_taskflow to 2026-06-02 00:00:00+00:00, run_after=2026-06-03 00:00:00+00:00
[2026-06-03T06:16:57.258+0000] {processor.py:183} INFO - Processing /home/airflow/.local/lib/python3.12/site-packages/airflow/example_dags/example_setup_teardown_taskflow.py took 0.064 seconds
[2026-06-03T06:17:28.255+0000] {processor.py:161} INFO - Started process (PID=1712) to work on /home/airflow/.local/lib/python3.12/site-packages/airflow/example_dags/example_setup_teardown_taskflow.py
[2026-06-03T06:17:28.256+0000] {processor.py:830} INFO - Processing file /home/airflow/.local/lib/python3.12/site-packages/airflow/example_dags/example_setup_teardown_taskflow.py for tasks to queue
[2026-06-03T06:17:28.257+0000] {logging_mixin.py:188} INFO - [2026-06-03T06:17:28.257+0000] {dagbag.py:545} INFO - Filling up the DagBag from /home/airflow/.local/lib/python3.12/site-packages/airflow/example_dags/example_setup_teardown_taskflow.py
[2026-06-03T06:17:28.265+0000] {processor.py:840} INFO - DAG(s) 'example_setup_teardown_taskflow' retrieved from /home/airflow/.local/lib/python3.12/site-packages/airflow/example_dags/example_setup_teardown_taskflow.py
[2026-06-03T06:17:28.282+0000] {logging_mixin.py:188} INFO - [2026-06-03T06:17:28.282+0000] {dag.py:3089} INFO - Sync 1 DAGs
[2026-06-03T06:17:28.301+0000] {logging_mixin.py:188} INFO - [2026-06-03T06:17:28.301+0000] {dag.py:3947} INFO - Setting next_dagrun for example_setup_teardown_taskflow to 2026-06-02 00:00:00+00:00, run_after=2026-06-03 00:00:00+00:00
[2026-06-03T06:17:28.316+0000] {processor.py:183} INFO - Processing /home/airflow/.local/lib/python3.12/site-packages/airflow/example_dags/example_setup_teardown_taskflow.py took 0.066 seconds
[2026-06-03T06:17:58.790+0000] {processor.py:161} INFO - Started process (PID=1770) to work on /home/airflow/.local/lib/python3.12/site-packages/airflow/example_dags/example_setup_teardown_taskflow.py
[2026-06-03T06:17:58.792+0000] {processor.py:830} INFO - Processing file /home/airflow/.local/lib/python3.12/site-packages/airflow/example_dags/example_setup_teardown_taskflow.py for tasks to queue
[2026-06-03T06:17:58.793+0000] {logging_mixin.py:188} INFO - [2026-06-03T06:17:58.793+0000] {dagbag.py:545} INFO - Filling up the DagBag from /home/airflow/.local/lib/python3.12/site-packages/airflow/example_dags/example_setup_teardown_taskflow.py
[2026-06-03T06:17:58.801+0000] {processor.py:840} INFO - DAG(s) 'example_setup_teardown_taskflow' retrieved from /home/airflow/.local/lib/python3.12/site-packages/airflow/example_dags/example_setup_teardown_taskflow.py
[2026-06-03T06:17:58.820+0000] {logging_mixin.py:188} INFO - [2026-06-03T06:17:58.820+0000] {dag.py:3089} INFO - Sync 1 DAGs
[2026-06-03T06:17:58.840+0000] {logging_mixin.py:188} INFO - [2026-06-03T06:17:58.840+0000] {dag.py:3947} INFO - Setting next_dagrun for example_setup_teardown_taskflow to 2026-06-02 00:00:00+00:00, run_after=2026-06-03 00:00:00+00:00
[2026-06-03T06:17:58.857+0000] {processor.py:183} INFO - Processing /home/airflow/.local/lib/python3.12/site-packages/airflow/example_dags/example_setup_teardown_taskflow.py took 0.072 seconds
[2026-06-03T06:18:28.968+0000] {processor.py:161} INFO - Started process (PID=1827) to work on /home/airflow/.local/lib/python3.12/site-packages/airflow/example_dags/example_setup_teardown_taskflow.py
[2026-06-03T06:18:28.969+0000] {processor.py:830} INFO - Processing file /home/airflow/.local/lib/python3.12/site-packages/airflow/example_dags/example_setup_teardown_taskflow.py for tasks to queue
[2026-06-03T06:18:28.970+0000] {logging_mixin.py:188} INFO - [2026-06-03T06:18:28.970+0000] {dagbag.py:545} INFO - Filling up the DagBag from /home/airflow/.local/lib/python3.12/site-packages/airflow/example_dags/example_setup_teardown_taskflow.py
[2026-06-03T06:18:28.977+0000] {processor.py:840} INFO - DAG(s) 'example_setup_teardown_taskflow' retrieved from /home/airflow/.local/lib/python3.12/site-packages/airflow/example_dags/example_setup_teardown_taskflow.py
[2026-06-03T06:18:28.994+0000] {logging_mixin.py:188} INFO - [2026-06-03T06:18:28.994+0000] {dag.py:3089} INFO - Sync 1 DAGs
[2026-06-03T06:18:29.109+0000] {logging_mixin.py:188} INFO - [2026-06-03T06:18:29.109+0000] {dag.py:3947} INFO - Setting next_dagrun for example_setup_teardown_taskflow to 2026-06-02 00:00:00+00:00, run_after=2026-06-03 00:00:00+00:00
[2026-06-03T06:18:29.122+0000] {processor.py:183} INFO - Processing /home/airflow/.local/lib/python3.12/site-packages/airflow/example_dags/example_setup_teardown_taskflow.py took 0.158 seconds
[2026-06-03T06:18:59.849+0000] {processor.py:161} INFO - Started process (PID=1885) to work on /home/airflow/.local/lib/python3.12/site-packages/airflow/example_dags/example_setup_teardown_taskflow.py
[2026-06-03T06:18:59.850+0000] {processor.py:830} INFO - Processing file /home/airflow/.local/lib/python3.12/site-packages/airflow/example_dags/example_setup_teardown_taskflow.py for tasks to queue
[2026-06-03T06:18:59.852+0000] {logging_mixin.py:188} INFO - [2026-06-03T06:18:59.851+0000] {dagbag.py:545} INFO - Filling up the DagBag from /home/airflow/.local/lib/python3.12/site-packages/airflow/example_dags/example_setup_teardown_taskflow.py
[2026-06-03T06:18:59.859+0000] {processor.py:840} INFO - DAG(s) 'example_setup_teardown_taskflow' retrieved from /home/airflow/.local/lib/python3.12/site-packages/airflow/example_dags/example_setup_teardown_taskflow.py
[2026-06-03T06:18:59.876+0000] {logging_mixin.py:188} INFO - [2026-06-03T06:18:59.876+0000] {dag.py:3089} INFO - Sync 1 DAGs
[2026-06-03T06:18:59.894+0000] {logging_mixin.py:188} INFO - [2026-06-03T06:18:59.894+0000] {dag.py:3947} INFO - Setting next_dagrun for example_setup_teardown_taskflow to 2026-06-02 00:00:00+00:00, run_after=2026-06-03 00:00:00+00:00
[2026-06-03T06:19:00.032+0000] {processor.py:183} INFO - Processing /home/airflow/.local/lib/python3.12/site-packages/airflow/example_dags/example_setup_teardown_taskflow.py took 0.188 seconds
[2026-06-03T06:19:30.707+0000] {processor.py:161} INFO - Started process (PID=1944) to work on /home/airflow/.local/lib/python3.12/site-packages/airflow/example_dags/example_setup_teardown_taskflow.py
[2026-06-03T06:19:30.707+0000] {processor.py:830} INFO - Processing file /home/airflow/.local/lib/python3.12/site-packages/airflow/example_dags/example_setup_teardown_taskflow.py for tasks to queue
[2026-06-03T06:19:30.708+0000] {logging_mixin.py:188} INFO - [2026-06-03T06:19:30.708+0000] {dagbag.py:545} INFO - Filling up the DagBag from /home/airflow/.local/lib/python3.12/site-packages/airflow/example_dags/example_setup_teardown_taskflow.py
[2026-06-03T06:19:30.716+0000] {processor.py:840} INFO - DAG(s) 'example_setup_teardown_taskflow' retrieved from /home/airflow/.local/lib/python3.12/site-packages/airflow/example_dags/example_setup_teardown_taskflow.py
[2026-06-03T06:19:30.735+0000] {logging_mixin.py:188} INFO - [2026-06-03T06:19:30.735+0000] {dag.py:3089} INFO - Sync 1 DAGs
[2026-06-03T06:19:30.753+0000] {logging_mixin.py:188} INFO - [2026-06-03T06:19:30.752+0000] {dag.py:3947} INFO - Setting next_dagrun for example_setup_teardown_taskflow to 2026-06-02 00:00:00+00:00, run_after=2026-06-03 00:00:00+00:00
[2026-06-03T06:19:30.773+0000] {processor.py:183} INFO - Processing /home/airflow/.local/lib/python3.12/site-packages/airflow/example_dags/example_setup_teardown_taskflow.py took 0.071 seconds
[2026-06-03T06:20:00.969+0000] {processor.py:161} INFO - Started process (PID=2002) to work on /home/airflow/.local/lib/python3.12/site-packages/airflow/example_dags/example_setup_teardown_taskflow.py
[2026-06-03T06:20:00.970+0000] {processor.py:830} INFO - Processing file /home/airflow/.local/lib/python3.12/site-packages/airflow/example_dags/example_setup_teardown_taskflow.py for tasks to queue
[2026-06-03T06:20:00.971+0000] {logging_mixin.py:188} INFO - [2026-06-03T06:20:00.971+0000] {dagbag.py:545} INFO - Filling up the DagBag from /home/airflow/.local/lib/python3.12/site-packages/airflow/example_dags/example_setup_teardown_taskflow.py
[2026-06-03T06:20:00.978+0000] {processor.py:840} INFO - DAG(s) 'example_setup_teardown_taskflow' retrieved from /home/airflow/.local/lib/python3.12/site-packages/airflow/example_dags/example_setup_teardown_taskflow.py
[2026-06-03T06:20:00.995+0000] {logging_mixin.py:188} INFO - [2026-06-03T06:20:00.995+0000] {dag.py:3089} INFO - Sync 1 DAGs
[2026-06-03T06:20:01.013+0000] {logging_mixin.py:188} INFO - [2026-06-03T06:20:01.012+0000] {dag.py:3947} INFO - Setting next_dagrun for example_setup_teardown_taskflow to 2026-06-02 00:00:00+00:00, run_after=2026-06-03 00:00:00+00:00
[2026-06-03T06:20:01.028+0000] {processor.py:183} INFO - Processing /home/airflow/.local/lib/python3.12/site-packages/airflow/example_dags/example_setup_teardown_taskflow.py took 0.063 seconds
[2026-06-03T06:20:31.229+0000] {processor.py:161} INFO - Started process (PID=2059) to work on /home/airflow/.local/lib/python3.12/site-packages/airflow/example_dags/example_setup_teardown_taskflow.py
[2026-06-03T06:20:31.230+0000] {processor.py:830} INFO - Processing file /home/airflow/.local/lib/python3.12/site-packages/airflow/example_dags/example_setup_teardown_taskflow.py for tasks to queue
[2026-06-03T06:20:31.231+0000] {logging_mixin.py:188} INFO - [2026-06-03T06:20:31.231+0000] {dagbag.py:545} INFO - Filling up the DagBag from /home/airflow/.local/lib/python3.12/site-packages/airflow/example_dags/example_setup_teardown_taskflow.py
[2026-06-03T06:20:31.239+0000] {processor.py:840} INFO - DAG(s) 'example_setup_teardown_taskflow' retrieved from /home/airflow/.local/lib/python3.12/site-packages/airflow/example_dags/example_setup_teardown_taskflow.py
[2026-06-03T06:20:31.256+0000] {logging_mixin.py:188} INFO - [2026-06-03T06:20:31.256+0000] {dag.py:3089} INFO - Sync 1 DAGs
[2026-06-03T06:20:31.273+0000] {logging_mixin.py:188} INFO - [2026-06-03T06:20:31.273+0000] {dag.py:3947} INFO - Setting next_dagrun for example_setup_teardown_taskflow to 2026-06-02 00:00:00+00:00, run_after=2026-06-03 00:00:00+00:00
[2026-06-03T06:20:31.289+0000] {processor.py:183} INFO - Processing /home/airflow/.local/lib/python3.12/site-packages/airflow/example_dags/example_setup_teardown_taskflow.py took 0.065 seconds
[2026-06-03T06:21:01.553+0000] {processor.py:161} INFO - Started process (PID=2117) to work on /home/airflow/.local/lib/python3.12/site-packages/airflow/example_dags/example_setup_teardown_taskflow.py
[2026-06-03T06:21:01.554+0000] {processor.py:830} INFO - Processing file /home/airflow/.local/lib/python3.12/site-packages/airflow/example_dags/example_setup_teardown_taskflow.py for tasks to queue
[2026-06-03T06:21:01.555+0000] {logging_mixin.py:188} INFO - [2026-06-03T06:21:01.555+0000] {dagbag.py:545} INFO - Filling up the DagBag from /home/airflow/.local/lib/python3.12/site-packages/airflow/example_dags/example_setup_teardown_taskflow.py
[2026-06-03T06:21:01.563+0000] {processor.py:840} INFO - DAG(s) 'example_setup_teardown_taskflow' retrieved from /home/airflow/.local/lib/python3.12/site-packages/airflow/example_dags/example_setup_teardown_taskflow.py
[2026-06-03T06:21:01.580+0000] {logging_mixin.py:188} INFO - [2026-06-03T06:21:01.580+0000] {dag.py:3089} INFO - Sync 1 DAGs
[2026-06-03T06:21:01.598+0000] {logging_mixin.py:188} INFO - [2026-06-03T06:21:01.598+0000] {dag.py:3947} INFO - Setting next_dagrun for example_setup_teardown_taskflow to 2026-06-02 00:00:00+00:00, run_after=2026-06-03 00:00:00+00:00
[2026-06-03T06:21:01.613+0000] {processor.py:183} INFO - Processing /home/airflow/.local/lib/python3.12/site-packages/airflow/example_dags/example_setup_teardown_taskflow.py took 0.064 seconds
[2026-06-03T06:21:31.988+0000] {processor.py:161} INFO - Started process (PID=2176) to work on /home/airflow/.local/lib/python3.12/site-packages/airflow/example_dags/example_setup_teardown_taskflow.py
[2026-06-03T06:21:31.990+0000] {processor.py:830} INFO - Processing file /home/airflow/.local/lib/python3.12/site-packages/airflow/example_dags/example_setup_teardown_taskflow.py for tasks to queue
[2026-06-03T06:21:31.991+0000] {logging_mixin.py:188} INFO - [2026-06-03T06:21:31.991+0000] {dagbag.py:545} INFO - Filling up the DagBag from /home/airflow/.local/lib/python3.12/site-packages/airflow/example_dags/example_setup_teardown_taskflow.py
[2026-06-03T06:21:32.000+0000] {processor.py:840} INFO - DAG(s) 'example_setup_teardown_taskflow' retrieved from /home/airflow/.local/lib/python3.12/site-packages/airflow/example_dags/example_setup_teardown_taskflow.py
[2026-06-03T06:21:32.017+0000] {logging_mixin.py:188} INFO - [2026-06-03T06:21:32.017+0000] {dag.py:3089} INFO - Sync 1 DAGs
[2026-06-03T06:21:32.037+0000] {logging_mixin.py:188} INFO - [2026-06-03T06:21:32.037+0000] {dag.py:3947} INFO - Setting next_dagrun for example_setup_teardown_taskflow to 2026-06-02 00:00:00+00:00, run_after=2026-06-03 00:00:00+00:00
[2026-06-03T06:21:32.055+0000] {processor.py:183} INFO - Processing /home/airflow/.local/lib/python3.12/site-packages/airflow/example_dags/example_setup_teardown_taskflow.py took 0.072 seconds
[2026-06-03T06:22:02.896+0000] {processor.py:161} INFO - Started process (PID=2234) to work on /home/airflow/.local/lib/python3.12/site-packages/airflow/example_dags/example_setup_teardown_taskflow.py
[2026-06-03T06:22:02.897+0000] {processor.py:830} INFO - Processing file /home/airflow/.local/lib/python3.12/site-packages/airflow/example_dags/example_setup_teardown_taskflow.py for tasks to queue
[2026-06-03T06:22:02.898+0000] {logging_mixin.py:188} INFO - [2026-06-03T06:22:02.898+0000] {dagbag.py:545} INFO - Filling up the DagBag from /home/airflow/.local/lib/python3.12/site-packages/airflow/example_dags/example_setup_teardown_taskflow.py
[2026-06-03T06:22:02.906+0000] {processor.py:840} INFO - DAG(s) 'example_setup_teardown_taskflow' retrieved from /home/airflow/.local/lib/python3.12/site-packages/airflow/example_dags/example_setup_teardown_taskflow.py
[2026-06-03T06:22:02.923+0000] {logging_mixin.py:188} INFO - [2026-06-03T06:22:02.923+0000] {dag.py:3089} INFO - Sync 1 DAGs
[2026-06-03T06:22:02.941+0000] {logging_mixin.py:188} INFO - [2026-06-03T06:22:02.941+0000] {dag.py:3947} INFO - Setting next_dagrun for example_setup_teardown_taskflow to 2026-06-02 00:00:00+00:00, run_after=2026-06-03 00:00:00+00:00
[2026-06-03T06:22:02.958+0000] {processor.py:183} INFO - Processing /home/airflow/.local/lib/python3.12/site-packages/airflow/example_dags/example_setup_teardown_taskflow.py took 0.067 seconds
[2026-06-03T06:22:40.676+0000] {processor.py:161} INFO - Started process (PID=2293) to work on /home/airflow/.local/lib/python3.12/site-packages/airflow/example_dags/example_setup_teardown_taskflow.py
[2026-06-03T06:22:40.681+0000] {processor.py:830} INFO - Processing file /home/airflow/.local/lib/python3.12/site-packages/airflow/example_dags/example_setup_teardown_taskflow.py for tasks to queue
[2026-06-03T06:22:40.683+0000] {logging_mixin.py:188} INFO - [2026-06-03T06:22:40.683+0000] {dagbag.py:545} INFO - Filling up the DagBag from /home/airflow/.local/lib/python3.12/site-packages/airflow/example_dags/example_setup_teardown_taskflow.py
[2026-06-03T06:22:40.691+0000] {processor.py:840} INFO - DAG(s) 'example_setup_teardown_taskflow' retrieved from /home/airflow/.local/lib/python3.12/site-packages/airflow/example_dags/example_setup_teardown_taskflow.py
[2026-06-03T06:22:40.709+0000] {logging_mixin.py:188} INFO - [2026-06-03T06:22:40.708+0000] {dag.py:3089} INFO - Sync 1 DAGs
[2026-06-03T06:22:40.728+0000] {logging_mixin.py:188} INFO - [2026-06-03T06:22:40.728+0000] {dag.py:3947} INFO - Setting next_dagrun for example_setup_teardown_taskflow to 2026-06-02 00:00:00+00:00, run_after=2026-06-03 00:00:00+00:00
[2026-06-03T06:22:40.767+0000] {processor.py:183} INFO - Processing /home/airflow/.local/lib/python3.12/site-packages/airflow/example_dags/example_setup_teardown_taskflow.py took 0.096 seconds
[2026-06-03T06:23:11.162+0000] {processor.py:161} INFO - Started process (PID=2351) to work on /home/airflow/.local/lib/python3.12/site-packages/airflow/example_dags/example_setup_teardown_taskflow.py
[2026-06-03T06:23:11.163+0000] {processor.py:830} INFO - Processing file /home/airflow/.local/lib/python3.12/site-packages/airflow/example_dags/example_setup_teardown_taskflow.py for tasks to queue
[2026-06-03T06:23:11.164+0000] {logging_mixin.py:188} INFO - [2026-06-03T06:23:11.164+0000] {dagbag.py:545} INFO - Filling up the DagBag from /home/airflow/.local/lib/python3.12/site-packages/airflow/example_dags/example_setup_teardown_taskflow.py
[2026-06-03T06:23:11.173+0000] {processor.py:840} INFO - DAG(s) 'example_setup_teardown_taskflow' retrieved from /home/airflow/.local/lib/python3.12/site-packages/airflow/example_dags/example_setup_teardown_taskflow.py
[2026-06-03T06:23:11.191+0000] {logging_mixin.py:188} INFO - [2026-06-03T06:23:11.191+0000] {dag.py:3089} INFO - Sync 1 DAGs
[2026-06-03T06:23:11.210+0000] {logging_mixin.py:188} INFO - [2026-06-03T06:23:11.209+0000] {dag.py:3947} INFO - Setting next_dagrun for example_setup_teardown_taskflow to 2026-06-02 00:00:00+00:00, run_after=2026-06-03 00:00:00+00:00
[2026-06-03T06:23:11.230+0000] {processor.py:183} INFO - Processing /home/airflow/.local/lib/python3.12/site-packages/airflow/example_dags/example_setup_teardown_taskflow.py took 0.073 seconds
[2026-06-03T06:23:41.498+0000] {processor.py:161} INFO - Started process (PID=2409) to work on /home/airflow/.local/lib/python3.12/site-packages/airflow/example_dags/example_setup_teardown_taskflow.py
[2026-06-03T06:23:41.499+0000] {processor.py:830} INFO - Processing file /home/airflow/.local/lib/python3.12/site-packages/airflow/example_dags/example_setup_teardown_taskflow.py for tasks to queue
[2026-06-03T06:23:41.500+0000] {logging_mixin.py:188} INFO - [2026-06-03T06:23:41.500+0000] {dagbag.py:545} INFO - Filling up the DagBag from /home/airflow/.local/lib/python3.12/site-packages/airflow/example_dags/example_setup_teardown_taskflow.py
[2026-06-03T06:23:41.509+0000] {processor.py:840} INFO - DAG(s) 'example_setup_teardown_taskflow' retrieved from /home/airflow/.local/lib/python3.12/site-packages/airflow/example_dags/example_setup_teardown_taskflow.py
[2026-06-03T06:23:41.526+0000] {logging_mixin.py:188} INFO - [2026-06-03T06:23:41.526+0000] {dag.py:3089} INFO - Sync 1 DAGs
[2026-06-03T06:23:41.545+0000] {logging_mixin.py:188} INFO - [2026-06-03T06:23:41.544+0000] {dag.py:3947} INFO - Setting next_dagrun for example_setup_teardown_taskflow to 2026-06-02 00:00:00+00:00, run_after=2026-06-03 00:00:00+00:00
[2026-06-03T06:23:41.560+0000] {processor.py:183} INFO - Processing /home/airflow/.local/lib/python3.12/site-packages/airflow/example_dags/example_setup_teardown_taskflow.py took 0.068 seconds
[2026-06-03T06:24:12.009+0000] {processor.py:161} INFO - Started process (PID=2467) to work on /home/airflow/.local/lib/python3.12/site-packages/airflow/example_dags/example_setup_teardown_taskflow.py
[2026-06-03T06:24:12.010+0000] {processor.py:830} INFO - Processing file /home/airflow/.local/lib/python3.12/site-packages/airflow/example_dags/example_setup_teardown_taskflow.py for tasks to queue
[2026-06-03T06:24:12.011+0000] {logging_mixin.py:188} INFO - [2026-06-03T06:24:12.011+0000] {dagbag.py:545} INFO - Filling up the DagBag from /home/airflow/.local/lib/python3.12/site-packages/airflow/example_dags/example_setup_teardown_taskflow.py
[2026-06-03T06:24:12.018+0000] {processor.py:840} INFO - DAG(s) 'example_setup_teardown_taskflow' retrieved from /home/airflow/.local/lib/python3.12/site-packages/airflow/example_dags/example_setup_teardown_taskflow.py
[2026-06-03T06:24:12.036+0000] {logging_mixin.py:188} INFO - [2026-06-03T06:24:12.035+0000] {dag.py:3089} INFO - Sync 1 DAGs
[2026-06-03T06:24:12.053+0000] {logging_mixin.py:188} INFO - [2026-06-03T06:24:12.053+0000] {dag.py:3947} INFO - Setting next_dagrun for example_setup_teardown_taskflow to 2026-06-02 00:00:00+00:00, run_after=2026-06-03 00:00:00+00:00
[2026-06-03T06:24:12.069+0000] {processor.py:183} INFO - Processing /home/airflow/.local/lib/python3.12/site-packages/airflow/example_dags/example_setup_teardown_taskflow.py took 0.065 seconds
[2026-06-03T06:24:42.493+0000] {processor.py:161} INFO - Started process (PID=2525) to work on /home/airflow/.local/lib/python3.12/site-packages/airflow/example_dags/example_setup_teardown_taskflow.py
[2026-06-03T06:24:42.494+0000] {processor.py:830} INFO - Processing file /home/airflow/.local/lib/python3.12/site-packages/airflow/example_dags/example_setup_teardown_taskflow.py for tasks to queue
[2026-06-03T06:24:42.495+0000] {logging_mixin.py:188} INFO - [2026-06-03T06:24:42.495+0000] {dagbag.py:545} INFO - Filling up the DagBag from /home/airflow/.local/lib/python3.12/site-packages/airflow/example_dags/example_setup_teardown_taskflow.py
[2026-06-03T06:24:42.503+0000] {processor.py:840} INFO - DAG(s) 'example_setup_teardown_taskflow' retrieved from /home/airflow/.local/lib/python3.12/site-packages/airflow/example_dags/example_setup_teardown_taskflow.py
[2026-06-03T06:24:42.520+0000] {logging_mixin.py:188} INFO - [2026-06-03T06:24:42.520+0000] {dag.py:3089} INFO - Sync 1 DAGs
[2026-06-03T06:24:42.538+0000] {logging_mixin.py:188} INFO - [2026-06-03T06:24:42.537+0000] {dag.py:3947} INFO - Setting next_dagrun for example_setup_teardown_taskflow to 2026-06-02 00:00:00+00:00, run_after=2026-06-03 00:00:00+00:00
[2026-06-03T06:24:42.552+0000] {processor.py:183} INFO - Processing /home/airflow/.local/lib/python3.12/site-packages/airflow/example_dags/example_setup_teardown_taskflow.py took 0.064 seconds
[2026-06-03T06:25:12.907+0000] {processor.py:161} INFO - Started process (PID=2583) to work on /home/airflow/.local/lib/python3.12/site-packages/airflow/example_dags/example_setup_teardown_taskflow.py
[2026-06-03T06:25:12.907+0000] {processor.py:830} INFO - Processing file /home/airflow/.local/lib/python3.12/site-packages/airflow/example_dags/example_setup_teardown_taskflow.py for tasks to queue
[2026-06-03T06:25:12.908+0000] {logging_mixin.py:188} INFO - [2026-06-03T06:25:12.908+0000] {dagbag.py:545} INFO - Filling up the DagBag from /home/airflow/.local/lib/python3.12/site-packages/airflow/example_dags/example_setup_teardown_taskflow.py
[2026-06-03T06:25:12.916+0000] {processor.py:840} INFO - DAG(s) 'example_setup_teardown_taskflow' retrieved from /home/airflow/.local/lib/python3.12/site-packages/airflow/example_dags/example_setup_teardown_taskflow.py
[2026-06-03T06:25:12.933+0000] {logging_mixin.py:188} INFO - [2026-06-03T06:25:12.933+0000] {dag.py:3089} INFO - Sync 1 DAGs
[2026-06-03T06:25:12.950+0000] {logging_mixin.py:188} INFO - [2026-06-03T06:25:12.950+0000] {dag.py:3947} INFO - Setting next_dagrun for example_setup_teardown_taskflow to 2026-06-02 00:00:00+00:00, run_after=2026-06-03 00:00:00+00:00
[2026-06-03T06:25:12.965+0000] {processor.py:183} INFO - Processing /home/airflow/.local/lib/python3.12/site-packages/airflow/example_dags/example_setup_teardown_taskflow.py took 0.063 seconds
[2026-06-03T06:25:43.226+0000] {processor.py:161} INFO - Started process (PID=2641) to work on /home/airflow/.local/lib/python3.12/site-packages/airflow/example_dags/example_setup_teardown_taskflow.py
[2026-06-03T06:25:43.227+0000] {processor.py:830} INFO - Processing file /home/airflow/.local/lib/python3.12/site-packages/airflow/example_dags/example_setup_teardown_taskflow.py for tasks to queue
[2026-06-03T06:25:43.228+0000] {logging_mixin.py:188} INFO - [2026-06-03T06:25:43.228+0000] {dagbag.py:545} INFO - Filling up the DagBag from /home/airflow/.local/lib/python3.12/site-packages/airflow/example_dags/example_setup_teardown_taskflow.py
[2026-06-03T06:25:43.236+0000] {processor.py:840} INFO - DAG(s) 'example_setup_teardown_taskflow' retrieved from /home/airflow/.local/lib/python3.12/site-packages/airflow/example_dags/example_setup_teardown_taskflow.py
[2026-06-03T06:25:43.254+0000] {logging_mixin.py:188} INFO - [2026-06-03T06:25:43.254+0000] {dag.py:3089} INFO - Sync 1 DAGs
[2026-06-03T06:25:43.272+0000] {logging_mixin.py:188} INFO - [2026-06-03T06:25:43.272+0000] {dag.py:3947} INFO - Setting next_dagrun for example_setup_teardown_taskflow to 2026-06-02 00:00:00+00:00, run_after=2026-06-03 00:00:00+00:00
[2026-06-03T06:25:43.287+0000] {processor.py:183} INFO - Processing /home/airflow/.local/lib/python3.12/site-packages/airflow/example_dags/example_setup_teardown_taskflow.py took 0.066 seconds
[2026-06-03T06:26:13.586+0000] {processor.py:161} INFO - Started process (PID=2698) to work on /home/airflow/.local/lib/python3.12/site-packages/airflow/example_dags/example_setup_teardown_taskflow.py
[2026-06-03T06:26:13.587+0000] {processor.py:830} INFO - Processing file /home/airflow/.local/lib/python3.12/site-packages/airflow/example_dags/example_setup_teardown_taskflow.py for tasks to queue
[2026-06-03T06:26:13.588+0000] {logging_mixin.py:188} INFO - [2026-06-03T06:26:13.588+0000] {dagbag.py:545} INFO - Filling up the DagBag from /home/airflow/.local/lib/python3.12/site-packages/airflow/example_dags/example_setup_teardown_taskflow.py
[2026-06-03T06:26:13.596+0000] {processor.py:840} INFO - DAG(s) 'example_setup_teardown_taskflow' retrieved from /home/airflow/.local/lib/python3.12/site-packages/airflow/example_dags/example_setup_teardown_taskflow.py
[2026-06-03T06:26:13.613+0000] {logging_mixin.py:188} INFO - [2026-06-03T06:26:13.613+0000] {dag.py:3089} INFO - Sync 1 DAGs
[2026-06-03T06:26:13.631+0000] {logging_mixin.py:188} INFO - [2026-06-03T06:26:13.631+0000] {dag.py:3947} INFO - Setting next_dagrun for example_setup_teardown_taskflow to 2026-06-02 00:00:00+00:00, run_after=2026-06-03 00:00:00+00:00
[2026-06-03T06:26:13.647+0000] {processor.py:183} INFO - Processing /home/airflow/.local/lib/python3.12/site-packages/airflow/example_dags/example_setup_teardown_taskflow.py took 0.065 seconds
[2026-06-03T06:26:44.085+0000] {processor.py:161} INFO - Started process (PID=2756) to work on /home/airflow/.local/lib/python3.12/site-packages/airflow/example_dags/example_setup_teardown_taskflow.py
[2026-06-03T06:26:44.086+0000] {processor.py:830} INFO - Processing file /home/airflow/.local/lib/python3.12/site-packages/airflow/example_dags/example_setup_teardown_taskflow.py for tasks to queue
[2026-06-03T06:26:44.087+0000] {logging_mixin.py:188} INFO - [2026-06-03T06:26:44.087+0000] {dagbag.py:545} INFO - Filling up the DagBag from /home/airflow/.local/lib/python3.12/site-packages/airflow/example_dags/example_setup_teardown_taskflow.py
[2026-06-03T06:26:44.095+0000] {processor.py:840} INFO - DAG(s) 'example_setup_teardown_taskflow' retrieved from /home/airflow/.local/lib/python3.12/site-packages/airflow/example_dags/example_setup_teardown_taskflow.py
[2026-06-03T06:26:44.112+0000] {logging_mixin.py:188} INFO - [2026-06-03T06:26:44.112+0000] {dag.py:3089} INFO - Sync 1 DAGs
[2026-06-03T06:26:44.131+0000] {logging_mixin.py:188} INFO - [2026-06-03T06:26:44.130+0000] {dag.py:3947} INFO - Setting next_dagrun for example_setup_teardown_taskflow to 2026-06-02 00:00:00+00:00, run_after=2026-06-03 00:00:00+00:00
[2026-06-03T06:26:44.145+0000] {processor.py:183} INFO - Processing /home/airflow/.local/lib/python3.12/site-packages/airflow/example_dags/example_setup_teardown_taskflow.py took 0.065 seconds
