[2026-06-03T06:03:07.539+0000] {processor.py:161} INFO - Started process (PID=50) to work on /home/airflow/.local/lib/python3.12/site-packages/airflow/example_dags/tutorial_objectstorage.py
[2026-06-03T06:03:07.540+0000] {processor.py:830} INFO - Processing file /home/airflow/.local/lib/python3.12/site-packages/airflow/example_dags/tutorial_objectstorage.py for tasks to queue
[2026-06-03T06:03:07.542+0000] {logging_mixin.py:188} INFO - [2026-06-03T06:03:07.541+0000] {dagbag.py:545} INFO - Filling up the DagBag from /home/airflow/.local/lib/python3.12/site-packages/airflow/example_dags/tutorial_objectstorage.py
[2026-06-03T06:03:07.551+0000] {processor.py:840} INFO - DAG(s) 'tutorial_objectstorage' retrieved from /home/airflow/.local/lib/python3.12/site-packages/airflow/example_dags/tutorial_objectstorage.py
[2026-06-03T06:03:07.578+0000] {logging_mixin.py:188} INFO - [2026-06-03T06:03:07.577+0000] {dag.py:3089} INFO - Sync 1 DAGs
[2026-06-03T06:03:07.589+0000] {logging_mixin.py:188} INFO - [2026-06-03T06:03:07.589+0000] {dag.py:3947} INFO - Setting next_dagrun for tutorial_objectstorage to None, run_after=None
[2026-06-03T06:03:07.608+0000] {processor.py:183} INFO - Processing /home/airflow/.local/lib/python3.12/site-packages/airflow/example_dags/tutorial_objectstorage.py took 0.075 seconds
[2026-06-03T06:03:37.676+0000] {processor.py:161} INFO - Started process (PID=108) to work on /home/airflow/.local/lib/python3.12/site-packages/airflow/example_dags/tutorial_objectstorage.py
[2026-06-03T06:03:37.676+0000] {processor.py:830} INFO - Processing file /home/airflow/.local/lib/python3.12/site-packages/airflow/example_dags/tutorial_objectstorage.py for tasks to queue
[2026-06-03T06:03:37.678+0000] {logging_mixin.py:188} INFO - [2026-06-03T06:03:37.678+0000] {dagbag.py:545} INFO - Filling up the DagBag from /home/airflow/.local/lib/python3.12/site-packages/airflow/example_dags/tutorial_objectstorage.py
[2026-06-03T06:03:37.683+0000] {processor.py:840} INFO - DAG(s) 'tutorial_objectstorage' retrieved from /home/airflow/.local/lib/python3.12/site-packages/airflow/example_dags/tutorial_objectstorage.py
[2026-06-03T06:03:37.698+0000] {logging_mixin.py:188} INFO - [2026-06-03T06:03:37.698+0000] {dag.py:3089} INFO - Sync 1 DAGs
[2026-06-03T06:03:37.709+0000] {logging_mixin.py:188} INFO - [2026-06-03T06:03:37.708+0000] {dag.py:3947} INFO - Setting next_dagrun for tutorial_objectstorage to None, run_after=None
[2026-06-03T06:03:37.723+0000] {processor.py:183} INFO - Processing /home/airflow/.local/lib/python3.12/site-packages/airflow/example_dags/tutorial_objectstorage.py took 0.052 seconds
[2026-06-03T06:04:08.001+0000] {processor.py:161} INFO - Started process (PID=166) to work on /home/airflow/.local/lib/python3.12/site-packages/airflow/example_dags/tutorial_objectstorage.py
[2026-06-03T06:04:08.002+0000] {processor.py:830} INFO - Processing file /home/airflow/.local/lib/python3.12/site-packages/airflow/example_dags/tutorial_objectstorage.py for tasks to queue
[2026-06-03T06:04:08.004+0000] {logging_mixin.py:188} INFO - [2026-06-03T06:04:08.003+0000] {dagbag.py:545} INFO - Filling up the DagBag from /home/airflow/.local/lib/python3.12/site-packages/airflow/example_dags/tutorial_objectstorage.py
[2026-06-03T06:04:08.009+0000] {processor.py:840} INFO - DAG(s) 'tutorial_objectstorage' retrieved from /home/airflow/.local/lib/python3.12/site-packages/airflow/example_dags/tutorial_objectstorage.py
[2026-06-03T06:04:08.024+0000] {logging_mixin.py:188} INFO - [2026-06-03T06:04:08.024+0000] {dag.py:3089} INFO - Sync 1 DAGs
[2026-06-03T06:04:08.034+0000] {logging_mixin.py:188} INFO - [2026-06-03T06:04:08.034+0000] {dag.py:3947} INFO - Setting next_dagrun for tutorial_objectstorage to None, run_after=None
[2026-06-03T06:04:08.049+0000] {processor.py:183} INFO - Processing /home/airflow/.local/lib/python3.12/site-packages/airflow/example_dags/tutorial_objectstorage.py took 0.052 seconds
[2026-06-03T06:04:38.342+0000] {processor.py:161} INFO - Started process (PID=224) to work on /home/airflow/.local/lib/python3.12/site-packages/airflow/example_dags/tutorial_objectstorage.py
[2026-06-03T06:04:38.342+0000] {processor.py:830} INFO - Processing file /home/airflow/.local/lib/python3.12/site-packages/airflow/example_dags/tutorial_objectstorage.py for tasks to queue
[2026-06-03T06:04:38.344+0000] {logging_mixin.py:188} INFO - [2026-06-03T06:04:38.343+0000] {dagbag.py:545} INFO - Filling up the DagBag from /home/airflow/.local/lib/python3.12/site-packages/airflow/example_dags/tutorial_objectstorage.py
[2026-06-03T06:04:38.349+0000] {processor.py:840} INFO - DAG(s) 'tutorial_objectstorage' retrieved from /home/airflow/.local/lib/python3.12/site-packages/airflow/example_dags/tutorial_objectstorage.py
[2026-06-03T06:04:38.364+0000] {logging_mixin.py:188} INFO - [2026-06-03T06:04:38.364+0000] {dag.py:3089} INFO - Sync 1 DAGs
[2026-06-03T06:04:38.375+0000] {logging_mixin.py:188} INFO - [2026-06-03T06:04:38.375+0000] {dag.py:3947} INFO - Setting next_dagrun for tutorial_objectstorage to None, run_after=None
[2026-06-03T06:04:38.391+0000] {processor.py:183} INFO - Processing /home/airflow/.local/lib/python3.12/site-packages/airflow/example_dags/tutorial_objectstorage.py took 0.055 seconds
[2026-06-03T06:05:08.838+0000] {processor.py:161} INFO - Started process (PID=282) to work on /home/airflow/.local/lib/python3.12/site-packages/airflow/example_dags/tutorial_objectstorage.py
[2026-06-03T06:05:08.839+0000] {processor.py:830} INFO - Processing file /home/airflow/.local/lib/python3.12/site-packages/airflow/example_dags/tutorial_objectstorage.py for tasks to queue
[2026-06-03T06:05:08.841+0000] {logging_mixin.py:188} INFO - [2026-06-03T06:05:08.841+0000] {dagbag.py:545} INFO - Filling up the DagBag from /home/airflow/.local/lib/python3.12/site-packages/airflow/example_dags/tutorial_objectstorage.py
[2026-06-03T06:05:08.849+0000] {processor.py:840} INFO - DAG(s) 'tutorial_objectstorage' retrieved from /home/airflow/.local/lib/python3.12/site-packages/airflow/example_dags/tutorial_objectstorage.py
[2026-06-03T06:05:08.866+0000] {logging_mixin.py:188} INFO - [2026-06-03T06:05:08.866+0000] {dag.py:3089} INFO - Sync 1 DAGs
[2026-06-03T06:05:08.878+0000] {logging_mixin.py:188} INFO - [2026-06-03T06:05:08.877+0000] {dag.py:3947} INFO - Setting next_dagrun for tutorial_objectstorage to None, run_after=None
[2026-06-03T06:05:08.893+0000] {processor.py:183} INFO - Processing /home/airflow/.local/lib/python3.12/site-packages/airflow/example_dags/tutorial_objectstorage.py took 0.061 seconds
[2026-06-03T06:05:39.298+0000] {processor.py:161} INFO - Started process (PID=340) to work on /home/airflow/.local/lib/python3.12/site-packages/airflow/example_dags/tutorial_objectstorage.py
[2026-06-03T06:05:39.300+0000] {processor.py:830} INFO - Processing file /home/airflow/.local/lib/python3.12/site-packages/airflow/example_dags/tutorial_objectstorage.py for tasks to queue
[2026-06-03T06:05:39.301+0000] {logging_mixin.py:188} INFO - [2026-06-03T06:05:39.301+0000] {dagbag.py:545} INFO - Filling up the DagBag from /home/airflow/.local/lib/python3.12/site-packages/airflow/example_dags/tutorial_objectstorage.py
[2026-06-03T06:05:39.307+0000] {processor.py:840} INFO - DAG(s) 'tutorial_objectstorage' retrieved from /home/airflow/.local/lib/python3.12/site-packages/airflow/example_dags/tutorial_objectstorage.py
[2026-06-03T06:05:39.321+0000] {logging_mixin.py:188} INFO - [2026-06-03T06:05:39.321+0000] {dag.py:3089} INFO - Sync 1 DAGs
[2026-06-03T06:05:39.332+0000] {logging_mixin.py:188} INFO - [2026-06-03T06:05:39.332+0000] {dag.py:3947} INFO - Setting next_dagrun for tutorial_objectstorage to None, run_after=None
[2026-06-03T06:05:39.348+0000] {processor.py:183} INFO - Processing /home/airflow/.local/lib/python3.12/site-packages/airflow/example_dags/tutorial_objectstorage.py took 0.055 seconds
[2026-06-03T06:06:09.747+0000] {processor.py:161} INFO - Started process (PID=398) to work on /home/airflow/.local/lib/python3.12/site-packages/airflow/example_dags/tutorial_objectstorage.py
[2026-06-03T06:06:09.750+0000] {processor.py:830} INFO - Processing file /home/airflow/.local/lib/python3.12/site-packages/airflow/example_dags/tutorial_objectstorage.py for tasks to queue
[2026-06-03T06:06:09.753+0000] {logging_mixin.py:188} INFO - [2026-06-03T06:06:09.752+0000] {dagbag.py:545} INFO - Filling up the DagBag from /home/airflow/.local/lib/python3.12/site-packages/airflow/example_dags/tutorial_objectstorage.py
[2026-06-03T06:06:09.760+0000] {processor.py:840} INFO - DAG(s) 'tutorial_objectstorage' retrieved from /home/airflow/.local/lib/python3.12/site-packages/airflow/example_dags/tutorial_objectstorage.py
[2026-06-03T06:06:09.784+0000] {logging_mixin.py:188} INFO - [2026-06-03T06:06:09.784+0000] {dag.py:3089} INFO - Sync 1 DAGs
[2026-06-03T06:06:09.803+0000] {logging_mixin.py:188} INFO - [2026-06-03T06:06:09.802+0000] {dag.py:3947} INFO - Setting next_dagrun for tutorial_objectstorage to None, run_after=None
[2026-06-03T06:06:09.834+0000] {processor.py:183} INFO - Processing /home/airflow/.local/lib/python3.12/site-packages/airflow/example_dags/tutorial_objectstorage.py took 0.092 seconds
[2026-06-03T06:06:39.880+0000] {processor.py:161} INFO - Started process (PID=456) to work on /home/airflow/.local/lib/python3.12/site-packages/airflow/example_dags/tutorial_objectstorage.py
[2026-06-03T06:06:39.881+0000] {processor.py:830} INFO - Processing file /home/airflow/.local/lib/python3.12/site-packages/airflow/example_dags/tutorial_objectstorage.py for tasks to queue
[2026-06-03T06:06:39.882+0000] {logging_mixin.py:188} INFO - [2026-06-03T06:06:39.882+0000] {dagbag.py:545} INFO - Filling up the DagBag from /home/airflow/.local/lib/python3.12/site-packages/airflow/example_dags/tutorial_objectstorage.py
[2026-06-03T06:06:39.888+0000] {processor.py:840} INFO - DAG(s) 'tutorial_objectstorage' retrieved from /home/airflow/.local/lib/python3.12/site-packages/airflow/example_dags/tutorial_objectstorage.py
[2026-06-03T06:06:39.902+0000] {logging_mixin.py:188} INFO - [2026-06-03T06:06:39.902+0000] {dag.py:3089} INFO - Sync 1 DAGs
[2026-06-03T06:06:39.912+0000] {logging_mixin.py:188} INFO - [2026-06-03T06:06:39.912+0000] {dag.py:3947} INFO - Setting next_dagrun for tutorial_objectstorage to None, run_after=None
[2026-06-03T06:06:39.927+0000] {processor.py:183} INFO - Processing /home/airflow/.local/lib/python3.12/site-packages/airflow/example_dags/tutorial_objectstorage.py took 0.051 seconds
[2026-06-03T06:07:10.128+0000] {processor.py:161} INFO - Started process (PID=514) to work on /home/airflow/.local/lib/python3.12/site-packages/airflow/example_dags/tutorial_objectstorage.py
[2026-06-03T06:07:10.128+0000] {processor.py:830} INFO - Processing file /home/airflow/.local/lib/python3.12/site-packages/airflow/example_dags/tutorial_objectstorage.py for tasks to queue
[2026-06-03T06:07:10.130+0000] {logging_mixin.py:188} INFO - [2026-06-03T06:07:10.129+0000] {dagbag.py:545} INFO - Filling up the DagBag from /home/airflow/.local/lib/python3.12/site-packages/airflow/example_dags/tutorial_objectstorage.py
[2026-06-03T06:07:10.135+0000] {processor.py:840} INFO - DAG(s) 'tutorial_objectstorage' retrieved from /home/airflow/.local/lib/python3.12/site-packages/airflow/example_dags/tutorial_objectstorage.py
[2026-06-03T06:07:10.150+0000] {logging_mixin.py:188} INFO - [2026-06-03T06:07:10.150+0000] {dag.py:3089} INFO - Sync 1 DAGs
[2026-06-03T06:07:10.160+0000] {logging_mixin.py:188} INFO - [2026-06-03T06:07:10.160+0000] {dag.py:3947} INFO - Setting next_dagrun for tutorial_objectstorage to None, run_after=None
[2026-06-03T06:07:10.175+0000] {processor.py:183} INFO - Processing /home/airflow/.local/lib/python3.12/site-packages/airflow/example_dags/tutorial_objectstorage.py took 0.052 seconds
[2026-06-03T06:07:40.385+0000] {processor.py:161} INFO - Started process (PID=572) to work on /home/airflow/.local/lib/python3.12/site-packages/airflow/example_dags/tutorial_objectstorage.py
[2026-06-03T06:07:40.386+0000] {processor.py:830} INFO - Processing file /home/airflow/.local/lib/python3.12/site-packages/airflow/example_dags/tutorial_objectstorage.py for tasks to queue
[2026-06-03T06:07:40.387+0000] {logging_mixin.py:188} INFO - [2026-06-03T06:07:40.387+0000] {dagbag.py:545} INFO - Filling up the DagBag from /home/airflow/.local/lib/python3.12/site-packages/airflow/example_dags/tutorial_objectstorage.py
[2026-06-03T06:07:40.392+0000] {processor.py:840} INFO - DAG(s) 'tutorial_objectstorage' retrieved from /home/airflow/.local/lib/python3.12/site-packages/airflow/example_dags/tutorial_objectstorage.py
[2026-06-03T06:07:40.407+0000] {logging_mixin.py:188} INFO - [2026-06-03T06:07:40.407+0000] {dag.py:3089} INFO - Sync 1 DAGs
[2026-06-03T06:07:40.417+0000] {logging_mixin.py:188} INFO - [2026-06-03T06:07:40.417+0000] {dag.py:3947} INFO - Setting next_dagrun for tutorial_objectstorage to None, run_after=None
[2026-06-03T06:07:40.432+0000] {processor.py:183} INFO - Processing /home/airflow/.local/lib/python3.12/site-packages/airflow/example_dags/tutorial_objectstorage.py took 0.052 seconds
[2026-06-03T06:08:10.762+0000] {processor.py:161} INFO - Started process (PID=630) to work on /home/airflow/.local/lib/python3.12/site-packages/airflow/example_dags/tutorial_objectstorage.py
[2026-06-03T06:08:10.763+0000] {processor.py:830} INFO - Processing file /home/airflow/.local/lib/python3.12/site-packages/airflow/example_dags/tutorial_objectstorage.py for tasks to queue
[2026-06-03T06:08:10.764+0000] {logging_mixin.py:188} INFO - [2026-06-03T06:08:10.764+0000] {dagbag.py:545} INFO - Filling up the DagBag from /home/airflow/.local/lib/python3.12/site-packages/airflow/example_dags/tutorial_objectstorage.py
[2026-06-03T06:08:10.769+0000] {processor.py:840} INFO - DAG(s) 'tutorial_objectstorage' retrieved from /home/airflow/.local/lib/python3.12/site-packages/airflow/example_dags/tutorial_objectstorage.py
[2026-06-03T06:08:10.784+0000] {logging_mixin.py:188} INFO - [2026-06-03T06:08:10.784+0000] {dag.py:3089} INFO - Sync 1 DAGs
[2026-06-03T06:08:10.795+0000] {logging_mixin.py:188} INFO - [2026-06-03T06:08:10.794+0000] {dag.py:3947} INFO - Setting next_dagrun for tutorial_objectstorage to None, run_after=None
[2026-06-03T06:08:10.810+0000] {processor.py:183} INFO - Processing /home/airflow/.local/lib/python3.12/site-packages/airflow/example_dags/tutorial_objectstorage.py took 0.052 seconds
[2026-06-03T06:08:42.288+0000] {processor.py:161} INFO - Started process (PID=688) to work on /home/airflow/.local/lib/python3.12/site-packages/airflow/example_dags/tutorial_objectstorage.py
[2026-06-03T06:08:42.332+0000] {processor.py:830} INFO - Processing file /home/airflow/.local/lib/python3.12/site-packages/airflow/example_dags/tutorial_objectstorage.py for tasks to queue
[2026-06-03T06:08:42.334+0000] {logging_mixin.py:188} INFO - [2026-06-03T06:08:42.333+0000] {dagbag.py:545} INFO - Filling up the DagBag from /home/airflow/.local/lib/python3.12/site-packages/airflow/example_dags/tutorial_objectstorage.py
[2026-06-03T06:08:42.339+0000] {processor.py:840} INFO - DAG(s) 'tutorial_objectstorage' retrieved from /home/airflow/.local/lib/python3.12/site-packages/airflow/example_dags/tutorial_objectstorage.py
[2026-06-03T06:08:42.358+0000] {logging_mixin.py:188} INFO - [2026-06-03T06:08:42.358+0000] {dag.py:3089} INFO - Sync 1 DAGs
[2026-06-03T06:08:42.370+0000] {logging_mixin.py:188} INFO - [2026-06-03T06:08:42.369+0000] {dag.py:3947} INFO - Setting next_dagrun for tutorial_objectstorage to None, run_after=None
[2026-06-03T06:08:42.404+0000] {processor.py:183} INFO - Processing /home/airflow/.local/lib/python3.12/site-packages/airflow/example_dags/tutorial_objectstorage.py took 0.123 seconds
[2026-06-03T06:09:15.160+0000] {processor.py:161} INFO - Started process (PID=751) to work on /home/airflow/.local/lib/python3.12/site-packages/airflow/example_dags/tutorial_objectstorage.py
[2026-06-03T06:09:15.162+0000] {processor.py:830} INFO - Processing file /home/airflow/.local/lib/python3.12/site-packages/airflow/example_dags/tutorial_objectstorage.py for tasks to queue
[2026-06-03T06:09:15.163+0000] {logging_mixin.py:188} INFO - [2026-06-03T06:09:15.163+0000] {dagbag.py:545} INFO - Filling up the DagBag from /home/airflow/.local/lib/python3.12/site-packages/airflow/example_dags/tutorial_objectstorage.py
[2026-06-03T06:09:15.169+0000] {processor.py:840} INFO - DAG(s) 'tutorial_objectstorage' retrieved from /home/airflow/.local/lib/python3.12/site-packages/airflow/example_dags/tutorial_objectstorage.py
[2026-06-03T06:09:15.185+0000] {logging_mixin.py:188} INFO - [2026-06-03T06:09:15.184+0000] {dag.py:3089} INFO - Sync 1 DAGs
[2026-06-03T06:09:15.195+0000] {logging_mixin.py:188} INFO - [2026-06-03T06:09:15.195+0000] {dag.py:3947} INFO - Setting next_dagrun for tutorial_objectstorage to None, run_after=None
[2026-06-03T06:09:15.212+0000] {processor.py:183} INFO - Processing /home/airflow/.local/lib/python3.12/site-packages/airflow/example_dags/tutorial_objectstorage.py took 0.056 seconds
[2026-06-03T06:09:45.514+0000] {processor.py:161} INFO - Started process (PID=809) to work on /home/airflow/.local/lib/python3.12/site-packages/airflow/example_dags/tutorial_objectstorage.py
[2026-06-03T06:09:45.515+0000] {processor.py:830} INFO - Processing file /home/airflow/.local/lib/python3.12/site-packages/airflow/example_dags/tutorial_objectstorage.py for tasks to queue
[2026-06-03T06:09:45.517+0000] {logging_mixin.py:188} INFO - [2026-06-03T06:09:45.516+0000] {dagbag.py:545} INFO - Filling up the DagBag from /home/airflow/.local/lib/python3.12/site-packages/airflow/example_dags/tutorial_objectstorage.py
[2026-06-03T06:09:45.522+0000] {processor.py:840} INFO - DAG(s) 'tutorial_objectstorage' retrieved from /home/airflow/.local/lib/python3.12/site-packages/airflow/example_dags/tutorial_objectstorage.py
[2026-06-03T06:09:45.537+0000] {logging_mixin.py:188} INFO - [2026-06-03T06:09:45.537+0000] {dag.py:3089} INFO - Sync 1 DAGs
[2026-06-03T06:09:45.548+0000] {logging_mixin.py:188} INFO - [2026-06-03T06:09:45.547+0000] {dag.py:3947} INFO - Setting next_dagrun for tutorial_objectstorage to None, run_after=None
[2026-06-03T06:09:45.563+0000] {processor.py:183} INFO - Processing /home/airflow/.local/lib/python3.12/site-packages/airflow/example_dags/tutorial_objectstorage.py took 0.053 seconds
[2026-06-03T06:10:16.106+0000] {processor.py:161} INFO - Started process (PID=866) to work on /home/airflow/.local/lib/python3.12/site-packages/airflow/example_dags/tutorial_objectstorage.py
[2026-06-03T06:10:16.106+0000] {processor.py:830} INFO - Processing file /home/airflow/.local/lib/python3.12/site-packages/airflow/example_dags/tutorial_objectstorage.py for tasks to queue
[2026-06-03T06:10:16.108+0000] {logging_mixin.py:188} INFO - [2026-06-03T06:10:16.107+0000] {dagbag.py:545} INFO - Filling up the DagBag from /home/airflow/.local/lib/python3.12/site-packages/airflow/example_dags/tutorial_objectstorage.py
[2026-06-03T06:10:16.113+0000] {processor.py:840} INFO - DAG(s) 'tutorial_objectstorage' retrieved from /home/airflow/.local/lib/python3.12/site-packages/airflow/example_dags/tutorial_objectstorage.py
[2026-06-03T06:10:16.128+0000] {logging_mixin.py:188} INFO - [2026-06-03T06:10:16.128+0000] {dag.py:3089} INFO - Sync 1 DAGs
[2026-06-03T06:10:16.138+0000] {logging_mixin.py:188} INFO - [2026-06-03T06:10:16.138+0000] {dag.py:3947} INFO - Setting next_dagrun for tutorial_objectstorage to None, run_after=None
[2026-06-03T06:10:16.156+0000] {processor.py:183} INFO - Processing /home/airflow/.local/lib/python3.12/site-packages/airflow/example_dags/tutorial_objectstorage.py took 0.055 seconds
[2026-06-03T06:10:46.517+0000] {processor.py:161} INFO - Started process (PID=924) to work on /home/airflow/.local/lib/python3.12/site-packages/airflow/example_dags/tutorial_objectstorage.py
[2026-06-03T06:10:46.518+0000] {processor.py:830} INFO - Processing file /home/airflow/.local/lib/python3.12/site-packages/airflow/example_dags/tutorial_objectstorage.py for tasks to queue
[2026-06-03T06:10:46.519+0000] {logging_mixin.py:188} INFO - [2026-06-03T06:10:46.519+0000] {dagbag.py:545} INFO - Filling up the DagBag from /home/airflow/.local/lib/python3.12/site-packages/airflow/example_dags/tutorial_objectstorage.py
[2026-06-03T06:10:46.525+0000] {processor.py:840} INFO - DAG(s) 'tutorial_objectstorage' retrieved from /home/airflow/.local/lib/python3.12/site-packages/airflow/example_dags/tutorial_objectstorage.py
[2026-06-03T06:10:46.539+0000] {logging_mixin.py:188} INFO - [2026-06-03T06:10:46.539+0000] {dag.py:3089} INFO - Sync 1 DAGs
[2026-06-03T06:10:46.549+0000] {logging_mixin.py:188} INFO - [2026-06-03T06:10:46.549+0000] {dag.py:3947} INFO - Setting next_dagrun for tutorial_objectstorage to None, run_after=None
[2026-06-03T06:10:46.565+0000] {processor.py:183} INFO - Processing /home/airflow/.local/lib/python3.12/site-packages/airflow/example_dags/tutorial_objectstorage.py took 0.052 seconds
[2026-06-03T06:11:17.027+0000] {processor.py:161} INFO - Started process (PID=982) to work on /home/airflow/.local/lib/python3.12/site-packages/airflow/example_dags/tutorial_objectstorage.py
[2026-06-03T06:11:17.028+0000] {processor.py:830} INFO - Processing file /home/airflow/.local/lib/python3.12/site-packages/airflow/example_dags/tutorial_objectstorage.py for tasks to queue
[2026-06-03T06:11:17.030+0000] {logging_mixin.py:188} INFO - [2026-06-03T06:11:17.029+0000] {dagbag.py:545} INFO - Filling up the DagBag from /home/airflow/.local/lib/python3.12/site-packages/airflow/example_dags/tutorial_objectstorage.py
[2026-06-03T06:11:17.042+0000] {processor.py:840} INFO - DAG(s) 'tutorial_objectstorage' retrieved from /home/airflow/.local/lib/python3.12/site-packages/airflow/example_dags/tutorial_objectstorage.py
[2026-06-03T06:11:17.061+0000] {logging_mixin.py:188} INFO - [2026-06-03T06:11:17.060+0000] {dag.py:3089} INFO - Sync 1 DAGs
[2026-06-03T06:11:17.072+0000] {logging_mixin.py:188} INFO - [2026-06-03T06:11:17.071+0000] {dag.py:3947} INFO - Setting next_dagrun for tutorial_objectstorage to None, run_after=None
[2026-06-03T06:11:17.087+0000] {processor.py:183} INFO - Processing /home/airflow/.local/lib/python3.12/site-packages/airflow/example_dags/tutorial_objectstorage.py took 0.072 seconds
[2026-06-03T06:11:47.414+0000] {processor.py:161} INFO - Started process (PID=1040) to work on /home/airflow/.local/lib/python3.12/site-packages/airflow/example_dags/tutorial_objectstorage.py
[2026-06-03T06:11:47.416+0000] {processor.py:830} INFO - Processing file /home/airflow/.local/lib/python3.12/site-packages/airflow/example_dags/tutorial_objectstorage.py for tasks to queue
[2026-06-03T06:11:47.417+0000] {logging_mixin.py:188} INFO - [2026-06-03T06:11:47.417+0000] {dagbag.py:545} INFO - Filling up the DagBag from /home/airflow/.local/lib/python3.12/site-packages/airflow/example_dags/tutorial_objectstorage.py
[2026-06-03T06:11:47.423+0000] {processor.py:840} INFO - DAG(s) 'tutorial_objectstorage' retrieved from /home/airflow/.local/lib/python3.12/site-packages/airflow/example_dags/tutorial_objectstorage.py
[2026-06-03T06:11:47.438+0000] {logging_mixin.py:188} INFO - [2026-06-03T06:11:47.438+0000] {dag.py:3089} INFO - Sync 1 DAGs
[2026-06-03T06:11:47.449+0000] {logging_mixin.py:188} INFO - [2026-06-03T06:11:47.449+0000] {dag.py:3947} INFO - Setting next_dagrun for tutorial_objectstorage to None, run_after=None
[2026-06-03T06:11:47.464+0000] {processor.py:183} INFO - Processing /home/airflow/.local/lib/python3.12/site-packages/airflow/example_dags/tutorial_objectstorage.py took 0.055 seconds
[2026-06-03T06:12:17.813+0000] {processor.py:161} INFO - Started process (PID=1098) to work on /home/airflow/.local/lib/python3.12/site-packages/airflow/example_dags/tutorial_objectstorage.py
[2026-06-03T06:12:17.814+0000] {processor.py:830} INFO - Processing file /home/airflow/.local/lib/python3.12/site-packages/airflow/example_dags/tutorial_objectstorage.py for tasks to queue
[2026-06-03T06:12:17.815+0000] {logging_mixin.py:188} INFO - [2026-06-03T06:12:17.815+0000] {dagbag.py:545} INFO - Filling up the DagBag from /home/airflow/.local/lib/python3.12/site-packages/airflow/example_dags/tutorial_objectstorage.py
[2026-06-03T06:12:17.820+0000] {processor.py:840} INFO - DAG(s) 'tutorial_objectstorage' retrieved from /home/airflow/.local/lib/python3.12/site-packages/airflow/example_dags/tutorial_objectstorage.py
[2026-06-03T06:12:17.835+0000] {logging_mixin.py:188} INFO - [2026-06-03T06:12:17.835+0000] {dag.py:3089} INFO - Sync 1 DAGs
[2026-06-03T06:12:17.846+0000] {logging_mixin.py:188} INFO - [2026-06-03T06:12:17.845+0000] {dag.py:3947} INFO - Setting next_dagrun for tutorial_objectstorage to None, run_after=None
[2026-06-03T06:12:17.862+0000] {processor.py:183} INFO - Processing /home/airflow/.local/lib/python3.12/site-packages/airflow/example_dags/tutorial_objectstorage.py took 0.053 seconds
[2026-06-03T06:12:48.164+0000] {processor.py:161} INFO - Started process (PID=1156) to work on /home/airflow/.local/lib/python3.12/site-packages/airflow/example_dags/tutorial_objectstorage.py
[2026-06-03T06:12:48.166+0000] {processor.py:830} INFO - Processing file /home/airflow/.local/lib/python3.12/site-packages/airflow/example_dags/tutorial_objectstorage.py for tasks to queue
[2026-06-03T06:12:48.167+0000] {logging_mixin.py:188} INFO - [2026-06-03T06:12:48.167+0000] {dagbag.py:545} INFO - Filling up the DagBag from /home/airflow/.local/lib/python3.12/site-packages/airflow/example_dags/tutorial_objectstorage.py
[2026-06-03T06:12:48.172+0000] {processor.py:840} INFO - DAG(s) 'tutorial_objectstorage' retrieved from /home/airflow/.local/lib/python3.12/site-packages/airflow/example_dags/tutorial_objectstorage.py
[2026-06-03T06:12:48.187+0000] {logging_mixin.py:188} INFO - [2026-06-03T06:12:48.187+0000] {dag.py:3089} INFO - Sync 1 DAGs
[2026-06-03T06:12:48.198+0000] {logging_mixin.py:188} INFO - [2026-06-03T06:12:48.197+0000] {dag.py:3947} INFO - Setting next_dagrun for tutorial_objectstorage to None, run_after=None
[2026-06-03T06:12:48.213+0000] {processor.py:183} INFO - Processing /home/airflow/.local/lib/python3.12/site-packages/airflow/example_dags/tutorial_objectstorage.py took 0.053 seconds
[2026-06-03T06:13:18.461+0000] {processor.py:161} INFO - Started process (PID=1214) to work on /home/airflow/.local/lib/python3.12/site-packages/airflow/example_dags/tutorial_objectstorage.py
[2026-06-03T06:13:18.461+0000] {processor.py:830} INFO - Processing file /home/airflow/.local/lib/python3.12/site-packages/airflow/example_dags/tutorial_objectstorage.py for tasks to queue
[2026-06-03T06:13:18.463+0000] {logging_mixin.py:188} INFO - [2026-06-03T06:13:18.463+0000] {dagbag.py:545} INFO - Filling up the DagBag from /home/airflow/.local/lib/python3.12/site-packages/airflow/example_dags/tutorial_objectstorage.py
[2026-06-03T06:13:18.468+0000] {processor.py:840} INFO - DAG(s) 'tutorial_objectstorage' retrieved from /home/airflow/.local/lib/python3.12/site-packages/airflow/example_dags/tutorial_objectstorage.py
[2026-06-03T06:13:18.483+0000] {logging_mixin.py:188} INFO - [2026-06-03T06:13:18.483+0000] {dag.py:3089} INFO - Sync 1 DAGs
[2026-06-03T06:13:18.494+0000] {logging_mixin.py:188} INFO - [2026-06-03T06:13:18.494+0000] {dag.py:3947} INFO - Setting next_dagrun for tutorial_objectstorage to None, run_after=None
[2026-06-03T06:13:18.510+0000] {processor.py:183} INFO - Processing /home/airflow/.local/lib/python3.12/site-packages/airflow/example_dags/tutorial_objectstorage.py took 0.054 seconds
[2026-06-03T06:13:48.678+0000] {processor.py:161} INFO - Started process (PID=1272) to work on /home/airflow/.local/lib/python3.12/site-packages/airflow/example_dags/tutorial_objectstorage.py
[2026-06-03T06:13:48.678+0000] {processor.py:830} INFO - Processing file /home/airflow/.local/lib/python3.12/site-packages/airflow/example_dags/tutorial_objectstorage.py for tasks to queue
[2026-06-03T06:13:48.680+0000] {logging_mixin.py:188} INFO - [2026-06-03T06:13:48.679+0000] {dagbag.py:545} INFO - Filling up the DagBag from /home/airflow/.local/lib/python3.12/site-packages/airflow/example_dags/tutorial_objectstorage.py
[2026-06-03T06:13:48.685+0000] {processor.py:840} INFO - DAG(s) 'tutorial_objectstorage' retrieved from /home/airflow/.local/lib/python3.12/site-packages/airflow/example_dags/tutorial_objectstorage.py
[2026-06-03T06:13:48.700+0000] {logging_mixin.py:188} INFO - [2026-06-03T06:13:48.700+0000] {dag.py:3089} INFO - Sync 1 DAGs
[2026-06-03T06:13:48.711+0000] {logging_mixin.py:188} INFO - [2026-06-03T06:13:48.710+0000] {dag.py:3947} INFO - Setting next_dagrun for tutorial_objectstorage to None, run_after=None
[2026-06-03T06:13:48.726+0000] {processor.py:183} INFO - Processing /home/airflow/.local/lib/python3.12/site-packages/airflow/example_dags/tutorial_objectstorage.py took 0.053 seconds
[2026-06-03T06:14:19.046+0000] {processor.py:161} INFO - Started process (PID=1330) to work on /home/airflow/.local/lib/python3.12/site-packages/airflow/example_dags/tutorial_objectstorage.py
[2026-06-03T06:14:19.046+0000] {processor.py:830} INFO - Processing file /home/airflow/.local/lib/python3.12/site-packages/airflow/example_dags/tutorial_objectstorage.py for tasks to queue
[2026-06-03T06:14:19.047+0000] {logging_mixin.py:188} INFO - [2026-06-03T06:14:19.047+0000] {dagbag.py:545} INFO - Filling up the DagBag from /home/airflow/.local/lib/python3.12/site-packages/airflow/example_dags/tutorial_objectstorage.py
[2026-06-03T06:14:19.053+0000] {processor.py:840} INFO - DAG(s) 'tutorial_objectstorage' retrieved from /home/airflow/.local/lib/python3.12/site-packages/airflow/example_dags/tutorial_objectstorage.py
[2026-06-03T06:14:19.069+0000] {logging_mixin.py:188} INFO - [2026-06-03T06:14:19.068+0000] {dag.py:3089} INFO - Sync 1 DAGs
[2026-06-03T06:14:19.079+0000] {logging_mixin.py:188} INFO - [2026-06-03T06:14:19.079+0000] {dag.py:3947} INFO - Setting next_dagrun for tutorial_objectstorage to None, run_after=None
[2026-06-03T06:14:19.094+0000] {processor.py:183} INFO - Processing /home/airflow/.local/lib/python3.12/site-packages/airflow/example_dags/tutorial_objectstorage.py took 0.054 seconds
[2026-06-03T06:14:49.308+0000] {processor.py:161} INFO - Started process (PID=1388) to work on /home/airflow/.local/lib/python3.12/site-packages/airflow/example_dags/tutorial_objectstorage.py
[2026-06-03T06:14:49.310+0000] {processor.py:830} INFO - Processing file /home/airflow/.local/lib/python3.12/site-packages/airflow/example_dags/tutorial_objectstorage.py for tasks to queue
[2026-06-03T06:14:49.311+0000] {logging_mixin.py:188} INFO - [2026-06-03T06:14:49.311+0000] {dagbag.py:545} INFO - Filling up the DagBag from /home/airflow/.local/lib/python3.12/site-packages/airflow/example_dags/tutorial_objectstorage.py
[2026-06-03T06:14:49.319+0000] {processor.py:840} INFO - DAG(s) 'tutorial_objectstorage' retrieved from /home/airflow/.local/lib/python3.12/site-packages/airflow/example_dags/tutorial_objectstorage.py
[2026-06-03T06:14:49.334+0000] {logging_mixin.py:188} INFO - [2026-06-03T06:14:49.334+0000] {dag.py:3089} INFO - Sync 1 DAGs
[2026-06-03T06:14:49.345+0000] {logging_mixin.py:188} INFO - [2026-06-03T06:14:49.345+0000] {dag.py:3947} INFO - Setting next_dagrun for tutorial_objectstorage to None, run_after=None
[2026-06-03T06:14:49.360+0000] {processor.py:183} INFO - Processing /home/airflow/.local/lib/python3.12/site-packages/airflow/example_dags/tutorial_objectstorage.py took 0.058 seconds
[2026-06-03T06:15:19.599+0000] {processor.py:161} INFO - Started process (PID=1446) to work on /home/airflow/.local/lib/python3.12/site-packages/airflow/example_dags/tutorial_objectstorage.py
[2026-06-03T06:15:19.599+0000] {processor.py:830} INFO - Processing file /home/airflow/.local/lib/python3.12/site-packages/airflow/example_dags/tutorial_objectstorage.py for tasks to queue
[2026-06-03T06:15:19.601+0000] {logging_mixin.py:188} INFO - [2026-06-03T06:15:19.600+0000] {dagbag.py:545} INFO - Filling up the DagBag from /home/airflow/.local/lib/python3.12/site-packages/airflow/example_dags/tutorial_objectstorage.py
[2026-06-03T06:15:19.606+0000] {processor.py:840} INFO - DAG(s) 'tutorial_objectstorage' retrieved from /home/airflow/.local/lib/python3.12/site-packages/airflow/example_dags/tutorial_objectstorage.py
[2026-06-03T06:15:19.621+0000] {logging_mixin.py:188} INFO - [2026-06-03T06:15:19.621+0000] {dag.py:3089} INFO - Sync 1 DAGs
[2026-06-03T06:15:19.631+0000] {logging_mixin.py:188} INFO - [2026-06-03T06:15:19.631+0000] {dag.py:3947} INFO - Setting next_dagrun for tutorial_objectstorage to None, run_after=None
[2026-06-03T06:15:19.646+0000] {processor.py:183} INFO - Processing /home/airflow/.local/lib/python3.12/site-packages/airflow/example_dags/tutorial_objectstorage.py took 0.052 seconds
[2026-06-03T06:15:49.940+0000] {processor.py:161} INFO - Started process (PID=1504) to work on /home/airflow/.local/lib/python3.12/site-packages/airflow/example_dags/tutorial_objectstorage.py
[2026-06-03T06:15:49.941+0000] {processor.py:830} INFO - Processing file /home/airflow/.local/lib/python3.12/site-packages/airflow/example_dags/tutorial_objectstorage.py for tasks to queue
[2026-06-03T06:15:49.942+0000] {logging_mixin.py:188} INFO - [2026-06-03T06:15:49.942+0000] {dagbag.py:545} INFO - Filling up the DagBag from /home/airflow/.local/lib/python3.12/site-packages/airflow/example_dags/tutorial_objectstorage.py
[2026-06-03T06:15:49.948+0000] {processor.py:840} INFO - DAG(s) 'tutorial_objectstorage' retrieved from /home/airflow/.local/lib/python3.12/site-packages/airflow/example_dags/tutorial_objectstorage.py
[2026-06-03T06:15:49.963+0000] {logging_mixin.py:188} INFO - [2026-06-03T06:15:49.963+0000] {dag.py:3089} INFO - Sync 1 DAGs
[2026-06-03T06:15:49.973+0000] {logging_mixin.py:188} INFO - [2026-06-03T06:15:49.973+0000] {dag.py:3947} INFO - Setting next_dagrun for tutorial_objectstorage to None, run_after=None
[2026-06-03T06:15:49.989+0000] {processor.py:183} INFO - Processing /home/airflow/.local/lib/python3.12/site-packages/airflow/example_dags/tutorial_objectstorage.py took 0.054 seconds
[2026-06-03T06:16:20.369+0000] {processor.py:161} INFO - Started process (PID=1562) to work on /home/airflow/.local/lib/python3.12/site-packages/airflow/example_dags/tutorial_objectstorage.py
[2026-06-03T06:16:20.369+0000] {processor.py:830} INFO - Processing file /home/airflow/.local/lib/python3.12/site-packages/airflow/example_dags/tutorial_objectstorage.py for tasks to queue
[2026-06-03T06:16:20.370+0000] {logging_mixin.py:188} INFO - [2026-06-03T06:16:20.370+0000] {dagbag.py:545} INFO - Filling up the DagBag from /home/airflow/.local/lib/python3.12/site-packages/airflow/example_dags/tutorial_objectstorage.py
[2026-06-03T06:16:20.376+0000] {processor.py:840} INFO - DAG(s) 'tutorial_objectstorage' retrieved from /home/airflow/.local/lib/python3.12/site-packages/airflow/example_dags/tutorial_objectstorage.py
[2026-06-03T06:16:20.391+0000] {logging_mixin.py:188} INFO - [2026-06-03T06:16:20.391+0000] {dag.py:3089} INFO - Sync 1 DAGs
[2026-06-03T06:16:20.401+0000] {logging_mixin.py:188} INFO - [2026-06-03T06:16:20.401+0000] {dag.py:3947} INFO - Setting next_dagrun for tutorial_objectstorage to None, run_after=None
[2026-06-03T06:16:20.417+0000] {processor.py:183} INFO - Processing /home/airflow/.local/lib/python3.12/site-packages/airflow/example_dags/tutorial_objectstorage.py took 0.053 seconds
[2026-06-03T06:16:50.837+0000] {processor.py:161} INFO - Started process (PID=1619) to work on /home/airflow/.local/lib/python3.12/site-packages/airflow/example_dags/tutorial_objectstorage.py
[2026-06-03T06:16:50.838+0000] {processor.py:830} INFO - Processing file /home/airflow/.local/lib/python3.12/site-packages/airflow/example_dags/tutorial_objectstorage.py for tasks to queue
[2026-06-03T06:16:50.840+0000] {logging_mixin.py:188} INFO - [2026-06-03T06:16:50.839+0000] {dagbag.py:545} INFO - Filling up the DagBag from /home/airflow/.local/lib/python3.12/site-packages/airflow/example_dags/tutorial_objectstorage.py
[2026-06-03T06:16:50.845+0000] {processor.py:840} INFO - DAG(s) 'tutorial_objectstorage' retrieved from /home/airflow/.local/lib/python3.12/site-packages/airflow/example_dags/tutorial_objectstorage.py
[2026-06-03T06:16:50.860+0000] {logging_mixin.py:188} INFO - [2026-06-03T06:16:50.860+0000] {dag.py:3089} INFO - Sync 1 DAGs
[2026-06-03T06:16:50.871+0000] {logging_mixin.py:188} INFO - [2026-06-03T06:16:50.871+0000] {dag.py:3947} INFO - Setting next_dagrun for tutorial_objectstorage to None, run_after=None
[2026-06-03T06:16:50.886+0000] {processor.py:183} INFO - Processing /home/airflow/.local/lib/python3.12/site-packages/airflow/example_dags/tutorial_objectstorage.py took 0.054 seconds
[2026-06-03T06:17:21.235+0000] {processor.py:161} INFO - Started process (PID=1677) to work on /home/airflow/.local/lib/python3.12/site-packages/airflow/example_dags/tutorial_objectstorage.py
[2026-06-03T06:17:21.236+0000] {processor.py:830} INFO - Processing file /home/airflow/.local/lib/python3.12/site-packages/airflow/example_dags/tutorial_objectstorage.py for tasks to queue
[2026-06-03T06:17:21.237+0000] {logging_mixin.py:188} INFO - [2026-06-03T06:17:21.237+0000] {dagbag.py:545} INFO - Filling up the DagBag from /home/airflow/.local/lib/python3.12/site-packages/airflow/example_dags/tutorial_objectstorage.py
[2026-06-03T06:17:21.242+0000] {processor.py:840} INFO - DAG(s) 'tutorial_objectstorage' retrieved from /home/airflow/.local/lib/python3.12/site-packages/airflow/example_dags/tutorial_objectstorage.py
[2026-06-03T06:17:21.257+0000] {logging_mixin.py:188} INFO - [2026-06-03T06:17:21.257+0000] {dag.py:3089} INFO - Sync 1 DAGs
[2026-06-03T06:17:21.268+0000] {logging_mixin.py:188} INFO - [2026-06-03T06:17:21.268+0000] {dag.py:3947} INFO - Setting next_dagrun for tutorial_objectstorage to None, run_after=None
[2026-06-03T06:17:21.283+0000] {processor.py:183} INFO - Processing /home/airflow/.local/lib/python3.12/site-packages/airflow/example_dags/tutorial_objectstorage.py took 0.053 seconds
[2026-06-03T06:17:51.473+0000] {processor.py:161} INFO - Started process (PID=1734) to work on /home/airflow/.local/lib/python3.12/site-packages/airflow/example_dags/tutorial_objectstorage.py
[2026-06-03T06:17:51.474+0000] {processor.py:830} INFO - Processing file /home/airflow/.local/lib/python3.12/site-packages/airflow/example_dags/tutorial_objectstorage.py for tasks to queue
[2026-06-03T06:17:51.476+0000] {logging_mixin.py:188} INFO - [2026-06-03T06:17:51.475+0000] {dagbag.py:545} INFO - Filling up the DagBag from /home/airflow/.local/lib/python3.12/site-packages/airflow/example_dags/tutorial_objectstorage.py
[2026-06-03T06:17:51.481+0000] {processor.py:840} INFO - DAG(s) 'tutorial_objectstorage' retrieved from /home/airflow/.local/lib/python3.12/site-packages/airflow/example_dags/tutorial_objectstorage.py
[2026-06-03T06:17:51.496+0000] {logging_mixin.py:188} INFO - [2026-06-03T06:17:51.495+0000] {dag.py:3089} INFO - Sync 1 DAGs
[2026-06-03T06:17:51.506+0000] {logging_mixin.py:188} INFO - [2026-06-03T06:17:51.506+0000] {dag.py:3947} INFO - Setting next_dagrun for tutorial_objectstorage to None, run_after=None
[2026-06-03T06:17:51.522+0000] {processor.py:183} INFO - Processing /home/airflow/.local/lib/python3.12/site-packages/airflow/example_dags/tutorial_objectstorage.py took 0.053 seconds
[2026-06-03T06:18:21.639+0000] {processor.py:161} INFO - Started process (PID=1792) to work on /home/airflow/.local/lib/python3.12/site-packages/airflow/example_dags/tutorial_objectstorage.py
[2026-06-03T06:18:21.640+0000] {processor.py:830} INFO - Processing file /home/airflow/.local/lib/python3.12/site-packages/airflow/example_dags/tutorial_objectstorage.py for tasks to queue
[2026-06-03T06:18:21.641+0000] {logging_mixin.py:188} INFO - [2026-06-03T06:18:21.641+0000] {dagbag.py:545} INFO - Filling up the DagBag from /home/airflow/.local/lib/python3.12/site-packages/airflow/example_dags/tutorial_objectstorage.py
[2026-06-03T06:18:21.647+0000] {processor.py:840} INFO - DAG(s) 'tutorial_objectstorage' retrieved from /home/airflow/.local/lib/python3.12/site-packages/airflow/example_dags/tutorial_objectstorage.py
[2026-06-03T06:18:21.662+0000] {logging_mixin.py:188} INFO - [2026-06-03T06:18:21.662+0000] {dag.py:3089} INFO - Sync 1 DAGs
[2026-06-03T06:18:21.673+0000] {logging_mixin.py:188} INFO - [2026-06-03T06:18:21.672+0000] {dag.py:3947} INFO - Setting next_dagrun for tutorial_objectstorage to None, run_after=None
[2026-06-03T06:18:21.688+0000] {processor.py:183} INFO - Processing /home/airflow/.local/lib/python3.12/site-packages/airflow/example_dags/tutorial_objectstorage.py took 0.053 seconds
[2026-06-03T06:18:52.085+0000] {processor.py:161} INFO - Started process (PID=1850) to work on /home/airflow/.local/lib/python3.12/site-packages/airflow/example_dags/tutorial_objectstorage.py
[2026-06-03T06:18:52.086+0000] {processor.py:830} INFO - Processing file /home/airflow/.local/lib/python3.12/site-packages/airflow/example_dags/tutorial_objectstorage.py for tasks to queue
[2026-06-03T06:18:52.088+0000] {logging_mixin.py:188} INFO - [2026-06-03T06:18:52.087+0000] {dagbag.py:545} INFO - Filling up the DagBag from /home/airflow/.local/lib/python3.12/site-packages/airflow/example_dags/tutorial_objectstorage.py
[2026-06-03T06:18:52.093+0000] {processor.py:840} INFO - DAG(s) 'tutorial_objectstorage' retrieved from /home/airflow/.local/lib/python3.12/site-packages/airflow/example_dags/tutorial_objectstorage.py
[2026-06-03T06:18:52.108+0000] {logging_mixin.py:188} INFO - [2026-06-03T06:18:52.108+0000] {dag.py:3089} INFO - Sync 1 DAGs
[2026-06-03T06:18:52.118+0000] {logging_mixin.py:188} INFO - [2026-06-03T06:18:52.118+0000] {dag.py:3947} INFO - Setting next_dagrun for tutorial_objectstorage to None, run_after=None
[2026-06-03T06:18:52.133+0000] {processor.py:183} INFO - Processing /home/airflow/.local/lib/python3.12/site-packages/airflow/example_dags/tutorial_objectstorage.py took 0.052 seconds
[2026-06-03T06:19:22.605+0000] {processor.py:161} INFO - Started process (PID=1908) to work on /home/airflow/.local/lib/python3.12/site-packages/airflow/example_dags/tutorial_objectstorage.py
[2026-06-03T06:19:22.606+0000] {processor.py:830} INFO - Processing file /home/airflow/.local/lib/python3.12/site-packages/airflow/example_dags/tutorial_objectstorage.py for tasks to queue
[2026-06-03T06:19:22.607+0000] {logging_mixin.py:188} INFO - [2026-06-03T06:19:22.607+0000] {dagbag.py:545} INFO - Filling up the DagBag from /home/airflow/.local/lib/python3.12/site-packages/airflow/example_dags/tutorial_objectstorage.py
[2026-06-03T06:19:22.613+0000] {processor.py:840} INFO - DAG(s) 'tutorial_objectstorage' retrieved from /home/airflow/.local/lib/python3.12/site-packages/airflow/example_dags/tutorial_objectstorage.py
[2026-06-03T06:19:22.759+0000] {logging_mixin.py:188} INFO - [2026-06-03T06:19:22.759+0000] {dag.py:3089} INFO - Sync 1 DAGs
[2026-06-03T06:19:22.768+0000] {logging_mixin.py:188} INFO - [2026-06-03T06:19:22.768+0000] {dag.py:3947} INFO - Setting next_dagrun for tutorial_objectstorage to None, run_after=None
[2026-06-03T06:19:22.782+0000] {processor.py:183} INFO - Processing /home/airflow/.local/lib/python3.12/site-packages/airflow/example_dags/tutorial_objectstorage.py took 0.182 seconds
[2026-06-03T06:19:52.851+0000] {processor.py:161} INFO - Started process (PID=1966) to work on /home/airflow/.local/lib/python3.12/site-packages/airflow/example_dags/tutorial_objectstorage.py
[2026-06-03T06:19:52.853+0000] {processor.py:830} INFO - Processing file /home/airflow/.local/lib/python3.12/site-packages/airflow/example_dags/tutorial_objectstorage.py for tasks to queue
[2026-06-03T06:19:52.854+0000] {logging_mixin.py:188} INFO - [2026-06-03T06:19:52.854+0000] {dagbag.py:545} INFO - Filling up the DagBag from /home/airflow/.local/lib/python3.12/site-packages/airflow/example_dags/tutorial_objectstorage.py
[2026-06-03T06:19:52.859+0000] {processor.py:840} INFO - DAG(s) 'tutorial_objectstorage' retrieved from /home/airflow/.local/lib/python3.12/site-packages/airflow/example_dags/tutorial_objectstorage.py
[2026-06-03T06:19:52.874+0000] {logging_mixin.py:188} INFO - [2026-06-03T06:19:52.874+0000] {dag.py:3089} INFO - Sync 1 DAGs
[2026-06-03T06:19:53.003+0000] {logging_mixin.py:188} INFO - [2026-06-03T06:19:53.003+0000] {dag.py:3947} INFO - Setting next_dagrun for tutorial_objectstorage to None, run_after=None
[2026-06-03T06:19:53.017+0000] {processor.py:183} INFO - Processing /home/airflow/.local/lib/python3.12/site-packages/airflow/example_dags/tutorial_objectstorage.py took 0.170 seconds
[2026-06-03T06:20:23.748+0000] {processor.py:161} INFO - Started process (PID=2024) to work on /home/airflow/.local/lib/python3.12/site-packages/airflow/example_dags/tutorial_objectstorage.py
[2026-06-03T06:20:23.749+0000] {processor.py:830} INFO - Processing file /home/airflow/.local/lib/python3.12/site-packages/airflow/example_dags/tutorial_objectstorage.py for tasks to queue
[2026-06-03T06:20:23.750+0000] {logging_mixin.py:188} INFO - [2026-06-03T06:20:23.750+0000] {dagbag.py:545} INFO - Filling up the DagBag from /home/airflow/.local/lib/python3.12/site-packages/airflow/example_dags/tutorial_objectstorage.py
[2026-06-03T06:20:23.756+0000] {processor.py:840} INFO - DAG(s) 'tutorial_objectstorage' retrieved from /home/airflow/.local/lib/python3.12/site-packages/airflow/example_dags/tutorial_objectstorage.py
[2026-06-03T06:20:23.770+0000] {logging_mixin.py:188} INFO - [2026-06-03T06:20:23.770+0000] {dag.py:3089} INFO - Sync 1 DAGs
[2026-06-03T06:20:23.781+0000] {logging_mixin.py:188} INFO - [2026-06-03T06:20:23.780+0000] {dag.py:3947} INFO - Setting next_dagrun for tutorial_objectstorage to None, run_after=None
[2026-06-03T06:20:23.795+0000] {processor.py:183} INFO - Processing /home/airflow/.local/lib/python3.12/site-packages/airflow/example_dags/tutorial_objectstorage.py took 0.052 seconds
[2026-06-03T06:20:54.044+0000] {processor.py:161} INFO - Started process (PID=2082) to work on /home/airflow/.local/lib/python3.12/site-packages/airflow/example_dags/tutorial_objectstorage.py
[2026-06-03T06:20:54.046+0000] {processor.py:830} INFO - Processing file /home/airflow/.local/lib/python3.12/site-packages/airflow/example_dags/tutorial_objectstorage.py for tasks to queue
[2026-06-03T06:20:54.047+0000] {logging_mixin.py:188} INFO - [2026-06-03T06:20:54.047+0000] {dagbag.py:545} INFO - Filling up the DagBag from /home/airflow/.local/lib/python3.12/site-packages/airflow/example_dags/tutorial_objectstorage.py
[2026-06-03T06:20:54.053+0000] {processor.py:840} INFO - DAG(s) 'tutorial_objectstorage' retrieved from /home/airflow/.local/lib/python3.12/site-packages/airflow/example_dags/tutorial_objectstorage.py
[2026-06-03T06:20:54.069+0000] {logging_mixin.py:188} INFO - [2026-06-03T06:20:54.069+0000] {dag.py:3089} INFO - Sync 1 DAGs
[2026-06-03T06:20:54.080+0000] {logging_mixin.py:188} INFO - [2026-06-03T06:20:54.079+0000] {dag.py:3947} INFO - Setting next_dagrun for tutorial_objectstorage to None, run_after=None
[2026-06-03T06:20:54.095+0000] {processor.py:183} INFO - Processing /home/airflow/.local/lib/python3.12/site-packages/airflow/example_dags/tutorial_objectstorage.py took 0.055 seconds
[2026-06-03T06:21:24.372+0000] {processor.py:161} INFO - Started process (PID=2140) to work on /home/airflow/.local/lib/python3.12/site-packages/airflow/example_dags/tutorial_objectstorage.py
[2026-06-03T06:21:24.372+0000] {processor.py:830} INFO - Processing file /home/airflow/.local/lib/python3.12/site-packages/airflow/example_dags/tutorial_objectstorage.py for tasks to queue
[2026-06-03T06:21:24.373+0000] {logging_mixin.py:188} INFO - [2026-06-03T06:21:24.373+0000] {dagbag.py:545} INFO - Filling up the DagBag from /home/airflow/.local/lib/python3.12/site-packages/airflow/example_dags/tutorial_objectstorage.py
[2026-06-03T06:21:24.379+0000] {processor.py:840} INFO - DAG(s) 'tutorial_objectstorage' retrieved from /home/airflow/.local/lib/python3.12/site-packages/airflow/example_dags/tutorial_objectstorage.py
[2026-06-03T06:21:24.395+0000] {logging_mixin.py:188} INFO - [2026-06-03T06:21:24.395+0000] {dag.py:3089} INFO - Sync 1 DAGs
[2026-06-03T06:21:24.405+0000] {logging_mixin.py:188} INFO - [2026-06-03T06:21:24.405+0000] {dag.py:3947} INFO - Setting next_dagrun for tutorial_objectstorage to None, run_after=None
[2026-06-03T06:21:24.420+0000] {processor.py:183} INFO - Processing /home/airflow/.local/lib/python3.12/site-packages/airflow/example_dags/tutorial_objectstorage.py took 0.053 seconds
[2026-06-03T06:21:54.762+0000] {processor.py:161} INFO - Started process (PID=2198) to work on /home/airflow/.local/lib/python3.12/site-packages/airflow/example_dags/tutorial_objectstorage.py
[2026-06-03T06:21:54.801+0000] {processor.py:830} INFO - Processing file /home/airflow/.local/lib/python3.12/site-packages/airflow/example_dags/tutorial_objectstorage.py for tasks to queue
[2026-06-03T06:21:54.803+0000] {logging_mixin.py:188} INFO - [2026-06-03T06:21:54.803+0000] {dagbag.py:545} INFO - Filling up the DagBag from /home/airflow/.local/lib/python3.12/site-packages/airflow/example_dags/tutorial_objectstorage.py
[2026-06-03T06:21:54.808+0000] {processor.py:840} INFO - DAG(s) 'tutorial_objectstorage' retrieved from /home/airflow/.local/lib/python3.12/site-packages/airflow/example_dags/tutorial_objectstorage.py
[2026-06-03T06:21:54.823+0000] {logging_mixin.py:188} INFO - [2026-06-03T06:21:54.823+0000] {dag.py:3089} INFO - Sync 1 DAGs
[2026-06-03T06:21:54.834+0000] {logging_mixin.py:188} INFO - [2026-06-03T06:21:54.834+0000] {dag.py:3947} INFO - Setting next_dagrun for tutorial_objectstorage to None, run_after=None
[2026-06-03T06:21:54.908+0000] {processor.py:183} INFO - Processing /home/airflow/.local/lib/python3.12/site-packages/airflow/example_dags/tutorial_objectstorage.py took 0.152 seconds
[2026-06-03T06:22:36.428+0000] {processor.py:161} INFO - Started process (PID=2257) to work on /home/airflow/.local/lib/python3.12/site-packages/airflow/example_dags/tutorial_objectstorage.py
[2026-06-03T06:22:36.803+0000] {processor.py:830} INFO - Processing file /home/airflow/.local/lib/python3.12/site-packages/airflow/example_dags/tutorial_objectstorage.py for tasks to queue
[2026-06-03T06:22:36.808+0000] {logging_mixin.py:188} INFO - [2026-06-03T06:22:36.807+0000] {dagbag.py:545} INFO - Filling up the DagBag from /home/airflow/.local/lib/python3.12/site-packages/airflow/example_dags/tutorial_objectstorage.py
[2026-06-03T06:22:36.970+0000] {processor.py:840} INFO - DAG(s) 'tutorial_objectstorage' retrieved from /home/airflow/.local/lib/python3.12/site-packages/airflow/example_dags/tutorial_objectstorage.py
[2026-06-03T06:22:37.374+0000] {logging_mixin.py:188} INFO - [2026-06-03T06:22:37.374+0000] {dag.py:3089} INFO - Sync 1 DAGs
[2026-06-03T06:22:37.401+0000] {logging_mixin.py:188} INFO - [2026-06-03T06:22:37.401+0000] {dag.py:3947} INFO - Setting next_dagrun for tutorial_objectstorage to None, run_after=None
[2026-06-03T06:22:37.628+0000] {processor.py:183} INFO - Processing /home/airflow/.local/lib/python3.12/site-packages/airflow/example_dags/tutorial_objectstorage.py took 2.259 seconds
[2026-06-03T06:23:08.342+0000] {processor.py:161} INFO - Started process (PID=2315) to work on /home/airflow/.local/lib/python3.12/site-packages/airflow/example_dags/tutorial_objectstorage.py
[2026-06-03T06:23:08.343+0000] {processor.py:830} INFO - Processing file /home/airflow/.local/lib/python3.12/site-packages/airflow/example_dags/tutorial_objectstorage.py for tasks to queue
[2026-06-03T06:23:08.344+0000] {logging_mixin.py:188} INFO - [2026-06-03T06:23:08.344+0000] {dagbag.py:545} INFO - Filling up the DagBag from /home/airflow/.local/lib/python3.12/site-packages/airflow/example_dags/tutorial_objectstorage.py
[2026-06-03T06:23:08.350+0000] {processor.py:840} INFO - DAG(s) 'tutorial_objectstorage' retrieved from /home/airflow/.local/lib/python3.12/site-packages/airflow/example_dags/tutorial_objectstorage.py
[2026-06-03T06:23:08.366+0000] {logging_mixin.py:188} INFO - [2026-06-03T06:23:08.365+0000] {dag.py:3089} INFO - Sync 1 DAGs
[2026-06-03T06:23:08.376+0000] {logging_mixin.py:188} INFO - [2026-06-03T06:23:08.376+0000] {dag.py:3947} INFO - Setting next_dagrun for tutorial_objectstorage to None, run_after=None
[2026-06-03T06:23:08.391+0000] {processor.py:183} INFO - Processing /home/airflow/.local/lib/python3.12/site-packages/airflow/example_dags/tutorial_objectstorage.py took 0.054 seconds
[2026-06-03T06:23:38.733+0000] {processor.py:161} INFO - Started process (PID=2373) to work on /home/airflow/.local/lib/python3.12/site-packages/airflow/example_dags/tutorial_objectstorage.py
[2026-06-03T06:23:38.734+0000] {processor.py:830} INFO - Processing file /home/airflow/.local/lib/python3.12/site-packages/airflow/example_dags/tutorial_objectstorage.py for tasks to queue
[2026-06-03T06:23:38.735+0000] {logging_mixin.py:188} INFO - [2026-06-03T06:23:38.735+0000] {dagbag.py:545} INFO - Filling up the DagBag from /home/airflow/.local/lib/python3.12/site-packages/airflow/example_dags/tutorial_objectstorage.py
[2026-06-03T06:23:38.741+0000] {processor.py:840} INFO - DAG(s) 'tutorial_objectstorage' retrieved from /home/airflow/.local/lib/python3.12/site-packages/airflow/example_dags/tutorial_objectstorage.py
[2026-06-03T06:23:38.756+0000] {logging_mixin.py:188} INFO - [2026-06-03T06:23:38.756+0000] {dag.py:3089} INFO - Sync 1 DAGs
[2026-06-03T06:23:38.767+0000] {logging_mixin.py:188} INFO - [2026-06-03T06:23:38.766+0000] {dag.py:3947} INFO - Setting next_dagrun for tutorial_objectstorage to None, run_after=None
[2026-06-03T06:23:38.782+0000] {processor.py:183} INFO - Processing /home/airflow/.local/lib/python3.12/site-packages/airflow/example_dags/tutorial_objectstorage.py took 0.054 seconds
[2026-06-03T06:24:09.102+0000] {processor.py:161} INFO - Started process (PID=2431) to work on /home/airflow/.local/lib/python3.12/site-packages/airflow/example_dags/tutorial_objectstorage.py
[2026-06-03T06:24:09.103+0000] {processor.py:830} INFO - Processing file /home/airflow/.local/lib/python3.12/site-packages/airflow/example_dags/tutorial_objectstorage.py for tasks to queue
[2026-06-03T06:24:09.104+0000] {logging_mixin.py:188} INFO - [2026-06-03T06:24:09.104+0000] {dagbag.py:545} INFO - Filling up the DagBag from /home/airflow/.local/lib/python3.12/site-packages/airflow/example_dags/tutorial_objectstorage.py
[2026-06-03T06:24:09.110+0000] {processor.py:840} INFO - DAG(s) 'tutorial_objectstorage' retrieved from /home/airflow/.local/lib/python3.12/site-packages/airflow/example_dags/tutorial_objectstorage.py
[2026-06-03T06:24:09.125+0000] {logging_mixin.py:188} INFO - [2026-06-03T06:24:09.124+0000] {dag.py:3089} INFO - Sync 1 DAGs
[2026-06-03T06:24:09.136+0000] {logging_mixin.py:188} INFO - [2026-06-03T06:24:09.136+0000] {dag.py:3947} INFO - Setting next_dagrun for tutorial_objectstorage to None, run_after=None
[2026-06-03T06:24:09.152+0000] {processor.py:183} INFO - Processing /home/airflow/.local/lib/python3.12/site-packages/airflow/example_dags/tutorial_objectstorage.py took 0.055 seconds
[2026-06-03T06:24:39.702+0000] {processor.py:161} INFO - Started process (PID=2489) to work on /home/airflow/.local/lib/python3.12/site-packages/airflow/example_dags/tutorial_objectstorage.py
[2026-06-03T06:24:39.703+0000] {processor.py:830} INFO - Processing file /home/airflow/.local/lib/python3.12/site-packages/airflow/example_dags/tutorial_objectstorage.py for tasks to queue
[2026-06-03T06:24:39.705+0000] {logging_mixin.py:188} INFO - [2026-06-03T06:24:39.704+0000] {dagbag.py:545} INFO - Filling up the DagBag from /home/airflow/.local/lib/python3.12/site-packages/airflow/example_dags/tutorial_objectstorage.py
[2026-06-03T06:24:39.712+0000] {processor.py:840} INFO - DAG(s) 'tutorial_objectstorage' retrieved from /home/airflow/.local/lib/python3.12/site-packages/airflow/example_dags/tutorial_objectstorage.py
[2026-06-03T06:24:39.727+0000] {logging_mixin.py:188} INFO - [2026-06-03T06:24:39.727+0000] {dag.py:3089} INFO - Sync 1 DAGs
[2026-06-03T06:24:39.737+0000] {logging_mixin.py:188} INFO - [2026-06-03T06:24:39.737+0000] {dag.py:3947} INFO - Setting next_dagrun for tutorial_objectstorage to None, run_after=None
[2026-06-03T06:24:39.753+0000] {processor.py:183} INFO - Processing /home/airflow/.local/lib/python3.12/site-packages/airflow/example_dags/tutorial_objectstorage.py took 0.058 seconds
[2026-06-03T06:25:10.088+0000] {processor.py:161} INFO - Started process (PID=2547) to work on /home/airflow/.local/lib/python3.12/site-packages/airflow/example_dags/tutorial_objectstorage.py
[2026-06-03T06:25:10.089+0000] {processor.py:830} INFO - Processing file /home/airflow/.local/lib/python3.12/site-packages/airflow/example_dags/tutorial_objectstorage.py for tasks to queue
[2026-06-03T06:25:10.091+0000] {logging_mixin.py:188} INFO - [2026-06-03T06:25:10.091+0000] {dagbag.py:545} INFO - Filling up the DagBag from /home/airflow/.local/lib/python3.12/site-packages/airflow/example_dags/tutorial_objectstorage.py
[2026-06-03T06:25:10.100+0000] {processor.py:840} INFO - DAG(s) 'tutorial_objectstorage' retrieved from /home/airflow/.local/lib/python3.12/site-packages/airflow/example_dags/tutorial_objectstorage.py
[2026-06-03T06:25:10.123+0000] {logging_mixin.py:188} INFO - [2026-06-03T06:25:10.122+0000] {dag.py:3089} INFO - Sync 1 DAGs
[2026-06-03T06:25:10.134+0000] {logging_mixin.py:188} INFO - [2026-06-03T06:25:10.134+0000] {dag.py:3947} INFO - Setting next_dagrun for tutorial_objectstorage to None, run_after=None
[2026-06-03T06:25:10.150+0000] {processor.py:183} INFO - Processing /home/airflow/.local/lib/python3.12/site-packages/airflow/example_dags/tutorial_objectstorage.py took 0.070 seconds
[2026-06-03T06:25:40.502+0000] {processor.py:161} INFO - Started process (PID=2605) to work on /home/airflow/.local/lib/python3.12/site-packages/airflow/example_dags/tutorial_objectstorage.py
[2026-06-03T06:25:40.503+0000] {processor.py:830} INFO - Processing file /home/airflow/.local/lib/python3.12/site-packages/airflow/example_dags/tutorial_objectstorage.py for tasks to queue
[2026-06-03T06:25:40.504+0000] {logging_mixin.py:188} INFO - [2026-06-03T06:25:40.504+0000] {dagbag.py:545} INFO - Filling up the DagBag from /home/airflow/.local/lib/python3.12/site-packages/airflow/example_dags/tutorial_objectstorage.py
[2026-06-03T06:25:40.510+0000] {processor.py:840} INFO - DAG(s) 'tutorial_objectstorage' retrieved from /home/airflow/.local/lib/python3.12/site-packages/airflow/example_dags/tutorial_objectstorage.py
[2026-06-03T06:25:40.525+0000] {logging_mixin.py:188} INFO - [2026-06-03T06:25:40.524+0000] {dag.py:3089} INFO - Sync 1 DAGs
[2026-06-03T06:25:40.536+0000] {logging_mixin.py:188} INFO - [2026-06-03T06:25:40.536+0000] {dag.py:3947} INFO - Setting next_dagrun for tutorial_objectstorage to None, run_after=None
[2026-06-03T06:25:40.554+0000] {processor.py:183} INFO - Processing /home/airflow/.local/lib/python3.12/site-packages/airflow/example_dags/tutorial_objectstorage.py took 0.056 seconds
[2026-06-03T06:26:10.919+0000] {processor.py:161} INFO - Started process (PID=2662) to work on /home/airflow/.local/lib/python3.12/site-packages/airflow/example_dags/tutorial_objectstorage.py
[2026-06-03T06:26:10.920+0000] {processor.py:830} INFO - Processing file /home/airflow/.local/lib/python3.12/site-packages/airflow/example_dags/tutorial_objectstorage.py for tasks to queue
[2026-06-03T06:26:10.922+0000] {logging_mixin.py:188} INFO - [2026-06-03T06:26:10.922+0000] {dagbag.py:545} INFO - Filling up the DagBag from /home/airflow/.local/lib/python3.12/site-packages/airflow/example_dags/tutorial_objectstorage.py
[2026-06-03T06:26:10.929+0000] {processor.py:840} INFO - DAG(s) 'tutorial_objectstorage' retrieved from /home/airflow/.local/lib/python3.12/site-packages/airflow/example_dags/tutorial_objectstorage.py
[2026-06-03T06:26:10.946+0000] {logging_mixin.py:188} INFO - [2026-06-03T06:26:10.946+0000] {dag.py:3089} INFO - Sync 1 DAGs
[2026-06-03T06:26:10.957+0000] {logging_mixin.py:188} INFO - [2026-06-03T06:26:10.957+0000] {dag.py:3947} INFO - Setting next_dagrun for tutorial_objectstorage to None, run_after=None
[2026-06-03T06:26:10.972+0000] {processor.py:183} INFO - Processing /home/airflow/.local/lib/python3.12/site-packages/airflow/example_dags/tutorial_objectstorage.py took 0.060 seconds
[2026-06-03T06:26:41.250+0000] {processor.py:161} INFO - Started process (PID=2720) to work on /home/airflow/.local/lib/python3.12/site-packages/airflow/example_dags/tutorial_objectstorage.py
[2026-06-03T06:26:41.250+0000] {processor.py:830} INFO - Processing file /home/airflow/.local/lib/python3.12/site-packages/airflow/example_dags/tutorial_objectstorage.py for tasks to queue
[2026-06-03T06:26:41.252+0000] {logging_mixin.py:188} INFO - [2026-06-03T06:26:41.252+0000] {dagbag.py:545} INFO - Filling up the DagBag from /home/airflow/.local/lib/python3.12/site-packages/airflow/example_dags/tutorial_objectstorage.py
[2026-06-03T06:26:41.258+0000] {processor.py:840} INFO - DAG(s) 'tutorial_objectstorage' retrieved from /home/airflow/.local/lib/python3.12/site-packages/airflow/example_dags/tutorial_objectstorage.py
[2026-06-03T06:26:41.273+0000] {logging_mixin.py:188} INFO - [2026-06-03T06:26:41.273+0000] {dag.py:3089} INFO - Sync 1 DAGs
[2026-06-03T06:26:41.284+0000] {logging_mixin.py:188} INFO - [2026-06-03T06:26:41.284+0000] {dag.py:3947} INFO - Setting next_dagrun for tutorial_objectstorage to None, run_after=None
[2026-06-03T06:26:41.301+0000] {processor.py:183} INFO - Processing /home/airflow/.local/lib/python3.12/site-packages/airflow/example_dags/tutorial_objectstorage.py took 0.056 seconds
