[2026-05-19T14:36:21.959+0000] {processor.py:161} INFO - Started process (PID=55) to work on /home/airflow/.local/lib/python3.12/site-packages/airflow/example_dags/example_latest_only_with_trigger.py
[2026-05-19T14:36:21.960+0000] {processor.py:830} INFO - Processing file /home/airflow/.local/lib/python3.12/site-packages/airflow/example_dags/example_latest_only_with_trigger.py for tasks to queue
[2026-05-19T14:36:21.962+0000] {logging_mixin.py:188} INFO - [2026-05-19T14:36:21.961+0000] {dagbag.py:545} INFO - Filling up the DagBag from /home/airflow/.local/lib/python3.12/site-packages/airflow/example_dags/example_latest_only_with_trigger.py
[2026-05-19T14:36:21.970+0000] {processor.py:840} INFO - DAG(s) 'latest_only_with_trigger' retrieved from /home/airflow/.local/lib/python3.12/site-packages/airflow/example_dags/example_latest_only_with_trigger.py
[2026-05-19T14:36:21.998+0000] {logging_mixin.py:188} INFO - [2026-05-19T14:36:21.997+0000] {dag.py:3089} INFO - Sync 1 DAGs
[2026-05-19T14:36:22.020+0000] {logging_mixin.py:188} INFO - [2026-05-19T14:36:22.020+0000] {dag.py:3947} INFO - Setting next_dagrun for latest_only_with_trigger to 2026-05-19 08:00:00+00:00, run_after=2026-05-19 12:00:00+00:00
[2026-05-19T14:36:22.041+0000] {processor.py:183} INFO - Processing /home/airflow/.local/lib/python3.12/site-packages/airflow/example_dags/example_latest_only_with_trigger.py took 0.087 seconds
[2026-05-19T14:36:52.121+0000] {processor.py:161} INFO - Started process (PID=113) to work on /home/airflow/.local/lib/python3.12/site-packages/airflow/example_dags/example_latest_only_with_trigger.py
[2026-05-19T14:36:52.122+0000] {processor.py:830} INFO - Processing file /home/airflow/.local/lib/python3.12/site-packages/airflow/example_dags/example_latest_only_with_trigger.py for tasks to queue
[2026-05-19T14:36:52.123+0000] {logging_mixin.py:188} INFO - [2026-05-19T14:36:52.123+0000] {dagbag.py:545} INFO - Filling up the DagBag from /home/airflow/.local/lib/python3.12/site-packages/airflow/example_dags/example_latest_only_with_trigger.py
[2026-05-19T14:36:52.127+0000] {processor.py:840} INFO - DAG(s) 'latest_only_with_trigger' retrieved from /home/airflow/.local/lib/python3.12/site-packages/airflow/example_dags/example_latest_only_with_trigger.py
[2026-05-19T14:36:52.143+0000] {logging_mixin.py:188} INFO - [2026-05-19T14:36:52.143+0000] {dag.py:3089} INFO - Sync 1 DAGs
[2026-05-19T14:36:52.160+0000] {logging_mixin.py:188} INFO - [2026-05-19T14:36:52.159+0000] {dag.py:3947} INFO - Setting next_dagrun for latest_only_with_trigger to 2026-05-19 08:00:00+00:00, run_after=2026-05-19 12:00:00+00:00
[2026-05-19T14:36:52.175+0000] {processor.py:183} INFO - Processing /home/airflow/.local/lib/python3.12/site-packages/airflow/example_dags/example_latest_only_with_trigger.py took 0.058 seconds
[2026-05-19T14:37:22.501+0000] {processor.py:161} INFO - Started process (PID=171) to work on /home/airflow/.local/lib/python3.12/site-packages/airflow/example_dags/example_latest_only_with_trigger.py
[2026-05-19T14:37:22.502+0000] {processor.py:830} INFO - Processing file /home/airflow/.local/lib/python3.12/site-packages/airflow/example_dags/example_latest_only_with_trigger.py for tasks to queue
[2026-05-19T14:37:22.504+0000] {logging_mixin.py:188} INFO - [2026-05-19T14:37:22.503+0000] {dagbag.py:545} INFO - Filling up the DagBag from /home/airflow/.local/lib/python3.12/site-packages/airflow/example_dags/example_latest_only_with_trigger.py
[2026-05-19T14:37:22.508+0000] {processor.py:840} INFO - DAG(s) 'latest_only_with_trigger' retrieved from /home/airflow/.local/lib/python3.12/site-packages/airflow/example_dags/example_latest_only_with_trigger.py
[2026-05-19T14:37:22.524+0000] {logging_mixin.py:188} INFO - [2026-05-19T14:37:22.524+0000] {dag.py:3089} INFO - Sync 1 DAGs
[2026-05-19T14:37:22.541+0000] {logging_mixin.py:188} INFO - [2026-05-19T14:37:22.541+0000] {dag.py:3947} INFO - Setting next_dagrun for latest_only_with_trigger to 2026-05-19 08:00:00+00:00, run_after=2026-05-19 12:00:00+00:00
[2026-05-19T14:37:22.556+0000] {processor.py:183} INFO - Processing /home/airflow/.local/lib/python3.12/site-packages/airflow/example_dags/example_latest_only_with_trigger.py took 0.059 seconds
[2026-05-19T14:37:52.840+0000] {processor.py:161} INFO - Started process (PID=229) to work on /home/airflow/.local/lib/python3.12/site-packages/airflow/example_dags/example_latest_only_with_trigger.py
[2026-05-19T14:37:52.840+0000] {processor.py:830} INFO - Processing file /home/airflow/.local/lib/python3.12/site-packages/airflow/example_dags/example_latest_only_with_trigger.py for tasks to queue
[2026-05-19T14:37:52.841+0000] {logging_mixin.py:188} INFO - [2026-05-19T14:37:52.841+0000] {dagbag.py:545} INFO - Filling up the DagBag from /home/airflow/.local/lib/python3.12/site-packages/airflow/example_dags/example_latest_only_with_trigger.py
[2026-05-19T14:37:52.846+0000] {processor.py:840} INFO - DAG(s) 'latest_only_with_trigger' retrieved from /home/airflow/.local/lib/python3.12/site-packages/airflow/example_dags/example_latest_only_with_trigger.py
[2026-05-19T14:37:52.862+0000] {logging_mixin.py:188} INFO - [2026-05-19T14:37:52.862+0000] {dag.py:3089} INFO - Sync 1 DAGs
[2026-05-19T14:37:52.880+0000] {logging_mixin.py:188} INFO - [2026-05-19T14:37:52.880+0000] {dag.py:3947} INFO - Setting next_dagrun for latest_only_with_trigger to 2026-05-19 08:00:00+00:00, run_after=2026-05-19 12:00:00+00:00
[2026-05-19T14:37:52.895+0000] {processor.py:183} INFO - Processing /home/airflow/.local/lib/python3.12/site-packages/airflow/example_dags/example_latest_only_with_trigger.py took 0.060 seconds
[2026-05-19T14:38:23.200+0000] {processor.py:161} INFO - Started process (PID=287) to work on /home/airflow/.local/lib/python3.12/site-packages/airflow/example_dags/example_latest_only_with_trigger.py
[2026-05-19T14:38:23.202+0000] {processor.py:830} INFO - Processing file /home/airflow/.local/lib/python3.12/site-packages/airflow/example_dags/example_latest_only_with_trigger.py for tasks to queue
[2026-05-19T14:38:23.203+0000] {logging_mixin.py:188} INFO - [2026-05-19T14:38:23.203+0000] {dagbag.py:545} INFO - Filling up the DagBag from /home/airflow/.local/lib/python3.12/site-packages/airflow/example_dags/example_latest_only_with_trigger.py
[2026-05-19T14:38:23.207+0000] {processor.py:840} INFO - DAG(s) 'latest_only_with_trigger' retrieved from /home/airflow/.local/lib/python3.12/site-packages/airflow/example_dags/example_latest_only_with_trigger.py
[2026-05-19T14:38:23.223+0000] {logging_mixin.py:188} INFO - [2026-05-19T14:38:23.223+0000] {dag.py:3089} INFO - Sync 1 DAGs
[2026-05-19T14:38:23.242+0000] {logging_mixin.py:188} INFO - [2026-05-19T14:38:23.241+0000] {dag.py:3947} INFO - Setting next_dagrun for latest_only_with_trigger to 2026-05-19 08:00:00+00:00, run_after=2026-05-19 12:00:00+00:00
[2026-05-19T14:38:23.256+0000] {processor.py:183} INFO - Processing /home/airflow/.local/lib/python3.12/site-packages/airflow/example_dags/example_latest_only_with_trigger.py took 0.060 seconds
[2026-05-19T14:38:53.451+0000] {processor.py:161} INFO - Started process (PID=345) to work on /home/airflow/.local/lib/python3.12/site-packages/airflow/example_dags/example_latest_only_with_trigger.py
[2026-05-19T14:38:53.451+0000] {processor.py:830} INFO - Processing file /home/airflow/.local/lib/python3.12/site-packages/airflow/example_dags/example_latest_only_with_trigger.py for tasks to queue
[2026-05-19T14:38:53.452+0000] {logging_mixin.py:188} INFO - [2026-05-19T14:38:53.452+0000] {dagbag.py:545} INFO - Filling up the DagBag from /home/airflow/.local/lib/python3.12/site-packages/airflow/example_dags/example_latest_only_with_trigger.py
[2026-05-19T14:38:53.457+0000] {processor.py:840} INFO - DAG(s) 'latest_only_with_trigger' retrieved from /home/airflow/.local/lib/python3.12/site-packages/airflow/example_dags/example_latest_only_with_trigger.py
[2026-05-19T14:38:53.473+0000] {logging_mixin.py:188} INFO - [2026-05-19T14:38:53.473+0000] {dag.py:3089} INFO - Sync 1 DAGs
[2026-05-19T14:38:53.491+0000] {logging_mixin.py:188} INFO - [2026-05-19T14:38:53.491+0000] {dag.py:3947} INFO - Setting next_dagrun for latest_only_with_trigger to 2026-05-19 08:00:00+00:00, run_after=2026-05-19 12:00:00+00:00
[2026-05-19T14:38:53.506+0000] {processor.py:183} INFO - Processing /home/airflow/.local/lib/python3.12/site-packages/airflow/example_dags/example_latest_only_with_trigger.py took 0.060 seconds
[2026-05-19T14:39:23.835+0000] {processor.py:161} INFO - Started process (PID=403) to work on /home/airflow/.local/lib/python3.12/site-packages/airflow/example_dags/example_latest_only_with_trigger.py
[2026-05-19T14:39:23.842+0000] {processor.py:830} INFO - Processing file /home/airflow/.local/lib/python3.12/site-packages/airflow/example_dags/example_latest_only_with_trigger.py for tasks to queue
[2026-05-19T14:39:23.843+0000] {logging_mixin.py:188} INFO - [2026-05-19T14:39:23.843+0000] {dagbag.py:545} INFO - Filling up the DagBag from /home/airflow/.local/lib/python3.12/site-packages/airflow/example_dags/example_latest_only_with_trigger.py
[2026-05-19T14:39:23.848+0000] {processor.py:840} INFO - DAG(s) 'latest_only_with_trigger' retrieved from /home/airflow/.local/lib/python3.12/site-packages/airflow/example_dags/example_latest_only_with_trigger.py
[2026-05-19T14:39:23.865+0000] {logging_mixin.py:188} INFO - [2026-05-19T14:39:23.864+0000] {dag.py:3089} INFO - Sync 1 DAGs
[2026-05-19T14:39:23.883+0000] {logging_mixin.py:188} INFO - [2026-05-19T14:39:23.883+0000] {dag.py:3947} INFO - Setting next_dagrun for latest_only_with_trigger to 2026-05-19 08:00:00+00:00, run_after=2026-05-19 12:00:00+00:00
[2026-05-19T14:39:23.902+0000] {processor.py:183} INFO - Processing /home/airflow/.local/lib/python3.12/site-packages/airflow/example_dags/example_latest_only_with_trigger.py took 0.072 seconds
[2026-05-19T14:39:54.309+0000] {processor.py:161} INFO - Started process (PID=461) to work on /home/airflow/.local/lib/python3.12/site-packages/airflow/example_dags/example_latest_only_with_trigger.py
[2026-05-19T14:39:54.310+0000] {processor.py:830} INFO - Processing file /home/airflow/.local/lib/python3.12/site-packages/airflow/example_dags/example_latest_only_with_trigger.py for tasks to queue
[2026-05-19T14:39:54.312+0000] {logging_mixin.py:188} INFO - [2026-05-19T14:39:54.312+0000] {dagbag.py:545} INFO - Filling up the DagBag from /home/airflow/.local/lib/python3.12/site-packages/airflow/example_dags/example_latest_only_with_trigger.py
[2026-05-19T14:39:54.317+0000] {processor.py:840} INFO - DAG(s) 'latest_only_with_trigger' retrieved from /home/airflow/.local/lib/python3.12/site-packages/airflow/example_dags/example_latest_only_with_trigger.py
[2026-05-19T14:39:54.341+0000] {logging_mixin.py:188} INFO - [2026-05-19T14:39:54.341+0000] {dag.py:3089} INFO - Sync 1 DAGs
[2026-05-19T14:39:54.366+0000] {logging_mixin.py:188} INFO - [2026-05-19T14:39:54.365+0000] {dag.py:3947} INFO - Setting next_dagrun for latest_only_with_trigger to 2026-05-19 08:00:00+00:00, run_after=2026-05-19 12:00:00+00:00
[2026-05-19T14:39:54.388+0000] {processor.py:183} INFO - Processing /home/airflow/.local/lib/python3.12/site-packages/airflow/example_dags/example_latest_only_with_trigger.py took 0.085 seconds
[2026-05-19T14:40:24.897+0000] {processor.py:161} INFO - Started process (PID=518) to work on /home/airflow/.local/lib/python3.12/site-packages/airflow/example_dags/example_latest_only_with_trigger.py
[2026-05-19T14:40:24.898+0000] {processor.py:830} INFO - Processing file /home/airflow/.local/lib/python3.12/site-packages/airflow/example_dags/example_latest_only_with_trigger.py for tasks to queue
[2026-05-19T14:40:24.899+0000] {logging_mixin.py:188} INFO - [2026-05-19T14:40:24.899+0000] {dagbag.py:545} INFO - Filling up the DagBag from /home/airflow/.local/lib/python3.12/site-packages/airflow/example_dags/example_latest_only_with_trigger.py
[2026-05-19T14:40:24.903+0000] {processor.py:840} INFO - DAG(s) 'latest_only_with_trigger' retrieved from /home/airflow/.local/lib/python3.12/site-packages/airflow/example_dags/example_latest_only_with_trigger.py
[2026-05-19T14:40:24.919+0000] {logging_mixin.py:188} INFO - [2026-05-19T14:40:24.919+0000] {dag.py:3089} INFO - Sync 1 DAGs
[2026-05-19T14:40:24.937+0000] {logging_mixin.py:188} INFO - [2026-05-19T14:40:24.936+0000] {dag.py:3947} INFO - Setting next_dagrun for latest_only_with_trigger to 2026-05-19 08:00:00+00:00, run_after=2026-05-19 12:00:00+00:00
[2026-05-19T14:40:24.964+0000] {processor.py:183} INFO - Processing /home/airflow/.local/lib/python3.12/site-packages/airflow/example_dags/example_latest_only_with_trigger.py took 0.071 seconds
[2026-05-19T14:40:55.181+0000] {processor.py:161} INFO - Started process (PID=576) to work on /home/airflow/.local/lib/python3.12/site-packages/airflow/example_dags/example_latest_only_with_trigger.py
[2026-05-19T14:40:55.182+0000] {processor.py:830} INFO - Processing file /home/airflow/.local/lib/python3.12/site-packages/airflow/example_dags/example_latest_only_with_trigger.py for tasks to queue
[2026-05-19T14:40:55.183+0000] {logging_mixin.py:188} INFO - [2026-05-19T14:40:55.183+0000] {dagbag.py:545} INFO - Filling up the DagBag from /home/airflow/.local/lib/python3.12/site-packages/airflow/example_dags/example_latest_only_with_trigger.py
[2026-05-19T14:40:55.188+0000] {processor.py:840} INFO - DAG(s) 'latest_only_with_trigger' retrieved from /home/airflow/.local/lib/python3.12/site-packages/airflow/example_dags/example_latest_only_with_trigger.py
[2026-05-19T14:40:55.205+0000] {logging_mixin.py:188} INFO - [2026-05-19T14:40:55.205+0000] {dag.py:3089} INFO - Sync 1 DAGs
[2026-05-19T14:40:55.225+0000] {logging_mixin.py:188} INFO - [2026-05-19T14:40:55.224+0000] {dag.py:3947} INFO - Setting next_dagrun for latest_only_with_trigger to 2026-05-19 08:00:00+00:00, run_after=2026-05-19 12:00:00+00:00
[2026-05-19T14:40:55.240+0000] {processor.py:183} INFO - Processing /home/airflow/.local/lib/python3.12/site-packages/airflow/example_dags/example_latest_only_with_trigger.py took 0.063 seconds
[2026-05-19T14:41:26.076+0000] {processor.py:161} INFO - Started process (PID=635) to work on /home/airflow/.local/lib/python3.12/site-packages/airflow/example_dags/example_latest_only_with_trigger.py
[2026-05-19T14:41:26.131+0000] {processor.py:830} INFO - Processing file /home/airflow/.local/lib/python3.12/site-packages/airflow/example_dags/example_latest_only_with_trigger.py for tasks to queue
[2026-05-19T14:41:26.133+0000] {logging_mixin.py:188} INFO - [2026-05-19T14:41:26.133+0000] {dagbag.py:545} INFO - Filling up the DagBag from /home/airflow/.local/lib/python3.12/site-packages/airflow/example_dags/example_latest_only_with_trigger.py
[2026-05-19T14:41:26.138+0000] {processor.py:840} INFO - DAG(s) 'latest_only_with_trigger' retrieved from /home/airflow/.local/lib/python3.12/site-packages/airflow/example_dags/example_latest_only_with_trigger.py
[2026-05-19T14:41:26.157+0000] {logging_mixin.py:188} INFO - [2026-05-19T14:41:26.157+0000] {dag.py:3089} INFO - Sync 1 DAGs
[2026-05-19T14:41:26.176+0000] {logging_mixin.py:188} INFO - [2026-05-19T14:41:26.176+0000] {dag.py:3947} INFO - Setting next_dagrun for latest_only_with_trigger to 2026-05-19 08:00:00+00:00, run_after=2026-05-19 12:00:00+00:00
[2026-05-19T14:41:26.227+0000] {processor.py:183} INFO - Processing /home/airflow/.local/lib/python3.12/site-packages/airflow/example_dags/example_latest_only_with_trigger.py took 0.155 seconds
[2026-05-19T14:41:58.443+0000] {processor.py:161} INFO - Started process (PID=698) to work on /home/airflow/.local/lib/python3.12/site-packages/airflow/example_dags/example_latest_only_with_trigger.py
[2026-05-19T14:41:58.444+0000] {processor.py:830} INFO - Processing file /home/airflow/.local/lib/python3.12/site-packages/airflow/example_dags/example_latest_only_with_trigger.py for tasks to queue
[2026-05-19T14:41:58.446+0000] {logging_mixin.py:188} INFO - [2026-05-19T14:41:58.445+0000] {dagbag.py:545} INFO - Filling up the DagBag from /home/airflow/.local/lib/python3.12/site-packages/airflow/example_dags/example_latest_only_with_trigger.py
[2026-05-19T14:41:58.451+0000] {processor.py:840} INFO - DAG(s) 'latest_only_with_trigger' retrieved from /home/airflow/.local/lib/python3.12/site-packages/airflow/example_dags/example_latest_only_with_trigger.py
[2026-05-19T14:41:58.470+0000] {logging_mixin.py:188} INFO - [2026-05-19T14:41:58.470+0000] {dag.py:3089} INFO - Sync 1 DAGs
[2026-05-19T14:41:58.491+0000] {logging_mixin.py:188} INFO - [2026-05-19T14:41:58.490+0000] {dag.py:3947} INFO - Setting next_dagrun for latest_only_with_trigger to 2026-05-19 08:00:00+00:00, run_after=2026-05-19 12:00:00+00:00
[2026-05-19T14:41:58.513+0000] {processor.py:183} INFO - Processing /home/airflow/.local/lib/python3.12/site-packages/airflow/example_dags/example_latest_only_with_trigger.py took 0.077 seconds
[2026-05-19T14:42:28.923+0000] {processor.py:161} INFO - Started process (PID=757) to work on /home/airflow/.local/lib/python3.12/site-packages/airflow/example_dags/example_latest_only_with_trigger.py
[2026-05-19T14:42:28.924+0000] {processor.py:830} INFO - Processing file /home/airflow/.local/lib/python3.12/site-packages/airflow/example_dags/example_latest_only_with_trigger.py for tasks to queue
[2026-05-19T14:42:28.925+0000] {logging_mixin.py:188} INFO - [2026-05-19T14:42:28.925+0000] {dagbag.py:545} INFO - Filling up the DagBag from /home/airflow/.local/lib/python3.12/site-packages/airflow/example_dags/example_latest_only_with_trigger.py
[2026-05-19T14:42:28.930+0000] {processor.py:840} INFO - DAG(s) 'latest_only_with_trigger' retrieved from /home/airflow/.local/lib/python3.12/site-packages/airflow/example_dags/example_latest_only_with_trigger.py
[2026-05-19T14:42:28.947+0000] {logging_mixin.py:188} INFO - [2026-05-19T14:42:28.946+0000] {dag.py:3089} INFO - Sync 1 DAGs
[2026-05-19T14:42:28.966+0000] {logging_mixin.py:188} INFO - [2026-05-19T14:42:28.965+0000] {dag.py:3947} INFO - Setting next_dagrun for latest_only_with_trigger to 2026-05-19 08:00:00+00:00, run_after=2026-05-19 12:00:00+00:00
[2026-05-19T14:42:28.981+0000] {processor.py:183} INFO - Processing /home/airflow/.local/lib/python3.12/site-packages/airflow/example_dags/example_latest_only_with_trigger.py took 0.063 seconds
[2026-05-19T14:42:59.538+0000] {processor.py:161} INFO - Started process (PID=815) to work on /home/airflow/.local/lib/python3.12/site-packages/airflow/example_dags/example_latest_only_with_trigger.py
[2026-05-19T14:42:59.539+0000] {processor.py:830} INFO - Processing file /home/airflow/.local/lib/python3.12/site-packages/airflow/example_dags/example_latest_only_with_trigger.py for tasks to queue
[2026-05-19T14:42:59.540+0000] {logging_mixin.py:188} INFO - [2026-05-19T14:42:59.540+0000] {dagbag.py:545} INFO - Filling up the DagBag from /home/airflow/.local/lib/python3.12/site-packages/airflow/example_dags/example_latest_only_with_trigger.py
[2026-05-19T14:42:59.545+0000] {processor.py:840} INFO - DAG(s) 'latest_only_with_trigger' retrieved from /home/airflow/.local/lib/python3.12/site-packages/airflow/example_dags/example_latest_only_with_trigger.py
[2026-05-19T14:42:59.562+0000] {logging_mixin.py:188} INFO - [2026-05-19T14:42:59.561+0000] {dag.py:3089} INFO - Sync 1 DAGs
[2026-05-19T14:42:59.581+0000] {logging_mixin.py:188} INFO - [2026-05-19T14:42:59.580+0000] {dag.py:3947} INFO - Setting next_dagrun for latest_only_with_trigger to 2026-05-19 08:00:00+00:00, run_after=2026-05-19 12:00:00+00:00
[2026-05-19T14:42:59.596+0000] {processor.py:183} INFO - Processing /home/airflow/.local/lib/python3.12/site-packages/airflow/example_dags/example_latest_only_with_trigger.py took 0.062 seconds
[2026-05-19T14:43:30.217+0000] {processor.py:161} INFO - Started process (PID=873) to work on /home/airflow/.local/lib/python3.12/site-packages/airflow/example_dags/example_latest_only_with_trigger.py
[2026-05-19T14:43:30.218+0000] {processor.py:830} INFO - Processing file /home/airflow/.local/lib/python3.12/site-packages/airflow/example_dags/example_latest_only_with_trigger.py for tasks to queue
[2026-05-19T14:43:30.220+0000] {logging_mixin.py:188} INFO - [2026-05-19T14:43:30.219+0000] {dagbag.py:545} INFO - Filling up the DagBag from /home/airflow/.local/lib/python3.12/site-packages/airflow/example_dags/example_latest_only_with_trigger.py
[2026-05-19T14:43:30.224+0000] {processor.py:840} INFO - DAG(s) 'latest_only_with_trigger' retrieved from /home/airflow/.local/lib/python3.12/site-packages/airflow/example_dags/example_latest_only_with_trigger.py
[2026-05-19T14:43:30.241+0000] {logging_mixin.py:188} INFO - [2026-05-19T14:43:30.241+0000] {dag.py:3089} INFO - Sync 1 DAGs
[2026-05-19T14:43:30.259+0000] {logging_mixin.py:188} INFO - [2026-05-19T14:43:30.259+0000] {dag.py:3947} INFO - Setting next_dagrun for latest_only_with_trigger to 2026-05-19 08:00:00+00:00, run_after=2026-05-19 12:00:00+00:00
[2026-05-19T14:43:30.274+0000] {processor.py:183} INFO - Processing /home/airflow/.local/lib/python3.12/site-packages/airflow/example_dags/example_latest_only_with_trigger.py took 0.062 seconds
[2026-05-19T14:44:00.840+0000] {processor.py:161} INFO - Started process (PID=931) to work on /home/airflow/.local/lib/python3.12/site-packages/airflow/example_dags/example_latest_only_with_trigger.py
[2026-05-19T14:44:00.841+0000] {processor.py:830} INFO - Processing file /home/airflow/.local/lib/python3.12/site-packages/airflow/example_dags/example_latest_only_with_trigger.py for tasks to queue
[2026-05-19T14:44:00.842+0000] {logging_mixin.py:188} INFO - [2026-05-19T14:44:00.842+0000] {dagbag.py:545} INFO - Filling up the DagBag from /home/airflow/.local/lib/python3.12/site-packages/airflow/example_dags/example_latest_only_with_trigger.py
[2026-05-19T14:44:00.846+0000] {processor.py:840} INFO - DAG(s) 'latest_only_with_trigger' retrieved from /home/airflow/.local/lib/python3.12/site-packages/airflow/example_dags/example_latest_only_with_trigger.py
[2026-05-19T14:44:00.863+0000] {logging_mixin.py:188} INFO - [2026-05-19T14:44:00.863+0000] {dag.py:3089} INFO - Sync 1 DAGs
[2026-05-19T14:44:00.882+0000] {logging_mixin.py:188} INFO - [2026-05-19T14:44:00.882+0000] {dag.py:3947} INFO - Setting next_dagrun for latest_only_with_trigger to 2026-05-19 08:00:00+00:00, run_after=2026-05-19 12:00:00+00:00
[2026-05-19T14:44:00.897+0000] {processor.py:183} INFO - Processing /home/airflow/.local/lib/python3.12/site-packages/airflow/example_dags/example_latest_only_with_trigger.py took 0.061 seconds
[2026-05-19T14:44:31.348+0000] {processor.py:161} INFO - Started process (PID=989) to work on /home/airflow/.local/lib/python3.12/site-packages/airflow/example_dags/example_latest_only_with_trigger.py
[2026-05-19T14:44:31.350+0000] {processor.py:830} INFO - Processing file /home/airflow/.local/lib/python3.12/site-packages/airflow/example_dags/example_latest_only_with_trigger.py for tasks to queue
[2026-05-19T14:44:31.351+0000] {logging_mixin.py:188} INFO - [2026-05-19T14:44:31.351+0000] {dagbag.py:545} INFO - Filling up the DagBag from /home/airflow/.local/lib/python3.12/site-packages/airflow/example_dags/example_latest_only_with_trigger.py
[2026-05-19T14:44:31.355+0000] {processor.py:840} INFO - DAG(s) 'latest_only_with_trigger' retrieved from /home/airflow/.local/lib/python3.12/site-packages/airflow/example_dags/example_latest_only_with_trigger.py
[2026-05-19T14:44:31.371+0000] {logging_mixin.py:188} INFO - [2026-05-19T14:44:31.371+0000] {dag.py:3089} INFO - Sync 1 DAGs
[2026-05-19T14:44:31.390+0000] {logging_mixin.py:188} INFO - [2026-05-19T14:44:31.390+0000] {dag.py:3947} INFO - Setting next_dagrun for latest_only_with_trigger to 2026-05-19 08:00:00+00:00, run_after=2026-05-19 12:00:00+00:00
[2026-05-19T14:44:31.405+0000] {processor.py:183} INFO - Processing /home/airflow/.local/lib/python3.12/site-packages/airflow/example_dags/example_latest_only_with_trigger.py took 0.061 seconds
[2026-05-19T14:45:01.683+0000] {processor.py:161} INFO - Started process (PID=1047) to work on /home/airflow/.local/lib/python3.12/site-packages/airflow/example_dags/example_latest_only_with_trigger.py
[2026-05-19T14:45:01.684+0000] {processor.py:830} INFO - Processing file /home/airflow/.local/lib/python3.12/site-packages/airflow/example_dags/example_latest_only_with_trigger.py for tasks to queue
[2026-05-19T14:45:01.685+0000] {logging_mixin.py:188} INFO - [2026-05-19T14:45:01.685+0000] {dagbag.py:545} INFO - Filling up the DagBag from /home/airflow/.local/lib/python3.12/site-packages/airflow/example_dags/example_latest_only_with_trigger.py
[2026-05-19T14:45:01.690+0000] {processor.py:840} INFO - DAG(s) 'latest_only_with_trigger' retrieved from /home/airflow/.local/lib/python3.12/site-packages/airflow/example_dags/example_latest_only_with_trigger.py
[2026-05-19T14:45:01.709+0000] {logging_mixin.py:188} INFO - [2026-05-19T14:45:01.709+0000] {dag.py:3089} INFO - Sync 1 DAGs
[2026-05-19T14:45:01.728+0000] {logging_mixin.py:188} INFO - [2026-05-19T14:45:01.728+0000] {dag.py:3947} INFO - Setting next_dagrun for latest_only_with_trigger to 2026-05-19 08:00:00+00:00, run_after=2026-05-19 12:00:00+00:00
[2026-05-19T14:45:01.743+0000] {processor.py:183} INFO - Processing /home/airflow/.local/lib/python3.12/site-packages/airflow/example_dags/example_latest_only_with_trigger.py took 0.065 seconds
[2026-05-19T14:45:32.058+0000] {processor.py:161} INFO - Started process (PID=1105) to work on /home/airflow/.local/lib/python3.12/site-packages/airflow/example_dags/example_latest_only_with_trigger.py
[2026-05-19T14:45:32.059+0000] {processor.py:830} INFO - Processing file /home/airflow/.local/lib/python3.12/site-packages/airflow/example_dags/example_latest_only_with_trigger.py for tasks to queue
[2026-05-19T14:45:32.061+0000] {logging_mixin.py:188} INFO - [2026-05-19T14:45:32.060+0000] {dagbag.py:545} INFO - Filling up the DagBag from /home/airflow/.local/lib/python3.12/site-packages/airflow/example_dags/example_latest_only_with_trigger.py
[2026-05-19T14:45:32.065+0000] {processor.py:840} INFO - DAG(s) 'latest_only_with_trigger' retrieved from /home/airflow/.local/lib/python3.12/site-packages/airflow/example_dags/example_latest_only_with_trigger.py
[2026-05-19T14:45:32.082+0000] {logging_mixin.py:188} INFO - [2026-05-19T14:45:32.082+0000] {dag.py:3089} INFO - Sync 1 DAGs
[2026-05-19T14:45:32.100+0000] {logging_mixin.py:188} INFO - [2026-05-19T14:45:32.100+0000] {dag.py:3947} INFO - Setting next_dagrun for latest_only_with_trigger to 2026-05-19 08:00:00+00:00, run_after=2026-05-19 12:00:00+00:00
[2026-05-19T14:45:32.115+0000] {processor.py:183} INFO - Processing /home/airflow/.local/lib/python3.12/site-packages/airflow/example_dags/example_latest_only_with_trigger.py took 0.062 seconds
[2026-05-19T14:46:02.401+0000] {processor.py:161} INFO - Started process (PID=1163) to work on /home/airflow/.local/lib/python3.12/site-packages/airflow/example_dags/example_latest_only_with_trigger.py
[2026-05-19T14:46:02.401+0000] {processor.py:830} INFO - Processing file /home/airflow/.local/lib/python3.12/site-packages/airflow/example_dags/example_latest_only_with_trigger.py for tasks to queue
[2026-05-19T14:46:02.403+0000] {logging_mixin.py:188} INFO - [2026-05-19T14:46:02.402+0000] {dagbag.py:545} INFO - Filling up the DagBag from /home/airflow/.local/lib/python3.12/site-packages/airflow/example_dags/example_latest_only_with_trigger.py
[2026-05-19T14:46:02.407+0000] {processor.py:840} INFO - DAG(s) 'latest_only_with_trigger' retrieved from /home/airflow/.local/lib/python3.12/site-packages/airflow/example_dags/example_latest_only_with_trigger.py
[2026-05-19T14:46:02.424+0000] {logging_mixin.py:188} INFO - [2026-05-19T14:46:02.424+0000] {dag.py:3089} INFO - Sync 1 DAGs
[2026-05-19T14:46:02.442+0000] {logging_mixin.py:188} INFO - [2026-05-19T14:46:02.442+0000] {dag.py:3947} INFO - Setting next_dagrun for latest_only_with_trigger to 2026-05-19 08:00:00+00:00, run_after=2026-05-19 12:00:00+00:00
[2026-05-19T14:46:02.460+0000] {processor.py:183} INFO - Processing /home/airflow/.local/lib/python3.12/site-packages/airflow/example_dags/example_latest_only_with_trigger.py took 0.064 seconds
[2026-05-19T14:46:33.060+0000] {processor.py:161} INFO - Started process (PID=1221) to work on /home/airflow/.local/lib/python3.12/site-packages/airflow/example_dags/example_latest_only_with_trigger.py
[2026-05-19T14:46:33.061+0000] {processor.py:830} INFO - Processing file /home/airflow/.local/lib/python3.12/site-packages/airflow/example_dags/example_latest_only_with_trigger.py for tasks to queue
[2026-05-19T14:46:33.063+0000] {logging_mixin.py:188} INFO - [2026-05-19T14:46:33.063+0000] {dagbag.py:545} INFO - Filling up the DagBag from /home/airflow/.local/lib/python3.12/site-packages/airflow/example_dags/example_latest_only_with_trigger.py
[2026-05-19T14:46:33.068+0000] {processor.py:840} INFO - DAG(s) 'latest_only_with_trigger' retrieved from /home/airflow/.local/lib/python3.12/site-packages/airflow/example_dags/example_latest_only_with_trigger.py
[2026-05-19T14:46:33.086+0000] {logging_mixin.py:188} INFO - [2026-05-19T14:46:33.085+0000] {dag.py:3089} INFO - Sync 1 DAGs
[2026-05-19T14:46:33.105+0000] {logging_mixin.py:188} INFO - [2026-05-19T14:46:33.104+0000] {dag.py:3947} INFO - Setting next_dagrun for latest_only_with_trigger to 2026-05-19 08:00:00+00:00, run_after=2026-05-19 12:00:00+00:00
[2026-05-19T14:46:33.120+0000] {processor.py:183} INFO - Processing /home/airflow/.local/lib/python3.12/site-packages/airflow/example_dags/example_latest_only_with_trigger.py took 0.064 seconds
[2026-05-19T14:47:03.665+0000] {processor.py:161} INFO - Started process (PID=1279) to work on /home/airflow/.local/lib/python3.12/site-packages/airflow/example_dags/example_latest_only_with_trigger.py
[2026-05-19T14:47:03.666+0000] {processor.py:830} INFO - Processing file /home/airflow/.local/lib/python3.12/site-packages/airflow/example_dags/example_latest_only_with_trigger.py for tasks to queue
[2026-05-19T14:47:03.667+0000] {logging_mixin.py:188} INFO - [2026-05-19T14:47:03.667+0000] {dagbag.py:545} INFO - Filling up the DagBag from /home/airflow/.local/lib/python3.12/site-packages/airflow/example_dags/example_latest_only_with_trigger.py
[2026-05-19T14:47:03.672+0000] {processor.py:840} INFO - DAG(s) 'latest_only_with_trigger' retrieved from /home/airflow/.local/lib/python3.12/site-packages/airflow/example_dags/example_latest_only_with_trigger.py
[2026-05-19T14:47:03.689+0000] {logging_mixin.py:188} INFO - [2026-05-19T14:47:03.689+0000] {dag.py:3089} INFO - Sync 1 DAGs
[2026-05-19T14:47:03.725+0000] {logging_mixin.py:188} INFO - [2026-05-19T14:47:03.725+0000] {dag.py:3947} INFO - Setting next_dagrun for latest_only_with_trigger to 2026-05-19 08:00:00+00:00, run_after=2026-05-19 12:00:00+00:00
[2026-05-19T14:47:03.753+0000] {processor.py:183} INFO - Processing /home/airflow/.local/lib/python3.12/site-packages/airflow/example_dags/example_latest_only_with_trigger.py took 0.092 seconds
[2026-05-19T14:47:34.603+0000] {processor.py:161} INFO - Started process (PID=1337) to work on /home/airflow/.local/lib/python3.12/site-packages/airflow/example_dags/example_latest_only_with_trigger.py
[2026-05-19T14:47:34.604+0000] {processor.py:830} INFO - Processing file /home/airflow/.local/lib/python3.12/site-packages/airflow/example_dags/example_latest_only_with_trigger.py for tasks to queue
[2026-05-19T14:47:34.605+0000] {logging_mixin.py:188} INFO - [2026-05-19T14:47:34.605+0000] {dagbag.py:545} INFO - Filling up the DagBag from /home/airflow/.local/lib/python3.12/site-packages/airflow/example_dags/example_latest_only_with_trigger.py
[2026-05-19T14:47:34.610+0000] {processor.py:840} INFO - DAG(s) 'latest_only_with_trigger' retrieved from /home/airflow/.local/lib/python3.12/site-packages/airflow/example_dags/example_latest_only_with_trigger.py
[2026-05-19T14:47:34.626+0000] {logging_mixin.py:188} INFO - [2026-05-19T14:47:34.626+0000] {dag.py:3089} INFO - Sync 1 DAGs
[2026-05-19T14:47:34.644+0000] {logging_mixin.py:188} INFO - [2026-05-19T14:47:34.644+0000] {dag.py:3947} INFO - Setting next_dagrun for latest_only_with_trigger to 2026-05-19 08:00:00+00:00, run_after=2026-05-19 12:00:00+00:00
[2026-05-19T14:47:34.658+0000] {processor.py:183} INFO - Processing /home/airflow/.local/lib/python3.12/site-packages/airflow/example_dags/example_latest_only_with_trigger.py took 0.060 seconds
[2026-05-19T14:48:05.176+0000] {processor.py:161} INFO - Started process (PID=1392) to work on /home/airflow/.local/lib/python3.12/site-packages/airflow/example_dags/example_latest_only_with_trigger.py
[2026-05-19T14:48:05.176+0000] {processor.py:830} INFO - Processing file /home/airflow/.local/lib/python3.12/site-packages/airflow/example_dags/example_latest_only_with_trigger.py for tasks to queue
[2026-05-19T14:48:05.178+0000] {logging_mixin.py:188} INFO - [2026-05-19T14:48:05.178+0000] {dagbag.py:545} INFO - Filling up the DagBag from /home/airflow/.local/lib/python3.12/site-packages/airflow/example_dags/example_latest_only_with_trigger.py
[2026-05-19T14:48:05.193+0000] {processor.py:840} INFO - DAG(s) 'latest_only_with_trigger' retrieved from /home/airflow/.local/lib/python3.12/site-packages/airflow/example_dags/example_latest_only_with_trigger.py
[2026-05-19T14:48:05.414+0000] {logging_mixin.py:188} INFO - [2026-05-19T14:48:05.413+0000] {dag.py:3089} INFO - Sync 1 DAGs
[2026-05-19T14:48:06.164+0000] {logging_mixin.py:188} INFO - [2026-05-19T14:48:06.163+0000] {dag.py:3947} INFO - Setting next_dagrun for latest_only_with_trigger to 2026-05-19 08:00:00+00:00, run_after=2026-05-19 12:00:00+00:00
[2026-05-19T14:48:06.679+0000] {processor.py:183} INFO - Processing /home/airflow/.local/lib/python3.12/site-packages/airflow/example_dags/example_latest_only_with_trigger.py took 1.508 seconds
[2026-05-19T14:48:36.779+0000] {processor.py:161} INFO - Started process (PID=1450) to work on /home/airflow/.local/lib/python3.12/site-packages/airflow/example_dags/example_latest_only_with_trigger.py
[2026-05-19T14:48:36.780+0000] {processor.py:830} INFO - Processing file /home/airflow/.local/lib/python3.12/site-packages/airflow/example_dags/example_latest_only_with_trigger.py for tasks to queue
[2026-05-19T14:48:36.781+0000] {logging_mixin.py:188} INFO - [2026-05-19T14:48:36.781+0000] {dagbag.py:545} INFO - Filling up the DagBag from /home/airflow/.local/lib/python3.12/site-packages/airflow/example_dags/example_latest_only_with_trigger.py
[2026-05-19T14:48:36.787+0000] {processor.py:840} INFO - DAG(s) 'latest_only_with_trigger' retrieved from /home/airflow/.local/lib/python3.12/site-packages/airflow/example_dags/example_latest_only_with_trigger.py
[2026-05-19T14:48:36.803+0000] {logging_mixin.py:188} INFO - [2026-05-19T14:48:36.803+0000] {dag.py:3089} INFO - Sync 1 DAGs
[2026-05-19T14:48:36.821+0000] {logging_mixin.py:188} INFO - [2026-05-19T14:48:36.821+0000] {dag.py:3947} INFO - Setting next_dagrun for latest_only_with_trigger to 2026-05-19 08:00:00+00:00, run_after=2026-05-19 12:00:00+00:00
[2026-05-19T14:48:36.837+0000] {processor.py:183} INFO - Processing /home/airflow/.local/lib/python3.12/site-packages/airflow/example_dags/example_latest_only_with_trigger.py took 0.062 seconds
[2026-05-19T14:49:07.379+0000] {processor.py:161} INFO - Started process (PID=1508) to work on /home/airflow/.local/lib/python3.12/site-packages/airflow/example_dags/example_latest_only_with_trigger.py
[2026-05-19T14:49:07.380+0000] {processor.py:830} INFO - Processing file /home/airflow/.local/lib/python3.12/site-packages/airflow/example_dags/example_latest_only_with_trigger.py for tasks to queue
[2026-05-19T14:49:07.382+0000] {logging_mixin.py:188} INFO - [2026-05-19T14:49:07.381+0000] {dagbag.py:545} INFO - Filling up the DagBag from /home/airflow/.local/lib/python3.12/site-packages/airflow/example_dags/example_latest_only_with_trigger.py
[2026-05-19T14:49:07.387+0000] {processor.py:840} INFO - DAG(s) 'latest_only_with_trigger' retrieved from /home/airflow/.local/lib/python3.12/site-packages/airflow/example_dags/example_latest_only_with_trigger.py
[2026-05-19T14:49:07.404+0000] {logging_mixin.py:188} INFO - [2026-05-19T14:49:07.404+0000] {dag.py:3089} INFO - Sync 1 DAGs
[2026-05-19T14:49:07.422+0000] {logging_mixin.py:188} INFO - [2026-05-19T14:49:07.422+0000] {dag.py:3947} INFO - Setting next_dagrun for latest_only_with_trigger to 2026-05-19 08:00:00+00:00, run_after=2026-05-19 12:00:00+00:00
[2026-05-19T14:49:07.437+0000] {processor.py:183} INFO - Processing /home/airflow/.local/lib/python3.12/site-packages/airflow/example_dags/example_latest_only_with_trigger.py took 0.066 seconds
[2026-05-19T14:49:37.503+0000] {processor.py:161} INFO - Started process (PID=1566) to work on /home/airflow/.local/lib/python3.12/site-packages/airflow/example_dags/example_latest_only_with_trigger.py
[2026-05-19T14:49:37.505+0000] {processor.py:830} INFO - Processing file /home/airflow/.local/lib/python3.12/site-packages/airflow/example_dags/example_latest_only_with_trigger.py for tasks to queue
[2026-05-19T14:49:37.507+0000] {logging_mixin.py:188} INFO - [2026-05-19T14:49:37.507+0000] {dagbag.py:545} INFO - Filling up the DagBag from /home/airflow/.local/lib/python3.12/site-packages/airflow/example_dags/example_latest_only_with_trigger.py
[2026-05-19T14:49:37.515+0000] {processor.py:840} INFO - DAG(s) 'latest_only_with_trigger' retrieved from /home/airflow/.local/lib/python3.12/site-packages/airflow/example_dags/example_latest_only_with_trigger.py
[2026-05-19T14:49:37.534+0000] {logging_mixin.py:188} INFO - [2026-05-19T14:49:37.534+0000] {dag.py:3089} INFO - Sync 1 DAGs
[2026-05-19T14:49:37.552+0000] {logging_mixin.py:188} INFO - [2026-05-19T14:49:37.552+0000] {dag.py:3947} INFO - Setting next_dagrun for latest_only_with_trigger to 2026-05-19 08:00:00+00:00, run_after=2026-05-19 12:00:00+00:00
[2026-05-19T14:49:37.568+0000] {processor.py:183} INFO - Processing /home/airflow/.local/lib/python3.12/site-packages/airflow/example_dags/example_latest_only_with_trigger.py took 0.073 seconds
