[2026-05-19T14:36:22.987+0000] {processor.py:161} INFO - Started process (PID=71) to work on /home/airflow/.local/lib/python3.12/site-packages/airflow/example_dags/example_skip_dag.py
[2026-05-19T14:36:22.988+0000] {processor.py:830} INFO - Processing file /home/airflow/.local/lib/python3.12/site-packages/airflow/example_dags/example_skip_dag.py for tasks to queue
[2026-05-19T14:36:22.989+0000] {logging_mixin.py:188} INFO - [2026-05-19T14:36:22.989+0000] {dagbag.py:545} INFO - Filling up the DagBag from /home/airflow/.local/lib/python3.12/site-packages/airflow/example_dags/example_skip_dag.py
[2026-05-19T14:36:22.997+0000] {processor.py:840} INFO - DAG(s) 'example_skip_dag' retrieved from /home/airflow/.local/lib/python3.12/site-packages/airflow/example_dags/example_skip_dag.py
[2026-05-19T14:36:23.016+0000] {logging_mixin.py:188} INFO - [2026-05-19T14:36:23.016+0000] {dag.py:3089} INFO - Sync 1 DAGs
[2026-05-19T14:36:23.038+0000] {logging_mixin.py:188} INFO - [2026-05-19T14:36:23.038+0000] {dag.py:3947} INFO - Setting next_dagrun for example_skip_dag to 2026-05-18 00:00:00+00:00, run_after=2026-05-19 00:00:00+00:00
[2026-05-19T14:36:23.058+0000] {processor.py:183} INFO - Processing /home/airflow/.local/lib/python3.12/site-packages/airflow/example_dags/example_skip_dag.py took 0.077 seconds
[2026-05-19T14:36:53.917+0000] {processor.py:161} INFO - Started process (PID=129) to work on /home/airflow/.local/lib/python3.12/site-packages/airflow/example_dags/example_skip_dag.py
[2026-05-19T14:36:53.917+0000] {processor.py:830} INFO - Processing file /home/airflow/.local/lib/python3.12/site-packages/airflow/example_dags/example_skip_dag.py for tasks to queue
[2026-05-19T14:36:53.918+0000] {logging_mixin.py:188} INFO - [2026-05-19T14:36:53.918+0000] {dagbag.py:545} INFO - Filling up the DagBag from /home/airflow/.local/lib/python3.12/site-packages/airflow/example_dags/example_skip_dag.py
[2026-05-19T14:36:53.923+0000] {processor.py:840} INFO - DAG(s) 'example_skip_dag' retrieved from /home/airflow/.local/lib/python3.12/site-packages/airflow/example_dags/example_skip_dag.py
[2026-05-19T14:36:53.939+0000] {logging_mixin.py:188} INFO - [2026-05-19T14:36:53.939+0000] {dag.py:3089} INFO - Sync 1 DAGs
[2026-05-19T14:36:53.957+0000] {logging_mixin.py:188} INFO - [2026-05-19T14:36:53.957+0000] {dag.py:3947} INFO - Setting next_dagrun for example_skip_dag to 2026-05-18 00:00:00+00:00, run_after=2026-05-19 00:00:00+00:00
[2026-05-19T14:36:53.972+0000] {processor.py:183} INFO - Processing /home/airflow/.local/lib/python3.12/site-packages/airflow/example_dags/example_skip_dag.py took 0.059 seconds
[2026-05-19T14:37:24.149+0000] {processor.py:161} INFO - Started process (PID=187) to work on /home/airflow/.local/lib/python3.12/site-packages/airflow/example_dags/example_skip_dag.py
[2026-05-19T14:37:24.150+0000] {processor.py:830} INFO - Processing file /home/airflow/.local/lib/python3.12/site-packages/airflow/example_dags/example_skip_dag.py for tasks to queue
[2026-05-19T14:37:24.151+0000] {logging_mixin.py:188} INFO - [2026-05-19T14:37:24.151+0000] {dagbag.py:545} INFO - Filling up the DagBag from /home/airflow/.local/lib/python3.12/site-packages/airflow/example_dags/example_skip_dag.py
[2026-05-19T14:37:24.157+0000] {processor.py:840} INFO - DAG(s) 'example_skip_dag' retrieved from /home/airflow/.local/lib/python3.12/site-packages/airflow/example_dags/example_skip_dag.py
[2026-05-19T14:37:24.173+0000] {logging_mixin.py:188} INFO - [2026-05-19T14:37:24.173+0000] {dag.py:3089} INFO - Sync 1 DAGs
[2026-05-19T14:37:24.191+0000] {logging_mixin.py:188} INFO - [2026-05-19T14:37:24.191+0000] {dag.py:3947} INFO - Setting next_dagrun for example_skip_dag to 2026-05-18 00:00:00+00:00, run_after=2026-05-19 00:00:00+00:00
[2026-05-19T14:37:24.205+0000] {processor.py:183} INFO - Processing /home/airflow/.local/lib/python3.12/site-packages/airflow/example_dags/example_skip_dag.py took 0.061 seconds
[2026-05-19T14:37:54.557+0000] {processor.py:161} INFO - Started process (PID=245) to work on /home/airflow/.local/lib/python3.12/site-packages/airflow/example_dags/example_skip_dag.py
[2026-05-19T14:37:54.558+0000] {processor.py:830} INFO - Processing file /home/airflow/.local/lib/python3.12/site-packages/airflow/example_dags/example_skip_dag.py for tasks to queue
[2026-05-19T14:37:54.560+0000] {logging_mixin.py:188} INFO - [2026-05-19T14:37:54.559+0000] {dagbag.py:545} INFO - Filling up the DagBag from /home/airflow/.local/lib/python3.12/site-packages/airflow/example_dags/example_skip_dag.py
[2026-05-19T14:37:54.564+0000] {processor.py:840} INFO - DAG(s) 'example_skip_dag' retrieved from /home/airflow/.local/lib/python3.12/site-packages/airflow/example_dags/example_skip_dag.py
[2026-05-19T14:37:54.580+0000] {logging_mixin.py:188} INFO - [2026-05-19T14:37:54.580+0000] {dag.py:3089} INFO - Sync 1 DAGs
[2026-05-19T14:37:54.597+0000] {logging_mixin.py:188} INFO - [2026-05-19T14:37:54.597+0000] {dag.py:3947} INFO - Setting next_dagrun for example_skip_dag to 2026-05-18 00:00:00+00:00, run_after=2026-05-19 00:00:00+00:00
[2026-05-19T14:37:54.613+0000] {processor.py:183} INFO - Processing /home/airflow/.local/lib/python3.12/site-packages/airflow/example_dags/example_skip_dag.py took 0.060 seconds
[2026-05-19T14:38:24.867+0000] {processor.py:161} INFO - Started process (PID=303) to work on /home/airflow/.local/lib/python3.12/site-packages/airflow/example_dags/example_skip_dag.py
[2026-05-19T14:38:24.868+0000] {processor.py:830} INFO - Processing file /home/airflow/.local/lib/python3.12/site-packages/airflow/example_dags/example_skip_dag.py for tasks to queue
[2026-05-19T14:38:24.869+0000] {logging_mixin.py:188} INFO - [2026-05-19T14:38:24.869+0000] {dagbag.py:545} INFO - Filling up the DagBag from /home/airflow/.local/lib/python3.12/site-packages/airflow/example_dags/example_skip_dag.py
[2026-05-19T14:38:24.874+0000] {processor.py:840} INFO - DAG(s) 'example_skip_dag' retrieved from /home/airflow/.local/lib/python3.12/site-packages/airflow/example_dags/example_skip_dag.py
[2026-05-19T14:38:24.889+0000] {logging_mixin.py:188} INFO - [2026-05-19T14:38:24.889+0000] {dag.py:3089} INFO - Sync 1 DAGs
[2026-05-19T14:38:24.906+0000] {logging_mixin.py:188} INFO - [2026-05-19T14:38:24.906+0000] {dag.py:3947} INFO - Setting next_dagrun for example_skip_dag to 2026-05-18 00:00:00+00:00, run_after=2026-05-19 00:00:00+00:00
[2026-05-19T14:38:24.920+0000] {processor.py:183} INFO - Processing /home/airflow/.local/lib/python3.12/site-packages/airflow/example_dags/example_skip_dag.py took 0.058 seconds
[2026-05-19T14:38:55.159+0000] {processor.py:161} INFO - Started process (PID=361) to work on /home/airflow/.local/lib/python3.12/site-packages/airflow/example_dags/example_skip_dag.py
[2026-05-19T14:38:55.160+0000] {processor.py:830} INFO - Processing file /home/airflow/.local/lib/python3.12/site-packages/airflow/example_dags/example_skip_dag.py for tasks to queue
[2026-05-19T14:38:55.161+0000] {logging_mixin.py:188} INFO - [2026-05-19T14:38:55.161+0000] {dagbag.py:545} INFO - Filling up the DagBag from /home/airflow/.local/lib/python3.12/site-packages/airflow/example_dags/example_skip_dag.py
[2026-05-19T14:38:55.166+0000] {processor.py:840} INFO - DAG(s) 'example_skip_dag' retrieved from /home/airflow/.local/lib/python3.12/site-packages/airflow/example_dags/example_skip_dag.py
[2026-05-19T14:38:55.182+0000] {logging_mixin.py:188} INFO - [2026-05-19T14:38:55.182+0000] {dag.py:3089} INFO - Sync 1 DAGs
[2026-05-19T14:38:55.199+0000] {logging_mixin.py:188} INFO - [2026-05-19T14:38:55.199+0000] {dag.py:3947} INFO - Setting next_dagrun for example_skip_dag to 2026-05-18 00:00:00+00:00, run_after=2026-05-19 00:00:00+00:00
[2026-05-19T14:38:55.214+0000] {processor.py:183} INFO - Processing /home/airflow/.local/lib/python3.12/site-packages/airflow/example_dags/example_skip_dag.py took 0.060 seconds
[2026-05-19T14:39:25.578+0000] {processor.py:161} INFO - Started process (PID=419) to work on /home/airflow/.local/lib/python3.12/site-packages/airflow/example_dags/example_skip_dag.py
[2026-05-19T14:39:25.578+0000] {processor.py:830} INFO - Processing file /home/airflow/.local/lib/python3.12/site-packages/airflow/example_dags/example_skip_dag.py for tasks to queue
[2026-05-19T14:39:25.579+0000] {logging_mixin.py:188} INFO - [2026-05-19T14:39:25.579+0000] {dagbag.py:545} INFO - Filling up the DagBag from /home/airflow/.local/lib/python3.12/site-packages/airflow/example_dags/example_skip_dag.py
[2026-05-19T14:39:25.584+0000] {processor.py:840} INFO - DAG(s) 'example_skip_dag' retrieved from /home/airflow/.local/lib/python3.12/site-packages/airflow/example_dags/example_skip_dag.py
[2026-05-19T14:39:25.601+0000] {logging_mixin.py:188} INFO - [2026-05-19T14:39:25.600+0000] {dag.py:3089} INFO - Sync 1 DAGs
[2026-05-19T14:39:25.618+0000] {logging_mixin.py:188} INFO - [2026-05-19T14:39:25.618+0000] {dag.py:3947} INFO - Setting next_dagrun for example_skip_dag to 2026-05-18 00:00:00+00:00, run_after=2026-05-19 00:00:00+00:00
[2026-05-19T14:39:25.632+0000] {processor.py:183} INFO - Processing /home/airflow/.local/lib/python3.12/site-packages/airflow/example_dags/example_skip_dag.py took 0.059 seconds
[2026-05-19T14:39:56.139+0000] {processor.py:161} INFO - Started process (PID=477) to work on /home/airflow/.local/lib/python3.12/site-packages/airflow/example_dags/example_skip_dag.py
[2026-05-19T14:39:56.140+0000] {processor.py:830} INFO - Processing file /home/airflow/.local/lib/python3.12/site-packages/airflow/example_dags/example_skip_dag.py for tasks to queue
[2026-05-19T14:39:56.141+0000] {logging_mixin.py:188} INFO - [2026-05-19T14:39:56.141+0000] {dagbag.py:545} INFO - Filling up the DagBag from /home/airflow/.local/lib/python3.12/site-packages/airflow/example_dags/example_skip_dag.py
[2026-05-19T14:39:56.147+0000] {processor.py:840} INFO - DAG(s) 'example_skip_dag' retrieved from /home/airflow/.local/lib/python3.12/site-packages/airflow/example_dags/example_skip_dag.py
[2026-05-19T14:39:56.164+0000] {logging_mixin.py:188} INFO - [2026-05-19T14:39:56.164+0000] {dag.py:3089} INFO - Sync 1 DAGs
[2026-05-19T14:39:56.183+0000] {logging_mixin.py:188} INFO - [2026-05-19T14:39:56.182+0000] {dag.py:3947} INFO - Setting next_dagrun for example_skip_dag to 2026-05-18 00:00:00+00:00, run_after=2026-05-19 00:00:00+00:00
[2026-05-19T14:39:56.198+0000] {processor.py:183} INFO - Processing /home/airflow/.local/lib/python3.12/site-packages/airflow/example_dags/example_skip_dag.py took 0.064 seconds
[2026-05-19T14:40:26.592+0000] {processor.py:161} INFO - Started process (PID=534) to work on /home/airflow/.local/lib/python3.12/site-packages/airflow/example_dags/example_skip_dag.py
[2026-05-19T14:40:26.593+0000] {processor.py:830} INFO - Processing file /home/airflow/.local/lib/python3.12/site-packages/airflow/example_dags/example_skip_dag.py for tasks to queue
[2026-05-19T14:40:26.594+0000] {logging_mixin.py:188} INFO - [2026-05-19T14:40:26.594+0000] {dagbag.py:545} INFO - Filling up the DagBag from /home/airflow/.local/lib/python3.12/site-packages/airflow/example_dags/example_skip_dag.py
[2026-05-19T14:40:26.598+0000] {processor.py:840} INFO - DAG(s) 'example_skip_dag' retrieved from /home/airflow/.local/lib/python3.12/site-packages/airflow/example_dags/example_skip_dag.py
[2026-05-19T14:40:26.614+0000] {logging_mixin.py:188} INFO - [2026-05-19T14:40:26.614+0000] {dag.py:3089} INFO - Sync 1 DAGs
[2026-05-19T14:40:26.631+0000] {logging_mixin.py:188} INFO - [2026-05-19T14:40:26.631+0000] {dag.py:3947} INFO - Setting next_dagrun for example_skip_dag to 2026-05-18 00:00:00+00:00, run_after=2026-05-19 00:00:00+00:00
[2026-05-19T14:40:26.645+0000] {processor.py:183} INFO - Processing /home/airflow/.local/lib/python3.12/site-packages/airflow/example_dags/example_skip_dag.py took 0.058 seconds
[2026-05-19T14:40:56.945+0000] {processor.py:161} INFO - Started process (PID=599) to work on /home/airflow/.local/lib/python3.12/site-packages/airflow/example_dags/example_skip_dag.py
[2026-05-19T14:40:56.950+0000] {processor.py:830} INFO - Processing file /home/airflow/.local/lib/python3.12/site-packages/airflow/example_dags/example_skip_dag.py for tasks to queue
[2026-05-19T14:40:56.951+0000] {logging_mixin.py:188} INFO - [2026-05-19T14:40:56.951+0000] {dagbag.py:545} INFO - Filling up the DagBag from /home/airflow/.local/lib/python3.12/site-packages/airflow/example_dags/example_skip_dag.py
[2026-05-19T14:40:56.956+0000] {processor.py:840} INFO - DAG(s) 'example_skip_dag' retrieved from /home/airflow/.local/lib/python3.12/site-packages/airflow/example_dags/example_skip_dag.py
[2026-05-19T14:40:56.972+0000] {logging_mixin.py:188} INFO - [2026-05-19T14:40:56.971+0000] {dag.py:3089} INFO - Sync 1 DAGs
[2026-05-19T14:40:56.989+0000] {logging_mixin.py:188} INFO - [2026-05-19T14:40:56.988+0000] {dag.py:3947} INFO - Setting next_dagrun for example_skip_dag to 2026-05-18 00:00:00+00:00, run_after=2026-05-19 00:00:00+00:00
[2026-05-19T14:40:57.003+0000] {processor.py:183} INFO - Processing /home/airflow/.local/lib/python3.12/site-packages/airflow/example_dags/example_skip_dag.py took 0.062 seconds
[2026-05-19T14:41:27.331+0000] {processor.py:161} INFO - Started process (PID=657) to work on /home/airflow/.local/lib/python3.12/site-packages/airflow/example_dags/example_skip_dag.py
[2026-05-19T14:41:27.331+0000] {processor.py:830} INFO - Processing file /home/airflow/.local/lib/python3.12/site-packages/airflow/example_dags/example_skip_dag.py for tasks to queue
[2026-05-19T14:41:27.333+0000] {logging_mixin.py:188} INFO - [2026-05-19T14:41:27.332+0000] {dagbag.py:545} INFO - Filling up the DagBag from /home/airflow/.local/lib/python3.12/site-packages/airflow/example_dags/example_skip_dag.py
[2026-05-19T14:41:27.341+0000] {processor.py:840} INFO - DAG(s) 'example_skip_dag' retrieved from /home/airflow/.local/lib/python3.12/site-packages/airflow/example_dags/example_skip_dag.py
[2026-05-19T14:41:27.370+0000] {logging_mixin.py:188} INFO - [2026-05-19T14:41:27.370+0000] {dag.py:3089} INFO - Sync 1 DAGs
[2026-05-19T14:41:27.396+0000] {logging_mixin.py:188} INFO - [2026-05-19T14:41:27.396+0000] {dag.py:3947} INFO - Setting next_dagrun for example_skip_dag to 2026-05-18 00:00:00+00:00, run_after=2026-05-19 00:00:00+00:00
[2026-05-19T14:41:27.423+0000] {processor.py:183} INFO - Processing /home/airflow/.local/lib/python3.12/site-packages/airflow/example_dags/example_skip_dag.py took 0.097 seconds
[2026-05-19T14:41:59.321+0000] {processor.py:161} INFO - Started process (PID=714) to work on /home/airflow/.local/lib/python3.12/site-packages/airflow/example_dags/example_skip_dag.py
[2026-05-19T14:41:59.325+0000] {processor.py:830} INFO - Processing file /home/airflow/.local/lib/python3.12/site-packages/airflow/example_dags/example_skip_dag.py for tasks to queue
[2026-05-19T14:41:59.327+0000] {logging_mixin.py:188} INFO - [2026-05-19T14:41:59.327+0000] {dagbag.py:545} INFO - Filling up the DagBag from /home/airflow/.local/lib/python3.12/site-packages/airflow/example_dags/example_skip_dag.py
[2026-05-19T14:41:59.333+0000] {processor.py:840} INFO - DAG(s) 'example_skip_dag' retrieved from /home/airflow/.local/lib/python3.12/site-packages/airflow/example_dags/example_skip_dag.py
[2026-05-19T14:41:59.354+0000] {logging_mixin.py:188} INFO - [2026-05-19T14:41:59.354+0000] {dag.py:3089} INFO - Sync 1 DAGs
[2026-05-19T14:41:59.379+0000] {logging_mixin.py:188} INFO - [2026-05-19T14:41:59.378+0000] {dag.py:3947} INFO - Setting next_dagrun for example_skip_dag to 2026-05-18 00:00:00+00:00, run_after=2026-05-19 00:00:00+00:00
[2026-05-19T14:41:59.398+0000] {processor.py:183} INFO - Processing /home/airflow/.local/lib/python3.12/site-packages/airflow/example_dags/example_skip_dag.py took 0.083 seconds
[2026-05-19T14:42:29.664+0000] {processor.py:161} INFO - Started process (PID=773) to work on /home/airflow/.local/lib/python3.12/site-packages/airflow/example_dags/example_skip_dag.py
[2026-05-19T14:42:29.664+0000] {processor.py:830} INFO - Processing file /home/airflow/.local/lib/python3.12/site-packages/airflow/example_dags/example_skip_dag.py for tasks to queue
[2026-05-19T14:42:29.666+0000] {logging_mixin.py:188} INFO - [2026-05-19T14:42:29.666+0000] {dagbag.py:545} INFO - Filling up the DagBag from /home/airflow/.local/lib/python3.12/site-packages/airflow/example_dags/example_skip_dag.py
[2026-05-19T14:42:29.671+0000] {processor.py:840} INFO - DAG(s) 'example_skip_dag' retrieved from /home/airflow/.local/lib/python3.12/site-packages/airflow/example_dags/example_skip_dag.py
[2026-05-19T14:42:29.688+0000] {logging_mixin.py:188} INFO - [2026-05-19T14:42:29.688+0000] {dag.py:3089} INFO - Sync 1 DAGs
[2026-05-19T14:42:29.706+0000] {logging_mixin.py:188} INFO - [2026-05-19T14:42:29.706+0000] {dag.py:3947} INFO - Setting next_dagrun for example_skip_dag to 2026-05-18 00:00:00+00:00, run_after=2026-05-19 00:00:00+00:00
[2026-05-19T14:42:29.723+0000] {processor.py:183} INFO - Processing /home/airflow/.local/lib/python3.12/site-packages/airflow/example_dags/example_skip_dag.py took 0.064 seconds
[2026-05-19T14:43:00.258+0000] {processor.py:161} INFO - Started process (PID=831) to work on /home/airflow/.local/lib/python3.12/site-packages/airflow/example_dags/example_skip_dag.py
[2026-05-19T14:43:00.259+0000] {processor.py:830} INFO - Processing file /home/airflow/.local/lib/python3.12/site-packages/airflow/example_dags/example_skip_dag.py for tasks to queue
[2026-05-19T14:43:00.261+0000] {logging_mixin.py:188} INFO - [2026-05-19T14:43:00.260+0000] {dagbag.py:545} INFO - Filling up the DagBag from /home/airflow/.local/lib/python3.12/site-packages/airflow/example_dags/example_skip_dag.py
[2026-05-19T14:43:00.266+0000] {processor.py:840} INFO - DAG(s) 'example_skip_dag' retrieved from /home/airflow/.local/lib/python3.12/site-packages/airflow/example_dags/example_skip_dag.py
[2026-05-19T14:43:00.283+0000] {logging_mixin.py:188} INFO - [2026-05-19T14:43:00.283+0000] {dag.py:3089} INFO - Sync 1 DAGs
[2026-05-19T14:43:00.302+0000] {logging_mixin.py:188} INFO - [2026-05-19T14:43:00.301+0000] {dag.py:3947} INFO - Setting next_dagrun for example_skip_dag to 2026-05-18 00:00:00+00:00, run_after=2026-05-19 00:00:00+00:00
[2026-05-19T14:43:00.318+0000] {processor.py:183} INFO - Processing /home/airflow/.local/lib/python3.12/site-packages/airflow/example_dags/example_skip_dag.py took 0.064 seconds
[2026-05-19T14:43:30.859+0000] {processor.py:161} INFO - Started process (PID=889) to work on /home/airflow/.local/lib/python3.12/site-packages/airflow/example_dags/example_skip_dag.py
[2026-05-19T14:43:30.860+0000] {processor.py:830} INFO - Processing file /home/airflow/.local/lib/python3.12/site-packages/airflow/example_dags/example_skip_dag.py for tasks to queue
[2026-05-19T14:43:30.861+0000] {logging_mixin.py:188} INFO - [2026-05-19T14:43:30.861+0000] {dagbag.py:545} INFO - Filling up the DagBag from /home/airflow/.local/lib/python3.12/site-packages/airflow/example_dags/example_skip_dag.py
[2026-05-19T14:43:30.866+0000] {processor.py:840} INFO - DAG(s) 'example_skip_dag' retrieved from /home/airflow/.local/lib/python3.12/site-packages/airflow/example_dags/example_skip_dag.py
[2026-05-19T14:43:30.882+0000] {logging_mixin.py:188} INFO - [2026-05-19T14:43:30.882+0000] {dag.py:3089} INFO - Sync 1 DAGs
[2026-05-19T14:43:30.900+0000] {logging_mixin.py:188} INFO - [2026-05-19T14:43:30.900+0000] {dag.py:3947} INFO - Setting next_dagrun for example_skip_dag to 2026-05-18 00:00:00+00:00, run_after=2026-05-19 00:00:00+00:00
[2026-05-19T14:43:30.915+0000] {processor.py:183} INFO - Processing /home/airflow/.local/lib/python3.12/site-packages/airflow/example_dags/example_skip_dag.py took 0.060 seconds
[2026-05-19T14:44:01.557+0000] {processor.py:161} INFO - Started process (PID=947) to work on /home/airflow/.local/lib/python3.12/site-packages/airflow/example_dags/example_skip_dag.py
[2026-05-19T14:44:01.558+0000] {processor.py:830} INFO - Processing file /home/airflow/.local/lib/python3.12/site-packages/airflow/example_dags/example_skip_dag.py for tasks to queue
[2026-05-19T14:44:01.559+0000] {logging_mixin.py:188} INFO - [2026-05-19T14:44:01.559+0000] {dagbag.py:545} INFO - Filling up the DagBag from /home/airflow/.local/lib/python3.12/site-packages/airflow/example_dags/example_skip_dag.py
[2026-05-19T14:44:01.564+0000] {processor.py:840} INFO - DAG(s) 'example_skip_dag' retrieved from /home/airflow/.local/lib/python3.12/site-packages/airflow/example_dags/example_skip_dag.py
[2026-05-19T14:44:01.581+0000] {logging_mixin.py:188} INFO - [2026-05-19T14:44:01.580+0000] {dag.py:3089} INFO - Sync 1 DAGs
[2026-05-19T14:44:01.599+0000] {logging_mixin.py:188} INFO - [2026-05-19T14:44:01.599+0000] {dag.py:3947} INFO - Setting next_dagrun for example_skip_dag to 2026-05-18 00:00:00+00:00, run_after=2026-05-19 00:00:00+00:00
[2026-05-19T14:44:01.613+0000] {processor.py:183} INFO - Processing /home/airflow/.local/lib/python3.12/site-packages/airflow/example_dags/example_skip_dag.py took 0.061 seconds
[2026-05-19T14:44:31.990+0000] {processor.py:161} INFO - Started process (PID=1005) to work on /home/airflow/.local/lib/python3.12/site-packages/airflow/example_dags/example_skip_dag.py
[2026-05-19T14:44:31.991+0000] {processor.py:830} INFO - Processing file /home/airflow/.local/lib/python3.12/site-packages/airflow/example_dags/example_skip_dag.py for tasks to queue
[2026-05-19T14:44:31.992+0000] {logging_mixin.py:188} INFO - [2026-05-19T14:44:31.992+0000] {dagbag.py:545} INFO - Filling up the DagBag from /home/airflow/.local/lib/python3.12/site-packages/airflow/example_dags/example_skip_dag.py
[2026-05-19T14:44:31.998+0000] {processor.py:840} INFO - DAG(s) 'example_skip_dag' retrieved from /home/airflow/.local/lib/python3.12/site-packages/airflow/example_dags/example_skip_dag.py
[2026-05-19T14:44:32.015+0000] {logging_mixin.py:188} INFO - [2026-05-19T14:44:32.014+0000] {dag.py:3089} INFO - Sync 1 DAGs
[2026-05-19T14:44:32.033+0000] {logging_mixin.py:188} INFO - [2026-05-19T14:44:32.033+0000] {dag.py:3947} INFO - Setting next_dagrun for example_skip_dag to 2026-05-18 00:00:00+00:00, run_after=2026-05-19 00:00:00+00:00
[2026-05-19T14:44:32.047+0000] {processor.py:183} INFO - Processing /home/airflow/.local/lib/python3.12/site-packages/airflow/example_dags/example_skip_dag.py took 0.061 seconds
[2026-05-19T14:45:02.539+0000] {processor.py:161} INFO - Started process (PID=1063) to work on /home/airflow/.local/lib/python3.12/site-packages/airflow/example_dags/example_skip_dag.py
[2026-05-19T14:45:02.540+0000] {processor.py:830} INFO - Processing file /home/airflow/.local/lib/python3.12/site-packages/airflow/example_dags/example_skip_dag.py for tasks to queue
[2026-05-19T14:45:02.542+0000] {logging_mixin.py:188} INFO - [2026-05-19T14:45:02.541+0000] {dagbag.py:545} INFO - Filling up the DagBag from /home/airflow/.local/lib/python3.12/site-packages/airflow/example_dags/example_skip_dag.py
[2026-05-19T14:45:02.549+0000] {processor.py:840} INFO - DAG(s) 'example_skip_dag' retrieved from /home/airflow/.local/lib/python3.12/site-packages/airflow/example_dags/example_skip_dag.py
[2026-05-19T14:45:02.572+0000] {logging_mixin.py:188} INFO - [2026-05-19T14:45:02.572+0000] {dag.py:3089} INFO - Sync 1 DAGs
[2026-05-19T14:45:02.592+0000] {logging_mixin.py:188} INFO - [2026-05-19T14:45:02.591+0000] {dag.py:3947} INFO - Setting next_dagrun for example_skip_dag to 2026-05-18 00:00:00+00:00, run_after=2026-05-19 00:00:00+00:00
[2026-05-19T14:45:02.608+0000] {processor.py:183} INFO - Processing /home/airflow/.local/lib/python3.12/site-packages/airflow/example_dags/example_skip_dag.py took 0.076 seconds
[2026-05-19T14:45:32.958+0000] {processor.py:161} INFO - Started process (PID=1121) to work on /home/airflow/.local/lib/python3.12/site-packages/airflow/example_dags/example_skip_dag.py
[2026-05-19T14:45:32.958+0000] {processor.py:830} INFO - Processing file /home/airflow/.local/lib/python3.12/site-packages/airflow/example_dags/example_skip_dag.py for tasks to queue
[2026-05-19T14:45:32.959+0000] {logging_mixin.py:188} INFO - [2026-05-19T14:45:32.959+0000] {dagbag.py:545} INFO - Filling up the DagBag from /home/airflow/.local/lib/python3.12/site-packages/airflow/example_dags/example_skip_dag.py
[2026-05-19T14:45:32.965+0000] {processor.py:840} INFO - DAG(s) 'example_skip_dag' retrieved from /home/airflow/.local/lib/python3.12/site-packages/airflow/example_dags/example_skip_dag.py
[2026-05-19T14:45:32.982+0000] {logging_mixin.py:188} INFO - [2026-05-19T14:45:32.981+0000] {dag.py:3089} INFO - Sync 1 DAGs
[2026-05-19T14:45:33.000+0000] {logging_mixin.py:188} INFO - [2026-05-19T14:45:32.999+0000] {dag.py:3947} INFO - Setting next_dagrun for example_skip_dag to 2026-05-18 00:00:00+00:00, run_after=2026-05-19 00:00:00+00:00
[2026-05-19T14:45:33.014+0000] {processor.py:183} INFO - Processing /home/airflow/.local/lib/python3.12/site-packages/airflow/example_dags/example_skip_dag.py took 0.061 seconds
[2026-05-19T14:46:03.205+0000] {processor.py:161} INFO - Started process (PID=1179) to work on /home/airflow/.local/lib/python3.12/site-packages/airflow/example_dags/example_skip_dag.py
[2026-05-19T14:46:03.206+0000] {processor.py:830} INFO - Processing file /home/airflow/.local/lib/python3.12/site-packages/airflow/example_dags/example_skip_dag.py for tasks to queue
[2026-05-19T14:46:03.207+0000] {logging_mixin.py:188} INFO - [2026-05-19T14:46:03.207+0000] {dagbag.py:545} INFO - Filling up the DagBag from /home/airflow/.local/lib/python3.12/site-packages/airflow/example_dags/example_skip_dag.py
[2026-05-19T14:46:03.212+0000] {processor.py:840} INFO - DAG(s) 'example_skip_dag' retrieved from /home/airflow/.local/lib/python3.12/site-packages/airflow/example_dags/example_skip_dag.py
[2026-05-19T14:46:03.228+0000] {logging_mixin.py:188} INFO - [2026-05-19T14:46:03.228+0000] {dag.py:3089} INFO - Sync 1 DAGs
[2026-05-19T14:46:03.245+0000] {logging_mixin.py:188} INFO - [2026-05-19T14:46:03.245+0000] {dag.py:3947} INFO - Setting next_dagrun for example_skip_dag to 2026-05-18 00:00:00+00:00, run_after=2026-05-19 00:00:00+00:00
[2026-05-19T14:46:03.262+0000] {processor.py:183} INFO - Processing /home/airflow/.local/lib/python3.12/site-packages/airflow/example_dags/example_skip_dag.py took 0.062 seconds
[2026-05-19T14:46:33.886+0000] {processor.py:161} INFO - Started process (PID=1237) to work on /home/airflow/.local/lib/python3.12/site-packages/airflow/example_dags/example_skip_dag.py
[2026-05-19T14:46:33.886+0000] {processor.py:830} INFO - Processing file /home/airflow/.local/lib/python3.12/site-packages/airflow/example_dags/example_skip_dag.py for tasks to queue
[2026-05-19T14:46:33.888+0000] {logging_mixin.py:188} INFO - [2026-05-19T14:46:33.888+0000] {dagbag.py:545} INFO - Filling up the DagBag from /home/airflow/.local/lib/python3.12/site-packages/airflow/example_dags/example_skip_dag.py
[2026-05-19T14:46:33.893+0000] {processor.py:840} INFO - DAG(s) 'example_skip_dag' retrieved from /home/airflow/.local/lib/python3.12/site-packages/airflow/example_dags/example_skip_dag.py
[2026-05-19T14:46:33.910+0000] {logging_mixin.py:188} INFO - [2026-05-19T14:46:33.910+0000] {dag.py:3089} INFO - Sync 1 DAGs
[2026-05-19T14:46:33.929+0000] {logging_mixin.py:188} INFO - [2026-05-19T14:46:33.929+0000] {dag.py:3947} INFO - Setting next_dagrun for example_skip_dag to 2026-05-18 00:00:00+00:00, run_after=2026-05-19 00:00:00+00:00
[2026-05-19T14:46:33.944+0000] {processor.py:183} INFO - Processing /home/airflow/.local/lib/python3.12/site-packages/airflow/example_dags/example_skip_dag.py took 0.062 seconds
[2026-05-19T14:47:05.054+0000] {processor.py:161} INFO - Started process (PID=1295) to work on /home/airflow/.local/lib/python3.12/site-packages/airflow/example_dags/example_skip_dag.py
[2026-05-19T14:47:05.056+0000] {processor.py:830} INFO - Processing file /home/airflow/.local/lib/python3.12/site-packages/airflow/example_dags/example_skip_dag.py for tasks to queue
[2026-05-19T14:47:05.057+0000] {logging_mixin.py:188} INFO - [2026-05-19T14:47:05.057+0000] {dagbag.py:545} INFO - Filling up the DagBag from /home/airflow/.local/lib/python3.12/site-packages/airflow/example_dags/example_skip_dag.py
[2026-05-19T14:47:05.063+0000] {processor.py:840} INFO - DAG(s) 'example_skip_dag' retrieved from /home/airflow/.local/lib/python3.12/site-packages/airflow/example_dags/example_skip_dag.py
[2026-05-19T14:47:05.079+0000] {logging_mixin.py:188} INFO - [2026-05-19T14:47:05.079+0000] {dag.py:3089} INFO - Sync 1 DAGs
[2026-05-19T14:47:05.098+0000] {logging_mixin.py:188} INFO - [2026-05-19T14:47:05.098+0000] {dag.py:3947} INFO - Setting next_dagrun for example_skip_dag to 2026-05-18 00:00:00+00:00, run_after=2026-05-19 00:00:00+00:00
[2026-05-19T14:47:05.114+0000] {processor.py:183} INFO - Processing /home/airflow/.local/lib/python3.12/site-packages/airflow/example_dags/example_skip_dag.py took 0.065 seconds
[2026-05-19T14:47:35.399+0000] {processor.py:161} INFO - Started process (PID=1353) to work on /home/airflow/.local/lib/python3.12/site-packages/airflow/example_dags/example_skip_dag.py
[2026-05-19T14:47:35.400+0000] {processor.py:830} INFO - Processing file /home/airflow/.local/lib/python3.12/site-packages/airflow/example_dags/example_skip_dag.py for tasks to queue
[2026-05-19T14:47:35.401+0000] {logging_mixin.py:188} INFO - [2026-05-19T14:47:35.401+0000] {dagbag.py:545} INFO - Filling up the DagBag from /home/airflow/.local/lib/python3.12/site-packages/airflow/example_dags/example_skip_dag.py
[2026-05-19T14:47:35.406+0000] {processor.py:840} INFO - DAG(s) 'example_skip_dag' retrieved from /home/airflow/.local/lib/python3.12/site-packages/airflow/example_dags/example_skip_dag.py
[2026-05-19T14:47:35.425+0000] {logging_mixin.py:188} INFO - [2026-05-19T14:47:35.424+0000] {dag.py:3089} INFO - Sync 1 DAGs
[2026-05-19T14:47:35.442+0000] {logging_mixin.py:188} INFO - [2026-05-19T14:47:35.442+0000] {dag.py:3947} INFO - Setting next_dagrun for example_skip_dag to 2026-05-18 00:00:00+00:00, run_after=2026-05-19 00:00:00+00:00
[2026-05-19T14:47:35.457+0000] {processor.py:183} INFO - Processing /home/airflow/.local/lib/python3.12/site-packages/airflow/example_dags/example_skip_dag.py took 0.062 seconds
[2026-05-19T14:48:12.028+0000] {processor.py:161} INFO - Started process (PID=1410) to work on /home/airflow/.local/lib/python3.12/site-packages/airflow/example_dags/example_skip_dag.py
[2026-05-19T14:48:12.030+0000] {processor.py:830} INFO - Processing file /home/airflow/.local/lib/python3.12/site-packages/airflow/example_dags/example_skip_dag.py for tasks to queue
[2026-05-19T14:48:12.031+0000] {logging_mixin.py:188} INFO - [2026-05-19T14:48:12.031+0000] {dagbag.py:545} INFO - Filling up the DagBag from /home/airflow/.local/lib/python3.12/site-packages/airflow/example_dags/example_skip_dag.py
[2026-05-19T14:48:12.037+0000] {processor.py:840} INFO - DAG(s) 'example_skip_dag' retrieved from /home/airflow/.local/lib/python3.12/site-packages/airflow/example_dags/example_skip_dag.py
[2026-05-19T14:48:12.056+0000] {logging_mixin.py:188} INFO - [2026-05-19T14:48:12.056+0000] {dag.py:3089} INFO - Sync 1 DAGs
[2026-05-19T14:48:12.080+0000] {logging_mixin.py:188} INFO - [2026-05-19T14:48:12.079+0000] {dag.py:3947} INFO - Setting next_dagrun for example_skip_dag to 2026-05-18 00:00:00+00:00, run_after=2026-05-19 00:00:00+00:00
[2026-05-19T14:48:12.099+0000] {processor.py:183} INFO - Processing /home/airflow/.local/lib/python3.12/site-packages/airflow/example_dags/example_skip_dag.py took 0.076 seconds
[2026-05-19T14:48:42.478+0000] {processor.py:161} INFO - Started process (PID=1466) to work on /home/airflow/.local/lib/python3.12/site-packages/airflow/example_dags/example_skip_dag.py
[2026-05-19T14:48:42.478+0000] {processor.py:830} INFO - Processing file /home/airflow/.local/lib/python3.12/site-packages/airflow/example_dags/example_skip_dag.py for tasks to queue
[2026-05-19T14:48:42.480+0000] {logging_mixin.py:188} INFO - [2026-05-19T14:48:42.479+0000] {dagbag.py:545} INFO - Filling up the DagBag from /home/airflow/.local/lib/python3.12/site-packages/airflow/example_dags/example_skip_dag.py
[2026-05-19T14:48:42.485+0000] {processor.py:840} INFO - DAG(s) 'example_skip_dag' retrieved from /home/airflow/.local/lib/python3.12/site-packages/airflow/example_dags/example_skip_dag.py
[2026-05-19T14:48:42.502+0000] {logging_mixin.py:188} INFO - [2026-05-19T14:48:42.502+0000] {dag.py:3089} INFO - Sync 1 DAGs
[2026-05-19T14:48:42.521+0000] {logging_mixin.py:188} INFO - [2026-05-19T14:48:42.520+0000] {dag.py:3947} INFO - Setting next_dagrun for example_skip_dag to 2026-05-18 00:00:00+00:00, run_after=2026-05-19 00:00:00+00:00
[2026-05-19T14:48:42.535+0000] {processor.py:183} INFO - Processing /home/airflow/.local/lib/python3.12/site-packages/airflow/example_dags/example_skip_dag.py took 0.062 seconds
[2026-05-19T14:49:13.218+0000] {processor.py:161} INFO - Started process (PID=1524) to work on /home/airflow/.local/lib/python3.12/site-packages/airflow/example_dags/example_skip_dag.py
[2026-05-19T14:49:13.219+0000] {processor.py:830} INFO - Processing file /home/airflow/.local/lib/python3.12/site-packages/airflow/example_dags/example_skip_dag.py for tasks to queue
[2026-05-19T14:49:13.221+0000] {logging_mixin.py:188} INFO - [2026-05-19T14:49:13.221+0000] {dagbag.py:545} INFO - Filling up the DagBag from /home/airflow/.local/lib/python3.12/site-packages/airflow/example_dags/example_skip_dag.py
[2026-05-19T14:49:13.228+0000] {processor.py:840} INFO - DAG(s) 'example_skip_dag' retrieved from /home/airflow/.local/lib/python3.12/site-packages/airflow/example_dags/example_skip_dag.py
[2026-05-19T14:49:13.252+0000] {logging_mixin.py:188} INFO - [2026-05-19T14:49:13.251+0000] {dag.py:3089} INFO - Sync 1 DAGs
[2026-05-19T14:49:13.278+0000] {logging_mixin.py:188} INFO - [2026-05-19T14:49:13.277+0000] {dag.py:3947} INFO - Setting next_dagrun for example_skip_dag to 2026-05-18 00:00:00+00:00, run_after=2026-05-19 00:00:00+00:00
[2026-05-19T14:49:13.296+0000] {processor.py:183} INFO - Processing /home/airflow/.local/lib/python3.12/site-packages/airflow/example_dags/example_skip_dag.py took 0.083 seconds
[2026-05-19T14:49:43.374+0000] {processor.py:161} INFO - Started process (PID=1582) to work on /home/airflow/.local/lib/python3.12/site-packages/airflow/example_dags/example_skip_dag.py
[2026-05-19T14:49:43.375+0000] {processor.py:830} INFO - Processing file /home/airflow/.local/lib/python3.12/site-packages/airflow/example_dags/example_skip_dag.py for tasks to queue
[2026-05-19T14:49:43.376+0000] {logging_mixin.py:188} INFO - [2026-05-19T14:49:43.376+0000] {dagbag.py:545} INFO - Filling up the DagBag from /home/airflow/.local/lib/python3.12/site-packages/airflow/example_dags/example_skip_dag.py
[2026-05-19T14:49:43.382+0000] {processor.py:840} INFO - DAG(s) 'example_skip_dag' retrieved from /home/airflow/.local/lib/python3.12/site-packages/airflow/example_dags/example_skip_dag.py
[2026-05-19T14:49:43.399+0000] {logging_mixin.py:188} INFO - [2026-05-19T14:49:43.399+0000] {dag.py:3089} INFO - Sync 1 DAGs
[2026-05-19T14:49:43.418+0000] {logging_mixin.py:188} INFO - [2026-05-19T14:49:43.418+0000] {dag.py:3947} INFO - Setting next_dagrun for example_skip_dag to 2026-05-18 00:00:00+00:00, run_after=2026-05-19 00:00:00+00:00
[2026-05-19T14:49:43.433+0000] {processor.py:183} INFO - Processing /home/airflow/.local/lib/python3.12/site-packages/airflow/example_dags/example_skip_dag.py took 0.063 seconds
