[2026-05-19T14:36:22.679+0000] {processor.py:161} INFO - Started process (PID=66) to work on /home/airflow/.local/lib/python3.12/site-packages/airflow/example_dags/example_task_group_decorator.py
[2026-05-19T14:36:22.680+0000] {processor.py:830} INFO - Processing file /home/airflow/.local/lib/python3.12/site-packages/airflow/example_dags/example_task_group_decorator.py for tasks to queue
[2026-05-19T14:36:22.682+0000] {logging_mixin.py:188} INFO - [2026-05-19T14:36:22.682+0000] {dagbag.py:545} INFO - Filling up the DagBag from /home/airflow/.local/lib/python3.12/site-packages/airflow/example_dags/example_task_group_decorator.py
[2026-05-19T14:36:22.697+0000] {processor.py:840} INFO - DAG(s) 'example_task_group_decorator' retrieved from /home/airflow/.local/lib/python3.12/site-packages/airflow/example_dags/example_task_group_decorator.py
[2026-05-19T14:36:22.721+0000] {logging_mixin.py:188} INFO - [2026-05-19T14:36:22.721+0000] {dag.py:3089} INFO - Sync 1 DAGs
[2026-05-19T14:36:22.740+0000] {logging_mixin.py:188} INFO - [2026-05-19T14:36:22.740+0000] {dag.py:3947} INFO - Setting next_dagrun for example_task_group_decorator to 2026-05-18 00:00:00+00:00, run_after=2026-05-19 00:00:00+00:00
[2026-05-19T14:36:22.760+0000] {processor.py:183} INFO - Processing /home/airflow/.local/lib/python3.12/site-packages/airflow/example_dags/example_task_group_decorator.py took 0.086 seconds
[2026-05-19T14:36:53.688+0000] {processor.py:161} INFO - Started process (PID=124) to work on /home/airflow/.local/lib/python3.12/site-packages/airflow/example_dags/example_task_group_decorator.py
[2026-05-19T14:36:53.689+0000] {processor.py:830} INFO - Processing file /home/airflow/.local/lib/python3.12/site-packages/airflow/example_dags/example_task_group_decorator.py for tasks to queue
[2026-05-19T14:36:53.690+0000] {logging_mixin.py:188} INFO - [2026-05-19T14:36:53.690+0000] {dagbag.py:545} INFO - Filling up the DagBag from /home/airflow/.local/lib/python3.12/site-packages/airflow/example_dags/example_task_group_decorator.py
[2026-05-19T14:36:53.702+0000] {processor.py:840} INFO - DAG(s) 'example_task_group_decorator' retrieved from /home/airflow/.local/lib/python3.12/site-packages/airflow/example_dags/example_task_group_decorator.py
[2026-05-19T14:36:53.723+0000] {logging_mixin.py:188} INFO - [2026-05-19T14:36:53.722+0000] {dag.py:3089} INFO - Sync 1 DAGs
[2026-05-19T14:36:53.741+0000] {logging_mixin.py:188} INFO - [2026-05-19T14:36:53.740+0000] {dag.py:3947} INFO - Setting next_dagrun for example_task_group_decorator to 2026-05-18 00:00:00+00:00, run_after=2026-05-19 00:00:00+00:00
[2026-05-19T14:36:53.755+0000] {processor.py:183} INFO - Processing /home/airflow/.local/lib/python3.12/site-packages/airflow/example_dags/example_task_group_decorator.py took 0.072 seconds
[2026-05-19T14:37:23.922+0000] {processor.py:161} INFO - Started process (PID=182) to work on /home/airflow/.local/lib/python3.12/site-packages/airflow/example_dags/example_task_group_decorator.py
[2026-05-19T14:37:23.923+0000] {processor.py:830} INFO - Processing file /home/airflow/.local/lib/python3.12/site-packages/airflow/example_dags/example_task_group_decorator.py for tasks to queue
[2026-05-19T14:37:23.924+0000] {logging_mixin.py:188} INFO - [2026-05-19T14:37:23.924+0000] {dagbag.py:545} INFO - Filling up the DagBag from /home/airflow/.local/lib/python3.12/site-packages/airflow/example_dags/example_task_group_decorator.py
[2026-05-19T14:37:23.936+0000] {processor.py:840} INFO - DAG(s) 'example_task_group_decorator' retrieved from /home/airflow/.local/lib/python3.12/site-packages/airflow/example_dags/example_task_group_decorator.py
[2026-05-19T14:37:23.957+0000] {logging_mixin.py:188} INFO - [2026-05-19T14:37:23.956+0000] {dag.py:3089} INFO - Sync 1 DAGs
[2026-05-19T14:37:23.974+0000] {logging_mixin.py:188} INFO - [2026-05-19T14:37:23.974+0000] {dag.py:3947} INFO - Setting next_dagrun for example_task_group_decorator to 2026-05-18 00:00:00+00:00, run_after=2026-05-19 00:00:00+00:00
[2026-05-19T14:37:23.989+0000] {processor.py:183} INFO - Processing /home/airflow/.local/lib/python3.12/site-packages/airflow/example_dags/example_task_group_decorator.py took 0.071 seconds
[2026-05-19T14:37:54.334+0000] {processor.py:161} INFO - Started process (PID=240) to work on /home/airflow/.local/lib/python3.12/site-packages/airflow/example_dags/example_task_group_decorator.py
[2026-05-19T14:37:54.335+0000] {processor.py:830} INFO - Processing file /home/airflow/.local/lib/python3.12/site-packages/airflow/example_dags/example_task_group_decorator.py for tasks to queue
[2026-05-19T14:37:54.336+0000] {logging_mixin.py:188} INFO - [2026-05-19T14:37:54.336+0000] {dagbag.py:545} INFO - Filling up the DagBag from /home/airflow/.local/lib/python3.12/site-packages/airflow/example_dags/example_task_group_decorator.py
[2026-05-19T14:37:54.348+0000] {processor.py:840} INFO - DAG(s) 'example_task_group_decorator' retrieved from /home/airflow/.local/lib/python3.12/site-packages/airflow/example_dags/example_task_group_decorator.py
[2026-05-19T14:37:54.368+0000] {logging_mixin.py:188} INFO - [2026-05-19T14:37:54.368+0000] {dag.py:3089} INFO - Sync 1 DAGs
[2026-05-19T14:37:54.385+0000] {logging_mixin.py:188} INFO - [2026-05-19T14:37:54.385+0000] {dag.py:3947} INFO - Setting next_dagrun for example_task_group_decorator to 2026-05-18 00:00:00+00:00, run_after=2026-05-19 00:00:00+00:00
[2026-05-19T14:37:54.400+0000] {processor.py:183} INFO - Processing /home/airflow/.local/lib/python3.12/site-packages/airflow/example_dags/example_task_group_decorator.py took 0.071 seconds
[2026-05-19T14:38:24.643+0000] {processor.py:161} INFO - Started process (PID=298) to work on /home/airflow/.local/lib/python3.12/site-packages/airflow/example_dags/example_task_group_decorator.py
[2026-05-19T14:38:24.644+0000] {processor.py:830} INFO - Processing file /home/airflow/.local/lib/python3.12/site-packages/airflow/example_dags/example_task_group_decorator.py for tasks to queue
[2026-05-19T14:38:24.645+0000] {logging_mixin.py:188} INFO - [2026-05-19T14:38:24.645+0000] {dagbag.py:545} INFO - Filling up the DagBag from /home/airflow/.local/lib/python3.12/site-packages/airflow/example_dags/example_task_group_decorator.py
[2026-05-19T14:38:24.657+0000] {processor.py:840} INFO - DAG(s) 'example_task_group_decorator' retrieved from /home/airflow/.local/lib/python3.12/site-packages/airflow/example_dags/example_task_group_decorator.py
[2026-05-19T14:38:24.677+0000] {logging_mixin.py:188} INFO - [2026-05-19T14:38:24.677+0000] {dag.py:3089} INFO - Sync 1 DAGs
[2026-05-19T14:38:24.695+0000] {logging_mixin.py:188} INFO - [2026-05-19T14:38:24.694+0000] {dag.py:3947} INFO - Setting next_dagrun for example_task_group_decorator to 2026-05-18 00:00:00+00:00, run_after=2026-05-19 00:00:00+00:00
[2026-05-19T14:38:24.709+0000] {processor.py:183} INFO - Processing /home/airflow/.local/lib/python3.12/site-packages/airflow/example_dags/example_task_group_decorator.py took 0.071 seconds
[2026-05-19T14:38:54.932+0000] {processor.py:161} INFO - Started process (PID=356) to work on /home/airflow/.local/lib/python3.12/site-packages/airflow/example_dags/example_task_group_decorator.py
[2026-05-19T14:38:54.933+0000] {processor.py:830} INFO - Processing file /home/airflow/.local/lib/python3.12/site-packages/airflow/example_dags/example_task_group_decorator.py for tasks to queue
[2026-05-19T14:38:54.934+0000] {logging_mixin.py:188} INFO - [2026-05-19T14:38:54.934+0000] {dagbag.py:545} INFO - Filling up the DagBag from /home/airflow/.local/lib/python3.12/site-packages/airflow/example_dags/example_task_group_decorator.py
[2026-05-19T14:38:54.946+0000] {processor.py:840} INFO - DAG(s) 'example_task_group_decorator' retrieved from /home/airflow/.local/lib/python3.12/site-packages/airflow/example_dags/example_task_group_decorator.py
[2026-05-19T14:38:54.966+0000] {logging_mixin.py:188} INFO - [2026-05-19T14:38:54.966+0000] {dag.py:3089} INFO - Sync 1 DAGs
[2026-05-19T14:38:54.984+0000] {logging_mixin.py:188} INFO - [2026-05-19T14:38:54.984+0000] {dag.py:3947} INFO - Setting next_dagrun for example_task_group_decorator to 2026-05-18 00:00:00+00:00, run_after=2026-05-19 00:00:00+00:00
[2026-05-19T14:38:54.999+0000] {processor.py:183} INFO - Processing /home/airflow/.local/lib/python3.12/site-packages/airflow/example_dags/example_task_group_decorator.py took 0.071 seconds
[2026-05-19T14:39:25.347+0000] {processor.py:161} INFO - Started process (PID=414) to work on /home/airflow/.local/lib/python3.12/site-packages/airflow/example_dags/example_task_group_decorator.py
[2026-05-19T14:39:25.348+0000] {processor.py:830} INFO - Processing file /home/airflow/.local/lib/python3.12/site-packages/airflow/example_dags/example_task_group_decorator.py for tasks to queue
[2026-05-19T14:39:25.350+0000] {logging_mixin.py:188} INFO - [2026-05-19T14:39:25.349+0000] {dagbag.py:545} INFO - Filling up the DagBag from /home/airflow/.local/lib/python3.12/site-packages/airflow/example_dags/example_task_group_decorator.py
[2026-05-19T14:39:25.361+0000] {processor.py:840} INFO - DAG(s) 'example_task_group_decorator' retrieved from /home/airflow/.local/lib/python3.12/site-packages/airflow/example_dags/example_task_group_decorator.py
[2026-05-19T14:39:25.382+0000] {logging_mixin.py:188} INFO - [2026-05-19T14:39:25.381+0000] {dag.py:3089} INFO - Sync 1 DAGs
[2026-05-19T14:39:25.399+0000] {logging_mixin.py:188} INFO - [2026-05-19T14:39:25.399+0000] {dag.py:3947} INFO - Setting next_dagrun for example_task_group_decorator to 2026-05-18 00:00:00+00:00, run_after=2026-05-19 00:00:00+00:00
[2026-05-19T14:39:25.415+0000] {processor.py:183} INFO - Processing /home/airflow/.local/lib/python3.12/site-packages/airflow/example_dags/example_task_group_decorator.py took 0.072 seconds
[2026-05-19T14:39:55.888+0000] {processor.py:161} INFO - Started process (PID=472) to work on /home/airflow/.local/lib/python3.12/site-packages/airflow/example_dags/example_task_group_decorator.py
[2026-05-19T14:39:55.889+0000] {processor.py:830} INFO - Processing file /home/airflow/.local/lib/python3.12/site-packages/airflow/example_dags/example_task_group_decorator.py for tasks to queue
[2026-05-19T14:39:55.890+0000] {logging_mixin.py:188} INFO - [2026-05-19T14:39:55.890+0000] {dagbag.py:545} INFO - Filling up the DagBag from /home/airflow/.local/lib/python3.12/site-packages/airflow/example_dags/example_task_group_decorator.py
[2026-05-19T14:39:55.902+0000] {processor.py:840} INFO - DAG(s) 'example_task_group_decorator' retrieved from /home/airflow/.local/lib/python3.12/site-packages/airflow/example_dags/example_task_group_decorator.py
[2026-05-19T14:39:55.924+0000] {logging_mixin.py:188} INFO - [2026-05-19T14:39:55.924+0000] {dag.py:3089} INFO - Sync 1 DAGs
[2026-05-19T14:39:55.943+0000] {logging_mixin.py:188} INFO - [2026-05-19T14:39:55.943+0000] {dag.py:3947} INFO - Setting next_dagrun for example_task_group_decorator to 2026-05-18 00:00:00+00:00, run_after=2026-05-19 00:00:00+00:00
[2026-05-19T14:39:55.959+0000] {processor.py:183} INFO - Processing /home/airflow/.local/lib/python3.12/site-packages/airflow/example_dags/example_task_group_decorator.py took 0.076 seconds
[2026-05-19T14:40:26.367+0000] {processor.py:161} INFO - Started process (PID=529) to work on /home/airflow/.local/lib/python3.12/site-packages/airflow/example_dags/example_task_group_decorator.py
[2026-05-19T14:40:26.368+0000] {processor.py:830} INFO - Processing file /home/airflow/.local/lib/python3.12/site-packages/airflow/example_dags/example_task_group_decorator.py for tasks to queue
[2026-05-19T14:40:26.369+0000] {logging_mixin.py:188} INFO - [2026-05-19T14:40:26.369+0000] {dagbag.py:545} INFO - Filling up the DagBag from /home/airflow/.local/lib/python3.12/site-packages/airflow/example_dags/example_task_group_decorator.py
[2026-05-19T14:40:26.381+0000] {processor.py:840} INFO - DAG(s) 'example_task_group_decorator' retrieved from /home/airflow/.local/lib/python3.12/site-packages/airflow/example_dags/example_task_group_decorator.py
[2026-05-19T14:40:26.402+0000] {logging_mixin.py:188} INFO - [2026-05-19T14:40:26.402+0000] {dag.py:3089} INFO - Sync 1 DAGs
[2026-05-19T14:40:26.419+0000] {logging_mixin.py:188} INFO - [2026-05-19T14:40:26.419+0000] {dag.py:3947} INFO - Setting next_dagrun for example_task_group_decorator to 2026-05-18 00:00:00+00:00, run_after=2026-05-19 00:00:00+00:00
[2026-05-19T14:40:26.434+0000] {processor.py:183} INFO - Processing /home/airflow/.local/lib/python3.12/site-packages/airflow/example_dags/example_task_group_decorator.py took 0.072 seconds
[2026-05-19T14:40:56.691+0000] {processor.py:161} INFO - Started process (PID=587) to work on /home/airflow/.local/lib/python3.12/site-packages/airflow/example_dags/example_task_group_decorator.py
[2026-05-19T14:40:56.691+0000] {processor.py:830} INFO - Processing file /home/airflow/.local/lib/python3.12/site-packages/airflow/example_dags/example_task_group_decorator.py for tasks to queue
[2026-05-19T14:40:56.693+0000] {logging_mixin.py:188} INFO - [2026-05-19T14:40:56.693+0000] {dagbag.py:545} INFO - Filling up the DagBag from /home/airflow/.local/lib/python3.12/site-packages/airflow/example_dags/example_task_group_decorator.py
[2026-05-19T14:40:56.706+0000] {processor.py:840} INFO - DAG(s) 'example_task_group_decorator' retrieved from /home/airflow/.local/lib/python3.12/site-packages/airflow/example_dags/example_task_group_decorator.py
[2026-05-19T14:40:56.728+0000] {logging_mixin.py:188} INFO - [2026-05-19T14:40:56.728+0000] {dag.py:3089} INFO - Sync 1 DAGs
[2026-05-19T14:40:56.748+0000] {logging_mixin.py:188} INFO - [2026-05-19T14:40:56.748+0000] {dag.py:3947} INFO - Setting next_dagrun for example_task_group_decorator to 2026-05-18 00:00:00+00:00, run_after=2026-05-19 00:00:00+00:00
[2026-05-19T14:40:56.773+0000] {processor.py:183} INFO - Processing /home/airflow/.local/lib/python3.12/site-packages/airflow/example_dags/example_task_group_decorator.py took 0.088 seconds
[2026-05-19T14:41:26.900+0000] {processor.py:161} INFO - Started process (PID=652) to work on /home/airflow/.local/lib/python3.12/site-packages/airflow/example_dags/example_task_group_decorator.py
[2026-05-19T14:41:26.901+0000] {processor.py:830} INFO - Processing file /home/airflow/.local/lib/python3.12/site-packages/airflow/example_dags/example_task_group_decorator.py for tasks to queue
[2026-05-19T14:41:26.904+0000] {logging_mixin.py:188} INFO - [2026-05-19T14:41:26.904+0000] {dagbag.py:545} INFO - Filling up the DagBag from /home/airflow/.local/lib/python3.12/site-packages/airflow/example_dags/example_task_group_decorator.py
[2026-05-19T14:41:26.920+0000] {processor.py:840} INFO - DAG(s) 'example_task_group_decorator' retrieved from /home/airflow/.local/lib/python3.12/site-packages/airflow/example_dags/example_task_group_decorator.py
[2026-05-19T14:41:26.968+0000] {logging_mixin.py:188} INFO - [2026-05-19T14:41:26.967+0000] {dag.py:3089} INFO - Sync 1 DAGs
[2026-05-19T14:41:27.005+0000] {logging_mixin.py:188} INFO - [2026-05-19T14:41:27.005+0000] {dag.py:3947} INFO - Setting next_dagrun for example_task_group_decorator to 2026-05-18 00:00:00+00:00, run_after=2026-05-19 00:00:00+00:00
[2026-05-19T14:41:27.042+0000] {processor.py:183} INFO - Processing /home/airflow/.local/lib/python3.12/site-packages/airflow/example_dags/example_task_group_decorator.py took 0.150 seconds
[2026-05-19T14:41:59.004+0000] {processor.py:161} INFO - Started process (PID=709) to work on /home/airflow/.local/lib/python3.12/site-packages/airflow/example_dags/example_task_group_decorator.py
[2026-05-19T14:41:59.004+0000] {processor.py:830} INFO - Processing file /home/airflow/.local/lib/python3.12/site-packages/airflow/example_dags/example_task_group_decorator.py for tasks to queue
[2026-05-19T14:41:59.006+0000] {logging_mixin.py:188} INFO - [2026-05-19T14:41:59.006+0000] {dagbag.py:545} INFO - Filling up the DagBag from /home/airflow/.local/lib/python3.12/site-packages/airflow/example_dags/example_task_group_decorator.py
[2026-05-19T14:41:59.020+0000] {processor.py:840} INFO - DAG(s) 'example_task_group_decorator' retrieved from /home/airflow/.local/lib/python3.12/site-packages/airflow/example_dags/example_task_group_decorator.py
[2026-05-19T14:41:59.044+0000] {logging_mixin.py:188} INFO - [2026-05-19T14:41:59.044+0000] {dag.py:3089} INFO - Sync 1 DAGs
[2026-05-19T14:41:59.067+0000] {logging_mixin.py:188} INFO - [2026-05-19T14:41:59.066+0000] {dag.py:3947} INFO - Setting next_dagrun for example_task_group_decorator to 2026-05-18 00:00:00+00:00, run_after=2026-05-19 00:00:00+00:00
[2026-05-19T14:41:59.086+0000] {processor.py:183} INFO - Processing /home/airflow/.local/lib/python3.12/site-packages/airflow/example_dags/example_task_group_decorator.py took 0.088 seconds
[2026-05-19T14:42:29.435+0000] {processor.py:161} INFO - Started process (PID=768) to work on /home/airflow/.local/lib/python3.12/site-packages/airflow/example_dags/example_task_group_decorator.py
[2026-05-19T14:42:29.436+0000] {processor.py:830} INFO - Processing file /home/airflow/.local/lib/python3.12/site-packages/airflow/example_dags/example_task_group_decorator.py for tasks to queue
[2026-05-19T14:42:29.438+0000] {logging_mixin.py:188} INFO - [2026-05-19T14:42:29.438+0000] {dagbag.py:545} INFO - Filling up the DagBag from /home/airflow/.local/lib/python3.12/site-packages/airflow/example_dags/example_task_group_decorator.py
[2026-05-19T14:42:29.451+0000] {processor.py:840} INFO - DAG(s) 'example_task_group_decorator' retrieved from /home/airflow/.local/lib/python3.12/site-packages/airflow/example_dags/example_task_group_decorator.py
[2026-05-19T14:42:29.474+0000] {logging_mixin.py:188} INFO - [2026-05-19T14:42:29.474+0000] {dag.py:3089} INFO - Sync 1 DAGs
[2026-05-19T14:42:29.494+0000] {logging_mixin.py:188} INFO - [2026-05-19T14:42:29.494+0000] {dag.py:3947} INFO - Setting next_dagrun for example_task_group_decorator to 2026-05-18 00:00:00+00:00, run_after=2026-05-19 00:00:00+00:00
[2026-05-19T14:42:29.511+0000] {processor.py:183} INFO - Processing /home/airflow/.local/lib/python3.12/site-packages/airflow/example_dags/example_task_group_decorator.py took 0.081 seconds
[2026-05-19T14:43:00.036+0000] {processor.py:161} INFO - Started process (PID=826) to work on /home/airflow/.local/lib/python3.12/site-packages/airflow/example_dags/example_task_group_decorator.py
[2026-05-19T14:43:00.037+0000] {processor.py:830} INFO - Processing file /home/airflow/.local/lib/python3.12/site-packages/airflow/example_dags/example_task_group_decorator.py for tasks to queue
[2026-05-19T14:43:00.038+0000] {logging_mixin.py:188} INFO - [2026-05-19T14:43:00.038+0000] {dagbag.py:545} INFO - Filling up the DagBag from /home/airflow/.local/lib/python3.12/site-packages/airflow/example_dags/example_task_group_decorator.py
[2026-05-19T14:43:00.050+0000] {processor.py:840} INFO - DAG(s) 'example_task_group_decorator' retrieved from /home/airflow/.local/lib/python3.12/site-packages/airflow/example_dags/example_task_group_decorator.py
[2026-05-19T14:43:00.071+0000] {logging_mixin.py:188} INFO - [2026-05-19T14:43:00.071+0000] {dag.py:3089} INFO - Sync 1 DAGs
[2026-05-19T14:43:00.090+0000] {logging_mixin.py:188} INFO - [2026-05-19T14:43:00.090+0000] {dag.py:3947} INFO - Setting next_dagrun for example_task_group_decorator to 2026-05-18 00:00:00+00:00, run_after=2026-05-19 00:00:00+00:00
[2026-05-19T14:43:00.108+0000] {processor.py:183} INFO - Processing /home/airflow/.local/lib/python3.12/site-packages/airflow/example_dags/example_task_group_decorator.py took 0.076 seconds
[2026-05-19T14:43:30.634+0000] {processor.py:161} INFO - Started process (PID=884) to work on /home/airflow/.local/lib/python3.12/site-packages/airflow/example_dags/example_task_group_decorator.py
[2026-05-19T14:43:30.635+0000] {processor.py:830} INFO - Processing file /home/airflow/.local/lib/python3.12/site-packages/airflow/example_dags/example_task_group_decorator.py for tasks to queue
[2026-05-19T14:43:30.637+0000] {logging_mixin.py:188} INFO - [2026-05-19T14:43:30.636+0000] {dagbag.py:545} INFO - Filling up the DagBag from /home/airflow/.local/lib/python3.12/site-packages/airflow/example_dags/example_task_group_decorator.py
[2026-05-19T14:43:30.649+0000] {processor.py:840} INFO - DAG(s) 'example_task_group_decorator' retrieved from /home/airflow/.local/lib/python3.12/site-packages/airflow/example_dags/example_task_group_decorator.py
[2026-05-19T14:43:30.670+0000] {logging_mixin.py:188} INFO - [2026-05-19T14:43:30.670+0000] {dag.py:3089} INFO - Sync 1 DAGs
[2026-05-19T14:43:30.688+0000] {logging_mixin.py:188} INFO - [2026-05-19T14:43:30.688+0000] {dag.py:3947} INFO - Setting next_dagrun for example_task_group_decorator to 2026-05-18 00:00:00+00:00, run_after=2026-05-19 00:00:00+00:00
[2026-05-19T14:43:30.703+0000] {processor.py:183} INFO - Processing /home/airflow/.local/lib/python3.12/site-packages/airflow/example_dags/example_task_group_decorator.py took 0.073 seconds
[2026-05-19T14:44:01.320+0000] {processor.py:161} INFO - Started process (PID=942) to work on /home/airflow/.local/lib/python3.12/site-packages/airflow/example_dags/example_task_group_decorator.py
[2026-05-19T14:44:01.321+0000] {processor.py:830} INFO - Processing file /home/airflow/.local/lib/python3.12/site-packages/airflow/example_dags/example_task_group_decorator.py for tasks to queue
[2026-05-19T14:44:01.322+0000] {logging_mixin.py:188} INFO - [2026-05-19T14:44:01.322+0000] {dagbag.py:545} INFO - Filling up the DagBag from /home/airflow/.local/lib/python3.12/site-packages/airflow/example_dags/example_task_group_decorator.py
[2026-05-19T14:44:01.334+0000] {processor.py:840} INFO - DAG(s) 'example_task_group_decorator' retrieved from /home/airflow/.local/lib/python3.12/site-packages/airflow/example_dags/example_task_group_decorator.py
[2026-05-19T14:44:01.355+0000] {logging_mixin.py:188} INFO - [2026-05-19T14:44:01.355+0000] {dag.py:3089} INFO - Sync 1 DAGs
[2026-05-19T14:44:01.373+0000] {logging_mixin.py:188} INFO - [2026-05-19T14:44:01.372+0000] {dag.py:3947} INFO - Setting next_dagrun for example_task_group_decorator to 2026-05-18 00:00:00+00:00, run_after=2026-05-19 00:00:00+00:00
[2026-05-19T14:44:01.387+0000] {processor.py:183} INFO - Processing /home/airflow/.local/lib/python3.12/site-packages/airflow/example_dags/example_task_group_decorator.py took 0.072 seconds
[2026-05-19T14:44:31.762+0000] {processor.py:161} INFO - Started process (PID=1000) to work on /home/airflow/.local/lib/python3.12/site-packages/airflow/example_dags/example_task_group_decorator.py
[2026-05-19T14:44:31.763+0000] {processor.py:830} INFO - Processing file /home/airflow/.local/lib/python3.12/site-packages/airflow/example_dags/example_task_group_decorator.py for tasks to queue
[2026-05-19T14:44:31.764+0000] {logging_mixin.py:188} INFO - [2026-05-19T14:44:31.764+0000] {dagbag.py:545} INFO - Filling up the DagBag from /home/airflow/.local/lib/python3.12/site-packages/airflow/example_dags/example_task_group_decorator.py
[2026-05-19T14:44:31.776+0000] {processor.py:840} INFO - DAG(s) 'example_task_group_decorator' retrieved from /home/airflow/.local/lib/python3.12/site-packages/airflow/example_dags/example_task_group_decorator.py
[2026-05-19T14:44:31.797+0000] {logging_mixin.py:188} INFO - [2026-05-19T14:44:31.796+0000] {dag.py:3089} INFO - Sync 1 DAGs
[2026-05-19T14:44:31.815+0000] {logging_mixin.py:188} INFO - [2026-05-19T14:44:31.814+0000] {dag.py:3947} INFO - Setting next_dagrun for example_task_group_decorator to 2026-05-18 00:00:00+00:00, run_after=2026-05-19 00:00:00+00:00
[2026-05-19T14:44:31.829+0000] {processor.py:183} INFO - Processing /home/airflow/.local/lib/python3.12/site-packages/airflow/example_dags/example_task_group_decorator.py took 0.072 seconds
[2026-05-19T14:45:02.288+0000] {processor.py:161} INFO - Started process (PID=1058) to work on /home/airflow/.local/lib/python3.12/site-packages/airflow/example_dags/example_task_group_decorator.py
[2026-05-19T14:45:02.288+0000] {processor.py:830} INFO - Processing file /home/airflow/.local/lib/python3.12/site-packages/airflow/example_dags/example_task_group_decorator.py for tasks to queue
[2026-05-19T14:45:02.290+0000] {logging_mixin.py:188} INFO - [2026-05-19T14:45:02.289+0000] {dagbag.py:545} INFO - Filling up the DagBag from /home/airflow/.local/lib/python3.12/site-packages/airflow/example_dags/example_task_group_decorator.py
[2026-05-19T14:45:02.302+0000] {processor.py:840} INFO - DAG(s) 'example_task_group_decorator' retrieved from /home/airflow/.local/lib/python3.12/site-packages/airflow/example_dags/example_task_group_decorator.py
[2026-05-19T14:45:02.324+0000] {logging_mixin.py:188} INFO - [2026-05-19T14:45:02.324+0000] {dag.py:3089} INFO - Sync 1 DAGs
[2026-05-19T14:45:02.344+0000] {logging_mixin.py:188} INFO - [2026-05-19T14:45:02.344+0000] {dag.py:3947} INFO - Setting next_dagrun for example_task_group_decorator to 2026-05-18 00:00:00+00:00, run_after=2026-05-19 00:00:00+00:00
[2026-05-19T14:45:02.360+0000] {processor.py:183} INFO - Processing /home/airflow/.local/lib/python3.12/site-packages/airflow/example_dags/example_task_group_decorator.py took 0.077 seconds
[2026-05-19T14:45:32.694+0000] {processor.py:161} INFO - Started process (PID=1116) to work on /home/airflow/.local/lib/python3.12/site-packages/airflow/example_dags/example_task_group_decorator.py
[2026-05-19T14:45:32.698+0000] {processor.py:830} INFO - Processing file /home/airflow/.local/lib/python3.12/site-packages/airflow/example_dags/example_task_group_decorator.py for tasks to queue
[2026-05-19T14:45:32.700+0000] {logging_mixin.py:188} INFO - [2026-05-19T14:45:32.699+0000] {dagbag.py:545} INFO - Filling up the DagBag from /home/airflow/.local/lib/python3.12/site-packages/airflow/example_dags/example_task_group_decorator.py
[2026-05-19T14:45:32.712+0000] {processor.py:840} INFO - DAG(s) 'example_task_group_decorator' retrieved from /home/airflow/.local/lib/python3.12/site-packages/airflow/example_dags/example_task_group_decorator.py
[2026-05-19T14:45:32.732+0000] {logging_mixin.py:188} INFO - [2026-05-19T14:45:32.732+0000] {dag.py:3089} INFO - Sync 1 DAGs
[2026-05-19T14:45:32.750+0000] {logging_mixin.py:188} INFO - [2026-05-19T14:45:32.750+0000] {dag.py:3947} INFO - Setting next_dagrun for example_task_group_decorator to 2026-05-18 00:00:00+00:00, run_after=2026-05-19 00:00:00+00:00
[2026-05-19T14:45:32.765+0000] {processor.py:183} INFO - Processing /home/airflow/.local/lib/python3.12/site-packages/airflow/example_dags/example_task_group_decorator.py took 0.076 seconds
[2026-05-19T14:46:02.963+0000] {processor.py:161} INFO - Started process (PID=1174) to work on /home/airflow/.local/lib/python3.12/site-packages/airflow/example_dags/example_task_group_decorator.py
[2026-05-19T14:46:02.963+0000] {processor.py:830} INFO - Processing file /home/airflow/.local/lib/python3.12/site-packages/airflow/example_dags/example_task_group_decorator.py for tasks to queue
[2026-05-19T14:46:02.965+0000] {logging_mixin.py:188} INFO - [2026-05-19T14:46:02.964+0000] {dagbag.py:545} INFO - Filling up the DagBag from /home/airflow/.local/lib/python3.12/site-packages/airflow/example_dags/example_task_group_decorator.py
[2026-05-19T14:46:02.976+0000] {processor.py:840} INFO - DAG(s) 'example_task_group_decorator' retrieved from /home/airflow/.local/lib/python3.12/site-packages/airflow/example_dags/example_task_group_decorator.py
[2026-05-19T14:46:02.997+0000] {logging_mixin.py:188} INFO - [2026-05-19T14:46:02.996+0000] {dag.py:3089} INFO - Sync 1 DAGs
[2026-05-19T14:46:03.014+0000] {logging_mixin.py:188} INFO - [2026-05-19T14:46:03.014+0000] {dag.py:3947} INFO - Setting next_dagrun for example_task_group_decorator to 2026-05-18 00:00:00+00:00, run_after=2026-05-19 00:00:00+00:00
[2026-05-19T14:46:03.031+0000] {processor.py:183} INFO - Processing /home/airflow/.local/lib/python3.12/site-packages/airflow/example_dags/example_task_group_decorator.py took 0.072 seconds
[2026-05-19T14:46:33.645+0000] {processor.py:161} INFO - Started process (PID=1232) to work on /home/airflow/.local/lib/python3.12/site-packages/airflow/example_dags/example_task_group_decorator.py
[2026-05-19T14:46:33.646+0000] {processor.py:830} INFO - Processing file /home/airflow/.local/lib/python3.12/site-packages/airflow/example_dags/example_task_group_decorator.py for tasks to queue
[2026-05-19T14:46:33.647+0000] {logging_mixin.py:188} INFO - [2026-05-19T14:46:33.647+0000] {dagbag.py:545} INFO - Filling up the DagBag from /home/airflow/.local/lib/python3.12/site-packages/airflow/example_dags/example_task_group_decorator.py
[2026-05-19T14:46:33.659+0000] {processor.py:840} INFO - DAG(s) 'example_task_group_decorator' retrieved from /home/airflow/.local/lib/python3.12/site-packages/airflow/example_dags/example_task_group_decorator.py
[2026-05-19T14:46:33.680+0000] {logging_mixin.py:188} INFO - [2026-05-19T14:46:33.680+0000] {dag.py:3089} INFO - Sync 1 DAGs
[2026-05-19T14:46:33.698+0000] {logging_mixin.py:188} INFO - [2026-05-19T14:46:33.697+0000] {dag.py:3947} INFO - Setting next_dagrun for example_task_group_decorator to 2026-05-18 00:00:00+00:00, run_after=2026-05-19 00:00:00+00:00
[2026-05-19T14:46:33.713+0000] {processor.py:183} INFO - Processing /home/airflow/.local/lib/python3.12/site-packages/airflow/example_dags/example_task_group_decorator.py took 0.073 seconds
[2026-05-19T14:47:04.548+0000] {processor.py:161} INFO - Started process (PID=1290) to work on /home/airflow/.local/lib/python3.12/site-packages/airflow/example_dags/example_task_group_decorator.py
[2026-05-19T14:47:04.548+0000] {processor.py:830} INFO - Processing file /home/airflow/.local/lib/python3.12/site-packages/airflow/example_dags/example_task_group_decorator.py for tasks to queue
[2026-05-19T14:47:04.550+0000] {logging_mixin.py:188} INFO - [2026-05-19T14:47:04.550+0000] {dagbag.py:545} INFO - Filling up the DagBag from /home/airflow/.local/lib/python3.12/site-packages/airflow/example_dags/example_task_group_decorator.py
[2026-05-19T14:47:04.583+0000] {processor.py:840} INFO - DAG(s) 'example_task_group_decorator' retrieved from /home/airflow/.local/lib/python3.12/site-packages/airflow/example_dags/example_task_group_decorator.py
[2026-05-19T14:47:04.605+0000] {logging_mixin.py:188} INFO - [2026-05-19T14:47:04.605+0000] {dag.py:3089} INFO - Sync 1 DAGs
[2026-05-19T14:47:04.624+0000] {logging_mixin.py:188} INFO - [2026-05-19T14:47:04.624+0000] {dag.py:3947} INFO - Setting next_dagrun for example_task_group_decorator to 2026-05-18 00:00:00+00:00, run_after=2026-05-19 00:00:00+00:00
[2026-05-19T14:47:04.642+0000] {processor.py:183} INFO - Processing /home/airflow/.local/lib/python3.12/site-packages/airflow/example_dags/example_task_group_decorator.py took 0.099 seconds
[2026-05-19T14:47:35.156+0000] {processor.py:161} INFO - Started process (PID=1348) to work on /home/airflow/.local/lib/python3.12/site-packages/airflow/example_dags/example_task_group_decorator.py
[2026-05-19T14:47:35.158+0000] {processor.py:830} INFO - Processing file /home/airflow/.local/lib/python3.12/site-packages/airflow/example_dags/example_task_group_decorator.py for tasks to queue
[2026-05-19T14:47:35.159+0000] {logging_mixin.py:188} INFO - [2026-05-19T14:47:35.159+0000] {dagbag.py:545} INFO - Filling up the DagBag from /home/airflow/.local/lib/python3.12/site-packages/airflow/example_dags/example_task_group_decorator.py
[2026-05-19T14:47:35.176+0000] {processor.py:840} INFO - DAG(s) 'example_task_group_decorator' retrieved from /home/airflow/.local/lib/python3.12/site-packages/airflow/example_dags/example_task_group_decorator.py
[2026-05-19T14:47:35.200+0000] {logging_mixin.py:188} INFO - [2026-05-19T14:47:35.200+0000] {dag.py:3089} INFO - Sync 1 DAGs
[2026-05-19T14:47:35.221+0000] {logging_mixin.py:188} INFO - [2026-05-19T14:47:35.220+0000] {dag.py:3947} INFO - Setting next_dagrun for example_task_group_decorator to 2026-05-18 00:00:00+00:00, run_after=2026-05-19 00:00:00+00:00
[2026-05-19T14:47:35.236+0000] {processor.py:183} INFO - Processing /home/airflow/.local/lib/python3.12/site-packages/airflow/example_dags/example_task_group_decorator.py took 0.084 seconds
[2026-05-19T14:48:11.415+0000] {processor.py:161} INFO - Started process (PID=1404) to work on /home/airflow/.local/lib/python3.12/site-packages/airflow/example_dags/example_task_group_decorator.py
[2026-05-19T14:48:11.418+0000] {processor.py:830} INFO - Processing file /home/airflow/.local/lib/python3.12/site-packages/airflow/example_dags/example_task_group_decorator.py for tasks to queue
[2026-05-19T14:48:11.420+0000] {logging_mixin.py:188} INFO - [2026-05-19T14:48:11.419+0000] {dagbag.py:545} INFO - Filling up the DagBag from /home/airflow/.local/lib/python3.12/site-packages/airflow/example_dags/example_task_group_decorator.py
[2026-05-19T14:48:11.438+0000] {processor.py:840} INFO - DAG(s) 'example_task_group_decorator' retrieved from /home/airflow/.local/lib/python3.12/site-packages/airflow/example_dags/example_task_group_decorator.py
[2026-05-19T14:48:11.472+0000] {logging_mixin.py:188} INFO - [2026-05-19T14:48:11.471+0000] {dag.py:3089} INFO - Sync 1 DAGs
[2026-05-19T14:48:11.496+0000] {logging_mixin.py:188} INFO - [2026-05-19T14:48:11.496+0000] {dag.py:3947} INFO - Setting next_dagrun for example_task_group_decorator to 2026-05-18 00:00:00+00:00, run_after=2026-05-19 00:00:00+00:00
[2026-05-19T14:48:11.520+0000] {processor.py:183} INFO - Processing /home/airflow/.local/lib/python3.12/site-packages/airflow/example_dags/example_task_group_decorator.py took 0.111 seconds
[2026-05-19T14:48:42.259+0000] {processor.py:161} INFO - Started process (PID=1461) to work on /home/airflow/.local/lib/python3.12/site-packages/airflow/example_dags/example_task_group_decorator.py
[2026-05-19T14:48:42.259+0000] {processor.py:830} INFO - Processing file /home/airflow/.local/lib/python3.12/site-packages/airflow/example_dags/example_task_group_decorator.py for tasks to queue
[2026-05-19T14:48:42.261+0000] {logging_mixin.py:188} INFO - [2026-05-19T14:48:42.260+0000] {dagbag.py:545} INFO - Filling up the DagBag from /home/airflow/.local/lib/python3.12/site-packages/airflow/example_dags/example_task_group_decorator.py
[2026-05-19T14:48:42.273+0000] {processor.py:840} INFO - DAG(s) 'example_task_group_decorator' retrieved from /home/airflow/.local/lib/python3.12/site-packages/airflow/example_dags/example_task_group_decorator.py
[2026-05-19T14:48:42.294+0000] {logging_mixin.py:188} INFO - [2026-05-19T14:48:42.294+0000] {dag.py:3089} INFO - Sync 1 DAGs
[2026-05-19T14:48:42.313+0000] {logging_mixin.py:188} INFO - [2026-05-19T14:48:42.313+0000] {dag.py:3947} INFO - Setting next_dagrun for example_task_group_decorator to 2026-05-18 00:00:00+00:00, run_after=2026-05-19 00:00:00+00:00
[2026-05-19T14:48:42.330+0000] {processor.py:183} INFO - Processing /home/airflow/.local/lib/python3.12/site-packages/airflow/example_dags/example_task_group_decorator.py took 0.076 seconds
[2026-05-19T14:49:12.977+0000] {processor.py:161} INFO - Started process (PID=1519) to work on /home/airflow/.local/lib/python3.12/site-packages/airflow/example_dags/example_task_group_decorator.py
[2026-05-19T14:49:12.978+0000] {processor.py:830} INFO - Processing file /home/airflow/.local/lib/python3.12/site-packages/airflow/example_dags/example_task_group_decorator.py for tasks to queue
[2026-05-19T14:49:12.979+0000] {logging_mixin.py:188} INFO - [2026-05-19T14:49:12.979+0000] {dagbag.py:545} INFO - Filling up the DagBag from /home/airflow/.local/lib/python3.12/site-packages/airflow/example_dags/example_task_group_decorator.py
[2026-05-19T14:49:12.992+0000] {processor.py:840} INFO - DAG(s) 'example_task_group_decorator' retrieved from /home/airflow/.local/lib/python3.12/site-packages/airflow/example_dags/example_task_group_decorator.py
[2026-05-19T14:49:13.016+0000] {logging_mixin.py:188} INFO - [2026-05-19T14:49:13.016+0000] {dag.py:3089} INFO - Sync 1 DAGs
[2026-05-19T14:49:13.038+0000] {logging_mixin.py:188} INFO - [2026-05-19T14:49:13.038+0000] {dag.py:3947} INFO - Setting next_dagrun for example_task_group_decorator to 2026-05-18 00:00:00+00:00, run_after=2026-05-19 00:00:00+00:00
[2026-05-19T14:49:13.054+0000] {processor.py:183} INFO - Processing /home/airflow/.local/lib/python3.12/site-packages/airflow/example_dags/example_task_group_decorator.py took 0.083 seconds
[2026-05-19T14:49:43.134+0000] {processor.py:161} INFO - Started process (PID=1577) to work on /home/airflow/.local/lib/python3.12/site-packages/airflow/example_dags/example_task_group_decorator.py
[2026-05-19T14:49:43.134+0000] {processor.py:830} INFO - Processing file /home/airflow/.local/lib/python3.12/site-packages/airflow/example_dags/example_task_group_decorator.py for tasks to queue
[2026-05-19T14:49:43.136+0000] {logging_mixin.py:188} INFO - [2026-05-19T14:49:43.136+0000] {dagbag.py:545} INFO - Filling up the DagBag from /home/airflow/.local/lib/python3.12/site-packages/airflow/example_dags/example_task_group_decorator.py
[2026-05-19T14:49:43.149+0000] {processor.py:840} INFO - DAG(s) 'example_task_group_decorator' retrieved from /home/airflow/.local/lib/python3.12/site-packages/airflow/example_dags/example_task_group_decorator.py
[2026-05-19T14:49:43.170+0000] {logging_mixin.py:188} INFO - [2026-05-19T14:49:43.170+0000] {dag.py:3089} INFO - Sync 1 DAGs
[2026-05-19T14:49:43.189+0000] {logging_mixin.py:188} INFO - [2026-05-19T14:49:43.188+0000] {dag.py:3947} INFO - Setting next_dagrun for example_task_group_decorator to 2026-05-18 00:00:00+00:00, run_after=2026-05-19 00:00:00+00:00
[2026-05-19T14:49:43.204+0000] {processor.py:183} INFO - Processing /home/airflow/.local/lib/python3.12/site-packages/airflow/example_dags/example_task_group_decorator.py took 0.076 seconds
