[2026-05-19T14:36:22.795+0000] {processor.py:161} INFO - Started process (PID=68) to work on /home/airflow/.local/lib/python3.12/site-packages/airflow/example_dags/example_display_name.py
[2026-05-19T14:36:22.795+0000] {processor.py:830} INFO - Processing file /home/airflow/.local/lib/python3.12/site-packages/airflow/example_dags/example_display_name.py for tasks to queue
[2026-05-19T14:36:22.797+0000] {logging_mixin.py:188} INFO - [2026-05-19T14:36:22.797+0000] {dagbag.py:545} INFO - Filling up the DagBag from /home/airflow/.local/lib/python3.12/site-packages/airflow/example_dags/example_display_name.py
[2026-05-19T14:36:22.805+0000] {processor.py:840} INFO - DAG(s) 'example_display_name' retrieved from /home/airflow/.local/lib/python3.12/site-packages/airflow/example_dags/example_display_name.py
[2026-05-19T14:36:22.827+0000] {logging_mixin.py:188} INFO - [2026-05-19T14:36:22.826+0000] {dag.py:3089} INFO - Sync 1 DAGs
[2026-05-19T14:36:22.839+0000] {logging_mixin.py:188} INFO - [2026-05-19T14:36:22.839+0000] {dag.py:3947} INFO - Setting next_dagrun for example_display_name to None, run_after=None
[2026-05-19T14:36:22.859+0000] {processor.py:183} INFO - Processing /home/airflow/.local/lib/python3.12/site-packages/airflow/example_dags/example_display_name.py took 0.070 seconds
[2026-05-19T14:36:53.774+0000] {processor.py:161} INFO - Started process (PID=126) to work on /home/airflow/.local/lib/python3.12/site-packages/airflow/example_dags/example_display_name.py
[2026-05-19T14:36:53.775+0000] {processor.py:830} INFO - Processing file /home/airflow/.local/lib/python3.12/site-packages/airflow/example_dags/example_display_name.py for tasks to queue
[2026-05-19T14:36:53.776+0000] {logging_mixin.py:188} INFO - [2026-05-19T14:36:53.776+0000] {dagbag.py:545} INFO - Filling up the DagBag from /home/airflow/.local/lib/python3.12/site-packages/airflow/example_dags/example_display_name.py
[2026-05-19T14:36:53.780+0000] {processor.py:840} INFO - DAG(s) 'example_display_name' retrieved from /home/airflow/.local/lib/python3.12/site-packages/airflow/example_dags/example_display_name.py
[2026-05-19T14:36:53.795+0000] {logging_mixin.py:188} INFO - [2026-05-19T14:36:53.794+0000] {dag.py:3089} INFO - Sync 1 DAGs
[2026-05-19T14:36:53.805+0000] {logging_mixin.py:188} INFO - [2026-05-19T14:36:53.805+0000] {dag.py:3947} INFO - Setting next_dagrun for example_display_name to None, run_after=None
[2026-05-19T14:36:53.819+0000] {processor.py:183} INFO - Processing /home/airflow/.local/lib/python3.12/site-packages/airflow/example_dags/example_display_name.py took 0.050 seconds
[2026-05-19T14:37:24.007+0000] {processor.py:161} INFO - Started process (PID=184) to work on /home/airflow/.local/lib/python3.12/site-packages/airflow/example_dags/example_display_name.py
[2026-05-19T14:37:24.008+0000] {processor.py:830} INFO - Processing file /home/airflow/.local/lib/python3.12/site-packages/airflow/example_dags/example_display_name.py for tasks to queue
[2026-05-19T14:37:24.010+0000] {logging_mixin.py:188} INFO - [2026-05-19T14:37:24.009+0000] {dagbag.py:545} INFO - Filling up the DagBag from /home/airflow/.local/lib/python3.12/site-packages/airflow/example_dags/example_display_name.py
[2026-05-19T14:37:24.014+0000] {processor.py:840} INFO - DAG(s) 'example_display_name' retrieved from /home/airflow/.local/lib/python3.12/site-packages/airflow/example_dags/example_display_name.py
[2026-05-19T14:37:24.028+0000] {logging_mixin.py:188} INFO - [2026-05-19T14:37:24.028+0000] {dag.py:3089} INFO - Sync 1 DAGs
[2026-05-19T14:37:24.038+0000] {logging_mixin.py:188} INFO - [2026-05-19T14:37:24.038+0000] {dag.py:3947} INFO - Setting next_dagrun for example_display_name to None, run_after=None
[2026-05-19T14:37:24.052+0000] {processor.py:183} INFO - Processing /home/airflow/.local/lib/python3.12/site-packages/airflow/example_dags/example_display_name.py took 0.049 seconds
[2026-05-19T14:37:54.418+0000] {processor.py:161} INFO - Started process (PID=242) to work on /home/airflow/.local/lib/python3.12/site-packages/airflow/example_dags/example_display_name.py
[2026-05-19T14:37:54.419+0000] {processor.py:830} INFO - Processing file /home/airflow/.local/lib/python3.12/site-packages/airflow/example_dags/example_display_name.py for tasks to queue
[2026-05-19T14:37:54.420+0000] {logging_mixin.py:188} INFO - [2026-05-19T14:37:54.420+0000] {dagbag.py:545} INFO - Filling up the DagBag from /home/airflow/.local/lib/python3.12/site-packages/airflow/example_dags/example_display_name.py
[2026-05-19T14:37:54.425+0000] {processor.py:840} INFO - DAG(s) 'example_display_name' retrieved from /home/airflow/.local/lib/python3.12/site-packages/airflow/example_dags/example_display_name.py
[2026-05-19T14:37:54.439+0000] {logging_mixin.py:188} INFO - [2026-05-19T14:37:54.438+0000] {dag.py:3089} INFO - Sync 1 DAGs
[2026-05-19T14:37:54.448+0000] {logging_mixin.py:188} INFO - [2026-05-19T14:37:54.448+0000] {dag.py:3947} INFO - Setting next_dagrun for example_display_name to None, run_after=None
[2026-05-19T14:37:54.463+0000] {processor.py:183} INFO - Processing /home/airflow/.local/lib/python3.12/site-packages/airflow/example_dags/example_display_name.py took 0.048 seconds
[2026-05-19T14:38:24.728+0000] {processor.py:161} INFO - Started process (PID=300) to work on /home/airflow/.local/lib/python3.12/site-packages/airflow/example_dags/example_display_name.py
[2026-05-19T14:38:24.728+0000] {processor.py:830} INFO - Processing file /home/airflow/.local/lib/python3.12/site-packages/airflow/example_dags/example_display_name.py for tasks to queue
[2026-05-19T14:38:24.729+0000] {logging_mixin.py:188} INFO - [2026-05-19T14:38:24.729+0000] {dagbag.py:545} INFO - Filling up the DagBag from /home/airflow/.local/lib/python3.12/site-packages/airflow/example_dags/example_display_name.py
[2026-05-19T14:38:24.734+0000] {processor.py:840} INFO - DAG(s) 'example_display_name' retrieved from /home/airflow/.local/lib/python3.12/site-packages/airflow/example_dags/example_display_name.py
[2026-05-19T14:38:24.748+0000] {logging_mixin.py:188} INFO - [2026-05-19T14:38:24.748+0000] {dag.py:3089} INFO - Sync 1 DAGs
[2026-05-19T14:38:24.758+0000] {logging_mixin.py:188} INFO - [2026-05-19T14:38:24.758+0000] {dag.py:3947} INFO - Setting next_dagrun for example_display_name to None, run_after=None
[2026-05-19T14:38:24.772+0000] {processor.py:183} INFO - Processing /home/airflow/.local/lib/python3.12/site-packages/airflow/example_dags/example_display_name.py took 0.049 seconds
[2026-05-19T14:38:55.017+0000] {processor.py:161} INFO - Started process (PID=358) to work on /home/airflow/.local/lib/python3.12/site-packages/airflow/example_dags/example_display_name.py
[2026-05-19T14:38:55.018+0000] {processor.py:830} INFO - Processing file /home/airflow/.local/lib/python3.12/site-packages/airflow/example_dags/example_display_name.py for tasks to queue
[2026-05-19T14:38:55.019+0000] {logging_mixin.py:188} INFO - [2026-05-19T14:38:55.019+0000] {dagbag.py:545} INFO - Filling up the DagBag from /home/airflow/.local/lib/python3.12/site-packages/airflow/example_dags/example_display_name.py
[2026-05-19T14:38:55.023+0000] {processor.py:840} INFO - DAG(s) 'example_display_name' retrieved from /home/airflow/.local/lib/python3.12/site-packages/airflow/example_dags/example_display_name.py
[2026-05-19T14:38:55.038+0000] {logging_mixin.py:188} INFO - [2026-05-19T14:38:55.037+0000] {dag.py:3089} INFO - Sync 1 DAGs
[2026-05-19T14:38:55.047+0000] {logging_mixin.py:188} INFO - [2026-05-19T14:38:55.047+0000] {dag.py:3947} INFO - Setting next_dagrun for example_display_name to None, run_after=None
[2026-05-19T14:38:55.063+0000] {processor.py:183} INFO - Processing /home/airflow/.local/lib/python3.12/site-packages/airflow/example_dags/example_display_name.py took 0.051 seconds
[2026-05-19T14:39:25.433+0000] {processor.py:161} INFO - Started process (PID=416) to work on /home/airflow/.local/lib/python3.12/site-packages/airflow/example_dags/example_display_name.py
[2026-05-19T14:39:25.434+0000] {processor.py:830} INFO - Processing file /home/airflow/.local/lib/python3.12/site-packages/airflow/example_dags/example_display_name.py for tasks to queue
[2026-05-19T14:39:25.435+0000] {logging_mixin.py:188} INFO - [2026-05-19T14:39:25.435+0000] {dagbag.py:545} INFO - Filling up the DagBag from /home/airflow/.local/lib/python3.12/site-packages/airflow/example_dags/example_display_name.py
[2026-05-19T14:39:25.439+0000] {processor.py:840} INFO - DAG(s) 'example_display_name' retrieved from /home/airflow/.local/lib/python3.12/site-packages/airflow/example_dags/example_display_name.py
[2026-05-19T14:39:25.453+0000] {logging_mixin.py:188} INFO - [2026-05-19T14:39:25.453+0000] {dag.py:3089} INFO - Sync 1 DAGs
[2026-05-19T14:39:25.463+0000] {logging_mixin.py:188} INFO - [2026-05-19T14:39:25.463+0000] {dag.py:3947} INFO - Setting next_dagrun for example_display_name to None, run_after=None
[2026-05-19T14:39:25.477+0000] {processor.py:183} INFO - Processing /home/airflow/.local/lib/python3.12/site-packages/airflow/example_dags/example_display_name.py took 0.049 seconds
[2026-05-19T14:39:55.983+0000] {processor.py:161} INFO - Started process (PID=474) to work on /home/airflow/.local/lib/python3.12/site-packages/airflow/example_dags/example_display_name.py
[2026-05-19T14:39:55.984+0000] {processor.py:830} INFO - Processing file /home/airflow/.local/lib/python3.12/site-packages/airflow/example_dags/example_display_name.py for tasks to queue
[2026-05-19T14:39:55.986+0000] {logging_mixin.py:188} INFO - [2026-05-19T14:39:55.985+0000] {dagbag.py:545} INFO - Filling up the DagBag from /home/airflow/.local/lib/python3.12/site-packages/airflow/example_dags/example_display_name.py
[2026-05-19T14:39:55.991+0000] {processor.py:840} INFO - DAG(s) 'example_display_name' retrieved from /home/airflow/.local/lib/python3.12/site-packages/airflow/example_dags/example_display_name.py
[2026-05-19T14:39:56.006+0000] {logging_mixin.py:188} INFO - [2026-05-19T14:39:56.005+0000] {dag.py:3089} INFO - Sync 1 DAGs
[2026-05-19T14:39:56.017+0000] {logging_mixin.py:188} INFO - [2026-05-19T14:39:56.016+0000] {dag.py:3947} INFO - Setting next_dagrun for example_display_name to None, run_after=None
[2026-05-19T14:39:56.032+0000] {processor.py:183} INFO - Processing /home/airflow/.local/lib/python3.12/site-packages/airflow/example_dags/example_display_name.py took 0.054 seconds
[2026-05-19T14:40:26.452+0000] {processor.py:161} INFO - Started process (PID=531) to work on /home/airflow/.local/lib/python3.12/site-packages/airflow/example_dags/example_display_name.py
[2026-05-19T14:40:26.453+0000] {processor.py:830} INFO - Processing file /home/airflow/.local/lib/python3.12/site-packages/airflow/example_dags/example_display_name.py for tasks to queue
[2026-05-19T14:40:26.454+0000] {logging_mixin.py:188} INFO - [2026-05-19T14:40:26.454+0000] {dagbag.py:545} INFO - Filling up the DagBag from /home/airflow/.local/lib/python3.12/site-packages/airflow/example_dags/example_display_name.py
[2026-05-19T14:40:26.458+0000] {processor.py:840} INFO - DAG(s) 'example_display_name' retrieved from /home/airflow/.local/lib/python3.12/site-packages/airflow/example_dags/example_display_name.py
[2026-05-19T14:40:26.472+0000] {logging_mixin.py:188} INFO - [2026-05-19T14:40:26.472+0000] {dag.py:3089} INFO - Sync 1 DAGs
[2026-05-19T14:40:26.482+0000] {logging_mixin.py:188} INFO - [2026-05-19T14:40:26.482+0000] {dag.py:3947} INFO - Setting next_dagrun for example_display_name to None, run_after=None
[2026-05-19T14:40:26.497+0000] {processor.py:183} INFO - Processing /home/airflow/.local/lib/python3.12/site-packages/airflow/example_dags/example_display_name.py took 0.049 seconds
[2026-05-19T14:40:56.796+0000] {processor.py:161} INFO - Started process (PID=596) to work on /home/airflow/.local/lib/python3.12/site-packages/airflow/example_dags/example_display_name.py
[2026-05-19T14:40:56.800+0000] {processor.py:830} INFO - Processing file /home/airflow/.local/lib/python3.12/site-packages/airflow/example_dags/example_display_name.py for tasks to queue
[2026-05-19T14:40:56.801+0000] {logging_mixin.py:188} INFO - [2026-05-19T14:40:56.801+0000] {dagbag.py:545} INFO - Filling up the DagBag from /home/airflow/.local/lib/python3.12/site-packages/airflow/example_dags/example_display_name.py
[2026-05-19T14:40:56.806+0000] {processor.py:840} INFO - DAG(s) 'example_display_name' retrieved from /home/airflow/.local/lib/python3.12/site-packages/airflow/example_dags/example_display_name.py
[2026-05-19T14:40:56.820+0000] {logging_mixin.py:188} INFO - [2026-05-19T14:40:56.820+0000] {dag.py:3089} INFO - Sync 1 DAGs
[2026-05-19T14:40:56.830+0000] {logging_mixin.py:188} INFO - [2026-05-19T14:40:56.829+0000] {dag.py:3947} INFO - Setting next_dagrun for example_display_name to None, run_after=None
[2026-05-19T14:40:56.844+0000] {processor.py:183} INFO - Processing /home/airflow/.local/lib/python3.12/site-packages/airflow/example_dags/example_display_name.py took 0.053 seconds
[2026-05-19T14:41:27.081+0000] {processor.py:161} INFO - Started process (PID=654) to work on /home/airflow/.local/lib/python3.12/site-packages/airflow/example_dags/example_display_name.py
[2026-05-19T14:41:27.082+0000] {processor.py:830} INFO - Processing file /home/airflow/.local/lib/python3.12/site-packages/airflow/example_dags/example_display_name.py for tasks to queue
[2026-05-19T14:41:27.083+0000] {logging_mixin.py:188} INFO - [2026-05-19T14:41:27.083+0000] {dagbag.py:545} INFO - Filling up the DagBag from /home/airflow/.local/lib/python3.12/site-packages/airflow/example_dags/example_display_name.py
[2026-05-19T14:41:27.088+0000] {processor.py:840} INFO - DAG(s) 'example_display_name' retrieved from /home/airflow/.local/lib/python3.12/site-packages/airflow/example_dags/example_display_name.py
[2026-05-19T14:41:27.106+0000] {logging_mixin.py:188} INFO - [2026-05-19T14:41:27.105+0000] {dag.py:3089} INFO - Sync 1 DAGs
[2026-05-19T14:41:27.119+0000] {logging_mixin.py:188} INFO - [2026-05-19T14:41:27.119+0000] {dag.py:3947} INFO - Setting next_dagrun for example_display_name to None, run_after=None
[2026-05-19T14:41:27.249+0000] {processor.py:183} INFO - Processing /home/airflow/.local/lib/python3.12/site-packages/airflow/example_dags/example_display_name.py took 0.174 seconds
[2026-05-19T14:41:59.205+0000] {processor.py:161} INFO - Started process (PID=711) to work on /home/airflow/.local/lib/python3.12/site-packages/airflow/example_dags/example_display_name.py
[2026-05-19T14:41:59.210+0000] {processor.py:830} INFO - Processing file /home/airflow/.local/lib/python3.12/site-packages/airflow/example_dags/example_display_name.py for tasks to queue
[2026-05-19T14:41:59.213+0000] {logging_mixin.py:188} INFO - [2026-05-19T14:41:59.212+0000] {dagbag.py:545} INFO - Filling up the DagBag from /home/airflow/.local/lib/python3.12/site-packages/airflow/example_dags/example_display_name.py
[2026-05-19T14:41:59.218+0000] {processor.py:840} INFO - DAG(s) 'example_display_name' retrieved from /home/airflow/.local/lib/python3.12/site-packages/airflow/example_dags/example_display_name.py
[2026-05-19T14:41:59.238+0000] {logging_mixin.py:188} INFO - [2026-05-19T14:41:59.238+0000] {dag.py:3089} INFO - Sync 1 DAGs
[2026-05-19T14:41:59.250+0000] {logging_mixin.py:188} INFO - [2026-05-19T14:41:59.250+0000] {dag.py:3947} INFO - Setting next_dagrun for example_display_name to None, run_after=None
[2026-05-19T14:41:59.270+0000] {processor.py:183} INFO - Processing /home/airflow/.local/lib/python3.12/site-packages/airflow/example_dags/example_display_name.py took 0.072 seconds
[2026-05-19T14:42:29.532+0000] {processor.py:161} INFO - Started process (PID=770) to work on /home/airflow/.local/lib/python3.12/site-packages/airflow/example_dags/example_display_name.py
[2026-05-19T14:42:29.532+0000] {processor.py:830} INFO - Processing file /home/airflow/.local/lib/python3.12/site-packages/airflow/example_dags/example_display_name.py for tasks to queue
[2026-05-19T14:42:29.533+0000] {logging_mixin.py:188} INFO - [2026-05-19T14:42:29.533+0000] {dagbag.py:545} INFO - Filling up the DagBag from /home/airflow/.local/lib/python3.12/site-packages/airflow/example_dags/example_display_name.py
[2026-05-19T14:42:29.538+0000] {processor.py:840} INFO - DAG(s) 'example_display_name' retrieved from /home/airflow/.local/lib/python3.12/site-packages/airflow/example_dags/example_display_name.py
[2026-05-19T14:42:29.554+0000] {logging_mixin.py:188} INFO - [2026-05-19T14:42:29.553+0000] {dag.py:3089} INFO - Sync 1 DAGs
[2026-05-19T14:42:29.565+0000] {logging_mixin.py:188} INFO - [2026-05-19T14:42:29.564+0000] {dag.py:3947} INFO - Setting next_dagrun for example_display_name to None, run_after=None
[2026-05-19T14:42:29.580+0000] {processor.py:183} INFO - Processing /home/airflow/.local/lib/python3.12/site-packages/airflow/example_dags/example_display_name.py took 0.053 seconds
[2026-05-19T14:43:00.127+0000] {processor.py:161} INFO - Started process (PID=828) to work on /home/airflow/.local/lib/python3.12/site-packages/airflow/example_dags/example_display_name.py
[2026-05-19T14:43:00.129+0000] {processor.py:830} INFO - Processing file /home/airflow/.local/lib/python3.12/site-packages/airflow/example_dags/example_display_name.py for tasks to queue
[2026-05-19T14:43:00.130+0000] {logging_mixin.py:188} INFO - [2026-05-19T14:43:00.130+0000] {dagbag.py:545} INFO - Filling up the DagBag from /home/airflow/.local/lib/python3.12/site-packages/airflow/example_dags/example_display_name.py
[2026-05-19T14:43:00.135+0000] {processor.py:840} INFO - DAG(s) 'example_display_name' retrieved from /home/airflow/.local/lib/python3.12/site-packages/airflow/example_dags/example_display_name.py
[2026-05-19T14:43:00.151+0000] {logging_mixin.py:188} INFO - [2026-05-19T14:43:00.150+0000] {dag.py:3089} INFO - Sync 1 DAGs
[2026-05-19T14:43:00.162+0000] {logging_mixin.py:188} INFO - [2026-05-19T14:43:00.162+0000] {dag.py:3947} INFO - Setting next_dagrun for example_display_name to None, run_after=None
[2026-05-19T14:43:00.178+0000] {processor.py:183} INFO - Processing /home/airflow/.local/lib/python3.12/site-packages/airflow/example_dags/example_display_name.py took 0.055 seconds
[2026-05-19T14:43:30.723+0000] {processor.py:161} INFO - Started process (PID=886) to work on /home/airflow/.local/lib/python3.12/site-packages/airflow/example_dags/example_display_name.py
[2026-05-19T14:43:30.723+0000] {processor.py:830} INFO - Processing file /home/airflow/.local/lib/python3.12/site-packages/airflow/example_dags/example_display_name.py for tasks to queue
[2026-05-19T14:43:30.725+0000] {logging_mixin.py:188} INFO - [2026-05-19T14:43:30.724+0000] {dagbag.py:545} INFO - Filling up the DagBag from /home/airflow/.local/lib/python3.12/site-packages/airflow/example_dags/example_display_name.py
[2026-05-19T14:43:30.729+0000] {processor.py:840} INFO - DAG(s) 'example_display_name' retrieved from /home/airflow/.local/lib/python3.12/site-packages/airflow/example_dags/example_display_name.py
[2026-05-19T14:43:30.744+0000] {logging_mixin.py:188} INFO - [2026-05-19T14:43:30.744+0000] {dag.py:3089} INFO - Sync 1 DAGs
[2026-05-19T14:43:30.754+0000] {logging_mixin.py:188} INFO - [2026-05-19T14:43:30.754+0000] {dag.py:3947} INFO - Setting next_dagrun for example_display_name to None, run_after=None
[2026-05-19T14:43:30.769+0000] {processor.py:183} INFO - Processing /home/airflow/.local/lib/python3.12/site-packages/airflow/example_dags/example_display_name.py took 0.051 seconds
[2026-05-19T14:44:01.407+0000] {processor.py:161} INFO - Started process (PID=944) to work on /home/airflow/.local/lib/python3.12/site-packages/airflow/example_dags/example_display_name.py
[2026-05-19T14:44:01.409+0000] {processor.py:830} INFO - Processing file /home/airflow/.local/lib/python3.12/site-packages/airflow/example_dags/example_display_name.py for tasks to queue
[2026-05-19T14:44:01.410+0000] {logging_mixin.py:188} INFO - [2026-05-19T14:44:01.410+0000] {dagbag.py:545} INFO - Filling up the DagBag from /home/airflow/.local/lib/python3.12/site-packages/airflow/example_dags/example_display_name.py
[2026-05-19T14:44:01.414+0000] {processor.py:840} INFO - DAG(s) 'example_display_name' retrieved from /home/airflow/.local/lib/python3.12/site-packages/airflow/example_dags/example_display_name.py
[2026-05-19T14:44:01.429+0000] {logging_mixin.py:188} INFO - [2026-05-19T14:44:01.429+0000] {dag.py:3089} INFO - Sync 1 DAGs
[2026-05-19T14:44:01.440+0000] {logging_mixin.py:188} INFO - [2026-05-19T14:44:01.439+0000] {dag.py:3947} INFO - Setting next_dagrun for example_display_name to None, run_after=None
[2026-05-19T14:44:01.454+0000] {processor.py:183} INFO - Processing /home/airflow/.local/lib/python3.12/site-packages/airflow/example_dags/example_display_name.py took 0.052 seconds
[2026-05-19T14:44:31.849+0000] {processor.py:161} INFO - Started process (PID=1002) to work on /home/airflow/.local/lib/python3.12/site-packages/airflow/example_dags/example_display_name.py
[2026-05-19T14:44:31.850+0000] {processor.py:830} INFO - Processing file /home/airflow/.local/lib/python3.12/site-packages/airflow/example_dags/example_display_name.py for tasks to queue
[2026-05-19T14:44:31.851+0000] {logging_mixin.py:188} INFO - [2026-05-19T14:44:31.851+0000] {dagbag.py:545} INFO - Filling up the DagBag from /home/airflow/.local/lib/python3.12/site-packages/airflow/example_dags/example_display_name.py
[2026-05-19T14:44:31.856+0000] {processor.py:840} INFO - DAG(s) 'example_display_name' retrieved from /home/airflow/.local/lib/python3.12/site-packages/airflow/example_dags/example_display_name.py
[2026-05-19T14:44:31.871+0000] {logging_mixin.py:188} INFO - [2026-05-19T14:44:31.870+0000] {dag.py:3089} INFO - Sync 1 DAGs
[2026-05-19T14:44:31.881+0000] {logging_mixin.py:188} INFO - [2026-05-19T14:44:31.881+0000] {dag.py:3947} INFO - Setting next_dagrun for example_display_name to None, run_after=None
[2026-05-19T14:44:31.896+0000] {processor.py:183} INFO - Processing /home/airflow/.local/lib/python3.12/site-packages/airflow/example_dags/example_display_name.py took 0.051 seconds
[2026-05-19T14:45:02.382+0000] {processor.py:161} INFO - Started process (PID=1060) to work on /home/airflow/.local/lib/python3.12/site-packages/airflow/example_dags/example_display_name.py
[2026-05-19T14:45:02.384+0000] {processor.py:830} INFO - Processing file /home/airflow/.local/lib/python3.12/site-packages/airflow/example_dags/example_display_name.py for tasks to queue
[2026-05-19T14:45:02.385+0000] {logging_mixin.py:188} INFO - [2026-05-19T14:45:02.385+0000] {dagbag.py:545} INFO - Filling up the DagBag from /home/airflow/.local/lib/python3.12/site-packages/airflow/example_dags/example_display_name.py
[2026-05-19T14:45:02.389+0000] {processor.py:840} INFO - DAG(s) 'example_display_name' retrieved from /home/airflow/.local/lib/python3.12/site-packages/airflow/example_dags/example_display_name.py
[2026-05-19T14:45:02.406+0000] {logging_mixin.py:188} INFO - [2026-05-19T14:45:02.406+0000] {dag.py:3089} INFO - Sync 1 DAGs
[2026-05-19T14:45:02.418+0000] {logging_mixin.py:188} INFO - [2026-05-19T14:45:02.418+0000] {dag.py:3947} INFO - Setting next_dagrun for example_display_name to None, run_after=None
[2026-05-19T14:45:02.435+0000] {processor.py:183} INFO - Processing /home/airflow/.local/lib/python3.12/site-packages/airflow/example_dags/example_display_name.py took 0.057 seconds
[2026-05-19T14:45:32.790+0000] {processor.py:161} INFO - Started process (PID=1118) to work on /home/airflow/.local/lib/python3.12/site-packages/airflow/example_dags/example_display_name.py
[2026-05-19T14:45:32.790+0000] {processor.py:830} INFO - Processing file /home/airflow/.local/lib/python3.12/site-packages/airflow/example_dags/example_display_name.py for tasks to queue
[2026-05-19T14:45:32.791+0000] {logging_mixin.py:188} INFO - [2026-05-19T14:45:32.791+0000] {dagbag.py:545} INFO - Filling up the DagBag from /home/airflow/.local/lib/python3.12/site-packages/airflow/example_dags/example_display_name.py
[2026-05-19T14:45:32.796+0000] {processor.py:840} INFO - DAG(s) 'example_display_name' retrieved from /home/airflow/.local/lib/python3.12/site-packages/airflow/example_dags/example_display_name.py
[2026-05-19T14:45:32.811+0000] {logging_mixin.py:188} INFO - [2026-05-19T14:45:32.811+0000] {dag.py:3089} INFO - Sync 1 DAGs
[2026-05-19T14:45:32.821+0000] {logging_mixin.py:188} INFO - [2026-05-19T14:45:32.821+0000] {dag.py:3947} INFO - Setting next_dagrun for example_display_name to None, run_after=None
[2026-05-19T14:45:32.852+0000] {processor.py:183} INFO - Processing /home/airflow/.local/lib/python3.12/site-packages/airflow/example_dags/example_display_name.py took 0.067 seconds
[2026-05-19T14:46:03.055+0000] {processor.py:161} INFO - Started process (PID=1176) to work on /home/airflow/.local/lib/python3.12/site-packages/airflow/example_dags/example_display_name.py
[2026-05-19T14:46:03.056+0000] {processor.py:830} INFO - Processing file /home/airflow/.local/lib/python3.12/site-packages/airflow/example_dags/example_display_name.py for tasks to queue
[2026-05-19T14:46:03.057+0000] {logging_mixin.py:188} INFO - [2026-05-19T14:46:03.057+0000] {dagbag.py:545} INFO - Filling up the DagBag from /home/airflow/.local/lib/python3.12/site-packages/airflow/example_dags/example_display_name.py
[2026-05-19T14:46:03.062+0000] {processor.py:840} INFO - DAG(s) 'example_display_name' retrieved from /home/airflow/.local/lib/python3.12/site-packages/airflow/example_dags/example_display_name.py
[2026-05-19T14:46:03.077+0000] {logging_mixin.py:188} INFO - [2026-05-19T14:46:03.076+0000] {dag.py:3089} INFO - Sync 1 DAGs
[2026-05-19T14:46:03.087+0000] {logging_mixin.py:188} INFO - [2026-05-19T14:46:03.087+0000] {dag.py:3947} INFO - Setting next_dagrun for example_display_name to None, run_after=None
[2026-05-19T14:46:03.105+0000] {processor.py:183} INFO - Processing /home/airflow/.local/lib/python3.12/site-packages/airflow/example_dags/example_display_name.py took 0.055 seconds
[2026-05-19T14:46:33.733+0000] {processor.py:161} INFO - Started process (PID=1234) to work on /home/airflow/.local/lib/python3.12/site-packages/airflow/example_dags/example_display_name.py
[2026-05-19T14:46:33.734+0000] {processor.py:830} INFO - Processing file /home/airflow/.local/lib/python3.12/site-packages/airflow/example_dags/example_display_name.py for tasks to queue
[2026-05-19T14:46:33.735+0000] {logging_mixin.py:188} INFO - [2026-05-19T14:46:33.735+0000] {dagbag.py:545} INFO - Filling up the DagBag from /home/airflow/.local/lib/python3.12/site-packages/airflow/example_dags/example_display_name.py
[2026-05-19T14:46:33.739+0000] {processor.py:840} INFO - DAG(s) 'example_display_name' retrieved from /home/airflow/.local/lib/python3.12/site-packages/airflow/example_dags/example_display_name.py
[2026-05-19T14:46:33.755+0000] {logging_mixin.py:188} INFO - [2026-05-19T14:46:33.755+0000] {dag.py:3089} INFO - Sync 1 DAGs
[2026-05-19T14:46:33.766+0000] {logging_mixin.py:188} INFO - [2026-05-19T14:46:33.765+0000] {dag.py:3947} INFO - Setting next_dagrun for example_display_name to None, run_after=None
[2026-05-19T14:46:33.781+0000] {processor.py:183} INFO - Processing /home/airflow/.local/lib/python3.12/site-packages/airflow/example_dags/example_display_name.py took 0.053 seconds
[2026-05-19T14:47:04.662+0000] {processor.py:161} INFO - Started process (PID=1292) to work on /home/airflow/.local/lib/python3.12/site-packages/airflow/example_dags/example_display_name.py
[2026-05-19T14:47:04.664+0000] {processor.py:830} INFO - Processing file /home/airflow/.local/lib/python3.12/site-packages/airflow/example_dags/example_display_name.py for tasks to queue
[2026-05-19T14:47:04.665+0000] {logging_mixin.py:188} INFO - [2026-05-19T14:47:04.665+0000] {dagbag.py:545} INFO - Filling up the DagBag from /home/airflow/.local/lib/python3.12/site-packages/airflow/example_dags/example_display_name.py
[2026-05-19T14:47:04.670+0000] {processor.py:840} INFO - DAG(s) 'example_display_name' retrieved from /home/airflow/.local/lib/python3.12/site-packages/airflow/example_dags/example_display_name.py
[2026-05-19T14:47:04.686+0000] {logging_mixin.py:188} INFO - [2026-05-19T14:47:04.686+0000] {dag.py:3089} INFO - Sync 1 DAGs
[2026-05-19T14:47:04.697+0000] {logging_mixin.py:188} INFO - [2026-05-19T14:47:04.697+0000] {dag.py:3947} INFO - Setting next_dagrun for example_display_name to None, run_after=None
[2026-05-19T14:47:04.715+0000] {processor.py:183} INFO - Processing /home/airflow/.local/lib/python3.12/site-packages/airflow/example_dags/example_display_name.py took 0.057 seconds
[2026-05-19T14:47:35.254+0000] {processor.py:161} INFO - Started process (PID=1350) to work on /home/airflow/.local/lib/python3.12/site-packages/airflow/example_dags/example_display_name.py
[2026-05-19T14:47:35.255+0000] {processor.py:830} INFO - Processing file /home/airflow/.local/lib/python3.12/site-packages/airflow/example_dags/example_display_name.py for tasks to queue
[2026-05-19T14:47:35.256+0000] {logging_mixin.py:188} INFO - [2026-05-19T14:47:35.256+0000] {dagbag.py:545} INFO - Filling up the DagBag from /home/airflow/.local/lib/python3.12/site-packages/airflow/example_dags/example_display_name.py
[2026-05-19T14:47:35.261+0000] {processor.py:840} INFO - DAG(s) 'example_display_name' retrieved from /home/airflow/.local/lib/python3.12/site-packages/airflow/example_dags/example_display_name.py
[2026-05-19T14:47:35.276+0000] {logging_mixin.py:188} INFO - [2026-05-19T14:47:35.275+0000] {dag.py:3089} INFO - Sync 1 DAGs
[2026-05-19T14:47:35.286+0000] {logging_mixin.py:188} INFO - [2026-05-19T14:47:35.286+0000] {dag.py:3947} INFO - Setting next_dagrun for example_display_name to None, run_after=None
[2026-05-19T14:47:35.300+0000] {processor.py:183} INFO - Processing /home/airflow/.local/lib/python3.12/site-packages/airflow/example_dags/example_display_name.py took 0.050 seconds
[2026-05-19T14:48:11.745+0000] {processor.py:161} INFO - Started process (PID=1407) to work on /home/airflow/.local/lib/python3.12/site-packages/airflow/example_dags/example_display_name.py
[2026-05-19T14:48:11.752+0000] {processor.py:830} INFO - Processing file /home/airflow/.local/lib/python3.12/site-packages/airflow/example_dags/example_display_name.py for tasks to queue
[2026-05-19T14:48:11.754+0000] {logging_mixin.py:188} INFO - [2026-05-19T14:48:11.754+0000] {dagbag.py:545} INFO - Filling up the DagBag from /home/airflow/.local/lib/python3.12/site-packages/airflow/example_dags/example_display_name.py
[2026-05-19T14:48:11.760+0000] {processor.py:840} INFO - DAG(s) 'example_display_name' retrieved from /home/airflow/.local/lib/python3.12/site-packages/airflow/example_dags/example_display_name.py
[2026-05-19T14:48:11.777+0000] {logging_mixin.py:188} INFO - [2026-05-19T14:48:11.776+0000] {dag.py:3089} INFO - Sync 1 DAGs
[2026-05-19T14:48:11.790+0000] {logging_mixin.py:188} INFO - [2026-05-19T14:48:11.789+0000] {dag.py:3947} INFO - Setting next_dagrun for example_display_name to None, run_after=None
[2026-05-19T14:48:11.809+0000] {processor.py:183} INFO - Processing /home/airflow/.local/lib/python3.12/site-packages/airflow/example_dags/example_display_name.py took 0.069 seconds
[2026-05-19T14:48:42.350+0000] {processor.py:161} INFO - Started process (PID=1463) to work on /home/airflow/.local/lib/python3.12/site-packages/airflow/example_dags/example_display_name.py
[2026-05-19T14:48:42.350+0000] {processor.py:830} INFO - Processing file /home/airflow/.local/lib/python3.12/site-packages/airflow/example_dags/example_display_name.py for tasks to queue
[2026-05-19T14:48:42.352+0000] {logging_mixin.py:188} INFO - [2026-05-19T14:48:42.351+0000] {dagbag.py:545} INFO - Filling up the DagBag from /home/airflow/.local/lib/python3.12/site-packages/airflow/example_dags/example_display_name.py
[2026-05-19T14:48:42.356+0000] {processor.py:840} INFO - DAG(s) 'example_display_name' retrieved from /home/airflow/.local/lib/python3.12/site-packages/airflow/example_dags/example_display_name.py
[2026-05-19T14:48:42.371+0000] {logging_mixin.py:188} INFO - [2026-05-19T14:48:42.371+0000] {dag.py:3089} INFO - Sync 1 DAGs
[2026-05-19T14:48:42.383+0000] {logging_mixin.py:188} INFO - [2026-05-19T14:48:42.382+0000] {dag.py:3947} INFO - Setting next_dagrun for example_display_name to None, run_after=None
[2026-05-19T14:48:42.401+0000] {processor.py:183} INFO - Processing /home/airflow/.local/lib/python3.12/site-packages/airflow/example_dags/example_display_name.py took 0.056 seconds
[2026-05-19T14:49:13.075+0000] {processor.py:161} INFO - Started process (PID=1521) to work on /home/airflow/.local/lib/python3.12/site-packages/airflow/example_dags/example_display_name.py
[2026-05-19T14:49:13.077+0000] {processor.py:830} INFO - Processing file /home/airflow/.local/lib/python3.12/site-packages/airflow/example_dags/example_display_name.py for tasks to queue
[2026-05-19T14:49:13.078+0000] {logging_mixin.py:188} INFO - [2026-05-19T14:49:13.078+0000] {dagbag.py:545} INFO - Filling up the DagBag from /home/airflow/.local/lib/python3.12/site-packages/airflow/example_dags/example_display_name.py
[2026-05-19T14:49:13.083+0000] {processor.py:840} INFO - DAG(s) 'example_display_name' retrieved from /home/airflow/.local/lib/python3.12/site-packages/airflow/example_dags/example_display_name.py
[2026-05-19T14:49:13.099+0000] {logging_mixin.py:188} INFO - [2026-05-19T14:49:13.099+0000] {dag.py:3089} INFO - Sync 1 DAGs
[2026-05-19T14:49:13.110+0000] {logging_mixin.py:188} INFO - [2026-05-19T14:49:13.110+0000] {dag.py:3947} INFO - Setting next_dagrun for example_display_name to None, run_after=None
[2026-05-19T14:49:13.129+0000] {processor.py:183} INFO - Processing /home/airflow/.local/lib/python3.12/site-packages/airflow/example_dags/example_display_name.py took 0.059 seconds
[2026-05-19T14:49:43.224+0000] {processor.py:161} INFO - Started process (PID=1579) to work on /home/airflow/.local/lib/python3.12/site-packages/airflow/example_dags/example_display_name.py
[2026-05-19T14:49:43.224+0000] {processor.py:830} INFO - Processing file /home/airflow/.local/lib/python3.12/site-packages/airflow/example_dags/example_display_name.py for tasks to queue
[2026-05-19T14:49:43.226+0000] {logging_mixin.py:188} INFO - [2026-05-19T14:49:43.226+0000] {dagbag.py:545} INFO - Filling up the DagBag from /home/airflow/.local/lib/python3.12/site-packages/airflow/example_dags/example_display_name.py
[2026-05-19T14:49:43.230+0000] {processor.py:840} INFO - DAG(s) 'example_display_name' retrieved from /home/airflow/.local/lib/python3.12/site-packages/airflow/example_dags/example_display_name.py
[2026-05-19T14:49:43.245+0000] {logging_mixin.py:188} INFO - [2026-05-19T14:49:43.245+0000] {dag.py:3089} INFO - Sync 1 DAGs
[2026-05-19T14:49:43.255+0000] {logging_mixin.py:188} INFO - [2026-05-19T14:49:43.255+0000] {dag.py:3947} INFO - Setting next_dagrun for example_display_name to None, run_after=None
[2026-05-19T14:49:43.271+0000] {processor.py:183} INFO - Processing /home/airflow/.local/lib/python3.12/site-packages/airflow/example_dags/example_display_name.py took 0.052 seconds
