[2026-05-19T14:36:21.549+0000] {processor.py:161} INFO - Started process (PID=50) to work on /home/airflow/.local/lib/python3.12/site-packages/airflow/example_dags/example_params_ui_tutorial.py
[2026-05-19T14:36:21.549+0000] {processor.py:830} INFO - Processing file /home/airflow/.local/lib/python3.12/site-packages/airflow/example_dags/example_params_ui_tutorial.py for tasks to queue
[2026-05-19T14:36:21.551+0000] {logging_mixin.py:188} INFO - [2026-05-19T14:36:21.550+0000] {dagbag.py:545} INFO - Filling up the DagBag from /home/airflow/.local/lib/python3.12/site-packages/airflow/example_dags/example_params_ui_tutorial.py
[2026-05-19T14:36:21.558+0000] {processor.py:840} INFO - DAG(s) 'example_params_ui_tutorial' retrieved from /home/airflow/.local/lib/python3.12/site-packages/airflow/example_dags/example_params_ui_tutorial.py
[2026-05-19T14:36:21.791+0000] {logging_mixin.py:188} INFO - [2026-05-19T14:36:21.791+0000] {dag.py:3089} INFO - Sync 1 DAGs
[2026-05-19T14:36:21.800+0000] {logging_mixin.py:188} INFO - [2026-05-19T14:36:21.800+0000] {dag.py:3947} INFO - Setting next_dagrun for example_params_ui_tutorial to None, run_after=None
[2026-05-19T14:36:21.829+0000] {processor.py:183} INFO - Processing /home/airflow/.local/lib/python3.12/site-packages/airflow/example_dags/example_params_ui_tutorial.py took 0.285 seconds
[2026-05-19T14:36:51.886+0000] {processor.py:161} INFO - Started process (PID=108) to work on /home/airflow/.local/lib/python3.12/site-packages/airflow/example_dags/example_params_ui_tutorial.py
[2026-05-19T14:36:51.887+0000] {processor.py:830} INFO - Processing file /home/airflow/.local/lib/python3.12/site-packages/airflow/example_dags/example_params_ui_tutorial.py for tasks to queue
[2026-05-19T14:36:51.888+0000] {logging_mixin.py:188} INFO - [2026-05-19T14:36:51.888+0000] {dagbag.py:545} INFO - Filling up the DagBag from /home/airflow/.local/lib/python3.12/site-packages/airflow/example_dags/example_params_ui_tutorial.py
[2026-05-19T14:36:51.894+0000] {processor.py:840} INFO - DAG(s) 'example_params_ui_tutorial' retrieved from /home/airflow/.local/lib/python3.12/site-packages/airflow/example_dags/example_params_ui_tutorial.py
[2026-05-19T14:36:51.937+0000] {logging_mixin.py:188} INFO - [2026-05-19T14:36:51.936+0000] {dag.py:3089} INFO - Sync 1 DAGs
[2026-05-19T14:36:51.946+0000] {logging_mixin.py:188} INFO - [2026-05-19T14:36:51.946+0000] {dag.py:3947} INFO - Setting next_dagrun for example_params_ui_tutorial to None, run_after=None
[2026-05-19T14:36:51.961+0000] {processor.py:183} INFO - Processing /home/airflow/.local/lib/python3.12/site-packages/airflow/example_dags/example_params_ui_tutorial.py took 0.080 seconds
[2026-05-19T14:37:22.291+0000] {processor.py:161} INFO - Started process (PID=166) to work on /home/airflow/.local/lib/python3.12/site-packages/airflow/example_dags/example_params_ui_tutorial.py
[2026-05-19T14:37:22.292+0000] {processor.py:830} INFO - Processing file /home/airflow/.local/lib/python3.12/site-packages/airflow/example_dags/example_params_ui_tutorial.py for tasks to queue
[2026-05-19T14:37:22.293+0000] {logging_mixin.py:188} INFO - [2026-05-19T14:37:22.293+0000] {dagbag.py:545} INFO - Filling up the DagBag from /home/airflow/.local/lib/python3.12/site-packages/airflow/example_dags/example_params_ui_tutorial.py
[2026-05-19T14:37:22.299+0000] {processor.py:840} INFO - DAG(s) 'example_params_ui_tutorial' retrieved from /home/airflow/.local/lib/python3.12/site-packages/airflow/example_dags/example_params_ui_tutorial.py
[2026-05-19T14:37:22.341+0000] {logging_mixin.py:188} INFO - [2026-05-19T14:37:22.341+0000] {dag.py:3089} INFO - Sync 1 DAGs
[2026-05-19T14:37:22.351+0000] {logging_mixin.py:188} INFO - [2026-05-19T14:37:22.351+0000] {dag.py:3947} INFO - Setting next_dagrun for example_params_ui_tutorial to None, run_after=None
[2026-05-19T14:37:22.366+0000] {processor.py:183} INFO - Processing /home/airflow/.local/lib/python3.12/site-packages/airflow/example_dags/example_params_ui_tutorial.py took 0.080 seconds
[2026-05-19T14:37:52.631+0000] {processor.py:161} INFO - Started process (PID=224) to work on /home/airflow/.local/lib/python3.12/site-packages/airflow/example_dags/example_params_ui_tutorial.py
[2026-05-19T14:37:52.631+0000] {processor.py:830} INFO - Processing file /home/airflow/.local/lib/python3.12/site-packages/airflow/example_dags/example_params_ui_tutorial.py for tasks to queue
[2026-05-19T14:37:52.632+0000] {logging_mixin.py:188} INFO - [2026-05-19T14:37:52.632+0000] {dagbag.py:545} INFO - Filling up the DagBag from /home/airflow/.local/lib/python3.12/site-packages/airflow/example_dags/example_params_ui_tutorial.py
[2026-05-19T14:37:52.638+0000] {processor.py:840} INFO - DAG(s) 'example_params_ui_tutorial' retrieved from /home/airflow/.local/lib/python3.12/site-packages/airflow/example_dags/example_params_ui_tutorial.py
[2026-05-19T14:37:52.680+0000] {logging_mixin.py:188} INFO - [2026-05-19T14:37:52.680+0000] {dag.py:3089} INFO - Sync 1 DAGs
[2026-05-19T14:37:52.691+0000] {logging_mixin.py:188} INFO - [2026-05-19T14:37:52.691+0000] {dag.py:3947} INFO - Setting next_dagrun for example_params_ui_tutorial to None, run_after=None
[2026-05-19T14:37:52.706+0000] {processor.py:183} INFO - Processing /home/airflow/.local/lib/python3.12/site-packages/airflow/example_dags/example_params_ui_tutorial.py took 0.080 seconds
[2026-05-19T14:38:22.991+0000] {processor.py:161} INFO - Started process (PID=282) to work on /home/airflow/.local/lib/python3.12/site-packages/airflow/example_dags/example_params_ui_tutorial.py
[2026-05-19T14:38:22.992+0000] {processor.py:830} INFO - Processing file /home/airflow/.local/lib/python3.12/site-packages/airflow/example_dags/example_params_ui_tutorial.py for tasks to queue
[2026-05-19T14:38:22.993+0000] {logging_mixin.py:188} INFO - [2026-05-19T14:38:22.993+0000] {dagbag.py:545} INFO - Filling up the DagBag from /home/airflow/.local/lib/python3.12/site-packages/airflow/example_dags/example_params_ui_tutorial.py
[2026-05-19T14:38:22.999+0000] {processor.py:840} INFO - DAG(s) 'example_params_ui_tutorial' retrieved from /home/airflow/.local/lib/python3.12/site-packages/airflow/example_dags/example_params_ui_tutorial.py
[2026-05-19T14:38:23.041+0000] {logging_mixin.py:188} INFO - [2026-05-19T14:38:23.041+0000] {dag.py:3089} INFO - Sync 1 DAGs
[2026-05-19T14:38:23.051+0000] {logging_mixin.py:188} INFO - [2026-05-19T14:38:23.051+0000] {dag.py:3947} INFO - Setting next_dagrun for example_params_ui_tutorial to None, run_after=None
[2026-05-19T14:38:23.066+0000] {processor.py:183} INFO - Processing /home/airflow/.local/lib/python3.12/site-packages/airflow/example_dags/example_params_ui_tutorial.py took 0.080 seconds
[2026-05-19T14:38:53.243+0000] {processor.py:161} INFO - Started process (PID=340) to work on /home/airflow/.local/lib/python3.12/site-packages/airflow/example_dags/example_params_ui_tutorial.py
[2026-05-19T14:38:53.244+0000] {processor.py:830} INFO - Processing file /home/airflow/.local/lib/python3.12/site-packages/airflow/example_dags/example_params_ui_tutorial.py for tasks to queue
[2026-05-19T14:38:53.245+0000] {logging_mixin.py:188} INFO - [2026-05-19T14:38:53.245+0000] {dagbag.py:545} INFO - Filling up the DagBag from /home/airflow/.local/lib/python3.12/site-packages/airflow/example_dags/example_params_ui_tutorial.py
[2026-05-19T14:38:53.251+0000] {processor.py:840} INFO - DAG(s) 'example_params_ui_tutorial' retrieved from /home/airflow/.local/lib/python3.12/site-packages/airflow/example_dags/example_params_ui_tutorial.py
[2026-05-19T14:38:53.293+0000] {logging_mixin.py:188} INFO - [2026-05-19T14:38:53.293+0000] {dag.py:3089} INFO - Sync 1 DAGs
[2026-05-19T14:38:53.304+0000] {logging_mixin.py:188} INFO - [2026-05-19T14:38:53.304+0000] {dag.py:3947} INFO - Setting next_dagrun for example_params_ui_tutorial to None, run_after=None
[2026-05-19T14:38:53.319+0000] {processor.py:183} INFO - Processing /home/airflow/.local/lib/python3.12/site-packages/airflow/example_dags/example_params_ui_tutorial.py took 0.080 seconds
[2026-05-19T14:39:23.511+0000] {processor.py:161} INFO - Started process (PID=398) to work on /home/airflow/.local/lib/python3.12/site-packages/airflow/example_dags/example_params_ui_tutorial.py
[2026-05-19T14:39:23.512+0000] {processor.py:830} INFO - Processing file /home/airflow/.local/lib/python3.12/site-packages/airflow/example_dags/example_params_ui_tutorial.py for tasks to queue
[2026-05-19T14:39:23.513+0000] {logging_mixin.py:188} INFO - [2026-05-19T14:39:23.513+0000] {dagbag.py:545} INFO - Filling up the DagBag from /home/airflow/.local/lib/python3.12/site-packages/airflow/example_dags/example_params_ui_tutorial.py
[2026-05-19T14:39:23.519+0000] {processor.py:840} INFO - DAG(s) 'example_params_ui_tutorial' retrieved from /home/airflow/.local/lib/python3.12/site-packages/airflow/example_dags/example_params_ui_tutorial.py
[2026-05-19T14:39:23.562+0000] {logging_mixin.py:188} INFO - [2026-05-19T14:39:23.562+0000] {dag.py:3089} INFO - Sync 1 DAGs
[2026-05-19T14:39:23.573+0000] {logging_mixin.py:188} INFO - [2026-05-19T14:39:23.572+0000] {dag.py:3947} INFO - Setting next_dagrun for example_params_ui_tutorial to None, run_after=None
[2026-05-19T14:39:23.623+0000] {processor.py:183} INFO - Processing /home/airflow/.local/lib/python3.12/site-packages/airflow/example_dags/example_params_ui_tutorial.py took 0.117 seconds
[2026-05-19T14:39:54.040+0000] {processor.py:161} INFO - Started process (PID=456) to work on /home/airflow/.local/lib/python3.12/site-packages/airflow/example_dags/example_params_ui_tutorial.py
[2026-05-19T14:39:54.040+0000] {processor.py:830} INFO - Processing file /home/airflow/.local/lib/python3.12/site-packages/airflow/example_dags/example_params_ui_tutorial.py for tasks to queue
[2026-05-19T14:39:54.042+0000] {logging_mixin.py:188} INFO - [2026-05-19T14:39:54.042+0000] {dagbag.py:545} INFO - Filling up the DagBag from /home/airflow/.local/lib/python3.12/site-packages/airflow/example_dags/example_params_ui_tutorial.py
[2026-05-19T14:39:54.048+0000] {processor.py:840} INFO - DAG(s) 'example_params_ui_tutorial' retrieved from /home/airflow/.local/lib/python3.12/site-packages/airflow/example_dags/example_params_ui_tutorial.py
[2026-05-19T14:39:54.097+0000] {logging_mixin.py:188} INFO - [2026-05-19T14:39:54.096+0000] {dag.py:3089} INFO - Sync 1 DAGs
[2026-05-19T14:39:54.111+0000] {logging_mixin.py:188} INFO - [2026-05-19T14:39:54.110+0000] {dag.py:3947} INFO - Setting next_dagrun for example_params_ui_tutorial to None, run_after=None
[2026-05-19T14:39:54.135+0000] {processor.py:183} INFO - Processing /home/airflow/.local/lib/python3.12/site-packages/airflow/example_dags/example_params_ui_tutorial.py took 0.100 seconds
[2026-05-19T14:40:24.648+0000] {processor.py:161} INFO - Started process (PID=513) to work on /home/airflow/.local/lib/python3.12/site-packages/airflow/example_dags/example_params_ui_tutorial.py
[2026-05-19T14:40:24.649+0000] {processor.py:830} INFO - Processing file /home/airflow/.local/lib/python3.12/site-packages/airflow/example_dags/example_params_ui_tutorial.py for tasks to queue
[2026-05-19T14:40:24.651+0000] {logging_mixin.py:188} INFO - [2026-05-19T14:40:24.650+0000] {dagbag.py:545} INFO - Filling up the DagBag from /home/airflow/.local/lib/python3.12/site-packages/airflow/example_dags/example_params_ui_tutorial.py
[2026-05-19T14:40:24.656+0000] {processor.py:840} INFO - DAG(s) 'example_params_ui_tutorial' retrieved from /home/airflow/.local/lib/python3.12/site-packages/airflow/example_dags/example_params_ui_tutorial.py
[2026-05-19T14:40:24.698+0000] {logging_mixin.py:188} INFO - [2026-05-19T14:40:24.697+0000] {dag.py:3089} INFO - Sync 1 DAGs
[2026-05-19T14:40:24.707+0000] {logging_mixin.py:188} INFO - [2026-05-19T14:40:24.707+0000] {dag.py:3947} INFO - Setting next_dagrun for example_params_ui_tutorial to None, run_after=None
[2026-05-19T14:40:24.722+0000] {processor.py:183} INFO - Processing /home/airflow/.local/lib/python3.12/site-packages/airflow/example_dags/example_params_ui_tutorial.py took 0.078 seconds
[2026-05-19T14:40:54.962+0000] {processor.py:161} INFO - Started process (PID=571) to work on /home/airflow/.local/lib/python3.12/site-packages/airflow/example_dags/example_params_ui_tutorial.py
[2026-05-19T14:40:54.963+0000] {processor.py:830} INFO - Processing file /home/airflow/.local/lib/python3.12/site-packages/airflow/example_dags/example_params_ui_tutorial.py for tasks to queue
[2026-05-19T14:40:54.964+0000] {logging_mixin.py:188} INFO - [2026-05-19T14:40:54.964+0000] {dagbag.py:545} INFO - Filling up the DagBag from /home/airflow/.local/lib/python3.12/site-packages/airflow/example_dags/example_params_ui_tutorial.py
[2026-05-19T14:40:54.970+0000] {processor.py:840} INFO - DAG(s) 'example_params_ui_tutorial' retrieved from /home/airflow/.local/lib/python3.12/site-packages/airflow/example_dags/example_params_ui_tutorial.py
[2026-05-19T14:40:55.013+0000] {logging_mixin.py:188} INFO - [2026-05-19T14:40:55.013+0000] {dag.py:3089} INFO - Sync 1 DAGs
[2026-05-19T14:40:55.025+0000] {logging_mixin.py:188} INFO - [2026-05-19T14:40:55.024+0000] {dag.py:3947} INFO - Setting next_dagrun for example_params_ui_tutorial to None, run_after=None
[2026-05-19T14:40:55.040+0000] {processor.py:183} INFO - Processing /home/airflow/.local/lib/python3.12/site-packages/airflow/example_dags/example_params_ui_tutorial.py took 0.083 seconds
[2026-05-19T14:41:25.607+0000] {processor.py:161} INFO - Started process (PID=630) to work on /home/airflow/.local/lib/python3.12/site-packages/airflow/example_dags/example_params_ui_tutorial.py
[2026-05-19T14:41:25.608+0000] {processor.py:830} INFO - Processing file /home/airflow/.local/lib/python3.12/site-packages/airflow/example_dags/example_params_ui_tutorial.py for tasks to queue
[2026-05-19T14:41:25.609+0000] {logging_mixin.py:188} INFO - [2026-05-19T14:41:25.609+0000] {dagbag.py:545} INFO - Filling up the DagBag from /home/airflow/.local/lib/python3.12/site-packages/airflow/example_dags/example_params_ui_tutorial.py
[2026-05-19T14:41:25.654+0000] {processor.py:840} INFO - DAG(s) 'example_params_ui_tutorial' retrieved from /home/airflow/.local/lib/python3.12/site-packages/airflow/example_dags/example_params_ui_tutorial.py
[2026-05-19T14:41:25.717+0000] {logging_mixin.py:188} INFO - [2026-05-19T14:41:25.717+0000] {dag.py:3089} INFO - Sync 1 DAGs
[2026-05-19T14:41:25.731+0000] {logging_mixin.py:188} INFO - [2026-05-19T14:41:25.731+0000] {dag.py:3947} INFO - Setting next_dagrun for example_params_ui_tutorial to None, run_after=None
[2026-05-19T14:41:25.755+0000] {processor.py:183} INFO - Processing /home/airflow/.local/lib/python3.12/site-packages/airflow/example_dags/example_params_ui_tutorial.py took 0.153 seconds
[2026-05-19T14:41:57.980+0000] {processor.py:161} INFO - Started process (PID=693) to work on /home/airflow/.local/lib/python3.12/site-packages/airflow/example_dags/example_params_ui_tutorial.py
[2026-05-19T14:41:57.981+0000] {processor.py:830} INFO - Processing file /home/airflow/.local/lib/python3.12/site-packages/airflow/example_dags/example_params_ui_tutorial.py for tasks to queue
[2026-05-19T14:41:57.984+0000] {logging_mixin.py:188} INFO - [2026-05-19T14:41:57.982+0000] {dagbag.py:545} INFO - Filling up the DagBag from /home/airflow/.local/lib/python3.12/site-packages/airflow/example_dags/example_params_ui_tutorial.py
[2026-05-19T14:41:58.053+0000] {processor.py:840} INFO - DAG(s) 'example_params_ui_tutorial' retrieved from /home/airflow/.local/lib/python3.12/site-packages/airflow/example_dags/example_params_ui_tutorial.py
[2026-05-19T14:41:58.319+0000] {logging_mixin.py:188} INFO - [2026-05-19T14:41:58.319+0000] {dag.py:3089} INFO - Sync 1 DAGs
[2026-05-19T14:41:58.335+0000] {logging_mixin.py:188} INFO - [2026-05-19T14:41:58.335+0000] {dag.py:3947} INFO - Setting next_dagrun for example_params_ui_tutorial to None, run_after=None
[2026-05-19T14:41:58.369+0000] {processor.py:183} INFO - Processing /home/airflow/.local/lib/python3.12/site-packages/airflow/example_dags/example_params_ui_tutorial.py took 0.396 seconds
[2026-05-19T14:42:28.693+0000] {processor.py:161} INFO - Started process (PID=752) to work on /home/airflow/.local/lib/python3.12/site-packages/airflow/example_dags/example_params_ui_tutorial.py
[2026-05-19T14:42:28.694+0000] {processor.py:830} INFO - Processing file /home/airflow/.local/lib/python3.12/site-packages/airflow/example_dags/example_params_ui_tutorial.py for tasks to queue
[2026-05-19T14:42:28.695+0000] {logging_mixin.py:188} INFO - [2026-05-19T14:42:28.695+0000] {dagbag.py:545} INFO - Filling up the DagBag from /home/airflow/.local/lib/python3.12/site-packages/airflow/example_dags/example_params_ui_tutorial.py
[2026-05-19T14:42:28.701+0000] {processor.py:840} INFO - DAG(s) 'example_params_ui_tutorial' retrieved from /home/airflow/.local/lib/python3.12/site-packages/airflow/example_dags/example_params_ui_tutorial.py
[2026-05-19T14:42:28.746+0000] {logging_mixin.py:188} INFO - [2026-05-19T14:42:28.745+0000] {dag.py:3089} INFO - Sync 1 DAGs
[2026-05-19T14:42:28.756+0000] {logging_mixin.py:188} INFO - [2026-05-19T14:42:28.756+0000] {dag.py:3947} INFO - Setting next_dagrun for example_params_ui_tutorial to None, run_after=None
[2026-05-19T14:42:28.772+0000] {processor.py:183} INFO - Processing /home/airflow/.local/lib/python3.12/site-packages/airflow/example_dags/example_params_ui_tutorial.py took 0.084 seconds
[2026-05-19T14:42:59.320+0000] {processor.py:161} INFO - Started process (PID=810) to work on /home/airflow/.local/lib/python3.12/site-packages/airflow/example_dags/example_params_ui_tutorial.py
[2026-05-19T14:42:59.321+0000] {processor.py:830} INFO - Processing file /home/airflow/.local/lib/python3.12/site-packages/airflow/example_dags/example_params_ui_tutorial.py for tasks to queue
[2026-05-19T14:42:59.322+0000] {logging_mixin.py:188} INFO - [2026-05-19T14:42:59.322+0000] {dagbag.py:545} INFO - Filling up the DagBag from /home/airflow/.local/lib/python3.12/site-packages/airflow/example_dags/example_params_ui_tutorial.py
[2026-05-19T14:42:59.328+0000] {processor.py:840} INFO - DAG(s) 'example_params_ui_tutorial' retrieved from /home/airflow/.local/lib/python3.12/site-packages/airflow/example_dags/example_params_ui_tutorial.py
[2026-05-19T14:42:59.371+0000] {logging_mixin.py:188} INFO - [2026-05-19T14:42:59.371+0000] {dag.py:3089} INFO - Sync 1 DAGs
[2026-05-19T14:42:59.382+0000] {logging_mixin.py:188} INFO - [2026-05-19T14:42:59.382+0000] {dag.py:3947} INFO - Setting next_dagrun for example_params_ui_tutorial to None, run_after=None
[2026-05-19T14:42:59.398+0000] {processor.py:183} INFO - Processing /home/airflow/.local/lib/python3.12/site-packages/airflow/example_dags/example_params_ui_tutorial.py took 0.082 seconds
[2026-05-19T14:43:29.997+0000] {processor.py:161} INFO - Started process (PID=868) to work on /home/airflow/.local/lib/python3.12/site-packages/airflow/example_dags/example_params_ui_tutorial.py
[2026-05-19T14:43:29.998+0000] {processor.py:830} INFO - Processing file /home/airflow/.local/lib/python3.12/site-packages/airflow/example_dags/example_params_ui_tutorial.py for tasks to queue
[2026-05-19T14:43:29.999+0000] {logging_mixin.py:188} INFO - [2026-05-19T14:43:29.999+0000] {dagbag.py:545} INFO - Filling up the DagBag from /home/airflow/.local/lib/python3.12/site-packages/airflow/example_dags/example_params_ui_tutorial.py
[2026-05-19T14:43:30.005+0000] {processor.py:840} INFO - DAG(s) 'example_params_ui_tutorial' retrieved from /home/airflow/.local/lib/python3.12/site-packages/airflow/example_dags/example_params_ui_tutorial.py
[2026-05-19T14:43:30.050+0000] {logging_mixin.py:188} INFO - [2026-05-19T14:43:30.050+0000] {dag.py:3089} INFO - Sync 1 DAGs
[2026-05-19T14:43:30.061+0000] {logging_mixin.py:188} INFO - [2026-05-19T14:43:30.061+0000] {dag.py:3947} INFO - Setting next_dagrun for example_params_ui_tutorial to None, run_after=None
[2026-05-19T14:43:30.076+0000] {processor.py:183} INFO - Processing /home/airflow/.local/lib/python3.12/site-packages/airflow/example_dags/example_params_ui_tutorial.py took 0.085 seconds
[2026-05-19T14:44:00.597+0000] {processor.py:161} INFO - Started process (PID=926) to work on /home/airflow/.local/lib/python3.12/site-packages/airflow/example_dags/example_params_ui_tutorial.py
[2026-05-19T14:44:00.598+0000] {processor.py:830} INFO - Processing file /home/airflow/.local/lib/python3.12/site-packages/airflow/example_dags/example_params_ui_tutorial.py for tasks to queue
[2026-05-19T14:44:00.599+0000] {logging_mixin.py:188} INFO - [2026-05-19T14:44:00.599+0000] {dagbag.py:545} INFO - Filling up the DagBag from /home/airflow/.local/lib/python3.12/site-packages/airflow/example_dags/example_params_ui_tutorial.py
[2026-05-19T14:44:00.605+0000] {processor.py:840} INFO - DAG(s) 'example_params_ui_tutorial' retrieved from /home/airflow/.local/lib/python3.12/site-packages/airflow/example_dags/example_params_ui_tutorial.py
[2026-05-19T14:44:00.647+0000] {logging_mixin.py:188} INFO - [2026-05-19T14:44:00.646+0000] {dag.py:3089} INFO - Sync 1 DAGs
[2026-05-19T14:44:00.657+0000] {logging_mixin.py:188} INFO - [2026-05-19T14:44:00.657+0000] {dag.py:3947} INFO - Setting next_dagrun for example_params_ui_tutorial to None, run_after=None
[2026-05-19T14:44:00.672+0000] {processor.py:183} INFO - Processing /home/airflow/.local/lib/python3.12/site-packages/airflow/example_dags/example_params_ui_tutorial.py took 0.079 seconds
[2026-05-19T14:44:31.136+0000] {processor.py:161} INFO - Started process (PID=984) to work on /home/airflow/.local/lib/python3.12/site-packages/airflow/example_dags/example_params_ui_tutorial.py
[2026-05-19T14:44:31.137+0000] {processor.py:830} INFO - Processing file /home/airflow/.local/lib/python3.12/site-packages/airflow/example_dags/example_params_ui_tutorial.py for tasks to queue
[2026-05-19T14:44:31.138+0000] {logging_mixin.py:188} INFO - [2026-05-19T14:44:31.138+0000] {dagbag.py:545} INFO - Filling up the DagBag from /home/airflow/.local/lib/python3.12/site-packages/airflow/example_dags/example_params_ui_tutorial.py
[2026-05-19T14:44:31.144+0000] {processor.py:840} INFO - DAG(s) 'example_params_ui_tutorial' retrieved from /home/airflow/.local/lib/python3.12/site-packages/airflow/example_dags/example_params_ui_tutorial.py
[2026-05-19T14:44:31.186+0000] {logging_mixin.py:188} INFO - [2026-05-19T14:44:31.186+0000] {dag.py:3089} INFO - Sync 1 DAGs
[2026-05-19T14:44:31.197+0000] {logging_mixin.py:188} INFO - [2026-05-19T14:44:31.197+0000] {dag.py:3947} INFO - Setting next_dagrun for example_params_ui_tutorial to None, run_after=None
[2026-05-19T14:44:31.212+0000] {processor.py:183} INFO - Processing /home/airflow/.local/lib/python3.12/site-packages/airflow/example_dags/example_params_ui_tutorial.py took 0.081 seconds
[2026-05-19T14:45:01.428+0000] {processor.py:161} INFO - Started process (PID=1042) to work on /home/airflow/.local/lib/python3.12/site-packages/airflow/example_dags/example_params_ui_tutorial.py
[2026-05-19T14:45:01.428+0000] {processor.py:830} INFO - Processing file /home/airflow/.local/lib/python3.12/site-packages/airflow/example_dags/example_params_ui_tutorial.py for tasks to queue
[2026-05-19T14:45:01.429+0000] {logging_mixin.py:188} INFO - [2026-05-19T14:45:01.429+0000] {dagbag.py:545} INFO - Filling up the DagBag from /home/airflow/.local/lib/python3.12/site-packages/airflow/example_dags/example_params_ui_tutorial.py
[2026-05-19T14:45:01.435+0000] {processor.py:840} INFO - DAG(s) 'example_params_ui_tutorial' retrieved from /home/airflow/.local/lib/python3.12/site-packages/airflow/example_dags/example_params_ui_tutorial.py
[2026-05-19T14:45:01.479+0000] {logging_mixin.py:188} INFO - [2026-05-19T14:45:01.479+0000] {dag.py:3089} INFO - Sync 1 DAGs
[2026-05-19T14:45:01.490+0000] {logging_mixin.py:188} INFO - [2026-05-19T14:45:01.489+0000] {dag.py:3947} INFO - Setting next_dagrun for example_params_ui_tutorial to None, run_after=None
[2026-05-19T14:45:01.505+0000] {processor.py:183} INFO - Processing /home/airflow/.local/lib/python3.12/site-packages/airflow/example_dags/example_params_ui_tutorial.py took 0.081 seconds
[2026-05-19T14:45:31.838+0000] {processor.py:161} INFO - Started process (PID=1100) to work on /home/airflow/.local/lib/python3.12/site-packages/airflow/example_dags/example_params_ui_tutorial.py
[2026-05-19T14:45:31.839+0000] {processor.py:830} INFO - Processing file /home/airflow/.local/lib/python3.12/site-packages/airflow/example_dags/example_params_ui_tutorial.py for tasks to queue
[2026-05-19T14:45:31.840+0000] {logging_mixin.py:188} INFO - [2026-05-19T14:45:31.840+0000] {dagbag.py:545} INFO - Filling up the DagBag from /home/airflow/.local/lib/python3.12/site-packages/airflow/example_dags/example_params_ui_tutorial.py
[2026-05-19T14:45:31.847+0000] {processor.py:840} INFO - DAG(s) 'example_params_ui_tutorial' retrieved from /home/airflow/.local/lib/python3.12/site-packages/airflow/example_dags/example_params_ui_tutorial.py
[2026-05-19T14:45:31.890+0000] {logging_mixin.py:188} INFO - [2026-05-19T14:45:31.890+0000] {dag.py:3089} INFO - Sync 1 DAGs
[2026-05-19T14:45:31.901+0000] {logging_mixin.py:188} INFO - [2026-05-19T14:45:31.901+0000] {dag.py:3947} INFO - Setting next_dagrun for example_params_ui_tutorial to None, run_after=None
[2026-05-19T14:45:31.916+0000] {processor.py:183} INFO - Processing /home/airflow/.local/lib/python3.12/site-packages/airflow/example_dags/example_params_ui_tutorial.py took 0.083 seconds
[2026-05-19T14:46:02.140+0000] {processor.py:161} INFO - Started process (PID=1158) to work on /home/airflow/.local/lib/python3.12/site-packages/airflow/example_dags/example_params_ui_tutorial.py
[2026-05-19T14:46:02.141+0000] {processor.py:830} INFO - Processing file /home/airflow/.local/lib/python3.12/site-packages/airflow/example_dags/example_params_ui_tutorial.py for tasks to queue
[2026-05-19T14:46:02.142+0000] {logging_mixin.py:188} INFO - [2026-05-19T14:46:02.142+0000] {dagbag.py:545} INFO - Filling up the DagBag from /home/airflow/.local/lib/python3.12/site-packages/airflow/example_dags/example_params_ui_tutorial.py
[2026-05-19T14:46:02.148+0000] {processor.py:840} INFO - DAG(s) 'example_params_ui_tutorial' retrieved from /home/airflow/.local/lib/python3.12/site-packages/airflow/example_dags/example_params_ui_tutorial.py
[2026-05-19T14:46:02.191+0000] {logging_mixin.py:188} INFO - [2026-05-19T14:46:02.191+0000] {dag.py:3089} INFO - Sync 1 DAGs
[2026-05-19T14:46:02.201+0000] {logging_mixin.py:188} INFO - [2026-05-19T14:46:02.201+0000] {dag.py:3947} INFO - Setting next_dagrun for example_params_ui_tutorial to None, run_after=None
[2026-05-19T14:46:02.219+0000] {processor.py:183} INFO - Processing /home/airflow/.local/lib/python3.12/site-packages/airflow/example_dags/example_params_ui_tutorial.py took 0.083 seconds
[2026-05-19T14:46:32.802+0000] {processor.py:161} INFO - Started process (PID=1216) to work on /home/airflow/.local/lib/python3.12/site-packages/airflow/example_dags/example_params_ui_tutorial.py
[2026-05-19T14:46:32.804+0000] {processor.py:830} INFO - Processing file /home/airflow/.local/lib/python3.12/site-packages/airflow/example_dags/example_params_ui_tutorial.py for tasks to queue
[2026-05-19T14:46:32.805+0000] {logging_mixin.py:188} INFO - [2026-05-19T14:46:32.805+0000] {dagbag.py:545} INFO - Filling up the DagBag from /home/airflow/.local/lib/python3.12/site-packages/airflow/example_dags/example_params_ui_tutorial.py
[2026-05-19T14:46:32.810+0000] {processor.py:840} INFO - DAG(s) 'example_params_ui_tutorial' retrieved from /home/airflow/.local/lib/python3.12/site-packages/airflow/example_dags/example_params_ui_tutorial.py
[2026-05-19T14:46:32.853+0000] {logging_mixin.py:188} INFO - [2026-05-19T14:46:32.853+0000] {dag.py:3089} INFO - Sync 1 DAGs
[2026-05-19T14:46:32.865+0000] {logging_mixin.py:188} INFO - [2026-05-19T14:46:32.865+0000] {dag.py:3947} INFO - Setting next_dagrun for example_params_ui_tutorial to None, run_after=None
[2026-05-19T14:46:32.882+0000] {processor.py:183} INFO - Processing /home/airflow/.local/lib/python3.12/site-packages/airflow/example_dags/example_params_ui_tutorial.py took 0.084 seconds
[2026-05-19T14:47:03.320+0000] {processor.py:161} INFO - Started process (PID=1274) to work on /home/airflow/.local/lib/python3.12/site-packages/airflow/example_dags/example_params_ui_tutorial.py
[2026-05-19T14:47:03.321+0000] {processor.py:830} INFO - Processing file /home/airflow/.local/lib/python3.12/site-packages/airflow/example_dags/example_params_ui_tutorial.py for tasks to queue
[2026-05-19T14:47:03.322+0000] {logging_mixin.py:188} INFO - [2026-05-19T14:47:03.322+0000] {dagbag.py:545} INFO - Filling up the DagBag from /home/airflow/.local/lib/python3.12/site-packages/airflow/example_dags/example_params_ui_tutorial.py
[2026-05-19T14:47:03.328+0000] {processor.py:840} INFO - DAG(s) 'example_params_ui_tutorial' retrieved from /home/airflow/.local/lib/python3.12/site-packages/airflow/example_dags/example_params_ui_tutorial.py
[2026-05-19T14:47:03.370+0000] {logging_mixin.py:188} INFO - [2026-05-19T14:47:03.370+0000] {dag.py:3089} INFO - Sync 1 DAGs
[2026-05-19T14:47:03.382+0000] {logging_mixin.py:188} INFO - [2026-05-19T14:47:03.382+0000] {dag.py:3947} INFO - Setting next_dagrun for example_params_ui_tutorial to None, run_after=None
[2026-05-19T14:47:03.401+0000] {processor.py:183} INFO - Processing /home/airflow/.local/lib/python3.12/site-packages/airflow/example_dags/example_params_ui_tutorial.py took 0.085 seconds
[2026-05-19T14:47:33.737+0000] {processor.py:161} INFO - Started process (PID=1330) to work on /home/airflow/.local/lib/python3.12/site-packages/airflow/example_dags/example_params_ui_tutorial.py
[2026-05-19T14:47:33.739+0000] {processor.py:830} INFO - Processing file /home/airflow/.local/lib/python3.12/site-packages/airflow/example_dags/example_params_ui_tutorial.py for tasks to queue
[2026-05-19T14:47:33.740+0000] {logging_mixin.py:188} INFO - [2026-05-19T14:47:33.740+0000] {dagbag.py:545} INFO - Filling up the DagBag from /home/airflow/.local/lib/python3.12/site-packages/airflow/example_dags/example_params_ui_tutorial.py
[2026-05-19T14:47:33.746+0000] {processor.py:840} INFO - DAG(s) 'example_params_ui_tutorial' retrieved from /home/airflow/.local/lib/python3.12/site-packages/airflow/example_dags/example_params_ui_tutorial.py
[2026-05-19T14:47:33.790+0000] {logging_mixin.py:188} INFO - [2026-05-19T14:47:33.789+0000] {dag.py:3089} INFO - Sync 1 DAGs
[2026-05-19T14:47:33.800+0000] {logging_mixin.py:188} INFO - [2026-05-19T14:47:33.800+0000] {dag.py:3947} INFO - Setting next_dagrun for example_params_ui_tutorial to None, run_after=None
[2026-05-19T14:47:33.815+0000] {processor.py:183} INFO - Processing /home/airflow/.local/lib/python3.12/site-packages/airflow/example_dags/example_params_ui_tutorial.py took 0.083 seconds
[2026-05-19T14:48:03.898+0000] {processor.py:161} INFO - Started process (PID=1387) to work on /home/airflow/.local/lib/python3.12/site-packages/airflow/example_dags/example_params_ui_tutorial.py
[2026-05-19T14:48:03.898+0000] {processor.py:830} INFO - Processing file /home/airflow/.local/lib/python3.12/site-packages/airflow/example_dags/example_params_ui_tutorial.py for tasks to queue
[2026-05-19T14:48:03.900+0000] {logging_mixin.py:188} INFO - [2026-05-19T14:48:03.900+0000] {dagbag.py:545} INFO - Filling up the DagBag from /home/airflow/.local/lib/python3.12/site-packages/airflow/example_dags/example_params_ui_tutorial.py
[2026-05-19T14:48:03.906+0000] {processor.py:840} INFO - DAG(s) 'example_params_ui_tutorial' retrieved from /home/airflow/.local/lib/python3.12/site-packages/airflow/example_dags/example_params_ui_tutorial.py
[2026-05-19T14:48:03.957+0000] {logging_mixin.py:188} INFO - [2026-05-19T14:48:03.957+0000] {dag.py:3089} INFO - Sync 1 DAGs
[2026-05-19T14:48:03.971+0000] {logging_mixin.py:188} INFO - [2026-05-19T14:48:03.971+0000] {dag.py:3947} INFO - Setting next_dagrun for example_params_ui_tutorial to None, run_after=None
[2026-05-19T14:48:03.993+0000] {processor.py:183} INFO - Processing /home/airflow/.local/lib/python3.12/site-packages/airflow/example_dags/example_params_ui_tutorial.py took 0.101 seconds
[2026-05-19T14:48:34.582+0000] {processor.py:161} INFO - Started process (PID=1445) to work on /home/airflow/.local/lib/python3.12/site-packages/airflow/example_dags/example_params_ui_tutorial.py
[2026-05-19T14:48:34.583+0000] {processor.py:830} INFO - Processing file /home/airflow/.local/lib/python3.12/site-packages/airflow/example_dags/example_params_ui_tutorial.py for tasks to queue
[2026-05-19T14:48:34.584+0000] {logging_mixin.py:188} INFO - [2026-05-19T14:48:34.584+0000] {dagbag.py:545} INFO - Filling up the DagBag from /home/airflow/.local/lib/python3.12/site-packages/airflow/example_dags/example_params_ui_tutorial.py
[2026-05-19T14:48:34.590+0000] {processor.py:840} INFO - DAG(s) 'example_params_ui_tutorial' retrieved from /home/airflow/.local/lib/python3.12/site-packages/airflow/example_dags/example_params_ui_tutorial.py
[2026-05-19T14:48:34.632+0000] {logging_mixin.py:188} INFO - [2026-05-19T14:48:34.632+0000] {dag.py:3089} INFO - Sync 1 DAGs
[2026-05-19T14:48:34.642+0000] {logging_mixin.py:188} INFO - [2026-05-19T14:48:34.642+0000] {dag.py:3947} INFO - Setting next_dagrun for example_params_ui_tutorial to None, run_after=None
[2026-05-19T14:48:34.657+0000] {processor.py:183} INFO - Processing /home/airflow/.local/lib/python3.12/site-packages/airflow/example_dags/example_params_ui_tutorial.py took 0.080 seconds
[2026-05-19T14:49:05.169+0000] {processor.py:161} INFO - Started process (PID=1503) to work on /home/airflow/.local/lib/python3.12/site-packages/airflow/example_dags/example_params_ui_tutorial.py
[2026-05-19T14:49:05.169+0000] {processor.py:830} INFO - Processing file /home/airflow/.local/lib/python3.12/site-packages/airflow/example_dags/example_params_ui_tutorial.py for tasks to queue
[2026-05-19T14:49:05.171+0000] {logging_mixin.py:188} INFO - [2026-05-19T14:49:05.171+0000] {dagbag.py:545} INFO - Filling up the DagBag from /home/airflow/.local/lib/python3.12/site-packages/airflow/example_dags/example_params_ui_tutorial.py
[2026-05-19T14:49:05.177+0000] {processor.py:840} INFO - DAG(s) 'example_params_ui_tutorial' retrieved from /home/airflow/.local/lib/python3.12/site-packages/airflow/example_dags/example_params_ui_tutorial.py
[2026-05-19T14:49:05.220+0000] {logging_mixin.py:188} INFO - [2026-05-19T14:49:05.220+0000] {dag.py:3089} INFO - Sync 1 DAGs
[2026-05-19T14:49:05.231+0000] {logging_mixin.py:188} INFO - [2026-05-19T14:49:05.231+0000] {dag.py:3947} INFO - Setting next_dagrun for example_params_ui_tutorial to None, run_after=None
[2026-05-19T14:49:05.246+0000] {processor.py:183} INFO - Processing /home/airflow/.local/lib/python3.12/site-packages/airflow/example_dags/example_params_ui_tutorial.py took 0.082 seconds
[2026-05-19T14:49:36.086+0000] {processor.py:161} INFO - Started process (PID=1561) to work on /home/airflow/.local/lib/python3.12/site-packages/airflow/example_dags/example_params_ui_tutorial.py
[2026-05-19T14:49:36.105+0000] {processor.py:830} INFO - Processing file /home/airflow/.local/lib/python3.12/site-packages/airflow/example_dags/example_params_ui_tutorial.py for tasks to queue
[2026-05-19T14:49:36.107+0000] {logging_mixin.py:188} INFO - [2026-05-19T14:49:36.106+0000] {dagbag.py:545} INFO - Filling up the DagBag from /home/airflow/.local/lib/python3.12/site-packages/airflow/example_dags/example_params_ui_tutorial.py
[2026-05-19T14:49:36.114+0000] {processor.py:840} INFO - DAG(s) 'example_params_ui_tutorial' retrieved from /home/airflow/.local/lib/python3.12/site-packages/airflow/example_dags/example_params_ui_tutorial.py
[2026-05-19T14:49:36.189+0000] {logging_mixin.py:188} INFO - [2026-05-19T14:49:36.189+0000] {dag.py:3089} INFO - Sync 1 DAGs
[2026-05-19T14:49:36.200+0000] {logging_mixin.py:188} INFO - [2026-05-19T14:49:36.200+0000] {dag.py:3947} INFO - Setting next_dagrun for example_params_ui_tutorial to None, run_after=None
[2026-05-19T14:49:36.236+0000] {processor.py:183} INFO - Processing /home/airflow/.local/lib/python3.12/site-packages/airflow/example_dags/example_params_ui_tutorial.py took 0.155 seconds
