[2026-05-19T14:36:23.193+0000] {processor.py:161} INFO - Started process (PID=75) to work on /home/airflow/.local/lib/python3.12/site-packages/airflow/example_dags/example_kubernetes_executor.py
[2026-05-19T14:36:23.193+0000] {processor.py:830} INFO - Processing file /home/airflow/.local/lib/python3.12/site-packages/airflow/example_dags/example_kubernetes_executor.py for tasks to queue
[2026-05-19T14:36:23.195+0000] {logging_mixin.py:188} INFO - [2026-05-19T14:36:23.195+0000] {dagbag.py:545} INFO - Filling up the DagBag from /home/airflow/.local/lib/python3.12/site-packages/airflow/example_dags/example_kubernetes_executor.py
[2026-05-19T14:36:23.208+0000] {processor.py:840} INFO - DAG(s) 'example_kubernetes_executor' retrieved from /home/airflow/.local/lib/python3.12/site-packages/airflow/example_dags/example_kubernetes_executor.py
[2026-05-19T14:36:23.242+0000] {logging_mixin.py:188} INFO - [2026-05-19T14:36:23.241+0000] {dag.py:3089} INFO - Sync 1 DAGs
[2026-05-19T14:36:23.253+0000] {logging_mixin.py:188} INFO - [2026-05-19T14:36:23.252+0000] {dag.py:3947} INFO - Setting next_dagrun for example_kubernetes_executor to None, run_after=None
[2026-05-19T14:36:23.272+0000] {processor.py:183} INFO - Processing /home/airflow/.local/lib/python3.12/site-packages/airflow/example_dags/example_kubernetes_executor.py took 0.085 seconds
[2026-05-19T14:36:54.086+0000] {processor.py:161} INFO - Started process (PID=133) to work on /home/airflow/.local/lib/python3.12/site-packages/airflow/example_dags/example_kubernetes_executor.py
[2026-05-19T14:36:54.086+0000] {processor.py:830} INFO - Processing file /home/airflow/.local/lib/python3.12/site-packages/airflow/example_dags/example_kubernetes_executor.py for tasks to queue
[2026-05-19T14:36:54.088+0000] {logging_mixin.py:188} INFO - [2026-05-19T14:36:54.087+0000] {dagbag.py:545} INFO - Filling up the DagBag from /home/airflow/.local/lib/python3.12/site-packages/airflow/example_dags/example_kubernetes_executor.py
[2026-05-19T14:36:54.097+0000] {processor.py:840} INFO - DAG(s) 'example_kubernetes_executor' retrieved from /home/airflow/.local/lib/python3.12/site-packages/airflow/example_dags/example_kubernetes_executor.py
[2026-05-19T14:36:54.126+0000] {logging_mixin.py:188} INFO - [2026-05-19T14:36:54.126+0000] {dag.py:3089} INFO - Sync 1 DAGs
[2026-05-19T14:36:54.137+0000] {logging_mixin.py:188} INFO - [2026-05-19T14:36:54.137+0000] {dag.py:3947} INFO - Setting next_dagrun for example_kubernetes_executor to None, run_after=None
[2026-05-19T14:36:54.152+0000] {processor.py:183} INFO - Processing /home/airflow/.local/lib/python3.12/site-packages/airflow/example_dags/example_kubernetes_executor.py took 0.071 seconds
[2026-05-19T14:37:24.306+0000] {processor.py:161} INFO - Started process (PID=190) to work on /home/airflow/.local/lib/python3.12/site-packages/airflow/example_dags/example_kubernetes_executor.py
[2026-05-19T14:37:24.307+0000] {processor.py:830} INFO - Processing file /home/airflow/.local/lib/python3.12/site-packages/airflow/example_dags/example_kubernetes_executor.py for tasks to queue
[2026-05-19T14:37:24.308+0000] {logging_mixin.py:188} INFO - [2026-05-19T14:37:24.308+0000] {dagbag.py:545} INFO - Filling up the DagBag from /home/airflow/.local/lib/python3.12/site-packages/airflow/example_dags/example_kubernetes_executor.py
[2026-05-19T14:37:24.318+0000] {processor.py:840} INFO - DAG(s) 'example_kubernetes_executor' retrieved from /home/airflow/.local/lib/python3.12/site-packages/airflow/example_dags/example_kubernetes_executor.py
[2026-05-19T14:37:24.346+0000] {logging_mixin.py:188} INFO - [2026-05-19T14:37:24.346+0000] {dag.py:3089} INFO - Sync 1 DAGs
[2026-05-19T14:37:24.355+0000] {logging_mixin.py:188} INFO - [2026-05-19T14:37:24.355+0000] {dag.py:3947} INFO - Setting next_dagrun for example_kubernetes_executor to None, run_after=None
[2026-05-19T14:37:24.369+0000] {processor.py:183} INFO - Processing /home/airflow/.local/lib/python3.12/site-packages/airflow/example_dags/example_kubernetes_executor.py took 0.068 seconds
[2026-05-19T14:37:54.788+0000] {processor.py:161} INFO - Started process (PID=249) to work on /home/airflow/.local/lib/python3.12/site-packages/airflow/example_dags/example_kubernetes_executor.py
[2026-05-19T14:37:54.789+0000] {processor.py:830} INFO - Processing file /home/airflow/.local/lib/python3.12/site-packages/airflow/example_dags/example_kubernetes_executor.py for tasks to queue
[2026-05-19T14:37:54.790+0000] {logging_mixin.py:188} INFO - [2026-05-19T14:37:54.790+0000] {dagbag.py:545} INFO - Filling up the DagBag from /home/airflow/.local/lib/python3.12/site-packages/airflow/example_dags/example_kubernetes_executor.py
[2026-05-19T14:37:54.800+0000] {processor.py:840} INFO - DAG(s) 'example_kubernetes_executor' retrieved from /home/airflow/.local/lib/python3.12/site-packages/airflow/example_dags/example_kubernetes_executor.py
[2026-05-19T14:37:54.829+0000] {logging_mixin.py:188} INFO - [2026-05-19T14:37:54.828+0000] {dag.py:3089} INFO - Sync 1 DAGs
[2026-05-19T14:37:54.839+0000] {logging_mixin.py:188} INFO - [2026-05-19T14:37:54.838+0000] {dag.py:3947} INFO - Setting next_dagrun for example_kubernetes_executor to None, run_after=None
[2026-05-19T14:37:54.854+0000] {processor.py:183} INFO - Processing /home/airflow/.local/lib/python3.12/site-packages/airflow/example_dags/example_kubernetes_executor.py took 0.070 seconds
[2026-05-19T14:38:25.028+0000] {processor.py:161} INFO - Started process (PID=307) to work on /home/airflow/.local/lib/python3.12/site-packages/airflow/example_dags/example_kubernetes_executor.py
[2026-05-19T14:38:25.029+0000] {processor.py:830} INFO - Processing file /home/airflow/.local/lib/python3.12/site-packages/airflow/example_dags/example_kubernetes_executor.py for tasks to queue
[2026-05-19T14:38:25.030+0000] {logging_mixin.py:188} INFO - [2026-05-19T14:38:25.030+0000] {dagbag.py:545} INFO - Filling up the DagBag from /home/airflow/.local/lib/python3.12/site-packages/airflow/example_dags/example_kubernetes_executor.py
[2026-05-19T14:38:25.039+0000] {processor.py:840} INFO - DAG(s) 'example_kubernetes_executor' retrieved from /home/airflow/.local/lib/python3.12/site-packages/airflow/example_dags/example_kubernetes_executor.py
[2026-05-19T14:38:25.068+0000] {logging_mixin.py:188} INFO - [2026-05-19T14:38:25.067+0000] {dag.py:3089} INFO - Sync 1 DAGs
[2026-05-19T14:38:25.077+0000] {logging_mixin.py:188} INFO - [2026-05-19T14:38:25.077+0000] {dag.py:3947} INFO - Setting next_dagrun for example_kubernetes_executor to None, run_after=None
[2026-05-19T14:38:25.092+0000] {processor.py:183} INFO - Processing /home/airflow/.local/lib/python3.12/site-packages/airflow/example_dags/example_kubernetes_executor.py took 0.068 seconds
[2026-05-19T14:38:55.323+0000] {processor.py:161} INFO - Started process (PID=365) to work on /home/airflow/.local/lib/python3.12/site-packages/airflow/example_dags/example_kubernetes_executor.py
[2026-05-19T14:38:55.323+0000] {processor.py:830} INFO - Processing file /home/airflow/.local/lib/python3.12/site-packages/airflow/example_dags/example_kubernetes_executor.py for tasks to queue
[2026-05-19T14:38:55.325+0000] {logging_mixin.py:188} INFO - [2026-05-19T14:38:55.324+0000] {dagbag.py:545} INFO - Filling up the DagBag from /home/airflow/.local/lib/python3.12/site-packages/airflow/example_dags/example_kubernetes_executor.py
[2026-05-19T14:38:55.334+0000] {processor.py:840} INFO - DAG(s) 'example_kubernetes_executor' retrieved from /home/airflow/.local/lib/python3.12/site-packages/airflow/example_dags/example_kubernetes_executor.py
[2026-05-19T14:38:55.364+0000] {logging_mixin.py:188} INFO - [2026-05-19T14:38:55.363+0000] {dag.py:3089} INFO - Sync 1 DAGs
[2026-05-19T14:38:55.373+0000] {logging_mixin.py:188} INFO - [2026-05-19T14:38:55.373+0000] {dag.py:3947} INFO - Setting next_dagrun for example_kubernetes_executor to None, run_after=None
[2026-05-19T14:38:55.388+0000] {processor.py:183} INFO - Processing /home/airflow/.local/lib/python3.12/site-packages/airflow/example_dags/example_kubernetes_executor.py took 0.070 seconds
[2026-05-19T14:39:25.741+0000] {processor.py:161} INFO - Started process (PID=423) to work on /home/airflow/.local/lib/python3.12/site-packages/airflow/example_dags/example_kubernetes_executor.py
[2026-05-19T14:39:25.742+0000] {processor.py:830} INFO - Processing file /home/airflow/.local/lib/python3.12/site-packages/airflow/example_dags/example_kubernetes_executor.py for tasks to queue
[2026-05-19T14:39:25.743+0000] {logging_mixin.py:188} INFO - [2026-05-19T14:39:25.743+0000] {dagbag.py:545} INFO - Filling up the DagBag from /home/airflow/.local/lib/python3.12/site-packages/airflow/example_dags/example_kubernetes_executor.py
[2026-05-19T14:39:25.752+0000] {processor.py:840} INFO - DAG(s) 'example_kubernetes_executor' retrieved from /home/airflow/.local/lib/python3.12/site-packages/airflow/example_dags/example_kubernetes_executor.py
[2026-05-19T14:39:25.782+0000] {logging_mixin.py:188} INFO - [2026-05-19T14:39:25.782+0000] {dag.py:3089} INFO - Sync 1 DAGs
[2026-05-19T14:39:25.792+0000] {logging_mixin.py:188} INFO - [2026-05-19T14:39:25.792+0000] {dag.py:3947} INFO - Setting next_dagrun for example_kubernetes_executor to None, run_after=None
[2026-05-19T14:39:25.808+0000] {processor.py:183} INFO - Processing /home/airflow/.local/lib/python3.12/site-packages/airflow/example_dags/example_kubernetes_executor.py took 0.071 seconds
[2026-05-19T14:39:56.382+0000] {processor.py:161} INFO - Started process (PID=481) to work on /home/airflow/.local/lib/python3.12/site-packages/airflow/example_dags/example_kubernetes_executor.py
[2026-05-19T14:39:56.383+0000] {processor.py:830} INFO - Processing file /home/airflow/.local/lib/python3.12/site-packages/airflow/example_dags/example_kubernetes_executor.py for tasks to queue
[2026-05-19T14:39:56.385+0000] {logging_mixin.py:188} INFO - [2026-05-19T14:39:56.384+0000] {dagbag.py:545} INFO - Filling up the DagBag from /home/airflow/.local/lib/python3.12/site-packages/airflow/example_dags/example_kubernetes_executor.py
[2026-05-19T14:39:56.394+0000] {processor.py:840} INFO - DAG(s) 'example_kubernetes_executor' retrieved from /home/airflow/.local/lib/python3.12/site-packages/airflow/example_dags/example_kubernetes_executor.py
[2026-05-19T14:39:56.424+0000] {logging_mixin.py:188} INFO - [2026-05-19T14:39:56.423+0000] {dag.py:3089} INFO - Sync 1 DAGs
[2026-05-19T14:39:56.434+0000] {logging_mixin.py:188} INFO - [2026-05-19T14:39:56.434+0000] {dag.py:3947} INFO - Setting next_dagrun for example_kubernetes_executor to None, run_after=None
[2026-05-19T14:39:56.450+0000] {processor.py:183} INFO - Processing /home/airflow/.local/lib/python3.12/site-packages/airflow/example_dags/example_kubernetes_executor.py took 0.072 seconds
[2026-05-19T14:40:26.756+0000] {processor.py:161} INFO - Started process (PID=544) to work on /home/airflow/.local/lib/python3.12/site-packages/airflow/example_dags/example_kubernetes_executor.py
[2026-05-19T14:40:26.757+0000] {processor.py:830} INFO - Processing file /home/airflow/.local/lib/python3.12/site-packages/airflow/example_dags/example_kubernetes_executor.py for tasks to queue
[2026-05-19T14:40:26.758+0000] {logging_mixin.py:188} INFO - [2026-05-19T14:40:26.758+0000] {dagbag.py:545} INFO - Filling up the DagBag from /home/airflow/.local/lib/python3.12/site-packages/airflow/example_dags/example_kubernetes_executor.py
[2026-05-19T14:40:26.768+0000] {processor.py:840} INFO - DAG(s) 'example_kubernetes_executor' retrieved from /home/airflow/.local/lib/python3.12/site-packages/airflow/example_dags/example_kubernetes_executor.py
[2026-05-19T14:40:26.798+0000] {logging_mixin.py:188} INFO - [2026-05-19T14:40:26.798+0000] {dag.py:3089} INFO - Sync 1 DAGs
[2026-05-19T14:40:26.809+0000] {logging_mixin.py:188} INFO - [2026-05-19T14:40:26.809+0000] {dag.py:3947} INFO - Setting next_dagrun for example_kubernetes_executor to None, run_after=None
[2026-05-19T14:40:26.828+0000] {processor.py:183} INFO - Processing /home/airflow/.local/lib/python3.12/site-packages/airflow/example_dags/example_kubernetes_executor.py took 0.077 seconds
[2026-05-19T14:40:57.113+0000] {processor.py:161} INFO - Started process (PID=602) to work on /home/airflow/.local/lib/python3.12/site-packages/airflow/example_dags/example_kubernetes_executor.py
[2026-05-19T14:40:57.115+0000] {processor.py:830} INFO - Processing file /home/airflow/.local/lib/python3.12/site-packages/airflow/example_dags/example_kubernetes_executor.py for tasks to queue
[2026-05-19T14:40:57.116+0000] {logging_mixin.py:188} INFO - [2026-05-19T14:40:57.116+0000] {dagbag.py:545} INFO - Filling up the DagBag from /home/airflow/.local/lib/python3.12/site-packages/airflow/example_dags/example_kubernetes_executor.py
[2026-05-19T14:40:57.126+0000] {processor.py:840} INFO - DAG(s) 'example_kubernetes_executor' retrieved from /home/airflow/.local/lib/python3.12/site-packages/airflow/example_dags/example_kubernetes_executor.py
[2026-05-19T14:40:57.156+0000] {logging_mixin.py:188} INFO - [2026-05-19T14:40:57.155+0000] {dag.py:3089} INFO - Sync 1 DAGs
[2026-05-19T14:40:57.166+0000] {logging_mixin.py:188} INFO - [2026-05-19T14:40:57.166+0000] {dag.py:3947} INFO - Setting next_dagrun for example_kubernetes_executor to None, run_after=None
[2026-05-19T14:40:57.181+0000] {processor.py:183} INFO - Processing /home/airflow/.local/lib/python3.12/site-packages/airflow/example_dags/example_kubernetes_executor.py took 0.072 seconds
[2026-05-19T14:41:27.498+0000] {processor.py:161} INFO - Started process (PID=660) to work on /home/airflow/.local/lib/python3.12/site-packages/airflow/example_dags/example_kubernetes_executor.py
[2026-05-19T14:41:27.498+0000] {processor.py:830} INFO - Processing file /home/airflow/.local/lib/python3.12/site-packages/airflow/example_dags/example_kubernetes_executor.py for tasks to queue
[2026-05-19T14:41:27.500+0000] {logging_mixin.py:188} INFO - [2026-05-19T14:41:27.499+0000] {dagbag.py:545} INFO - Filling up the DagBag from /home/airflow/.local/lib/python3.12/site-packages/airflow/example_dags/example_kubernetes_executor.py
[2026-05-19T14:41:27.568+0000] {processor.py:840} INFO - DAG(s) 'example_kubernetes_executor' retrieved from /home/airflow/.local/lib/python3.12/site-packages/airflow/example_dags/example_kubernetes_executor.py
[2026-05-19T14:41:27.615+0000] {logging_mixin.py:188} INFO - [2026-05-19T14:41:27.615+0000] {dag.py:3089} INFO - Sync 1 DAGs
[2026-05-19T14:41:27.626+0000] {logging_mixin.py:188} INFO - [2026-05-19T14:41:27.625+0000] {dag.py:3947} INFO - Setting next_dagrun for example_kubernetes_executor to None, run_after=None
[2026-05-19T14:41:27.641+0000] {processor.py:183} INFO - Processing /home/airflow/.local/lib/python3.12/site-packages/airflow/example_dags/example_kubernetes_executor.py took 0.148 seconds
[2026-05-19T14:41:59.498+0000] {processor.py:161} INFO - Started process (PID=717) to work on /home/airflow/.local/lib/python3.12/site-packages/airflow/example_dags/example_kubernetes_executor.py
[2026-05-19T14:41:59.500+0000] {processor.py:830} INFO - Processing file /home/airflow/.local/lib/python3.12/site-packages/airflow/example_dags/example_kubernetes_executor.py for tasks to queue
[2026-05-19T14:41:59.502+0000] {logging_mixin.py:188} INFO - [2026-05-19T14:41:59.502+0000] {dagbag.py:545} INFO - Filling up the DagBag from /home/airflow/.local/lib/python3.12/site-packages/airflow/example_dags/example_kubernetes_executor.py
[2026-05-19T14:41:59.513+0000] {processor.py:840} INFO - DAG(s) 'example_kubernetes_executor' retrieved from /home/airflow/.local/lib/python3.12/site-packages/airflow/example_dags/example_kubernetes_executor.py
[2026-05-19T14:41:59.548+0000] {logging_mixin.py:188} INFO - [2026-05-19T14:41:59.548+0000] {dag.py:3089} INFO - Sync 1 DAGs
[2026-05-19T14:41:59.563+0000] {logging_mixin.py:188} INFO - [2026-05-19T14:41:59.563+0000] {dag.py:3947} INFO - Setting next_dagrun for example_kubernetes_executor to None, run_after=None
[2026-05-19T14:41:59.586+0000] {processor.py:183} INFO - Processing /home/airflow/.local/lib/python3.12/site-packages/airflow/example_dags/example_kubernetes_executor.py took 0.093 seconds
[2026-05-19T14:42:29.763+0000] {processor.py:161} INFO - Started process (PID=776) to work on /home/airflow/.local/lib/python3.12/site-packages/airflow/example_dags/example_kubernetes_executor.py
[2026-05-19T14:42:29.764+0000] {processor.py:830} INFO - Processing file /home/airflow/.local/lib/python3.12/site-packages/airflow/example_dags/example_kubernetes_executor.py for tasks to queue
[2026-05-19T14:42:29.765+0000] {logging_mixin.py:188} INFO - [2026-05-19T14:42:29.765+0000] {dagbag.py:545} INFO - Filling up the DagBag from /home/airflow/.local/lib/python3.12/site-packages/airflow/example_dags/example_kubernetes_executor.py
[2026-05-19T14:42:29.775+0000] {processor.py:840} INFO - DAG(s) 'example_kubernetes_executor' retrieved from /home/airflow/.local/lib/python3.12/site-packages/airflow/example_dags/example_kubernetes_executor.py
[2026-05-19T14:42:29.809+0000] {logging_mixin.py:188} INFO - [2026-05-19T14:42:29.809+0000] {dag.py:3089} INFO - Sync 1 DAGs
[2026-05-19T14:42:29.821+0000] {logging_mixin.py:188} INFO - [2026-05-19T14:42:29.820+0000] {dag.py:3947} INFO - Setting next_dagrun for example_kubernetes_executor to None, run_after=None
[2026-05-19T14:42:29.838+0000] {processor.py:183} INFO - Processing /home/airflow/.local/lib/python3.12/site-packages/airflow/example_dags/example_kubernetes_executor.py took 0.080 seconds
[2026-05-19T14:43:00.362+0000] {processor.py:161} INFO - Started process (PID=834) to work on /home/airflow/.local/lib/python3.12/site-packages/airflow/example_dags/example_kubernetes_executor.py
[2026-05-19T14:43:00.363+0000] {processor.py:830} INFO - Processing file /home/airflow/.local/lib/python3.12/site-packages/airflow/example_dags/example_kubernetes_executor.py for tasks to queue
[2026-05-19T14:43:00.364+0000] {logging_mixin.py:188} INFO - [2026-05-19T14:43:00.364+0000] {dagbag.py:545} INFO - Filling up the DagBag from /home/airflow/.local/lib/python3.12/site-packages/airflow/example_dags/example_kubernetes_executor.py
[2026-05-19T14:43:00.374+0000] {processor.py:840} INFO - DAG(s) 'example_kubernetes_executor' retrieved from /home/airflow/.local/lib/python3.12/site-packages/airflow/example_dags/example_kubernetes_executor.py
[2026-05-19T14:43:00.405+0000] {logging_mixin.py:188} INFO - [2026-05-19T14:43:00.405+0000] {dag.py:3089} INFO - Sync 1 DAGs
[2026-05-19T14:43:00.417+0000] {logging_mixin.py:188} INFO - [2026-05-19T14:43:00.417+0000] {dag.py:3947} INFO - Setting next_dagrun for example_kubernetes_executor to None, run_after=None
[2026-05-19T14:43:00.433+0000] {processor.py:183} INFO - Processing /home/airflow/.local/lib/python3.12/site-packages/airflow/example_dags/example_kubernetes_executor.py took 0.076 seconds
[2026-05-19T14:43:31.015+0000] {processor.py:161} INFO - Started process (PID=892) to work on /home/airflow/.local/lib/python3.12/site-packages/airflow/example_dags/example_kubernetes_executor.py
[2026-05-19T14:43:31.016+0000] {processor.py:830} INFO - Processing file /home/airflow/.local/lib/python3.12/site-packages/airflow/example_dags/example_kubernetes_executor.py for tasks to queue
[2026-05-19T14:43:31.017+0000] {logging_mixin.py:188} INFO - [2026-05-19T14:43:31.017+0000] {dagbag.py:545} INFO - Filling up the DagBag from /home/airflow/.local/lib/python3.12/site-packages/airflow/example_dags/example_kubernetes_executor.py
[2026-05-19T14:43:31.028+0000] {processor.py:840} INFO - DAG(s) 'example_kubernetes_executor' retrieved from /home/airflow/.local/lib/python3.12/site-packages/airflow/example_dags/example_kubernetes_executor.py
[2026-05-19T14:43:31.059+0000] {logging_mixin.py:188} INFO - [2026-05-19T14:43:31.058+0000] {dag.py:3089} INFO - Sync 1 DAGs
[2026-05-19T14:43:31.069+0000] {logging_mixin.py:188} INFO - [2026-05-19T14:43:31.069+0000] {dag.py:3947} INFO - Setting next_dagrun for example_kubernetes_executor to None, run_after=None
[2026-05-19T14:43:31.084+0000] {processor.py:183} INFO - Processing /home/airflow/.local/lib/python3.12/site-packages/airflow/example_dags/example_kubernetes_executor.py took 0.074 seconds
[2026-05-19T14:44:01.644+0000] {processor.py:161} INFO - Started process (PID=950) to work on /home/airflow/.local/lib/python3.12/site-packages/airflow/example_dags/example_kubernetes_executor.py
[2026-05-19T14:44:01.645+0000] {processor.py:830} INFO - Processing file /home/airflow/.local/lib/python3.12/site-packages/airflow/example_dags/example_kubernetes_executor.py for tasks to queue
[2026-05-19T14:44:01.647+0000] {logging_mixin.py:188} INFO - [2026-05-19T14:44:01.646+0000] {dagbag.py:545} INFO - Filling up the DagBag from /home/airflow/.local/lib/python3.12/site-packages/airflow/example_dags/example_kubernetes_executor.py
[2026-05-19T14:44:01.657+0000] {processor.py:840} INFO - DAG(s) 'example_kubernetes_executor' retrieved from /home/airflow/.local/lib/python3.12/site-packages/airflow/example_dags/example_kubernetes_executor.py
[2026-05-19T14:44:01.689+0000] {logging_mixin.py:188} INFO - [2026-05-19T14:44:01.688+0000] {dag.py:3089} INFO - Sync 1 DAGs
[2026-05-19T14:44:01.699+0000] {logging_mixin.py:188} INFO - [2026-05-19T14:44:01.699+0000] {dag.py:3947} INFO - Setting next_dagrun for example_kubernetes_executor to None, run_after=None
[2026-05-19T14:44:01.714+0000] {processor.py:183} INFO - Processing /home/airflow/.local/lib/python3.12/site-packages/airflow/example_dags/example_kubernetes_executor.py took 0.074 seconds
[2026-05-19T14:44:32.144+0000] {processor.py:161} INFO - Started process (PID=1008) to work on /home/airflow/.local/lib/python3.12/site-packages/airflow/example_dags/example_kubernetes_executor.py
[2026-05-19T14:44:32.144+0000] {processor.py:830} INFO - Processing file /home/airflow/.local/lib/python3.12/site-packages/airflow/example_dags/example_kubernetes_executor.py for tasks to queue
[2026-05-19T14:44:32.145+0000] {logging_mixin.py:188} INFO - [2026-05-19T14:44:32.145+0000] {dagbag.py:545} INFO - Filling up the DagBag from /home/airflow/.local/lib/python3.12/site-packages/airflow/example_dags/example_kubernetes_executor.py
[2026-05-19T14:44:32.155+0000] {processor.py:840} INFO - DAG(s) 'example_kubernetes_executor' retrieved from /home/airflow/.local/lib/python3.12/site-packages/airflow/example_dags/example_kubernetes_executor.py
[2026-05-19T14:44:32.185+0000] {logging_mixin.py:188} INFO - [2026-05-19T14:44:32.184+0000] {dag.py:3089} INFO - Sync 1 DAGs
[2026-05-19T14:44:32.195+0000] {logging_mixin.py:188} INFO - [2026-05-19T14:44:32.195+0000] {dag.py:3947} INFO - Setting next_dagrun for example_kubernetes_executor to None, run_after=None
[2026-05-19T14:44:32.209+0000] {processor.py:183} INFO - Processing /home/airflow/.local/lib/python3.12/site-packages/airflow/example_dags/example_kubernetes_executor.py took 0.071 seconds
[2026-05-19T14:45:02.713+0000] {processor.py:161} INFO - Started process (PID=1066) to work on /home/airflow/.local/lib/python3.12/site-packages/airflow/example_dags/example_kubernetes_executor.py
[2026-05-19T14:45:02.714+0000] {processor.py:830} INFO - Processing file /home/airflow/.local/lib/python3.12/site-packages/airflow/example_dags/example_kubernetes_executor.py for tasks to queue
[2026-05-19T14:45:02.715+0000] {logging_mixin.py:188} INFO - [2026-05-19T14:45:02.715+0000] {dagbag.py:545} INFO - Filling up the DagBag from /home/airflow/.local/lib/python3.12/site-packages/airflow/example_dags/example_kubernetes_executor.py
[2026-05-19T14:45:02.726+0000] {processor.py:840} INFO - DAG(s) 'example_kubernetes_executor' retrieved from /home/airflow/.local/lib/python3.12/site-packages/airflow/example_dags/example_kubernetes_executor.py
[2026-05-19T14:45:02.758+0000] {logging_mixin.py:188} INFO - [2026-05-19T14:45:02.758+0000] {dag.py:3089} INFO - Sync 1 DAGs
[2026-05-19T14:45:02.769+0000] {logging_mixin.py:188} INFO - [2026-05-19T14:45:02.769+0000] {dag.py:3947} INFO - Setting next_dagrun for example_kubernetes_executor to None, run_after=None
[2026-05-19T14:45:02.788+0000] {processor.py:183} INFO - Processing /home/airflow/.local/lib/python3.12/site-packages/airflow/example_dags/example_kubernetes_executor.py took 0.080 seconds
[2026-05-19T14:45:33.193+0000] {processor.py:161} INFO - Started process (PID=1124) to work on /home/airflow/.local/lib/python3.12/site-packages/airflow/example_dags/example_kubernetes_executor.py
[2026-05-19T14:45:33.194+0000] {processor.py:830} INFO - Processing file /home/airflow/.local/lib/python3.12/site-packages/airflow/example_dags/example_kubernetes_executor.py for tasks to queue
[2026-05-19T14:45:33.195+0000] {logging_mixin.py:188} INFO - [2026-05-19T14:45:33.195+0000] {dagbag.py:545} INFO - Filling up the DagBag from /home/airflow/.local/lib/python3.12/site-packages/airflow/example_dags/example_kubernetes_executor.py
[2026-05-19T14:45:33.205+0000] {processor.py:840} INFO - DAG(s) 'example_kubernetes_executor' retrieved from /home/airflow/.local/lib/python3.12/site-packages/airflow/example_dags/example_kubernetes_executor.py
[2026-05-19T14:45:33.236+0000] {logging_mixin.py:188} INFO - [2026-05-19T14:45:33.236+0000] {dag.py:3089} INFO - Sync 1 DAGs
[2026-05-19T14:45:33.247+0000] {logging_mixin.py:188} INFO - [2026-05-19T14:45:33.247+0000] {dag.py:3947} INFO - Setting next_dagrun for example_kubernetes_executor to None, run_after=None
[2026-05-19T14:45:33.262+0000] {processor.py:183} INFO - Processing /home/airflow/.local/lib/python3.12/site-packages/airflow/example_dags/example_kubernetes_executor.py took 0.073 seconds
[2026-05-19T14:46:03.363+0000] {processor.py:161} INFO - Started process (PID=1182) to work on /home/airflow/.local/lib/python3.12/site-packages/airflow/example_dags/example_kubernetes_executor.py
[2026-05-19T14:46:03.364+0000] {processor.py:830} INFO - Processing file /home/airflow/.local/lib/python3.12/site-packages/airflow/example_dags/example_kubernetes_executor.py for tasks to queue
[2026-05-19T14:46:03.365+0000] {logging_mixin.py:188} INFO - [2026-05-19T14:46:03.365+0000] {dagbag.py:545} INFO - Filling up the DagBag from /home/airflow/.local/lib/python3.12/site-packages/airflow/example_dags/example_kubernetes_executor.py
[2026-05-19T14:46:03.377+0000] {processor.py:840} INFO - DAG(s) 'example_kubernetes_executor' retrieved from /home/airflow/.local/lib/python3.12/site-packages/airflow/example_dags/example_kubernetes_executor.py
[2026-05-19T14:46:03.410+0000] {logging_mixin.py:188} INFO - [2026-05-19T14:46:03.410+0000] {dag.py:3089} INFO - Sync 1 DAGs
[2026-05-19T14:46:03.420+0000] {logging_mixin.py:188} INFO - [2026-05-19T14:46:03.420+0000] {dag.py:3947} INFO - Setting next_dagrun for example_kubernetes_executor to None, run_after=None
[2026-05-19T14:46:03.481+0000] {processor.py:183} INFO - Processing /home/airflow/.local/lib/python3.12/site-packages/airflow/example_dags/example_kubernetes_executor.py took 0.123 seconds
[2026-05-19T14:46:34.043+0000] {processor.py:161} INFO - Started process (PID=1240) to work on /home/airflow/.local/lib/python3.12/site-packages/airflow/example_dags/example_kubernetes_executor.py
[2026-05-19T14:46:34.043+0000] {processor.py:830} INFO - Processing file /home/airflow/.local/lib/python3.12/site-packages/airflow/example_dags/example_kubernetes_executor.py for tasks to queue
[2026-05-19T14:46:34.044+0000] {logging_mixin.py:188} INFO - [2026-05-19T14:46:34.044+0000] {dagbag.py:545} INFO - Filling up the DagBag from /home/airflow/.local/lib/python3.12/site-packages/airflow/example_dags/example_kubernetes_executor.py
[2026-05-19T14:46:34.054+0000] {processor.py:840} INFO - DAG(s) 'example_kubernetes_executor' retrieved from /home/airflow/.local/lib/python3.12/site-packages/airflow/example_dags/example_kubernetes_executor.py
[2026-05-19T14:46:34.086+0000] {logging_mixin.py:188} INFO - [2026-05-19T14:46:34.086+0000] {dag.py:3089} INFO - Sync 1 DAGs
[2026-05-19T14:46:34.097+0000] {logging_mixin.py:188} INFO - [2026-05-19T14:46:34.097+0000] {dag.py:3947} INFO - Setting next_dagrun for example_kubernetes_executor to None, run_after=None
[2026-05-19T14:46:34.117+0000] {processor.py:183} INFO - Processing /home/airflow/.local/lib/python3.12/site-packages/airflow/example_dags/example_kubernetes_executor.py took 0.079 seconds
[2026-05-19T14:47:05.217+0000] {processor.py:161} INFO - Started process (PID=1298) to work on /home/airflow/.local/lib/python3.12/site-packages/airflow/example_dags/example_kubernetes_executor.py
[2026-05-19T14:47:05.218+0000] {processor.py:830} INFO - Processing file /home/airflow/.local/lib/python3.12/site-packages/airflow/example_dags/example_kubernetes_executor.py for tasks to queue
[2026-05-19T14:47:05.220+0000] {logging_mixin.py:188} INFO - [2026-05-19T14:47:05.220+0000] {dagbag.py:545} INFO - Filling up the DagBag from /home/airflow/.local/lib/python3.12/site-packages/airflow/example_dags/example_kubernetes_executor.py
[2026-05-19T14:47:05.231+0000] {processor.py:840} INFO - DAG(s) 'example_kubernetes_executor' retrieved from /home/airflow/.local/lib/python3.12/site-packages/airflow/example_dags/example_kubernetes_executor.py
[2026-05-19T14:47:05.262+0000] {logging_mixin.py:188} INFO - [2026-05-19T14:47:05.262+0000] {dag.py:3089} INFO - Sync 1 DAGs
[2026-05-19T14:47:05.272+0000] {logging_mixin.py:188} INFO - [2026-05-19T14:47:05.272+0000] {dag.py:3947} INFO - Setting next_dagrun for example_kubernetes_executor to None, run_after=None
[2026-05-19T14:47:05.289+0000] {processor.py:183} INFO - Processing /home/airflow/.local/lib/python3.12/site-packages/airflow/example_dags/example_kubernetes_executor.py took 0.078 seconds
[2026-05-19T14:47:35.558+0000] {processor.py:161} INFO - Started process (PID=1356) to work on /home/airflow/.local/lib/python3.12/site-packages/airflow/example_dags/example_kubernetes_executor.py
[2026-05-19T14:47:35.559+0000] {processor.py:830} INFO - Processing file /home/airflow/.local/lib/python3.12/site-packages/airflow/example_dags/example_kubernetes_executor.py for tasks to queue
[2026-05-19T14:47:35.560+0000] {logging_mixin.py:188} INFO - [2026-05-19T14:47:35.560+0000] {dagbag.py:545} INFO - Filling up the DagBag from /home/airflow/.local/lib/python3.12/site-packages/airflow/example_dags/example_kubernetes_executor.py
[2026-05-19T14:47:35.571+0000] {processor.py:840} INFO - DAG(s) 'example_kubernetes_executor' retrieved from /home/airflow/.local/lib/python3.12/site-packages/airflow/example_dags/example_kubernetes_executor.py
[2026-05-19T14:47:35.601+0000] {logging_mixin.py:188} INFO - [2026-05-19T14:47:35.601+0000] {dag.py:3089} INFO - Sync 1 DAGs
[2026-05-19T14:47:35.612+0000] {logging_mixin.py:188} INFO - [2026-05-19T14:47:35.611+0000] {dag.py:3947} INFO - Setting next_dagrun for example_kubernetes_executor to None, run_after=None
[2026-05-19T14:47:35.627+0000] {processor.py:183} INFO - Processing /home/airflow/.local/lib/python3.12/site-packages/airflow/example_dags/example_kubernetes_executor.py took 0.074 seconds
[2026-05-19T14:48:13.116+0000] {processor.py:161} INFO - Started process (PID=1414) to work on /home/airflow/.local/lib/python3.12/site-packages/airflow/example_dags/example_kubernetes_executor.py
[2026-05-19T14:48:13.189+0000] {processor.py:830} INFO - Processing file /home/airflow/.local/lib/python3.12/site-packages/airflow/example_dags/example_kubernetes_executor.py for tasks to queue
[2026-05-19T14:48:13.191+0000] {logging_mixin.py:188} INFO - [2026-05-19T14:48:13.191+0000] {dagbag.py:545} INFO - Filling up the DagBag from /home/airflow/.local/lib/python3.12/site-packages/airflow/example_dags/example_kubernetes_executor.py
[2026-05-19T14:48:13.204+0000] {processor.py:840} INFO - DAG(s) 'example_kubernetes_executor' retrieved from /home/airflow/.local/lib/python3.12/site-packages/airflow/example_dags/example_kubernetes_executor.py
[2026-05-19T14:48:13.239+0000] {logging_mixin.py:188} INFO - [2026-05-19T14:48:13.239+0000] {dag.py:3089} INFO - Sync 1 DAGs
[2026-05-19T14:48:13.250+0000] {logging_mixin.py:188} INFO - [2026-05-19T14:48:13.250+0000] {dag.py:3947} INFO - Setting next_dagrun for example_kubernetes_executor to None, run_after=None
[2026-05-19T14:48:13.269+0000] {processor.py:183} INFO - Processing /home/airflow/.local/lib/python3.12/site-packages/airflow/example_dags/example_kubernetes_executor.py took 0.157 seconds
[2026-05-19T14:48:43.598+0000] {processor.py:161} INFO - Started process (PID=1470) to work on /home/airflow/.local/lib/python3.12/site-packages/airflow/example_dags/example_kubernetes_executor.py
[2026-05-19T14:48:43.598+0000] {processor.py:830} INFO - Processing file /home/airflow/.local/lib/python3.12/site-packages/airflow/example_dags/example_kubernetes_executor.py for tasks to queue
[2026-05-19T14:48:43.600+0000] {logging_mixin.py:188} INFO - [2026-05-19T14:48:43.599+0000] {dagbag.py:545} INFO - Filling up the DagBag from /home/airflow/.local/lib/python3.12/site-packages/airflow/example_dags/example_kubernetes_executor.py
[2026-05-19T14:48:43.610+0000] {processor.py:840} INFO - DAG(s) 'example_kubernetes_executor' retrieved from /home/airflow/.local/lib/python3.12/site-packages/airflow/example_dags/example_kubernetes_executor.py
[2026-05-19T14:48:43.640+0000] {logging_mixin.py:188} INFO - [2026-05-19T14:48:43.639+0000] {dag.py:3089} INFO - Sync 1 DAGs
[2026-05-19T14:48:43.650+0000] {logging_mixin.py:188} INFO - [2026-05-19T14:48:43.650+0000] {dag.py:3947} INFO - Setting next_dagrun for example_kubernetes_executor to None, run_after=None
[2026-05-19T14:48:43.665+0000] {processor.py:183} INFO - Processing /home/airflow/.local/lib/python3.12/site-packages/airflow/example_dags/example_kubernetes_executor.py took 0.072 seconds
[2026-05-19T14:49:14.354+0000] {processor.py:161} INFO - Started process (PID=1528) to work on /home/airflow/.local/lib/python3.12/site-packages/airflow/example_dags/example_kubernetes_executor.py
[2026-05-19T14:49:14.357+0000] {processor.py:830} INFO - Processing file /home/airflow/.local/lib/python3.12/site-packages/airflow/example_dags/example_kubernetes_executor.py for tasks to queue
[2026-05-19T14:49:14.358+0000] {logging_mixin.py:188} INFO - [2026-05-19T14:49:14.358+0000] {dagbag.py:545} INFO - Filling up the DagBag from /home/airflow/.local/lib/python3.12/site-packages/airflow/example_dags/example_kubernetes_executor.py
[2026-05-19T14:49:14.370+0000] {processor.py:840} INFO - DAG(s) 'example_kubernetes_executor' retrieved from /home/airflow/.local/lib/python3.12/site-packages/airflow/example_dags/example_kubernetes_executor.py
[2026-05-19T14:49:14.401+0000] {logging_mixin.py:188} INFO - [2026-05-19T14:49:14.401+0000] {dag.py:3089} INFO - Sync 1 DAGs
[2026-05-19T14:49:14.412+0000] {logging_mixin.py:188} INFO - [2026-05-19T14:49:14.412+0000] {dag.py:3947} INFO - Setting next_dagrun for example_kubernetes_executor to None, run_after=None
[2026-05-19T14:49:14.430+0000] {processor.py:183} INFO - Processing /home/airflow/.local/lib/python3.12/site-packages/airflow/example_dags/example_kubernetes_executor.py took 0.081 seconds
[2026-05-19T14:49:44.534+0000] {processor.py:161} INFO - Started process (PID=1585) to work on /home/airflow/.local/lib/python3.12/site-packages/airflow/example_dags/example_kubernetes_executor.py
[2026-05-19T14:49:44.535+0000] {processor.py:830} INFO - Processing file /home/airflow/.local/lib/python3.12/site-packages/airflow/example_dags/example_kubernetes_executor.py for tasks to queue
[2026-05-19T14:49:44.537+0000] {logging_mixin.py:188} INFO - [2026-05-19T14:49:44.536+0000] {dagbag.py:545} INFO - Filling up the DagBag from /home/airflow/.local/lib/python3.12/site-packages/airflow/example_dags/example_kubernetes_executor.py
[2026-05-19T14:49:44.549+0000] {processor.py:840} INFO - DAG(s) 'example_kubernetes_executor' retrieved from /home/airflow/.local/lib/python3.12/site-packages/airflow/example_dags/example_kubernetes_executor.py
[2026-05-19T14:49:44.583+0000] {logging_mixin.py:188} INFO - [2026-05-19T14:49:44.583+0000] {dag.py:3089} INFO - Sync 1 DAGs
[2026-05-19T14:49:44.594+0000] {logging_mixin.py:188} INFO - [2026-05-19T14:49:44.594+0000] {dag.py:3947} INFO - Setting next_dagrun for example_kubernetes_executor to None, run_after=None
[2026-05-19T14:49:44.676+0000] {processor.py:183} INFO - Processing /home/airflow/.local/lib/python3.12/site-packages/airflow/example_dags/example_kubernetes_executor.py took 0.147 seconds
