[2026-05-19T14:36:23.082+0000] {processor.py:161} INFO - Started process (PID=73) to work on /home/airflow/.local/lib/python3.12/site-packages/airflow/example_dags/example_complex.py
[2026-05-19T14:36:23.082+0000] {processor.py:830} INFO - Processing file /home/airflow/.local/lib/python3.12/site-packages/airflow/example_dags/example_complex.py for tasks to queue
[2026-05-19T14:36:23.084+0000] {logging_mixin.py:188} INFO - [2026-05-19T14:36:23.084+0000] {dagbag.py:545} INFO - Filling up the DagBag from /home/airflow/.local/lib/python3.12/site-packages/airflow/example_dags/example_complex.py
[2026-05-19T14:36:23.095+0000] {processor.py:840} INFO - DAG(s) 'example_complex' retrieved from /home/airflow/.local/lib/python3.12/site-packages/airflow/example_dags/example_complex.py
[2026-05-19T14:36:23.125+0000] {logging_mixin.py:188} INFO - [2026-05-19T14:36:23.125+0000] {dag.py:3089} INFO - Sync 1 DAGs
[2026-05-19T14:36:23.137+0000] {logging_mixin.py:188} INFO - [2026-05-19T14:36:23.137+0000] {dag.py:3947} INFO - Setting next_dagrun for example_complex to None, run_after=None
[2026-05-19T14:36:23.153+0000] {processor.py:183} INFO - Processing /home/airflow/.local/lib/python3.12/site-packages/airflow/example_dags/example_complex.py took 0.077 seconds
[2026-05-19T14:36:53.997+0000] {processor.py:161} INFO - Started process (PID=131) to work on /home/airflow/.local/lib/python3.12/site-packages/airflow/example_dags/example_complex.py
[2026-05-19T14:36:53.997+0000] {processor.py:830} INFO - Processing file /home/airflow/.local/lib/python3.12/site-packages/airflow/example_dags/example_complex.py for tasks to queue
[2026-05-19T14:36:53.998+0000] {logging_mixin.py:188} INFO - [2026-05-19T14:36:53.998+0000] {dagbag.py:545} INFO - Filling up the DagBag from /home/airflow/.local/lib/python3.12/site-packages/airflow/example_dags/example_complex.py
[2026-05-19T14:36:54.007+0000] {processor.py:840} INFO - DAG(s) 'example_complex' retrieved from /home/airflow/.local/lib/python3.12/site-packages/airflow/example_dags/example_complex.py
[2026-05-19T14:36:54.034+0000] {logging_mixin.py:188} INFO - [2026-05-19T14:36:54.034+0000] {dag.py:3089} INFO - Sync 1 DAGs
[2026-05-19T14:36:54.044+0000] {logging_mixin.py:188} INFO - [2026-05-19T14:36:54.044+0000] {dag.py:3947} INFO - Setting next_dagrun for example_complex to None, run_after=None
[2026-05-19T14:36:54.062+0000] {processor.py:183} INFO - Processing /home/airflow/.local/lib/python3.12/site-packages/airflow/example_dags/example_complex.py took 0.070 seconds
[2026-05-19T14:37:24.225+0000] {processor.py:161} INFO - Started process (PID=189) to work on /home/airflow/.local/lib/python3.12/site-packages/airflow/example_dags/example_complex.py
[2026-05-19T14:37:24.226+0000] {processor.py:830} INFO - Processing file /home/airflow/.local/lib/python3.12/site-packages/airflow/example_dags/example_complex.py for tasks to queue
[2026-05-19T14:37:24.228+0000] {logging_mixin.py:188} INFO - [2026-05-19T14:37:24.228+0000] {dagbag.py:545} INFO - Filling up the DagBag from /home/airflow/.local/lib/python3.12/site-packages/airflow/example_dags/example_complex.py
[2026-05-19T14:37:24.236+0000] {processor.py:840} INFO - DAG(s) 'example_complex' retrieved from /home/airflow/.local/lib/python3.12/site-packages/airflow/example_dags/example_complex.py
[2026-05-19T14:37:24.262+0000] {logging_mixin.py:188} INFO - [2026-05-19T14:37:24.262+0000] {dag.py:3089} INFO - Sync 1 DAGs
[2026-05-19T14:37:24.272+0000] {logging_mixin.py:188} INFO - [2026-05-19T14:37:24.272+0000] {dag.py:3947} INFO - Setting next_dagrun for example_complex to None, run_after=None
[2026-05-19T14:37:24.287+0000] {processor.py:183} INFO - Processing /home/airflow/.local/lib/python3.12/site-packages/airflow/example_dags/example_complex.py took 0.066 seconds
[2026-05-19T14:37:54.705+0000] {processor.py:161} INFO - Started process (PID=247) to work on /home/airflow/.local/lib/python3.12/site-packages/airflow/example_dags/example_complex.py
[2026-05-19T14:37:54.706+0000] {processor.py:830} INFO - Processing file /home/airflow/.local/lib/python3.12/site-packages/airflow/example_dags/example_complex.py for tasks to queue
[2026-05-19T14:37:54.707+0000] {logging_mixin.py:188} INFO - [2026-05-19T14:37:54.707+0000] {dagbag.py:545} INFO - Filling up the DagBag from /home/airflow/.local/lib/python3.12/site-packages/airflow/example_dags/example_complex.py
[2026-05-19T14:37:54.716+0000] {processor.py:840} INFO - DAG(s) 'example_complex' retrieved from /home/airflow/.local/lib/python3.12/site-packages/airflow/example_dags/example_complex.py
[2026-05-19T14:37:54.743+0000] {logging_mixin.py:188} INFO - [2026-05-19T14:37:54.742+0000] {dag.py:3089} INFO - Sync 1 DAGs
[2026-05-19T14:37:54.753+0000] {logging_mixin.py:188} INFO - [2026-05-19T14:37:54.752+0000] {dag.py:3947} INFO - Setting next_dagrun for example_complex to None, run_after=None
[2026-05-19T14:37:54.767+0000] {processor.py:183} INFO - Processing /home/airflow/.local/lib/python3.12/site-packages/airflow/example_dags/example_complex.py took 0.067 seconds
[2026-05-19T14:38:24.945+0000] {processor.py:161} INFO - Started process (PID=305) to work on /home/airflow/.local/lib/python3.12/site-packages/airflow/example_dags/example_complex.py
[2026-05-19T14:38:24.945+0000] {processor.py:830} INFO - Processing file /home/airflow/.local/lib/python3.12/site-packages/airflow/example_dags/example_complex.py for tasks to queue
[2026-05-19T14:38:24.947+0000] {logging_mixin.py:188} INFO - [2026-05-19T14:38:24.947+0000] {dagbag.py:545} INFO - Filling up the DagBag from /home/airflow/.local/lib/python3.12/site-packages/airflow/example_dags/example_complex.py
[2026-05-19T14:38:24.955+0000] {processor.py:840} INFO - DAG(s) 'example_complex' retrieved from /home/airflow/.local/lib/python3.12/site-packages/airflow/example_dags/example_complex.py
[2026-05-19T14:38:24.982+0000] {logging_mixin.py:188} INFO - [2026-05-19T14:38:24.982+0000] {dag.py:3089} INFO - Sync 1 DAGs
[2026-05-19T14:38:24.992+0000] {logging_mixin.py:188} INFO - [2026-05-19T14:38:24.992+0000] {dag.py:3947} INFO - Setting next_dagrun for example_complex to None, run_after=None
[2026-05-19T14:38:25.007+0000] {processor.py:183} INFO - Processing /home/airflow/.local/lib/python3.12/site-packages/airflow/example_dags/example_complex.py took 0.066 seconds
[2026-05-19T14:38:55.239+0000] {processor.py:161} INFO - Started process (PID=363) to work on /home/airflow/.local/lib/python3.12/site-packages/airflow/example_dags/example_complex.py
[2026-05-19T14:38:55.240+0000] {processor.py:830} INFO - Processing file /home/airflow/.local/lib/python3.12/site-packages/airflow/example_dags/example_complex.py for tasks to queue
[2026-05-19T14:38:55.241+0000] {logging_mixin.py:188} INFO - [2026-05-19T14:38:55.241+0000] {dagbag.py:545} INFO - Filling up the DagBag from /home/airflow/.local/lib/python3.12/site-packages/airflow/example_dags/example_complex.py
[2026-05-19T14:38:55.250+0000] {processor.py:840} INFO - DAG(s) 'example_complex' retrieved from /home/airflow/.local/lib/python3.12/site-packages/airflow/example_dags/example_complex.py
[2026-05-19T14:38:55.276+0000] {logging_mixin.py:188} INFO - [2026-05-19T14:38:55.276+0000] {dag.py:3089} INFO - Sync 1 DAGs
[2026-05-19T14:38:55.287+0000] {logging_mixin.py:188} INFO - [2026-05-19T14:38:55.287+0000] {dag.py:3947} INFO - Setting next_dagrun for example_complex to None, run_after=None
[2026-05-19T14:38:55.302+0000] {processor.py:183} INFO - Processing /home/airflow/.local/lib/python3.12/site-packages/airflow/example_dags/example_complex.py took 0.067 seconds
[2026-05-19T14:39:25.657+0000] {processor.py:161} INFO - Started process (PID=421) to work on /home/airflow/.local/lib/python3.12/site-packages/airflow/example_dags/example_complex.py
[2026-05-19T14:39:25.658+0000] {processor.py:830} INFO - Processing file /home/airflow/.local/lib/python3.12/site-packages/airflow/example_dags/example_complex.py for tasks to queue
[2026-05-19T14:39:25.659+0000] {logging_mixin.py:188} INFO - [2026-05-19T14:39:25.659+0000] {dagbag.py:545} INFO - Filling up the DagBag from /home/airflow/.local/lib/python3.12/site-packages/airflow/example_dags/example_complex.py
[2026-05-19T14:39:25.668+0000] {processor.py:840} INFO - DAG(s) 'example_complex' retrieved from /home/airflow/.local/lib/python3.12/site-packages/airflow/example_dags/example_complex.py
[2026-05-19T14:39:25.695+0000] {logging_mixin.py:188} INFO - [2026-05-19T14:39:25.695+0000] {dag.py:3089} INFO - Sync 1 DAGs
[2026-05-19T14:39:25.705+0000] {logging_mixin.py:188} INFO - [2026-05-19T14:39:25.705+0000] {dag.py:3947} INFO - Setting next_dagrun for example_complex to None, run_after=None
[2026-05-19T14:39:25.720+0000] {processor.py:183} INFO - Processing /home/airflow/.local/lib/python3.12/site-packages/airflow/example_dags/example_complex.py took 0.067 seconds
[2026-05-19T14:39:56.291+0000] {processor.py:161} INFO - Started process (PID=479) to work on /home/airflow/.local/lib/python3.12/site-packages/airflow/example_dags/example_complex.py
[2026-05-19T14:39:56.292+0000] {processor.py:830} INFO - Processing file /home/airflow/.local/lib/python3.12/site-packages/airflow/example_dags/example_complex.py for tasks to queue
[2026-05-19T14:39:56.294+0000] {logging_mixin.py:188} INFO - [2026-05-19T14:39:56.294+0000] {dagbag.py:545} INFO - Filling up the DagBag from /home/airflow/.local/lib/python3.12/site-packages/airflow/example_dags/example_complex.py
[2026-05-19T14:39:56.302+0000] {processor.py:840} INFO - DAG(s) 'example_complex' retrieved from /home/airflow/.local/lib/python3.12/site-packages/airflow/example_dags/example_complex.py
[2026-05-19T14:39:56.329+0000] {logging_mixin.py:188} INFO - [2026-05-19T14:39:56.329+0000] {dag.py:3089} INFO - Sync 1 DAGs
[2026-05-19T14:39:56.339+0000] {logging_mixin.py:188} INFO - [2026-05-19T14:39:56.339+0000] {dag.py:3947} INFO - Setting next_dagrun for example_complex to None, run_after=None
[2026-05-19T14:39:56.356+0000] {processor.py:183} INFO - Processing /home/airflow/.local/lib/python3.12/site-packages/airflow/example_dags/example_complex.py took 0.070 seconds
[2026-05-19T14:40:26.671+0000] {processor.py:161} INFO - Started process (PID=542) to work on /home/airflow/.local/lib/python3.12/site-packages/airflow/example_dags/example_complex.py
[2026-05-19T14:40:26.671+0000] {processor.py:830} INFO - Processing file /home/airflow/.local/lib/python3.12/site-packages/airflow/example_dags/example_complex.py for tasks to queue
[2026-05-19T14:40:26.673+0000] {logging_mixin.py:188} INFO - [2026-05-19T14:40:26.673+0000] {dagbag.py:545} INFO - Filling up the DagBag from /home/airflow/.local/lib/python3.12/site-packages/airflow/example_dags/example_complex.py
[2026-05-19T14:40:26.681+0000] {processor.py:840} INFO - DAG(s) 'example_complex' retrieved from /home/airflow/.local/lib/python3.12/site-packages/airflow/example_dags/example_complex.py
[2026-05-19T14:40:26.709+0000] {logging_mixin.py:188} INFO - [2026-05-19T14:40:26.709+0000] {dag.py:3089} INFO - Sync 1 DAGs
[2026-05-19T14:40:26.720+0000] {logging_mixin.py:188} INFO - [2026-05-19T14:40:26.719+0000] {dag.py:3947} INFO - Setting next_dagrun for example_complex to None, run_after=None
[2026-05-19T14:40:26.735+0000] {processor.py:183} INFO - Processing /home/airflow/.local/lib/python3.12/site-packages/airflow/example_dags/example_complex.py took 0.068 seconds
[2026-05-19T14:40:57.030+0000] {processor.py:161} INFO - Started process (PID=601) to work on /home/airflow/.local/lib/python3.12/site-packages/airflow/example_dags/example_complex.py
[2026-05-19T14:40:57.030+0000] {processor.py:830} INFO - Processing file /home/airflow/.local/lib/python3.12/site-packages/airflow/example_dags/example_complex.py for tasks to queue
[2026-05-19T14:40:57.032+0000] {logging_mixin.py:188} INFO - [2026-05-19T14:40:57.031+0000] {dagbag.py:545} INFO - Filling up the DagBag from /home/airflow/.local/lib/python3.12/site-packages/airflow/example_dags/example_complex.py
[2026-05-19T14:40:57.041+0000] {processor.py:840} INFO - DAG(s) 'example_complex' retrieved from /home/airflow/.local/lib/python3.12/site-packages/airflow/example_dags/example_complex.py
[2026-05-19T14:40:57.069+0000] {logging_mixin.py:188} INFO - [2026-05-19T14:40:57.069+0000] {dag.py:3089} INFO - Sync 1 DAGs
[2026-05-19T14:40:57.082+0000] {logging_mixin.py:188} INFO - [2026-05-19T14:40:57.082+0000] {dag.py:3947} INFO - Setting next_dagrun for example_complex to None, run_after=None
[2026-05-19T14:40:57.101+0000] {processor.py:183} INFO - Processing /home/airflow/.local/lib/python3.12/site-packages/airflow/example_dags/example_complex.py took 0.076 seconds
[2026-05-19T14:41:27.453+0000] {processor.py:161} INFO - Started process (PID=659) to work on /home/airflow/.local/lib/python3.12/site-packages/airflow/example_dags/example_complex.py
[2026-05-19T14:41:27.453+0000] {processor.py:830} INFO - Processing file /home/airflow/.local/lib/python3.12/site-packages/airflow/example_dags/example_complex.py for tasks to queue
[2026-05-19T14:41:27.455+0000] {logging_mixin.py:188} INFO - [2026-05-19T14:41:27.454+0000] {dagbag.py:545} INFO - Filling up the DagBag from /home/airflow/.local/lib/python3.12/site-packages/airflow/example_dags/example_complex.py
[2026-05-19T14:41:27.464+0000] {processor.py:840} INFO - DAG(s) 'example_complex' retrieved from /home/airflow/.local/lib/python3.12/site-packages/airflow/example_dags/example_complex.py
[2026-05-19T14:41:27.495+0000] {logging_mixin.py:188} INFO - [2026-05-19T14:41:27.494+0000] {dag.py:3089} INFO - Sync 1 DAGs
[2026-05-19T14:41:27.506+0000] {logging_mixin.py:188} INFO - [2026-05-19T14:41:27.506+0000] {dag.py:3947} INFO - Setting next_dagrun for example_complex to None, run_after=None
[2026-05-19T14:41:27.526+0000] {processor.py:183} INFO - Processing /home/airflow/.local/lib/python3.12/site-packages/airflow/example_dags/example_complex.py took 0.079 seconds
[2026-05-19T14:41:59.425+0000] {processor.py:161} INFO - Started process (PID=716) to work on /home/airflow/.local/lib/python3.12/site-packages/airflow/example_dags/example_complex.py
[2026-05-19T14:41:59.440+0000] {processor.py:830} INFO - Processing file /home/airflow/.local/lib/python3.12/site-packages/airflow/example_dags/example_complex.py for tasks to queue
[2026-05-19T14:41:59.441+0000] {logging_mixin.py:188} INFO - [2026-05-19T14:41:59.441+0000] {dagbag.py:545} INFO - Filling up the DagBag from /home/airflow/.local/lib/python3.12/site-packages/airflow/example_dags/example_complex.py
[2026-05-19T14:41:59.452+0000] {processor.py:840} INFO - DAG(s) 'example_complex' retrieved from /home/airflow/.local/lib/python3.12/site-packages/airflow/example_dags/example_complex.py
[2026-05-19T14:41:59.483+0000] {logging_mixin.py:188} INFO - [2026-05-19T14:41:59.483+0000] {dag.py:3089} INFO - Sync 1 DAGs
[2026-05-19T14:41:59.495+0000] {logging_mixin.py:188} INFO - [2026-05-19T14:41:59.495+0000] {dag.py:3947} INFO - Setting next_dagrun for example_complex to None, run_after=None
[2026-05-19T14:41:59.511+0000] {processor.py:183} INFO - Processing /home/airflow/.local/lib/python3.12/site-packages/airflow/example_dags/example_complex.py took 0.092 seconds
[2026-05-19T14:42:29.745+0000] {processor.py:161} INFO - Started process (PID=775) to work on /home/airflow/.local/lib/python3.12/site-packages/airflow/example_dags/example_complex.py
[2026-05-19T14:42:29.745+0000] {processor.py:830} INFO - Processing file /home/airflow/.local/lib/python3.12/site-packages/airflow/example_dags/example_complex.py for tasks to queue
[2026-05-19T14:42:29.747+0000] {logging_mixin.py:188} INFO - [2026-05-19T14:42:29.746+0000] {dagbag.py:545} INFO - Filling up the DagBag from /home/airflow/.local/lib/python3.12/site-packages/airflow/example_dags/example_complex.py
[2026-05-19T14:42:29.755+0000] {processor.py:840} INFO - DAG(s) 'example_complex' retrieved from /home/airflow/.local/lib/python3.12/site-packages/airflow/example_dags/example_complex.py
[2026-05-19T14:42:29.783+0000] {logging_mixin.py:188} INFO - [2026-05-19T14:42:29.783+0000] {dag.py:3089} INFO - Sync 1 DAGs
[2026-05-19T14:42:29.795+0000] {logging_mixin.py:188} INFO - [2026-05-19T14:42:29.795+0000] {dag.py:3947} INFO - Setting next_dagrun for example_complex to None, run_after=None
[2026-05-19T14:42:29.813+0000] {processor.py:183} INFO - Processing /home/airflow/.local/lib/python3.12/site-packages/airflow/example_dags/example_complex.py took 0.074 seconds
[2026-05-19T14:43:00.339+0000] {processor.py:161} INFO - Started process (PID=833) to work on /home/airflow/.local/lib/python3.12/site-packages/airflow/example_dags/example_complex.py
[2026-05-19T14:43:00.341+0000] {processor.py:830} INFO - Processing file /home/airflow/.local/lib/python3.12/site-packages/airflow/example_dags/example_complex.py for tasks to queue
[2026-05-19T14:43:00.342+0000] {logging_mixin.py:188} INFO - [2026-05-19T14:43:00.342+0000] {dagbag.py:545} INFO - Filling up the DagBag from /home/airflow/.local/lib/python3.12/site-packages/airflow/example_dags/example_complex.py
[2026-05-19T14:43:00.351+0000] {processor.py:840} INFO - DAG(s) 'example_complex' retrieved from /home/airflow/.local/lib/python3.12/site-packages/airflow/example_dags/example_complex.py
[2026-05-19T14:43:00.379+0000] {logging_mixin.py:188} INFO - [2026-05-19T14:43:00.378+0000] {dag.py:3089} INFO - Sync 1 DAGs
[2026-05-19T14:43:00.390+0000] {logging_mixin.py:188} INFO - [2026-05-19T14:43:00.390+0000] {dag.py:3947} INFO - Setting next_dagrun for example_complex to None, run_after=None
[2026-05-19T14:43:00.416+0000] {processor.py:183} INFO - Processing /home/airflow/.local/lib/python3.12/site-packages/airflow/example_dags/example_complex.py took 0.081 seconds
[2026-05-19T14:43:31.009+0000] {processor.py:161} INFO - Started process (PID=891) to work on /home/airflow/.local/lib/python3.12/site-packages/airflow/example_dags/example_complex.py
[2026-05-19T14:43:31.010+0000] {processor.py:830} INFO - Processing file /home/airflow/.local/lib/python3.12/site-packages/airflow/example_dags/example_complex.py for tasks to queue
[2026-05-19T14:43:31.011+0000] {logging_mixin.py:188} INFO - [2026-05-19T14:43:31.011+0000] {dagbag.py:545} INFO - Filling up the DagBag from /home/airflow/.local/lib/python3.12/site-packages/airflow/example_dags/example_complex.py
[2026-05-19T14:43:31.020+0000] {processor.py:840} INFO - DAG(s) 'example_complex' retrieved from /home/airflow/.local/lib/python3.12/site-packages/airflow/example_dags/example_complex.py
[2026-05-19T14:43:31.047+0000] {logging_mixin.py:188} INFO - [2026-05-19T14:43:31.047+0000] {dag.py:3089} INFO - Sync 1 DAGs
[2026-05-19T14:43:31.058+0000] {logging_mixin.py:188} INFO - [2026-05-19T14:43:31.057+0000] {dag.py:3947} INFO - Setting next_dagrun for example_complex to None, run_after=None
[2026-05-19T14:43:31.073+0000] {processor.py:183} INFO - Processing /home/airflow/.local/lib/python3.12/site-packages/airflow/example_dags/example_complex.py took 0.069 seconds
[2026-05-19T14:44:01.634+0000] {processor.py:161} INFO - Started process (PID=949) to work on /home/airflow/.local/lib/python3.12/site-packages/airflow/example_dags/example_complex.py
[2026-05-19T14:44:01.635+0000] {processor.py:830} INFO - Processing file /home/airflow/.local/lib/python3.12/site-packages/airflow/example_dags/example_complex.py for tasks to queue
[2026-05-19T14:44:01.637+0000] {logging_mixin.py:188} INFO - [2026-05-19T14:44:01.636+0000] {dagbag.py:545} INFO - Filling up the DagBag from /home/airflow/.local/lib/python3.12/site-packages/airflow/example_dags/example_complex.py
[2026-05-19T14:44:01.645+0000] {processor.py:840} INFO - DAG(s) 'example_complex' retrieved from /home/airflow/.local/lib/python3.12/site-packages/airflow/example_dags/example_complex.py
[2026-05-19T14:44:01.674+0000] {logging_mixin.py:188} INFO - [2026-05-19T14:44:01.674+0000] {dag.py:3089} INFO - Sync 1 DAGs
[2026-05-19T14:44:01.686+0000] {logging_mixin.py:188} INFO - [2026-05-19T14:44:01.686+0000] {dag.py:3947} INFO - Setting next_dagrun for example_complex to None, run_after=None
[2026-05-19T14:44:01.701+0000] {processor.py:183} INFO - Processing /home/airflow/.local/lib/python3.12/site-packages/airflow/example_dags/example_complex.py took 0.071 seconds
[2026-05-19T14:44:32.137+0000] {processor.py:161} INFO - Started process (PID=1007) to work on /home/airflow/.local/lib/python3.12/site-packages/airflow/example_dags/example_complex.py
[2026-05-19T14:44:32.138+0000] {processor.py:830} INFO - Processing file /home/airflow/.local/lib/python3.12/site-packages/airflow/example_dags/example_complex.py for tasks to queue
[2026-05-19T14:44:32.139+0000] {logging_mixin.py:188} INFO - [2026-05-19T14:44:32.139+0000] {dagbag.py:545} INFO - Filling up the DagBag from /home/airflow/.local/lib/python3.12/site-packages/airflow/example_dags/example_complex.py
[2026-05-19T14:44:32.148+0000] {processor.py:840} INFO - DAG(s) 'example_complex' retrieved from /home/airflow/.local/lib/python3.12/site-packages/airflow/example_dags/example_complex.py
[2026-05-19T14:44:32.175+0000] {logging_mixin.py:188} INFO - [2026-05-19T14:44:32.175+0000] {dag.py:3089} INFO - Sync 1 DAGs
[2026-05-19T14:44:32.186+0000] {logging_mixin.py:188} INFO - [2026-05-19T14:44:32.185+0000] {dag.py:3947} INFO - Setting next_dagrun for example_complex to None, run_after=None
[2026-05-19T14:44:32.201+0000] {processor.py:183} INFO - Processing /home/airflow/.local/lib/python3.12/site-packages/airflow/example_dags/example_complex.py took 0.068 seconds
[2026-05-19T14:45:02.634+0000] {processor.py:161} INFO - Started process (PID=1065) to work on /home/airflow/.local/lib/python3.12/site-packages/airflow/example_dags/example_complex.py
[2026-05-19T14:45:02.635+0000] {processor.py:830} INFO - Processing file /home/airflow/.local/lib/python3.12/site-packages/airflow/example_dags/example_complex.py for tasks to queue
[2026-05-19T14:45:02.637+0000] {logging_mixin.py:188} INFO - [2026-05-19T14:45:02.637+0000] {dagbag.py:545} INFO - Filling up the DagBag from /home/airflow/.local/lib/python3.12/site-packages/airflow/example_dags/example_complex.py
[2026-05-19T14:45:02.646+0000] {processor.py:840} INFO - DAG(s) 'example_complex' retrieved from /home/airflow/.local/lib/python3.12/site-packages/airflow/example_dags/example_complex.py
[2026-05-19T14:45:02.674+0000] {logging_mixin.py:188} INFO - [2026-05-19T14:45:02.674+0000] {dag.py:3089} INFO - Sync 1 DAGs
[2026-05-19T14:45:02.686+0000] {logging_mixin.py:188} INFO - [2026-05-19T14:45:02.686+0000] {dag.py:3947} INFO - Setting next_dagrun for example_complex to None, run_after=None
[2026-05-19T14:45:02.703+0000] {processor.py:183} INFO - Processing /home/airflow/.local/lib/python3.12/site-packages/airflow/example_dags/example_complex.py took 0.073 seconds
[2026-05-19T14:45:33.110+0000] {processor.py:161} INFO - Started process (PID=1123) to work on /home/airflow/.local/lib/python3.12/site-packages/airflow/example_dags/example_complex.py
[2026-05-19T14:45:33.111+0000] {processor.py:830} INFO - Processing file /home/airflow/.local/lib/python3.12/site-packages/airflow/example_dags/example_complex.py for tasks to queue
[2026-05-19T14:45:33.112+0000] {logging_mixin.py:188} INFO - [2026-05-19T14:45:33.112+0000] {dagbag.py:545} INFO - Filling up the DagBag from /home/airflow/.local/lib/python3.12/site-packages/airflow/example_dags/example_complex.py
[2026-05-19T14:45:33.121+0000] {processor.py:840} INFO - DAG(s) 'example_complex' retrieved from /home/airflow/.local/lib/python3.12/site-packages/airflow/example_dags/example_complex.py
[2026-05-19T14:45:33.148+0000] {logging_mixin.py:188} INFO - [2026-05-19T14:45:33.148+0000] {dag.py:3089} INFO - Sync 1 DAGs
[2026-05-19T14:45:33.158+0000] {logging_mixin.py:188} INFO - [2026-05-19T14:45:33.158+0000] {dag.py:3947} INFO - Setting next_dagrun for example_complex to None, run_after=None
[2026-05-19T14:45:33.173+0000] {processor.py:183} INFO - Processing /home/airflow/.local/lib/python3.12/site-packages/airflow/example_dags/example_complex.py took 0.067 seconds
[2026-05-19T14:46:03.287+0000] {processor.py:161} INFO - Started process (PID=1181) to work on /home/airflow/.local/lib/python3.12/site-packages/airflow/example_dags/example_complex.py
[2026-05-19T14:46:03.288+0000] {processor.py:830} INFO - Processing file /home/airflow/.local/lib/python3.12/site-packages/airflow/example_dags/example_complex.py for tasks to queue
[2026-05-19T14:46:03.290+0000] {logging_mixin.py:188} INFO - [2026-05-19T14:46:03.289+0000] {dagbag.py:545} INFO - Filling up the DagBag from /home/airflow/.local/lib/python3.12/site-packages/airflow/example_dags/example_complex.py
[2026-05-19T14:46:03.298+0000] {processor.py:840} INFO - DAG(s) 'example_complex' retrieved from /home/airflow/.local/lib/python3.12/site-packages/airflow/example_dags/example_complex.py
[2026-05-19T14:46:03.325+0000] {logging_mixin.py:188} INFO - [2026-05-19T14:46:03.325+0000] {dag.py:3089} INFO - Sync 1 DAGs
[2026-05-19T14:46:03.336+0000] {logging_mixin.py:188} INFO - [2026-05-19T14:46:03.336+0000] {dag.py:3947} INFO - Setting next_dagrun for example_complex to None, run_after=None
[2026-05-19T14:46:03.353+0000] {processor.py:183} INFO - Processing /home/airflow/.local/lib/python3.12/site-packages/airflow/example_dags/example_complex.py took 0.071 seconds
[2026-05-19T14:46:34.036+0000] {processor.py:161} INFO - Started process (PID=1239) to work on /home/airflow/.local/lib/python3.12/site-packages/airflow/example_dags/example_complex.py
[2026-05-19T14:46:34.037+0000] {processor.py:830} INFO - Processing file /home/airflow/.local/lib/python3.12/site-packages/airflow/example_dags/example_complex.py for tasks to queue
[2026-05-19T14:46:34.038+0000] {logging_mixin.py:188} INFO - [2026-05-19T14:46:34.038+0000] {dagbag.py:545} INFO - Filling up the DagBag from /home/airflow/.local/lib/python3.12/site-packages/airflow/example_dags/example_complex.py
[2026-05-19T14:46:34.047+0000] {processor.py:840} INFO - DAG(s) 'example_complex' retrieved from /home/airflow/.local/lib/python3.12/site-packages/airflow/example_dags/example_complex.py
[2026-05-19T14:46:34.074+0000] {logging_mixin.py:188} INFO - [2026-05-19T14:46:34.074+0000] {dag.py:3089} INFO - Sync 1 DAGs
[2026-05-19T14:46:34.086+0000] {logging_mixin.py:188} INFO - [2026-05-19T14:46:34.085+0000] {dag.py:3947} INFO - Setting next_dagrun for example_complex to None, run_after=None
[2026-05-19T14:46:34.102+0000] {processor.py:183} INFO - Processing /home/airflow/.local/lib/python3.12/site-packages/airflow/example_dags/example_complex.py took 0.071 seconds
[2026-05-19T14:47:05.140+0000] {processor.py:161} INFO - Started process (PID=1297) to work on /home/airflow/.local/lib/python3.12/site-packages/airflow/example_dags/example_complex.py
[2026-05-19T14:47:05.141+0000] {processor.py:830} INFO - Processing file /home/airflow/.local/lib/python3.12/site-packages/airflow/example_dags/example_complex.py for tasks to queue
[2026-05-19T14:47:05.143+0000] {logging_mixin.py:188} INFO - [2026-05-19T14:47:05.142+0000] {dagbag.py:545} INFO - Filling up the DagBag from /home/airflow/.local/lib/python3.12/site-packages/airflow/example_dags/example_complex.py
[2026-05-19T14:47:05.151+0000] {processor.py:840} INFO - DAG(s) 'example_complex' retrieved from /home/airflow/.local/lib/python3.12/site-packages/airflow/example_dags/example_complex.py
[2026-05-19T14:47:05.179+0000] {logging_mixin.py:188} INFO - [2026-05-19T14:47:05.178+0000] {dag.py:3089} INFO - Sync 1 DAGs
[2026-05-19T14:47:05.189+0000] {logging_mixin.py:188} INFO - [2026-05-19T14:47:05.189+0000] {dag.py:3947} INFO - Setting next_dagrun for example_complex to None, run_after=None
[2026-05-19T14:47:05.206+0000] {processor.py:183} INFO - Processing /home/airflow/.local/lib/python3.12/site-packages/airflow/example_dags/example_complex.py took 0.070 seconds
[2026-05-19T14:47:35.484+0000] {processor.py:161} INFO - Started process (PID=1355) to work on /home/airflow/.local/lib/python3.12/site-packages/airflow/example_dags/example_complex.py
[2026-05-19T14:47:35.484+0000] {processor.py:830} INFO - Processing file /home/airflow/.local/lib/python3.12/site-packages/airflow/example_dags/example_complex.py for tasks to queue
[2026-05-19T14:47:35.486+0000] {logging_mixin.py:188} INFO - [2026-05-19T14:47:35.485+0000] {dagbag.py:545} INFO - Filling up the DagBag from /home/airflow/.local/lib/python3.12/site-packages/airflow/example_dags/example_complex.py
[2026-05-19T14:47:35.495+0000] {processor.py:840} INFO - DAG(s) 'example_complex' retrieved from /home/airflow/.local/lib/python3.12/site-packages/airflow/example_dags/example_complex.py
[2026-05-19T14:47:35.523+0000] {logging_mixin.py:188} INFO - [2026-05-19T14:47:35.522+0000] {dag.py:3089} INFO - Sync 1 DAGs
[2026-05-19T14:47:35.534+0000] {logging_mixin.py:188} INFO - [2026-05-19T14:47:35.533+0000] {dag.py:3947} INFO - Setting next_dagrun for example_complex to None, run_after=None
[2026-05-19T14:47:35.549+0000] {processor.py:183} INFO - Processing /home/airflow/.local/lib/python3.12/site-packages/airflow/example_dags/example_complex.py took 0.071 seconds
[2026-05-19T14:48:12.210+0000] {processor.py:161} INFO - Started process (PID=1412) to work on /home/airflow/.local/lib/python3.12/site-packages/airflow/example_dags/example_complex.py
[2026-05-19T14:48:12.213+0000] {processor.py:830} INFO - Processing file /home/airflow/.local/lib/python3.12/site-packages/airflow/example_dags/example_complex.py for tasks to queue
[2026-05-19T14:48:12.215+0000] {logging_mixin.py:188} INFO - [2026-05-19T14:48:12.215+0000] {dagbag.py:545} INFO - Filling up the DagBag from /home/airflow/.local/lib/python3.12/site-packages/airflow/example_dags/example_complex.py
[2026-05-19T14:48:12.225+0000] {processor.py:840} INFO - DAG(s) 'example_complex' retrieved from /home/airflow/.local/lib/python3.12/site-packages/airflow/example_dags/example_complex.py
[2026-05-19T14:48:12.255+0000] {logging_mixin.py:188} INFO - [2026-05-19T14:48:12.255+0000] {dag.py:3089} INFO - Sync 1 DAGs
[2026-05-19T14:48:12.268+0000] {logging_mixin.py:188} INFO - [2026-05-19T14:48:12.267+0000] {dag.py:3947} INFO - Setting next_dagrun for example_complex to None, run_after=None
[2026-05-19T14:48:12.285+0000] {processor.py:183} INFO - Processing /home/airflow/.local/lib/python3.12/site-packages/airflow/example_dags/example_complex.py took 0.080 seconds
[2026-05-19T14:48:42.556+0000] {processor.py:161} INFO - Started process (PID=1468) to work on /home/airflow/.local/lib/python3.12/site-packages/airflow/example_dags/example_complex.py
[2026-05-19T14:48:42.556+0000] {processor.py:830} INFO - Processing file /home/airflow/.local/lib/python3.12/site-packages/airflow/example_dags/example_complex.py for tasks to queue
[2026-05-19T14:48:42.558+0000] {logging_mixin.py:188} INFO - [2026-05-19T14:48:42.557+0000] {dagbag.py:545} INFO - Filling up the DagBag from /home/airflow/.local/lib/python3.12/site-packages/airflow/example_dags/example_complex.py
[2026-05-19T14:48:42.567+0000] {processor.py:840} INFO - DAG(s) 'example_complex' retrieved from /home/airflow/.local/lib/python3.12/site-packages/airflow/example_dags/example_complex.py
[2026-05-19T14:48:42.593+0000] {logging_mixin.py:188} INFO - [2026-05-19T14:48:42.593+0000] {dag.py:3089} INFO - Sync 1 DAGs
[2026-05-19T14:48:42.604+0000] {logging_mixin.py:188} INFO - [2026-05-19T14:48:42.603+0000] {dag.py:3947} INFO - Setting next_dagrun for example_complex to None, run_after=None
[2026-05-19T14:48:42.618+0000] {processor.py:183} INFO - Processing /home/airflow/.local/lib/python3.12/site-packages/airflow/example_dags/example_complex.py took 0.067 seconds
[2026-05-19T14:49:13.320+0000] {processor.py:161} INFO - Started process (PID=1526) to work on /home/airflow/.local/lib/python3.12/site-packages/airflow/example_dags/example_complex.py
[2026-05-19T14:49:13.322+0000] {processor.py:830} INFO - Processing file /home/airflow/.local/lib/python3.12/site-packages/airflow/example_dags/example_complex.py for tasks to queue
[2026-05-19T14:49:13.323+0000] {logging_mixin.py:188} INFO - [2026-05-19T14:49:13.323+0000] {dagbag.py:545} INFO - Filling up the DagBag from /home/airflow/.local/lib/python3.12/site-packages/airflow/example_dags/example_complex.py
[2026-05-19T14:49:13.335+0000] {processor.py:840} INFO - DAG(s) 'example_complex' retrieved from /home/airflow/.local/lib/python3.12/site-packages/airflow/example_dags/example_complex.py
[2026-05-19T14:49:13.364+0000] {logging_mixin.py:188} INFO - [2026-05-19T14:49:13.364+0000] {dag.py:3089} INFO - Sync 1 DAGs
[2026-05-19T14:49:13.376+0000] {logging_mixin.py:188} INFO - [2026-05-19T14:49:13.376+0000] {dag.py:3947} INFO - Setting next_dagrun for example_complex to None, run_after=None
[2026-05-19T14:49:13.393+0000] {processor.py:183} INFO - Processing /home/airflow/.local/lib/python3.12/site-packages/airflow/example_dags/example_complex.py took 0.078 seconds
[2026-05-19T14:49:43.525+0000] {processor.py:161} INFO - Started process (PID=1584) to work on /home/airflow/.local/lib/python3.12/site-packages/airflow/example_dags/example_complex.py
[2026-05-19T14:49:43.526+0000] {processor.py:830} INFO - Processing file /home/airflow/.local/lib/python3.12/site-packages/airflow/example_dags/example_complex.py for tasks to queue
[2026-05-19T14:49:43.528+0000] {logging_mixin.py:188} INFO - [2026-05-19T14:49:43.527+0000] {dagbag.py:545} INFO - Filling up the DagBag from /home/airflow/.local/lib/python3.12/site-packages/airflow/example_dags/example_complex.py
[2026-05-19T14:49:43.536+0000] {processor.py:840} INFO - DAG(s) 'example_complex' retrieved from /home/airflow/.local/lib/python3.12/site-packages/airflow/example_dags/example_complex.py
[2026-05-19T14:49:43.564+0000] {logging_mixin.py:188} INFO - [2026-05-19T14:49:43.563+0000] {dag.py:3089} INFO - Sync 1 DAGs
[2026-05-19T14:49:43.574+0000] {logging_mixin.py:188} INFO - [2026-05-19T14:49:43.574+0000] {dag.py:3947} INFO - Setting next_dagrun for example_complex to None, run_after=None
[2026-05-19T14:49:43.590+0000] {processor.py:183} INFO - Processing /home/airflow/.local/lib/python3.12/site-packages/airflow/example_dags/example_complex.py took 0.070 seconds
