[2026-05-19T14:36:22.884+0000] {processor.py:161} INFO - Started process (PID=69) to work on /home/airflow/.local/lib/python3.12/site-packages/airflow/example_dags/example_branch_python_dop_operator_3.py
[2026-05-19T14:36:22.884+0000] {processor.py:830} INFO - Processing file /home/airflow/.local/lib/python3.12/site-packages/airflow/example_dags/example_branch_python_dop_operator_3.py for tasks to queue
[2026-05-19T14:36:22.886+0000] {logging_mixin.py:188} INFO - [2026-05-19T14:36:22.885+0000] {dagbag.py:545} INFO - Filling up the DagBag from /home/airflow/.local/lib/python3.12/site-packages/airflow/example_dags/example_branch_python_dop_operator_3.py
[2026-05-19T14:36:22.895+0000] {processor.py:840} INFO - DAG(s) 'example_branch_dop_operator_v3' retrieved from /home/airflow/.local/lib/python3.12/site-packages/airflow/example_dags/example_branch_python_dop_operator_3.py
[2026-05-19T14:36:22.918+0000] {logging_mixin.py:188} INFO - [2026-05-19T14:36:22.917+0000] {dag.py:3089} INFO - Sync 1 DAGs
[2026-05-19T14:36:22.942+0000] {logging_mixin.py:188} INFO - [2026-05-19T14:36:22.941+0000] {dag.py:3947} INFO - Setting next_dagrun for example_branch_dop_operator_v3 to 2026-05-19 14:35:00+00:00, run_after=2026-05-19 14:36:00+00:00
[2026-05-19T14:36:22.961+0000] {processor.py:183} INFO - Processing /home/airflow/.local/lib/python3.12/site-packages/airflow/example_dags/example_branch_python_dop_operator_3.py took 0.083 seconds
[2026-05-19T14:36:53.838+0000] {processor.py:161} INFO - Started process (PID=127) to work on /home/airflow/.local/lib/python3.12/site-packages/airflow/example_dags/example_branch_python_dop_operator_3.py
[2026-05-19T14:36:53.839+0000] {processor.py:830} INFO - Processing file /home/airflow/.local/lib/python3.12/site-packages/airflow/example_dags/example_branch_python_dop_operator_3.py for tasks to queue
[2026-05-19T14:36:53.840+0000] {logging_mixin.py:188} INFO - [2026-05-19T14:36:53.840+0000] {dagbag.py:545} INFO - Filling up the DagBag from /home/airflow/.local/lib/python3.12/site-packages/airflow/example_dags/example_branch_python_dop_operator_3.py
[2026-05-19T14:36:53.847+0000] {processor.py:840} INFO - DAG(s) 'example_branch_dop_operator_v3' retrieved from /home/airflow/.local/lib/python3.12/site-packages/airflow/example_dags/example_branch_python_dop_operator_3.py
[2026-05-19T14:36:53.862+0000] {logging_mixin.py:188} INFO - [2026-05-19T14:36:53.862+0000] {dag.py:3089} INFO - Sync 1 DAGs
[2026-05-19T14:36:53.882+0000] {logging_mixin.py:188} INFO - [2026-05-19T14:36:53.882+0000] {dag.py:3947} INFO - Setting next_dagrun for example_branch_dop_operator_v3 to 2026-05-19 14:35:00+00:00, run_after=2026-05-19 14:36:00+00:00
[2026-05-19T14:36:53.897+0000] {processor.py:183} INFO - Processing /home/airflow/.local/lib/python3.12/site-packages/airflow/example_dags/example_branch_python_dop_operator_3.py took 0.064 seconds
[2026-05-19T14:37:24.070+0000] {processor.py:161} INFO - Started process (PID=185) to work on /home/airflow/.local/lib/python3.12/site-packages/airflow/example_dags/example_branch_python_dop_operator_3.py
[2026-05-19T14:37:24.072+0000] {processor.py:830} INFO - Processing file /home/airflow/.local/lib/python3.12/site-packages/airflow/example_dags/example_branch_python_dop_operator_3.py for tasks to queue
[2026-05-19T14:37:24.073+0000] {logging_mixin.py:188} INFO - [2026-05-19T14:37:24.073+0000] {dagbag.py:545} INFO - Filling up the DagBag from /home/airflow/.local/lib/python3.12/site-packages/airflow/example_dags/example_branch_python_dop_operator_3.py
[2026-05-19T14:37:24.080+0000] {processor.py:840} INFO - DAG(s) 'example_branch_dop_operator_v3' retrieved from /home/airflow/.local/lib/python3.12/site-packages/airflow/example_dags/example_branch_python_dop_operator_3.py
[2026-05-19T14:37:24.095+0000] {logging_mixin.py:188} INFO - [2026-05-19T14:37:24.095+0000] {dag.py:3089} INFO - Sync 1 DAGs
[2026-05-19T14:37:24.115+0000] {logging_mixin.py:188} INFO - [2026-05-19T14:37:24.115+0000] {dag.py:3947} INFO - Setting next_dagrun for example_branch_dop_operator_v3 to 2026-05-19 14:36:00+00:00, run_after=2026-05-19 14:37:00+00:00
[2026-05-19T14:37:24.130+0000] {processor.py:183} INFO - Processing /home/airflow/.local/lib/python3.12/site-packages/airflow/example_dags/example_branch_python_dop_operator_3.py took 0.064 seconds
[2026-05-19T14:37:54.480+0000] {processor.py:161} INFO - Started process (PID=243) to work on /home/airflow/.local/lib/python3.12/site-packages/airflow/example_dags/example_branch_python_dop_operator_3.py
[2026-05-19T14:37:54.481+0000] {processor.py:830} INFO - Processing file /home/airflow/.local/lib/python3.12/site-packages/airflow/example_dags/example_branch_python_dop_operator_3.py for tasks to queue
[2026-05-19T14:37:54.483+0000] {logging_mixin.py:188} INFO - [2026-05-19T14:37:54.482+0000] {dagbag.py:545} INFO - Filling up the DagBag from /home/airflow/.local/lib/python3.12/site-packages/airflow/example_dags/example_branch_python_dop_operator_3.py
[2026-05-19T14:37:54.489+0000] {processor.py:840} INFO - DAG(s) 'example_branch_dop_operator_v3' retrieved from /home/airflow/.local/lib/python3.12/site-packages/airflow/example_dags/example_branch_python_dop_operator_3.py
[2026-05-19T14:37:54.504+0000] {logging_mixin.py:188} INFO - [2026-05-19T14:37:54.504+0000] {dag.py:3089} INFO - Sync 1 DAGs
[2026-05-19T14:37:54.524+0000] {logging_mixin.py:188} INFO - [2026-05-19T14:37:54.524+0000] {dag.py:3947} INFO - Setting next_dagrun for example_branch_dop_operator_v3 to 2026-05-19 14:36:00+00:00, run_after=2026-05-19 14:37:00+00:00
[2026-05-19T14:37:54.539+0000] {processor.py:183} INFO - Processing /home/airflow/.local/lib/python3.12/site-packages/airflow/example_dags/example_branch_python_dop_operator_3.py took 0.063 seconds
[2026-05-19T14:38:24.790+0000] {processor.py:161} INFO - Started process (PID=301) to work on /home/airflow/.local/lib/python3.12/site-packages/airflow/example_dags/example_branch_python_dop_operator_3.py
[2026-05-19T14:38:24.791+0000] {processor.py:830} INFO - Processing file /home/airflow/.local/lib/python3.12/site-packages/airflow/example_dags/example_branch_python_dop_operator_3.py for tasks to queue
[2026-05-19T14:38:24.792+0000] {logging_mixin.py:188} INFO - [2026-05-19T14:38:24.792+0000] {dagbag.py:545} INFO - Filling up the DagBag from /home/airflow/.local/lib/python3.12/site-packages/airflow/example_dags/example_branch_python_dop_operator_3.py
[2026-05-19T14:38:24.799+0000] {processor.py:840} INFO - DAG(s) 'example_branch_dop_operator_v3' retrieved from /home/airflow/.local/lib/python3.12/site-packages/airflow/example_dags/example_branch_python_dop_operator_3.py
[2026-05-19T14:38:24.814+0000] {logging_mixin.py:188} INFO - [2026-05-19T14:38:24.814+0000] {dag.py:3089} INFO - Sync 1 DAGs
[2026-05-19T14:38:24.834+0000] {logging_mixin.py:188} INFO - [2026-05-19T14:38:24.834+0000] {dag.py:3947} INFO - Setting next_dagrun for example_branch_dop_operator_v3 to 2026-05-19 14:37:00+00:00, run_after=2026-05-19 14:38:00+00:00
[2026-05-19T14:38:24.850+0000] {processor.py:183} INFO - Processing /home/airflow/.local/lib/python3.12/site-packages/airflow/example_dags/example_branch_python_dop_operator_3.py took 0.064 seconds
[2026-05-19T14:38:55.081+0000] {processor.py:161} INFO - Started process (PID=359) to work on /home/airflow/.local/lib/python3.12/site-packages/airflow/example_dags/example_branch_python_dop_operator_3.py
[2026-05-19T14:38:55.082+0000] {processor.py:830} INFO - Processing file /home/airflow/.local/lib/python3.12/site-packages/airflow/example_dags/example_branch_python_dop_operator_3.py for tasks to queue
[2026-05-19T14:38:55.084+0000] {logging_mixin.py:188} INFO - [2026-05-19T14:38:55.083+0000] {dagbag.py:545} INFO - Filling up the DagBag from /home/airflow/.local/lib/python3.12/site-packages/airflow/example_dags/example_branch_python_dop_operator_3.py
[2026-05-19T14:38:55.090+0000] {processor.py:840} INFO - DAG(s) 'example_branch_dop_operator_v3' retrieved from /home/airflow/.local/lib/python3.12/site-packages/airflow/example_dags/example_branch_python_dop_operator_3.py
[2026-05-19T14:38:55.105+0000] {logging_mixin.py:188} INFO - [2026-05-19T14:38:55.105+0000] {dag.py:3089} INFO - Sync 1 DAGs
[2026-05-19T14:38:55.125+0000] {logging_mixin.py:188} INFO - [2026-05-19T14:38:55.125+0000] {dag.py:3947} INFO - Setting next_dagrun for example_branch_dop_operator_v3 to 2026-05-19 14:37:00+00:00, run_after=2026-05-19 14:38:00+00:00
[2026-05-19T14:38:55.141+0000] {processor.py:183} INFO - Processing /home/airflow/.local/lib/python3.12/site-packages/airflow/example_dags/example_branch_python_dop_operator_3.py took 0.064 seconds
[2026-05-19T14:39:25.495+0000] {processor.py:161} INFO - Started process (PID=417) to work on /home/airflow/.local/lib/python3.12/site-packages/airflow/example_dags/example_branch_python_dop_operator_3.py
[2026-05-19T14:39:25.496+0000] {processor.py:830} INFO - Processing file /home/airflow/.local/lib/python3.12/site-packages/airflow/example_dags/example_branch_python_dop_operator_3.py for tasks to queue
[2026-05-19T14:39:25.497+0000] {logging_mixin.py:188} INFO - [2026-05-19T14:39:25.497+0000] {dagbag.py:545} INFO - Filling up the DagBag from /home/airflow/.local/lib/python3.12/site-packages/airflow/example_dags/example_branch_python_dop_operator_3.py
[2026-05-19T14:39:25.504+0000] {processor.py:840} INFO - DAG(s) 'example_branch_dop_operator_v3' retrieved from /home/airflow/.local/lib/python3.12/site-packages/airflow/example_dags/example_branch_python_dop_operator_3.py
[2026-05-19T14:39:25.519+0000] {logging_mixin.py:188} INFO - [2026-05-19T14:39:25.519+0000] {dag.py:3089} INFO - Sync 1 DAGs
[2026-05-19T14:39:25.543+0000] {logging_mixin.py:188} INFO - [2026-05-19T14:39:25.542+0000] {dag.py:3947} INFO - Setting next_dagrun for example_branch_dop_operator_v3 to 2026-05-19 14:38:00+00:00, run_after=2026-05-19 14:39:00+00:00
[2026-05-19T14:39:25.558+0000] {processor.py:183} INFO - Processing /home/airflow/.local/lib/python3.12/site-packages/airflow/example_dags/example_branch_python_dop_operator_3.py took 0.067 seconds
[2026-05-19T14:39:56.054+0000] {processor.py:161} INFO - Started process (PID=475) to work on /home/airflow/.local/lib/python3.12/site-packages/airflow/example_dags/example_branch_python_dop_operator_3.py
[2026-05-19T14:39:56.055+0000] {processor.py:830} INFO - Processing file /home/airflow/.local/lib/python3.12/site-packages/airflow/example_dags/example_branch_python_dop_operator_3.py for tasks to queue
[2026-05-19T14:39:56.057+0000] {logging_mixin.py:188} INFO - [2026-05-19T14:39:56.056+0000] {dagbag.py:545} INFO - Filling up the DagBag from /home/airflow/.local/lib/python3.12/site-packages/airflow/example_dags/example_branch_python_dop_operator_3.py
[2026-05-19T14:39:56.064+0000] {processor.py:840} INFO - DAG(s) 'example_branch_dop_operator_v3' retrieved from /home/airflow/.local/lib/python3.12/site-packages/airflow/example_dags/example_branch_python_dop_operator_3.py
[2026-05-19T14:39:56.079+0000] {logging_mixin.py:188} INFO - [2026-05-19T14:39:56.079+0000] {dag.py:3089} INFO - Sync 1 DAGs
[2026-05-19T14:39:56.099+0000] {logging_mixin.py:188} INFO - [2026-05-19T14:39:56.099+0000] {dag.py:3947} INFO - Setting next_dagrun for example_branch_dop_operator_v3 to 2026-05-19 14:38:00+00:00, run_after=2026-05-19 14:39:00+00:00
[2026-05-19T14:39:56.114+0000] {processor.py:183} INFO - Processing /home/airflow/.local/lib/python3.12/site-packages/airflow/example_dags/example_branch_python_dop_operator_3.py took 0.065 seconds
[2026-05-19T14:40:26.515+0000] {processor.py:161} INFO - Started process (PID=532) to work on /home/airflow/.local/lib/python3.12/site-packages/airflow/example_dags/example_branch_python_dop_operator_3.py
[2026-05-19T14:40:26.515+0000] {processor.py:830} INFO - Processing file /home/airflow/.local/lib/python3.12/site-packages/airflow/example_dags/example_branch_python_dop_operator_3.py for tasks to queue
[2026-05-19T14:40:26.516+0000] {logging_mixin.py:188} INFO - [2026-05-19T14:40:26.516+0000] {dagbag.py:545} INFO - Filling up the DagBag from /home/airflow/.local/lib/python3.12/site-packages/airflow/example_dags/example_branch_python_dop_operator_3.py
[2026-05-19T14:40:26.523+0000] {processor.py:840} INFO - DAG(s) 'example_branch_dop_operator_v3' retrieved from /home/airflow/.local/lib/python3.12/site-packages/airflow/example_dags/example_branch_python_dop_operator_3.py
[2026-05-19T14:40:26.538+0000] {logging_mixin.py:188} INFO - [2026-05-19T14:40:26.538+0000] {dag.py:3089} INFO - Sync 1 DAGs
[2026-05-19T14:40:26.558+0000] {logging_mixin.py:188} INFO - [2026-05-19T14:40:26.558+0000] {dag.py:3947} INFO - Setting next_dagrun for example_branch_dop_operator_v3 to 2026-05-19 14:39:00+00:00, run_after=2026-05-19 14:40:00+00:00
[2026-05-19T14:40:26.573+0000] {processor.py:183} INFO - Processing /home/airflow/.local/lib/python3.12/site-packages/airflow/example_dags/example_branch_python_dop_operator_3.py took 0.063 seconds
[2026-05-19T14:40:56.862+0000] {processor.py:161} INFO - Started process (PID=597) to work on /home/airflow/.local/lib/python3.12/site-packages/airflow/example_dags/example_branch_python_dop_operator_3.py
[2026-05-19T14:40:56.865+0000] {processor.py:830} INFO - Processing file /home/airflow/.local/lib/python3.12/site-packages/airflow/example_dags/example_branch_python_dop_operator_3.py for tasks to queue
[2026-05-19T14:40:56.866+0000] {logging_mixin.py:188} INFO - [2026-05-19T14:40:56.866+0000] {dagbag.py:545} INFO - Filling up the DagBag from /home/airflow/.local/lib/python3.12/site-packages/airflow/example_dags/example_branch_python_dop_operator_3.py
[2026-05-19T14:40:56.873+0000] {processor.py:840} INFO - DAG(s) 'example_branch_dop_operator_v3' retrieved from /home/airflow/.local/lib/python3.12/site-packages/airflow/example_dags/example_branch_python_dop_operator_3.py
[2026-05-19T14:40:56.888+0000] {logging_mixin.py:188} INFO - [2026-05-19T14:40:56.888+0000] {dag.py:3089} INFO - Sync 1 DAGs
[2026-05-19T14:40:56.908+0000] {logging_mixin.py:188} INFO - [2026-05-19T14:40:56.908+0000] {dag.py:3947} INFO - Setting next_dagrun for example_branch_dop_operator_v3 to 2026-05-19 14:39:00+00:00, run_after=2026-05-19 14:40:00+00:00
[2026-05-19T14:40:56.927+0000] {processor.py:183} INFO - Processing /home/airflow/.local/lib/python3.12/site-packages/airflow/example_dags/example_branch_python_dop_operator_3.py took 0.070 seconds
[2026-05-19T14:41:27.180+0000] {processor.py:161} INFO - Started process (PID=655) to work on /home/airflow/.local/lib/python3.12/site-packages/airflow/example_dags/example_branch_python_dop_operator_3.py
[2026-05-19T14:41:27.180+0000] {processor.py:830} INFO - Processing file /home/airflow/.local/lib/python3.12/site-packages/airflow/example_dags/example_branch_python_dop_operator_3.py for tasks to queue
[2026-05-19T14:41:27.181+0000] {logging_mixin.py:188} INFO - [2026-05-19T14:41:27.181+0000] {dagbag.py:545} INFO - Filling up the DagBag from /home/airflow/.local/lib/python3.12/site-packages/airflow/example_dags/example_branch_python_dop_operator_3.py
[2026-05-19T14:41:27.188+0000] {processor.py:840} INFO - DAG(s) 'example_branch_dop_operator_v3' retrieved from /home/airflow/.local/lib/python3.12/site-packages/airflow/example_dags/example_branch_python_dop_operator_3.py
[2026-05-19T14:41:27.203+0000] {logging_mixin.py:188} INFO - [2026-05-19T14:41:27.203+0000] {dag.py:3089} INFO - Sync 1 DAGs
[2026-05-19T14:41:27.224+0000] {logging_mixin.py:188} INFO - [2026-05-19T14:41:27.224+0000] {dag.py:3947} INFO - Setting next_dagrun for example_branch_dop_operator_v3 to 2026-05-19 14:40:00+00:00, run_after=2026-05-19 14:41:00+00:00
[2026-05-19T14:41:27.307+0000] {processor.py:183} INFO - Processing /home/airflow/.local/lib/python3.12/site-packages/airflow/example_dags/example_branch_python_dop_operator_3.py took 0.132 seconds
[2026-05-19T14:41:59.210+0000] {processor.py:161} INFO - Started process (PID=712) to work on /home/airflow/.local/lib/python3.12/site-packages/airflow/example_dags/example_branch_python_dop_operator_3.py
[2026-05-19T14:41:59.211+0000] {processor.py:830} INFO - Processing file /home/airflow/.local/lib/python3.12/site-packages/airflow/example_dags/example_branch_python_dop_operator_3.py for tasks to queue
[2026-05-19T14:41:59.213+0000] {logging_mixin.py:188} INFO - [2026-05-19T14:41:59.212+0000] {dagbag.py:545} INFO - Filling up the DagBag from /home/airflow/.local/lib/python3.12/site-packages/airflow/example_dags/example_branch_python_dop_operator_3.py
[2026-05-19T14:41:59.221+0000] {processor.py:840} INFO - DAG(s) 'example_branch_dop_operator_v3' retrieved from /home/airflow/.local/lib/python3.12/site-packages/airflow/example_dags/example_branch_python_dop_operator_3.py
[2026-05-19T14:41:59.240+0000] {logging_mixin.py:188} INFO - [2026-05-19T14:41:59.240+0000] {dag.py:3089} INFO - Sync 1 DAGs
[2026-05-19T14:41:59.265+0000] {logging_mixin.py:188} INFO - [2026-05-19T14:41:59.264+0000] {dag.py:3947} INFO - Setting next_dagrun for example_branch_dop_operator_v3 to 2026-05-19 14:40:00+00:00, run_after=2026-05-19 14:41:00+00:00
[2026-05-19T14:41:59.285+0000] {processor.py:183} INFO - Processing /home/airflow/.local/lib/python3.12/site-packages/airflow/example_dags/example_branch_python_dop_operator_3.py took 0.081 seconds
[2026-05-19T14:42:29.580+0000] {processor.py:161} INFO - Started process (PID=771) to work on /home/airflow/.local/lib/python3.12/site-packages/airflow/example_dags/example_branch_python_dop_operator_3.py
[2026-05-19T14:42:29.581+0000] {processor.py:830} INFO - Processing file /home/airflow/.local/lib/python3.12/site-packages/airflow/example_dags/example_branch_python_dop_operator_3.py for tasks to queue
[2026-05-19T14:42:29.582+0000] {logging_mixin.py:188} INFO - [2026-05-19T14:42:29.582+0000] {dagbag.py:545} INFO - Filling up the DagBag from /home/airflow/.local/lib/python3.12/site-packages/airflow/example_dags/example_branch_python_dop_operator_3.py
[2026-05-19T14:42:29.589+0000] {processor.py:840} INFO - DAG(s) 'example_branch_dop_operator_v3' retrieved from /home/airflow/.local/lib/python3.12/site-packages/airflow/example_dags/example_branch_python_dop_operator_3.py
[2026-05-19T14:42:29.605+0000] {logging_mixin.py:188} INFO - [2026-05-19T14:42:29.605+0000] {dag.py:3089} INFO - Sync 1 DAGs
[2026-05-19T14:42:29.626+0000] {logging_mixin.py:188} INFO - [2026-05-19T14:42:29.626+0000] {dag.py:3947} INFO - Setting next_dagrun for example_branch_dop_operator_v3 to 2026-05-19 14:41:00+00:00, run_after=2026-05-19 14:42:00+00:00
[2026-05-19T14:42:29.643+0000] {processor.py:183} INFO - Processing /home/airflow/.local/lib/python3.12/site-packages/airflow/example_dags/example_branch_python_dop_operator_3.py took 0.068 seconds
[2026-05-19T14:43:00.174+0000] {processor.py:161} INFO - Started process (PID=829) to work on /home/airflow/.local/lib/python3.12/site-packages/airflow/example_dags/example_branch_python_dop_operator_3.py
[2026-05-19T14:43:00.175+0000] {processor.py:830} INFO - Processing file /home/airflow/.local/lib/python3.12/site-packages/airflow/example_dags/example_branch_python_dop_operator_3.py for tasks to queue
[2026-05-19T14:43:00.177+0000] {logging_mixin.py:188} INFO - [2026-05-19T14:43:00.177+0000] {dagbag.py:545} INFO - Filling up the DagBag from /home/airflow/.local/lib/python3.12/site-packages/airflow/example_dags/example_branch_python_dop_operator_3.py
[2026-05-19T14:43:00.184+0000] {processor.py:840} INFO - DAG(s) 'example_branch_dop_operator_v3' retrieved from /home/airflow/.local/lib/python3.12/site-packages/airflow/example_dags/example_branch_python_dop_operator_3.py
[2026-05-19T14:43:00.200+0000] {logging_mixin.py:188} INFO - [2026-05-19T14:43:00.200+0000] {dag.py:3089} INFO - Sync 1 DAGs
[2026-05-19T14:43:00.223+0000] {logging_mixin.py:188} INFO - [2026-05-19T14:43:00.222+0000] {dag.py:3947} INFO - Setting next_dagrun for example_branch_dop_operator_v3 to 2026-05-19 14:42:00+00:00, run_after=2026-05-19 14:43:00+00:00
[2026-05-19T14:43:00.238+0000] {processor.py:183} INFO - Processing /home/airflow/.local/lib/python3.12/site-packages/airflow/example_dags/example_branch_python_dop_operator_3.py took 0.068 seconds
[2026-05-19T14:43:30.781+0000] {processor.py:161} INFO - Started process (PID=887) to work on /home/airflow/.local/lib/python3.12/site-packages/airflow/example_dags/example_branch_python_dop_operator_3.py
[2026-05-19T14:43:30.781+0000] {processor.py:830} INFO - Processing file /home/airflow/.local/lib/python3.12/site-packages/airflow/example_dags/example_branch_python_dop_operator_3.py for tasks to queue
[2026-05-19T14:43:30.783+0000] {logging_mixin.py:188} INFO - [2026-05-19T14:43:30.782+0000] {dagbag.py:545} INFO - Filling up the DagBag from /home/airflow/.local/lib/python3.12/site-packages/airflow/example_dags/example_branch_python_dop_operator_3.py
[2026-05-19T14:43:30.789+0000] {processor.py:840} INFO - DAG(s) 'example_branch_dop_operator_v3' retrieved from /home/airflow/.local/lib/python3.12/site-packages/airflow/example_dags/example_branch_python_dop_operator_3.py
[2026-05-19T14:43:30.805+0000] {logging_mixin.py:188} INFO - [2026-05-19T14:43:30.804+0000] {dag.py:3089} INFO - Sync 1 DAGs
[2026-05-19T14:43:30.825+0000] {logging_mixin.py:188} INFO - [2026-05-19T14:43:30.825+0000] {dag.py:3947} INFO - Setting next_dagrun for example_branch_dop_operator_v3 to 2026-05-19 14:42:00+00:00, run_after=2026-05-19 14:43:00+00:00
[2026-05-19T14:43:30.840+0000] {processor.py:183} INFO - Processing /home/airflow/.local/lib/python3.12/site-packages/airflow/example_dags/example_branch_python_dop_operator_3.py took 0.064 seconds
[2026-05-19T14:44:01.466+0000] {processor.py:161} INFO - Started process (PID=945) to work on /home/airflow/.local/lib/python3.12/site-packages/airflow/example_dags/example_branch_python_dop_operator_3.py
[2026-05-19T14:44:01.467+0000] {processor.py:830} INFO - Processing file /home/airflow/.local/lib/python3.12/site-packages/airflow/example_dags/example_branch_python_dop_operator_3.py for tasks to queue
[2026-05-19T14:44:01.468+0000] {logging_mixin.py:188} INFO - [2026-05-19T14:44:01.468+0000] {dagbag.py:545} INFO - Filling up the DagBag from /home/airflow/.local/lib/python3.12/site-packages/airflow/example_dags/example_branch_python_dop_operator_3.py
[2026-05-19T14:44:01.475+0000] {processor.py:840} INFO - DAG(s) 'example_branch_dop_operator_v3' retrieved from /home/airflow/.local/lib/python3.12/site-packages/airflow/example_dags/example_branch_python_dop_operator_3.py
[2026-05-19T14:44:01.491+0000] {logging_mixin.py:188} INFO - [2026-05-19T14:44:01.490+0000] {dag.py:3089} INFO - Sync 1 DAGs
[2026-05-19T14:44:01.512+0000] {logging_mixin.py:188} INFO - [2026-05-19T14:44:01.512+0000] {dag.py:3947} INFO - Setting next_dagrun for example_branch_dop_operator_v3 to 2026-05-19 14:43:00+00:00, run_after=2026-05-19 14:44:00+00:00
[2026-05-19T14:44:01.537+0000] {processor.py:183} INFO - Processing /home/airflow/.local/lib/python3.12/site-packages/airflow/example_dags/example_branch_python_dop_operator_3.py took 0.076 seconds
[2026-05-19T14:44:31.909+0000] {processor.py:161} INFO - Started process (PID=1003) to work on /home/airflow/.local/lib/python3.12/site-packages/airflow/example_dags/example_branch_python_dop_operator_3.py
[2026-05-19T14:44:31.909+0000] {processor.py:830} INFO - Processing file /home/airflow/.local/lib/python3.12/site-packages/airflow/example_dags/example_branch_python_dop_operator_3.py for tasks to queue
[2026-05-19T14:44:31.910+0000] {logging_mixin.py:188} INFO - [2026-05-19T14:44:31.910+0000] {dagbag.py:545} INFO - Filling up the DagBag from /home/airflow/.local/lib/python3.12/site-packages/airflow/example_dags/example_branch_python_dop_operator_3.py
[2026-05-19T14:44:31.917+0000] {processor.py:840} INFO - DAG(s) 'example_branch_dop_operator_v3' retrieved from /home/airflow/.local/lib/python3.12/site-packages/airflow/example_dags/example_branch_python_dop_operator_3.py
[2026-05-19T14:44:31.932+0000] {logging_mixin.py:188} INFO - [2026-05-19T14:44:31.932+0000] {dag.py:3089} INFO - Sync 1 DAGs
[2026-05-19T14:44:31.953+0000] {logging_mixin.py:188} INFO - [2026-05-19T14:44:31.953+0000] {dag.py:3947} INFO - Setting next_dagrun for example_branch_dop_operator_v3 to 2026-05-19 14:43:00+00:00, run_after=2026-05-19 14:44:00+00:00
[2026-05-19T14:44:31.967+0000] {processor.py:183} INFO - Processing /home/airflow/.local/lib/python3.12/site-packages/airflow/example_dags/example_branch_python_dop_operator_3.py took 0.063 seconds
[2026-05-19T14:45:02.447+0000] {processor.py:161} INFO - Started process (PID=1061) to work on /home/airflow/.local/lib/python3.12/site-packages/airflow/example_dags/example_branch_python_dop_operator_3.py
[2026-05-19T14:45:02.449+0000] {processor.py:830} INFO - Processing file /home/airflow/.local/lib/python3.12/site-packages/airflow/example_dags/example_branch_python_dop_operator_3.py for tasks to queue
[2026-05-19T14:45:02.450+0000] {logging_mixin.py:188} INFO - [2026-05-19T14:45:02.450+0000] {dagbag.py:545} INFO - Filling up the DagBag from /home/airflow/.local/lib/python3.12/site-packages/airflow/example_dags/example_branch_python_dop_operator_3.py
[2026-05-19T14:45:02.457+0000] {processor.py:840} INFO - DAG(s) 'example_branch_dop_operator_v3' retrieved from /home/airflow/.local/lib/python3.12/site-packages/airflow/example_dags/example_branch_python_dop_operator_3.py
[2026-05-19T14:45:02.473+0000] {logging_mixin.py:188} INFO - [2026-05-19T14:45:02.473+0000] {dag.py:3089} INFO - Sync 1 DAGs
[2026-05-19T14:45:02.494+0000] {logging_mixin.py:188} INFO - [2026-05-19T14:45:02.494+0000] {dag.py:3947} INFO - Setting next_dagrun for example_branch_dop_operator_v3 to 2026-05-19 14:44:00+00:00, run_after=2026-05-19 14:45:00+00:00
[2026-05-19T14:45:02.510+0000] {processor.py:183} INFO - Processing /home/airflow/.local/lib/python3.12/site-packages/airflow/example_dags/example_branch_python_dop_operator_3.py took 0.068 seconds
[2026-05-19T14:45:32.873+0000] {processor.py:161} INFO - Started process (PID=1119) to work on /home/airflow/.local/lib/python3.12/site-packages/airflow/example_dags/example_branch_python_dop_operator_3.py
[2026-05-19T14:45:32.874+0000] {processor.py:830} INFO - Processing file /home/airflow/.local/lib/python3.12/site-packages/airflow/example_dags/example_branch_python_dop_operator_3.py for tasks to queue
[2026-05-19T14:45:32.875+0000] {logging_mixin.py:188} INFO - [2026-05-19T14:45:32.875+0000] {dagbag.py:545} INFO - Filling up the DagBag from /home/airflow/.local/lib/python3.12/site-packages/airflow/example_dags/example_branch_python_dop_operator_3.py
[2026-05-19T14:45:32.882+0000] {processor.py:840} INFO - DAG(s) 'example_branch_dop_operator_v3' retrieved from /home/airflow/.local/lib/python3.12/site-packages/airflow/example_dags/example_branch_python_dop_operator_3.py
[2026-05-19T14:45:32.898+0000] {logging_mixin.py:188} INFO - [2026-05-19T14:45:32.898+0000] {dag.py:3089} INFO - Sync 1 DAGs
[2026-05-19T14:45:32.918+0000] {logging_mixin.py:188} INFO - [2026-05-19T14:45:32.918+0000] {dag.py:3947} INFO - Setting next_dagrun for example_branch_dop_operator_v3 to 2026-05-19 14:44:00+00:00, run_after=2026-05-19 14:45:00+00:00
[2026-05-19T14:45:32.934+0000] {processor.py:183} INFO - Processing /home/airflow/.local/lib/python3.12/site-packages/airflow/example_dags/example_branch_python_dop_operator_3.py took 0.065 seconds
[2026-05-19T14:46:03.123+0000] {processor.py:161} INFO - Started process (PID=1177) to work on /home/airflow/.local/lib/python3.12/site-packages/airflow/example_dags/example_branch_python_dop_operator_3.py
[2026-05-19T14:46:03.124+0000] {processor.py:830} INFO - Processing file /home/airflow/.local/lib/python3.12/site-packages/airflow/example_dags/example_branch_python_dop_operator_3.py for tasks to queue
[2026-05-19T14:46:03.126+0000] {logging_mixin.py:188} INFO - [2026-05-19T14:46:03.125+0000] {dagbag.py:545} INFO - Filling up the DagBag from /home/airflow/.local/lib/python3.12/site-packages/airflow/example_dags/example_branch_python_dop_operator_3.py
[2026-05-19T14:46:03.133+0000] {processor.py:840} INFO - DAG(s) 'example_branch_dop_operator_v3' retrieved from /home/airflow/.local/lib/python3.12/site-packages/airflow/example_dags/example_branch_python_dop_operator_3.py
[2026-05-19T14:46:03.148+0000] {logging_mixin.py:188} INFO - [2026-05-19T14:46:03.147+0000] {dag.py:3089} INFO - Sync 1 DAGs
[2026-05-19T14:46:03.168+0000] {logging_mixin.py:188} INFO - [2026-05-19T14:46:03.168+0000] {dag.py:3947} INFO - Setting next_dagrun for example_branch_dop_operator_v3 to 2026-05-19 14:45:00+00:00, run_after=2026-05-19 14:46:00+00:00
[2026-05-19T14:46:03.186+0000] {processor.py:183} INFO - Processing /home/airflow/.local/lib/python3.12/site-packages/airflow/example_dags/example_branch_python_dop_operator_3.py took 0.067 seconds
[2026-05-19T14:46:33.800+0000] {processor.py:161} INFO - Started process (PID=1235) to work on /home/airflow/.local/lib/python3.12/site-packages/airflow/example_dags/example_branch_python_dop_operator_3.py
[2026-05-19T14:46:33.800+0000] {processor.py:830} INFO - Processing file /home/airflow/.local/lib/python3.12/site-packages/airflow/example_dags/example_branch_python_dop_operator_3.py for tasks to queue
[2026-05-19T14:46:33.802+0000] {logging_mixin.py:188} INFO - [2026-05-19T14:46:33.801+0000] {dagbag.py:545} INFO - Filling up the DagBag from /home/airflow/.local/lib/python3.12/site-packages/airflow/example_dags/example_branch_python_dop_operator_3.py
[2026-05-19T14:46:33.809+0000] {processor.py:840} INFO - DAG(s) 'example_branch_dop_operator_v3' retrieved from /home/airflow/.local/lib/python3.12/site-packages/airflow/example_dags/example_branch_python_dop_operator_3.py
[2026-05-19T14:46:33.825+0000] {logging_mixin.py:188} INFO - [2026-05-19T14:46:33.824+0000] {dag.py:3089} INFO - Sync 1 DAGs
[2026-05-19T14:46:33.845+0000] {logging_mixin.py:188} INFO - [2026-05-19T14:46:33.845+0000] {dag.py:3947} INFO - Setting next_dagrun for example_branch_dop_operator_v3 to 2026-05-19 14:45:00+00:00, run_after=2026-05-19 14:46:00+00:00
[2026-05-19T14:46:33.861+0000] {processor.py:183} INFO - Processing /home/airflow/.local/lib/python3.12/site-packages/airflow/example_dags/example_branch_python_dop_operator_3.py took 0.066 seconds
[2026-05-19T14:47:04.734+0000] {processor.py:161} INFO - Started process (PID=1293) to work on /home/airflow/.local/lib/python3.12/site-packages/airflow/example_dags/example_branch_python_dop_operator_3.py
[2026-05-19T14:47:04.736+0000] {processor.py:830} INFO - Processing file /home/airflow/.local/lib/python3.12/site-packages/airflow/example_dags/example_branch_python_dop_operator_3.py for tasks to queue
[2026-05-19T14:47:04.738+0000] {logging_mixin.py:188} INFO - [2026-05-19T14:47:04.737+0000] {dagbag.py:545} INFO - Filling up the DagBag from /home/airflow/.local/lib/python3.12/site-packages/airflow/example_dags/example_branch_python_dop_operator_3.py
[2026-05-19T14:47:04.745+0000] {processor.py:840} INFO - DAG(s) 'example_branch_dop_operator_v3' retrieved from /home/airflow/.local/lib/python3.12/site-packages/airflow/example_dags/example_branch_python_dop_operator_3.py
[2026-05-19T14:47:04.761+0000] {logging_mixin.py:188} INFO - [2026-05-19T14:47:04.761+0000] {dag.py:3089} INFO - Sync 1 DAGs
[2026-05-19T14:47:04.783+0000] {logging_mixin.py:188} INFO - [2026-05-19T14:47:04.783+0000] {dag.py:3947} INFO - Setting next_dagrun for example_branch_dop_operator_v3 to 2026-05-19 14:46:00+00:00, run_after=2026-05-19 14:47:00+00:00
[2026-05-19T14:47:05.032+0000] {processor.py:183} INFO - Processing /home/airflow/.local/lib/python3.12/site-packages/airflow/example_dags/example_branch_python_dop_operator_3.py took 0.303 seconds
[2026-05-19T14:47:35.318+0000] {processor.py:161} INFO - Started process (PID=1351) to work on /home/airflow/.local/lib/python3.12/site-packages/airflow/example_dags/example_branch_python_dop_operator_3.py
[2026-05-19T14:47:35.318+0000] {processor.py:830} INFO - Processing file /home/airflow/.local/lib/python3.12/site-packages/airflow/example_dags/example_branch_python_dop_operator_3.py for tasks to queue
[2026-05-19T14:47:35.320+0000] {logging_mixin.py:188} INFO - [2026-05-19T14:47:35.320+0000] {dagbag.py:545} INFO - Filling up the DagBag from /home/airflow/.local/lib/python3.12/site-packages/airflow/example_dags/example_branch_python_dop_operator_3.py
[2026-05-19T14:47:35.327+0000] {processor.py:840} INFO - DAG(s) 'example_branch_dop_operator_v3' retrieved from /home/airflow/.local/lib/python3.12/site-packages/airflow/example_dags/example_branch_python_dop_operator_3.py
[2026-05-19T14:47:35.343+0000] {logging_mixin.py:188} INFO - [2026-05-19T14:47:35.342+0000] {dag.py:3089} INFO - Sync 1 DAGs
[2026-05-19T14:47:35.364+0000] {logging_mixin.py:188} INFO - [2026-05-19T14:47:35.364+0000] {dag.py:3947} INFO - Setting next_dagrun for example_branch_dop_operator_v3 to 2026-05-19 14:46:00+00:00, run_after=2026-05-19 14:47:00+00:00
[2026-05-19T14:47:35.380+0000] {processor.py:183} INFO - Processing /home/airflow/.local/lib/python3.12/site-packages/airflow/example_dags/example_branch_python_dop_operator_3.py took 0.066 seconds
[2026-05-19T14:48:11.831+0000] {processor.py:161} INFO - Started process (PID=1408) to work on /home/airflow/.local/lib/python3.12/site-packages/airflow/example_dags/example_branch_python_dop_operator_3.py
[2026-05-19T14:48:11.834+0000] {processor.py:830} INFO - Processing file /home/airflow/.local/lib/python3.12/site-packages/airflow/example_dags/example_branch_python_dop_operator_3.py for tasks to queue
[2026-05-19T14:48:11.836+0000] {logging_mixin.py:188} INFO - [2026-05-19T14:48:11.836+0000] {dagbag.py:545} INFO - Filling up the DagBag from /home/airflow/.local/lib/python3.12/site-packages/airflow/example_dags/example_branch_python_dop_operator_3.py
[2026-05-19T14:48:11.845+0000] {processor.py:840} INFO - DAG(s) 'example_branch_dop_operator_v3' retrieved from /home/airflow/.local/lib/python3.12/site-packages/airflow/example_dags/example_branch_python_dop_operator_3.py
[2026-05-19T14:48:11.865+0000] {logging_mixin.py:188} INFO - [2026-05-19T14:48:11.865+0000] {dag.py:3089} INFO - Sync 1 DAGs
[2026-05-19T14:48:11.888+0000] {logging_mixin.py:188} INFO - [2026-05-19T14:48:11.887+0000] {dag.py:3947} INFO - Setting next_dagrun for example_branch_dop_operator_v3 to 2026-05-19 14:47:00+00:00, run_after=2026-05-19 14:48:00+00:00
[2026-05-19T14:48:11.907+0000] {processor.py:183} INFO - Processing /home/airflow/.local/lib/python3.12/site-packages/airflow/example_dags/example_branch_python_dop_operator_3.py took 0.080 seconds
[2026-05-19T14:48:42.395+0000] {processor.py:161} INFO - Started process (PID=1464) to work on /home/airflow/.local/lib/python3.12/site-packages/airflow/example_dags/example_branch_python_dop_operator_3.py
[2026-05-19T14:48:42.396+0000] {processor.py:830} INFO - Processing file /home/airflow/.local/lib/python3.12/site-packages/airflow/example_dags/example_branch_python_dop_operator_3.py for tasks to queue
[2026-05-19T14:48:42.397+0000] {logging_mixin.py:188} INFO - [2026-05-19T14:48:42.397+0000] {dagbag.py:545} INFO - Filling up the DagBag from /home/airflow/.local/lib/python3.12/site-packages/airflow/example_dags/example_branch_python_dop_operator_3.py
[2026-05-19T14:48:42.404+0000] {processor.py:840} INFO - DAG(s) 'example_branch_dop_operator_v3' retrieved from /home/airflow/.local/lib/python3.12/site-packages/airflow/example_dags/example_branch_python_dop_operator_3.py
[2026-05-19T14:48:42.420+0000] {logging_mixin.py:188} INFO - [2026-05-19T14:48:42.420+0000] {dag.py:3089} INFO - Sync 1 DAGs
[2026-05-19T14:48:42.443+0000] {logging_mixin.py:188} INFO - [2026-05-19T14:48:42.442+0000] {dag.py:3947} INFO - Setting next_dagrun for example_branch_dop_operator_v3 to 2026-05-19 14:47:00+00:00, run_after=2026-05-19 14:48:00+00:00
[2026-05-19T14:48:42.458+0000] {processor.py:183} INFO - Processing /home/airflow/.local/lib/python3.12/site-packages/airflow/example_dags/example_branch_python_dop_operator_3.py took 0.067 seconds
[2026-05-19T14:49:13.127+0000] {processor.py:161} INFO - Started process (PID=1522) to work on /home/airflow/.local/lib/python3.12/site-packages/airflow/example_dags/example_branch_python_dop_operator_3.py
[2026-05-19T14:49:13.128+0000] {processor.py:830} INFO - Processing file /home/airflow/.local/lib/python3.12/site-packages/airflow/example_dags/example_branch_python_dop_operator_3.py for tasks to queue
[2026-05-19T14:49:13.130+0000] {logging_mixin.py:188} INFO - [2026-05-19T14:49:13.130+0000] {dagbag.py:545} INFO - Filling up the DagBag from /home/airflow/.local/lib/python3.12/site-packages/airflow/example_dags/example_branch_python_dop_operator_3.py
[2026-05-19T14:49:13.138+0000] {processor.py:840} INFO - DAG(s) 'example_branch_dop_operator_v3' retrieved from /home/airflow/.local/lib/python3.12/site-packages/airflow/example_dags/example_branch_python_dop_operator_3.py
[2026-05-19T14:49:13.154+0000] {logging_mixin.py:188} INFO - [2026-05-19T14:49:13.153+0000] {dag.py:3089} INFO - Sync 1 DAGs
[2026-05-19T14:49:13.177+0000] {logging_mixin.py:188} INFO - [2026-05-19T14:49:13.177+0000] {dag.py:3947} INFO - Setting next_dagrun for example_branch_dop_operator_v3 to 2026-05-19 14:48:00+00:00, run_after=2026-05-19 14:49:00+00:00
[2026-05-19T14:49:13.197+0000] {processor.py:183} INFO - Processing /home/airflow/.local/lib/python3.12/site-packages/airflow/example_dags/example_branch_python_dop_operator_3.py took 0.075 seconds
[2026-05-19T14:49:43.290+0000] {processor.py:161} INFO - Started process (PID=1580) to work on /home/airflow/.local/lib/python3.12/site-packages/airflow/example_dags/example_branch_python_dop_operator_3.py
[2026-05-19T14:49:43.290+0000] {processor.py:830} INFO - Processing file /home/airflow/.local/lib/python3.12/site-packages/airflow/example_dags/example_branch_python_dop_operator_3.py for tasks to queue
[2026-05-19T14:49:43.292+0000] {logging_mixin.py:188} INFO - [2026-05-19T14:49:43.291+0000] {dagbag.py:545} INFO - Filling up the DagBag from /home/airflow/.local/lib/python3.12/site-packages/airflow/example_dags/example_branch_python_dop_operator_3.py
[2026-05-19T14:49:43.299+0000] {processor.py:840} INFO - DAG(s) 'example_branch_dop_operator_v3' retrieved from /home/airflow/.local/lib/python3.12/site-packages/airflow/example_dags/example_branch_python_dop_operator_3.py
[2026-05-19T14:49:43.314+0000] {logging_mixin.py:188} INFO - [2026-05-19T14:49:43.314+0000] {dag.py:3089} INFO - Sync 1 DAGs
[2026-05-19T14:49:43.335+0000] {logging_mixin.py:188} INFO - [2026-05-19T14:49:43.335+0000] {dag.py:3947} INFO - Setting next_dagrun for example_branch_dop_operator_v3 to 2026-05-19 14:48:00+00:00, run_after=2026-05-19 14:49:00+00:00
[2026-05-19T14:49:43.350+0000] {processor.py:183} INFO - Processing /home/airflow/.local/lib/python3.12/site-packages/airflow/example_dags/example_branch_python_dop_operator_3.py took 0.065 seconds
