[2026-05-19T14:36:25.691+0000] {processor.py:161} INFO - Started process (PID=80) to work on /home/airflow/.local/lib/python3.12/site-packages/airflow/example_dags/example_sensors.py
[2026-05-19T14:36:25.691+0000] {processor.py:830} INFO - Processing file /home/airflow/.local/lib/python3.12/site-packages/airflow/example_dags/example_sensors.py for tasks to queue
[2026-05-19T14:36:25.692+0000] {logging_mixin.py:188} INFO - [2026-05-19T14:36:25.692+0000] {dagbag.py:545} INFO - Filling up the DagBag from /home/airflow/.local/lib/python3.12/site-packages/airflow/example_dags/example_sensors.py
[2026-05-19T14:36:25.701+0000] {processor.py:840} INFO - DAG(s) 'example_sensors' retrieved from /home/airflow/.local/lib/python3.12/site-packages/airflow/example_dags/example_sensors.py
[2026-05-19T14:36:25.723+0000] {logging_mixin.py:188} INFO - [2026-05-19T14:36:25.723+0000] {dag.py:3089} INFO - Sync 1 DAGs
[2026-05-19T14:36:25.733+0000] {logging_mixin.py:188} INFO - [2026-05-19T14:36:25.733+0000] {dag.py:3947} INFO - Setting next_dagrun for example_sensors to None, run_after=None
[2026-05-19T14:36:25.752+0000] {processor.py:183} INFO - Processing /home/airflow/.local/lib/python3.12/site-packages/airflow/example_dags/example_sensors.py took 0.066 seconds
[2026-05-19T14:36:56.385+0000] {processor.py:161} INFO - Started process (PID=144) to work on /home/airflow/.local/lib/python3.12/site-packages/airflow/example_dags/example_sensors.py
[2026-05-19T14:36:56.386+0000] {processor.py:830} INFO - Processing file /home/airflow/.local/lib/python3.12/site-packages/airflow/example_dags/example_sensors.py for tasks to queue
[2026-05-19T14:36:56.387+0000] {logging_mixin.py:188} INFO - [2026-05-19T14:36:56.387+0000] {dagbag.py:545} INFO - Filling up the DagBag from /home/airflow/.local/lib/python3.12/site-packages/airflow/example_dags/example_sensors.py
[2026-05-19T14:36:56.394+0000] {processor.py:840} INFO - DAG(s) 'example_sensors' retrieved from /home/airflow/.local/lib/python3.12/site-packages/airflow/example_dags/example_sensors.py
[2026-05-19T14:36:56.414+0000] {logging_mixin.py:188} INFO - [2026-05-19T14:36:56.414+0000] {dag.py:3089} INFO - Sync 1 DAGs
[2026-05-19T14:36:56.425+0000] {logging_mixin.py:188} INFO - [2026-05-19T14:36:56.425+0000] {dag.py:3947} INFO - Setting next_dagrun for example_sensors to None, run_after=None
[2026-05-19T14:36:56.441+0000] {processor.py:183} INFO - Processing /home/airflow/.local/lib/python3.12/site-packages/airflow/example_dags/example_sensors.py took 0.060 seconds
[2026-05-19T14:37:26.638+0000] {processor.py:161} INFO - Started process (PID=202) to work on /home/airflow/.local/lib/python3.12/site-packages/airflow/example_dags/example_sensors.py
[2026-05-19T14:37:26.639+0000] {processor.py:830} INFO - Processing file /home/airflow/.local/lib/python3.12/site-packages/airflow/example_dags/example_sensors.py for tasks to queue
[2026-05-19T14:37:26.640+0000] {logging_mixin.py:188} INFO - [2026-05-19T14:37:26.640+0000] {dagbag.py:545} INFO - Filling up the DagBag from /home/airflow/.local/lib/python3.12/site-packages/airflow/example_dags/example_sensors.py
[2026-05-19T14:37:26.647+0000] {processor.py:840} INFO - DAG(s) 'example_sensors' retrieved from /home/airflow/.local/lib/python3.12/site-packages/airflow/example_dags/example_sensors.py
[2026-05-19T14:37:26.668+0000] {logging_mixin.py:188} INFO - [2026-05-19T14:37:26.668+0000] {dag.py:3089} INFO - Sync 1 DAGs
[2026-05-19T14:37:26.679+0000] {logging_mixin.py:188} INFO - [2026-05-19T14:37:26.679+0000] {dag.py:3947} INFO - Setting next_dagrun for example_sensors to None, run_after=None
[2026-05-19T14:37:26.697+0000] {processor.py:183} INFO - Processing /home/airflow/.local/lib/python3.12/site-packages/airflow/example_dags/example_sensors.py took 0.064 seconds
[2026-05-19T14:37:57.037+0000] {processor.py:161} INFO - Started process (PID=260) to work on /home/airflow/.local/lib/python3.12/site-packages/airflow/example_dags/example_sensors.py
[2026-05-19T14:37:57.037+0000] {processor.py:830} INFO - Processing file /home/airflow/.local/lib/python3.12/site-packages/airflow/example_dags/example_sensors.py for tasks to queue
[2026-05-19T14:37:57.039+0000] {logging_mixin.py:188} INFO - [2026-05-19T14:37:57.038+0000] {dagbag.py:545} INFO - Filling up the DagBag from /home/airflow/.local/lib/python3.12/site-packages/airflow/example_dags/example_sensors.py
[2026-05-19T14:37:57.046+0000] {processor.py:840} INFO - DAG(s) 'example_sensors' retrieved from /home/airflow/.local/lib/python3.12/site-packages/airflow/example_dags/example_sensors.py
[2026-05-19T14:37:57.066+0000] {logging_mixin.py:188} INFO - [2026-05-19T14:37:57.066+0000] {dag.py:3089} INFO - Sync 1 DAGs
[2026-05-19T14:37:57.076+0000] {logging_mixin.py:188} INFO - [2026-05-19T14:37:57.075+0000] {dag.py:3947} INFO - Setting next_dagrun for example_sensors to None, run_after=None
[2026-05-19T14:37:57.090+0000] {processor.py:183} INFO - Processing /home/airflow/.local/lib/python3.12/site-packages/airflow/example_dags/example_sensors.py took 0.058 seconds
[2026-05-19T14:38:27.344+0000] {processor.py:161} INFO - Started process (PID=318) to work on /home/airflow/.local/lib/python3.12/site-packages/airflow/example_dags/example_sensors.py
[2026-05-19T14:38:27.345+0000] {processor.py:830} INFO - Processing file /home/airflow/.local/lib/python3.12/site-packages/airflow/example_dags/example_sensors.py for tasks to queue
[2026-05-19T14:38:27.347+0000] {logging_mixin.py:188} INFO - [2026-05-19T14:38:27.346+0000] {dagbag.py:545} INFO - Filling up the DagBag from /home/airflow/.local/lib/python3.12/site-packages/airflow/example_dags/example_sensors.py
[2026-05-19T14:38:27.354+0000] {processor.py:840} INFO - DAG(s) 'example_sensors' retrieved from /home/airflow/.local/lib/python3.12/site-packages/airflow/example_dags/example_sensors.py
[2026-05-19T14:38:27.374+0000] {logging_mixin.py:188} INFO - [2026-05-19T14:38:27.374+0000] {dag.py:3089} INFO - Sync 1 DAGs
[2026-05-19T14:38:27.385+0000] {logging_mixin.py:188} INFO - [2026-05-19T14:38:27.384+0000] {dag.py:3947} INFO - Setting next_dagrun for example_sensors to None, run_after=None
[2026-05-19T14:38:27.399+0000] {processor.py:183} INFO - Processing /home/airflow/.local/lib/python3.12/site-packages/airflow/example_dags/example_sensors.py took 0.060 seconds
[2026-05-19T14:38:57.645+0000] {processor.py:161} INFO - Started process (PID=376) to work on /home/airflow/.local/lib/python3.12/site-packages/airflow/example_dags/example_sensors.py
[2026-05-19T14:38:57.646+0000] {processor.py:830} INFO - Processing file /home/airflow/.local/lib/python3.12/site-packages/airflow/example_dags/example_sensors.py for tasks to queue
[2026-05-19T14:38:57.647+0000] {logging_mixin.py:188} INFO - [2026-05-19T14:38:57.647+0000] {dagbag.py:545} INFO - Filling up the DagBag from /home/airflow/.local/lib/python3.12/site-packages/airflow/example_dags/example_sensors.py
[2026-05-19T14:38:57.654+0000] {processor.py:840} INFO - DAG(s) 'example_sensors' retrieved from /home/airflow/.local/lib/python3.12/site-packages/airflow/example_dags/example_sensors.py
[2026-05-19T14:38:57.676+0000] {logging_mixin.py:188} INFO - [2026-05-19T14:38:57.675+0000] {dag.py:3089} INFO - Sync 1 DAGs
[2026-05-19T14:38:57.686+0000] {logging_mixin.py:188} INFO - [2026-05-19T14:38:57.686+0000] {dag.py:3947} INFO - Setting next_dagrun for example_sensors to None, run_after=None
[2026-05-19T14:38:57.701+0000] {processor.py:183} INFO - Processing /home/airflow/.local/lib/python3.12/site-packages/airflow/example_dags/example_sensors.py took 0.060 seconds
[2026-05-19T14:39:28.073+0000] {processor.py:161} INFO - Started process (PID=434) to work on /home/airflow/.local/lib/python3.12/site-packages/airflow/example_dags/example_sensors.py
[2026-05-19T14:39:28.075+0000] {processor.py:830} INFO - Processing file /home/airflow/.local/lib/python3.12/site-packages/airflow/example_dags/example_sensors.py for tasks to queue
[2026-05-19T14:39:28.077+0000] {logging_mixin.py:188} INFO - [2026-05-19T14:39:28.077+0000] {dagbag.py:545} INFO - Filling up the DagBag from /home/airflow/.local/lib/python3.12/site-packages/airflow/example_dags/example_sensors.py
[2026-05-19T14:39:28.085+0000] {processor.py:840} INFO - DAG(s) 'example_sensors' retrieved from /home/airflow/.local/lib/python3.12/site-packages/airflow/example_dags/example_sensors.py
[2026-05-19T14:39:28.106+0000] {logging_mixin.py:188} INFO - [2026-05-19T14:39:28.106+0000] {dag.py:3089} INFO - Sync 1 DAGs
[2026-05-19T14:39:28.117+0000] {logging_mixin.py:188} INFO - [2026-05-19T14:39:28.116+0000] {dag.py:3947} INFO - Setting next_dagrun for example_sensors to None, run_after=None
[2026-05-19T14:39:28.131+0000] {processor.py:183} INFO - Processing /home/airflow/.local/lib/python3.12/site-packages/airflow/example_dags/example_sensors.py took 0.062 seconds
[2026-05-19T14:39:58.706+0000] {processor.py:161} INFO - Started process (PID=491) to work on /home/airflow/.local/lib/python3.12/site-packages/airflow/example_dags/example_sensors.py
[2026-05-19T14:39:58.706+0000] {processor.py:830} INFO - Processing file /home/airflow/.local/lib/python3.12/site-packages/airflow/example_dags/example_sensors.py for tasks to queue
[2026-05-19T14:39:58.708+0000] {logging_mixin.py:188} INFO - [2026-05-19T14:39:58.707+0000] {dagbag.py:545} INFO - Filling up the DagBag from /home/airflow/.local/lib/python3.12/site-packages/airflow/example_dags/example_sensors.py
[2026-05-19T14:39:58.715+0000] {processor.py:840} INFO - DAG(s) 'example_sensors' retrieved from /home/airflow/.local/lib/python3.12/site-packages/airflow/example_dags/example_sensors.py
[2026-05-19T14:39:58.735+0000] {logging_mixin.py:188} INFO - [2026-05-19T14:39:58.735+0000] {dag.py:3089} INFO - Sync 1 DAGs
[2026-05-19T14:39:58.746+0000] {logging_mixin.py:188} INFO - [2026-05-19T14:39:58.745+0000] {dag.py:3947} INFO - Setting next_dagrun for example_sensors to None, run_after=None
[2026-05-19T14:39:58.760+0000] {processor.py:183} INFO - Processing /home/airflow/.local/lib/python3.12/site-packages/airflow/example_dags/example_sensors.py took 0.059 seconds
[2026-05-19T14:40:29.075+0000] {processor.py:161} INFO - Started process (PID=549) to work on /home/airflow/.local/lib/python3.12/site-packages/airflow/example_dags/example_sensors.py
[2026-05-19T14:40:29.076+0000] {processor.py:830} INFO - Processing file /home/airflow/.local/lib/python3.12/site-packages/airflow/example_dags/example_sensors.py for tasks to queue
[2026-05-19T14:40:29.077+0000] {logging_mixin.py:188} INFO - [2026-05-19T14:40:29.077+0000] {dagbag.py:545} INFO - Filling up the DagBag from /home/airflow/.local/lib/python3.12/site-packages/airflow/example_dags/example_sensors.py
[2026-05-19T14:40:29.084+0000] {processor.py:840} INFO - DAG(s) 'example_sensors' retrieved from /home/airflow/.local/lib/python3.12/site-packages/airflow/example_dags/example_sensors.py
[2026-05-19T14:40:29.107+0000] {logging_mixin.py:188} INFO - [2026-05-19T14:40:29.107+0000] {dag.py:3089} INFO - Sync 1 DAGs
[2026-05-19T14:40:29.118+0000] {logging_mixin.py:188} INFO - [2026-05-19T14:40:29.117+0000] {dag.py:3947} INFO - Setting next_dagrun for example_sensors to None, run_after=None
[2026-05-19T14:40:29.135+0000] {processor.py:183} INFO - Processing /home/airflow/.local/lib/python3.12/site-packages/airflow/example_dags/example_sensors.py took 0.065 seconds
[2026-05-19T14:40:59.391+0000] {processor.py:161} INFO - Started process (PID=608) to work on /home/airflow/.local/lib/python3.12/site-packages/airflow/example_dags/example_sensors.py
[2026-05-19T14:40:59.392+0000] {processor.py:830} INFO - Processing file /home/airflow/.local/lib/python3.12/site-packages/airflow/example_dags/example_sensors.py for tasks to queue
[2026-05-19T14:40:59.393+0000] {logging_mixin.py:188} INFO - [2026-05-19T14:40:59.393+0000] {dagbag.py:545} INFO - Filling up the DagBag from /home/airflow/.local/lib/python3.12/site-packages/airflow/example_dags/example_sensors.py
[2026-05-19T14:40:59.400+0000] {processor.py:840} INFO - DAG(s) 'example_sensors' retrieved from /home/airflow/.local/lib/python3.12/site-packages/airflow/example_dags/example_sensors.py
[2026-05-19T14:40:59.420+0000] {logging_mixin.py:188} INFO - [2026-05-19T14:40:59.420+0000] {dag.py:3089} INFO - Sync 1 DAGs
[2026-05-19T14:40:59.431+0000] {logging_mixin.py:188} INFO - [2026-05-19T14:40:59.430+0000] {dag.py:3947} INFO - Setting next_dagrun for example_sensors to None, run_after=None
[2026-05-19T14:40:59.452+0000] {processor.py:183} INFO - Processing /home/airflow/.local/lib/python3.12/site-packages/airflow/example_dags/example_sensors.py took 0.065 seconds
[2026-05-19T14:41:29.575+0000] {processor.py:161} INFO - Started process (PID=666) to work on /home/airflow/.local/lib/python3.12/site-packages/airflow/example_dags/example_sensors.py
[2026-05-19T14:41:29.576+0000] {processor.py:830} INFO - Processing file /home/airflow/.local/lib/python3.12/site-packages/airflow/example_dags/example_sensors.py for tasks to queue
[2026-05-19T14:41:29.578+0000] {logging_mixin.py:188} INFO - [2026-05-19T14:41:29.577+0000] {dagbag.py:545} INFO - Filling up the DagBag from /home/airflow/.local/lib/python3.12/site-packages/airflow/example_dags/example_sensors.py
[2026-05-19T14:41:29.586+0000] {processor.py:840} INFO - DAG(s) 'example_sensors' retrieved from /home/airflow/.local/lib/python3.12/site-packages/airflow/example_dags/example_sensors.py
[2026-05-19T14:41:29.613+0000] {logging_mixin.py:188} INFO - [2026-05-19T14:41:29.613+0000] {dag.py:3089} INFO - Sync 1 DAGs
[2026-05-19T14:41:29.625+0000] {logging_mixin.py:188} INFO - [2026-05-19T14:41:29.625+0000] {dag.py:3947} INFO - Setting next_dagrun for example_sensors to None, run_after=None
[2026-05-19T14:41:29.654+0000] {processor.py:183} INFO - Processing /home/airflow/.local/lib/python3.12/site-packages/airflow/example_dags/example_sensors.py took 0.084 seconds
[2026-05-19T14:42:00.234+0000] {processor.py:161} INFO - Started process (PID=723) to work on /home/airflow/.local/lib/python3.12/site-packages/airflow/example_dags/example_sensors.py
[2026-05-19T14:42:00.235+0000] {processor.py:830} INFO - Processing file /home/airflow/.local/lib/python3.12/site-packages/airflow/example_dags/example_sensors.py for tasks to queue
[2026-05-19T14:42:00.236+0000] {logging_mixin.py:188} INFO - [2026-05-19T14:42:00.236+0000] {dagbag.py:545} INFO - Filling up the DagBag from /home/airflow/.local/lib/python3.12/site-packages/airflow/example_dags/example_sensors.py
[2026-05-19T14:42:00.244+0000] {processor.py:840} INFO - DAG(s) 'example_sensors' retrieved from /home/airflow/.local/lib/python3.12/site-packages/airflow/example_dags/example_sensors.py
[2026-05-19T14:42:00.266+0000] {logging_mixin.py:188} INFO - [2026-05-19T14:42:00.266+0000] {dag.py:3089} INFO - Sync 1 DAGs
[2026-05-19T14:42:00.281+0000] {logging_mixin.py:188} INFO - [2026-05-19T14:42:00.280+0000] {dag.py:3947} INFO - Setting next_dagrun for example_sensors to None, run_after=None
[2026-05-19T14:42:00.302+0000] {processor.py:183} INFO - Processing /home/airflow/.local/lib/python3.12/site-packages/airflow/example_dags/example_sensors.py took 0.073 seconds
[2026-05-19T14:42:31.088+0000] {processor.py:161} INFO - Started process (PID=781) to work on /home/airflow/.local/lib/python3.12/site-packages/airflow/example_dags/example_sensors.py
[2026-05-19T14:42:31.089+0000] {processor.py:830} INFO - Processing file /home/airflow/.local/lib/python3.12/site-packages/airflow/example_dags/example_sensors.py for tasks to queue
[2026-05-19T14:42:31.090+0000] {logging_mixin.py:188} INFO - [2026-05-19T14:42:31.090+0000] {dagbag.py:545} INFO - Filling up the DagBag from /home/airflow/.local/lib/python3.12/site-packages/airflow/example_dags/example_sensors.py
[2026-05-19T14:42:31.098+0000] {processor.py:840} INFO - DAG(s) 'example_sensors' retrieved from /home/airflow/.local/lib/python3.12/site-packages/airflow/example_dags/example_sensors.py
[2026-05-19T14:42:31.122+0000] {logging_mixin.py:188} INFO - [2026-05-19T14:42:31.122+0000] {dag.py:3089} INFO - Sync 1 DAGs
[2026-05-19T14:42:31.133+0000] {logging_mixin.py:188} INFO - [2026-05-19T14:42:31.133+0000] {dag.py:3947} INFO - Setting next_dagrun for example_sensors to None, run_after=None
[2026-05-19T14:42:31.149+0000] {processor.py:183} INFO - Processing /home/airflow/.local/lib/python3.12/site-packages/airflow/example_dags/example_sensors.py took 0.066 seconds
[2026-05-19T14:43:01.698+0000] {processor.py:161} INFO - Started process (PID=839) to work on /home/airflow/.local/lib/python3.12/site-packages/airflow/example_dags/example_sensors.py
[2026-05-19T14:43:01.699+0000] {processor.py:830} INFO - Processing file /home/airflow/.local/lib/python3.12/site-packages/airflow/example_dags/example_sensors.py for tasks to queue
[2026-05-19T14:43:01.701+0000] {logging_mixin.py:188} INFO - [2026-05-19T14:43:01.701+0000] {dagbag.py:545} INFO - Filling up the DagBag from /home/airflow/.local/lib/python3.12/site-packages/airflow/example_dags/example_sensors.py
[2026-05-19T14:43:01.709+0000] {processor.py:840} INFO - DAG(s) 'example_sensors' retrieved from /home/airflow/.local/lib/python3.12/site-packages/airflow/example_dags/example_sensors.py
[2026-05-19T14:43:01.731+0000] {logging_mixin.py:188} INFO - [2026-05-19T14:43:01.731+0000] {dag.py:3089} INFO - Sync 1 DAGs
[2026-05-19T14:43:01.742+0000] {logging_mixin.py:188} INFO - [2026-05-19T14:43:01.742+0000] {dag.py:3947} INFO - Setting next_dagrun for example_sensors to None, run_after=None
[2026-05-19T14:43:01.758+0000] {processor.py:183} INFO - Processing /home/airflow/.local/lib/python3.12/site-packages/airflow/example_dags/example_sensors.py took 0.065 seconds
[2026-05-19T14:43:32.334+0000] {processor.py:161} INFO - Started process (PID=897) to work on /home/airflow/.local/lib/python3.12/site-packages/airflow/example_dags/example_sensors.py
[2026-05-19T14:43:32.335+0000] {processor.py:830} INFO - Processing file /home/airflow/.local/lib/python3.12/site-packages/airflow/example_dags/example_sensors.py for tasks to queue
[2026-05-19T14:43:32.336+0000] {logging_mixin.py:188} INFO - [2026-05-19T14:43:32.336+0000] {dagbag.py:545} INFO - Filling up the DagBag from /home/airflow/.local/lib/python3.12/site-packages/airflow/example_dags/example_sensors.py
[2026-05-19T14:43:32.343+0000] {processor.py:840} INFO - DAG(s) 'example_sensors' retrieved from /home/airflow/.local/lib/python3.12/site-packages/airflow/example_dags/example_sensors.py
[2026-05-19T14:43:32.365+0000] {logging_mixin.py:188} INFO - [2026-05-19T14:43:32.365+0000] {dag.py:3089} INFO - Sync 1 DAGs
[2026-05-19T14:43:32.375+0000] {logging_mixin.py:188} INFO - [2026-05-19T14:43:32.375+0000] {dag.py:3947} INFO - Setting next_dagrun for example_sensors to None, run_after=None
[2026-05-19T14:43:32.390+0000] {processor.py:183} INFO - Processing /home/airflow/.local/lib/python3.12/site-packages/airflow/example_dags/example_sensors.py took 0.060 seconds
[2026-05-19T14:44:02.983+0000] {processor.py:161} INFO - Started process (PID=955) to work on /home/airflow/.local/lib/python3.12/site-packages/airflow/example_dags/example_sensors.py
[2026-05-19T14:44:02.983+0000] {processor.py:830} INFO - Processing file /home/airflow/.local/lib/python3.12/site-packages/airflow/example_dags/example_sensors.py for tasks to queue
[2026-05-19T14:44:02.985+0000] {logging_mixin.py:188} INFO - [2026-05-19T14:44:02.984+0000] {dagbag.py:545} INFO - Filling up the DagBag from /home/airflow/.local/lib/python3.12/site-packages/airflow/example_dags/example_sensors.py
[2026-05-19T14:44:02.992+0000] {processor.py:840} INFO - DAG(s) 'example_sensors' retrieved from /home/airflow/.local/lib/python3.12/site-packages/airflow/example_dags/example_sensors.py
[2026-05-19T14:44:03.013+0000] {logging_mixin.py:188} INFO - [2026-05-19T14:44:03.013+0000] {dag.py:3089} INFO - Sync 1 DAGs
[2026-05-19T14:44:03.023+0000] {logging_mixin.py:188} INFO - [2026-05-19T14:44:03.023+0000] {dag.py:3947} INFO - Setting next_dagrun for example_sensors to None, run_after=None
[2026-05-19T14:44:03.039+0000] {processor.py:183} INFO - Processing /home/airflow/.local/lib/python3.12/site-packages/airflow/example_dags/example_sensors.py took 0.061 seconds
[2026-05-19T14:44:33.347+0000] {processor.py:161} INFO - Started process (PID=1013) to work on /home/airflow/.local/lib/python3.12/site-packages/airflow/example_dags/example_sensors.py
[2026-05-19T14:44:33.348+0000] {processor.py:830} INFO - Processing file /home/airflow/.local/lib/python3.12/site-packages/airflow/example_dags/example_sensors.py for tasks to queue
[2026-05-19T14:44:33.349+0000] {logging_mixin.py:188} INFO - [2026-05-19T14:44:33.349+0000] {dagbag.py:545} INFO - Filling up the DagBag from /home/airflow/.local/lib/python3.12/site-packages/airflow/example_dags/example_sensors.py
[2026-05-19T14:44:33.357+0000] {processor.py:840} INFO - DAG(s) 'example_sensors' retrieved from /home/airflow/.local/lib/python3.12/site-packages/airflow/example_dags/example_sensors.py
[2026-05-19T14:44:33.378+0000] {logging_mixin.py:188} INFO - [2026-05-19T14:44:33.378+0000] {dag.py:3089} INFO - Sync 1 DAGs
[2026-05-19T14:44:33.388+0000] {logging_mixin.py:188} INFO - [2026-05-19T14:44:33.388+0000] {dag.py:3947} INFO - Setting next_dagrun for example_sensors to None, run_after=None
[2026-05-19T14:44:33.403+0000] {processor.py:183} INFO - Processing /home/airflow/.local/lib/python3.12/site-packages/airflow/example_dags/example_sensors.py took 0.061 seconds
[2026-05-19T14:45:03.911+0000] {processor.py:161} INFO - Started process (PID=1071) to work on /home/airflow/.local/lib/python3.12/site-packages/airflow/example_dags/example_sensors.py
[2026-05-19T14:45:03.912+0000] {processor.py:830} INFO - Processing file /home/airflow/.local/lib/python3.12/site-packages/airflow/example_dags/example_sensors.py for tasks to queue
[2026-05-19T14:45:03.913+0000] {logging_mixin.py:188} INFO - [2026-05-19T14:45:03.913+0000] {dagbag.py:545} INFO - Filling up the DagBag from /home/airflow/.local/lib/python3.12/site-packages/airflow/example_dags/example_sensors.py
[2026-05-19T14:45:03.921+0000] {processor.py:840} INFO - DAG(s) 'example_sensors' retrieved from /home/airflow/.local/lib/python3.12/site-packages/airflow/example_dags/example_sensors.py
[2026-05-19T14:45:03.943+0000] {logging_mixin.py:188} INFO - [2026-05-19T14:45:03.943+0000] {dag.py:3089} INFO - Sync 1 DAGs
[2026-05-19T14:45:03.962+0000] {logging_mixin.py:188} INFO - [2026-05-19T14:45:03.961+0000] {dag.py:3947} INFO - Setting next_dagrun for example_sensors to None, run_after=None
[2026-05-19T14:45:03.984+0000] {processor.py:183} INFO - Processing /home/airflow/.local/lib/python3.12/site-packages/airflow/example_dags/example_sensors.py took 0.079 seconds
[2026-05-19T14:45:34.511+0000] {processor.py:161} INFO - Started process (PID=1129) to work on /home/airflow/.local/lib/python3.12/site-packages/airflow/example_dags/example_sensors.py
[2026-05-19T14:45:34.513+0000] {processor.py:830} INFO - Processing file /home/airflow/.local/lib/python3.12/site-packages/airflow/example_dags/example_sensors.py for tasks to queue
[2026-05-19T14:45:34.515+0000] {logging_mixin.py:188} INFO - [2026-05-19T14:45:34.515+0000] {dagbag.py:545} INFO - Filling up the DagBag from /home/airflow/.local/lib/python3.12/site-packages/airflow/example_dags/example_sensors.py
[2026-05-19T14:45:34.522+0000] {processor.py:840} INFO - DAG(s) 'example_sensors' retrieved from /home/airflow/.local/lib/python3.12/site-packages/airflow/example_dags/example_sensors.py
[2026-05-19T14:45:34.544+0000] {logging_mixin.py:188} INFO - [2026-05-19T14:45:34.543+0000] {dag.py:3089} INFO - Sync 1 DAGs
[2026-05-19T14:45:34.554+0000] {logging_mixin.py:188} INFO - [2026-05-19T14:45:34.554+0000] {dag.py:3947} INFO - Setting next_dagrun for example_sensors to None, run_after=None
[2026-05-19T14:45:34.569+0000] {processor.py:183} INFO - Processing /home/airflow/.local/lib/python3.12/site-packages/airflow/example_dags/example_sensors.py took 0.062 seconds
[2026-05-19T14:46:04.597+0000] {processor.py:161} INFO - Started process (PID=1187) to work on /home/airflow/.local/lib/python3.12/site-packages/airflow/example_dags/example_sensors.py
[2026-05-19T14:46:04.597+0000] {processor.py:830} INFO - Processing file /home/airflow/.local/lib/python3.12/site-packages/airflow/example_dags/example_sensors.py for tasks to queue
[2026-05-19T14:46:04.599+0000] {logging_mixin.py:188} INFO - [2026-05-19T14:46:04.598+0000] {dagbag.py:545} INFO - Filling up the DagBag from /home/airflow/.local/lib/python3.12/site-packages/airflow/example_dags/example_sensors.py
[2026-05-19T14:46:04.606+0000] {processor.py:840} INFO - DAG(s) 'example_sensors' retrieved from /home/airflow/.local/lib/python3.12/site-packages/airflow/example_dags/example_sensors.py
[2026-05-19T14:46:04.627+0000] {logging_mixin.py:188} INFO - [2026-05-19T14:46:04.627+0000] {dag.py:3089} INFO - Sync 1 DAGs
[2026-05-19T14:46:04.637+0000] {logging_mixin.py:188} INFO - [2026-05-19T14:46:04.637+0000] {dag.py:3947} INFO - Setting next_dagrun for example_sensors to None, run_after=None
[2026-05-19T14:46:04.655+0000] {processor.py:183} INFO - Processing /home/airflow/.local/lib/python3.12/site-packages/airflow/example_dags/example_sensors.py took 0.063 seconds
[2026-05-19T14:46:35.364+0000] {processor.py:161} INFO - Started process (PID=1245) to work on /home/airflow/.local/lib/python3.12/site-packages/airflow/example_dags/example_sensors.py
[2026-05-19T14:46:35.365+0000] {processor.py:830} INFO - Processing file /home/airflow/.local/lib/python3.12/site-packages/airflow/example_dags/example_sensors.py for tasks to queue
[2026-05-19T14:46:35.366+0000] {logging_mixin.py:188} INFO - [2026-05-19T14:46:35.366+0000] {dagbag.py:545} INFO - Filling up the DagBag from /home/airflow/.local/lib/python3.12/site-packages/airflow/example_dags/example_sensors.py
[2026-05-19T14:46:35.374+0000] {processor.py:840} INFO - DAG(s) 'example_sensors' retrieved from /home/airflow/.local/lib/python3.12/site-packages/airflow/example_dags/example_sensors.py
[2026-05-19T14:46:35.396+0000] {logging_mixin.py:188} INFO - [2026-05-19T14:46:35.396+0000] {dag.py:3089} INFO - Sync 1 DAGs
[2026-05-19T14:46:35.407+0000] {logging_mixin.py:188} INFO - [2026-05-19T14:46:35.407+0000] {dag.py:3947} INFO - Setting next_dagrun for example_sensors to None, run_after=None
[2026-05-19T14:46:35.428+0000] {processor.py:183} INFO - Processing /home/airflow/.local/lib/python3.12/site-packages/airflow/example_dags/example_sensors.py took 0.069 seconds
[2026-05-19T14:47:05.536+0000] {processor.py:161} INFO - Started process (PID=1303) to work on /home/airflow/.local/lib/python3.12/site-packages/airflow/example_dags/example_sensors.py
[2026-05-19T14:47:05.536+0000] {processor.py:830} INFO - Processing file /home/airflow/.local/lib/python3.12/site-packages/airflow/example_dags/example_sensors.py for tasks to queue
[2026-05-19T14:47:05.537+0000] {logging_mixin.py:188} INFO - [2026-05-19T14:47:05.537+0000] {dagbag.py:545} INFO - Filling up the DagBag from /home/airflow/.local/lib/python3.12/site-packages/airflow/example_dags/example_sensors.py
[2026-05-19T14:47:05.545+0000] {processor.py:840} INFO - DAG(s) 'example_sensors' retrieved from /home/airflow/.local/lib/python3.12/site-packages/airflow/example_dags/example_sensors.py
[2026-05-19T14:47:05.566+0000] {logging_mixin.py:188} INFO - [2026-05-19T14:47:05.566+0000] {dag.py:3089} INFO - Sync 1 DAGs
[2026-05-19T14:47:05.578+0000] {logging_mixin.py:188} INFO - [2026-05-19T14:47:05.577+0000] {dag.py:3947} INFO - Setting next_dagrun for example_sensors to None, run_after=None
[2026-05-19T14:47:05.607+0000] {processor.py:183} INFO - Processing /home/airflow/.local/lib/python3.12/site-packages/airflow/example_dags/example_sensors.py took 0.076 seconds
[2026-05-19T14:47:35.823+0000] {processor.py:161} INFO - Started process (PID=1361) to work on /home/airflow/.local/lib/python3.12/site-packages/airflow/example_dags/example_sensors.py
[2026-05-19T14:47:35.824+0000] {processor.py:830} INFO - Processing file /home/airflow/.local/lib/python3.12/site-packages/airflow/example_dags/example_sensors.py for tasks to queue
[2026-05-19T14:47:35.825+0000] {logging_mixin.py:188} INFO - [2026-05-19T14:47:35.825+0000] {dagbag.py:545} INFO - Filling up the DagBag from /home/airflow/.local/lib/python3.12/site-packages/airflow/example_dags/example_sensors.py
[2026-05-19T14:47:35.832+0000] {processor.py:840} INFO - DAG(s) 'example_sensors' retrieved from /home/airflow/.local/lib/python3.12/site-packages/airflow/example_dags/example_sensors.py
[2026-05-19T14:47:35.853+0000] {logging_mixin.py:188} INFO - [2026-05-19T14:47:35.853+0000] {dag.py:3089} INFO - Sync 1 DAGs
[2026-05-19T14:47:35.863+0000] {logging_mixin.py:188} INFO - [2026-05-19T14:47:35.863+0000] {dag.py:3947} INFO - Setting next_dagrun for example_sensors to None, run_after=None
[2026-05-19T14:47:35.879+0000] {processor.py:183} INFO - Processing /home/airflow/.local/lib/python3.12/site-packages/airflow/example_dags/example_sensors.py took 0.060 seconds
[2026-05-19T14:48:13.535+0000] {processor.py:161} INFO - Started process (PID=1419) to work on /home/airflow/.local/lib/python3.12/site-packages/airflow/example_dags/example_sensors.py
[2026-05-19T14:48:13.536+0000] {processor.py:830} INFO - Processing file /home/airflow/.local/lib/python3.12/site-packages/airflow/example_dags/example_sensors.py for tasks to queue
[2026-05-19T14:48:13.538+0000] {logging_mixin.py:188} INFO - [2026-05-19T14:48:13.537+0000] {dagbag.py:545} INFO - Filling up the DagBag from /home/airflow/.local/lib/python3.12/site-packages/airflow/example_dags/example_sensors.py
[2026-05-19T14:48:13.545+0000] {processor.py:840} INFO - DAG(s) 'example_sensors' retrieved from /home/airflow/.local/lib/python3.12/site-packages/airflow/example_dags/example_sensors.py
[2026-05-19T14:48:13.568+0000] {logging_mixin.py:188} INFO - [2026-05-19T14:48:13.568+0000] {dag.py:3089} INFO - Sync 1 DAGs
[2026-05-19T14:48:13.581+0000] {logging_mixin.py:188} INFO - [2026-05-19T14:48:13.580+0000] {dag.py:3947} INFO - Setting next_dagrun for example_sensors to None, run_after=None
[2026-05-19T14:48:13.599+0000] {processor.py:183} INFO - Processing /home/airflow/.local/lib/python3.12/site-packages/airflow/example_dags/example_sensors.py took 0.069 seconds
[2026-05-19T14:48:44.066+0000] {processor.py:161} INFO - Started process (PID=1477) to work on /home/airflow/.local/lib/python3.12/site-packages/airflow/example_dags/example_sensors.py
[2026-05-19T14:48:44.067+0000] {processor.py:830} INFO - Processing file /home/airflow/.local/lib/python3.12/site-packages/airflow/example_dags/example_sensors.py for tasks to queue
[2026-05-19T14:48:44.068+0000] {logging_mixin.py:188} INFO - [2026-05-19T14:48:44.068+0000] {dagbag.py:545} INFO - Filling up the DagBag from /home/airflow/.local/lib/python3.12/site-packages/airflow/example_dags/example_sensors.py
[2026-05-19T14:48:44.076+0000] {processor.py:840} INFO - DAG(s) 'example_sensors' retrieved from /home/airflow/.local/lib/python3.12/site-packages/airflow/example_dags/example_sensors.py
[2026-05-19T14:48:44.098+0000] {logging_mixin.py:188} INFO - [2026-05-19T14:48:44.097+0000] {dag.py:3089} INFO - Sync 1 DAGs
[2026-05-19T14:48:44.109+0000] {logging_mixin.py:188} INFO - [2026-05-19T14:48:44.109+0000] {dag.py:3947} INFO - Setting next_dagrun for example_sensors to None, run_after=None
[2026-05-19T14:48:44.127+0000] {processor.py:183} INFO - Processing /home/airflow/.local/lib/python3.12/site-packages/airflow/example_dags/example_sensors.py took 0.066 seconds
[2026-05-19T14:49:14.822+0000] {processor.py:161} INFO - Started process (PID=1533) to work on /home/airflow/.local/lib/python3.12/site-packages/airflow/example_dags/example_sensors.py
[2026-05-19T14:49:14.823+0000] {processor.py:830} INFO - Processing file /home/airflow/.local/lib/python3.12/site-packages/airflow/example_dags/example_sensors.py for tasks to queue
[2026-05-19T14:49:14.825+0000] {logging_mixin.py:188} INFO - [2026-05-19T14:49:14.825+0000] {dagbag.py:545} INFO - Filling up the DagBag from /home/airflow/.local/lib/python3.12/site-packages/airflow/example_dags/example_sensors.py
[2026-05-19T14:49:14.832+0000] {processor.py:840} INFO - DAG(s) 'example_sensors' retrieved from /home/airflow/.local/lib/python3.12/site-packages/airflow/example_dags/example_sensors.py
[2026-05-19T14:49:14.853+0000] {logging_mixin.py:188} INFO - [2026-05-19T14:49:14.853+0000] {dag.py:3089} INFO - Sync 1 DAGs
[2026-05-19T14:49:14.865+0000] {logging_mixin.py:188} INFO - [2026-05-19T14:49:14.864+0000] {dag.py:3947} INFO - Setting next_dagrun for example_sensors to None, run_after=None
[2026-05-19T14:49:14.880+0000] {processor.py:183} INFO - Processing /home/airflow/.local/lib/python3.12/site-packages/airflow/example_dags/example_sensors.py took 0.062 seconds
[2026-05-19T14:49:45.322+0000] {processor.py:161} INFO - Started process (PID=1591) to work on /home/airflow/.local/lib/python3.12/site-packages/airflow/example_dags/example_sensors.py
[2026-05-19T14:49:45.323+0000] {processor.py:830} INFO - Processing file /home/airflow/.local/lib/python3.12/site-packages/airflow/example_dags/example_sensors.py for tasks to queue
[2026-05-19T14:49:45.324+0000] {logging_mixin.py:188} INFO - [2026-05-19T14:49:45.324+0000] {dagbag.py:545} INFO - Filling up the DagBag from /home/airflow/.local/lib/python3.12/site-packages/airflow/example_dags/example_sensors.py
[2026-05-19T14:49:45.332+0000] {processor.py:840} INFO - DAG(s) 'example_sensors' retrieved from /home/airflow/.local/lib/python3.12/site-packages/airflow/example_dags/example_sensors.py
[2026-05-19T14:49:45.354+0000] {logging_mixin.py:188} INFO - [2026-05-19T14:49:45.354+0000] {dag.py:3089} INFO - Sync 1 DAGs
[2026-05-19T14:49:45.366+0000] {logging_mixin.py:188} INFO - [2026-05-19T14:49:45.366+0000] {dag.py:3947} INFO - Setting next_dagrun for example_sensors to None, run_after=None
[2026-05-19T14:49:45.385+0000] {processor.py:183} INFO - Processing /home/airflow/.local/lib/python3.12/site-packages/airflow/example_dags/example_sensors.py took 0.068 seconds
