[2026-05-19T14:36:26.043+0000] {processor.py:161} INFO - Started process (PID=86) to work on /home/airflow/.local/lib/python3.12/site-packages/airflow/example_dags/example_branch_day_of_week_operator.py
[2026-05-19T14:36:26.043+0000] {processor.py:830} INFO - Processing file /home/airflow/.local/lib/python3.12/site-packages/airflow/example_dags/example_branch_day_of_week_operator.py for tasks to queue
[2026-05-19T14:36:26.045+0000] {logging_mixin.py:188} INFO - [2026-05-19T14:36:26.044+0000] {dagbag.py:545} INFO - Filling up the DagBag from /home/airflow/.local/lib/python3.12/site-packages/airflow/example_dags/example_branch_day_of_week_operator.py
[2026-05-19T14:36:26.051+0000] {processor.py:840} INFO - DAG(s) 'example_weekday_branch_operator' retrieved from /home/airflow/.local/lib/python3.12/site-packages/airflow/example_dags/example_branch_day_of_week_operator.py
[2026-05-19T14:36:26.071+0000] {logging_mixin.py:188} INFO - [2026-05-19T14:36:26.071+0000] {dag.py:3089} INFO - Sync 1 DAGs
[2026-05-19T14:36:26.092+0000] {logging_mixin.py:188} INFO - [2026-05-19T14:36:26.092+0000] {dag.py:3947} INFO - Setting next_dagrun for example_weekday_branch_operator to 2026-05-18 00:00:00+00:00, run_after=2026-05-19 00:00:00+00:00
[2026-05-19T14:36:26.108+0000] {processor.py:183} INFO - Processing /home/airflow/.local/lib/python3.12/site-packages/airflow/example_dags/example_branch_day_of_week_operator.py took 0.070 seconds
[2026-05-19T14:36:56.628+0000] {processor.py:161} INFO - Started process (PID=150) to work on /home/airflow/.local/lib/python3.12/site-packages/airflow/example_dags/example_branch_day_of_week_operator.py
[2026-05-19T14:36:56.628+0000] {processor.py:830} INFO - Processing file /home/airflow/.local/lib/python3.12/site-packages/airflow/example_dags/example_branch_day_of_week_operator.py for tasks to queue
[2026-05-19T14:36:56.630+0000] {logging_mixin.py:188} INFO - [2026-05-19T14:36:56.629+0000] {dagbag.py:545} INFO - Filling up the DagBag from /home/airflow/.local/lib/python3.12/site-packages/airflow/example_dags/example_branch_day_of_week_operator.py
[2026-05-19T14:36:56.636+0000] {processor.py:840} INFO - DAG(s) 'example_weekday_branch_operator' retrieved from /home/airflow/.local/lib/python3.12/site-packages/airflow/example_dags/example_branch_day_of_week_operator.py
[2026-05-19T14:36:56.652+0000] {logging_mixin.py:188} INFO - [2026-05-19T14:36:56.652+0000] {dag.py:3089} INFO - Sync 1 DAGs
[2026-05-19T14:36:56.671+0000] {logging_mixin.py:188} INFO - [2026-05-19T14:36:56.671+0000] {dag.py:3947} INFO - Setting next_dagrun for example_weekday_branch_operator to 2026-05-18 00:00:00+00:00, run_after=2026-05-19 00:00:00+00:00
[2026-05-19T14:36:56.686+0000] {processor.py:183} INFO - Processing /home/airflow/.local/lib/python3.12/site-packages/airflow/example_dags/example_branch_day_of_week_operator.py took 0.063 seconds
[2026-05-19T14:37:26.914+0000] {processor.py:161} INFO - Started process (PID=208) to work on /home/airflow/.local/lib/python3.12/site-packages/airflow/example_dags/example_branch_day_of_week_operator.py
[2026-05-19T14:37:26.915+0000] {processor.py:830} INFO - Processing file /home/airflow/.local/lib/python3.12/site-packages/airflow/example_dags/example_branch_day_of_week_operator.py for tasks to queue
[2026-05-19T14:37:26.917+0000] {logging_mixin.py:188} INFO - [2026-05-19T14:37:26.916+0000] {dagbag.py:545} INFO - Filling up the DagBag from /home/airflow/.local/lib/python3.12/site-packages/airflow/example_dags/example_branch_day_of_week_operator.py
[2026-05-19T14:37:26.923+0000] {processor.py:840} INFO - DAG(s) 'example_weekday_branch_operator' retrieved from /home/airflow/.local/lib/python3.12/site-packages/airflow/example_dags/example_branch_day_of_week_operator.py
[2026-05-19T14:37:26.941+0000] {logging_mixin.py:188} INFO - [2026-05-19T14:37:26.941+0000] {dag.py:3089} INFO - Sync 1 DAGs
[2026-05-19T14:37:26.963+0000] {logging_mixin.py:188} INFO - [2026-05-19T14:37:26.962+0000] {dag.py:3947} INFO - Setting next_dagrun for example_weekday_branch_operator to 2026-05-18 00:00:00+00:00, run_after=2026-05-19 00:00:00+00:00
[2026-05-19T14:37:26.980+0000] {processor.py:183} INFO - Processing /home/airflow/.local/lib/python3.12/site-packages/airflow/example_dags/example_branch_day_of_week_operator.py took 0.072 seconds
[2026-05-19T14:37:57.282+0000] {processor.py:161} INFO - Started process (PID=266) to work on /home/airflow/.local/lib/python3.12/site-packages/airflow/example_dags/example_branch_day_of_week_operator.py
[2026-05-19T14:37:57.282+0000] {processor.py:830} INFO - Processing file /home/airflow/.local/lib/python3.12/site-packages/airflow/example_dags/example_branch_day_of_week_operator.py for tasks to queue
[2026-05-19T14:37:57.284+0000] {logging_mixin.py:188} INFO - [2026-05-19T14:37:57.283+0000] {dagbag.py:545} INFO - Filling up the DagBag from /home/airflow/.local/lib/python3.12/site-packages/airflow/example_dags/example_branch_day_of_week_operator.py
[2026-05-19T14:37:57.290+0000] {processor.py:840} INFO - DAG(s) 'example_weekday_branch_operator' retrieved from /home/airflow/.local/lib/python3.12/site-packages/airflow/example_dags/example_branch_day_of_week_operator.py
[2026-05-19T14:37:57.306+0000] {logging_mixin.py:188} INFO - [2026-05-19T14:37:57.306+0000] {dag.py:3089} INFO - Sync 1 DAGs
[2026-05-19T14:37:57.326+0000] {logging_mixin.py:188} INFO - [2026-05-19T14:37:57.326+0000] {dag.py:3947} INFO - Setting next_dagrun for example_weekday_branch_operator to 2026-05-18 00:00:00+00:00, run_after=2026-05-19 00:00:00+00:00
[2026-05-19T14:37:57.341+0000] {processor.py:183} INFO - Processing /home/airflow/.local/lib/python3.12/site-packages/airflow/example_dags/example_branch_day_of_week_operator.py took 0.064 seconds
[2026-05-19T14:38:27.586+0000] {processor.py:161} INFO - Started process (PID=324) to work on /home/airflow/.local/lib/python3.12/site-packages/airflow/example_dags/example_branch_day_of_week_operator.py
[2026-05-19T14:38:27.587+0000] {processor.py:830} INFO - Processing file /home/airflow/.local/lib/python3.12/site-packages/airflow/example_dags/example_branch_day_of_week_operator.py for tasks to queue
[2026-05-19T14:38:27.589+0000] {logging_mixin.py:188} INFO - [2026-05-19T14:38:27.589+0000] {dagbag.py:545} INFO - Filling up the DagBag from /home/airflow/.local/lib/python3.12/site-packages/airflow/example_dags/example_branch_day_of_week_operator.py
[2026-05-19T14:38:27.595+0000] {processor.py:840} INFO - DAG(s) 'example_weekday_branch_operator' retrieved from /home/airflow/.local/lib/python3.12/site-packages/airflow/example_dags/example_branch_day_of_week_operator.py
[2026-05-19T14:38:27.611+0000] {logging_mixin.py:188} INFO - [2026-05-19T14:38:27.611+0000] {dag.py:3089} INFO - Sync 1 DAGs
[2026-05-19T14:38:27.630+0000] {logging_mixin.py:188} INFO - [2026-05-19T14:38:27.630+0000] {dag.py:3947} INFO - Setting next_dagrun for example_weekday_branch_operator to 2026-05-18 00:00:00+00:00, run_after=2026-05-19 00:00:00+00:00
[2026-05-19T14:38:27.644+0000] {processor.py:183} INFO - Processing /home/airflow/.local/lib/python3.12/site-packages/airflow/example_dags/example_branch_day_of_week_operator.py took 0.062 seconds
[2026-05-19T14:38:57.889+0000] {processor.py:161} INFO - Started process (PID=382) to work on /home/airflow/.local/lib/python3.12/site-packages/airflow/example_dags/example_branch_day_of_week_operator.py
[2026-05-19T14:38:57.890+0000] {processor.py:830} INFO - Processing file /home/airflow/.local/lib/python3.12/site-packages/airflow/example_dags/example_branch_day_of_week_operator.py for tasks to queue
[2026-05-19T14:38:57.891+0000] {logging_mixin.py:188} INFO - [2026-05-19T14:38:57.891+0000] {dagbag.py:545} INFO - Filling up the DagBag from /home/airflow/.local/lib/python3.12/site-packages/airflow/example_dags/example_branch_day_of_week_operator.py
[2026-05-19T14:38:57.897+0000] {processor.py:840} INFO - DAG(s) 'example_weekday_branch_operator' retrieved from /home/airflow/.local/lib/python3.12/site-packages/airflow/example_dags/example_branch_day_of_week_operator.py
[2026-05-19T14:38:57.913+0000] {logging_mixin.py:188} INFO - [2026-05-19T14:38:57.913+0000] {dag.py:3089} INFO - Sync 1 DAGs
[2026-05-19T14:38:57.932+0000] {logging_mixin.py:188} INFO - [2026-05-19T14:38:57.932+0000] {dag.py:3947} INFO - Setting next_dagrun for example_weekday_branch_operator to 2026-05-18 00:00:00+00:00, run_after=2026-05-19 00:00:00+00:00
[2026-05-19T14:38:57.947+0000] {processor.py:183} INFO - Processing /home/airflow/.local/lib/python3.12/site-packages/airflow/example_dags/example_branch_day_of_week_operator.py took 0.062 seconds
[2026-05-19T14:39:28.321+0000] {processor.py:161} INFO - Started process (PID=440) to work on /home/airflow/.local/lib/python3.12/site-packages/airflow/example_dags/example_branch_day_of_week_operator.py
[2026-05-19T14:39:28.322+0000] {processor.py:830} INFO - Processing file /home/airflow/.local/lib/python3.12/site-packages/airflow/example_dags/example_branch_day_of_week_operator.py for tasks to queue
[2026-05-19T14:39:28.324+0000] {logging_mixin.py:188} INFO - [2026-05-19T14:39:28.323+0000] {dagbag.py:545} INFO - Filling up the DagBag from /home/airflow/.local/lib/python3.12/site-packages/airflow/example_dags/example_branch_day_of_week_operator.py
[2026-05-19T14:39:28.329+0000] {processor.py:840} INFO - DAG(s) 'example_weekday_branch_operator' retrieved from /home/airflow/.local/lib/python3.12/site-packages/airflow/example_dags/example_branch_day_of_week_operator.py
[2026-05-19T14:39:28.346+0000] {logging_mixin.py:188} INFO - [2026-05-19T14:39:28.346+0000] {dag.py:3089} INFO - Sync 1 DAGs
[2026-05-19T14:39:28.365+0000] {logging_mixin.py:188} INFO - [2026-05-19T14:39:28.365+0000] {dag.py:3947} INFO - Setting next_dagrun for example_weekday_branch_operator to 2026-05-18 00:00:00+00:00, run_after=2026-05-19 00:00:00+00:00
[2026-05-19T14:39:28.380+0000] {processor.py:183} INFO - Processing /home/airflow/.local/lib/python3.12/site-packages/airflow/example_dags/example_branch_day_of_week_operator.py took 0.063 seconds
[2026-05-19T14:39:58.956+0000] {processor.py:161} INFO - Started process (PID=497) to work on /home/airflow/.local/lib/python3.12/site-packages/airflow/example_dags/example_branch_day_of_week_operator.py
[2026-05-19T14:39:58.957+0000] {processor.py:830} INFO - Processing file /home/airflow/.local/lib/python3.12/site-packages/airflow/example_dags/example_branch_day_of_week_operator.py for tasks to queue
[2026-05-19T14:39:58.958+0000] {logging_mixin.py:188} INFO - [2026-05-19T14:39:58.958+0000] {dagbag.py:545} INFO - Filling up the DagBag from /home/airflow/.local/lib/python3.12/site-packages/airflow/example_dags/example_branch_day_of_week_operator.py
[2026-05-19T14:39:58.964+0000] {processor.py:840} INFO - DAG(s) 'example_weekday_branch_operator' retrieved from /home/airflow/.local/lib/python3.12/site-packages/airflow/example_dags/example_branch_day_of_week_operator.py
[2026-05-19T14:39:58.982+0000] {logging_mixin.py:188} INFO - [2026-05-19T14:39:58.982+0000] {dag.py:3089} INFO - Sync 1 DAGs
[2026-05-19T14:39:59.003+0000] {logging_mixin.py:188} INFO - [2026-05-19T14:39:59.002+0000] {dag.py:3947} INFO - Setting next_dagrun for example_weekday_branch_operator to 2026-05-18 00:00:00+00:00, run_after=2026-05-19 00:00:00+00:00
[2026-05-19T14:39:59.021+0000] {processor.py:183} INFO - Processing /home/airflow/.local/lib/python3.12/site-packages/airflow/example_dags/example_branch_day_of_week_operator.py took 0.069 seconds
[2026-05-19T14:40:29.329+0000] {processor.py:161} INFO - Started process (PID=555) to work on /home/airflow/.local/lib/python3.12/site-packages/airflow/example_dags/example_branch_day_of_week_operator.py
[2026-05-19T14:40:29.330+0000] {processor.py:830} INFO - Processing file /home/airflow/.local/lib/python3.12/site-packages/airflow/example_dags/example_branch_day_of_week_operator.py for tasks to queue
[2026-05-19T14:40:29.331+0000] {logging_mixin.py:188} INFO - [2026-05-19T14:40:29.331+0000] {dagbag.py:545} INFO - Filling up the DagBag from /home/airflow/.local/lib/python3.12/site-packages/airflow/example_dags/example_branch_day_of_week_operator.py
[2026-05-19T14:40:29.337+0000] {processor.py:840} INFO - DAG(s) 'example_weekday_branch_operator' retrieved from /home/airflow/.local/lib/python3.12/site-packages/airflow/example_dags/example_branch_day_of_week_operator.py
[2026-05-19T14:40:29.354+0000] {logging_mixin.py:188} INFO - [2026-05-19T14:40:29.353+0000] {dag.py:3089} INFO - Sync 1 DAGs
[2026-05-19T14:40:29.372+0000] {logging_mixin.py:188} INFO - [2026-05-19T14:40:29.372+0000] {dag.py:3947} INFO - Setting next_dagrun for example_weekday_branch_operator to 2026-05-18 00:00:00+00:00, run_after=2026-05-19 00:00:00+00:00
[2026-05-19T14:40:29.387+0000] {processor.py:183} INFO - Processing /home/airflow/.local/lib/python3.12/site-packages/airflow/example_dags/example_branch_day_of_week_operator.py took 0.063 seconds
[2026-05-19T14:40:59.641+0000] {processor.py:161} INFO - Started process (PID=614) to work on /home/airflow/.local/lib/python3.12/site-packages/airflow/example_dags/example_branch_day_of_week_operator.py
[2026-05-19T14:40:59.641+0000] {processor.py:830} INFO - Processing file /home/airflow/.local/lib/python3.12/site-packages/airflow/example_dags/example_branch_day_of_week_operator.py for tasks to queue
[2026-05-19T14:40:59.643+0000] {logging_mixin.py:188} INFO - [2026-05-19T14:40:59.642+0000] {dagbag.py:545} INFO - Filling up the DagBag from /home/airflow/.local/lib/python3.12/site-packages/airflow/example_dags/example_branch_day_of_week_operator.py
[2026-05-19T14:40:59.648+0000] {processor.py:840} INFO - DAG(s) 'example_weekday_branch_operator' retrieved from /home/airflow/.local/lib/python3.12/site-packages/airflow/example_dags/example_branch_day_of_week_operator.py
[2026-05-19T14:40:59.665+0000] {logging_mixin.py:188} INFO - [2026-05-19T14:40:59.665+0000] {dag.py:3089} INFO - Sync 1 DAGs
[2026-05-19T14:40:59.684+0000] {logging_mixin.py:188} INFO - [2026-05-19T14:40:59.684+0000] {dag.py:3947} INFO - Setting next_dagrun for example_weekday_branch_operator to 2026-05-18 00:00:00+00:00, run_after=2026-05-19 00:00:00+00:00
[2026-05-19T14:40:59.699+0000] {processor.py:183} INFO - Processing /home/airflow/.local/lib/python3.12/site-packages/airflow/example_dags/example_branch_day_of_week_operator.py took 0.063 seconds
[2026-05-19T14:41:30.396+0000] {processor.py:161} INFO - Started process (PID=672) to work on /home/airflow/.local/lib/python3.12/site-packages/airflow/example_dags/example_branch_day_of_week_operator.py
[2026-05-19T14:41:30.402+0000] {processor.py:830} INFO - Processing file /home/airflow/.local/lib/python3.12/site-packages/airflow/example_dags/example_branch_day_of_week_operator.py for tasks to queue
[2026-05-19T14:41:30.405+0000] {logging_mixin.py:188} INFO - [2026-05-19T14:41:30.404+0000] {dagbag.py:545} INFO - Filling up the DagBag from /home/airflow/.local/lib/python3.12/site-packages/airflow/example_dags/example_branch_day_of_week_operator.py
[2026-05-19T14:41:30.415+0000] {processor.py:840} INFO - DAG(s) 'example_weekday_branch_operator' retrieved from /home/airflow/.local/lib/python3.12/site-packages/airflow/example_dags/example_branch_day_of_week_operator.py
[2026-05-19T14:41:30.436+0000] {logging_mixin.py:188} INFO - [2026-05-19T14:41:30.436+0000] {dag.py:3089} INFO - Sync 1 DAGs
[2026-05-19T14:41:30.460+0000] {logging_mixin.py:188} INFO - [2026-05-19T14:41:30.460+0000] {dag.py:3947} INFO - Setting next_dagrun for example_weekday_branch_operator to 2026-05-18 00:00:00+00:00, run_after=2026-05-19 00:00:00+00:00
[2026-05-19T14:41:30.497+0000] {processor.py:183} INFO - Processing /home/airflow/.local/lib/python3.12/site-packages/airflow/example_dags/example_branch_day_of_week_operator.py took 0.106 seconds
[2026-05-19T14:42:00.789+0000] {processor.py:161} INFO - Started process (PID=729) to work on /home/airflow/.local/lib/python3.12/site-packages/airflow/example_dags/example_branch_day_of_week_operator.py
[2026-05-19T14:42:00.789+0000] {processor.py:830} INFO - Processing file /home/airflow/.local/lib/python3.12/site-packages/airflow/example_dags/example_branch_day_of_week_operator.py for tasks to queue
[2026-05-19T14:42:00.791+0000] {logging_mixin.py:188} INFO - [2026-05-19T14:42:00.790+0000] {dagbag.py:545} INFO - Filling up the DagBag from /home/airflow/.local/lib/python3.12/site-packages/airflow/example_dags/example_branch_day_of_week_operator.py
[2026-05-19T14:42:00.798+0000] {processor.py:840} INFO - DAG(s) 'example_weekday_branch_operator' retrieved from /home/airflow/.local/lib/python3.12/site-packages/airflow/example_dags/example_branch_day_of_week_operator.py
[2026-05-19T14:42:00.816+0000] {logging_mixin.py:188} INFO - [2026-05-19T14:42:00.816+0000] {dag.py:3089} INFO - Sync 1 DAGs
[2026-05-19T14:42:00.837+0000] {logging_mixin.py:188} INFO - [2026-05-19T14:42:00.836+0000] {dag.py:3947} INFO - Setting next_dagrun for example_weekday_branch_operator to 2026-05-18 00:00:00+00:00, run_after=2026-05-19 00:00:00+00:00
[2026-05-19T14:42:00.856+0000] {processor.py:183} INFO - Processing /home/airflow/.local/lib/python3.12/site-packages/airflow/example_dags/example_branch_day_of_week_operator.py took 0.074 seconds
[2026-05-19T14:42:31.342+0000] {processor.py:161} INFO - Started process (PID=787) to work on /home/airflow/.local/lib/python3.12/site-packages/airflow/example_dags/example_branch_day_of_week_operator.py
[2026-05-19T14:42:31.343+0000] {processor.py:830} INFO - Processing file /home/airflow/.local/lib/python3.12/site-packages/airflow/example_dags/example_branch_day_of_week_operator.py for tasks to queue
[2026-05-19T14:42:31.344+0000] {logging_mixin.py:188} INFO - [2026-05-19T14:42:31.344+0000] {dagbag.py:545} INFO - Filling up the DagBag from /home/airflow/.local/lib/python3.12/site-packages/airflow/example_dags/example_branch_day_of_week_operator.py
[2026-05-19T14:42:31.351+0000] {processor.py:840} INFO - DAG(s) 'example_weekday_branch_operator' retrieved from /home/airflow/.local/lib/python3.12/site-packages/airflow/example_dags/example_branch_day_of_week_operator.py
[2026-05-19T14:42:31.367+0000] {logging_mixin.py:188} INFO - [2026-05-19T14:42:31.367+0000] {dag.py:3089} INFO - Sync 1 DAGs
[2026-05-19T14:42:31.387+0000] {logging_mixin.py:188} INFO - [2026-05-19T14:42:31.387+0000] {dag.py:3947} INFO - Setting next_dagrun for example_weekday_branch_operator to 2026-05-18 00:00:00+00:00, run_after=2026-05-19 00:00:00+00:00
[2026-05-19T14:42:31.403+0000] {processor.py:183} INFO - Processing /home/airflow/.local/lib/python3.12/site-packages/airflow/example_dags/example_branch_day_of_week_operator.py took 0.066 seconds
[2026-05-19T14:43:01.961+0000] {processor.py:161} INFO - Started process (PID=845) to work on /home/airflow/.local/lib/python3.12/site-packages/airflow/example_dags/example_branch_day_of_week_operator.py
[2026-05-19T14:43:01.963+0000] {processor.py:830} INFO - Processing file /home/airflow/.local/lib/python3.12/site-packages/airflow/example_dags/example_branch_day_of_week_operator.py for tasks to queue
[2026-05-19T14:43:01.964+0000] {logging_mixin.py:188} INFO - [2026-05-19T14:43:01.964+0000] {dagbag.py:545} INFO - Filling up the DagBag from /home/airflow/.local/lib/python3.12/site-packages/airflow/example_dags/example_branch_day_of_week_operator.py
[2026-05-19T14:43:01.970+0000] {processor.py:840} INFO - DAG(s) 'example_weekday_branch_operator' retrieved from /home/airflow/.local/lib/python3.12/site-packages/airflow/example_dags/example_branch_day_of_week_operator.py
[2026-05-19T14:43:01.988+0000] {logging_mixin.py:188} INFO - [2026-05-19T14:43:01.988+0000] {dag.py:3089} INFO - Sync 1 DAGs
[2026-05-19T14:43:02.010+0000] {logging_mixin.py:188} INFO - [2026-05-19T14:43:02.010+0000] {dag.py:3947} INFO - Setting next_dagrun for example_weekday_branch_operator to 2026-05-18 00:00:00+00:00, run_after=2026-05-19 00:00:00+00:00
[2026-05-19T14:43:02.030+0000] {processor.py:183} INFO - Processing /home/airflow/.local/lib/python3.12/site-packages/airflow/example_dags/example_branch_day_of_week_operator.py took 0.073 seconds
[2026-05-19T14:43:32.577+0000] {processor.py:161} INFO - Started process (PID=903) to work on /home/airflow/.local/lib/python3.12/site-packages/airflow/example_dags/example_branch_day_of_week_operator.py
[2026-05-19T14:43:32.578+0000] {processor.py:830} INFO - Processing file /home/airflow/.local/lib/python3.12/site-packages/airflow/example_dags/example_branch_day_of_week_operator.py for tasks to queue
[2026-05-19T14:43:32.580+0000] {logging_mixin.py:188} INFO - [2026-05-19T14:43:32.579+0000] {dagbag.py:545} INFO - Filling up the DagBag from /home/airflow/.local/lib/python3.12/site-packages/airflow/example_dags/example_branch_day_of_week_operator.py
[2026-05-19T14:43:32.586+0000] {processor.py:840} INFO - DAG(s) 'example_weekday_branch_operator' retrieved from /home/airflow/.local/lib/python3.12/site-packages/airflow/example_dags/example_branch_day_of_week_operator.py
[2026-05-19T14:43:32.602+0000] {logging_mixin.py:188} INFO - [2026-05-19T14:43:32.602+0000] {dag.py:3089} INFO - Sync 1 DAGs
[2026-05-19T14:43:32.621+0000] {logging_mixin.py:188} INFO - [2026-05-19T14:43:32.621+0000] {dag.py:3947} INFO - Setting next_dagrun for example_weekday_branch_operator to 2026-05-18 00:00:00+00:00, run_after=2026-05-19 00:00:00+00:00
[2026-05-19T14:43:32.637+0000] {processor.py:183} INFO - Processing /home/airflow/.local/lib/python3.12/site-packages/airflow/example_dags/example_branch_day_of_week_operator.py took 0.064 seconds
[2026-05-19T14:44:03.238+0000] {processor.py:161} INFO - Started process (PID=961) to work on /home/airflow/.local/lib/python3.12/site-packages/airflow/example_dags/example_branch_day_of_week_operator.py
[2026-05-19T14:44:03.242+0000] {processor.py:830} INFO - Processing file /home/airflow/.local/lib/python3.12/site-packages/airflow/example_dags/example_branch_day_of_week_operator.py for tasks to queue
[2026-05-19T14:44:03.243+0000] {logging_mixin.py:188} INFO - [2026-05-19T14:44:03.243+0000] {dagbag.py:545} INFO - Filling up the DagBag from /home/airflow/.local/lib/python3.12/site-packages/airflow/example_dags/example_branch_day_of_week_operator.py
[2026-05-19T14:44:03.249+0000] {processor.py:840} INFO - DAG(s) 'example_weekday_branch_operator' retrieved from /home/airflow/.local/lib/python3.12/site-packages/airflow/example_dags/example_branch_day_of_week_operator.py
[2026-05-19T14:44:03.266+0000] {logging_mixin.py:188} INFO - [2026-05-19T14:44:03.265+0000] {dag.py:3089} INFO - Sync 1 DAGs
[2026-05-19T14:44:03.285+0000] {logging_mixin.py:188} INFO - [2026-05-19T14:44:03.284+0000] {dag.py:3947} INFO - Setting next_dagrun for example_weekday_branch_operator to 2026-05-18 00:00:00+00:00, run_after=2026-05-19 00:00:00+00:00
[2026-05-19T14:44:03.304+0000] {processor.py:183} INFO - Processing /home/airflow/.local/lib/python3.12/site-packages/airflow/example_dags/example_branch_day_of_week_operator.py took 0.070 seconds
[2026-05-19T14:44:33.637+0000] {processor.py:161} INFO - Started process (PID=1019) to work on /home/airflow/.local/lib/python3.12/site-packages/airflow/example_dags/example_branch_day_of_week_operator.py
[2026-05-19T14:44:33.637+0000] {processor.py:830} INFO - Processing file /home/airflow/.local/lib/python3.12/site-packages/airflow/example_dags/example_branch_day_of_week_operator.py for tasks to queue
[2026-05-19T14:44:33.638+0000] {logging_mixin.py:188} INFO - [2026-05-19T14:44:33.638+0000] {dagbag.py:545} INFO - Filling up the DagBag from /home/airflow/.local/lib/python3.12/site-packages/airflow/example_dags/example_branch_day_of_week_operator.py
[2026-05-19T14:44:33.645+0000] {processor.py:840} INFO - DAG(s) 'example_weekday_branch_operator' retrieved from /home/airflow/.local/lib/python3.12/site-packages/airflow/example_dags/example_branch_day_of_week_operator.py
[2026-05-19T14:44:33.661+0000] {logging_mixin.py:188} INFO - [2026-05-19T14:44:33.661+0000] {dag.py:3089} INFO - Sync 1 DAGs
[2026-05-19T14:44:33.680+0000] {logging_mixin.py:188} INFO - [2026-05-19T14:44:33.680+0000] {dag.py:3947} INFO - Setting next_dagrun for example_weekday_branch_operator to 2026-05-18 00:00:00+00:00, run_after=2026-05-19 00:00:00+00:00
[2026-05-19T14:44:33.695+0000] {processor.py:183} INFO - Processing /home/airflow/.local/lib/python3.12/site-packages/airflow/example_dags/example_branch_day_of_week_operator.py took 0.063 seconds
[2026-05-19T14:45:04.289+0000] {processor.py:161} INFO - Started process (PID=1077) to work on /home/airflow/.local/lib/python3.12/site-packages/airflow/example_dags/example_branch_day_of_week_operator.py
[2026-05-19T14:45:04.290+0000] {processor.py:830} INFO - Processing file /home/airflow/.local/lib/python3.12/site-packages/airflow/example_dags/example_branch_day_of_week_operator.py for tasks to queue
[2026-05-19T14:45:04.292+0000] {logging_mixin.py:188} INFO - [2026-05-19T14:45:04.292+0000] {dagbag.py:545} INFO - Filling up the DagBag from /home/airflow/.local/lib/python3.12/site-packages/airflow/example_dags/example_branch_day_of_week_operator.py
[2026-05-19T14:45:04.298+0000] {processor.py:840} INFO - DAG(s) 'example_weekday_branch_operator' retrieved from /home/airflow/.local/lib/python3.12/site-packages/airflow/example_dags/example_branch_day_of_week_operator.py
[2026-05-19T14:45:04.315+0000] {logging_mixin.py:188} INFO - [2026-05-19T14:45:04.315+0000] {dag.py:3089} INFO - Sync 1 DAGs
[2026-05-19T14:45:04.335+0000] {logging_mixin.py:188} INFO - [2026-05-19T14:45:04.335+0000] {dag.py:3947} INFO - Setting next_dagrun for example_weekday_branch_operator to 2026-05-18 00:00:00+00:00, run_after=2026-05-19 00:00:00+00:00
[2026-05-19T14:45:04.351+0000] {processor.py:183} INFO - Processing /home/airflow/.local/lib/python3.12/site-packages/airflow/example_dags/example_branch_day_of_week_operator.py took 0.066 seconds
[2026-05-19T14:45:35.363+0000] {processor.py:161} INFO - Started process (PID=1136) to work on /home/airflow/.local/lib/python3.12/site-packages/airflow/example_dags/example_branch_day_of_week_operator.py
[2026-05-19T14:45:35.365+0000] {processor.py:830} INFO - Processing file /home/airflow/.local/lib/python3.12/site-packages/airflow/example_dags/example_branch_day_of_week_operator.py for tasks to queue
[2026-05-19T14:45:35.367+0000] {logging_mixin.py:188} INFO - [2026-05-19T14:45:35.367+0000] {dagbag.py:545} INFO - Filling up the DagBag from /home/airflow/.local/lib/python3.12/site-packages/airflow/example_dags/example_branch_day_of_week_operator.py
[2026-05-19T14:45:35.373+0000] {processor.py:840} INFO - DAG(s) 'example_weekday_branch_operator' retrieved from /home/airflow/.local/lib/python3.12/site-packages/airflow/example_dags/example_branch_day_of_week_operator.py
[2026-05-19T14:45:35.391+0000] {logging_mixin.py:188} INFO - [2026-05-19T14:45:35.390+0000] {dag.py:3089} INFO - Sync 1 DAGs
[2026-05-19T14:45:35.410+0000] {logging_mixin.py:188} INFO - [2026-05-19T14:45:35.410+0000] {dag.py:3947} INFO - Setting next_dagrun for example_weekday_branch_operator to 2026-05-18 00:00:00+00:00, run_after=2026-05-19 00:00:00+00:00
[2026-05-19T14:45:35.429+0000] {processor.py:183} INFO - Processing /home/airflow/.local/lib/python3.12/site-packages/airflow/example_dags/example_branch_day_of_week_operator.py took 0.071 seconds
[2026-05-19T14:46:06.019+0000] {processor.py:161} INFO - Started process (PID=1194) to work on /home/airflow/.local/lib/python3.12/site-packages/airflow/example_dags/example_branch_day_of_week_operator.py
[2026-05-19T14:46:06.019+0000] {processor.py:830} INFO - Processing file /home/airflow/.local/lib/python3.12/site-packages/airflow/example_dags/example_branch_day_of_week_operator.py for tasks to queue
[2026-05-19T14:46:06.021+0000] {logging_mixin.py:188} INFO - [2026-05-19T14:46:06.020+0000] {dagbag.py:545} INFO - Filling up the DagBag from /home/airflow/.local/lib/python3.12/site-packages/airflow/example_dags/example_branch_day_of_week_operator.py
[2026-05-19T14:46:06.027+0000] {processor.py:840} INFO - DAG(s) 'example_weekday_branch_operator' retrieved from /home/airflow/.local/lib/python3.12/site-packages/airflow/example_dags/example_branch_day_of_week_operator.py
[2026-05-19T14:46:06.043+0000] {logging_mixin.py:188} INFO - [2026-05-19T14:46:06.043+0000] {dag.py:3089} INFO - Sync 1 DAGs
[2026-05-19T14:46:06.062+0000] {logging_mixin.py:188} INFO - [2026-05-19T14:46:06.062+0000] {dag.py:3947} INFO - Setting next_dagrun for example_weekday_branch_operator to 2026-05-18 00:00:00+00:00, run_after=2026-05-19 00:00:00+00:00
[2026-05-19T14:46:06.082+0000] {processor.py:183} INFO - Processing /home/airflow/.local/lib/python3.12/site-packages/airflow/example_dags/example_branch_day_of_week_operator.py took 0.068 seconds
[2026-05-19T14:46:36.760+0000] {processor.py:161} INFO - Started process (PID=1252) to work on /home/airflow/.local/lib/python3.12/site-packages/airflow/example_dags/example_branch_day_of_week_operator.py
[2026-05-19T14:46:36.803+0000] {processor.py:830} INFO - Processing file /home/airflow/.local/lib/python3.12/site-packages/airflow/example_dags/example_branch_day_of_week_operator.py for tasks to queue
[2026-05-19T14:46:36.804+0000] {logging_mixin.py:188} INFO - [2026-05-19T14:46:36.804+0000] {dagbag.py:545} INFO - Filling up the DagBag from /home/airflow/.local/lib/python3.12/site-packages/airflow/example_dags/example_branch_day_of_week_operator.py
[2026-05-19T14:46:36.838+0000] {processor.py:840} INFO - DAG(s) 'example_weekday_branch_operator' retrieved from /home/airflow/.local/lib/python3.12/site-packages/airflow/example_dags/example_branch_day_of_week_operator.py
[2026-05-19T14:46:36.860+0000] {logging_mixin.py:188} INFO - [2026-05-19T14:46:36.860+0000] {dag.py:3089} INFO - Sync 1 DAGs
[2026-05-19T14:46:36.885+0000] {logging_mixin.py:188} INFO - [2026-05-19T14:46:36.885+0000] {dag.py:3947} INFO - Setting next_dagrun for example_weekday_branch_operator to 2026-05-18 00:00:00+00:00, run_after=2026-05-19 00:00:00+00:00
[2026-05-19T14:46:36.918+0000] {processor.py:183} INFO - Processing /home/airflow/.local/lib/python3.12/site-packages/airflow/example_dags/example_branch_day_of_week_operator.py took 0.162 seconds
[2026-05-19T14:47:07.821+0000] {processor.py:161} INFO - Started process (PID=1309) to work on /home/airflow/.local/lib/python3.12/site-packages/airflow/example_dags/example_branch_day_of_week_operator.py
[2026-05-19T14:47:07.821+0000] {processor.py:830} INFO - Processing file /home/airflow/.local/lib/python3.12/site-packages/airflow/example_dags/example_branch_day_of_week_operator.py for tasks to queue
[2026-05-19T14:47:07.823+0000] {logging_mixin.py:188} INFO - [2026-05-19T14:47:07.823+0000] {dagbag.py:545} INFO - Filling up the DagBag from /home/airflow/.local/lib/python3.12/site-packages/airflow/example_dags/example_branch_day_of_week_operator.py
[2026-05-19T14:47:07.829+0000] {processor.py:840} INFO - DAG(s) 'example_weekday_branch_operator' retrieved from /home/airflow/.local/lib/python3.12/site-packages/airflow/example_dags/example_branch_day_of_week_operator.py
[2026-05-19T14:47:07.846+0000] {logging_mixin.py:188} INFO - [2026-05-19T14:47:07.846+0000] {dag.py:3089} INFO - Sync 1 DAGs
[2026-05-19T14:47:07.866+0000] {logging_mixin.py:188} INFO - [2026-05-19T14:47:07.866+0000] {dag.py:3947} INFO - Setting next_dagrun for example_weekday_branch_operator to 2026-05-18 00:00:00+00:00, run_after=2026-05-19 00:00:00+00:00
[2026-05-19T14:47:07.890+0000] {processor.py:183} INFO - Processing /home/airflow/.local/lib/python3.12/site-packages/airflow/example_dags/example_branch_day_of_week_operator.py took 0.074 seconds
[2026-05-19T14:47:38.135+0000] {processor.py:161} INFO - Started process (PID=1367) to work on /home/airflow/.local/lib/python3.12/site-packages/airflow/example_dags/example_branch_day_of_week_operator.py
[2026-05-19T14:47:38.135+0000] {processor.py:830} INFO - Processing file /home/airflow/.local/lib/python3.12/site-packages/airflow/example_dags/example_branch_day_of_week_operator.py for tasks to queue
[2026-05-19T14:47:38.137+0000] {logging_mixin.py:188} INFO - [2026-05-19T14:47:38.136+0000] {dagbag.py:545} INFO - Filling up the DagBag from /home/airflow/.local/lib/python3.12/site-packages/airflow/example_dags/example_branch_day_of_week_operator.py
[2026-05-19T14:47:38.143+0000] {processor.py:840} INFO - DAG(s) 'example_weekday_branch_operator' retrieved from /home/airflow/.local/lib/python3.12/site-packages/airflow/example_dags/example_branch_day_of_week_operator.py
[2026-05-19T14:47:38.160+0000] {logging_mixin.py:188} INFO - [2026-05-19T14:47:38.160+0000] {dag.py:3089} INFO - Sync 1 DAGs
[2026-05-19T14:47:38.180+0000] {logging_mixin.py:188} INFO - [2026-05-19T14:47:38.180+0000] {dag.py:3947} INFO - Setting next_dagrun for example_weekday_branch_operator to 2026-05-18 00:00:00+00:00, run_after=2026-05-19 00:00:00+00:00
[2026-05-19T14:47:38.196+0000] {processor.py:183} INFO - Processing /home/airflow/.local/lib/python3.12/site-packages/airflow/example_dags/example_branch_day_of_week_operator.py took 0.065 seconds
[2026-05-19T14:48:13.833+0000] {processor.py:161} INFO - Started process (PID=1425) to work on /home/airflow/.local/lib/python3.12/site-packages/airflow/example_dags/example_branch_day_of_week_operator.py
[2026-05-19T14:48:13.836+0000] {processor.py:830} INFO - Processing file /home/airflow/.local/lib/python3.12/site-packages/airflow/example_dags/example_branch_day_of_week_operator.py for tasks to queue
[2026-05-19T14:48:13.838+0000] {logging_mixin.py:188} INFO - [2026-05-19T14:48:13.837+0000] {dagbag.py:545} INFO - Filling up the DagBag from /home/airflow/.local/lib/python3.12/site-packages/airflow/example_dags/example_branch_day_of_week_operator.py
[2026-05-19T14:48:13.847+0000] {processor.py:840} INFO - DAG(s) 'example_weekday_branch_operator' retrieved from /home/airflow/.local/lib/python3.12/site-packages/airflow/example_dags/example_branch_day_of_week_operator.py
[2026-05-19T14:48:13.873+0000] {logging_mixin.py:188} INFO - [2026-05-19T14:48:13.873+0000] {dag.py:3089} INFO - Sync 1 DAGs
[2026-05-19T14:48:13.896+0000] {logging_mixin.py:188} INFO - [2026-05-19T14:48:13.896+0000] {dag.py:3947} INFO - Setting next_dagrun for example_weekday_branch_operator to 2026-05-18 00:00:00+00:00, run_after=2026-05-19 00:00:00+00:00
[2026-05-19T14:48:13.916+0000] {processor.py:183} INFO - Processing /home/airflow/.local/lib/python3.12/site-packages/airflow/example_dags/example_branch_day_of_week_operator.py took 0.090 seconds
[2026-05-19T14:48:44.457+0000] {processor.py:161} INFO - Started process (PID=1483) to work on /home/airflow/.local/lib/python3.12/site-packages/airflow/example_dags/example_branch_day_of_week_operator.py
[2026-05-19T14:48:44.458+0000] {processor.py:830} INFO - Processing file /home/airflow/.local/lib/python3.12/site-packages/airflow/example_dags/example_branch_day_of_week_operator.py for tasks to queue
[2026-05-19T14:48:44.459+0000] {logging_mixin.py:188} INFO - [2026-05-19T14:48:44.459+0000] {dagbag.py:545} INFO - Filling up the DagBag from /home/airflow/.local/lib/python3.12/site-packages/airflow/example_dags/example_branch_day_of_week_operator.py
[2026-05-19T14:48:44.465+0000] {processor.py:840} INFO - DAG(s) 'example_weekday_branch_operator' retrieved from /home/airflow/.local/lib/python3.12/site-packages/airflow/example_dags/example_branch_day_of_week_operator.py
[2026-05-19T14:48:44.481+0000] {logging_mixin.py:188} INFO - [2026-05-19T14:48:44.481+0000] {dag.py:3089} INFO - Sync 1 DAGs
[2026-05-19T14:48:44.500+0000] {logging_mixin.py:188} INFO - [2026-05-19T14:48:44.500+0000] {dag.py:3947} INFO - Setting next_dagrun for example_weekday_branch_operator to 2026-05-18 00:00:00+00:00, run_after=2026-05-19 00:00:00+00:00
[2026-05-19T14:48:44.517+0000] {processor.py:183} INFO - Processing /home/airflow/.local/lib/python3.12/site-packages/airflow/example_dags/example_branch_day_of_week_operator.py took 0.064 seconds
[2026-05-19T14:49:15.072+0000] {processor.py:161} INFO - Started process (PID=1539) to work on /home/airflow/.local/lib/python3.12/site-packages/airflow/example_dags/example_branch_day_of_week_operator.py
[2026-05-19T14:49:15.073+0000] {processor.py:830} INFO - Processing file /home/airflow/.local/lib/python3.12/site-packages/airflow/example_dags/example_branch_day_of_week_operator.py for tasks to queue
[2026-05-19T14:49:15.075+0000] {logging_mixin.py:188} INFO - [2026-05-19T14:49:15.074+0000] {dagbag.py:545} INFO - Filling up the DagBag from /home/airflow/.local/lib/python3.12/site-packages/airflow/example_dags/example_branch_day_of_week_operator.py
[2026-05-19T14:49:15.081+0000] {processor.py:840} INFO - DAG(s) 'example_weekday_branch_operator' retrieved from /home/airflow/.local/lib/python3.12/site-packages/airflow/example_dags/example_branch_day_of_week_operator.py
[2026-05-19T14:49:15.097+0000] {logging_mixin.py:188} INFO - [2026-05-19T14:49:15.097+0000] {dag.py:3089} INFO - Sync 1 DAGs
[2026-05-19T14:49:15.116+0000] {logging_mixin.py:188} INFO - [2026-05-19T14:49:15.116+0000] {dag.py:3947} INFO - Setting next_dagrun for example_weekday_branch_operator to 2026-05-18 00:00:00+00:00, run_after=2026-05-19 00:00:00+00:00
[2026-05-19T14:49:15.130+0000] {processor.py:183} INFO - Processing /home/airflow/.local/lib/python3.12/site-packages/airflow/example_dags/example_branch_day_of_week_operator.py took 0.063 seconds
[2026-05-19T14:49:45.667+0000] {processor.py:161} INFO - Started process (PID=1597) to work on /home/airflow/.local/lib/python3.12/site-packages/airflow/example_dags/example_branch_day_of_week_operator.py
[2026-05-19T14:49:45.668+0000] {processor.py:830} INFO - Processing file /home/airflow/.local/lib/python3.12/site-packages/airflow/example_dags/example_branch_day_of_week_operator.py for tasks to queue
[2026-05-19T14:49:45.669+0000] {logging_mixin.py:188} INFO - [2026-05-19T14:49:45.669+0000] {dagbag.py:545} INFO - Filling up the DagBag from /home/airflow/.local/lib/python3.12/site-packages/airflow/example_dags/example_branch_day_of_week_operator.py
[2026-05-19T14:49:45.676+0000] {processor.py:840} INFO - DAG(s) 'example_weekday_branch_operator' retrieved from /home/airflow/.local/lib/python3.12/site-packages/airflow/example_dags/example_branch_day_of_week_operator.py
[2026-05-19T14:49:45.693+0000] {logging_mixin.py:188} INFO - [2026-05-19T14:49:45.693+0000] {dag.py:3089} INFO - Sync 1 DAGs
[2026-05-19T14:49:45.712+0000] {logging_mixin.py:188} INFO - [2026-05-19T14:49:45.712+0000] {dag.py:3947} INFO - Setting next_dagrun for example_weekday_branch_operator to 2026-05-18 00:00:00+00:00, run_after=2026-05-19 00:00:00+00:00
[2026-05-19T14:49:45.731+0000] {processor.py:183} INFO - Processing /home/airflow/.local/lib/python3.12/site-packages/airflow/example_dags/example_branch_day_of_week_operator.py took 0.069 seconds
