[2026-05-19T14:36:21.309+0000] {processor.py:161} INFO - Started process (PID=46) to work on /home/airflow/.local/lib/python3.12/site-packages/airflow/example_dags/example_branch_labels.py
[2026-05-19T14:36:21.310+0000] {processor.py:830} INFO - Processing file /home/airflow/.local/lib/python3.12/site-packages/airflow/example_dags/example_branch_labels.py for tasks to queue
[2026-05-19T14:36:21.312+0000] {logging_mixin.py:188} INFO - [2026-05-19T14:36:21.311+0000] {dagbag.py:545} INFO - Filling up the DagBag from /home/airflow/.local/lib/python3.12/site-packages/airflow/example_dags/example_branch_labels.py
[2026-05-19T14:36:21.330+0000] {processor.py:840} INFO - DAG(s) 'example_branch_labels' retrieved from /home/airflow/.local/lib/python3.12/site-packages/airflow/example_dags/example_branch_labels.py
[2026-05-19T14:36:21.386+0000] {logging_mixin.py:188} INFO - [2026-05-19T14:36:21.386+0000] {dag.py:3089} INFO - Sync 1 DAGs
[2026-05-19T14:36:21.412+0000] {logging_mixin.py:188} INFO - [2026-05-19T14:36:21.411+0000] {dag.py:3947} INFO - Setting next_dagrun for example_branch_labels to 2026-05-18 00:00:00+00:00, run_after=2026-05-19 00:00:00+00:00
[2026-05-19T14:36:21.429+0000] {processor.py:183} INFO - Processing /home/airflow/.local/lib/python3.12/site-packages/airflow/example_dags/example_branch_labels.py took 0.124 seconds
[2026-05-19T14:36:51.678+0000] {processor.py:161} INFO - Started process (PID=104) to work on /home/airflow/.local/lib/python3.12/site-packages/airflow/example_dags/example_branch_labels.py
[2026-05-19T14:36:51.679+0000] {processor.py:830} INFO - Processing file /home/airflow/.local/lib/python3.12/site-packages/airflow/example_dags/example_branch_labels.py for tasks to queue
[2026-05-19T14:36:51.680+0000] {logging_mixin.py:188} INFO - [2026-05-19T14:36:51.680+0000] {dagbag.py:545} INFO - Filling up the DagBag from /home/airflow/.local/lib/python3.12/site-packages/airflow/example_dags/example_branch_labels.py
[2026-05-19T14:36:51.686+0000] {processor.py:840} INFO - DAG(s) 'example_branch_labels' retrieved from /home/airflow/.local/lib/python3.12/site-packages/airflow/example_dags/example_branch_labels.py
[2026-05-19T14:36:51.704+0000] {logging_mixin.py:188} INFO - [2026-05-19T14:36:51.703+0000] {dag.py:3089} INFO - Sync 1 DAGs
[2026-05-19T14:36:51.722+0000] {logging_mixin.py:188} INFO - [2026-05-19T14:36:51.722+0000] {dag.py:3947} INFO - Setting next_dagrun for example_branch_labels to 2026-05-18 00:00:00+00:00, run_after=2026-05-19 00:00:00+00:00
[2026-05-19T14:36:51.736+0000] {processor.py:183} INFO - Processing /home/airflow/.local/lib/python3.12/site-packages/airflow/example_dags/example_branch_labels.py took 0.062 seconds
[2026-05-19T14:37:22.142+0000] {processor.py:161} INFO - Started process (PID=162) to work on /home/airflow/.local/lib/python3.12/site-packages/airflow/example_dags/example_branch_labels.py
[2026-05-19T14:37:22.143+0000] {processor.py:830} INFO - Processing file /home/airflow/.local/lib/python3.12/site-packages/airflow/example_dags/example_branch_labels.py for tasks to queue
[2026-05-19T14:37:22.144+0000] {logging_mixin.py:188} INFO - [2026-05-19T14:37:22.144+0000] {dagbag.py:545} INFO - Filling up the DagBag from /home/airflow/.local/lib/python3.12/site-packages/airflow/example_dags/example_branch_labels.py
[2026-05-19T14:37:22.150+0000] {processor.py:840} INFO - DAG(s) 'example_branch_labels' retrieved from /home/airflow/.local/lib/python3.12/site-packages/airflow/example_dags/example_branch_labels.py
[2026-05-19T14:37:22.167+0000] {logging_mixin.py:188} INFO - [2026-05-19T14:37:22.167+0000] {dag.py:3089} INFO - Sync 1 DAGs
[2026-05-19T14:37:22.185+0000] {logging_mixin.py:188} INFO - [2026-05-19T14:37:22.185+0000] {dag.py:3947} INFO - Setting next_dagrun for example_branch_labels to 2026-05-18 00:00:00+00:00, run_after=2026-05-19 00:00:00+00:00
[2026-05-19T14:37:22.200+0000] {processor.py:183} INFO - Processing /home/airflow/.local/lib/python3.12/site-packages/airflow/example_dags/example_branch_labels.py took 0.062 seconds
[2026-05-19T14:37:52.482+0000] {processor.py:161} INFO - Started process (PID=220) to work on /home/airflow/.local/lib/python3.12/site-packages/airflow/example_dags/example_branch_labels.py
[2026-05-19T14:37:52.483+0000] {processor.py:830} INFO - Processing file /home/airflow/.local/lib/python3.12/site-packages/airflow/example_dags/example_branch_labels.py for tasks to queue
[2026-05-19T14:37:52.484+0000] {logging_mixin.py:188} INFO - [2026-05-19T14:37:52.484+0000] {dagbag.py:545} INFO - Filling up the DagBag from /home/airflow/.local/lib/python3.12/site-packages/airflow/example_dags/example_branch_labels.py
[2026-05-19T14:37:52.490+0000] {processor.py:840} INFO - DAG(s) 'example_branch_labels' retrieved from /home/airflow/.local/lib/python3.12/site-packages/airflow/example_dags/example_branch_labels.py
[2026-05-19T14:37:52.506+0000] {logging_mixin.py:188} INFO - [2026-05-19T14:37:52.506+0000] {dag.py:3089} INFO - Sync 1 DAGs
[2026-05-19T14:37:52.525+0000] {logging_mixin.py:188} INFO - [2026-05-19T14:37:52.525+0000] {dag.py:3947} INFO - Setting next_dagrun for example_branch_labels to 2026-05-18 00:00:00+00:00, run_after=2026-05-19 00:00:00+00:00
[2026-05-19T14:37:52.539+0000] {processor.py:183} INFO - Processing /home/airflow/.local/lib/python3.12/site-packages/airflow/example_dags/example_branch_labels.py took 0.062 seconds
[2026-05-19T14:38:22.841+0000] {processor.py:161} INFO - Started process (PID=278) to work on /home/airflow/.local/lib/python3.12/site-packages/airflow/example_dags/example_branch_labels.py
[2026-05-19T14:38:22.842+0000] {processor.py:830} INFO - Processing file /home/airflow/.local/lib/python3.12/site-packages/airflow/example_dags/example_branch_labels.py for tasks to queue
[2026-05-19T14:38:22.844+0000] {logging_mixin.py:188} INFO - [2026-05-19T14:38:22.843+0000] {dagbag.py:545} INFO - Filling up the DagBag from /home/airflow/.local/lib/python3.12/site-packages/airflow/example_dags/example_branch_labels.py
[2026-05-19T14:38:22.850+0000] {processor.py:840} INFO - DAG(s) 'example_branch_labels' retrieved from /home/airflow/.local/lib/python3.12/site-packages/airflow/example_dags/example_branch_labels.py
[2026-05-19T14:38:22.866+0000] {logging_mixin.py:188} INFO - [2026-05-19T14:38:22.866+0000] {dag.py:3089} INFO - Sync 1 DAGs
[2026-05-19T14:38:22.885+0000] {logging_mixin.py:188} INFO - [2026-05-19T14:38:22.884+0000] {dag.py:3947} INFO - Setting next_dagrun for example_branch_labels to 2026-05-18 00:00:00+00:00, run_after=2026-05-19 00:00:00+00:00
[2026-05-19T14:38:22.899+0000] {processor.py:183} INFO - Processing /home/airflow/.local/lib/python3.12/site-packages/airflow/example_dags/example_branch_labels.py took 0.063 seconds
[2026-05-19T14:38:53.094+0000] {processor.py:161} INFO - Started process (PID=336) to work on /home/airflow/.local/lib/python3.12/site-packages/airflow/example_dags/example_branch_labels.py
[2026-05-19T14:38:53.095+0000] {processor.py:830} INFO - Processing file /home/airflow/.local/lib/python3.12/site-packages/airflow/example_dags/example_branch_labels.py for tasks to queue
[2026-05-19T14:38:53.096+0000] {logging_mixin.py:188} INFO - [2026-05-19T14:38:53.096+0000] {dagbag.py:545} INFO - Filling up the DagBag from /home/airflow/.local/lib/python3.12/site-packages/airflow/example_dags/example_branch_labels.py
[2026-05-19T14:38:53.102+0000] {processor.py:840} INFO - DAG(s) 'example_branch_labels' retrieved from /home/airflow/.local/lib/python3.12/site-packages/airflow/example_dags/example_branch_labels.py
[2026-05-19T14:38:53.119+0000] {logging_mixin.py:188} INFO - [2026-05-19T14:38:53.119+0000] {dag.py:3089} INFO - Sync 1 DAGs
[2026-05-19T14:38:53.137+0000] {logging_mixin.py:188} INFO - [2026-05-19T14:38:53.137+0000] {dag.py:3947} INFO - Setting next_dagrun for example_branch_labels to 2026-05-18 00:00:00+00:00, run_after=2026-05-19 00:00:00+00:00
[2026-05-19T14:38:53.151+0000] {processor.py:183} INFO - Processing /home/airflow/.local/lib/python3.12/site-packages/airflow/example_dags/example_branch_labels.py took 0.062 seconds
[2026-05-19T14:39:23.346+0000] {processor.py:161} INFO - Started process (PID=394) to work on /home/airflow/.local/lib/python3.12/site-packages/airflow/example_dags/example_branch_labels.py
[2026-05-19T14:39:23.349+0000] {processor.py:830} INFO - Processing file /home/airflow/.local/lib/python3.12/site-packages/airflow/example_dags/example_branch_labels.py for tasks to queue
[2026-05-19T14:39:23.351+0000] {logging_mixin.py:188} INFO - [2026-05-19T14:39:23.350+0000] {dagbag.py:545} INFO - Filling up the DagBag from /home/airflow/.local/lib/python3.12/site-packages/airflow/example_dags/example_branch_labels.py
[2026-05-19T14:39:23.360+0000] {processor.py:840} INFO - DAG(s) 'example_branch_labels' retrieved from /home/airflow/.local/lib/python3.12/site-packages/airflow/example_dags/example_branch_labels.py
[2026-05-19T14:39:23.379+0000] {logging_mixin.py:188} INFO - [2026-05-19T14:39:23.378+0000] {dag.py:3089} INFO - Sync 1 DAGs
[2026-05-19T14:39:23.398+0000] {logging_mixin.py:188} INFO - [2026-05-19T14:39:23.398+0000] {dag.py:3947} INFO - Setting next_dagrun for example_branch_labels to 2026-05-18 00:00:00+00:00, run_after=2026-05-19 00:00:00+00:00
[2026-05-19T14:39:23.417+0000] {processor.py:183} INFO - Processing /home/airflow/.local/lib/python3.12/site-packages/airflow/example_dags/example_branch_labels.py took 0.077 seconds
[2026-05-19T14:39:53.835+0000] {processor.py:161} INFO - Started process (PID=452) to work on /home/airflow/.local/lib/python3.12/site-packages/airflow/example_dags/example_branch_labels.py
[2026-05-19T14:39:53.836+0000] {processor.py:830} INFO - Processing file /home/airflow/.local/lib/python3.12/site-packages/airflow/example_dags/example_branch_labels.py for tasks to queue
[2026-05-19T14:39:53.838+0000] {logging_mixin.py:188} INFO - [2026-05-19T14:39:53.837+0000] {dagbag.py:545} INFO - Filling up the DagBag from /home/airflow/.local/lib/python3.12/site-packages/airflow/example_dags/example_branch_labels.py
[2026-05-19T14:39:53.846+0000] {processor.py:840} INFO - DAG(s) 'example_branch_labels' retrieved from /home/airflow/.local/lib/python3.12/site-packages/airflow/example_dags/example_branch_labels.py
[2026-05-19T14:39:53.866+0000] {logging_mixin.py:188} INFO - [2026-05-19T14:39:53.866+0000] {dag.py:3089} INFO - Sync 1 DAGs
[2026-05-19T14:39:53.891+0000] {logging_mixin.py:188} INFO - [2026-05-19T14:39:53.890+0000] {dag.py:3947} INFO - Setting next_dagrun for example_branch_labels to 2026-05-18 00:00:00+00:00, run_after=2026-05-19 00:00:00+00:00
[2026-05-19T14:39:53.922+0000] {processor.py:183} INFO - Processing /home/airflow/.local/lib/python3.12/site-packages/airflow/example_dags/example_branch_labels.py took 0.095 seconds
[2026-05-19T14:40:24.491+0000] {processor.py:161} INFO - Started process (PID=509) to work on /home/airflow/.local/lib/python3.12/site-packages/airflow/example_dags/example_branch_labels.py
[2026-05-19T14:40:24.496+0000] {processor.py:830} INFO - Processing file /home/airflow/.local/lib/python3.12/site-packages/airflow/example_dags/example_branch_labels.py for tasks to queue
[2026-05-19T14:40:24.498+0000] {logging_mixin.py:188} INFO - [2026-05-19T14:40:24.498+0000] {dagbag.py:545} INFO - Filling up the DagBag from /home/airflow/.local/lib/python3.12/site-packages/airflow/example_dags/example_branch_labels.py
[2026-05-19T14:40:24.509+0000] {processor.py:840} INFO - DAG(s) 'example_branch_labels' retrieved from /home/airflow/.local/lib/python3.12/site-packages/airflow/example_dags/example_branch_labels.py
[2026-05-19T14:40:24.528+0000] {logging_mixin.py:188} INFO - [2026-05-19T14:40:24.528+0000] {dag.py:3089} INFO - Sync 1 DAGs
[2026-05-19T14:40:24.547+0000] {logging_mixin.py:188} INFO - [2026-05-19T14:40:24.547+0000] {dag.py:3947} INFO - Setting next_dagrun for example_branch_labels to 2026-05-18 00:00:00+00:00, run_after=2026-05-19 00:00:00+00:00
[2026-05-19T14:40:24.561+0000] {processor.py:183} INFO - Processing /home/airflow/.local/lib/python3.12/site-packages/airflow/example_dags/example_branch_labels.py took 0.084 seconds
[2026-05-19T14:40:54.801+0000] {processor.py:161} INFO - Started process (PID=567) to work on /home/airflow/.local/lib/python3.12/site-packages/airflow/example_dags/example_branch_labels.py
[2026-05-19T14:40:54.801+0000] {processor.py:830} INFO - Processing file /home/airflow/.local/lib/python3.12/site-packages/airflow/example_dags/example_branch_labels.py for tasks to queue
[2026-05-19T14:40:54.803+0000] {logging_mixin.py:188} INFO - [2026-05-19T14:40:54.802+0000] {dagbag.py:545} INFO - Filling up the DagBag from /home/airflow/.local/lib/python3.12/site-packages/airflow/example_dags/example_branch_labels.py
[2026-05-19T14:40:54.810+0000] {processor.py:840} INFO - DAG(s) 'example_branch_labels' retrieved from /home/airflow/.local/lib/python3.12/site-packages/airflow/example_dags/example_branch_labels.py
[2026-05-19T14:40:54.827+0000] {logging_mixin.py:188} INFO - [2026-05-19T14:40:54.826+0000] {dag.py:3089} INFO - Sync 1 DAGs
[2026-05-19T14:40:54.846+0000] {logging_mixin.py:188} INFO - [2026-05-19T14:40:54.846+0000] {dag.py:3947} INFO - Setting next_dagrun for example_branch_labels to 2026-05-18 00:00:00+00:00, run_after=2026-05-19 00:00:00+00:00
[2026-05-19T14:40:54.863+0000] {processor.py:183} INFO - Processing /home/airflow/.local/lib/python3.12/site-packages/airflow/example_dags/example_branch_labels.py took 0.068 seconds
[2026-05-19T14:41:25.004+0000] {processor.py:161} INFO - Started process (PID=626) to work on /home/airflow/.local/lib/python3.12/site-packages/airflow/example_dags/example_branch_labels.py
[2026-05-19T14:41:25.006+0000] {processor.py:830} INFO - Processing file /home/airflow/.local/lib/python3.12/site-packages/airflow/example_dags/example_branch_labels.py for tasks to queue
[2026-05-19T14:41:25.205+0000] {logging_mixin.py:188} INFO - [2026-05-19T14:41:25.009+0000] {dagbag.py:545} INFO - Filling up the DagBag from /home/airflow/.local/lib/python3.12/site-packages/airflow/example_dags/example_branch_labels.py
[2026-05-19T14:41:25.241+0000] {processor.py:840} INFO - DAG(s) 'example_branch_labels' retrieved from /home/airflow/.local/lib/python3.12/site-packages/airflow/example_dags/example_branch_labels.py
[2026-05-19T14:41:25.394+0000] {logging_mixin.py:188} INFO - [2026-05-19T14:41:25.394+0000] {dag.py:3089} INFO - Sync 1 DAGs
[2026-05-19T14:41:25.454+0000] {logging_mixin.py:188} INFO - [2026-05-19T14:41:25.454+0000] {dag.py:3947} INFO - Setting next_dagrun for example_branch_labels to 2026-05-18 00:00:00+00:00, run_after=2026-05-19 00:00:00+00:00
[2026-05-19T14:41:25.503+0000] {processor.py:183} INFO - Processing /home/airflow/.local/lib/python3.12/site-packages/airflow/example_dags/example_branch_labels.py took 0.510 seconds
[2026-05-19T14:41:56.413+0000] {processor.py:161} INFO - Started process (PID=684) to work on /home/airflow/.local/lib/python3.12/site-packages/airflow/example_dags/example_branch_labels.py
[2026-05-19T14:41:56.421+0000] {processor.py:830} INFO - Processing file /home/airflow/.local/lib/python3.12/site-packages/airflow/example_dags/example_branch_labels.py for tasks to queue
[2026-05-19T14:41:56.431+0000] {logging_mixin.py:188} INFO - [2026-05-19T14:41:56.422+0000] {dagbag.py:545} INFO - Filling up the DagBag from /home/airflow/.local/lib/python3.12/site-packages/airflow/example_dags/example_branch_labels.py
[2026-05-19T14:41:56.448+0000] {processor.py:840} INFO - DAG(s) 'example_branch_labels' retrieved from /home/airflow/.local/lib/python3.12/site-packages/airflow/example_dags/example_branch_labels.py
[2026-05-19T14:41:56.468+0000] {logging_mixin.py:188} INFO - [2026-05-19T14:41:56.468+0000] {dag.py:3089} INFO - Sync 1 DAGs
[2026-05-19T14:41:57.779+0000] {logging_mixin.py:188} INFO - [2026-05-19T14:41:57.777+0000] {dag.py:3947} INFO - Setting next_dagrun for example_branch_labels to 2026-05-18 00:00:00+00:00, run_after=2026-05-19 00:00:00+00:00
[2026-05-19T14:41:57.825+0000] {processor.py:183} INFO - Processing /home/airflow/.local/lib/python3.12/site-packages/airflow/example_dags/example_branch_labels.py took 1.444 seconds
[2026-05-19T14:42:28.528+0000] {processor.py:161} INFO - Started process (PID=748) to work on /home/airflow/.local/lib/python3.12/site-packages/airflow/example_dags/example_branch_labels.py
[2026-05-19T14:42:28.528+0000] {processor.py:830} INFO - Processing file /home/airflow/.local/lib/python3.12/site-packages/airflow/example_dags/example_branch_labels.py for tasks to queue
[2026-05-19T14:42:28.530+0000] {logging_mixin.py:188} INFO - [2026-05-19T14:42:28.530+0000] {dagbag.py:545} INFO - Filling up the DagBag from /home/airflow/.local/lib/python3.12/site-packages/airflow/example_dags/example_branch_labels.py
[2026-05-19T14:42:28.536+0000] {processor.py:840} INFO - DAG(s) 'example_branch_labels' retrieved from /home/airflow/.local/lib/python3.12/site-packages/airflow/example_dags/example_branch_labels.py
[2026-05-19T14:42:28.554+0000] {logging_mixin.py:188} INFO - [2026-05-19T14:42:28.554+0000] {dag.py:3089} INFO - Sync 1 DAGs
[2026-05-19T14:42:28.575+0000] {logging_mixin.py:188} INFO - [2026-05-19T14:42:28.575+0000] {dag.py:3947} INFO - Setting next_dagrun for example_branch_labels to 2026-05-18 00:00:00+00:00, run_after=2026-05-19 00:00:00+00:00
[2026-05-19T14:42:28.591+0000] {processor.py:183} INFO - Processing /home/airflow/.local/lib/python3.12/site-packages/airflow/example_dags/example_branch_labels.py took 0.068 seconds
[2026-05-19T14:42:59.162+0000] {processor.py:161} INFO - Started process (PID=806) to work on /home/airflow/.local/lib/python3.12/site-packages/airflow/example_dags/example_branch_labels.py
[2026-05-19T14:42:59.163+0000] {processor.py:830} INFO - Processing file /home/airflow/.local/lib/python3.12/site-packages/airflow/example_dags/example_branch_labels.py for tasks to queue
[2026-05-19T14:42:59.165+0000] {logging_mixin.py:188} INFO - [2026-05-19T14:42:59.164+0000] {dagbag.py:545} INFO - Filling up the DagBag from /home/airflow/.local/lib/python3.12/site-packages/airflow/example_dags/example_branch_labels.py
[2026-05-19T14:42:59.171+0000] {processor.py:840} INFO - DAG(s) 'example_branch_labels' retrieved from /home/airflow/.local/lib/python3.12/site-packages/airflow/example_dags/example_branch_labels.py
[2026-05-19T14:42:59.188+0000] {logging_mixin.py:188} INFO - [2026-05-19T14:42:59.188+0000] {dag.py:3089} INFO - Sync 1 DAGs
[2026-05-19T14:42:59.207+0000] {logging_mixin.py:188} INFO - [2026-05-19T14:42:59.207+0000] {dag.py:3947} INFO - Setting next_dagrun for example_branch_labels to 2026-05-18 00:00:00+00:00, run_after=2026-05-19 00:00:00+00:00
[2026-05-19T14:42:59.222+0000] {processor.py:183} INFO - Processing /home/airflow/.local/lib/python3.12/site-packages/airflow/example_dags/example_branch_labels.py took 0.066 seconds
[2026-05-19T14:43:29.834+0000] {processor.py:161} INFO - Started process (PID=864) to work on /home/airflow/.local/lib/python3.12/site-packages/airflow/example_dags/example_branch_labels.py
[2026-05-19T14:43:29.835+0000] {processor.py:830} INFO - Processing file /home/airflow/.local/lib/python3.12/site-packages/airflow/example_dags/example_branch_labels.py for tasks to queue
[2026-05-19T14:43:29.837+0000] {logging_mixin.py:188} INFO - [2026-05-19T14:43:29.837+0000] {dagbag.py:545} INFO - Filling up the DagBag from /home/airflow/.local/lib/python3.12/site-packages/airflow/example_dags/example_branch_labels.py
[2026-05-19T14:43:29.847+0000] {processor.py:840} INFO - DAG(s) 'example_branch_labels' retrieved from /home/airflow/.local/lib/python3.12/site-packages/airflow/example_dags/example_branch_labels.py
[2026-05-19T14:43:29.865+0000] {logging_mixin.py:188} INFO - [2026-05-19T14:43:29.865+0000] {dag.py:3089} INFO - Sync 1 DAGs
[2026-05-19T14:43:29.884+0000] {logging_mixin.py:188} INFO - [2026-05-19T14:43:29.884+0000] {dag.py:3947} INFO - Setting next_dagrun for example_branch_labels to 2026-05-18 00:00:00+00:00, run_after=2026-05-19 00:00:00+00:00
[2026-05-19T14:43:29.899+0000] {processor.py:183} INFO - Processing /home/airflow/.local/lib/python3.12/site-packages/airflow/example_dags/example_branch_labels.py took 0.077 seconds
[2026-05-19T14:44:00.435+0000] {processor.py:161} INFO - Started process (PID=922) to work on /home/airflow/.local/lib/python3.12/site-packages/airflow/example_dags/example_branch_labels.py
[2026-05-19T14:44:00.437+0000] {processor.py:830} INFO - Processing file /home/airflow/.local/lib/python3.12/site-packages/airflow/example_dags/example_branch_labels.py for tasks to queue
[2026-05-19T14:44:00.440+0000] {logging_mixin.py:188} INFO - [2026-05-19T14:44:00.439+0000] {dagbag.py:545} INFO - Filling up the DagBag from /home/airflow/.local/lib/python3.12/site-packages/airflow/example_dags/example_branch_labels.py
[2026-05-19T14:44:00.450+0000] {processor.py:840} INFO - DAG(s) 'example_branch_labels' retrieved from /home/airflow/.local/lib/python3.12/site-packages/airflow/example_dags/example_branch_labels.py
[2026-05-19T14:44:00.469+0000] {logging_mixin.py:188} INFO - [2026-05-19T14:44:00.469+0000] {dag.py:3089} INFO - Sync 1 DAGs
[2026-05-19T14:44:00.488+0000] {logging_mixin.py:188} INFO - [2026-05-19T14:44:00.488+0000] {dag.py:3947} INFO - Setting next_dagrun for example_branch_labels to 2026-05-18 00:00:00+00:00, run_after=2026-05-19 00:00:00+00:00
[2026-05-19T14:44:00.505+0000] {processor.py:183} INFO - Processing /home/airflow/.local/lib/python3.12/site-packages/airflow/example_dags/example_branch_labels.py took 0.082 seconds
[2026-05-19T14:44:30.983+0000] {processor.py:161} INFO - Started process (PID=980) to work on /home/airflow/.local/lib/python3.12/site-packages/airflow/example_dags/example_branch_labels.py
[2026-05-19T14:44:30.983+0000] {processor.py:830} INFO - Processing file /home/airflow/.local/lib/python3.12/site-packages/airflow/example_dags/example_branch_labels.py for tasks to queue
[2026-05-19T14:44:30.985+0000] {logging_mixin.py:188} INFO - [2026-05-19T14:44:30.984+0000] {dagbag.py:545} INFO - Filling up the DagBag from /home/airflow/.local/lib/python3.12/site-packages/airflow/example_dags/example_branch_labels.py
[2026-05-19T14:44:30.992+0000] {processor.py:840} INFO - DAG(s) 'example_branch_labels' retrieved from /home/airflow/.local/lib/python3.12/site-packages/airflow/example_dags/example_branch_labels.py
[2026-05-19T14:44:31.008+0000] {logging_mixin.py:188} INFO - [2026-05-19T14:44:31.008+0000] {dag.py:3089} INFO - Sync 1 DAGs
[2026-05-19T14:44:31.027+0000] {logging_mixin.py:188} INFO - [2026-05-19T14:44:31.027+0000] {dag.py:3947} INFO - Setting next_dagrun for example_branch_labels to 2026-05-18 00:00:00+00:00, run_after=2026-05-19 00:00:00+00:00
[2026-05-19T14:44:31.043+0000] {processor.py:183} INFO - Processing /home/airflow/.local/lib/python3.12/site-packages/airflow/example_dags/example_branch_labels.py took 0.065 seconds
[2026-05-19T14:45:01.267+0000] {processor.py:161} INFO - Started process (PID=1038) to work on /home/airflow/.local/lib/python3.12/site-packages/airflow/example_dags/example_branch_labels.py
[2026-05-19T14:45:01.268+0000] {processor.py:830} INFO - Processing file /home/airflow/.local/lib/python3.12/site-packages/airflow/example_dags/example_branch_labels.py for tasks to queue
[2026-05-19T14:45:01.270+0000] {logging_mixin.py:188} INFO - [2026-05-19T14:45:01.269+0000] {dagbag.py:545} INFO - Filling up the DagBag from /home/airflow/.local/lib/python3.12/site-packages/airflow/example_dags/example_branch_labels.py
[2026-05-19T14:45:01.276+0000] {processor.py:840} INFO - DAG(s) 'example_branch_labels' retrieved from /home/airflow/.local/lib/python3.12/site-packages/airflow/example_dags/example_branch_labels.py
[2026-05-19T14:45:01.297+0000] {logging_mixin.py:188} INFO - [2026-05-19T14:45:01.297+0000] {dag.py:3089} INFO - Sync 1 DAGs
[2026-05-19T14:45:01.317+0000] {logging_mixin.py:188} INFO - [2026-05-19T14:45:01.317+0000] {dag.py:3947} INFO - Setting next_dagrun for example_branch_labels to 2026-05-18 00:00:00+00:00, run_after=2026-05-19 00:00:00+00:00
[2026-05-19T14:45:01.335+0000] {processor.py:183} INFO - Processing /home/airflow/.local/lib/python3.12/site-packages/airflow/example_dags/example_branch_labels.py took 0.073 seconds
[2026-05-19T14:45:31.654+0000] {processor.py:161} INFO - Started process (PID=1096) to work on /home/airflow/.local/lib/python3.12/site-packages/airflow/example_dags/example_branch_labels.py
[2026-05-19T14:45:31.655+0000] {processor.py:830} INFO - Processing file /home/airflow/.local/lib/python3.12/site-packages/airflow/example_dags/example_branch_labels.py for tasks to queue
[2026-05-19T14:45:31.658+0000] {logging_mixin.py:188} INFO - [2026-05-19T14:45:31.657+0000] {dagbag.py:545} INFO - Filling up the DagBag from /home/airflow/.local/lib/python3.12/site-packages/airflow/example_dags/example_branch_labels.py
[2026-05-19T14:45:31.669+0000] {processor.py:840} INFO - DAG(s) 'example_branch_labels' retrieved from /home/airflow/.local/lib/python3.12/site-packages/airflow/example_dags/example_branch_labels.py
[2026-05-19T14:45:31.693+0000] {logging_mixin.py:188} INFO - [2026-05-19T14:45:31.693+0000] {dag.py:3089} INFO - Sync 1 DAGs
[2026-05-19T14:45:31.715+0000] {logging_mixin.py:188} INFO - [2026-05-19T14:45:31.714+0000] {dag.py:3947} INFO - Setting next_dagrun for example_branch_labels to 2026-05-18 00:00:00+00:00, run_after=2026-05-19 00:00:00+00:00
[2026-05-19T14:45:31.734+0000] {processor.py:183} INFO - Processing /home/airflow/.local/lib/python3.12/site-packages/airflow/example_dags/example_branch_labels.py took 0.093 seconds
[2026-05-19T14:46:01.979+0000] {processor.py:161} INFO - Started process (PID=1154) to work on /home/airflow/.local/lib/python3.12/site-packages/airflow/example_dags/example_branch_labels.py
[2026-05-19T14:46:01.981+0000] {processor.py:830} INFO - Processing file /home/airflow/.local/lib/python3.12/site-packages/airflow/example_dags/example_branch_labels.py for tasks to queue
[2026-05-19T14:46:01.983+0000] {logging_mixin.py:188} INFO - [2026-05-19T14:46:01.983+0000] {dagbag.py:545} INFO - Filling up the DagBag from /home/airflow/.local/lib/python3.12/site-packages/airflow/example_dags/example_branch_labels.py
[2026-05-19T14:46:01.992+0000] {processor.py:840} INFO - DAG(s) 'example_branch_labels' retrieved from /home/airflow/.local/lib/python3.12/site-packages/airflow/example_dags/example_branch_labels.py
[2026-05-19T14:46:02.011+0000] {logging_mixin.py:188} INFO - [2026-05-19T14:46:02.010+0000] {dag.py:3089} INFO - Sync 1 DAGs
[2026-05-19T14:46:02.030+0000] {logging_mixin.py:188} INFO - [2026-05-19T14:46:02.030+0000] {dag.py:3947} INFO - Setting next_dagrun for example_branch_labels to 2026-05-18 00:00:00+00:00, run_after=2026-05-19 00:00:00+00:00
[2026-05-19T14:46:02.048+0000] {processor.py:183} INFO - Processing /home/airflow/.local/lib/python3.12/site-packages/airflow/example_dags/example_branch_labels.py took 0.080 seconds
[2026-05-19T14:46:32.640+0000] {processor.py:161} INFO - Started process (PID=1212) to work on /home/airflow/.local/lib/python3.12/site-packages/airflow/example_dags/example_branch_labels.py
[2026-05-19T14:46:32.642+0000] {processor.py:830} INFO - Processing file /home/airflow/.local/lib/python3.12/site-packages/airflow/example_dags/example_branch_labels.py for tasks to queue
[2026-05-19T14:46:32.643+0000] {logging_mixin.py:188} INFO - [2026-05-19T14:46:32.643+0000] {dagbag.py:545} INFO - Filling up the DagBag from /home/airflow/.local/lib/python3.12/site-packages/airflow/example_dags/example_branch_labels.py
[2026-05-19T14:46:32.651+0000] {processor.py:840} INFO - DAG(s) 'example_branch_labels' retrieved from /home/airflow/.local/lib/python3.12/site-packages/airflow/example_dags/example_branch_labels.py
[2026-05-19T14:46:32.670+0000] {logging_mixin.py:188} INFO - [2026-05-19T14:46:32.670+0000] {dag.py:3089} INFO - Sync 1 DAGs
[2026-05-19T14:46:32.691+0000] {logging_mixin.py:188} INFO - [2026-05-19T14:46:32.691+0000] {dag.py:3947} INFO - Setting next_dagrun for example_branch_labels to 2026-05-18 00:00:00+00:00, run_after=2026-05-19 00:00:00+00:00
[2026-05-19T14:46:32.708+0000] {processor.py:183} INFO - Processing /home/airflow/.local/lib/python3.12/site-packages/airflow/example_dags/example_branch_labels.py took 0.074 seconds
[2026-05-19T14:47:02.777+0000] {processor.py:161} INFO - Started process (PID=1270) to work on /home/airflow/.local/lib/python3.12/site-packages/airflow/example_dags/example_branch_labels.py
[2026-05-19T14:47:02.780+0000] {processor.py:830} INFO - Processing file /home/airflow/.local/lib/python3.12/site-packages/airflow/example_dags/example_branch_labels.py for tasks to queue
[2026-05-19T14:47:02.781+0000] {logging_mixin.py:188} INFO - [2026-05-19T14:47:02.781+0000] {dagbag.py:545} INFO - Filling up the DagBag from /home/airflow/.local/lib/python3.12/site-packages/airflow/example_dags/example_branch_labels.py
[2026-05-19T14:47:02.804+0000] {processor.py:840} INFO - DAG(s) 'example_branch_labels' retrieved from /home/airflow/.local/lib/python3.12/site-packages/airflow/example_dags/example_branch_labels.py
[2026-05-19T14:47:02.830+0000] {logging_mixin.py:188} INFO - [2026-05-19T14:47:02.829+0000] {dag.py:3089} INFO - Sync 1 DAGs
[2026-05-19T14:47:03.036+0000] {logging_mixin.py:188} INFO - [2026-05-19T14:47:03.035+0000] {dag.py:3947} INFO - Setting next_dagrun for example_branch_labels to 2026-05-18 00:00:00+00:00, run_after=2026-05-19 00:00:00+00:00
[2026-05-19T14:47:03.060+0000] {processor.py:183} INFO - Processing /home/airflow/.local/lib/python3.12/site-packages/airflow/example_dags/example_branch_labels.py took 0.288 seconds
[2026-05-19T14:47:33.321+0000] {processor.py:161} INFO - Started process (PID=1326) to work on /home/airflow/.local/lib/python3.12/site-packages/airflow/example_dags/example_branch_labels.py
[2026-05-19T14:47:33.322+0000] {processor.py:830} INFO - Processing file /home/airflow/.local/lib/python3.12/site-packages/airflow/example_dags/example_branch_labels.py for tasks to queue
[2026-05-19T14:47:33.335+0000] {logging_mixin.py:188} INFO - [2026-05-19T14:47:33.335+0000] {dagbag.py:545} INFO - Filling up the DagBag from /home/airflow/.local/lib/python3.12/site-packages/airflow/example_dags/example_branch_labels.py
[2026-05-19T14:47:33.395+0000] {processor.py:840} INFO - DAG(s) 'example_branch_labels' retrieved from /home/airflow/.local/lib/python3.12/site-packages/airflow/example_dags/example_branch_labels.py
[2026-05-19T14:47:33.421+0000] {logging_mixin.py:188} INFO - [2026-05-19T14:47:33.421+0000] {dag.py:3089} INFO - Sync 1 DAGs
[2026-05-19T14:47:33.455+0000] {logging_mixin.py:188} INFO - [2026-05-19T14:47:33.454+0000] {dag.py:3947} INFO - Setting next_dagrun for example_branch_labels to 2026-05-18 00:00:00+00:00, run_after=2026-05-19 00:00:00+00:00
[2026-05-19T14:47:33.578+0000] {processor.py:183} INFO - Processing /home/airflow/.local/lib/python3.12/site-packages/airflow/example_dags/example_branch_labels.py took 0.267 seconds
[2026-05-19T14:48:03.683+0000] {processor.py:161} INFO - Started process (PID=1384) to work on /home/airflow/.local/lib/python3.12/site-packages/airflow/example_dags/example_branch_labels.py
[2026-05-19T14:48:03.683+0000] {processor.py:830} INFO - Processing file /home/airflow/.local/lib/python3.12/site-packages/airflow/example_dags/example_branch_labels.py for tasks to queue
[2026-05-19T14:48:03.685+0000] {logging_mixin.py:188} INFO - [2026-05-19T14:48:03.685+0000] {dagbag.py:545} INFO - Filling up the DagBag from /home/airflow/.local/lib/python3.12/site-packages/airflow/example_dags/example_branch_labels.py
[2026-05-19T14:48:03.694+0000] {processor.py:840} INFO - DAG(s) 'example_branch_labels' retrieved from /home/airflow/.local/lib/python3.12/site-packages/airflow/example_dags/example_branch_labels.py
[2026-05-19T14:48:03.711+0000] {logging_mixin.py:188} INFO - [2026-05-19T14:48:03.710+0000] {dag.py:3089} INFO - Sync 1 DAGs
[2026-05-19T14:48:03.744+0000] {logging_mixin.py:188} INFO - [2026-05-19T14:48:03.744+0000] {dag.py:3947} INFO - Setting next_dagrun for example_branch_labels to 2026-05-18 00:00:00+00:00, run_after=2026-05-19 00:00:00+00:00
[2026-05-19T14:48:03.762+0000] {processor.py:183} INFO - Processing /home/airflow/.local/lib/python3.12/site-packages/airflow/example_dags/example_branch_labels.py took 0.084 seconds
[2026-05-19T14:48:34.429+0000] {processor.py:161} INFO - Started process (PID=1441) to work on /home/airflow/.local/lib/python3.12/site-packages/airflow/example_dags/example_branch_labels.py
[2026-05-19T14:48:34.431+0000] {processor.py:830} INFO - Processing file /home/airflow/.local/lib/python3.12/site-packages/airflow/example_dags/example_branch_labels.py for tasks to queue
[2026-05-19T14:48:34.433+0000] {logging_mixin.py:188} INFO - [2026-05-19T14:48:34.432+0000] {dagbag.py:545} INFO - Filling up the DagBag from /home/airflow/.local/lib/python3.12/site-packages/airflow/example_dags/example_branch_labels.py
[2026-05-19T14:48:34.442+0000] {processor.py:840} INFO - DAG(s) 'example_branch_labels' retrieved from /home/airflow/.local/lib/python3.12/site-packages/airflow/example_dags/example_branch_labels.py
[2026-05-19T14:48:34.460+0000] {logging_mixin.py:188} INFO - [2026-05-19T14:48:34.460+0000] {dag.py:3089} INFO - Sync 1 DAGs
[2026-05-19T14:48:34.480+0000] {logging_mixin.py:188} INFO - [2026-05-19T14:48:34.480+0000] {dag.py:3947} INFO - Setting next_dagrun for example_branch_labels to 2026-05-18 00:00:00+00:00, run_after=2026-05-19 00:00:00+00:00
[2026-05-19T14:48:34.494+0000] {processor.py:183} INFO - Processing /home/airflow/.local/lib/python3.12/site-packages/airflow/example_dags/example_branch_labels.py took 0.078 seconds
[2026-05-19T14:49:04.999+0000] {processor.py:161} INFO - Started process (PID=1499) to work on /home/airflow/.local/lib/python3.12/site-packages/airflow/example_dags/example_branch_labels.py
[2026-05-19T14:49:05.000+0000] {processor.py:830} INFO - Processing file /home/airflow/.local/lib/python3.12/site-packages/airflow/example_dags/example_branch_labels.py for tasks to queue
[2026-05-19T14:49:05.002+0000] {logging_mixin.py:188} INFO - [2026-05-19T14:49:05.002+0000] {dagbag.py:545} INFO - Filling up the DagBag from /home/airflow/.local/lib/python3.12/site-packages/airflow/example_dags/example_branch_labels.py
[2026-05-19T14:49:05.014+0000] {processor.py:840} INFO - DAG(s) 'example_branch_labels' retrieved from /home/airflow/.local/lib/python3.12/site-packages/airflow/example_dags/example_branch_labels.py
[2026-05-19T14:49:05.034+0000] {logging_mixin.py:188} INFO - [2026-05-19T14:49:05.033+0000] {dag.py:3089} INFO - Sync 1 DAGs
[2026-05-19T14:49:05.054+0000] {logging_mixin.py:188} INFO - [2026-05-19T14:49:05.054+0000] {dag.py:3947} INFO - Setting next_dagrun for example_branch_labels to 2026-05-18 00:00:00+00:00, run_after=2026-05-19 00:00:00+00:00
[2026-05-19T14:49:05.069+0000] {processor.py:183} INFO - Processing /home/airflow/.local/lib/python3.12/site-packages/airflow/example_dags/example_branch_labels.py took 0.081 seconds
[2026-05-19T14:49:35.776+0000] {processor.py:161} INFO - Started process (PID=1557) to work on /home/airflow/.local/lib/python3.12/site-packages/airflow/example_dags/example_branch_labels.py
[2026-05-19T14:49:35.780+0000] {processor.py:830} INFO - Processing file /home/airflow/.local/lib/python3.12/site-packages/airflow/example_dags/example_branch_labels.py for tasks to queue
[2026-05-19T14:49:35.830+0000] {logging_mixin.py:188} INFO - [2026-05-19T14:49:35.829+0000] {dagbag.py:545} INFO - Filling up the DagBag from /home/airflow/.local/lib/python3.12/site-packages/airflow/example_dags/example_branch_labels.py
[2026-05-19T14:49:35.852+0000] {processor.py:840} INFO - DAG(s) 'example_branch_labels' retrieved from /home/airflow/.local/lib/python3.12/site-packages/airflow/example_dags/example_branch_labels.py
[2026-05-19T14:49:35.898+0000] {logging_mixin.py:188} INFO - [2026-05-19T14:49:35.898+0000] {dag.py:3089} INFO - Sync 1 DAGs
[2026-05-19T14:49:35.949+0000] {logging_mixin.py:188} INFO - [2026-05-19T14:49:35.949+0000] {dag.py:3947} INFO - Setting next_dagrun for example_branch_labels to 2026-05-18 00:00:00+00:00, run_after=2026-05-19 00:00:00+00:00
[2026-05-19T14:49:35.974+0000] {processor.py:183} INFO - Processing /home/airflow/.local/lib/python3.12/site-packages/airflow/example_dags/example_branch_labels.py took 0.284 seconds
