[2026-05-19T14:36:25.772+0000] {processor.py:161} INFO - Started process (PID=81) to work on /home/airflow/.local/lib/python3.12/site-packages/airflow/example_dags/tutorial_dag.py
[2026-05-19T14:36:25.773+0000] {processor.py:830} INFO - Processing file /home/airflow/.local/lib/python3.12/site-packages/airflow/example_dags/tutorial_dag.py for tasks to queue
[2026-05-19T14:36:25.774+0000] {logging_mixin.py:188} INFO - [2026-05-19T14:36:25.774+0000] {dagbag.py:545} INFO - Filling up the DagBag from /home/airflow/.local/lib/python3.12/site-packages/airflow/example_dags/tutorial_dag.py
[2026-05-19T14:36:25.780+0000] {processor.py:840} INFO - DAG(s) 'tutorial_dag' retrieved from /home/airflow/.local/lib/python3.12/site-packages/airflow/example_dags/tutorial_dag.py
[2026-05-19T14:36:25.796+0000] {logging_mixin.py:188} INFO - [2026-05-19T14:36:25.795+0000] {dag.py:3089} INFO - Sync 1 DAGs
[2026-05-19T14:36:25.806+0000] {logging_mixin.py:188} INFO - [2026-05-19T14:36:25.806+0000] {dag.py:3947} INFO - Setting next_dagrun for tutorial_dag to None, run_after=None
[2026-05-19T14:36:25.821+0000] {processor.py:183} INFO - Processing /home/airflow/.local/lib/python3.12/site-packages/airflow/example_dags/tutorial_dag.py took 0.054 seconds
[2026-05-19T14:36:56.441+0000] {processor.py:161} INFO - Started process (PID=145) to work on /home/airflow/.local/lib/python3.12/site-packages/airflow/example_dags/tutorial_dag.py
[2026-05-19T14:36:56.442+0000] {processor.py:830} INFO - Processing file /home/airflow/.local/lib/python3.12/site-packages/airflow/example_dags/tutorial_dag.py for tasks to queue
[2026-05-19T14:36:56.443+0000] {logging_mixin.py:188} INFO - [2026-05-19T14:36:56.443+0000] {dagbag.py:545} INFO - Filling up the DagBag from /home/airflow/.local/lib/python3.12/site-packages/airflow/example_dags/tutorial_dag.py
[2026-05-19T14:36:56.447+0000] {processor.py:840} INFO - DAG(s) 'tutorial_dag' retrieved from /home/airflow/.local/lib/python3.12/site-packages/airflow/example_dags/tutorial_dag.py
[2026-05-19T14:36:56.462+0000] {logging_mixin.py:188} INFO - [2026-05-19T14:36:56.462+0000] {dag.py:3089} INFO - Sync 1 DAGs
[2026-05-19T14:36:56.472+0000] {logging_mixin.py:188} INFO - [2026-05-19T14:36:56.472+0000] {dag.py:3947} INFO - Setting next_dagrun for tutorial_dag to None, run_after=None
[2026-05-19T14:36:56.487+0000] {processor.py:183} INFO - Processing /home/airflow/.local/lib/python3.12/site-packages/airflow/example_dags/tutorial_dag.py took 0.051 seconds
[2026-05-19T14:37:26.700+0000] {processor.py:161} INFO - Started process (PID=203) to work on /home/airflow/.local/lib/python3.12/site-packages/airflow/example_dags/tutorial_dag.py
[2026-05-19T14:37:26.701+0000] {processor.py:830} INFO - Processing file /home/airflow/.local/lib/python3.12/site-packages/airflow/example_dags/tutorial_dag.py for tasks to queue
[2026-05-19T14:37:26.703+0000] {logging_mixin.py:188} INFO - [2026-05-19T14:37:26.702+0000] {dagbag.py:545} INFO - Filling up the DagBag from /home/airflow/.local/lib/python3.12/site-packages/airflow/example_dags/tutorial_dag.py
[2026-05-19T14:37:26.707+0000] {processor.py:840} INFO - DAG(s) 'tutorial_dag' retrieved from /home/airflow/.local/lib/python3.12/site-packages/airflow/example_dags/tutorial_dag.py
[2026-05-19T14:37:26.723+0000] {logging_mixin.py:188} INFO - [2026-05-19T14:37:26.722+0000] {dag.py:3089} INFO - Sync 1 DAGs
[2026-05-19T14:37:26.733+0000] {logging_mixin.py:188} INFO - [2026-05-19T14:37:26.733+0000] {dag.py:3947} INFO - Setting next_dagrun for tutorial_dag to None, run_after=None
[2026-05-19T14:37:26.750+0000] {processor.py:183} INFO - Processing /home/airflow/.local/lib/python3.12/site-packages/airflow/example_dags/tutorial_dag.py took 0.055 seconds
[2026-05-19T14:37:57.094+0000] {processor.py:161} INFO - Started process (PID=261) to work on /home/airflow/.local/lib/python3.12/site-packages/airflow/example_dags/tutorial_dag.py
[2026-05-19T14:37:57.095+0000] {processor.py:830} INFO - Processing file /home/airflow/.local/lib/python3.12/site-packages/airflow/example_dags/tutorial_dag.py for tasks to queue
[2026-05-19T14:37:57.096+0000] {logging_mixin.py:188} INFO - [2026-05-19T14:37:57.096+0000] {dagbag.py:545} INFO - Filling up the DagBag from /home/airflow/.local/lib/python3.12/site-packages/airflow/example_dags/tutorial_dag.py
[2026-05-19T14:37:57.100+0000] {processor.py:840} INFO - DAG(s) 'tutorial_dag' retrieved from /home/airflow/.local/lib/python3.12/site-packages/airflow/example_dags/tutorial_dag.py
[2026-05-19T14:37:57.115+0000] {logging_mixin.py:188} INFO - [2026-05-19T14:37:57.115+0000] {dag.py:3089} INFO - Sync 1 DAGs
[2026-05-19T14:37:57.126+0000] {logging_mixin.py:188} INFO - [2026-05-19T14:37:57.125+0000] {dag.py:3947} INFO - Setting next_dagrun for tutorial_dag to None, run_after=None
[2026-05-19T14:37:57.141+0000] {processor.py:183} INFO - Processing /home/airflow/.local/lib/python3.12/site-packages/airflow/example_dags/tutorial_dag.py took 0.051 seconds
[2026-05-19T14:38:27.399+0000] {processor.py:161} INFO - Started process (PID=319) to work on /home/airflow/.local/lib/python3.12/site-packages/airflow/example_dags/tutorial_dag.py
[2026-05-19T14:38:27.400+0000] {processor.py:830} INFO - Processing file /home/airflow/.local/lib/python3.12/site-packages/airflow/example_dags/tutorial_dag.py for tasks to queue
[2026-05-19T14:38:27.401+0000] {logging_mixin.py:188} INFO - [2026-05-19T14:38:27.401+0000] {dagbag.py:545} INFO - Filling up the DagBag from /home/airflow/.local/lib/python3.12/site-packages/airflow/example_dags/tutorial_dag.py
[2026-05-19T14:38:27.405+0000] {processor.py:840} INFO - DAG(s) 'tutorial_dag' retrieved from /home/airflow/.local/lib/python3.12/site-packages/airflow/example_dags/tutorial_dag.py
[2026-05-19T14:38:27.421+0000] {logging_mixin.py:188} INFO - [2026-05-19T14:38:27.420+0000] {dag.py:3089} INFO - Sync 1 DAGs
[2026-05-19T14:38:27.431+0000] {logging_mixin.py:188} INFO - [2026-05-19T14:38:27.430+0000] {dag.py:3947} INFO - Setting next_dagrun for tutorial_dag to None, run_after=None
[2026-05-19T14:38:27.445+0000] {processor.py:183} INFO - Processing /home/airflow/.local/lib/python3.12/site-packages/airflow/example_dags/tutorial_dag.py took 0.051 seconds
[2026-05-19T14:38:57.703+0000] {processor.py:161} INFO - Started process (PID=377) to work on /home/airflow/.local/lib/python3.12/site-packages/airflow/example_dags/tutorial_dag.py
[2026-05-19T14:38:57.703+0000] {processor.py:830} INFO - Processing file /home/airflow/.local/lib/python3.12/site-packages/airflow/example_dags/tutorial_dag.py for tasks to queue
[2026-05-19T14:38:57.704+0000] {logging_mixin.py:188} INFO - [2026-05-19T14:38:57.704+0000] {dagbag.py:545} INFO - Filling up the DagBag from /home/airflow/.local/lib/python3.12/site-packages/airflow/example_dags/tutorial_dag.py
[2026-05-19T14:38:57.708+0000] {processor.py:840} INFO - DAG(s) 'tutorial_dag' retrieved from /home/airflow/.local/lib/python3.12/site-packages/airflow/example_dags/tutorial_dag.py
[2026-05-19T14:38:57.724+0000] {logging_mixin.py:188} INFO - [2026-05-19T14:38:57.724+0000] {dag.py:3089} INFO - Sync 1 DAGs
[2026-05-19T14:38:57.735+0000] {logging_mixin.py:188} INFO - [2026-05-19T14:38:57.734+0000] {dag.py:3947} INFO - Setting next_dagrun for tutorial_dag to None, run_after=None
[2026-05-19T14:38:57.749+0000] {processor.py:183} INFO - Processing /home/airflow/.local/lib/python3.12/site-packages/airflow/example_dags/tutorial_dag.py took 0.052 seconds
[2026-05-19T14:39:28.133+0000] {processor.py:161} INFO - Started process (PID=435) to work on /home/airflow/.local/lib/python3.12/site-packages/airflow/example_dags/tutorial_dag.py
[2026-05-19T14:39:28.133+0000] {processor.py:830} INFO - Processing file /home/airflow/.local/lib/python3.12/site-packages/airflow/example_dags/tutorial_dag.py for tasks to queue
[2026-05-19T14:39:28.135+0000] {logging_mixin.py:188} INFO - [2026-05-19T14:39:28.135+0000] {dagbag.py:545} INFO - Filling up the DagBag from /home/airflow/.local/lib/python3.12/site-packages/airflow/example_dags/tutorial_dag.py
[2026-05-19T14:39:28.139+0000] {processor.py:840} INFO - DAG(s) 'tutorial_dag' retrieved from /home/airflow/.local/lib/python3.12/site-packages/airflow/example_dags/tutorial_dag.py
[2026-05-19T14:39:28.154+0000] {logging_mixin.py:188} INFO - [2026-05-19T14:39:28.154+0000] {dag.py:3089} INFO - Sync 1 DAGs
[2026-05-19T14:39:28.164+0000] {logging_mixin.py:188} INFO - [2026-05-19T14:39:28.164+0000] {dag.py:3947} INFO - Setting next_dagrun for tutorial_dag to None, run_after=None
[2026-05-19T14:39:28.180+0000] {processor.py:183} INFO - Processing /home/airflow/.local/lib/python3.12/site-packages/airflow/example_dags/tutorial_dag.py took 0.052 seconds
[2026-05-19T14:39:58.764+0000] {processor.py:161} INFO - Started process (PID=492) to work on /home/airflow/.local/lib/python3.12/site-packages/airflow/example_dags/tutorial_dag.py
[2026-05-19T14:39:58.764+0000] {processor.py:830} INFO - Processing file /home/airflow/.local/lib/python3.12/site-packages/airflow/example_dags/tutorial_dag.py for tasks to queue
[2026-05-19T14:39:58.766+0000] {logging_mixin.py:188} INFO - [2026-05-19T14:39:58.765+0000] {dagbag.py:545} INFO - Filling up the DagBag from /home/airflow/.local/lib/python3.12/site-packages/airflow/example_dags/tutorial_dag.py
[2026-05-19T14:39:58.769+0000] {processor.py:840} INFO - DAG(s) 'tutorial_dag' retrieved from /home/airflow/.local/lib/python3.12/site-packages/airflow/example_dags/tutorial_dag.py
[2026-05-19T14:39:58.785+0000] {logging_mixin.py:188} INFO - [2026-05-19T14:39:58.784+0000] {dag.py:3089} INFO - Sync 1 DAGs
[2026-05-19T14:39:58.795+0000] {logging_mixin.py:188} INFO - [2026-05-19T14:39:58.795+0000] {dag.py:3947} INFO - Setting next_dagrun for tutorial_dag to None, run_after=None
[2026-05-19T14:39:58.809+0000] {processor.py:183} INFO - Processing /home/airflow/.local/lib/python3.12/site-packages/airflow/example_dags/tutorial_dag.py took 0.050 seconds
[2026-05-19T14:40:29.137+0000] {processor.py:161} INFO - Started process (PID=550) to work on /home/airflow/.local/lib/python3.12/site-packages/airflow/example_dags/tutorial_dag.py
[2026-05-19T14:40:29.138+0000] {processor.py:830} INFO - Processing file /home/airflow/.local/lib/python3.12/site-packages/airflow/example_dags/tutorial_dag.py for tasks to queue
[2026-05-19T14:40:29.139+0000] {logging_mixin.py:188} INFO - [2026-05-19T14:40:29.139+0000] {dagbag.py:545} INFO - Filling up the DagBag from /home/airflow/.local/lib/python3.12/site-packages/airflow/example_dags/tutorial_dag.py
[2026-05-19T14:40:29.143+0000] {processor.py:840} INFO - DAG(s) 'tutorial_dag' retrieved from /home/airflow/.local/lib/python3.12/site-packages/airflow/example_dags/tutorial_dag.py
[2026-05-19T14:40:29.158+0000] {logging_mixin.py:188} INFO - [2026-05-19T14:40:29.158+0000] {dag.py:3089} INFO - Sync 1 DAGs
[2026-05-19T14:40:29.169+0000] {logging_mixin.py:188} INFO - [2026-05-19T14:40:29.168+0000] {dag.py:3947} INFO - Setting next_dagrun for tutorial_dag to None, run_after=None
[2026-05-19T14:40:29.184+0000] {processor.py:183} INFO - Processing /home/airflow/.local/lib/python3.12/site-packages/airflow/example_dags/tutorial_dag.py took 0.052 seconds
[2026-05-19T14:40:59.443+0000] {processor.py:161} INFO - Started process (PID=609) to work on /home/airflow/.local/lib/python3.12/site-packages/airflow/example_dags/tutorial_dag.py
[2026-05-19T14:40:59.444+0000] {processor.py:830} INFO - Processing file /home/airflow/.local/lib/python3.12/site-packages/airflow/example_dags/tutorial_dag.py for tasks to queue
[2026-05-19T14:40:59.445+0000] {logging_mixin.py:188} INFO - [2026-05-19T14:40:59.445+0000] {dagbag.py:545} INFO - Filling up the DagBag from /home/airflow/.local/lib/python3.12/site-packages/airflow/example_dags/tutorial_dag.py
[2026-05-19T14:40:59.449+0000] {processor.py:840} INFO - DAG(s) 'tutorial_dag' retrieved from /home/airflow/.local/lib/python3.12/site-packages/airflow/example_dags/tutorial_dag.py
[2026-05-19T14:40:59.464+0000] {logging_mixin.py:188} INFO - [2026-05-19T14:40:59.464+0000] {dag.py:3089} INFO - Sync 1 DAGs
[2026-05-19T14:40:59.475+0000] {logging_mixin.py:188} INFO - [2026-05-19T14:40:59.475+0000] {dag.py:3947} INFO - Setting next_dagrun for tutorial_dag to None, run_after=None
[2026-05-19T14:40:59.492+0000] {processor.py:183} INFO - Processing /home/airflow/.local/lib/python3.12/site-packages/airflow/example_dags/tutorial_dag.py took 0.053 seconds
[2026-05-19T14:41:29.681+0000] {processor.py:161} INFO - Started process (PID=667) to work on /home/airflow/.local/lib/python3.12/site-packages/airflow/example_dags/tutorial_dag.py
[2026-05-19T14:41:29.692+0000] {processor.py:830} INFO - Processing file /home/airflow/.local/lib/python3.12/site-packages/airflow/example_dags/tutorial_dag.py for tasks to queue
[2026-05-19T14:41:29.693+0000] {logging_mixin.py:188} INFO - [2026-05-19T14:41:29.693+0000] {dagbag.py:545} INFO - Filling up the DagBag from /home/airflow/.local/lib/python3.12/site-packages/airflow/example_dags/tutorial_dag.py
[2026-05-19T14:41:29.698+0000] {processor.py:840} INFO - DAG(s) 'tutorial_dag' retrieved from /home/airflow/.local/lib/python3.12/site-packages/airflow/example_dags/tutorial_dag.py
[2026-05-19T14:41:29.716+0000] {logging_mixin.py:188} INFO - [2026-05-19T14:41:29.715+0000] {dag.py:3089} INFO - Sync 1 DAGs
[2026-05-19T14:41:29.728+0000] {logging_mixin.py:188} INFO - [2026-05-19T14:41:29.727+0000] {dag.py:3947} INFO - Setting next_dagrun for tutorial_dag to None, run_after=None
[2026-05-19T14:41:29.752+0000] {processor.py:183} INFO - Processing /home/airflow/.local/lib/python3.12/site-packages/airflow/example_dags/tutorial_dag.py took 0.076 seconds
[2026-05-19T14:42:00.324+0000] {processor.py:161} INFO - Started process (PID=724) to work on /home/airflow/.local/lib/python3.12/site-packages/airflow/example_dags/tutorial_dag.py
[2026-05-19T14:42:00.325+0000] {processor.py:830} INFO - Processing file /home/airflow/.local/lib/python3.12/site-packages/airflow/example_dags/tutorial_dag.py for tasks to queue
[2026-05-19T14:42:00.327+0000] {logging_mixin.py:188} INFO - [2026-05-19T14:42:00.326+0000] {dagbag.py:545} INFO - Filling up the DagBag from /home/airflow/.local/lib/python3.12/site-packages/airflow/example_dags/tutorial_dag.py
[2026-05-19T14:42:00.331+0000] {processor.py:840} INFO - DAG(s) 'tutorial_dag' retrieved from /home/airflow/.local/lib/python3.12/site-packages/airflow/example_dags/tutorial_dag.py
[2026-05-19T14:42:00.349+0000] {logging_mixin.py:188} INFO - [2026-05-19T14:42:00.349+0000] {dag.py:3089} INFO - Sync 1 DAGs
[2026-05-19T14:42:00.361+0000] {logging_mixin.py:188} INFO - [2026-05-19T14:42:00.361+0000] {dag.py:3947} INFO - Setting next_dagrun for tutorial_dag to None, run_after=None
[2026-05-19T14:42:00.380+0000] {processor.py:183} INFO - Processing /home/airflow/.local/lib/python3.12/site-packages/airflow/example_dags/tutorial_dag.py took 0.061 seconds
[2026-05-19T14:42:31.093+0000] {processor.py:161} INFO - Started process (PID=782) to work on /home/airflow/.local/lib/python3.12/site-packages/airflow/example_dags/tutorial_dag.py
[2026-05-19T14:42:31.094+0000] {processor.py:830} INFO - Processing file /home/airflow/.local/lib/python3.12/site-packages/airflow/example_dags/tutorial_dag.py for tasks to queue
[2026-05-19T14:42:31.095+0000] {logging_mixin.py:188} INFO - [2026-05-19T14:42:31.095+0000] {dagbag.py:545} INFO - Filling up the DagBag from /home/airflow/.local/lib/python3.12/site-packages/airflow/example_dags/tutorial_dag.py
[2026-05-19T14:42:31.100+0000] {processor.py:840} INFO - DAG(s) 'tutorial_dag' retrieved from /home/airflow/.local/lib/python3.12/site-packages/airflow/example_dags/tutorial_dag.py
[2026-05-19T14:42:31.117+0000] {logging_mixin.py:188} INFO - [2026-05-19T14:42:31.117+0000] {dag.py:3089} INFO - Sync 1 DAGs
[2026-05-19T14:42:31.129+0000] {logging_mixin.py:188} INFO - [2026-05-19T14:42:31.129+0000] {dag.py:3947} INFO - Setting next_dagrun for tutorial_dag to None, run_after=None
[2026-05-19T14:42:31.145+0000] {processor.py:183} INFO - Processing /home/airflow/.local/lib/python3.12/site-packages/airflow/example_dags/tutorial_dag.py took 0.056 seconds
[2026-05-19T14:43:01.703+0000] {processor.py:161} INFO - Started process (PID=840) to work on /home/airflow/.local/lib/python3.12/site-packages/airflow/example_dags/tutorial_dag.py
[2026-05-19T14:43:01.704+0000] {processor.py:830} INFO - Processing file /home/airflow/.local/lib/python3.12/site-packages/airflow/example_dags/tutorial_dag.py for tasks to queue
[2026-05-19T14:43:01.706+0000] {logging_mixin.py:188} INFO - [2026-05-19T14:43:01.705+0000] {dagbag.py:545} INFO - Filling up the DagBag from /home/airflow/.local/lib/python3.12/site-packages/airflow/example_dags/tutorial_dag.py
[2026-05-19T14:43:01.710+0000] {processor.py:840} INFO - DAG(s) 'tutorial_dag' retrieved from /home/airflow/.local/lib/python3.12/site-packages/airflow/example_dags/tutorial_dag.py
[2026-05-19T14:43:01.725+0000] {logging_mixin.py:188} INFO - [2026-05-19T14:43:01.725+0000] {dag.py:3089} INFO - Sync 1 DAGs
[2026-05-19T14:43:01.737+0000] {logging_mixin.py:188} INFO - [2026-05-19T14:43:01.737+0000] {dag.py:3947} INFO - Setting next_dagrun for tutorial_dag to None, run_after=None
[2026-05-19T14:43:01.754+0000] {processor.py:183} INFO - Processing /home/airflow/.local/lib/python3.12/site-packages/airflow/example_dags/tutorial_dag.py took 0.055 seconds
[2026-05-19T14:43:32.339+0000] {processor.py:161} INFO - Started process (PID=898) to work on /home/airflow/.local/lib/python3.12/site-packages/airflow/example_dags/tutorial_dag.py
[2026-05-19T14:43:32.340+0000] {processor.py:830} INFO - Processing file /home/airflow/.local/lib/python3.12/site-packages/airflow/example_dags/tutorial_dag.py for tasks to queue
[2026-05-19T14:43:32.341+0000] {logging_mixin.py:188} INFO - [2026-05-19T14:43:32.341+0000] {dagbag.py:545} INFO - Filling up the DagBag from /home/airflow/.local/lib/python3.12/site-packages/airflow/example_dags/tutorial_dag.py
[2026-05-19T14:43:32.345+0000] {processor.py:840} INFO - DAG(s) 'tutorial_dag' retrieved from /home/airflow/.local/lib/python3.12/site-packages/airflow/example_dags/tutorial_dag.py
[2026-05-19T14:43:32.360+0000] {logging_mixin.py:188} INFO - [2026-05-19T14:43:32.360+0000] {dag.py:3089} INFO - Sync 1 DAGs
[2026-05-19T14:43:32.370+0000] {logging_mixin.py:188} INFO - [2026-05-19T14:43:32.370+0000] {dag.py:3947} INFO - Setting next_dagrun for tutorial_dag to None, run_after=None
[2026-05-19T14:43:32.385+0000] {processor.py:183} INFO - Processing /home/airflow/.local/lib/python3.12/site-packages/airflow/example_dags/tutorial_dag.py took 0.051 seconds
[2026-05-19T14:44:02.988+0000] {processor.py:161} INFO - Started process (PID=956) to work on /home/airflow/.local/lib/python3.12/site-packages/airflow/example_dags/tutorial_dag.py
[2026-05-19T14:44:02.989+0000] {processor.py:830} INFO - Processing file /home/airflow/.local/lib/python3.12/site-packages/airflow/example_dags/tutorial_dag.py for tasks to queue
[2026-05-19T14:44:02.990+0000] {logging_mixin.py:188} INFO - [2026-05-19T14:44:02.990+0000] {dagbag.py:545} INFO - Filling up the DagBag from /home/airflow/.local/lib/python3.12/site-packages/airflow/example_dags/tutorial_dag.py
[2026-05-19T14:44:02.994+0000] {processor.py:840} INFO - DAG(s) 'tutorial_dag' retrieved from /home/airflow/.local/lib/python3.12/site-packages/airflow/example_dags/tutorial_dag.py
[2026-05-19T14:44:03.009+0000] {logging_mixin.py:188} INFO - [2026-05-19T14:44:03.009+0000] {dag.py:3089} INFO - Sync 1 DAGs
[2026-05-19T14:44:03.020+0000] {logging_mixin.py:188} INFO - [2026-05-19T14:44:03.020+0000] {dag.py:3947} INFO - Setting next_dagrun for tutorial_dag to None, run_after=None
[2026-05-19T14:44:03.039+0000] {processor.py:183} INFO - Processing /home/airflow/.local/lib/python3.12/site-packages/airflow/example_dags/tutorial_dag.py took 0.055 seconds
[2026-05-19T14:44:33.423+0000] {processor.py:161} INFO - Started process (PID=1014) to work on /home/airflow/.local/lib/python3.12/site-packages/airflow/example_dags/tutorial_dag.py
[2026-05-19T14:44:33.424+0000] {processor.py:830} INFO - Processing file /home/airflow/.local/lib/python3.12/site-packages/airflow/example_dags/tutorial_dag.py for tasks to queue
[2026-05-19T14:44:33.425+0000] {logging_mixin.py:188} INFO - [2026-05-19T14:44:33.425+0000] {dagbag.py:545} INFO - Filling up the DagBag from /home/airflow/.local/lib/python3.12/site-packages/airflow/example_dags/tutorial_dag.py
[2026-05-19T14:44:33.429+0000] {processor.py:840} INFO - DAG(s) 'tutorial_dag' retrieved from /home/airflow/.local/lib/python3.12/site-packages/airflow/example_dags/tutorial_dag.py
[2026-05-19T14:44:33.445+0000] {logging_mixin.py:188} INFO - [2026-05-19T14:44:33.444+0000] {dag.py:3089} INFO - Sync 1 DAGs
[2026-05-19T14:44:33.455+0000] {logging_mixin.py:188} INFO - [2026-05-19T14:44:33.455+0000] {dag.py:3947} INFO - Setting next_dagrun for tutorial_dag to None, run_after=None
[2026-05-19T14:44:33.470+0000] {processor.py:183} INFO - Processing /home/airflow/.local/lib/python3.12/site-packages/airflow/example_dags/tutorial_dag.py took 0.052 seconds
[2026-05-19T14:45:04.023+0000] {processor.py:161} INFO - Started process (PID=1072) to work on /home/airflow/.local/lib/python3.12/site-packages/airflow/example_dags/tutorial_dag.py
[2026-05-19T14:45:04.024+0000] {processor.py:830} INFO - Processing file /home/airflow/.local/lib/python3.12/site-packages/airflow/example_dags/tutorial_dag.py for tasks to queue
[2026-05-19T14:45:04.026+0000] {logging_mixin.py:188} INFO - [2026-05-19T14:45:04.026+0000] {dagbag.py:545} INFO - Filling up the DagBag from /home/airflow/.local/lib/python3.12/site-packages/airflow/example_dags/tutorial_dag.py
[2026-05-19T14:45:04.031+0000] {processor.py:840} INFO - DAG(s) 'tutorial_dag' retrieved from /home/airflow/.local/lib/python3.12/site-packages/airflow/example_dags/tutorial_dag.py
[2026-05-19T14:45:04.051+0000] {logging_mixin.py:188} INFO - [2026-05-19T14:45:04.050+0000] {dag.py:3089} INFO - Sync 1 DAGs
[2026-05-19T14:45:04.064+0000] {logging_mixin.py:188} INFO - [2026-05-19T14:45:04.064+0000] {dag.py:3947} INFO - Setting next_dagrun for tutorial_dag to None, run_after=None
[2026-05-19T14:45:04.083+0000] {processor.py:183} INFO - Processing /home/airflow/.local/lib/python3.12/site-packages/airflow/example_dags/tutorial_dag.py took 0.077 seconds
[2026-05-19T14:45:34.517+0000] {processor.py:161} INFO - Started process (PID=1130) to work on /home/airflow/.local/lib/python3.12/site-packages/airflow/example_dags/tutorial_dag.py
[2026-05-19T14:45:34.518+0000] {processor.py:830} INFO - Processing file /home/airflow/.local/lib/python3.12/site-packages/airflow/example_dags/tutorial_dag.py for tasks to queue
[2026-05-19T14:45:34.519+0000] {logging_mixin.py:188} INFO - [2026-05-19T14:45:34.519+0000] {dagbag.py:545} INFO - Filling up the DagBag from /home/airflow/.local/lib/python3.12/site-packages/airflow/example_dags/tutorial_dag.py
[2026-05-19T14:45:34.523+0000] {processor.py:840} INFO - DAG(s) 'tutorial_dag' retrieved from /home/airflow/.local/lib/python3.12/site-packages/airflow/example_dags/tutorial_dag.py
[2026-05-19T14:45:34.539+0000] {logging_mixin.py:188} INFO - [2026-05-19T14:45:34.538+0000] {dag.py:3089} INFO - Sync 1 DAGs
[2026-05-19T14:45:34.549+0000] {logging_mixin.py:188} INFO - [2026-05-19T14:45:34.549+0000] {dag.py:3947} INFO - Setting next_dagrun for tutorial_dag to None, run_after=None
[2026-05-19T14:45:34.565+0000] {processor.py:183} INFO - Processing /home/airflow/.local/lib/python3.12/site-packages/airflow/example_dags/tutorial_dag.py took 0.053 seconds
[2026-05-19T14:46:04.675+0000] {processor.py:161} INFO - Started process (PID=1188) to work on /home/airflow/.local/lib/python3.12/site-packages/airflow/example_dags/tutorial_dag.py
[2026-05-19T14:46:04.676+0000] {processor.py:830} INFO - Processing file /home/airflow/.local/lib/python3.12/site-packages/airflow/example_dags/tutorial_dag.py for tasks to queue
[2026-05-19T14:46:04.677+0000] {logging_mixin.py:188} INFO - [2026-05-19T14:46:04.677+0000] {dagbag.py:545} INFO - Filling up the DagBag from /home/airflow/.local/lib/python3.12/site-packages/airflow/example_dags/tutorial_dag.py
[2026-05-19T14:46:04.681+0000] {processor.py:840} INFO - DAG(s) 'tutorial_dag' retrieved from /home/airflow/.local/lib/python3.12/site-packages/airflow/example_dags/tutorial_dag.py
[2026-05-19T14:46:04.697+0000] {logging_mixin.py:188} INFO - [2026-05-19T14:46:04.697+0000] {dag.py:3089} INFO - Sync 1 DAGs
[2026-05-19T14:46:04.707+0000] {logging_mixin.py:188} INFO - [2026-05-19T14:46:04.707+0000] {dag.py:3947} INFO - Setting next_dagrun for tutorial_dag to None, run_after=None
[2026-05-19T14:46:04.725+0000] {processor.py:183} INFO - Processing /home/airflow/.local/lib/python3.12/site-packages/airflow/example_dags/tutorial_dag.py took 0.054 seconds
[2026-05-19T14:46:35.369+0000] {processor.py:161} INFO - Started process (PID=1246) to work on /home/airflow/.local/lib/python3.12/site-packages/airflow/example_dags/tutorial_dag.py
[2026-05-19T14:46:35.371+0000] {processor.py:830} INFO - Processing file /home/airflow/.local/lib/python3.12/site-packages/airflow/example_dags/tutorial_dag.py for tasks to queue
[2026-05-19T14:46:35.372+0000] {logging_mixin.py:188} INFO - [2026-05-19T14:46:35.372+0000] {dagbag.py:545} INFO - Filling up the DagBag from /home/airflow/.local/lib/python3.12/site-packages/airflow/example_dags/tutorial_dag.py
[2026-05-19T14:46:35.376+0000] {processor.py:840} INFO - DAG(s) 'tutorial_dag' retrieved from /home/airflow/.local/lib/python3.12/site-packages/airflow/example_dags/tutorial_dag.py
[2026-05-19T14:46:35.392+0000] {logging_mixin.py:188} INFO - [2026-05-19T14:46:35.392+0000] {dag.py:3089} INFO - Sync 1 DAGs
[2026-05-19T14:46:35.404+0000] {logging_mixin.py:188} INFO - [2026-05-19T14:46:35.404+0000] {dag.py:3947} INFO - Setting next_dagrun for tutorial_dag to None, run_after=None
[2026-05-19T14:46:35.420+0000] {processor.py:183} INFO - Processing /home/airflow/.local/lib/python3.12/site-packages/airflow/example_dags/tutorial_dag.py took 0.055 seconds
[2026-05-19T14:47:05.541+0000] {processor.py:161} INFO - Started process (PID=1304) to work on /home/airflow/.local/lib/python3.12/site-packages/airflow/example_dags/tutorial_dag.py
[2026-05-19T14:47:05.542+0000] {processor.py:830} INFO - Processing file /home/airflow/.local/lib/python3.12/site-packages/airflow/example_dags/tutorial_dag.py for tasks to queue
[2026-05-19T14:47:05.543+0000] {logging_mixin.py:188} INFO - [2026-05-19T14:47:05.543+0000] {dagbag.py:545} INFO - Filling up the DagBag from /home/airflow/.local/lib/python3.12/site-packages/airflow/example_dags/tutorial_dag.py
[2026-05-19T14:47:05.547+0000] {processor.py:840} INFO - DAG(s) 'tutorial_dag' retrieved from /home/airflow/.local/lib/python3.12/site-packages/airflow/example_dags/tutorial_dag.py
[2026-05-19T14:47:05.563+0000] {logging_mixin.py:188} INFO - [2026-05-19T14:47:05.563+0000] {dag.py:3089} INFO - Sync 1 DAGs
[2026-05-19T14:47:05.575+0000] {logging_mixin.py:188} INFO - [2026-05-19T14:47:05.574+0000] {dag.py:3947} INFO - Setting next_dagrun for tutorial_dag to None, run_after=None
[2026-05-19T14:47:05.593+0000] {processor.py:183} INFO - Processing /home/airflow/.local/lib/python3.12/site-packages/airflow/example_dags/tutorial_dag.py took 0.056 seconds
[2026-05-19T14:47:35.898+0000] {processor.py:161} INFO - Started process (PID=1362) to work on /home/airflow/.local/lib/python3.12/site-packages/airflow/example_dags/tutorial_dag.py
[2026-05-19T14:47:35.899+0000] {processor.py:830} INFO - Processing file /home/airflow/.local/lib/python3.12/site-packages/airflow/example_dags/tutorial_dag.py for tasks to queue
[2026-05-19T14:47:35.901+0000] {logging_mixin.py:188} INFO - [2026-05-19T14:47:35.900+0000] {dagbag.py:545} INFO - Filling up the DagBag from /home/airflow/.local/lib/python3.12/site-packages/airflow/example_dags/tutorial_dag.py
[2026-05-19T14:47:35.905+0000] {processor.py:840} INFO - DAG(s) 'tutorial_dag' retrieved from /home/airflow/.local/lib/python3.12/site-packages/airflow/example_dags/tutorial_dag.py
[2026-05-19T14:47:35.921+0000] {logging_mixin.py:188} INFO - [2026-05-19T14:47:35.921+0000] {dag.py:3089} INFO - Sync 1 DAGs
[2026-05-19T14:47:35.932+0000] {logging_mixin.py:188} INFO - [2026-05-19T14:47:35.931+0000] {dag.py:3947} INFO - Setting next_dagrun for tutorial_dag to None, run_after=None
[2026-05-19T14:47:35.947+0000] {processor.py:183} INFO - Processing /home/airflow/.local/lib/python3.12/site-packages/airflow/example_dags/tutorial_dag.py took 0.053 seconds
[2026-05-19T14:48:13.540+0000] {processor.py:161} INFO - Started process (PID=1420) to work on /home/airflow/.local/lib/python3.12/site-packages/airflow/example_dags/tutorial_dag.py
[2026-05-19T14:48:13.541+0000] {processor.py:830} INFO - Processing file /home/airflow/.local/lib/python3.12/site-packages/airflow/example_dags/tutorial_dag.py for tasks to queue
[2026-05-19T14:48:13.542+0000] {logging_mixin.py:188} INFO - [2026-05-19T14:48:13.542+0000] {dagbag.py:545} INFO - Filling up the DagBag from /home/airflow/.local/lib/python3.12/site-packages/airflow/example_dags/tutorial_dag.py
[2026-05-19T14:48:13.547+0000] {processor.py:840} INFO - DAG(s) 'tutorial_dag' retrieved from /home/airflow/.local/lib/python3.12/site-packages/airflow/example_dags/tutorial_dag.py
[2026-05-19T14:48:13.563+0000] {logging_mixin.py:188} INFO - [2026-05-19T14:48:13.563+0000] {dag.py:3089} INFO - Sync 1 DAGs
[2026-05-19T14:48:13.575+0000] {logging_mixin.py:188} INFO - [2026-05-19T14:48:13.575+0000] {dag.py:3947} INFO - Setting next_dagrun for tutorial_dag to None, run_after=None
[2026-05-19T14:48:13.596+0000] {processor.py:183} INFO - Processing /home/airflow/.local/lib/python3.12/site-packages/airflow/example_dags/tutorial_dag.py took 0.061 seconds
[2026-05-19T14:48:44.147+0000] {processor.py:161} INFO - Started process (PID=1478) to work on /home/airflow/.local/lib/python3.12/site-packages/airflow/example_dags/tutorial_dag.py
[2026-05-19T14:48:44.148+0000] {processor.py:830} INFO - Processing file /home/airflow/.local/lib/python3.12/site-packages/airflow/example_dags/tutorial_dag.py for tasks to queue
[2026-05-19T14:48:44.149+0000] {logging_mixin.py:188} INFO - [2026-05-19T14:48:44.149+0000] {dagbag.py:545} INFO - Filling up the DagBag from /home/airflow/.local/lib/python3.12/site-packages/airflow/example_dags/tutorial_dag.py
[2026-05-19T14:48:44.153+0000] {processor.py:840} INFO - DAG(s) 'tutorial_dag' retrieved from /home/airflow/.local/lib/python3.12/site-packages/airflow/example_dags/tutorial_dag.py
[2026-05-19T14:48:44.169+0000] {logging_mixin.py:188} INFO - [2026-05-19T14:48:44.168+0000] {dag.py:3089} INFO - Sync 1 DAGs
[2026-05-19T14:48:44.179+0000] {logging_mixin.py:188} INFO - [2026-05-19T14:48:44.179+0000] {dag.py:3947} INFO - Setting next_dagrun for tutorial_dag to None, run_after=None
[2026-05-19T14:48:44.196+0000] {processor.py:183} INFO - Processing /home/airflow/.local/lib/python3.12/site-packages/airflow/example_dags/tutorial_dag.py took 0.054 seconds
[2026-05-19T14:49:14.847+0000] {processor.py:161} INFO - Started process (PID=1534) to work on /home/airflow/.local/lib/python3.12/site-packages/airflow/example_dags/tutorial_dag.py
[2026-05-19T14:49:14.848+0000] {processor.py:830} INFO - Processing file /home/airflow/.local/lib/python3.12/site-packages/airflow/example_dags/tutorial_dag.py for tasks to queue
[2026-05-19T14:49:14.849+0000] {logging_mixin.py:188} INFO - [2026-05-19T14:49:14.849+0000] {dagbag.py:545} INFO - Filling up the DagBag from /home/airflow/.local/lib/python3.12/site-packages/airflow/example_dags/tutorial_dag.py
[2026-05-19T14:49:14.853+0000] {processor.py:840} INFO - DAG(s) 'tutorial_dag' retrieved from /home/airflow/.local/lib/python3.12/site-packages/airflow/example_dags/tutorial_dag.py
[2026-05-19T14:49:14.870+0000] {logging_mixin.py:188} INFO - [2026-05-19T14:49:14.870+0000] {dag.py:3089} INFO - Sync 1 DAGs
[2026-05-19T14:49:14.881+0000] {logging_mixin.py:188} INFO - [2026-05-19T14:49:14.880+0000] {dag.py:3947} INFO - Setting next_dagrun for tutorial_dag to None, run_after=None
[2026-05-19T14:49:14.896+0000] {processor.py:183} INFO - Processing /home/airflow/.local/lib/python3.12/site-packages/airflow/example_dags/tutorial_dag.py took 0.054 seconds
[2026-05-19T14:49:45.406+0000] {processor.py:161} INFO - Started process (PID=1592) to work on /home/airflow/.local/lib/python3.12/site-packages/airflow/example_dags/tutorial_dag.py
[2026-05-19T14:49:45.407+0000] {processor.py:830} INFO - Processing file /home/airflow/.local/lib/python3.12/site-packages/airflow/example_dags/tutorial_dag.py for tasks to queue
[2026-05-19T14:49:45.409+0000] {logging_mixin.py:188} INFO - [2026-05-19T14:49:45.408+0000] {dagbag.py:545} INFO - Filling up the DagBag from /home/airflow/.local/lib/python3.12/site-packages/airflow/example_dags/tutorial_dag.py
[2026-05-19T14:49:45.413+0000] {processor.py:840} INFO - DAG(s) 'tutorial_dag' retrieved from /home/airflow/.local/lib/python3.12/site-packages/airflow/example_dags/tutorial_dag.py
[2026-05-19T14:49:45.429+0000] {logging_mixin.py:188} INFO - [2026-05-19T14:49:45.429+0000] {dag.py:3089} INFO - Sync 1 DAGs
[2026-05-19T14:49:45.439+0000] {logging_mixin.py:188} INFO - [2026-05-19T14:49:45.439+0000] {dag.py:3947} INFO - Setting next_dagrun for tutorial_dag to None, run_after=None
[2026-05-19T14:49:45.455+0000] {processor.py:183} INFO - Processing /home/airflow/.local/lib/python3.12/site-packages/airflow/example_dags/tutorial_dag.py took 0.054 seconds
